[ 2018-05-02T09:16:34+08:00 ] 127.0.0.1 /jiimadeeee/index.php/Home/index/getArticle?num=5
INFO: [ app_init ] --START--
INFO: Run Behavior\BuildLiteBehavior [ RunTime:0.000049s ]
INFO: [ app_init ] --END-- [ RunTime:0.001027s ]
INFO: [ app_begin ] --START--
INFO: Run Behavior\ReadHtmlCacheBehavior [ RunTime:0.001600s ]
INFO: [ app_begin ] --END-- [ RunTime:0.002563s ]
SQL: SHOW COLUMNS FROM `made_article` [ RunTime:0.0021s ]
SQL: SELECT * FROM `made_article` WHERE `is_index` = '1' ORDER BY sort_id asc LIMIT 5   [ RunTime:0.0008s ]
INFO: [ app_end ] --START--
INFO: Run Behavior\ShowPageTraceBehavior [ RunTime:0.001495s ]
INFO: [ app_end ] --END-- [ RunTime:0.001736s ]

[ 2018-05-02T09:16:34+08:00 ] 127.0.0.1 /jiimadeeee/index.php/Home/index/getBlockInfo?block=3&goodsNum=8
INFO: [ app_init ] --START--
INFO: Run Behavior\BuildLiteBehavior [ RunTime:0.000044s ]
INFO: [ app_init ] --END-- [ RunTime:0.000611s ]
INFO: [ app_begin ] --START--
INFO: Run Behavior\ReadHtmlCacheBehavior [ RunTime:0.000967s ]
INFO: [ app_begin ] --END-- [ RunTime:0.001179s ]
SQL: SHOW COLUMNS FROM `made_category` [ RunTime:0.0006s ]
SQL: SELECT * FROM `made_category` WHERE `index_block` = '3' ORDER BY order_id asc  [ RunTime:0.0005s ]
SQL: SHOW COLUMNS FROM `made_goods` [ RunTime:0.0007s ]
SQL: SELECT a.id,a.goods_name,a.tag,max(b.goods_price) as max_goods_price,min(b.goods_price) as min_goods_price,max(b.discount_price) as max_discount_price,min(b.discount_price) as min_discount_price,max(b.img_src) as img_src FROM made_goods a LEFT JOIN made_goods_number b ON a.id = b.goods_id  WHERE `cat_id` = '1' AND `is_on_sale` = '1' GROUP BY a.id LIMIT 8   [ RunTime:0.0018s ]
INFO: [ app_end ] --START--
INFO: Run Behavior\ShowPageTraceBehavior [ RunTime:0.000906s ]
INFO: [ app_end ] --END-- [ RunTime:0.001093s ]

[ 2018-05-02T09:16:34+08:00 ] 127.0.0.1 /jiimadeeee/index.php/Home/index/getBlockInfo?block=1&goodsNum=8
INFO: [ app_init ] --START--
INFO: Run Behavior\BuildLiteBehavior [ RunTime:0.000051s ]
INFO: [ app_init ] --END-- [ RunTime:0.000763s ]
INFO: [ app_begin ] --START--
INFO: Run Behavior\ReadHtmlCacheBehavior [ RunTime:0.000999s ]
INFO: [ app_begin ] --END-- [ RunTime:0.001205s ]
SQL: SHOW COLUMNS FROM `made_category` [ RunTime:0.0008s ]
SQL: SELECT * FROM `made_category` WHERE `index_block` = '1' ORDER BY order_id asc  [ RunTime:0.0005s ]
SQL: SHOW COLUMNS FROM `made_goods` [ RunTime:0.0011s ]
SQL: SELECT a.id,a.goods_name,a.tag,max(b.goods_price) as max_goods_price,min(b.goods_price) as min_goods_price,max(b.discount_price) as max_discount_price,min(b.discount_price) as min_discount_price,max(b.img_src) as img_src FROM made_goods a LEFT JOIN made_goods_number b ON a.id = b.goods_id  WHERE `cat_id` = '3' AND `is_on_sale` = '1' GROUP BY a.id LIMIT 8   [ RunTime:0.0007s ]
INFO: [ app_end ] --START--
INFO: Run Behavior\ShowPageTraceBehavior [ RunTime:0.000930s ]
INFO: [ app_end ] --END-- [ RunTime:0.001158s ]

[ 2018-05-02T09:16:34+08:00 ] 127.0.0.1 /jiimadeeee/index.php/Home/index/getBlockInfo?block=2&goodsNum=8
INFO: [ app_init ] --START--
INFO: Run Behavior\BuildLiteBehavior [ RunTime:0.000061s ]
INFO: [ app_init ] --END-- [ RunTime:0.000682s ]
INFO: [ app_begin ] --START--
INFO: Run Behavior\ReadHtmlCacheBehavior [ RunTime:0.000725s ]
INFO: [ app_begin ] --END-- [ RunTime:0.000882s ]
SQL: SHOW COLUMNS FROM `made_category` [ RunTime:0.0009s ]
SQL: SELECT * FROM `made_category` WHERE `index_block` = '2' ORDER BY order_id asc  [ RunTime:0.0007s ]
SQL: SHOW COLUMNS FROM `made_goods` [ RunTime:0.0012s ]
SQL: SELECT a.id,a.goods_name,a.tag,max(b.goods_price) as max_goods_price,min(b.goods_price) as min_goods_price,max(b.discount_price) as max_discount_price,min(b.discount_price) as min_discount_price,max(b.img_src) as img_src FROM made_goods a LEFT JOIN made_goods_number b ON a.id = b.goods_id  WHERE `cat_id` = '5' AND `is_on_sale` = '1' GROUP BY a.id LIMIT 8   [ RunTime:0.0010s ]
SQL: SELECT a.id,a.goods_name,a.tag,max(b.goods_price) as max_goods_price,min(b.goods_price) as min_goods_price,max(b.discount_price) as max_discount_price,min(b.discount_price) as min_discount_price,max(b.img_src) as img_src FROM made_goods a LEFT JOIN made_goods_number b ON a.id = b.goods_id  WHERE `cat_id` = '6' AND `is_on_sale` = '1' GROUP BY a.id LIMIT 8   [ RunTime:0.0007s ]
INFO: [ app_end ] --START--
INFO: Run Behavior\ShowPageTraceBehavior [ RunTime:0.001468s ]
INFO: [ app_end ] --END-- [ RunTime:0.001771s ]

[ 2018-05-02T09:16:34+08:00 ] 127.0.0.1 /jiimadeeee/index.php/Home/index/getBlockInfo?block=4&goodsNum=8
INFO: [ app_init ] --START--
INFO: Run Behavior\BuildLiteBehavior [ RunTime:0.000041s ]
INFO: [ app_init ] --END-- [ RunTime:0.000758s ]
INFO: [ app_begin ] --START--
INFO: Run Behavior\ReadHtmlCacheBehavior [ RunTime:0.000925s ]
INFO: [ app_begin ] --END-- [ RunTime:0.001158s ]
SQL: SHOW COLUMNS FROM `made_category` [ RunTime:0.0009s ]
SQL: SELECT * FROM `made_category` WHERE `index_block` = '4' ORDER BY order_id asc  [ RunTime:0.0005s ]
SQL: SHOW COLUMNS FROM `made_goods` [ RunTime:0.0010s ]
SQL: SELECT a.id,a.goods_name,a.tag,max(b.goods_price) as max_goods_price,min(b.goods_price) as min_goods_price,max(b.discount_price) as max_discount_price,min(b.discount_price) as min_discount_price,max(b.img_src) as img_src FROM made_goods a LEFT JOIN made_goods_number b ON a.id = b.goods_id  WHERE `cat_id` = '7' AND `is_on_sale` = '1' GROUP BY a.id LIMIT 8   [ RunTime:0.0004s ]
SQL: SELECT a.id,a.goods_name,a.tag,max(b.goods_price) as max_goods_price,min(b.goods_price) as min_goods_price,max(b.discount_price) as max_discount_price,min(b.discount_price) as min_discount_price,max(b.img_src) as img_src FROM made_goods a LEFT JOIN made_goods_number b ON a.id = b.goods_id  WHERE `cat_id` = '8' AND `is_on_sale` = '1' GROUP BY a.id LIMIT 8   [ RunTime:0.0007s ]
INFO: [ app_end ] --START--
INFO: Run Behavior\ShowPageTraceBehavior [ RunTime:0.000793s ]
INFO: [ app_end ] --END-- [ RunTime:0.000943s ]

[ 2018-05-02T09:16:34+08:00 ] 127.0.0.1 /jiimadeeee/index.php/home/index/login?code=011cARmb1B083u05q7lb1lX4nb1cARm8
INFO: [ app_init ] --START--
INFO: Run Behavior\BuildLiteBehavior [ RunTime:0.000026s ]
INFO: [ app_init ] --END-- [ RunTime:0.000502s ]
INFO: [ app_begin ] --START--
INFO: Run Behavior\ReadHtmlCacheBehavior [ RunTime:0.000789s ]
INFO: [ app_begin ] --END-- [ RunTime:0.000921s ]
SQL: SHOW COLUMNS FROM `made_user` [ RunTime:0.0013s ]
SQL: SELECT `id` FROM `made_user` WHERE `openid` = 'ojUv941YOJMStCvC71fzUK4iqE8g' LIMIT 1   [ RunTime:0.0006s ]
SQL: UPDATE `made_user` SET `thr_session`='52ba3593dfbe555f8fa5b1ebd30209d8' WHERE `id` = 4 [ RunTime:0.0025s ]
INFO: [ app_end ] --START--
INFO: Run Behavior\ShowPageTraceBehavior [ RunTime:0.001635s ]
INFO: [ app_end ] --END-- [ RunTime:0.001915s ]

[ 2018-05-02T09:16:38+08:00 ] 127.0.0.1 /jiimadeeee/index.php/Home/index/getGoodsDetail?id=5
INFO: [ app_init ] --START--
INFO: Run Behavior\BuildLiteBehavior [ RunTime:0.000026s ]
INFO: [ app_init ] --END-- [ RunTime:0.000490s ]
INFO: [ app_begin ] --START--
INFO: Run Behavior\ReadHtmlCacheBehavior [ RunTime:0.000604s ]
INFO: [ app_begin ] --END-- [ RunTime:0.000718s ]
SQL: SHOW COLUMNS FROM `made_goods` [ RunTime:0.0006s ]
SQL: SELECT a.id,a.goods_name,a.tag,a.type_id,b.id as cat_id,b.name as cat_name FROM made_goods a LEFT JOIN made_category b ON a.cat_id = b.id  WHERE a.id = '5' LIMIT 1   [ RunTime:0.0005s ]
SQL: SHOW COLUMNS FROM `made_goods_number` [ RunTime:0.0006s ]
SQL: SELECT min(goods_attr_id) as goods_attr_id,max(goods_price) as max_goods_price,min(goods_price) as min_goods_price,max(discount_price) as max_discount_price,min(discount_price) as min_discount_price,max(img_src) as img_src FROM `made_goods_number` WHERE `goods_id` = '5' GROUP BY goods_id LIMIT 1   [ RunTime:0.0004s ]
SQL: SELECT `goods_attr_id`,`goods_number` FROM `made_goods_number` WHERE `goods_id` = '5' AND `goods_attr_id` = '30,32' LIMIT 1   [ RunTime:0.0002s ]
SQL: SHOW COLUMNS FROM `made_goods_img` [ RunTime:0.0015s ]
SQL: SELECT `img_src` FROM `made_goods_img` WHERE `goods_id` = '5'  [ RunTime:0.0005s ]
SQL: SHOW COLUMNS FROM `made_goods_attr` [ RunTime:0.0022s ]
SQL: SELECT a.*,b.attr_name,b.attr_type FROM made_goods_attr a LEFT JOIN made_attribute b ON a.attr_id=b.id  WHERE `goods_id` = '5'  [ RunTime:0.0009s ]
SQL: SHOW COLUMNS FROM `made_color` [ RunTime:0.0018s ]
SQL: SELECT `img_src` FROM `made_color` WHERE `id` = 4 LIMIT 1   [ RunTime:0.0003s ]
SQL: SELECT `img_src` FROM `made_color` WHERE `id` = 5 LIMIT 1   [ RunTime:0.0002s ]
SQL: SHOW COLUMNS FROM `made_goods_desc` [ RunTime:0.0012s ]
SQL: SELECT `img_src` FROM `made_goods_desc` WHERE `goods_id` = '5' ORDER BY sort_id asc  [ RunTime:0.0005s ]
NOTIC: [8] Undefined variable: attrUniData D:\wamp\wamp64\www\jiimadeeee\Application\Admin\Model\GoodsModel.class.php 第 476 行.
NOTIC: [8] Undefined variable: gn D:\wamp\wamp64\www\jiimadeeee\Application\Admin\Model\GoodsModel.class.php 第 479 行.
INFO: [ app_end ] --START--
INFO: Run Behavior\ShowPageTraceBehavior [ RunTime:0.001111s ]
INFO: [ app_end ] --END-- [ RunTime:0.001283s ]

[ 2018-05-02T09:16:41+08:00 ] 127.0.0.1 /jiimadeeee/index.php/home/index/changeAttr?goodsId=5&goodsAttrId=%2C31%2Cundefined
INFO: [ app_init ] --START--
INFO: Run Behavior\BuildLiteBehavior [ RunTime:0.000026s ]
INFO: [ app_init ] --END-- [ RunTime:0.000503s ]
INFO: [ app_begin ] --START--
INFO: Run Behavior\ReadHtmlCacheBehavior [ RunTime:0.000593s ]
INFO: [ app_begin ] --END-- [ RunTime:0.000711s ]
SQL: SHOW COLUMNS FROM `made_goods` [ RunTime:0.0005s ]
SQL: SHOW COLUMNS FROM `made_goods_number` [ RunTime:0.0006s ]
SQL: SELECT `goods_price`,`discount_price`,`goods_number`,`goods_attr_id`,`img_src` FROM `made_goods_number` WHERE `goods_id` = '5' AND `goods_attr_id` = '31' LIMIT 1   [ RunTime:0.0003s ]
SQL: SELECT `goods_attr_id`,`discount_price`,`goods_price` FROM `made_goods_number` WHERE `goods_id` = '5' AND `goods_number` > '0'  [ RunTime:0.0002s ]
SQL: SHOW COLUMNS FROM `made_goods_attr` [ RunTime:0.0013s ]
SQL: SELECT a.*,b.attr_name,b.attr_type FROM made_goods_attr a LEFT JOIN made_attribute b ON a.attr_id=b.id  WHERE a.goods_id = '5' AND b.attr_type IN (2,3)  [ RunTime:0.0004s ]
SQL: SELECT `goods_number` FROM `made_goods_number` WHERE `goods_attr_id` = '32' AND `goods_id` = 5  [ RunTime:0.0002s ]
NOTIC: [8] Undefined offset: 0 D:\wamp\wamp64\www\jiimadeeee\Application\Admin\Model\GoodsModel.class.php 第 595 行.
SQL: SELECT `goods_number` FROM `made_goods_number` WHERE `goods_attr_id` = '33' AND `goods_id` = 5  [ RunTime:0.0002s ]
NOTIC: [8] Undefined offset: 0 D:\wamp\wamp64\www\jiimadeeee\Application\Admin\Model\GoodsModel.class.php 第 595 行.
SQL: SELECT `goods_number` FROM `made_goods_number` WHERE `goods_attr_id` = '32' AND `goods_id` = 5  [ RunTime:0.0002s ]
NOTIC: [8] Undefined offset: 0 D:\wamp\wamp64\www\jiimadeeee\Application\Admin\Model\GoodsModel.class.php 第 595 行.
SQL: SELECT `goods_number` FROM `made_goods_number` WHERE `goods_attr_id` = '33' AND `goods_id` = 5  [ RunTime:0.0002s ]
NOTIC: [8] Undefined offset: 0 D:\wamp\wamp64\www\jiimadeeee\Application\Admin\Model\GoodsModel.class.php 第 595 行.
SQL: SHOW COLUMNS FROM `made_color` [ RunTime:0.0004s ]
SQL: SELECT `img_src` FROM `made_color` WHERE `id` = 4 LIMIT 1   [ RunTime:0.0002s ]
SQL: SELECT `img_src` FROM `made_color` WHERE `id` = 5 LIMIT 1   [ RunTime:0.0001s ]
INFO: [ app_end ] --START--
INFO: Run Behavior\ShowPageTraceBehavior [ RunTime:0.000916s ]
INFO: [ app_end ] --END-- [ RunTime:0.001028s ]

[ 2018-05-02T09:17:43+08:00 ] 127.0.0.1 /jiimadeeee/index.php/Home/index/getArticle?num=5
INFO: [ app_init ] --START--
INFO: Run Behavior\BuildLiteBehavior [ RunTime:0.000037s ]
INFO: [ app_init ] --END-- [ RunTime:0.000678s ]
INFO: [ app_begin ] --START--
INFO: Run Behavior\ReadHtmlCacheBehavior [ RunTime:0.000663s ]
INFO: [ app_begin ] --END-- [ RunTime:0.000788s ]
SQL: SHOW COLUMNS FROM `made_article` [ RunTime:0.0018s ]
SQL: SELECT * FROM `made_article` WHERE `is_index` = '1' ORDER BY sort_id asc LIMIT 5   [ RunTime:0.0004s ]
INFO: [ app_end ] --START--
INFO: Run Behavior\ShowPageTraceBehavior [ RunTime:0.001115s ]
INFO: [ app_end ] --END-- [ RunTime:0.001325s ]

[ 2018-05-02T09:17:43+08:00 ] 127.0.0.1 /jiimadeeee/index.php/Home/index/getBlockInfo?block=1&goodsNum=8
INFO: [ app_init ] --START--
INFO: Run Behavior\BuildLiteBehavior [ RunTime:0.000025s ]
INFO: [ app_init ] --END-- [ RunTime:0.000504s ]
INFO: [ app_begin ] --START--
INFO: Run Behavior\ReadHtmlCacheBehavior [ RunTime:0.000643s ]
INFO: [ app_begin ] --END-- [ RunTime:0.000765s ]
SQL: SHOW COLUMNS FROM `made_category` [ RunTime:0.0021s ]
SQL: SELECT * FROM `made_category` WHERE `index_block` = '1' ORDER BY order_id asc  [ RunTime:0.0005s ]
SQL: SHOW COLUMNS FROM `made_goods` [ RunTime:0.0020s ]
SQL: SELECT a.id,a.goods_name,a.tag,max(b.goods_price) as max_goods_price,min(b.goods_price) as min_goods_price,max(b.discount_price) as max_discount_price,min(b.discount_price) as min_discount_price,max(b.img_src) as img_src FROM made_goods a LEFT JOIN made_goods_number b ON a.id = b.goods_id  WHERE `cat_id` = '3' AND `is_on_sale` = '1' GROUP BY a.id LIMIT 8   [ RunTime:0.0006s ]
INFO: [ app_end ] --START--
INFO: Run Behavior\ShowPageTraceBehavior [ RunTime:0.000811s ]
INFO: [ app_end ] --END-- [ RunTime:0.000993s ]

[ 2018-05-02T09:17:43+08:00 ] 127.0.0.1 /jiimadeeee/index.php/Home/index/getBlockInfo?block=3&goodsNum=8
INFO: [ app_init ] --START--
INFO: Run Behavior\BuildLiteBehavior [ RunTime:0.000028s ]
INFO: [ app_init ] --END-- [ RunTime:0.000490s ]
INFO: [ app_begin ] --START--
INFO: Run Behavior\ReadHtmlCacheBehavior [ RunTime:0.000654s ]
INFO: [ app_begin ] --END-- [ RunTime:0.000822s ]
SQL: SHOW COLUMNS FROM `made_category` [ RunTime:0.0008s ]
SQL: SELECT * FROM `made_category` WHERE `index_block` = '3' ORDER BY order_id asc  [ RunTime:0.0005s ]
SQL: SHOW COLUMNS FROM `made_goods` [ RunTime:0.0006s ]
SQL: SELECT a.id,a.goods_name,a.tag,max(b.goods_price) as max_goods_price,min(b.goods_price) as min_goods_price,max(b.discount_price) as max_discount_price,min(b.discount_price) as min_discount_price,max(b.img_src) as img_src FROM made_goods a LEFT JOIN made_goods_number b ON a.id = b.goods_id  WHERE `cat_id` = '1' AND `is_on_sale` = '1' GROUP BY a.id LIMIT 8   [ RunTime:0.0005s ]
INFO: [ app_end ] --START--
INFO: Run Behavior\ShowPageTraceBehavior [ RunTime:0.001048s ]
INFO: [ app_end ] --END-- [ RunTime:0.001229s ]

[ 2018-05-02T09:17:43+08:00 ] 127.0.0.1 /jiimadeeee/index.php/Home/index/getBlockInfo?block=2&goodsNum=8
INFO: [ app_init ] --START--
INFO: Run Behavior\BuildLiteBehavior [ RunTime:0.000036s ]
INFO: [ app_init ] --END-- [ RunTime:0.000533s ]
INFO: [ app_begin ] --START--
INFO: Run Behavior\ReadHtmlCacheBehavior [ RunTime:0.000773s ]
INFO: [ app_begin ] --END-- [ RunTime:0.000992s ]
SQL: SHOW COLUMNS FROM `made_category` [ RunTime:0.0005s ]
SQL: SELECT * FROM `made_category` WHERE `index_block` = '2' ORDER BY order_id asc  [ RunTime:0.0003s ]
SQL: SHOW COLUMNS FROM `made_goods` [ RunTime:0.0004s ]
SQL: SELECT a.id,a.goods_name,a.tag,max(b.goods_price) as max_goods_price,min(b.goods_price) as min_goods_price,max(b.discount_price) as max_discount_price,min(b.discount_price) as min_discount_price,max(b.img_src) as img_src FROM made_goods a LEFT JOIN made_goods_number b ON a.id = b.goods_id  WHERE `cat_id` = '5' AND `is_on_sale` = '1' GROUP BY a.id LIMIT 8   [ RunTime:0.0006s ]
SQL: SELECT a.id,a.goods_name,a.tag,max(b.goods_price) as max_goods_price,min(b.goods_price) as min_goods_price,max(b.discount_price) as max_discount_price,min(b.discount_price) as min_discount_price,max(b.img_src) as img_src FROM made_goods a LEFT JOIN made_goods_number b ON a.id = b.goods_id  WHERE `cat_id` = '6' AND `is_on_sale` = '1' GROUP BY a.id LIMIT 8   [ RunTime:0.0004s ]
INFO: [ app_end ] --START--
INFO: Run Behavior\ShowPageTraceBehavior [ RunTime:0.000780s ]
INFO: [ app_end ] --END-- [ RunTime:0.000944s ]

[ 2018-05-02T09:17:43+08:00 ] 127.0.0.1 /jiimadeeee/index.php/Home/index/getBlockInfo?block=4&goodsNum=8
INFO: [ app_init ] --START--
INFO: Run Behavior\BuildLiteBehavior [ RunTime:0.000024s ]
INFO: [ app_init ] --END-- [ RunTime:0.000476s ]
INFO: [ app_begin ] --START--
INFO: Run Behavior\ReadHtmlCacheBehavior [ RunTime:0.000773s ]
INFO: [ app_begin ] --END-- [ RunTime:0.000933s ]
SQL: SHOW COLUMNS FROM `made_category` [ RunTime:0.0005s ]
SQL: SELECT * FROM `made_category` WHERE `index_block` = '4' ORDER BY order_id asc  [ RunTime:0.0003s ]
SQL: SHOW COLUMNS FROM `made_goods` [ RunTime:0.0006s ]
SQL: SELECT a.id,a.goods_name,a.tag,max(b.goods_price) as max_goods_price,min(b.goods_price) as min_goods_price,max(b.discount_price) as max_discount_price,min(b.discount_price) as min_discount_price,max(b.img_src) as img_src FROM made_goods a LEFT JOIN made_goods_number b ON a.id = b.goods_id  WHERE `cat_id` = '7' AND `is_on_sale` = '1' GROUP BY a.id LIMIT 8   [ RunTime:0.0003s ]
SQL: SELECT a.id,a.goods_name,a.tag,max(b.goods_price) as max_goods_price,min(b.goods_price) as min_goods_price,max(b.discount_price) as max_discount_price,min(b.discount_price) as min_discount_price,max(b.img_src) as img_src FROM made_goods a LEFT JOIN made_goods_number b ON a.id = b.goods_id  WHERE `cat_id` = '8' AND `is_on_sale` = '1' GROUP BY a.id LIMIT 8   [ RunTime:0.0005s ]
INFO: [ app_end ] --START--
INFO: Run Behavior\ShowPageTraceBehavior [ RunTime:0.000780s ]
INFO: [ app_end ] --END-- [ RunTime:0.000938s ]

[ 2018-05-02T09:17:43+08:00 ] 127.0.0.1 /jiimadeeee/index.php/home/index/login?code=061BlZtC0CCtIf2JfpvC0BufuC0BlZtL
INFO: [ app_init ] --START--
INFO: Run Behavior\BuildLiteBehavior [ RunTime:0.000048s ]
INFO: [ app_init ] --END-- [ RunTime:0.000978s ]
INFO: [ app_begin ] --START--
INFO: Run Behavior\ReadHtmlCacheBehavior [ RunTime:0.001216s ]
INFO: [ app_begin ] --END-- [ RunTime:0.001448s ]
SQL: SHOW COLUMNS FROM `made_user` [ RunTime:0.0024s ]
SQL: SELECT `id` FROM `made_user` WHERE `openid` = 'ojUv941YOJMStCvC71fzUK4iqE8g' LIMIT 1   [ RunTime:0.0005s ]
SQL: UPDATE `made_user` SET `thr_session`='52ba3593dfbe555f8fa5b1ebd30209d8' WHERE `id` = 4 [ RunTime:0.0024s ]
INFO: [ app_end ] --START--
INFO: Run Behavior\ShowPageTraceBehavior [ RunTime:0.001529s ]
INFO: [ app_end ] --END-- [ RunTime:0.001781s ]

[ 2018-05-02T09:17:48+08:00 ] 127.0.0.1 /jiimadeeee/index.php/Home/index/getGoodsDetail?id=5
INFO: [ app_init ] --START--
INFO: Run Behavior\BuildLiteBehavior [ RunTime:0.000038s ]
INFO: [ app_init ] --END-- [ RunTime:0.000608s ]
INFO: [ app_begin ] --START--
INFO: Run Behavior\ReadHtmlCacheBehavior [ RunTime:0.000802s ]
INFO: [ app_begin ] --END-- [ RunTime:0.000954s ]
SQL: SHOW COLUMNS FROM `made_goods` [ RunTime:0.0011s ]
SQL: SELECT a.id,a.goods_name,a.tag,a.type_id,b.id as cat_id,b.name as cat_name FROM made_goods a LEFT JOIN made_category b ON a.cat_id = b.id  WHERE a.id = '5' LIMIT 1   [ RunTime:0.0007s ]
SQL: SHOW COLUMNS FROM `made_goods_number` [ RunTime:0.0009s ]
SQL: SELECT min(goods_attr_id) as goods_attr_id,max(goods_price) as max_goods_price,min(goods_price) as min_goods_price,max(discount_price) as max_discount_price,min(discount_price) as min_discount_price,max(img_src) as img_src FROM `made_goods_number` WHERE `goods_id` = '5' GROUP BY goods_id LIMIT 1   [ RunTime:0.0006s ]
SQL: SELECT `goods_attr_id`,`goods_number` FROM `made_goods_number` WHERE `goods_id` = '5' AND `goods_attr_id` = '30,32' LIMIT 1   [ RunTime:0.0005s ]
SQL: SHOW COLUMNS FROM `made_goods_img` [ RunTime:0.0009s ]
SQL: SELECT `img_src` FROM `made_goods_img` WHERE `goods_id` = '5'  [ RunTime:0.0004s ]
SQL: SHOW COLUMNS FROM `made_goods_attr` [ RunTime:0.0009s ]
SQL: SELECT a.*,b.attr_name,b.attr_type FROM made_goods_attr a LEFT JOIN made_attribute b ON a.attr_id=b.id  WHERE `goods_id` = '5'  [ RunTime:0.0005s ]
SQL: SHOW COLUMNS FROM `made_color` [ RunTime:0.0009s ]
SQL: SELECT `img_src` FROM `made_color` WHERE `id` = 4 LIMIT 1   [ RunTime:0.0007s ]
SQL: SELECT `img_src` FROM `made_color` WHERE `id` = 5 LIMIT 1   [ RunTime:0.0004s ]
SQL: SHOW COLUMNS FROM `made_goods_desc` [ RunTime:0.0013s ]
SQL: SELECT `img_src` FROM `made_goods_desc` WHERE `goods_id` = '5' ORDER BY sort_id asc  [ RunTime:0.0008s ]
NOTIC: [8] Undefined variable: attrUniData D:\wamp\wamp64\www\jiimadeeee\Application\Admin\Model\GoodsModel.class.php 第 476 行.
NOTIC: [8] Undefined variable: gn D:\wamp\wamp64\www\jiimadeeee\Application\Admin\Model\GoodsModel.class.php 第 479 行.
INFO: [ app_end ] --START--
INFO: Run Behavior\ShowPageTraceBehavior [ RunTime:0.001222s ]
INFO: [ app_end ] --END-- [ RunTime:0.001412s ]

[ 2018-05-02T09:17:50+08:00 ] 127.0.0.1 /jiimadeeee/index.php/home/index/changeAttr?goodsId=5&goodsAttrId=%2C31%2Cundefined
INFO: [ app_init ] --START--
INFO: Run Behavior\BuildLiteBehavior [ RunTime:0.000024s ]
INFO: [ app_init ] --END-- [ RunTime:0.000502s ]
INFO: [ app_begin ] --START--
INFO: Run Behavior\ReadHtmlCacheBehavior [ RunTime:0.000594s ]
INFO: [ app_begin ] --END-- [ RunTime:0.000705s ]
SQL: SHOW COLUMNS FROM `made_goods` [ RunTime:0.0009s ]
SQL: SHOW COLUMNS FROM `made_goods_number` [ RunTime:0.0008s ]
SQL: SELECT `goods_price`,`discount_price`,`goods_number`,`goods_attr_id`,`img_src` FROM `made_goods_number` WHERE `goods_id` = '5' AND `goods_attr_id` = '31' LIMIT 1   [ RunTime:0.0004s ]
SQL: SELECT `goods_attr_id`,`discount_price`,`goods_price` FROM `made_goods_number` WHERE `goods_id` = '5' AND `goods_number` > '0'  [ RunTime:0.0003s ]
SQL: SHOW COLUMNS FROM `made_goods_attr` [ RunTime:0.0006s ]
SQL: SELECT a.*,b.attr_name,b.attr_type FROM made_goods_attr a LEFT JOIN made_attribute b ON a.attr_id=b.id  WHERE a.goods_id = '5' AND b.attr_type IN (2,3)  [ RunTime:0.0005s ]
SQL: SELECT `goods_number` FROM `made_goods_number` WHERE `goods_attr_id` = '32' AND `goods_id` = 5  [ RunTime:0.0003s ]
NOTIC: [8] Undefined offset: 0 D:\wamp\wamp64\www\jiimadeeee\Application\Admin\Model\GoodsModel.class.php 第 595 行.
SQL: SELECT `goods_number` FROM `made_goods_number` WHERE `goods_attr_id` = '33' AND `goods_id` = 5  [ RunTime:0.0003s ]
NOTIC: [8] Undefined offset: 0 D:\wamp\wamp64\www\jiimadeeee\Application\Admin\Model\GoodsModel.class.php 第 595 行.
SQL: SELECT `goods_number` FROM `made_goods_number` WHERE `goods_attr_id` = '32' AND `goods_id` = 5  [ RunTime:0.0003s ]
NOTIC: [8] Undefined offset: 0 D:\wamp\wamp64\www\jiimadeeee\Application\Admin\Model\GoodsModel.class.php 第 595 行.
SQL: SELECT `goods_number` FROM `made_goods_number` WHERE `goods_attr_id` = '33' AND `goods_id` = 5  [ RunTime:0.0003s ]
NOTIC: [8] Undefined offset: 0 D:\wamp\wamp64\www\jiimadeeee\Application\Admin\Model\GoodsModel.class.php 第 595 行.
SQL: SHOW COLUMNS FROM `made_color` [ RunTime:0.0007s ]
SQL: SELECT `img_src` FROM `made_color` WHERE `id` = 4 LIMIT 1   [ RunTime:0.0002s ]
SQL: SELECT `img_src` FROM `made_color` WHERE `id` = 5 LIMIT 1   [ RunTime:0.0002s ]
INFO: [ app_end ] --START--
INFO: Run Behavior\ShowPageTraceBehavior [ RunTime:0.000746s ]
INFO: [ app_end ] --END-- [ RunTime:0.000854s ]

[ 2018-05-02T09:18:05+08:00 ] 127.0.0.1 /jiimadeeee/index.php/home/index/changeAttr?goodsId=5&goodsAttrId=%2Cundefined
INFO: [ app_init ] --START--
INFO: Run Behavior\BuildLiteBehavior [ RunTime:0.000024s ]
INFO: [ app_init ] --END-- [ RunTime:0.000468s ]
INFO: [ app_begin ] --START--
INFO: Run Behavior\ReadHtmlCacheBehavior [ RunTime:0.000605s ]
INFO: [ app_begin ] --END-- [ RunTime:0.000717s ]
SQL: SHOW COLUMNS FROM `made_goods` [ RunTime:0.0009s ]
NOTIC: [2] sort() expects parameter 1 to be array, null given D:\wamp\wamp64\www\jiimadeeee\Application\Admin\Model\GoodsModel.class.php 第 494 行.
NOTIC: [2] implode(): Invalid arguments passed D:\wamp\wamp64\www\jiimadeeee\Application\Admin\Model\GoodsModel.class.php 第 495 行.
SQL: SHOW COLUMNS FROM `made_goods_number` [ RunTime:0.0007s ]
SQL: SELECT `goods_price`,`discount_price`,`goods_number`,`goods_attr_id`,`img_src` FROM `made_goods_number` WHERE `goods_id` = '5' AND `goods_attr_id` = '' LIMIT 1   [ RunTime:0.0005s ]
SQL: SELECT `goods_attr_id`,`discount_price`,`goods_price` FROM `made_goods_number` WHERE `goods_id` = '5' AND `goods_number` > '0'  [ RunTime:0.0004s ]
SQL: SHOW COLUMNS FROM `made_goods_attr` [ RunTime:0.0023s ]
SQL: SELECT a.*,b.attr_name,b.attr_type FROM made_goods_attr a LEFT JOIN made_attribute b ON a.attr_id=b.id  WHERE a.goods_id = '5' AND b.attr_type IN (2,3)  [ RunTime:0.0006s ]
NOTIC: [2] Invalid argument supplied for foreach() D:\wamp\wamp64\www\jiimadeeee\Application\Admin\Model\GoodsModel.class.php 第 524 行.
NOTIC: [2] Invalid argument supplied for foreach() D:\wamp\wamp64\www\jiimadeeee\Application\Admin\Model\GoodsModel.class.php 第 561 行.
NOTIC: [2] array_intersect(): Argument #1 is not an array D:\wamp\wamp64\www\jiimadeeee\Application\Admin\Model\GoodsModel.class.php 第 574 行.
NOTIC: [2] array_intersect(): Argument #1 is not an array D:\wamp\wamp64\www\jiimadeeee\Application\Admin\Model\GoodsModel.class.php 第 574 行.
NOTIC: [2] array_intersect(): Argument #1 is not an array D:\wamp\wamp64\www\jiimadeeee\Application\Admin\Model\GoodsModel.class.php 第 574 行.
NOTIC: [2] array_intersect(): Argument #1 is not an array D:\wamp\wamp64\www\jiimadeeee\Application\Admin\Model\GoodsModel.class.php 第 574 行.
NOTIC: [2] array_intersect(): Argument #1 is not an array D:\wamp\wamp64\www\jiimadeeee\Application\Admin\Model\GoodsModel.class.php 第 574 行.
NOTIC: [2] array_intersect(): Argument #1 is not an array D:\wamp\wamp64\www\jiimadeeee\Application\Admin\Model\GoodsModel.class.php 第 574 行.
NOTIC: [2] array_intersect(): Argument #1 is not an array D:\wamp\wamp64\www\jiimadeeee\Application\Admin\Model\GoodsModel.class.php 第 574 行.
NOTIC: [2] array_intersect(): Argument #1 is not an array D:\wamp\wamp64\www\jiimadeeee\Application\Admin\Model\GoodsModel.class.php 第 574 行.
NOTIC: [2] array_intersect(): Argument #1 is not an array D:\wamp\wamp64\www\jiimadeeee\Application\Admin\Model\GoodsModel.class.php 第 574 行.
NOTIC: [2] array_intersect(): Argument #1 is not an array D:\wamp\wamp64\www\jiimadeeee\Application\Admin\Model\GoodsModel.class.php 第 574 行.
NOTIC: [2] array_intersect(): Argument #1 is not an array D:\wamp\wamp64\www\jiimadeeee\Application\Admin\Model\GoodsModel.class.php 第 574 行.
NOTIC: [2] array_intersect(): Argument #1 is not an array D:\wamp\wamp64\www\jiimadeeee\Application\Admin\Model\GoodsModel.class.php 第 574 行.
SQL: SELECT `goods_number` FROM `made_goods_number` WHERE `goods_attr_id` = '32' AND `goods_id` = 5  [ RunTime:0.0004s ]
NOTIC: [8] Undefined offset: 0 D:\wamp\wamp64\www\jiimadeeee\Application\Admin\Model\GoodsModel.class.php 第 595 行.
SQL: SELECT `goods_number` FROM `made_goods_number` WHERE `goods_attr_id` = '33' AND `goods_id` = 5  [ RunTime:0.0003s ]
NOTIC: [8] Undefined offset: 0 D:\wamp\wamp64\www\jiimadeeee\Application\Admin\Model\GoodsModel.class.php 第 595 行.
SQL: SELECT `goods_number` FROM `made_goods_number` WHERE `goods_attr_id` = '32' AND `goods_id` = 5  [ RunTime:0.0005s ]
NOTIC: [8] Undefined offset: 0 D:\wamp\wamp64\www\jiimadeeee\Application\Admin\Model\GoodsModel.class.php 第 595 行.
SQL: SELECT `goods_number` FROM `made_goods_number` WHERE `goods_attr_id` = '33' AND `goods_id` = 5  [ RunTime:0.0004s ]
NOTIC: [8] Undefined offset: 0 D:\wamp\wamp64\www\jiimadeeee\Application\Admin\Model\GoodsModel.class.php 第 595 行.
SQL: SHOW COLUMNS FROM `made_color` [ RunTime:0.0025s ]
SQL: SELECT `img_src` FROM `made_color` WHERE `id` = 4 LIMIT 1   [ RunTime:0.0003s ]
SQL: SELECT `img_src` FROM `made_color` WHERE `id` = 5 LIMIT 1   [ RunTime:0.0002s ]
INFO: [ app_end ] --START--
INFO: Run Behavior\ShowPageTraceBehavior [ RunTime:0.000766s ]
INFO: [ app_end ] --END-- [ RunTime:0.000882s ]

[ 2018-05-02T09:18:07+08:00 ] 127.0.0.1 /jiimadeeee/index.php/home/index/changeAttr?goodsId=5&goodsAttrId=%2C31%2Cundefined
INFO: [ app_init ] --START--
INFO: Run Behavior\BuildLiteBehavior [ RunTime:0.000025s ]
INFO: [ app_init ] --END-- [ RunTime:0.000543s ]
INFO: [ app_begin ] --START--
INFO: Run Behavior\ReadHtmlCacheBehavior [ RunTime:0.000585s ]
INFO: [ app_begin ] --END-- [ RunTime:0.000689s ]
SQL: SHOW COLUMNS FROM `made_goods` [ RunTime:0.0008s ]
SQL: SHOW COLUMNS FROM `made_goods_number` [ RunTime:0.0007s ]
SQL: SELECT `goods_price`,`discount_price`,`goods_number`,`goods_attr_id`,`img_src` FROM `made_goods_number` WHERE `goods_id` = '5' AND `goods_attr_id` = '31' LIMIT 1   [ RunTime:0.0004s ]
SQL: SELECT `goods_attr_id`,`discount_price`,`goods_price` FROM `made_goods_number` WHERE `goods_id` = '5' AND `goods_number` > '0'  [ RunTime:0.0003s ]
SQL: SHOW COLUMNS FROM `made_goods_attr` [ RunTime:0.0006s ]
SQL: SELECT a.*,b.attr_name,b.attr_type FROM made_goods_attr a LEFT JOIN made_attribute b ON a.attr_id=b.id  WHERE a.goods_id = '5' AND b.attr_type IN (2,3)  [ RunTime:0.0004s ]
SQL: SELECT `goods_number` FROM `made_goods_number` WHERE `goods_attr_id` = '32' AND `goods_id` = 5  [ RunTime:0.0003s ]
NOTIC: [8] Undefined offset: 0 D:\wamp\wamp64\www\jiimadeeee\Application\Admin\Model\GoodsModel.class.php 第 595 行.
SQL: SELECT `goods_number` FROM `made_goods_number` WHERE `goods_attr_id` = '33' AND `goods_id` = 5  [ RunTime:0.0003s ]
NOTIC: [8] Undefined offset: 0 D:\wamp\wamp64\www\jiimadeeee\Application\Admin\Model\GoodsModel.class.php 第 595 行.
SQL: SELECT `goods_number` FROM `made_goods_number` WHERE `goods_attr_id` = '32' AND `goods_id` = 5  [ RunTime:0.0003s ]
NOTIC: [8] Undefined offset: 0 D:\wamp\wamp64\www\jiimadeeee\Application\Admin\Model\GoodsModel.class.php 第 595 行.
SQL: SELECT `goods_number` FROM `made_goods_number` WHERE `goods_attr_id` = '33' AND `goods_id` = 5  [ RunTime:0.0003s ]
NOTIC: [8] Undefined offset: 0 D:\wamp\wamp64\www\jiimadeeee\Application\Admin\Model\GoodsModel.class.php 第 595 行.
SQL: SHOW COLUMNS FROM `made_color` [ RunTime:0.0021s ]
SQL: SELECT `img_src` FROM `made_color` WHERE `id` = 4 LIMIT 1   [ RunTime:0.0002s ]
SQL: SELECT `img_src` FROM `made_color` WHERE `id` = 5 LIMIT 1   [ RunTime:0.0002s ]
INFO: [ app_end ] --START--
INFO: Run Behavior\ShowPageTraceBehavior [ RunTime:0.000736s ]
INFO: [ app_end ] --END-- [ RunTime:0.000846s ]

[ 2018-05-02T09:18:41+08:00 ] 127.0.0.1 /jiimadeeee/index.php/home/index/changeAttr?goodsId=5&goodsAttrId=%2C31%2C33
INFO: [ app_init ] --START--
INFO: Run Behavior\BuildLiteBehavior [ RunTime:0.000029s ]
INFO: [ app_init ] --END-- [ RunTime:0.000536s ]
INFO: [ app_begin ] --START--
INFO: Run Behavior\ReadHtmlCacheBehavior [ RunTime:0.000696s ]
INFO: [ app_begin ] --END-- [ RunTime:0.000824s ]
SQL: SHOW COLUMNS FROM `made_goods` [ RunTime:0.0009s ]
SQL: SHOW COLUMNS FROM `made_goods_number` [ RunTime:0.0009s ]
SQL: SELECT `goods_price`,`discount_price`,`goods_number`,`goods_attr_id`,`img_src` FROM `made_goods_number` WHERE `goods_id` = '5' AND `goods_attr_id` = '31,33' LIMIT 1   [ RunTime:0.0005s ]
SQL: SELECT `goods_attr_id`,`discount_price`,`goods_price` FROM `made_goods_number` WHERE `goods_id` = '5' AND `goods_number` > '0'  [ RunTime:0.0004s ]
SQL: SHOW COLUMNS FROM `made_goods_attr` [ RunTime:0.0008s ]
SQL: SELECT a.*,b.attr_name,b.attr_type FROM made_goods_attr a LEFT JOIN made_attribute b ON a.attr_id=b.id  WHERE a.goods_id = '5' AND b.attr_type IN (2,3)  [ RunTime:0.0006s ]
INFO: [ app_end ] --START--
INFO: Run Behavior\ShowPageTraceBehavior [ RunTime:0.001496s ]
INFO: [ app_end ] --END-- [ RunTime:0.001750s ]

[ 2018-05-02T09:19:03+08:00 ] 127.0.0.1 /jiimadeeee/index.php/home/index/changeAttr?goodsId=5&goodsAttrId=%2C31
INFO: [ app_init ] --START--
INFO: Run Behavior\BuildLiteBehavior [ RunTime:0.000026s ]
INFO: [ app_init ] --END-- [ RunTime:0.000517s ]
INFO: [ app_begin ] --START--
INFO: Run Behavior\ReadHtmlCacheBehavior [ RunTime:0.000701s ]
INFO: [ app_begin ] --END-- [ RunTime:0.000829s ]
SQL: SHOW COLUMNS FROM `made_goods` [ RunTime:0.0008s ]
SQL: SHOW COLUMNS FROM `made_goods_number` [ RunTime:0.0008s ]
SQL: SELECT `goods_price`,`discount_price`,`goods_number`,`goods_attr_id`,`img_src` FROM `made_goods_number` WHERE `goods_id` = '5' AND `goods_attr_id` = '31' LIMIT 1   [ RunTime:0.0004s ]
SQL: SELECT `goods_attr_id`,`discount_price`,`goods_price` FROM `made_goods_number` WHERE `goods_id` = '5' AND `goods_number` > '0'  [ RunTime:0.0005s ]
SQL: SHOW COLUMNS FROM `made_goods_attr` [ RunTime:0.0008s ]
SQL: SELECT a.*,b.attr_name,b.attr_type FROM made_goods_attr a LEFT JOIN made_attribute b ON a.attr_id=b.id  WHERE a.goods_id = '5' AND b.attr_type IN (2,3)  [ RunTime:0.0006s ]
INFO: [ app_end ] --START--
INFO: Run Behavior\ShowPageTraceBehavior [ RunTime:0.000899s ]
INFO: [ app_end ] --END-- [ RunTime:0.001033s ]

[ 2018-05-02T09:19:11+08:00 ] 127.0.0.1 /jiimadeeee/index.php/home/index/changeAttr?goodsId=5&goodsAttrId=%2C31%2C33
INFO: [ app_init ] --START--
INFO: Run Behavior\BuildLiteBehavior [ RunTime:0.000047s ]
INFO: [ app_init ] --END-- [ RunTime:0.000898s ]
INFO: [ app_begin ] --START--
INFO: Run Behavior\ReadHtmlCacheBehavior [ RunTime:0.001184s ]
INFO: [ app_begin ] --END-- [ RunTime:0.001420s ]
SQL: SHOW COLUMNS FROM `made_goods` [ RunTime:0.0008s ]
SQL: SHOW COLUMNS FROM `made_goods_number` [ RunTime:0.0007s ]
SQL: SELECT `goods_price`,`discount_price`,`goods_number`,`goods_attr_id`,`img_src` FROM `made_goods_number` WHERE `goods_id` = '5' AND `goods_attr_id` = '31,33' LIMIT 1   [ RunTime:0.0004s ]
SQL: SELECT `goods_attr_id`,`discount_price`,`goods_price` FROM `made_goods_number` WHERE `goods_id` = '5' AND `goods_number` > '0'  [ RunTime:0.0003s ]
SQL: SHOW COLUMNS FROM `made_goods_attr` [ RunTime:0.0022s ]
SQL: SELECT a.*,b.attr_name,b.attr_type FROM made_goods_attr a LEFT JOIN made_attribute b ON a.attr_id=b.id  WHERE a.goods_id = '5' AND b.attr_type IN (2,3)  [ RunTime:0.0005s ]
INFO: [ app_end ] --START--
INFO: Run Behavior\ShowPageTraceBehavior [ RunTime:0.000733s ]
INFO: [ app_end ] --END-- [ RunTime:0.000847s ]

[ 2018-05-02T09:19:28+08:00 ] 127.0.0.1 /jiimadeeee/index.php/home/index/changeAttr?goodsId=5&goodsAttrId=%2C31
INFO: [ app_init ] --START--
INFO: Run Behavior\BuildLiteBehavior [ RunTime:0.000026s ]
INFO: [ app_init ] --END-- [ RunTime:0.000519s ]
INFO: [ app_begin ] --START--
INFO: Run Behavior\ReadHtmlCacheBehavior [ RunTime:0.000692s ]
INFO: [ app_begin ] --END-- [ RunTime:0.000820s ]
SQL: SHOW COLUMNS FROM `made_goods` [ RunTime:0.0009s ]
SQL: SHOW COLUMNS FROM `made_goods_number` [ RunTime:0.0023s ]
SQL: SELECT `goods_price`,`discount_price`,`goods_number`,`goods_attr_id`,`img_src` FROM `made_goods_number` WHERE `goods_id` = '5' AND `goods_attr_id` = '31' LIMIT 1   [ RunTime:0.0004s ]
SQL: SELECT `goods_attr_id`,`discount_price`,`goods_price` FROM `made_goods_number` WHERE `goods_id` = '5' AND `goods_number` > '0'  [ RunTime:0.0003s ]
SQL: SHOW COLUMNS FROM `made_goods_attr` [ RunTime:0.0007s ]
SQL: SELECT a.*,b.attr_name,b.attr_type FROM made_goods_attr a LEFT JOIN made_attribute b ON a.attr_id=b.id  WHERE a.goods_id = '5' AND b.attr_type IN (2,3)  [ RunTime:0.0005s ]
INFO: [ app_end ] --START--
INFO: Run Behavior\ShowPageTraceBehavior [ RunTime:0.000755s ]
INFO: [ app_end ] --END-- [ RunTime:0.000871s ]

[ 2018-05-02T09:19:58+08:00 ] 127.0.0.1 /jiimadeeee/index.php/home/index/changeAttr?goodsId=5&goodsAttrId=
INFO: [ app_init ] --START--
INFO: Run Behavior\BuildLiteBehavior [ RunTime:0.000026s ]
INFO: [ app_init ] --END-- [ RunTime:0.000519s ]
INFO: [ app_begin ] --START--
INFO: Run Behavior\ReadHtmlCacheBehavior [ RunTime:0.000671s ]
INFO: [ app_begin ] --END-- [ RunTime:0.000801s ]
SQL: SHOW COLUMNS FROM `made_goods` [ RunTime:0.0008s ]
NOTIC: [2] sort() expects parameter 1 to be array, null given D:\wamp\wamp64\www\jiimadeeee\Application\Admin\Model\GoodsModel.class.php 第 494 行.
NOTIC: [2] implode(): Invalid arguments passed D:\wamp\wamp64\www\jiimadeeee\Application\Admin\Model\GoodsModel.class.php 第 495 行.
SQL: SHOW COLUMNS FROM `made_goods_number` [ RunTime:0.0008s ]
SQL: SELECT `goods_price`,`discount_price`,`goods_number`,`goods_attr_id`,`img_src` FROM `made_goods_number` WHERE `goods_id` = '5' AND `goods_attr_id` = '' LIMIT 1   [ RunTime:0.0004s ]
SQL: SELECT `goods_attr_id`,`discount_price`,`goods_price` FROM `made_goods_number` WHERE `goods_id` = '5' AND `goods_number` > '0'  [ RunTime:0.0003s ]
SQL: SHOW COLUMNS FROM `made_goods_attr` [ RunTime:0.0006s ]
SQL: SELECT a.*,b.attr_name,b.attr_type FROM made_goods_attr a LEFT JOIN made_attribute b ON a.attr_id=b.id  WHERE a.goods_id = '5' AND b.attr_type IN (2,3)  [ RunTime:0.0005s ]
NOTIC: [2] Invalid argument supplied for foreach() D:\wamp\wamp64\www\jiimadeeee\Application\Admin\Model\GoodsModel.class.php 第 524 行.
NOTIC: [2] Invalid argument supplied for foreach() D:\wamp\wamp64\www\jiimadeeee\Application\Admin\Model\GoodsModel.class.php 第 564 行.
NOTIC: [2] array_intersect(): Argument #1 is not an array D:\wamp\wamp64\www\jiimadeeee\Application\Admin\Model\GoodsModel.class.php 第 577 行.
NOTIC: [2] array_intersect(): Argument #1 is not an array D:\wamp\wamp64\www\jiimadeeee\Application\Admin\Model\GoodsModel.class.php 第 577 行.
NOTIC: [2] array_intersect(): Argument #1 is not an array D:\wamp\wamp64\www\jiimadeeee\Application\Admin\Model\GoodsModel.class.php 第 577 行.
NOTIC: [2] array_intersect(): Argument #1 is not an array D:\wamp\wamp64\www\jiimadeeee\Application\Admin\Model\GoodsModel.class.php 第 577 行.
NOTIC: [2] array_intersect(): Argument #1 is not an array D:\wamp\wamp64\www\jiimadeeee\Application\Admin\Model\GoodsModel.class.php 第 577 行.
NOTIC: [2] array_intersect(): Argument #1 is not an array D:\wamp\wamp64\www\jiimadeeee\Application\Admin\Model\GoodsModel.class.php 第 577 行.
NOTIC: [2] array_intersect(): Argument #1 is not an array D:\wamp\wamp64\www\jiimadeeee\Application\Admin\Model\GoodsModel.class.php 第 577 行.
NOTIC: [2] array_intersect(): Argument #1 is not an array D:\wamp\wamp64\www\jiimadeeee\Application\Admin\Model\GoodsModel.class.php 第 577 行.
NOTIC: [2] array_intersect(): Argument #1 is not an array D:\wamp\wamp64\www\jiimadeeee\Application\Admin\Model\GoodsModel.class.php 第 577 行.
NOTIC: [2] array_intersect(): Argument #1 is not an array D:\wamp\wamp64\www\jiimadeeee\Application\Admin\Model\GoodsModel.class.php 第 577 行.
NOTIC: [2] array_intersect(): Argument #1 is not an array D:\wamp\wamp64\www\jiimadeeee\Application\Admin\Model\GoodsModel.class.php 第 577 行.
NOTIC: [2] array_intersect(): Argument #1 is not an array D:\wamp\wamp64\www\jiimadeeee\Application\Admin\Model\GoodsModel.class.php 第 577 行.
INFO: [ app_end ] --START--
INFO: Run Behavior\ShowPageTraceBehavior [ RunTime:0.000715s ]
INFO: [ app_end ] --END-- [ RunTime:0.000822s ]

[ 2018-05-02T09:20:04+08:00 ] 127.0.0.1 /jiimadeeee/index.php/home/index/changeAttr?goodsId=5&goodsAttrId=%2C33
INFO: [ app_init ] --START--
INFO: Run Behavior\BuildLiteBehavior [ RunTime:0.000057s ]
INFO: [ app_init ] --END-- [ RunTime:0.001001s ]
INFO: [ app_begin ] --START--
INFO: Run Behavior\ReadHtmlCacheBehavior [ RunTime:0.001274s ]
INFO: [ app_begin ] --END-- [ RunTime:0.001528s ]
SQL: SHOW COLUMNS FROM `made_goods` [ RunTime:0.0008s ]
SQL: SHOW COLUMNS FROM `made_goods_number` [ RunTime:0.0007s ]
SQL: SELECT `goods_price`,`discount_price`,`goods_number`,`goods_attr_id`,`img_src` FROM `made_goods_number` WHERE `goods_id` = '5' AND `goods_attr_id` = '33' LIMIT 1   [ RunTime:0.0004s ]
SQL: SELECT `goods_attr_id`,`discount_price`,`goods_price` FROM `made_goods_number` WHERE `goods_id` = '5' AND `goods_number` > '0'  [ RunTime:0.0003s ]
SQL: SHOW COLUMNS FROM `made_goods_attr` [ RunTime:0.0006s ]
SQL: SELECT a.*,b.attr_name,b.attr_type FROM made_goods_attr a LEFT JOIN made_attribute b ON a.attr_id=b.id  WHERE a.goods_id = '5' AND b.attr_type IN (2,3)  [ RunTime:0.0004s ]
INFO: [ app_end ] --START--
INFO: Run Behavior\ShowPageTraceBehavior [ RunTime:0.001222s ]
INFO: [ app_end ] --END-- [ RunTime:0.001433s ]

[ 2018-05-02T09:21:25+08:00 ] 127.0.0.1 /jiimadeeee/index.php/home/index/changeAttr?goodsId=5&goodsAttrId=%2C31%2C33
INFO: [ app_init ] --START--
INFO: Run Behavior\BuildLiteBehavior [ RunTime:0.000026s ]
INFO: [ app_init ] --END-- [ RunTime:0.000535s ]
INFO: [ app_begin ] --START--
INFO: Run Behavior\ReadHtmlCacheBehavior [ RunTime:0.000689s ]
INFO: [ app_begin ] --END-- [ RunTime:0.000817s ]
SQL: SHOW COLUMNS FROM `made_goods` [ RunTime:0.0006s ]
SQL: SHOW COLUMNS FROM `made_goods_number` [ RunTime:0.0006s ]
SQL: SELECT `goods_price`,`discount_price`,`goods_number`,`goods_attr_id`,`img_src` FROM `made_goods_number` WHERE `goods_id` = '5' AND `goods_attr_id` = '31,33' LIMIT 1   [ RunTime:0.0004s ]
SQL: SELECT `goods_attr_id`,`discount_price`,`goods_price` FROM `made_goods_number` WHERE `goods_id` = '5' AND `goods_number` > '0'  [ RunTime:0.0003s ]
SQL: SHOW COLUMNS FROM `made_goods_attr` [ RunTime:0.0006s ]
SQL: SELECT a.*,b.attr_name,b.attr_type FROM made_goods_attr a LEFT JOIN made_attribute b ON a.attr_id=b.id  WHERE a.goods_id = '5' AND b.attr_type IN (2,3)  [ RunTime:0.0004s ]
SQL: SHOW COLUMNS FROM `made_color` [ RunTime:0.0005s ]
SQL: SELECT `img_src` FROM `made_color` WHERE `id` = 4 LIMIT 1   [ RunTime:0.0003s ]
SQL: SELECT `img_src` FROM `made_color` WHERE `id` = 5 LIMIT 1   [ RunTime:0.0002s ]
INFO: [ app_end ] --START--
INFO: Run Behavior\ShowPageTraceBehavior [ RunTime:0.001202s ]
INFO: [ app_end ] --END-- [ RunTime:0.001401s ]

[ 2018-05-02T09:21:35+08:00 ] 127.0.0.1 /jiimadeeee/index.php/home/index/changeAttr?goodsId=5&goodsAttrId=%2C30%2C33
INFO: [ app_init ] --START--
INFO: Run Behavior\BuildLiteBehavior [ RunTime:0.000024s ]
INFO: [ app_init ] --END-- [ RunTime:0.000460s ]
INFO: [ app_begin ] --START--
INFO: Run Behavior\ReadHtmlCacheBehavior [ RunTime:0.000612s ]
INFO: [ app_begin ] --END-- [ RunTime:0.000723s ]
SQL: SHOW COLUMNS FROM `made_goods` [ RunTime:0.0009s ]
SQL: SHOW COLUMNS FROM `made_goods_number` [ RunTime:0.0008s ]
SQL: SELECT `goods_price`,`discount_price`,`goods_number`,`goods_attr_id`,`img_src` FROM `made_goods_number` WHERE `goods_id` = '5' AND `goods_attr_id` = '30,33' LIMIT 1   [ RunTime:0.0004s ]
SQL: SELECT `goods_attr_id`,`discount_price`,`goods_price` FROM `made_goods_number` WHERE `goods_id` = '5' AND `goods_number` > '0'  [ RunTime:0.0003s ]
SQL: SHOW COLUMNS FROM `made_goods_attr` [ RunTime:0.0006s ]
SQL: SELECT a.*,b.attr_name,b.attr_type FROM made_goods_attr a LEFT JOIN made_attribute b ON a.attr_id=b.id  WHERE a.goods_id = '5' AND b.attr_type IN (2,3)  [ RunTime:0.0004s ]
SQL: SHOW COLUMNS FROM `made_color` [ RunTime:0.0006s ]
SQL: SELECT `img_src` FROM `made_color` WHERE `id` = 4 LIMIT 1   [ RunTime:0.0002s ]
SQL: SELECT `img_src` FROM `made_color` WHERE `id` = 5 LIMIT 1   [ RunTime:0.0002s ]
INFO: [ app_end ] --START--
INFO: Run Behavior\ShowPageTraceBehavior [ RunTime:0.000754s ]
INFO: [ app_end ] --END-- [ RunTime:0.000866s ]

[ 2018-05-02T09:21:44+08:00 ] 127.0.0.1 /jiimadeeee/index.php/home/index/changeAttr?goodsId=5&goodsAttrId=%2C31%2C33
INFO: [ app_init ] --START--
INFO: Run Behavior\BuildLiteBehavior [ RunTime:0.000048s ]
INFO: [ app_init ] --END-- [ RunTime:0.000896s ]
INFO: [ app_begin ] --START--
INFO: Run Behavior\ReadHtmlCacheBehavior [ RunTime:0.001153s ]
INFO: [ app_begin ] --END-- [ RunTime:0.001380s ]
SQL: SHOW COLUMNS FROM `made_goods` [ RunTime:0.0008s ]
SQL: SHOW COLUMNS FROM `made_goods_number` [ RunTime:0.0007s ]
SQL: SELECT `goods_price`,`discount_price`,`goods_number`,`goods_attr_id`,`img_src` FROM `made_goods_number` WHERE `goods_id` = '5' AND `goods_attr_id` = '31,33' LIMIT 1   [ RunTime:0.0004s ]
SQL: SELECT `goods_attr_id`,`discount_price`,`goods_price` FROM `made_goods_number` WHERE `goods_id` = '5' AND `goods_number` > '0'  [ RunTime:0.0003s ]
SQL: SHOW COLUMNS FROM `made_goods_attr` [ RunTime:0.0006s ]
SQL: SELECT a.*,b.attr_name,b.attr_type FROM made_goods_attr a LEFT JOIN made_attribute b ON a.attr_id=b.id  WHERE a.goods_id = '5' AND b.attr_type IN (2,3)  [ RunTime:0.0004s ]
SQL: SHOW COLUMNS FROM `made_color` [ RunTime:0.0006s ]
SQL: SELECT `img_src` FROM `made_color` WHERE `id` = 4 LIMIT 1   [ RunTime:0.0002s ]
SQL: SELECT `img_src` FROM `made_color` WHERE `id` = 5 LIMIT 1   [ RunTime:0.0002s ]
INFO: [ app_end ] --START--
INFO: Run Behavior\ShowPageTraceBehavior [ RunTime:0.000829s ]
INFO: [ app_end ] --END-- [ RunTime:0.000961s ]

[ 2018-05-02T09:21:52+08:00 ] 127.0.0.1 /jiimadeeee/index.php/home/index/changeAttr?goodsId=5&goodsAttrId=%2C31%2C32
INFO: [ app_init ] --START--
INFO: Run Behavior\BuildLiteBehavior [ RunTime:0.000028s ]
INFO: [ app_init ] --END-- [ RunTime:0.000756s ]
INFO: [ app_begin ] --START--
INFO: Run Behavior\ReadHtmlCacheBehavior [ RunTime:0.000581s ]
INFO: [ app_begin ] --END-- [ RunTime:0.000684s ]
SQL: SHOW COLUMNS FROM `made_goods` [ RunTime:0.0009s ]
SQL: SHOW COLUMNS FROM `made_goods_number` [ RunTime:0.0007s ]
SQL: SELECT `goods_price`,`discount_price`,`goods_number`,`goods_attr_id`,`img_src` FROM `made_goods_number` WHERE `goods_id` = '5' AND `goods_attr_id` = '31,32' LIMIT 1   [ RunTime:0.0004s ]
SQL: SELECT `goods_attr_id`,`discount_price`,`goods_price` FROM `made_goods_number` WHERE `goods_id` = '5' AND `goods_number` > '0'  [ RunTime:0.0003s ]
SQL: SHOW COLUMNS FROM `made_goods_attr` [ RunTime:0.0007s ]
SQL: SELECT a.*,b.attr_name,b.attr_type FROM made_goods_attr a LEFT JOIN made_attribute b ON a.attr_id=b.id  WHERE a.goods_id = '5' AND b.attr_type IN (2,3)  [ RunTime:0.0005s ]
SQL: SHOW COLUMNS FROM `made_color` [ RunTime:0.0007s ]
SQL: SELECT `img_src` FROM `made_color` WHERE `id` = 4 LIMIT 1   [ RunTime:0.0003s ]
SQL: SELECT `img_src` FROM `made_color` WHERE `id` = 5 LIMIT 1   [ RunTime:0.0002s ]
INFO: [ app_end ] --START--
INFO: Run Behavior\ShowPageTraceBehavior [ RunTime:0.000747s ]
INFO: [ app_end ] --END-- [ RunTime:0.000872s ]

[ 2018-05-02T09:21:55+08:00 ] 127.0.0.1 /jiimadeeee/index.php/home/index/changeAttr?goodsId=5&goodsAttrId=%2C30%2C32
INFO: [ app_init ] --START--
INFO: Run Behavior\BuildLiteBehavior [ RunTime:0.000023s ]
INFO: [ app_init ] --END-- [ RunTime:0.000475s ]
INFO: [ app_begin ] --START--
INFO: Run Behavior\ReadHtmlCacheBehavior [ RunTime:0.000613s ]
INFO: [ app_begin ] --END-- [ RunTime:0.000725s ]
SQL: SHOW COLUMNS FROM `made_goods` [ RunTime:0.0008s ]
SQL: SHOW COLUMNS FROM `made_goods_number` [ RunTime:0.0006s ]
SQL: SELECT `goods_price`,`discount_price`,`goods_number`,`goods_attr_id`,`img_src` FROM `made_goods_number` WHERE `goods_id` = '5' AND `goods_attr_id` = '30,32' LIMIT 1   [ RunTime:0.0004s ]
SQL: SELECT `goods_attr_id`,`discount_price`,`goods_price` FROM `made_goods_number` WHERE `goods_id` = '5' AND `goods_number` > '0'  [ RunTime:0.0003s ]
SQL: SHOW COLUMNS FROM `made_goods_attr` [ RunTime:0.0006s ]
SQL: SELECT a.*,b.attr_name,b.attr_type FROM made_goods_attr a LEFT JOIN made_attribute b ON a.attr_id=b.id  WHERE a.goods_id = '5' AND b.attr_type IN (2,3)  [ RunTime:0.0004s ]
SQL: SHOW COLUMNS FROM `made_color` [ RunTime:0.0006s ]
SQL: SELECT `img_src` FROM `made_color` WHERE `id` = 4 LIMIT 1   [ RunTime:0.0002s ]
SQL: SELECT `img_src` FROM `made_color` WHERE `id` = 5 LIMIT 1   [ RunTime:0.0002s ]
INFO: [ app_end ] --START--
INFO: Run Behavior\ShowPageTraceBehavior [ RunTime:0.000751s ]
INFO: [ app_end ] --END-- [ RunTime:0.000862s ]

[ 2018-05-02T09:22:08+08:00 ] 127.0.0.1 /jiimadeeee/index.php/Home/index/getArticle?num=5
INFO: [ app_init ] --START--
INFO: Run Behavior\BuildLiteBehavior [ RunTime:0.000028s ]
INFO: [ app_init ] --END-- [ RunTime:0.000600s ]
INFO: [ app_begin ] --START--
INFO: Run Behavior\ReadHtmlCacheBehavior [ RunTime:0.000746s ]
INFO: [ app_begin ] --END-- [ RunTime:0.000907s ]
SQL: SHOW COLUMNS FROM `made_article` [ RunTime:0.0015s ]
SQL: SELECT * FROM `made_article` WHERE `is_index` = '1' ORDER BY sort_id asc LIMIT 5   [ RunTime:0.0005s ]
INFO: [ app_end ] --START--
INFO: Run Behavior\ShowPageTraceBehavior [ RunTime:0.000798s ]
INFO: [ app_end ] --END-- [ RunTime:0.000913s ]

[ 2018-05-02T09:22:08+08:00 ] 127.0.0.1 /jiimadeeee/index.php/Home/index/getBlockInfo?block=1&goodsNum=8
INFO: [ app_init ] --START--
INFO: Run Behavior\BuildLiteBehavior [ RunTime:0.000047s ]
INFO: [ app_init ] --END-- [ RunTime:0.001196s ]
INFO: [ app_begin ] --START--
INFO: Run Behavior\ReadHtmlCacheBehavior [ RunTime:0.001311s ]
INFO: [ app_begin ] --END-- [ RunTime:0.001536s ]
SQL: SHOW COLUMNS FROM `made_category` [ RunTime:0.0007s ]
SQL: SELECT * FROM `made_category` WHERE `index_block` = '1' ORDER BY order_id asc  [ RunTime:0.0006s ]
SQL: SHOW COLUMNS FROM `made_goods` [ RunTime:0.0008s ]
SQL: SELECT a.id,a.goods_name,a.tag,max(b.goods_price) as max_goods_price,min(b.goods_price) as min_goods_price,max(b.discount_price) as max_discount_price,min(b.discount_price) as min_discount_price,max(b.img_src) as img_src FROM made_goods a LEFT JOIN made_goods_number b ON a.id = b.goods_id  WHERE `cat_id` = '3' AND `is_on_sale` = '1' GROUP BY a.id LIMIT 8   [ RunTime:0.0007s ]
INFO: [ app_end ] --START--
INFO: Run Behavior\ShowPageTraceBehavior [ RunTime:0.001170s ]
INFO: [ app_end ] --END-- [ RunTime:0.001385s ]

[ 2018-05-02T09:22:08+08:00 ] 127.0.0.1 /jiimadeeee/index.php/Home/index/getBlockInfo?block=3&goodsNum=8
INFO: [ app_init ] --START--
INFO: Run Behavior\BuildLiteBehavior [ RunTime:0.000049s ]
INFO: [ app_init ] --END-- [ RunTime:0.000772s ]
INFO: [ app_begin ] --START--
INFO: Run Behavior\ReadHtmlCacheBehavior [ RunTime:0.001040s ]
INFO: [ app_begin ] --END-- [ RunTime:0.001308s ]
SQL: SHOW COLUMNS FROM `made_category` [ RunTime:0.0010s ]
SQL: SELECT * FROM `made_category` WHERE `index_block` = '3' ORDER BY order_id asc  [ RunTime:0.0007s ]
SQL: SHOW COLUMNS FROM `made_goods` [ RunTime:0.0009s ]
SQL: SELECT a.id,a.goods_name,a.tag,max(b.goods_price) as max_goods_price,min(b.goods_price) as min_goods_price,max(b.discount_price) as max_discount_price,min(b.discount_price) as min_discount_price,max(b.img_src) as img_src FROM made_goods a LEFT JOIN made_goods_number b ON a.id = b.goods_id  WHERE `cat_id` = '1' AND `is_on_sale` = '1' GROUP BY a.id LIMIT 8   [ RunTime:0.0009s ]
INFO: [ app_end ] --START--
INFO: Run Behavior\ShowPageTraceBehavior [ RunTime:0.001197s ]
INFO: [ app_end ] --END-- [ RunTime:0.001434s ]

[ 2018-05-02T09:22:08+08:00 ] 127.0.0.1 /jiimadeeee/index.php/Home/index/getBlockInfo?block=2&goodsNum=8
INFO: [ app_init ] --START--
INFO: Run Behavior\BuildLiteBehavior [ RunTime:0.000049s ]
INFO: [ app_init ] --END-- [ RunTime:0.001018s ]
INFO: [ app_begin ] --START--
INFO: Run Behavior\ReadHtmlCacheBehavior [ RunTime:0.000883s ]
INFO: [ app_begin ] --END-- [ RunTime:0.001057s ]
SQL: SHOW COLUMNS FROM `made_category` [ RunTime:0.0009s ]
SQL: SELECT * FROM `made_category` WHERE `index_block` = '2' ORDER BY order_id asc  [ RunTime:0.0006s ]
SQL: SHOW COLUMNS FROM `made_goods` [ RunTime:0.0014s ]
SQL: SELECT a.id,a.goods_name,a.tag,max(b.goods_price) as max_goods_price,min(b.goods_price) as min_goods_price,max(b.discount_price) as max_discount_price,min(b.discount_price) as min_discount_price,max(b.img_src) as img_src FROM made_goods a LEFT JOIN made_goods_number b ON a.id = b.goods_id  WHERE `cat_id` = '5' AND `is_on_sale` = '1' GROUP BY a.id LIMIT 8   [ RunTime:0.0012s ]
SQL: SELECT a.id,a.goods_name,a.tag,max(b.goods_price) as max_goods_price,min(b.goods_price) as min_goods_price,max(b.discount_price) as max_discount_price,min(b.discount_price) as min_discount_price,max(b.img_src) as img_src FROM made_goods a LEFT JOIN made_goods_number b ON a.id = b.goods_id  WHERE `cat_id` = '6' AND `is_on_sale` = '1' GROUP BY a.id LIMIT 8   [ RunTime:0.0009s ]
INFO: [ app_end ] --START--
INFO: Run Behavior\ShowPageTraceBehavior [ RunTime:0.001188s ]
INFO: [ app_end ] --END-- [ RunTime:0.001393s ]

[ 2018-05-02T09:22:08+08:00 ] 127.0.0.1 /jiimadeeee/index.php/Home/index/getBlockInfo?block=4&goodsNum=8
INFO: [ app_init ] --START--
INFO: Run Behavior\BuildLiteBehavior [ RunTime:0.000037s ]
INFO: [ app_init ] --END-- [ RunTime:0.000753s ]
INFO: [ app_begin ] --START--
INFO: Run Behavior\ReadHtmlCacheBehavior [ RunTime:0.001370s ]
INFO: [ app_begin ] --END-- [ RunTime:0.001589s ]
SQL: SHOW COLUMNS FROM `made_category` [ RunTime:0.0009s ]
SQL: SELECT * FROM `made_category` WHERE `index_block` = '4' ORDER BY order_id asc  [ RunTime:0.0006s ]
SQL: SHOW COLUMNS FROM `made_goods` [ RunTime:0.0008s ]
SQL: SELECT a.id,a.goods_name,a.tag,max(b.goods_price) as max_goods_price,min(b.goods_price) as min_goods_price,max(b.discount_price) as max_discount_price,min(b.discount_price) as min_discount_price,max(b.img_src) as img_src FROM made_goods a LEFT JOIN made_goods_number b ON a.id = b.goods_id  WHERE `cat_id` = '7' AND `is_on_sale` = '1' GROUP BY a.id LIMIT 8   [ RunTime:0.0005s ]
SQL: SELECT a.id,a.goods_name,a.tag,max(b.goods_price) as max_goods_price,min(b.goods_price) as min_goods_price,max(b.discount_price) as max_discount_price,min(b.discount_price) as min_discount_price,max(b.img_src) as img_src FROM made_goods a LEFT JOIN made_goods_number b ON a.id = b.goods_id  WHERE `cat_id` = '8' AND `is_on_sale` = '1' GROUP BY a.id LIMIT 8   [ RunTime:0.0004s ]
INFO: [ app_end ] --START--
INFO: Run Behavior\ShowPageTraceBehavior [ RunTime:0.001093s ]
INFO: [ app_end ] --END-- [ RunTime:0.001227s ]

[ 2018-05-02T09:22:09+08:00 ] 127.0.0.1 /jiimadeeee/index.php/home/index/login?code=021bBrUw1WEhMa0kJNWw1eOoUw1bBrUA
INFO: [ app_init ] --START--
INFO: Run Behavior\BuildLiteBehavior [ RunTime:0.000044s ]
INFO: [ app_init ] --END-- [ RunTime:0.000864s ]
INFO: [ app_begin ] --START--
INFO: Run Behavior\ReadHtmlCacheBehavior [ RunTime:0.001081s ]
INFO: [ app_begin ] --END-- [ RunTime:0.001284s ]
SQL: SHOW COLUMNS FROM `made_user` [ RunTime:0.0018s ]
SQL: SELECT `id` FROM `made_user` WHERE `openid` = 'ojUv941YOJMStCvC71fzUK4iqE8g' LIMIT 1   [ RunTime:0.0005s ]
SQL: UPDATE `made_user` SET `thr_session`='70a0c2938110e7cfdb50ace1f5c2f5e5' WHERE `id` = 4 [ RunTime:0.0024s ]
INFO: [ app_end ] --START--
INFO: Run Behavior\ShowPageTraceBehavior [ RunTime:0.001452s ]
INFO: [ app_end ] --END-- [ RunTime:0.001693s ]

[ 2018-05-02T09:22:12+08:00 ] 127.0.0.1 /jiimadeeee/index.php/Home/index/getGoodsDetail?id=5
INFO: [ app_init ] --START--
INFO: Run Behavior\BuildLiteBehavior [ RunTime:0.000023s ]
INFO: [ app_init ] --END-- [ RunTime:0.000478s ]
INFO: [ app_begin ] --START--
INFO: Run Behavior\ReadHtmlCacheBehavior [ RunTime:0.000794s ]
INFO: [ app_begin ] --END-- [ RunTime:0.000947s ]
SQL: SHOW COLUMNS FROM `made_goods` [ RunTime:0.0006s ]
SQL: SELECT a.id,a.goods_name,a.tag,a.type_id,b.id as cat_id,b.name as cat_name FROM made_goods a LEFT JOIN made_category b ON a.cat_id = b.id  WHERE a.id = '5' LIMIT 1   [ RunTime:0.0004s ]
SQL: SHOW COLUMNS FROM `made_goods_number` [ RunTime:0.0005s ]
SQL: SELECT min(goods_attr_id) as goods_attr_id,max(goods_price) as max_goods_price,min(goods_price) as min_goods_price,max(discount_price) as max_discount_price,min(discount_price) as min_discount_price,max(img_src) as img_src FROM `made_goods_number` WHERE `goods_id` = '5' GROUP BY goods_id LIMIT 1   [ RunTime:0.0004s ]
SQL: SELECT `goods_attr_id`,`goods_number` FROM `made_goods_number` WHERE `goods_id` = '5' AND `goods_attr_id` = '30,32' LIMIT 1   [ RunTime:0.0002s ]
SQL: SHOW COLUMNS FROM `made_goods_img` [ RunTime:0.0004s ]
SQL: SELECT `img_src` FROM `made_goods_img` WHERE `goods_id` = '5'  [ RunTime:0.0002s ]
SQL: SHOW COLUMNS FROM `made_goods_attr` [ RunTime:0.0004s ]
SQL: SELECT a.*,b.attr_name,b.attr_type FROM made_goods_attr a LEFT JOIN made_attribute b ON a.attr_id=b.id  WHERE `goods_id` = '5'  [ RunTime:0.0003s ]
SQL: SHOW COLUMNS FROM `made_color` [ RunTime:0.0004s ]
SQL: SELECT `img_src` FROM `made_color` WHERE `id` = 4 LIMIT 1   [ RunTime:0.0002s ]
SQL: SELECT `img_src` FROM `made_color` WHERE `id` = 5 LIMIT 1   [ RunTime:0.0001s ]
SQL: SHOW COLUMNS FROM `made_goods_desc` [ RunTime:0.0004s ]
SQL: SELECT `img_src` FROM `made_goods_desc` WHERE `goods_id` = '5' ORDER BY sort_id asc  [ RunTime:0.0003s ]
NOTIC: [8] Undefined variable: attrUniData D:\wamp\wamp64\www\jiimadeeee\Application\Admin\Model\GoodsModel.class.php 第 476 行.
NOTIC: [8] Undefined variable: gn D:\wamp\wamp64\www\jiimadeeee\Application\Admin\Model\GoodsModel.class.php 第 479 行.
INFO: [ app_end ] --START--
INFO: Run Behavior\ShowPageTraceBehavior [ RunTime:0.000720s ]
INFO: [ app_end ] --END-- [ RunTime:0.000833s ]

[ 2018-05-02T09:22:14+08:00 ] 127.0.0.1 /jiimadeeee/index.php/home/index/changeAttr?goodsId=5&goodsAttrId=%2Cundefined%2C33
INFO: [ app_init ] --START--
INFO: Run Behavior\BuildLiteBehavior [ RunTime:0.000027s ]
INFO: [ app_init ] --END-- [ RunTime:0.000507s ]
INFO: [ app_begin ] --START--
INFO: Run Behavior\ReadHtmlCacheBehavior [ RunTime:0.000619s ]
INFO: [ app_begin ] --END-- [ RunTime:0.000734s ]
SQL: SHOW COLUMNS FROM `made_goods` [ RunTime:0.0005s ]
SQL: SHOW COLUMNS FROM `made_goods_number` [ RunTime:0.0007s ]
SQL: SELECT `goods_price`,`discount_price`,`goods_number`,`goods_attr_id`,`img_src` FROM `made_goods_number` WHERE `goods_id` = '5' AND `goods_attr_id` = '33' LIMIT 1   [ RunTime:0.0004s ]
SQL: SELECT `goods_attr_id`,`discount_price`,`goods_price` FROM `made_goods_number` WHERE `goods_id` = '5' AND `goods_number` > '0'  [ RunTime:0.0003s ]
SQL: SHOW COLUMNS FROM `made_goods_attr` [ RunTime:0.0007s ]
SQL: SELECT a.*,b.attr_name,b.attr_type FROM made_goods_attr a LEFT JOIN made_attribute b ON a.attr_id=b.id  WHERE a.goods_id = '5' AND b.attr_type IN (2,3)  [ RunTime:0.0005s ]
SQL: SHOW COLUMNS FROM `made_color` [ RunTime:0.0007s ]
SQL: SELECT `img_src` FROM `made_color` WHERE `id` = 4 LIMIT 1   [ RunTime:0.0006s ]
SQL: SELECT `img_src` FROM `made_color` WHERE `id` = 5 LIMIT 1   [ RunTime:0.0003s ]
INFO: [ app_end ] --START--
INFO: Run Behavior\ShowPageTraceBehavior [ RunTime:0.000753s ]
INFO: [ app_end ] --END-- [ RunTime:0.000876s ]

[ 2018-05-02T09:22:17+08:00 ] 127.0.0.1 /jiimadeeee/index.php/home/index/changeAttr?goodsId=5&goodsAttrId=%2Cundefined%2C32
INFO: [ app_init ] --START--
INFO: Run Behavior\BuildLiteBehavior [ RunTime:0.000022s ]
INFO: [ app_init ] --END-- [ RunTime:0.000461s ]
INFO: [ app_begin ] --START--
INFO: Run Behavior\ReadHtmlCacheBehavior [ RunTime:0.000642s ]
INFO: [ app_begin ] --END-- [ RunTime:0.000771s ]
SQL: SHOW COLUMNS FROM `made_goods` [ RunTime:0.0009s ]
SQL: SHOW COLUMNS FROM `made_goods_number` [ RunTime:0.0007s ]
SQL: SELECT `goods_price`,`discount_price`,`goods_number`,`goods_attr_id`,`img_src` FROM `made_goods_number` WHERE `goods_id` = '5' AND `goods_attr_id` = '32' LIMIT 1   [ RunTime:0.0004s ]
SQL: SELECT `goods_attr_id`,`discount_price`,`goods_price` FROM `made_goods_number` WHERE `goods_id` = '5' AND `goods_number` > '0'  [ RunTime:0.0003s ]
SQL: SHOW COLUMNS FROM `made_goods_attr` [ RunTime:0.0006s ]
SQL: SELECT a.*,b.attr_name,b.attr_type FROM made_goods_attr a LEFT JOIN made_attribute b ON a.attr_id=b.id  WHERE a.goods_id = '5' AND b.attr_type IN (2,3)  [ RunTime:0.0004s ]
SQL: SHOW COLUMNS FROM `made_color` [ RunTime:0.0006s ]
SQL: SELECT `img_src` FROM `made_color` WHERE `id` = 4 LIMIT 1   [ RunTime:0.0002s ]
SQL: SELECT `img_src` FROM `made_color` WHERE `id` = 5 LIMIT 1   [ RunTime:0.0002s ]
INFO: [ app_end ] --START--
INFO: Run Behavior\ShowPageTraceBehavior [ RunTime:0.000726s ]
INFO: [ app_end ] --END-- [ RunTime:0.000849s ]

[ 2018-05-02T09:22:19+08:00 ] 127.0.0.1 /jiimadeeee/index.php/home/index/changeAttr?goodsId=5&goodsAttrId=%2C30%2C32
INFO: [ app_init ] --START--
INFO: Run Behavior\BuildLiteBehavior [ RunTime:0.000021s ]
INFO: [ app_init ] --END-- [ RunTime:0.000449s ]
INFO: [ app_begin ] --START--
INFO: Run Behavior\ReadHtmlCacheBehavior [ RunTime:0.000630s ]
INFO: [ app_begin ] --END-- [ RunTime:0.000753s ]
SQL: SHOW COLUMNS FROM `made_goods` [ RunTime:0.0008s ]
SQL: SHOW COLUMNS FROM `made_goods_number` [ RunTime:0.0007s ]
SQL: SELECT `goods_price`,`discount_price`,`goods_number`,`goods_attr_id`,`img_src` FROM `made_goods_number` WHERE `goods_id` = '5' AND `goods_attr_id` = '30,32' LIMIT 1   [ RunTime:0.0004s ]
SQL: SELECT `goods_attr_id`,`discount_price`,`goods_price` FROM `made_goods_number` WHERE `goods_id` = '5' AND `goods_number` > '0'  [ RunTime:0.0003s ]
SQL: SHOW COLUMNS FROM `made_goods_attr` [ RunTime:0.0006s ]
SQL: SELECT a.*,b.attr_name,b.attr_type FROM made_goods_attr a LEFT JOIN made_attribute b ON a.attr_id=b.id  WHERE a.goods_id = '5' AND b.attr_type IN (2,3)  [ RunTime:0.0004s ]
SQL: SHOW COLUMNS FROM `made_color` [ RunTime:0.0006s ]
SQL: SELECT `img_src` FROM `made_color` WHERE `id` = 4 LIMIT 1   [ RunTime:0.0002s ]
SQL: SELECT `img_src` FROM `made_color` WHERE `id` = 5 LIMIT 1   [ RunTime:0.0002s ]
INFO: [ app_end ] --START--
INFO: Run Behavior\ShowPageTraceBehavior [ RunTime:0.000768s ]
INFO: [ app_end ] --END-- [ RunTime:0.000880s ]

[ 2018-05-02T09:22:21+08:00 ] 127.0.0.1 /jiimadeeee/index.php/home/index/changeAttr?goodsId=5&goodsAttrId=%2C31%2C32
INFO: [ app_init ] --START--
INFO: Run Behavior\BuildLiteBehavior [ RunTime:0.000022s ]
INFO: [ app_init ] --END-- [ RunTime:0.000437s ]
INFO: [ app_begin ] --START--
INFO: Run Behavior\ReadHtmlCacheBehavior [ RunTime:0.000595s ]
INFO: [ app_begin ] --END-- [ RunTime:0.000709s ]
SQL: SHOW COLUMNS FROM `made_goods` [ RunTime:0.0006s ]
SQL: SHOW COLUMNS FROM `made_goods_number` [ RunTime:0.0006s ]
SQL: SELECT `goods_price`,`discount_price`,`goods_number`,`goods_attr_id`,`img_src` FROM `made_goods_number` WHERE `goods_id` = '5' AND `goods_attr_id` = '31,32' LIMIT 1   [ RunTime:0.0004s ]
SQL: SELECT `goods_attr_id`,`discount_price`,`goods_price` FROM `made_goods_number` WHERE `goods_id` = '5' AND `goods_number` > '0'  [ RunTime:0.0003s ]
SQL: SHOW COLUMNS FROM `made_goods_attr` [ RunTime:0.0006s ]
SQL: SELECT a.*,b.attr_name,b.attr_type FROM made_goods_attr a LEFT JOIN made_attribute b ON a.attr_id=b.id  WHERE a.goods_id = '5' AND b.attr_type IN (2,3)  [ RunTime:0.0004s ]
SQL: SHOW COLUMNS FROM `made_color` [ RunTime:0.0005s ]
SQL: SELECT `img_src` FROM `made_color` WHERE `id` = 4 LIMIT 1   [ RunTime:0.0003s ]
SQL: SELECT `img_src` FROM `made_color` WHERE `id` = 5 LIMIT 1   [ RunTime:0.0002s ]
INFO: [ app_end ] --START--
INFO: Run Behavior\ShowPageTraceBehavior [ RunTime:0.001449s ]
INFO: [ app_end ] --END-- [ RunTime:0.001713s ]

[ 2018-05-02T09:22:37+08:00 ] 127.0.0.1 /jiimadeeee/index.php/home/index/changeAttr?goodsId=5&goodsAttrId=%2C30%2C32
INFO: [ app_init ] --START--
INFO: Run Behavior\BuildLiteBehavior [ RunTime:0.000047s ]
INFO: [ app_init ] --END-- [ RunTime:0.000925s ]
INFO: [ app_begin ] --START--
INFO: Run Behavior\ReadHtmlCacheBehavior [ RunTime:0.001162s ]
INFO: [ app_begin ] --END-- [ RunTime:0.001392s ]
SQL: SHOW COLUMNS FROM `made_goods` [ RunTime:0.0008s ]
SQL: SHOW COLUMNS FROM `made_goods_number` [ RunTime:0.0009s ]
SQL: SELECT `goods_price`,`discount_price`,`goods_number`,`goods_attr_id`,`img_src` FROM `made_goods_number` WHERE `goods_id` = '5' AND `goods_attr_id` = '30,32' LIMIT 1   [ RunTime:0.0004s ]
SQL: SELECT `goods_attr_id`,`discount_price`,`goods_price` FROM `made_goods_number` WHERE `goods_id` = '5' AND `goods_number` > '0'  [ RunTime:0.0003s ]
SQL: SHOW COLUMNS FROM `made_goods_attr` [ RunTime:0.0006s ]
SQL: SELECT a.*,b.attr_name,b.attr_type FROM made_goods_attr a LEFT JOIN made_attribute b ON a.attr_id=b.id  WHERE a.goods_id = '5' AND b.attr_type IN (2,3)  [ RunTime:0.0004s ]
SQL: SELECT `goods_number` FROM `made_goods_number` WHERE `goods_attr_id` = '32' AND `goods_id` = 5  [ RunTime:0.0003s ]
NOTIC: [8] Undefined offset: 0 D:\wamp\wamp64\www\jiimadeeee\Application\Admin\Model\GoodsModel.class.php 第 599 行.
SQL: SELECT `goods_number` FROM `made_goods_number` WHERE `goods_attr_id` = '33' AND `goods_id` = 5  [ RunTime:0.0003s ]
NOTIC: [8] Undefined offset: 0 D:\wamp\wamp64\www\jiimadeeee\Application\Admin\Model\GoodsModel.class.php 第 599 行.
SQL: SELECT `goods_number` FROM `made_goods_number` WHERE `goods_attr_id` = '32' AND `goods_id` = 5  [ RunTime:0.0003s ]
NOTIC: [8] Undefined offset: 0 D:\wamp\wamp64\www\jiimadeeee\Application\Admin\Model\GoodsModel.class.php 第 599 行.
SQL: SELECT `goods_number` FROM `made_goods_number` WHERE `goods_attr_id` = '33' AND `goods_id` = 5  [ RunTime:0.0003s ]
NOTIC: [8] Undefined offset: 0 D:\wamp\wamp64\www\jiimadeeee\Application\Admin\Model\GoodsModel.class.php 第 599 行.
SQL: SHOW COLUMNS FROM `made_color` [ RunTime:0.0006s ]
SQL: SELECT `img_src` FROM `made_color` WHERE `id` = 4 LIMIT 1   [ RunTime:0.0002s ]
SQL: SELECT `img_src` FROM `made_color` WHERE `id` = 5 LIMIT 1   [ RunTime:0.0002s ]
INFO: [ app_end ] --START--
INFO: Run Behavior\ShowPageTraceBehavior [ RunTime:0.000719s ]
INFO: [ app_end ] --END-- [ RunTime:0.000831s ]

[ 2018-05-02T09:23:01+08:00 ] 127.0.0.1 /jiimadeeee/index.php/Home/index/getGoodsDetail?id=5
INFO: [ app_init ] --START--
INFO: Run Behavior\BuildLiteBehavior [ RunTime:0.000051s ]
INFO: [ app_init ] --END-- [ RunTime:0.001001s ]
INFO: [ app_begin ] --START--
INFO: Run Behavior\ReadHtmlCacheBehavior [ RunTime:0.001016s ]
INFO: [ app_begin ] --END-- [ RunTime:0.001193s ]
SQL: SHOW COLUMNS FROM `made_goods` [ RunTime:0.0011s ]
SQL: SELECT a.id,a.goods_name,a.tag,a.type_id,b.id as cat_id,b.name as cat_name FROM made_goods a LEFT JOIN made_category b ON a.cat_id = b.id  WHERE a.id = '5' LIMIT 1   [ RunTime:0.0008s ]
SQL: SHOW COLUMNS FROM `made_goods_number` [ RunTime:0.0011s ]
SQL: SELECT min(goods_attr_id) as goods_attr_id,max(goods_price) as max_goods_price,min(goods_price) as min_goods_price,max(discount_price) as max_discount_price,min(discount_price) as min_discount_price,max(img_src) as img_src FROM `made_goods_number` WHERE `goods_id` = '5' GROUP BY goods_id LIMIT 1   [ RunTime:0.0010s ]
SQL: SELECT `goods_attr_id`,`goods_number` FROM `made_goods_number` WHERE `goods_id` = '5' AND `goods_attr_id` = '30,32' LIMIT 1   [ RunTime:0.0005s ]
SQL: SHOW COLUMNS FROM `made_goods_img` [ RunTime:0.0027s ]
SQL: SELECT `img_src` FROM `made_goods_img` WHERE `goods_id` = '5'  [ RunTime:0.0005s ]
SQL: SHOW COLUMNS FROM `made_goods_attr` [ RunTime:0.0008s ]
SQL: SELECT a.*,b.attr_name,b.attr_type FROM made_goods_attr a LEFT JOIN made_attribute b ON a.attr_id=b.id  WHERE `goods_id` = '5'  [ RunTime:0.0005s ]
SQL: SHOW COLUMNS FROM `made_color` [ RunTime:0.0005s ]
SQL: SELECT `img_src` FROM `made_color` WHERE `id` = 4 LIMIT 1   [ RunTime:0.0007s ]
SQL: SELECT `img_src` FROM `made_color` WHERE `id` = 5 LIMIT 1   [ RunTime:0.0004s ]
SQL: SHOW COLUMNS FROM `made_goods_desc` [ RunTime:0.0021s ]
SQL: SELECT `img_src` FROM `made_goods_desc` WHERE `goods_id` = '5' ORDER BY sort_id asc  [ RunTime:0.0004s ]
NOTIC: [8] Undefined variable: attrUniData D:\wamp\wamp64\www\jiimadeeee\Application\Admin\Model\GoodsModel.class.php 第 476 行.
NOTIC: [8] Undefined variable: gn D:\wamp\wamp64\www\jiimadeeee\Application\Admin\Model\GoodsModel.class.php 第 479 行.
INFO: [ app_end ] --START--
INFO: Run Behavior\ShowPageTraceBehavior [ RunTime:0.001076s ]
INFO: [ app_end ] --END-- [ RunTime:0.001271s ]

[ 2018-05-02T09:23:03+08:00 ] 127.0.0.1 /jiimadeeee/index.php/home/index/changeAttr?goodsId=5&goodsAttrId=%2Cundefined%2C33
INFO: [ app_init ] --START--
INFO: Run Behavior\BuildLiteBehavior [ RunTime:0.000024s ]
INFO: [ app_init ] --END-- [ RunTime:0.000465s ]
INFO: [ app_begin ] --START--
INFO: Run Behavior\ReadHtmlCacheBehavior [ RunTime:0.000570s ]
INFO: [ app_begin ] --END-- [ RunTime:0.000675s ]
SQL: SHOW COLUMNS FROM `made_goods` [ RunTime:0.0009s ]
SQL: SHOW COLUMNS FROM `made_goods_number` [ RunTime:0.0007s ]
SQL: SELECT `goods_price`,`discount_price`,`goods_number`,`goods_attr_id`,`img_src` FROM `made_goods_number` WHERE `goods_id` = '5' AND `goods_attr_id` = '33' LIMIT 1   [ RunTime:0.0004s ]
SQL: SELECT `goods_attr_id`,`discount_price`,`goods_price` FROM `made_goods_number` WHERE `goods_id` = '5' AND `goods_number` > '0'  [ RunTime:0.0003s ]
SQL: SHOW COLUMNS FROM `made_goods_attr` [ RunTime:0.0007s ]
SQL: SELECT a.*,b.attr_name,b.attr_type FROM made_goods_attr a LEFT JOIN made_attribute b ON a.attr_id=b.id  WHERE a.goods_id = '5' AND b.attr_type IN (2,3)  [ RunTime:0.0005s ]
SQL: SHOW COLUMNS FROM `made_color` [ RunTime:0.0007s ]
SQL: SELECT `img_src` FROM `made_color` WHERE `id` = 4 LIMIT 1   [ RunTime:0.0003s ]
SQL: SELECT `img_src` FROM `made_color` WHERE `id` = 5 LIMIT 1   [ RunTime:0.0002s ]
INFO: [ app_end ] --START--
INFO: Run Behavior\ShowPageTraceBehavior [ RunTime:0.000756s ]
INFO: [ app_end ] --END-- [ RunTime:0.000869s ]

[ 2018-05-02T09:23:04+08:00 ] 127.0.0.1 /jiimadeeee/index.php/home/index/changeAttr?goodsId=5&goodsAttrId=%2Cundefined%2C32
INFO: [ app_init ] --START--
INFO: Run Behavior\BuildLiteBehavior [ RunTime:0.000033s ]
INFO: [ app_init ] --END-- [ RunTime:0.000553s ]
INFO: [ app_begin ] --START--
INFO: Run Behavior\ReadHtmlCacheBehavior [ RunTime:0.000596s ]
INFO: [ app_begin ] --END-- [ RunTime:0.000708s ]
SQL: SHOW COLUMNS FROM `made_goods` [ RunTime:0.0009s ]
SQL: SHOW COLUMNS FROM `made_goods_number` [ RunTime:0.0007s ]
SQL: SELECT `goods_price`,`discount_price`,`goods_number`,`goods_attr_id`,`img_src` FROM `made_goods_number` WHERE `goods_id` = '5' AND `goods_attr_id` = '32' LIMIT 1   [ RunTime:0.0004s ]
SQL: SELECT `goods_attr_id`,`discount_price`,`goods_price` FROM `made_goods_number` WHERE `goods_id` = '5' AND `goods_number` > '0'  [ RunTime:0.0003s ]
SQL: SHOW COLUMNS FROM `made_goods_attr` [ RunTime:0.0006s ]
SQL: SELECT a.*,b.attr_name,b.attr_type FROM made_goods_attr a LEFT JOIN made_attribute b ON a.attr_id=b.id  WHERE a.goods_id = '5' AND b.attr_type IN (2,3)  [ RunTime:0.0004s ]
SQL: SHOW COLUMNS FROM `made_color` [ RunTime:0.0006s ]
SQL: SELECT `img_src` FROM `made_color` WHERE `id` = 4 LIMIT 1   [ RunTime:0.0002s ]
SQL: SELECT `img_src` FROM `made_color` WHERE `id` = 5 LIMIT 1   [ RunTime:0.0002s ]
INFO: [ app_end ] --START--
INFO: Run Behavior\ShowPageTraceBehavior [ RunTime:0.000727s ]
INFO: [ app_end ] --END-- [ RunTime:0.000840s ]

[ 2018-05-02T09:23:05+08:00 ] 127.0.0.1 /jiimadeeee/index.php/home/index/changeAttr?goodsId=5&goodsAttrId=%2C30%2C32
INFO: [ app_init ] --START--
INFO: Run Behavior\BuildLiteBehavior [ RunTime:0.000023s ]
INFO: [ app_init ] --END-- [ RunTime:0.000466s ]
INFO: [ app_begin ] --START--
INFO: Run Behavior\ReadHtmlCacheBehavior [ RunTime:0.000624s ]
INFO: [ app_begin ] --END-- [ RunTime:0.000749s ]
SQL: SHOW COLUMNS FROM `made_goods` [ RunTime:0.0005s ]
SQL: SHOW COLUMNS FROM `made_goods_number` [ RunTime:0.0003s ]
SQL: SELECT `goods_price`,`discount_price`,`goods_number`,`goods_attr_id`,`img_src` FROM `made_goods_number` WHERE `goods_id` = '5' AND `goods_attr_id` = '30,32' LIMIT 1   [ RunTime:0.0003s ]
SQL: SELECT `goods_attr_id`,`discount_price`,`goods_price` FROM `made_goods_number` WHERE `goods_id` = '5' AND `goods_number` > '0'  [ RunTime:0.0002s ]
SQL: SHOW COLUMNS FROM `made_goods_attr` [ RunTime:0.0003s ]
SQL: SELECT a.*,b.attr_name,b.attr_type FROM made_goods_attr a LEFT JOIN made_attribute b ON a.attr_id=b.id  WHERE a.goods_id = '5' AND b.attr_type IN (2,3)  [ RunTime:0.0003s ]
SQL: SHOW COLUMNS FROM `made_color` [ RunTime:0.0003s ]
SQL: SELECT `img_src` FROM `made_color` WHERE `id` = 4 LIMIT 1   [ RunTime:0.0001s ]
SQL: SELECT `img_src` FROM `made_color` WHERE `id` = 5 LIMIT 1   [ RunTime:0.0001s ]
INFO: [ app_end ] --START--
INFO: Run Behavior\ShowPageTraceBehavior [ RunTime:0.000749s ]
INFO: [ app_end ] --END-- [ RunTime:0.000861s ]

[ 2018-05-02T09:23:07+08:00 ] 127.0.0.1 /jiimadeeee/index.php/home/index/changeAttr?goodsId=5&goodsAttrId=%2C30%2C33
INFO: [ app_init ] --START--
INFO: Run Behavior\BuildLiteBehavior [ RunTime:0.000022s ]
INFO: [ app_init ] --END-- [ RunTime:0.000456s ]
INFO: [ app_begin ] --START--
INFO: Run Behavior\ReadHtmlCacheBehavior [ RunTime:0.000632s ]
INFO: [ app_begin ] --END-- [ RunTime:0.000745s ]
SQL: SHOW COLUMNS FROM `made_goods` [ RunTime:0.0009s ]
SQL: SHOW COLUMNS FROM `made_goods_number` [ RunTime:0.0009s ]
SQL: SELECT `goods_price`,`discount_price`,`goods_number`,`goods_attr_id`,`img_src` FROM `made_goods_number` WHERE `goods_id` = '5' AND `goods_attr_id` = '30,33' LIMIT 1   [ RunTime:0.0005s ]
SQL: SELECT `goods_attr_id`,`discount_price`,`goods_price` FROM `made_goods_number` WHERE `goods_id` = '5' AND `goods_number` > '0'  [ RunTime:0.0003s ]
SQL: SHOW COLUMNS FROM `made_goods_attr` [ RunTime:0.0006s ]
SQL: SELECT a.*,b.attr_name,b.attr_type FROM made_goods_attr a LEFT JOIN made_attribute b ON a.attr_id=b.id  WHERE a.goods_id = '5' AND b.attr_type IN (2,3)  [ RunTime:0.0004s ]
SQL: SHOW COLUMNS FROM `made_color` [ RunTime:0.0005s ]
SQL: SELECT `img_src` FROM `made_color` WHERE `id` = 4 LIMIT 1   [ RunTime:0.0003s ]
SQL: SELECT `img_src` FROM `made_color` WHERE `id` = 5 LIMIT 1   [ RunTime:0.0002s ]
INFO: [ app_end ] --START--
INFO: Run Behavior\ShowPageTraceBehavior [ RunTime:0.001575s ]
INFO: [ app_end ] --END-- [ RunTime:0.001849s ]

[ 2018-05-02T09:23:17+08:00 ] 127.0.0.1 /jiimadeeee/index.php/home/index/changeAttr?goodsId=5&goodsAttrId=%2C30%2C32
INFO: [ app_init ] --START--
INFO: Run Behavior\BuildLiteBehavior [ RunTime:0.000046s ]
INFO: [ app_init ] --END-- [ RunTime:0.000932s ]
INFO: [ app_begin ] --START--
INFO: Run Behavior\ReadHtmlCacheBehavior [ RunTime:0.001180s ]
INFO: [ app_begin ] --END-- [ RunTime:0.001412s ]
SQL: SHOW COLUMNS FROM `made_goods` [ RunTime:0.0008s ]
SQL: SHOW COLUMNS FROM `made_goods_number` [ RunTime:0.0007s ]
SQL: SELECT `goods_price`,`discount_price`,`goods_number`,`goods_attr_id`,`img_src` FROM `made_goods_number` WHERE `goods_id` = '5' AND `goods_attr_id` = '30,32' LIMIT 1   [ RunTime:0.0004s ]
SQL: SELECT `goods_attr_id`,`discount_price`,`goods_price` FROM `made_goods_number` WHERE `goods_id` = '5' AND `goods_number` > '0'  [ RunTime:0.0003s ]
SQL: SHOW COLUMNS FROM `made_goods_attr` [ RunTime:0.0006s ]
SQL: SELECT a.*,b.attr_name,b.attr_type FROM made_goods_attr a LEFT JOIN made_attribute b ON a.attr_id=b.id  WHERE a.goods_id = '5' AND b.attr_type IN (2,3)  [ RunTime:0.0006s ]
SQL: SHOW COLUMNS FROM `made_color` [ RunTime:0.0007s ]
SQL: SELECT `img_src` FROM `made_color` WHERE `id` = 4 LIMIT 1   [ RunTime:0.0003s ]
SQL: SELECT `img_src` FROM `made_color` WHERE `id` = 5 LIMIT 1   [ RunTime:0.0002s ]
INFO: [ app_end ] --START--
INFO: Run Behavior\ShowPageTraceBehavior [ RunTime:0.000753s ]
INFO: [ app_end ] --END-- [ RunTime:0.000864s ]

[ 2018-05-02T09:23:18+08:00 ] 127.0.0.1 /jiimadeeee/index.php/home/index/changeAttr?goodsId=5&goodsAttrId=%2C30%2C33
INFO: [ app_init ] --START--
INFO: Run Behavior\BuildLiteBehavior [ RunTime:0.000022s ]
INFO: [ app_init ] --END-- [ RunTime:0.000442s ]
INFO: [ app_begin ] --START--
INFO: Run Behavior\ReadHtmlCacheBehavior [ RunTime:0.000551s ]
INFO: [ app_begin ] --END-- [ RunTime:0.000654s ]
SQL: SHOW COLUMNS FROM `made_goods` [ RunTime:0.0008s ]
SQL: SHOW COLUMNS FROM `made_goods_number` [ RunTime:0.0007s ]
SQL: SELECT `goods_price`,`discount_price`,`goods_number`,`goods_attr_id`,`img_src` FROM `made_goods_number` WHERE `goods_id` = '5' AND `goods_attr_id` = '30,33' LIMIT 1   [ RunTime:0.0004s ]
SQL: SELECT `goods_attr_id`,`discount_price`,`goods_price` FROM `made_goods_number` WHERE `goods_id` = '5' AND `goods_number` > '0'  [ RunTime:0.0003s ]
SQL: SHOW COLUMNS FROM `made_goods_attr` [ RunTime:0.0006s ]
SQL: SELECT a.*,b.attr_name,b.attr_type FROM made_goods_attr a LEFT JOIN made_attribute b ON a.attr_id=b.id  WHERE a.goods_id = '5' AND b.attr_type IN (2,3)  [ RunTime:0.0004s ]
SQL: SHOW COLUMNS FROM `made_color` [ RunTime:0.0006s ]
SQL: SELECT `img_src` FROM `made_color` WHERE `id` = 4 LIMIT 1   [ RunTime:0.0002s ]
SQL: SELECT `img_src` FROM `made_color` WHERE `id` = 5 LIMIT 1   [ RunTime:0.0002s ]
INFO: [ app_end ] --START--
INFO: Run Behavior\ShowPageTraceBehavior [ RunTime:0.000736s ]
INFO: [ app_end ] --END-- [ RunTime:0.000852s ]

[ 2018-05-02T09:23:20+08:00 ] 127.0.0.1 /jiimadeeee/index.php/home/index/changeAttr?goodsId=5&goodsAttrId=%2C30%2C32
INFO: [ app_init ] --START--
INFO: Run Behavior\BuildLiteBehavior [ RunTime:0.000022s ]
INFO: [ app_init ] --END-- [ RunTime:0.000427s ]
INFO: [ app_begin ] --START--
INFO: Run Behavior\ReadHtmlCacheBehavior [ RunTime:0.000657s ]
INFO: [ app_begin ] --END-- [ RunTime:0.000766s ]
SQL: SHOW COLUMNS FROM `made_goods` [ RunTime:0.0009s ]
SQL: SHOW COLUMNS FROM `made_goods_number` [ RunTime:0.0008s ]
SQL: SELECT `goods_price`,`discount_price`,`goods_number`,`goods_attr_id`,`img_src` FROM `made_goods_number` WHERE `goods_id` = '5' AND `goods_attr_id` = '30,32' LIMIT 1   [ RunTime:0.0004s ]
SQL: SELECT `goods_attr_id`,`discount_price`,`goods_price` FROM `made_goods_number` WHERE `goods_id` = '5' AND `goods_number` > '0'  [ RunTime:0.0003s ]
SQL: SHOW COLUMNS FROM `made_goods_attr` [ RunTime:0.0006s ]
SQL: SELECT a.*,b.attr_name,b.attr_type FROM made_goods_attr a LEFT JOIN made_attribute b ON a.attr_id=b.id  WHERE a.goods_id = '5' AND b.attr_type IN (2,3)  [ RunTime:0.0005s ]
SQL: SHOW COLUMNS FROM `made_color` [ RunTime:0.0008s ]
SQL: SELECT `img_src` FROM `made_color` WHERE `id` = 4 LIMIT 1   [ RunTime:0.0004s ]
SQL: SELECT `img_src` FROM `made_color` WHERE `id` = 5 LIMIT 1   [ RunTime:0.0002s ]
INFO: [ app_end ] --START--
INFO: Run Behavior\ShowPageTraceBehavior [ RunTime:0.000779s ]
INFO: [ app_end ] --END-- [ RunTime:0.000890s ]

[ 2018-05-02T09:23:46+08:00 ] 127.0.0.1 /jiimadeeee/index.php/home/index/changeAttr?goodsId=5&goodsAttrId=%2C31%2C32
INFO: [ app_init ] --START--
INFO: Run Behavior\BuildLiteBehavior [ RunTime:0.000046s ]
INFO: [ app_init ] --END-- [ RunTime:0.000912s ]
INFO: [ app_begin ] --START--
INFO: Run Behavior\ReadHtmlCacheBehavior [ RunTime:0.001307s ]
INFO: [ app_begin ] --END-- [ RunTime:0.001574s ]
SQL: SHOW COLUMNS FROM `made_goods` [ RunTime:0.0008s ]
SQL: SHOW COLUMNS FROM `made_goods_number` [ RunTime:0.0007s ]
SQL: SELECT `goods_price`,`discount_price`,`goods_number`,`goods_attr_id`,`img_src` FROM `made_goods_number` WHERE `goods_id` = '5' AND `goods_attr_id` = '31,32' LIMIT 1   [ RunTime:0.0004s ]
SQL: SELECT `goods_attr_id`,`discount_price`,`goods_price` FROM `made_goods_number` WHERE `goods_id` = '5' AND `goods_number` > '0'  [ RunTime:0.0003s ]
SQL: SHOW COLUMNS FROM `made_goods_attr` [ RunTime:0.0006s ]
SQL: SELECT a.*,b.attr_name,b.attr_type FROM made_goods_attr a LEFT JOIN made_attribute b ON a.attr_id=b.id  WHERE a.goods_id = '5' AND b.attr_type IN (2,3)  [ RunTime:0.0004s ]
SQL: SHOW COLUMNS FROM `made_color` [ RunTime:0.0007s ]
SQL: SELECT `img_src` FROM `made_color` WHERE `id` = 4 LIMIT 1   [ RunTime:0.0005s ]
SQL: SELECT `img_src` FROM `made_color` WHERE `id` = 5 LIMIT 1   [ RunTime:0.0003s ]
INFO: [ app_end ] --START--
INFO: Run Behavior\ShowPageTraceBehavior [ RunTime:0.000868s ]
INFO: [ app_end ] --END-- [ RunTime:0.000979s ]

[ 2018-05-02T09:23:48+08:00 ] 127.0.0.1 /jiimadeeee/index.php/home/index/changeAttr?goodsId=5&goodsAttrId=%2C30%2C32
INFO: [ app_init ] --START--
INFO: Run Behavior\BuildLiteBehavior [ RunTime:0.000023s ]
INFO: [ app_init ] --END-- [ RunTime:0.000475s ]
INFO: [ app_begin ] --START--
INFO: Run Behavior\ReadHtmlCacheBehavior [ RunTime:0.000621s ]
INFO: [ app_begin ] --END-- [ RunTime:0.000733s ]
SQL: SHOW COLUMNS FROM `made_goods` [ RunTime:0.0011s ]
SQL: SHOW COLUMNS FROM `made_goods_number` [ RunTime:0.0007s ]
SQL: SELECT `goods_price`,`discount_price`,`goods_number`,`goods_attr_id`,`img_src` FROM `made_goods_number` WHERE `goods_id` = '5' AND `goods_attr_id` = '30,32' LIMIT 1   [ RunTime:0.0004s ]
SQL: SELECT `goods_attr_id`,`discount_price`,`goods_price` FROM `made_goods_number` WHERE `goods_id` = '5' AND `goods_number` > '0'  [ RunTime:0.0003s ]
SQL: SHOW COLUMNS FROM `made_goods_attr` [ RunTime:0.0006s ]
SQL: SELECT a.*,b.attr_name,b.attr_type FROM made_goods_attr a LEFT JOIN made_attribute b ON a.attr_id=b.id  WHERE a.goods_id = '5' AND b.attr_type IN (2,3)  [ RunTime:0.0004s ]
SQL: SHOW COLUMNS FROM `made_color` [ RunTime:0.0006s ]
SQL: SELECT `img_src` FROM `made_color` WHERE `id` = 4 LIMIT 1   [ RunTime:0.0002s ]
SQL: SELECT `img_src` FROM `made_color` WHERE `id` = 5 LIMIT 1   [ RunTime:0.0002s ]
INFO: [ app_end ] --START--
INFO: Run Behavior\ShowPageTraceBehavior [ RunTime:0.000739s ]
INFO: [ app_end ] --END-- [ RunTime:0.000849s ]

