[ 2018-07-18T09:14:25+08:00 ] ::1 /jiimadeeee/index.php/home/index/index
INFO: [ app_init ] --START--
INFO: Run Behavior\BuildLiteBehavior [ RunTime:0.000140s ]
INFO: [ app_init ] --END-- [ RunTime:0.002106s ]
INFO: [ app_begin ] --START--
INFO: Run Behavior\ReadHtmlCacheBehavior [ RunTime:0.002873s ]
INFO: [ app_begin ] --END-- [ RunTime:0.003763s ]
NOTIC: [2048] Declaration of Home\Controller\IndexController::theme() should be compatible with Think\Controller::theme($theme) D:\wamp\wamp64\www\jiimadeeee\Application\Home\Controller\IndexController.class.php 第 274 行.
INFO: [ view_parse ] --START--
INFO: Run Behavior\ParseTemplateBehavior [ RunTime:0.002010s ]
INFO: [ view_parse ] --END-- [ RunTime:0.002855s ]
INFO: [ view_filter ] --START--
INFO: Run Behavior\WriteHtmlCacheBehavior [ RunTime:0.001946s ]
INFO: [ view_filter ] --END-- [ RunTime:0.002876s ]
INFO: [ app_end ] --START--
INFO: Run Behavior\ShowPageTraceBehavior [ RunTime:0.002974s ]
INFO: [ app_end ] --END-- [ RunTime:0.004657s ]

[ 2018-07-18T14:33:00+08:00 ] 127.0.0.1 /jiimadeeee/index.php/Home/index/getCarouselImg
INFO: [ app_init ] --START--
INFO: Run Behavior\BuildLiteBehavior [ RunTime:0.000029s ]
INFO: [ app_init ] --END-- [ RunTime:0.000577s ]
INFO: [ app_begin ] --START--
INFO: Run Behavior\ReadHtmlCacheBehavior [ RunTime:0.000974s ]
INFO: [ app_begin ] --END-- [ RunTime:0.001239s ]
NOTIC: [2048] Declaration of Home\Controller\IndexController::theme() should be compatible with Think\Controller::theme($theme) D:\wamp\wamp64\www\jiimadeeee\Application\Home\Controller\IndexController.class.php 第 274 行.
SQL: SHOW COLUMNS FROM `made_carousel` [ RunTime:0.0009s ]
SQL: SELECT * FROM `made_carousel` ORDER BY sort_id asc  [ RunTime:0.0008s ]
INFO: [ app_end ] --START--
INFO: Run Behavior\ShowPageTraceBehavior [ RunTime:0.000784s ]
INFO: [ app_end ] --END-- [ RunTime:0.000995s ]

[ 2018-07-18T14:33:00+08:00 ] 127.0.0.1 /jiimadeeee/index.php/Home/index/getArticle?num=5
INFO: [ app_init ] --START--
INFO: Run Behavior\BuildLiteBehavior [ RunTime:0.000046s ]
INFO: [ app_init ] --END-- [ RunTime:0.000867s ]
INFO: [ app_begin ] --START--
INFO: Run Behavior\ReadHtmlCacheBehavior [ RunTime:0.001081s ]
INFO: [ app_begin ] --END-- [ RunTime:0.001362s ]
NOTIC: [2048] Declaration of Home\Controller\IndexController::theme() should be compatible with Think\Controller::theme($theme) D:\wamp\wamp64\www\jiimadeeee\Application\Home\Controller\IndexController.class.php 第 274 行.
SQL: SHOW COLUMNS FROM `made_article` [ RunTime:0.0022s ]
SQL: SELECT * FROM `made_article` WHERE `is_index` = '1' ORDER BY sort_id asc LIMIT 5   [ RunTime:0.0006s ]
INFO: [ app_end ] --START--
INFO: Run Behavior\ShowPageTraceBehavior [ RunTime:0.001070s ]
INFO: [ app_end ] --END-- [ RunTime:0.001256s ]

[ 2018-07-18T14:33:00+08:00 ] 127.0.0.1 /jiimadeeee/index.php/Home/index/getBlockInfo?block=1&goodsNum=8
INFO: [ app_init ] --START--
INFO: Run Behavior\BuildLiteBehavior [ RunTime:0.000046s ]
INFO: [ app_init ] --END-- [ RunTime:0.000798s ]
INFO: [ app_begin ] --START--
INFO: Run Behavior\ReadHtmlCacheBehavior [ RunTime:0.000830s ]
INFO: [ app_begin ] --END-- [ RunTime:0.001051s ]
NOTIC: [2048] Declaration of Home\Controller\IndexController::theme() should be compatible with Think\Controller::theme($theme) D:\wamp\wamp64\www\jiimadeeee\Application\Home\Controller\IndexController.class.php 第 274 行.
SQL: SHOW COLUMNS FROM `made_category` [ RunTime:0.0025s ]
SQL: SELECT * FROM `made_category` WHERE `index_block` = '1' ORDER BY order_id asc  [ RunTime:0.0008s ]
SQL: SHOW COLUMNS FROM `made_goods` [ RunTime:0.0010s ]
SQL: SELECT a.id,a.goods_name,a.tag,max(b.goods_price) as max_goods_price,min(b.goods_price) as min_goods_price,max(b.discount_price) as max_discount_price,min(b.discount_price) as min_discount_price,max(b.img_src) as img_src FROM made_goods a LEFT JOIN made_goods_number b ON a.id = b.goods_id  WHERE `cat_id` = '3' AND `is_on_sale` = '1' GROUP BY a.id LIMIT 8   [ RunTime:0.0045s ]
INFO: [ app_end ] --START--
INFO: Run Behavior\ShowPageTraceBehavior [ RunTime:0.001212s ]
INFO: [ app_end ] --END-- [ RunTime:0.001419s ]

[ 2018-07-18T14:33:00+08:00 ] 127.0.0.1 /jiimadeeee/index.php/Home/index/getBlockInfo?block=3&goodsNum=8
INFO: [ app_init ] --START--
INFO: Run Behavior\BuildLiteBehavior [ RunTime:0.000039s ]
INFO: [ app_init ] --END-- [ RunTime:0.000713s ]
INFO: [ app_begin ] --START--
INFO: Run Behavior\ReadHtmlCacheBehavior [ RunTime:0.004142s ]
INFO: [ app_begin ] --END-- [ RunTime:0.005596s ]
NOTIC: [2048] Declaration of Home\Controller\IndexController::theme() should be compatible with Think\Controller::theme($theme) D:\wamp\wamp64\www\jiimadeeee\Application\Home\Controller\IndexController.class.php 第 274 行.
SQL: SHOW COLUMNS FROM `made_category` [ RunTime:0.0011s ]
SQL: SELECT * FROM `made_category` WHERE `index_block` = '3' ORDER BY order_id asc  [ RunTime:0.0014s ]
SQL: SHOW COLUMNS FROM `made_goods` [ RunTime:0.0010s ]
SQL: SELECT a.id,a.goods_name,a.tag,max(b.goods_price) as max_goods_price,min(b.goods_price) as min_goods_price,max(b.discount_price) as max_discount_price,min(b.discount_price) as min_discount_price,max(b.img_src) as img_src FROM made_goods a LEFT JOIN made_goods_number b ON a.id = b.goods_id  WHERE `cat_id` = '1' AND `is_on_sale` = '1' GROUP BY a.id LIMIT 8   [ RunTime:0.0008s ]
INFO: [ app_end ] --START--
INFO: Run Behavior\ShowPageTraceBehavior [ RunTime:0.002698s ]
INFO: [ app_end ] --END-- [ RunTime:0.004020s ]

[ 2018-07-18T14:33:00+08:00 ] 127.0.0.1 /jiimadeeee/index.php/Home/index/getBlockInfo?block=4&goodsNum=8
INFO: [ app_init ] --START--
INFO: Run Behavior\BuildLiteBehavior [ RunTime:0.000039s ]
INFO: [ app_init ] --END-- [ RunTime:0.000591s ]
INFO: [ app_begin ] --START--
INFO: Run Behavior\ReadHtmlCacheBehavior [ RunTime:0.002685s ]
INFO: [ app_begin ] --END-- [ RunTime:0.003308s ]
NOTIC: [2048] Declaration of Home\Controller\IndexController::theme() should be compatible with Think\Controller::theme($theme) D:\wamp\wamp64\www\jiimadeeee\Application\Home\Controller\IndexController.class.php 第 274 行.
SQL: SHOW COLUMNS FROM `made_category` [ RunTime:0.0015s ]
SQL: SELECT * FROM `made_category` WHERE `index_block` = '4' ORDER BY order_id asc  [ RunTime:0.0007s ]
SQL: SHOW COLUMNS FROM `made_goods` [ RunTime:0.0010s ]
SQL: SELECT a.id,a.goods_name,a.tag,max(b.goods_price) as max_goods_price,min(b.goods_price) as min_goods_price,max(b.discount_price) as max_discount_price,min(b.discount_price) as min_discount_price,max(b.img_src) as img_src FROM made_goods a LEFT JOIN made_goods_number b ON a.id = b.goods_id  WHERE `cat_id` = '7' AND `is_on_sale` = '1' GROUP BY a.id LIMIT 8   [ RunTime:0.0013s ]
SQL: SELECT a.id,a.goods_name,a.tag,max(b.goods_price) as max_goods_price,min(b.goods_price) as min_goods_price,max(b.discount_price) as max_discount_price,min(b.discount_price) as min_discount_price,max(b.img_src) as img_src FROM made_goods a LEFT JOIN made_goods_number b ON a.id = b.goods_id  WHERE `cat_id` = '8' AND `is_on_sale` = '1' GROUP BY a.id LIMIT 8   [ RunTime:0.0012s ]
INFO: [ app_end ] --START--
INFO: Run Behavior\ShowPageTraceBehavior [ RunTime:0.002587s ]
INFO: [ app_end ] --END-- [ RunTime:0.002843s ]

[ 2018-07-18T14:33:00+08:00 ] 127.0.0.1 /jiimadeeee/index.php/Home/index/getBlockInfo?block=2&goodsNum=8
INFO: [ app_init ] --START--
INFO: Run Behavior\BuildLiteBehavior [ RunTime:0.000340s ]
INFO: [ app_init ] --END-- [ RunTime:0.003521s ]
INFO: [ app_begin ] --START--
INFO: Run Behavior\ReadHtmlCacheBehavior [ RunTime:0.006822s ]
INFO: [ app_begin ] --END-- [ RunTime:0.007937s ]
NOTIC: [2048] Declaration of Home\Controller\IndexController::theme() should be compatible with Think\Controller::theme($theme) D:\wamp\wamp64\www\jiimadeeee\Application\Home\Controller\IndexController.class.php 第 274 行.
SQL: SHOW COLUMNS FROM `made_category` [ RunTime:0.0032s ]
SQL: SELECT * FROM `made_category` WHERE `index_block` = '2' ORDER BY order_id asc  [ RunTime:0.0010s ]
SQL: SHOW COLUMNS FROM `made_goods` [ RunTime:0.0103s ]
SQL: SELECT a.id,a.goods_name,a.tag,max(b.goods_price) as max_goods_price,min(b.goods_price) as min_goods_price,max(b.discount_price) as max_discount_price,min(b.discount_price) as min_discount_price,max(b.img_src) as img_src FROM made_goods a LEFT JOIN made_goods_number b ON a.id = b.goods_id  WHERE `cat_id` = '5' AND `is_on_sale` = '1' GROUP BY a.id LIMIT 8   [ RunTime:0.0025s ]
SQL: SELECT a.id,a.goods_name,a.tag,max(b.goods_price) as max_goods_price,min(b.goods_price) as min_goods_price,max(b.discount_price) as max_discount_price,min(b.discount_price) as min_discount_price,max(b.img_src) as img_src FROM made_goods a LEFT JOIN made_goods_number b ON a.id = b.goods_id  WHERE `cat_id` = '6' AND `is_on_sale` = '1' GROUP BY a.id LIMIT 8   [ RunTime:0.0014s ]
INFO: [ app_end ] --START--
INFO: Run Behavior\ShowPageTraceBehavior [ RunTime:0.001252s ]
INFO: [ app_end ] --END-- [ RunTime:0.001447s ]

[ 2018-07-18T14:33:25+08:00 ] 127.0.0.1 /jiimadeeee/index.php/Home/index/getCate
INFO: [ app_init ] --START--
INFO: Run Behavior\BuildLiteBehavior [ RunTime:0.000042s ]
INFO: [ app_init ] --END-- [ RunTime:0.000692s ]
INFO: [ app_begin ] --START--
INFO: Run Behavior\ReadHtmlCacheBehavior [ RunTime:0.006228s ]
INFO: [ app_begin ] --END-- [ RunTime:0.007653s ]
NOTIC: [2048] Declaration of Home\Controller\IndexController::theme() should be compatible with Think\Controller::theme($theme) D:\wamp\wamp64\www\jiimadeeee\Application\Home\Controller\IndexController.class.php 第 274 行.
SQL: SHOW COLUMNS FROM `made_category` [ RunTime:0.0070s ]
SQL: SELECT * FROM `made_category` WHERE `is_index` = '1' ORDER BY order_id asc  [ RunTime:0.0020s ]
INFO: [ app_end ] --START--
INFO: Run Behavior\ShowPageTraceBehavior [ RunTime:0.003616s ]
INFO: [ app_end ] --END-- [ RunTime:0.004295s ]

[ 2018-07-18T14:33:31+08:00 ] 127.0.0.1 /jiimadeeee/index.php/Home/index/listCart?userId=13&thr_session=689d98a2857146be1dc5c1d297c52d00
INFO: [ app_init ] --START--
INFO: Run Behavior\BuildLiteBehavior [ RunTime:0.000228s ]
INFO: [ app_init ] --END-- [ RunTime:0.003291s ]
INFO: [ app_begin ] --START--
INFO: Run Behavior\ReadHtmlCacheBehavior [ RunTime:0.003740s ]
INFO: [ app_begin ] --END-- [ RunTime:0.004587s ]
NOTIC: [2048] Declaration of Home\Controller\IndexController::theme() should be compatible with Think\Controller::theme($theme) D:\wamp\wamp64\www\jiimadeeee\Application\Home\Controller\IndexController.class.php 第 274 行.
SQL: SHOW COLUMNS FROM `made_cart` [ RunTime:0.0017s ]
SQL: SELECT * FROM `made_cart` WHERE `user_id` = '13'  [ RunTime:0.0014s ]
SQL: SHOW COLUMNS FROM `made_goods_number` [ RunTime:0.0038s ]
SQL: SHOW COLUMNS FROM `made_goods_attr` [ RunTime:0.0017s ]
SQL: SHOW COLUMNS FROM `made_goods` [ RunTime:0.0022s ]
SQL: SHOW COLUMNS FROM `made_color` [ RunTime:0.0017s ]
SQL: SHOW COLUMNS FROM `made_user` [ RunTime:0.0030s ]
SQL: SELECT `thr_session` FROM `made_user` WHERE `id` = 13 LIMIT 1   [ RunTime:0.0009s ]
SQL: SHOW COLUMNS FROM `made_cart_module` [ RunTime:0.0011s ]
INFO: [ app_end ] --START--
INFO: Run Behavior\ShowPageTraceBehavior [ RunTime:0.004998s ]
INFO: [ app_end ] --END-- [ RunTime:0.005808s ]

[ 2018-07-18T14:33:31+08:00 ] 127.0.0.1 /jiimadeeee/index.php/Home/index/listCart?userId=13&thr_session=689d98a2857146be1dc5c1d297c52d00
INFO: [ app_init ] --START--
INFO: Run Behavior\BuildLiteBehavior [ RunTime:0.000186s ]
INFO: [ app_init ] --END-- [ RunTime:0.002990s ]
INFO: [ app_begin ] --START--
INFO: Run Behavior\ReadHtmlCacheBehavior [ RunTime:0.004413s ]
INFO: [ app_begin ] --END-- [ RunTime:0.005914s ]
NOTIC: [2048] Declaration of Home\Controller\IndexController::theme() should be compatible with Think\Controller::theme($theme) D:\wamp\wamp64\www\jiimadeeee\Application\Home\Controller\IndexController.class.php 第 274 行.
SQL: SHOW COLUMNS FROM `made_cart` [ RunTime:0.0066s ]
SQL: SELECT * FROM `made_cart` WHERE `user_id` = '13'  [ RunTime:0.0009s ]
SQL: SHOW COLUMNS FROM `made_goods_number` [ RunTime:0.0021s ]
SQL: SHOW COLUMNS FROM `made_goods_attr` [ RunTime:0.0015s ]
SQL: SHOW COLUMNS FROM `made_goods` [ RunTime:0.0027s ]
SQL: SHOW COLUMNS FROM `made_color` [ RunTime:0.0023s ]
SQL: SHOW COLUMNS FROM `made_user` [ RunTime:0.0054s ]
SQL: SELECT `thr_session` FROM `made_user` WHERE `id` = 13 LIMIT 1   [ RunTime:0.0009s ]
SQL: SHOW COLUMNS FROM `made_cart_module` [ RunTime:0.0058s ]
INFO: [ app_end ] --START--
INFO: Run Behavior\ShowPageTraceBehavior [ RunTime:0.000939s ]
INFO: [ app_end ] --END-- [ RunTime:0.001167s ]

[ 2018-07-18T14:33:36+08:00 ] 127.0.0.1 /jiimadeeee/index.php/Home/index/checkQuote?userId=13&thr_session=689d98a2857146be1dc5c1d297c52d00
INFO: [ app_init ] --START--
INFO: Run Behavior\BuildLiteBehavior [ RunTime:0.000056s ]
INFO: [ app_init ] --END-- [ RunTime:0.000799s ]
INFO: [ app_begin ] --START--
INFO: Run Behavior\ReadHtmlCacheBehavior [ RunTime:0.000942s ]
INFO: [ app_begin ] --END-- [ RunTime:0.001143s ]
NOTIC: [2048] Declaration of Home\Controller\IndexController::theme() should be compatible with Think\Controller::theme($theme) D:\wamp\wamp64\www\jiimadeeee\Application\Home\Controller\IndexController.class.php 第 274 行.
SQL: SHOW COLUMNS FROM `made_quote` [ RunTime:0.0037s ]
SQL: SHOW COLUMNS FROM `made_user` [ RunTime:0.0020s ]
SQL: SELECT `thr_session` FROM `made_user` WHERE `id` = 13 LIMIT 1   [ RunTime:0.0010s ]
SQL: SELECT * FROM `made_quote` WHERE `user_id` = '13'  [ RunTime:0.0008s ]
INFO: [ app_end ] --START--
INFO: Run Behavior\ShowPageTraceBehavior [ RunTime:0.001220s ]
INFO: [ app_end ] --END-- [ RunTime:0.001405s ]

[ 2018-07-18T14:33:36+08:00 ] 127.0.0.1 /jiimadeeee/index.php/Home/index/orderState?userId=13&thr_session=689d98a2857146be1dc5c1d297c52d00
INFO: [ app_init ] --START--
INFO: Run Behavior\BuildLiteBehavior [ RunTime:0.000040s ]
INFO: [ app_init ] --END-- [ RunTime:0.000646s ]
INFO: [ app_begin ] --START--
INFO: Run Behavior\ReadHtmlCacheBehavior [ RunTime:0.000957s ]
INFO: [ app_begin ] --END-- [ RunTime:0.001205s ]
NOTIC: [2048] Declaration of Home\Controller\IndexController::theme() should be compatible with Think\Controller::theme($theme) D:\wamp\wamp64\www\jiimadeeee\Application\Home\Controller\IndexController.class.php 第 274 行.
SQL: SHOW COLUMNS FROM `made_order` [ RunTime:0.0030s ]
SQL: SHOW COLUMNS FROM `made_user` [ RunTime:0.0018s ]
SQL: SELECT `thr_session` FROM `made_user` WHERE `id` = 13 LIMIT 1   [ RunTime:0.0006s ]
SQL: SELECT * FROM `made_order` WHERE `user_id` = '13'  [ RunTime:0.0005s ]
INFO: [ app_end ] --START--
INFO: Run Behavior\ShowPageTraceBehavior [ RunTime:0.003688s ]
INFO: [ app_end ] --END-- [ RunTime:0.004651s ]

[ 2018-07-18T14:33:36+08:00 ] 127.0.0.1 /jiimadeeee/index.php/Home/index/orderState?userId=13&thr_session=689d98a2857146be1dc5c1d297c52d00
INFO: [ app_init ] --START--
INFO: Run Behavior\BuildLiteBehavior [ RunTime:0.000048s ]
INFO: [ app_init ] --END-- [ RunTime:0.003685s ]
INFO: [ app_begin ] --START--
INFO: Run Behavior\ReadHtmlCacheBehavior [ RunTime:0.001818s ]
INFO: [ app_begin ] --END-- [ RunTime:0.002093s ]
NOTIC: [2048] Declaration of Home\Controller\IndexController::theme() should be compatible with Think\Controller::theme($theme) D:\wamp\wamp64\www\jiimadeeee\Application\Home\Controller\IndexController.class.php 第 274 行.
SQL: SHOW COLUMNS FROM `made_order` [ RunTime:0.0089s ]
SQL: SHOW COLUMNS FROM `made_user` [ RunTime:0.0074s ]
SQL: SELECT `thr_session` FROM `made_user` WHERE `id` = 13 LIMIT 1   [ RunTime:0.0010s ]
SQL: SELECT * FROM `made_order` WHERE `user_id` = '13'  [ RunTime:0.0006s ]
INFO: [ app_end ] --START--
INFO: Run Behavior\ShowPageTraceBehavior [ RunTime:0.001207s ]
INFO: [ app_end ] --END-- [ RunTime:0.001454s ]

[ 2018-07-18T14:33:36+08:00 ] 127.0.0.1 /jiimadeeee/index.php/Home/index/checkQuote?userId=13&thr_session=689d98a2857146be1dc5c1d297c52d00
INFO: [ app_init ] --START--
INFO: Run Behavior\BuildLiteBehavior [ RunTime:0.000039s ]
INFO: [ app_init ] --END-- [ RunTime:0.000598s ]
INFO: [ app_begin ] --START--
INFO: Run Behavior\ReadHtmlCacheBehavior [ RunTime:0.000871s ]
INFO: [ app_begin ] --END-- [ RunTime:0.001102s ]
NOTIC: [2048] Declaration of Home\Controller\IndexController::theme() should be compatible with Think\Controller::theme($theme) D:\wamp\wamp64\www\jiimadeeee\Application\Home\Controller\IndexController.class.php 第 274 行.
SQL: SHOW COLUMNS FROM `made_quote` [ RunTime:0.0009s ]
SQL: SHOW COLUMNS FROM `made_user` [ RunTime:0.0022s ]
SQL: SELECT `thr_session` FROM `made_user` WHERE `id` = 13 LIMIT 1   [ RunTime:0.0008s ]
SQL: SELECT * FROM `made_quote` WHERE `user_id` = '13'  [ RunTime:0.0010s ]
INFO: [ app_end ] --START--
INFO: Run Behavior\ShowPageTraceBehavior [ RunTime:0.001535s ]
INFO: [ app_end ] --END-- [ RunTime:0.001783s ]

[ 2018-07-18T14:33:39+08:00 ] 127.0.0.1 /jiimadeeee/index.php/Home/index/orderState?userId=13&thr_session=689d98a2857146be1dc5c1d297c52d00
INFO: [ app_init ] --START--
INFO: Run Behavior\BuildLiteBehavior [ RunTime:0.000065s ]
INFO: [ app_init ] --END-- [ RunTime:0.000762s ]
INFO: [ app_begin ] --START--
INFO: Run Behavior\ReadHtmlCacheBehavior [ RunTime:0.000800s ]
INFO: [ app_begin ] --END-- [ RunTime:0.001019s ]
NOTIC: [2048] Declaration of Home\Controller\IndexController::theme() should be compatible with Think\Controller::theme($theme) D:\wamp\wamp64\www\jiimadeeee\Application\Home\Controller\IndexController.class.php 第 274 行.
SQL: SHOW COLUMNS FROM `made_order` [ RunTime:0.0026s ]
SQL: SHOW COLUMNS FROM `made_user` [ RunTime:0.0026s ]
SQL: SELECT `thr_session` FROM `made_user` WHERE `id` = 13 LIMIT 1   [ RunTime:0.0006s ]
SQL: SELECT * FROM `made_order` WHERE `user_id` = '13'  [ RunTime:0.0006s ]
INFO: [ app_end ] --START--
INFO: Run Behavior\ShowPageTraceBehavior [ RunTime:0.000979s ]
INFO: [ app_end ] --END-- [ RunTime:0.001201s ]

[ 2018-07-18T14:33:39+08:00 ] 127.0.0.1 /jiimadeeee/index.php/Home/index/orderState?userId=13&thr_session=689d98a2857146be1dc5c1d297c52d00
INFO: [ app_init ] --START--
INFO: Run Behavior\BuildLiteBehavior [ RunTime:0.000041s ]
INFO: [ app_init ] --END-- [ RunTime:0.000711s ]
INFO: [ app_begin ] --START--
INFO: Run Behavior\ReadHtmlCacheBehavior [ RunTime:0.001275s ]
INFO: [ app_begin ] --END-- [ RunTime:0.001562s ]
NOTIC: [2048] Declaration of Home\Controller\IndexController::theme() should be compatible with Think\Controller::theme($theme) D:\wamp\wamp64\www\jiimadeeee\Application\Home\Controller\IndexController.class.php 第 274 行.
SQL: SHOW COLUMNS FROM `made_order` [ RunTime:0.0008s ]
SQL: SHOW COLUMNS FROM `made_user` [ RunTime:0.0012s ]
SQL: SELECT `thr_session` FROM `made_user` WHERE `id` = 13 LIMIT 1   [ RunTime:0.0008s ]
SQL: SELECT * FROM `made_order` WHERE `user_id` = '13'  [ RunTime:0.0007s ]
INFO: [ app_end ] --START--
INFO: Run Behavior\ShowPageTraceBehavior [ RunTime:0.001133s ]
INFO: [ app_end ] --END-- [ RunTime:0.001364s ]

[ 2018-07-18T14:33:39+08:00 ] 127.0.0.1 /jiimadeeee/index.php/Home/index/checkQuote?userId=13&thr_session=689d98a2857146be1dc5c1d297c52d00
INFO: [ app_init ] --START--
INFO: Run Behavior\BuildLiteBehavior [ RunTime:0.000052s ]
INFO: [ app_init ] --END-- [ RunTime:0.001033s ]
INFO: [ app_begin ] --START--
INFO: Run Behavior\ReadHtmlCacheBehavior [ RunTime:0.001275s ]
INFO: [ app_begin ] --END-- [ RunTime:0.001666s ]
NOTIC: [2048] Declaration of Home\Controller\IndexController::theme() should be compatible with Think\Controller::theme($theme) D:\wamp\wamp64\www\jiimadeeee\Application\Home\Controller\IndexController.class.php 第 274 行.
SQL: SHOW COLUMNS FROM `made_quote` [ RunTime:0.0023s ]
SQL: SHOW COLUMNS FROM `made_user` [ RunTime:0.0069s ]
SQL: SELECT `thr_session` FROM `made_user` WHERE `id` = 13 LIMIT 1   [ RunTime:0.0008s ]
SQL: SELECT * FROM `made_quote` WHERE `user_id` = '13'  [ RunTime:0.0014s ]
INFO: [ app_end ] --START--
INFO: Run Behavior\ShowPageTraceBehavior [ RunTime:0.004805s ]
INFO: [ app_end ] --END-- [ RunTime:0.005979s ]

[ 2018-07-18T14:33:39+08:00 ] 127.0.0.1 /jiimadeeee/index.php/Home/index/checkQuote?userId=13&thr_session=689d98a2857146be1dc5c1d297c52d00
INFO: [ app_init ] --START--
INFO: Run Behavior\BuildLiteBehavior [ RunTime:0.000318s ]
INFO: [ app_init ] --END-- [ RunTime:0.008870s ]
INFO: [ app_begin ] --START--
INFO: Run Behavior\ReadHtmlCacheBehavior [ RunTime:0.005714s ]
INFO: [ app_begin ] --END-- [ RunTime:0.007408s ]
NOTIC: [2048] Declaration of Home\Controller\IndexController::theme() should be compatible with Think\Controller::theme($theme) D:\wamp\wamp64\www\jiimadeeee\Application\Home\Controller\IndexController.class.php 第 274 行.
SQL: SHOW COLUMNS FROM `made_quote` [ RunTime:0.0023s ]
SQL: SHOW COLUMNS FROM `made_user` [ RunTime:0.0025s ]
SQL: SELECT `thr_session` FROM `made_user` WHERE `id` = 13 LIMIT 1   [ RunTime:0.0011s ]
SQL: SELECT * FROM `made_quote` WHERE `user_id` = '13'  [ RunTime:0.0014s ]
INFO: [ app_end ] --START--
INFO: Run Behavior\ShowPageTraceBehavior [ RunTime:0.004025s ]
INFO: [ app_end ] --END-- [ RunTime:0.004657s ]

[ 2018-07-18T15:29:18+08:00 ] 127.0.0.1 /jiimadeeee/index.php/Home/index/checkQuote?userId=13&thr_session=689d98a2857146be1dc5c1d297c52d00
INFO: [ app_init ] --START--
INFO: Run Behavior\BuildLiteBehavior [ RunTime:0.000182s ]
INFO: [ app_init ] --END-- [ RunTime:0.002761s ]
INFO: [ app_begin ] --START--
INFO: Run Behavior\ReadHtmlCacheBehavior [ RunTime:0.002473s ]
INFO: [ app_begin ] --END-- [ RunTime:0.003358s ]
NOTIC: [2048] Declaration of Home\Controller\IndexController::theme() should be compatible with Think\Controller::theme($theme) D:\wamp\wamp64\www\jiimadeeee\Application\Home\Controller\IndexController.class.php 第 274 行.
SQL: SHOW COLUMNS FROM `made_quote` [ RunTime:0.0021s ]
SQL: SHOW COLUMNS FROM `made_user` [ RunTime:0.0034s ]
SQL: SELECT `thr_session` FROM `made_user` WHERE `id` = 13 LIMIT 1   [ RunTime:0.0010s ]
SQL: SELECT * FROM `made_quote` WHERE `user_id` = '13'  [ RunTime:0.0009s ]
INFO: [ app_end ] --START--
INFO: Run Behavior\ShowPageTraceBehavior [ RunTime:0.001059s ]
INFO: [ app_end ] --END-- [ RunTime:0.001302s ]

[ 2018-07-18T15:29:18+08:00 ] 127.0.0.1 /jiimadeeee/index.php/Home/index/orderState?userId=13&thr_session=689d98a2857146be1dc5c1d297c52d00
INFO: [ app_init ] --START--
INFO: Run Behavior\BuildLiteBehavior [ RunTime:0.000043s ]
INFO: [ app_init ] --END-- [ RunTime:0.001251s ]
INFO: [ app_begin ] --START--
INFO: Run Behavior\ReadHtmlCacheBehavior [ RunTime:0.001030s ]
INFO: [ app_begin ] --END-- [ RunTime:0.001287s ]
NOTIC: [2048] Declaration of Home\Controller\IndexController::theme() should be compatible with Think\Controller::theme($theme) D:\wamp\wamp64\www\jiimadeeee\Application\Home\Controller\IndexController.class.php 第 274 行.
SQL: SHOW COLUMNS FROM `made_order` [ RunTime:0.0029s ]
SQL: SHOW COLUMNS FROM `made_user` [ RunTime:0.0022s ]
SQL: SELECT `thr_session` FROM `made_user` WHERE `id` = 13 LIMIT 1   [ RunTime:0.0005s ]
SQL: SELECT * FROM `made_order` WHERE `user_id` = '13'  [ RunTime:0.0015s ]
INFO: [ app_end ] --START--
INFO: Run Behavior\ShowPageTraceBehavior [ RunTime:0.003566s ]
INFO: [ app_end ] --END-- [ RunTime:0.004736s ]

[ 2018-07-18T15:29:21+08:00 ] 127.0.0.1 /jiimadeeee/index.php/Home/index/getCatGoods?catId=1
INFO: [ app_init ] --START--
INFO: Run Behavior\BuildLiteBehavior [ RunTime:0.000037s ]
INFO: [ app_init ] --END-- [ RunTime:0.000576s ]
INFO: [ app_begin ] --START--
INFO: Run Behavior\ReadHtmlCacheBehavior [ RunTime:0.000641s ]
INFO: [ app_begin ] --END-- [ RunTime:0.000856s ]
NOTIC: [2048] Declaration of Home\Controller\IndexController::theme() should be compatible with Think\Controller::theme($theme) D:\wamp\wamp64\www\jiimadeeee\Application\Home\Controller\IndexController.class.php 第 274 行.
SQL: SHOW COLUMNS FROM `made_goods` [ RunTime:0.0025s ]
SQL: SELECT a.id,a.goods_name,a.tag,max(b.goods_price) as max_goods_price,min(b.goods_price) as min_goods_price,max(b.discount_price) as max_discount_price,min(b.discount_price) as min_discount_price,max(b.img_src) as img_src FROM made_goods a LEFT JOIN made_goods_number b ON a.id = b.goods_id  WHERE `cat_id` = '1' AND `is_on_sale` = '1' GROUP BY a.id ORDER BY a.sort_id asc  [ RunTime:0.0010s ]
INFO: [ app_end ] --START--
INFO: Run Behavior\ShowPageTraceBehavior [ RunTime:0.000929s ]
INFO: [ app_end ] --END-- [ RunTime:0.001111s ]

[ 2018-07-18T15:29:24+08:00 ] 127.0.0.1 /jiimadeeee/index.php/Home/index/getGoodsDetail?id=6
INFO: [ app_init ] --START--
INFO: Run Behavior\BuildLiteBehavior [ RunTime:0.000374s ]
INFO: [ app_init ] --END-- [ RunTime:0.001839s ]
INFO: [ app_begin ] --START--
INFO: Run Behavior\ReadHtmlCacheBehavior [ RunTime:0.003665s ]
INFO: [ app_begin ] --END-- [ RunTime:0.005514s ]
NOTIC: [2048] Declaration of Home\Controller\IndexController::theme() should be compatible with Think\Controller::theme($theme) D:\wamp\wamp64\www\jiimadeeee\Application\Home\Controller\IndexController.class.php 第 274 行.
SQL: SHOW COLUMNS FROM `made_goods` [ RunTime:0.0023s ]
SQL: SELECT a.id,a.goods_name,a.tag,a.type_id,b.id as cat_id,b.name as cat_name FROM made_goods a LEFT JOIN made_category b ON a.cat_id = b.id  WHERE a.id = '6' LIMIT 1   [ RunTime:0.0024s ]
SQL: SHOW COLUMNS FROM `made_goods_number` [ RunTime:0.0094s ]
SQL: SELECT min(goods_attr_id) as goods_attr_id,max(goods_price) as max_goods_price,min(goods_price) as min_goods_price,max(discount_price) as max_discount_price,min(discount_price) as min_discount_price,max(img_src) as img_src FROM `made_goods_number` WHERE `goods_id` = '6' GROUP BY goods_id LIMIT 1   [ RunTime:0.0014s ]
SQL: SELECT `goods_attr_id`,`goods_number` FROM `made_goods_number` WHERE `goods_id` = '6' AND `goods_attr_id` = '0' LIMIT 1   [ RunTime:0.0008s ]
SQL: SHOW COLUMNS FROM `made_goods_img` [ RunTime:0.0023s ]
SQL: SELECT `img_src` FROM `made_goods_img` WHERE `goods_id` = '6'  [ RunTime:0.0010s ]
SQL: SHOW COLUMNS FROM `made_goods_attr` [ RunTime:0.0028s ]
SQL: SELECT a.*,b.attr_name,b.attr_type FROM made_goods_attr a LEFT JOIN made_attribute b ON a.attr_id=b.id  WHERE `goods_id` = '6'  [ RunTime:0.0066s ]
SQL: SHOW COLUMNS FROM `made_color` [ RunTime:0.0024s ]
NOTIC: [8] Undefined variable: attrNouniData D:\wamp\wamp64\www\jiimadeeee\Application\Admin\Model\GoodsModel.class.php 第 449 行.
NOTIC: [8] Undefined variable: attrColData D:\wamp\wamp64\www\jiimadeeee\Application\Admin\Model\GoodsModel.class.php 第 449 行.
SQL: SHOW COLUMNS FROM `made_goods_desc` [ RunTime:0.0026s ]
SQL: SELECT `img_src` FROM `made_goods_desc` WHERE `goods_id` = '6' ORDER BY sort_id asc  [ RunTime:0.0024s ]
NOTIC: [8] Undefined variable: attrUniData D:\wamp\wamp64\www\jiimadeeee\Application\Admin\Model\GoodsModel.class.php 第 482 行.
NOTIC: [8] Undefined variable: attrColData D:\wamp\wamp64\www\jiimadeeee\Application\Admin\Model\GoodsModel.class.php 第 483 行.
NOTIC: [8] Undefined variable: attrNouniData D:\wamp\wamp64\www\jiimadeeee\Application\Admin\Model\GoodsModel.class.php 第 484 行.
NOTIC: [8] Undefined variable: gn D:\wamp\wamp64\www\jiimadeeee\Application\Admin\Model\GoodsModel.class.php 第 485 行.
INFO: [ app_end ] --START--
INFO: Run Behavior\ShowPageTraceBehavior [ RunTime:0.001023s ]
INFO: [ app_end ] --END-- [ RunTime:0.001243s ]

[ 2018-07-18T15:29:26+08:00 ] 127.0.0.1 /jiimadeeee/index.php/home/index/changeAttr?goodsId=6&goodsAttrId=0
INFO: [ app_init ] --START--
INFO: Run Behavior\BuildLiteBehavior [ RunTime:0.000224s ]
INFO: [ app_init ] --END-- [ RunTime:0.002680s ]
INFO: [ app_begin ] --START--
INFO: Run Behavior\ReadHtmlCacheBehavior [ RunTime:0.000950s ]
INFO: [ app_begin ] --END-- [ RunTime:0.001372s ]
NOTIC: [2048] Declaration of Home\Controller\IndexController::theme() should be compatible with Think\Controller::theme($theme) D:\wamp\wamp64\www\jiimadeeee\Application\Home\Controller\IndexController.class.php 第 274 行.
SQL: SHOW COLUMNS FROM `made_goods` [ RunTime:0.0018s ]
SQL: SHOW COLUMNS FROM `made_goods_number` [ RunTime:0.0017s ]
SQL: SELECT `id`,`goods_price`,`discount_price`,`goods_number`,`goods_attr_id`,`img_src` FROM `made_goods_number` WHERE `goods_id` = '6' AND `goods_attr_id` = '0' LIMIT 1   [ RunTime:0.0013s ]
SQL: SELECT `goods_attr_id`,`discount_price`,`goods_price` FROM `made_goods_number` WHERE `goods_id` = '6' AND `goods_number` > '0'  [ RunTime:0.0012s ]
SQL: SHOW COLUMNS FROM `made_goods_attr` [ RunTime:0.0019s ]
SQL: SELECT a.*,b.attr_name,b.attr_type FROM made_goods_attr a LEFT JOIN made_attribute b ON a.attr_id=b.id  WHERE a.goods_id = '6' AND b.attr_type IN (2,3)  [ RunTime:0.0023s ]
NOTIC: [8] Undefined variable: attrData D:\wamp\wamp64\www\jiimadeeee\Application\Admin\Model\GoodsModel.class.php 第 531 行.
NOTIC: [2] Invalid argument supplied for foreach() D:\wamp\wamp64\www\jiimadeeee\Application\Admin\Model\GoodsModel.class.php 第 531 行.
NOTIC: [8] Undefined variable: attrData D:\wamp\wamp64\www\jiimadeeee\Application\Admin\Model\GoodsModel.class.php 第 543 行.
NOTIC: [8] Undefined variable: attrData D:\wamp\wamp64\www\jiimadeeee\Application\Admin\Model\GoodsModel.class.php 第 546 行.
NOTIC: [2] Invalid argument supplied for foreach() D:\wamp\wamp64\www\jiimadeeee\Application\Admin\Model\GoodsModel.class.php 第 546 行.
SQL: SHOW COLUMNS FROM `made_color` [ RunTime:0.0023s ]
NOTIC: [8] Undefined variable: attrData D:\wamp\wamp64\www\jiimadeeee\Application\Admin\Model\GoodsModel.class.php 第 614 行.
NOTIC: [2] Invalid argument supplied for foreach() D:\wamp\wamp64\www\jiimadeeee\Application\Admin\Model\GoodsModel.class.php 第 614 行.
INFO: [ app_end ] --START--
INFO: Run Behavior\ShowPageTraceBehavior [ RunTime:0.000784s ]
INFO: [ app_end ] --END-- [ RunTime:0.000901s ]

[ 2018-07-18T15:29:28+08:00 ] 127.0.0.1 /jiimadeeee/index.php/Home/index/getGoodsDetail?id=7
INFO: [ app_init ] --START--
INFO: Run Behavior\BuildLiteBehavior [ RunTime:0.000026s ]
INFO: [ app_init ] --END-- [ RunTime:0.000399s ]
INFO: [ app_begin ] --START--
INFO: Run Behavior\ReadHtmlCacheBehavior [ RunTime:0.000593s ]
INFO: [ app_begin ] --END-- [ RunTime:0.000816s ]
NOTIC: [2048] Declaration of Home\Controller\IndexController::theme() should be compatible with Think\Controller::theme($theme) D:\wamp\wamp64\www\jiimadeeee\Application\Home\Controller\IndexController.class.php 第 274 行.
SQL: SHOW COLUMNS FROM `made_goods` [ RunTime:0.0014s ]
SQL: SELECT a.id,a.goods_name,a.tag,a.type_id,b.id as cat_id,b.name as cat_name FROM made_goods a LEFT JOIN made_category b ON a.cat_id = b.id  WHERE a.id = '7' LIMIT 1   [ RunTime:0.0008s ]
SQL: SHOW COLUMNS FROM `made_goods_number` [ RunTime:0.0012s ]
SQL: SELECT min(goods_attr_id) as goods_attr_id,max(goods_price) as max_goods_price,min(goods_price) as min_goods_price,max(discount_price) as max_discount_price,min(discount_price) as min_discount_price,max(img_src) as img_src FROM `made_goods_number` WHERE `goods_id` = '7' GROUP BY goods_id LIMIT 1   [ RunTime:0.0014s ]
SQL: SELECT `goods_attr_id`,`goods_number` FROM `made_goods_number` WHERE `goods_id` = '7' AND `goods_attr_id` = '0' LIMIT 1   [ RunTime:0.0008s ]
SQL: SHOW COLUMNS FROM `made_goods_img` [ RunTime:0.0017s ]
SQL: SELECT `img_src` FROM `made_goods_img` WHERE `goods_id` = '7'  [ RunTime:0.0013s ]
SQL: SHOW COLUMNS FROM `made_goods_attr` [ RunTime:0.0013s ]
SQL: SELECT a.*,b.attr_name,b.attr_type FROM made_goods_attr a LEFT JOIN made_attribute b ON a.attr_id=b.id  WHERE `goods_id` = '7'  [ RunTime:0.0006s ]
SQL: SHOW COLUMNS FROM `made_color` [ RunTime:0.0026s ]
NOTIC: [8] Undefined variable: attrNouniData D:\wamp\wamp64\www\jiimadeeee\Application\Admin\Model\GoodsModel.class.php 第 449 行.
NOTIC: [8] Undefined variable: attrColData D:\wamp\wamp64\www\jiimadeeee\Application\Admin\Model\GoodsModel.class.php 第 449 行.
SQL: SHOW COLUMNS FROM `made_goods_desc` [ RunTime:0.0031s ]
SQL: SELECT `img_src` FROM `made_goods_desc` WHERE `goods_id` = '7' ORDER BY sort_id asc  [ RunTime:0.0009s ]
NOTIC: [8] Undefined variable: attrUniData D:\wamp\wamp64\www\jiimadeeee\Application\Admin\Model\GoodsModel.class.php 第 482 行.
NOTIC: [8] Undefined variable: attrColData D:\wamp\wamp64\www\jiimadeeee\Application\Admin\Model\GoodsModel.class.php 第 483 行.
NOTIC: [8] Undefined variable: attrNouniData D:\wamp\wamp64\www\jiimadeeee\Application\Admin\Model\GoodsModel.class.php 第 484 行.
NOTIC: [8] Undefined variable: gn D:\wamp\wamp64\www\jiimadeeee\Application\Admin\Model\GoodsModel.class.php 第 485 行.
INFO: [ app_end ] --START--
INFO: Run Behavior\ShowPageTraceBehavior [ RunTime:0.001127s ]
INFO: [ app_end ] --END-- [ RunTime:0.001351s ]

[ 2018-07-18T15:29:30+08:00 ] 127.0.0.1 /jiimadeeee/index.php/home/index/changeAttr?goodsId=7&goodsAttrId=0
INFO: [ app_init ] --START--
INFO: Run Behavior\BuildLiteBehavior [ RunTime:0.000197s ]
INFO: [ app_init ] --END-- [ RunTime:0.002427s ]
INFO: [ app_begin ] --START--
INFO: Run Behavior\ReadHtmlCacheBehavior [ RunTime:0.004592s ]
INFO: [ app_begin ] --END-- [ RunTime:0.005614s ]
NOTIC: [2048] Declaration of Home\Controller\IndexController::theme() should be compatible with Think\Controller::theme($theme) D:\wamp\wamp64\www\jiimadeeee\Application\Home\Controller\IndexController.class.php 第 274 行.
SQL: SHOW COLUMNS FROM `made_goods` [ RunTime:0.0029s ]
SQL: SHOW COLUMNS FROM `made_goods_number` [ RunTime:0.0022s ]
SQL: SELECT `id`,`goods_price`,`discount_price`,`goods_number`,`goods_attr_id`,`img_src` FROM `made_goods_number` WHERE `goods_id` = '7' AND `goods_attr_id` = '0' LIMIT 1   [ RunTime:0.0010s ]
SQL: SELECT `goods_attr_id`,`discount_price`,`goods_price` FROM `made_goods_number` WHERE `goods_id` = '7' AND `goods_number` > '0'  [ RunTime:0.0015s ]
SQL: SHOW COLUMNS FROM `made_goods_attr` [ RunTime:0.0019s ]
SQL: SELECT a.*,b.attr_name,b.attr_type FROM made_goods_attr a LEFT JOIN made_attribute b ON a.attr_id=b.id  WHERE a.goods_id = '7' AND b.attr_type IN (2,3)  [ RunTime:0.0016s ]
NOTIC: [8] Undefined variable: attrData D:\wamp\wamp64\www\jiimadeeee\Application\Admin\Model\GoodsModel.class.php 第 531 行.
NOTIC: [2] Invalid argument supplied for foreach() D:\wamp\wamp64\www\jiimadeeee\Application\Admin\Model\GoodsModel.class.php 第 531 行.
NOTIC: [8] Undefined variable: attrData D:\wamp\wamp64\www\jiimadeeee\Application\Admin\Model\GoodsModel.class.php 第 543 行.
NOTIC: [8] Undefined variable: attrData D:\wamp\wamp64\www\jiimadeeee\Application\Admin\Model\GoodsModel.class.php 第 546 行.
NOTIC: [2] Invalid argument supplied for foreach() D:\wamp\wamp64\www\jiimadeeee\Application\Admin\Model\GoodsModel.class.php 第 546 行.
SQL: SHOW COLUMNS FROM `made_color` [ RunTime:0.0015s ]
NOTIC: [8] Undefined variable: attrData D:\wamp\wamp64\www\jiimadeeee\Application\Admin\Model\GoodsModel.class.php 第 614 行.
NOTIC: [2] Invalid argument supplied for foreach() D:\wamp\wamp64\www\jiimadeeee\Application\Admin\Model\GoodsModel.class.php 第 614 行.
INFO: [ app_end ] --START--
INFO: Run Behavior\ShowPageTraceBehavior [ RunTime:0.002195s ]
INFO: [ app_end ] --END-- [ RunTime:0.002654s ]

[ 2018-07-18T15:29:32+08:00 ] 127.0.0.1 /jiimadeeee/index.php/Home/index/addCart?userId=13&thr_session=689d98a2857146be1dc5c1d297c52d00&attrId=0&goodsId=7&goodsNum=1
INFO: [ app_init ] --START--
INFO: Run Behavior\BuildLiteBehavior [ RunTime:0.000182s ]
INFO: [ app_init ] --END-- [ RunTime:0.002666s ]
INFO: [ app_begin ] --START--
INFO: Run Behavior\ReadHtmlCacheBehavior [ RunTime:0.001006s ]
INFO: [ app_begin ] --END-- [ RunTime:0.001452s ]
NOTIC: [2048] Declaration of Home\Controller\IndexController::theme() should be compatible with Think\Controller::theme($theme) D:\wamp\wamp64\www\jiimadeeee\Application\Home\Controller\IndexController.class.php 第 274 行.
SQL: SHOW COLUMNS FROM `made_cart` [ RunTime:0.0069s ]
SQL: SHOW COLUMNS FROM `made_user` [ RunTime:0.0055s ]
SQL: SELECT `thr_session` FROM `made_user` WHERE `id` = 13 LIMIT 1   [ RunTime:0.0009s ]
SQL: SHOW COLUMNS FROM `made_goods_number` [ RunTime:0.0023s ]
SQL: SELECT `id` FROM `made_goods_number` WHERE `goods_id` = '7' AND `goods_attr_id` = '0' AND `goods_number` > 0  [ RunTime:0.0010s ]
SQL: SELECT `cart_number` FROM `made_cart` WHERE `user_id` = 13 AND `goods_id` = 7 AND `goods_attr_id` = '0'  [ RunTime:0.0007s ]
SQL: INSERT INTO `made_cart` (`user_id`,`goods_id`,`goods_attr_id`,`cart_number`) VALUES ('13','7','0','1') [ RunTime:0.0045s ]
INFO: [ app_end ] --START--
INFO: Run Behavior\ShowPageTraceBehavior [ RunTime:0.002771s ]
INFO: [ app_end ] --END-- [ RunTime:0.003535s ]

[ 2018-07-18T15:29:37+08:00 ] 127.0.0.1 /jiimadeeee/index.php/Home/index/listCart?userId=13&thr_session=689d98a2857146be1dc5c1d297c52d00
INFO: [ app_init ] --START--
INFO: Run Behavior\BuildLiteBehavior [ RunTime:0.000025s ]
INFO: [ app_init ] --END-- [ RunTime:0.000370s ]
INFO: [ app_begin ] --START--
INFO: Run Behavior\ReadHtmlCacheBehavior [ RunTime:0.000395s ]
INFO: [ app_begin ] --END-- [ RunTime:0.000523s ]
NOTIC: [2048] Declaration of Home\Controller\IndexController::theme() should be compatible with Think\Controller::theme($theme) D:\wamp\wamp64\www\jiimadeeee\Application\Home\Controller\IndexController.class.php 第 274 行.
SQL: SHOW COLUMNS FROM `made_cart` [ RunTime:0.0057s ]
SQL: SELECT * FROM `made_cart` WHERE `user_id` = '13'  [ RunTime:0.0010s ]
SQL: SHOW COLUMNS FROM `made_goods_number` [ RunTime:0.0026s ]
SQL: SHOW COLUMNS FROM `made_goods_attr` [ RunTime:0.0016s ]
SQL: SHOW COLUMNS FROM `made_goods` [ RunTime:0.0020s ]
SQL: SHOW COLUMNS FROM `made_color` [ RunTime:0.0016s ]
SQL: SHOW COLUMNS FROM `made_user` [ RunTime:0.0057s ]
SQL: SELECT `thr_session` FROM `made_user` WHERE `id` = 13 LIMIT 1   [ RunTime:0.0008s ]
SQL: SHOW COLUMNS FROM `made_cart_module` [ RunTime:0.0045s ]
SQL: SELECT `goods_price`,`goods_number`,`img_src` FROM `made_goods_number` WHERE `goods_id` = '7' AND `goods_attr_id` = '0' AND `goods_number` > '0' LIMIT 1   [ RunTime:0.0009s ]
SQL: SELECT `is_on_sale`,`goods_name` FROM `made_goods` WHERE `id` = 7 LIMIT 1   [ RunTime:0.0007s ]
SQL: SELECT a.attr_value,b.attr_type FROM made_goods_attr a LEFT JOIN made_attribute b ON a.attr_id = b.id  WHERE a.id = '0' LIMIT 1   [ RunTime:0.0008s ]
INFO: [ app_end ] --START--
INFO: Run Behavior\ShowPageTraceBehavior [ RunTime:0.001591s ]
INFO: [ app_end ] --END-- [ RunTime:0.002204s ]

[ 2018-07-18T15:29:41+08:00 ] 127.0.0.1 /jiimadeeee/index.php/Home/index/addressDef?userId=13&thr_session=689d98a2857146be1dc5c1d297c52d00
INFO: [ app_init ] --START--
INFO: Run Behavior\BuildLiteBehavior [ RunTime:0.000044s ]
INFO: [ app_init ] --END-- [ RunTime:0.000714s ]
INFO: [ app_begin ] --START--
INFO: Run Behavior\ReadHtmlCacheBehavior [ RunTime:0.000904s ]
INFO: [ app_begin ] --END-- [ RunTime:0.001172s ]
NOTIC: [2048] Declaration of Home\Controller\IndexController::theme() should be compatible with Think\Controller::theme($theme) D:\wamp\wamp64\www\jiimadeeee\Application\Home\Controller\IndexController.class.php 第 274 行.
SQL: SHOW COLUMNS FROM `made_address` [ RunTime:0.0012s ]
SQL: SHOW COLUMNS FROM `made_user` [ RunTime:0.0014s ]
SQL: SELECT `thr_session` FROM `made_user` WHERE `id` = 13 LIMIT 1   [ RunTime:0.0010s ]
SQL: SELECT * FROM `made_address` WHERE `user_id` = '13' AND `status` = '1'  [ RunTime:0.0018s ]
INFO: [ app_end ] --START--
INFO: Run Behavior\ShowPageTraceBehavior [ RunTime:0.001104s ]
INFO: [ app_end ] --END-- [ RunTime:0.001313s ]

[ 2018-07-18T15:29:45+08:00 ] 127.0.0.1 /jiimadeeee/index.php/Home/index/addOrder?userId=13&thr_session=689d98a2857146be1dc5c1d297c52d00&mes=&address=%E6%9D%8E%E9%92%A2%2C18720920196%2C%E5%8C%97%E4%BA%AC%E5%B8%82%E5%B8%82%E8%BE%96%E5%8C%BA%E4%B8%9C%E5%9F%8E%E5%8C%BA%E6%95%85%E5%AE%AB&goods=%5B%7B%22user_id%22%3A%2213%22%2C%22goods_id%22%3A%227%22%2C%22goods_attr_id%22%3A%220%22%2C%22cart_number%22%3A%221%22%2C%22goods_name%22%3A%22esf%22%2C%22goods_attr%22%3A%5B%22%E9%BB%98%E8%AE%A4%22%5D%2C%22goods_price%22%3A%22102%22%2C%22img_src%22%3A%22%22%2C%22max_num%22%3A%2245%22%2C%22choose%22%3Atrue%7D%5D
INFO: [ app_init ] --START--
INFO: Run Behavior\BuildLiteBehavior [ RunTime:0.000112s ]
INFO: [ app_init ] --END-- [ RunTime:0.001098s ]
INFO: [ app_begin ] --START--
INFO: Run Behavior\ReadHtmlCacheBehavior [ RunTime:0.002121s ]
INFO: [ app_begin ] --END-- [ RunTime:0.002874s ]
NOTIC: [2048] Declaration of Home\Controller\IndexController::theme() should be compatible with Think\Controller::theme($theme) D:\wamp\wamp64\www\jiimadeeee\Application\Home\Controller\IndexController.class.php 第 274 行.
SQL: SHOW COLUMNS FROM `made_order` [ RunTime:0.0083s ]
SQL: SHOW COLUMNS FROM `made_user` [ RunTime:0.0022s ]
SQL: SELECT `thr_session` FROM `made_user` WHERE `id` = 13 LIMIT 1   [ RunTime:0.0010s ]
NOTIC: [2] fopen(./lockOrd.text): failed to open stream: No such file or directory D:\wamp\wamp64\www\jiimadeeee\Application\Admin\Model\OrderModel.class.php 第 183 行.
NOTIC: [2] flock() expects parameter 1 to be resource, boolean given D:\wamp\wamp64\www\jiimadeeee\Application\Admin\Model\OrderModel.class.php 第 184 行.
SQL: SHOW COLUMNS FROM `made_goods_number` [ RunTime:0.0025s ]
SQL: SHOW COLUMNS FROM `made_order_goods` [ RunTime:0.0093s ]
SQL: SHOW COLUMNS FROM `made_cart` [ RunTime:0.0028s ]
SQL: SELECT `goods_number`,`goods_price`,`discount_price` FROM `made_goods_number` WHERE `goods_id` = '7' AND `goods_attr_id` = '0'  [ RunTime:0.0013s ]
SQL: UPDATE `made_goods_number` SET `goods_number`='44' WHERE `goods_id` = '7' AND `goods_attr_id` = '0' [ RunTime:0.0018s ]
SQL: INSERT INTO `made_order_goods` (`order_id`,`goods_id`,`goods_attr_id`,`price`,`cart_number`) VALUES ('20180718152945215655','7','0','102','1') [ RunTime:0.0024s ]
SQL: DELETE FROM `made_cart` WHERE `user_id` = '13' AND `goods_id` = '7' AND `goods_attr_id` = '0' [ RunTime:0.0009s ]
SQL: INSERT INTO `made_order` (`order_id`,`user_id`,`message`,`address`,`price`,`add_time`,`status`) VALUES ('20180718152945215655','13','','李钢,18720920196,北京市市辖区东城区故宫','102','1531898985','0') [ RunTime:0.0007s ]
NOTIC: [2] flock() expects parameter 1 to be resource, boolean given D:\wamp\wamp64\www\jiimadeeee\Application\Admin\Model\OrderModel.class.php 第 269 行.
NOTIC: [2] fclose() expects parameter 1 to be resource, boolean given D:\wamp\wamp64\www\jiimadeeee\Application\Admin\Model\OrderModel.class.php 第 270 行.
SQL: SHOW COLUMNS FROM `made_user` [ RunTime:0.0142s ]
SQL: SELECT `openid` FROM `made_user` WHERE `id` = 13 LIMIT 1   [ RunTime:0.0008s ]
SQL: UPDATE `made_order` SET `prepay_id`='wx181529533153891ef9d6437a2364239151' WHERE `order_id` = '20180718152945215655' [ RunTime:0.0096s ]
INFO: [ app_end ] --START--
INFO: Run Behavior\ShowPageTraceBehavior [ RunTime:0.003273s ]
INFO: [ app_end ] --END-- [ RunTime:0.004250s ]

[ 2018-07-18T15:29:51+08:00 ] 127.0.0.1 /jiimadeeee/index.php/Home/index/userOrder?userId=13&thr_session=689d98a2857146be1dc5c1d297c52d00&status=0
INFO: [ app_init ] --START--
INFO: Run Behavior\BuildLiteBehavior [ RunTime:0.000026s ]
INFO: [ app_init ] --END-- [ RunTime:0.000392s ]
INFO: [ app_begin ] --START--
INFO: Run Behavior\ReadHtmlCacheBehavior [ RunTime:0.000576s ]
INFO: [ app_begin ] --END-- [ RunTime:0.000781s ]
NOTIC: [2048] Declaration of Home\Controller\IndexController::theme() should be compatible with Think\Controller::theme($theme) D:\wamp\wamp64\www\jiimadeeee\Application\Home\Controller\IndexController.class.php 第 274 行.
SQL: SHOW COLUMNS FROM `made_order` [ RunTime:0.0063s ]
SQL: SHOW COLUMNS FROM `made_user` [ RunTime:0.0034s ]
SQL: SELECT `thr_session` FROM `made_user` WHERE `id` = 13 LIMIT 1   [ RunTime:0.0009s ]
SQL: SELECT * FROM made_order a WHERE `user_id` = '13' AND `status` = '0'  [ RunTime:0.0018s ]
SQL: SHOW COLUMNS FROM `made_order_goods` [ RunTime:0.0030s ]
SQL: SHOW COLUMNS FROM `made_goods_number` [ RunTime:0.0021s ]
SQL: SHOW COLUMNS FROM `made_goods_attr` [ RunTime:0.0023s ]
SQL: SELECT a.*,b.img_src,c.goods_name FROM made_order_goods a LEFT JOIN made_goods_number b ON a.goods_id = b.goods_id AND a.goods_attr_id = b.goods_attr_id
                            LEFT JOIN made_goods c ON a.goods_id = c.id  WHERE a.order_id = '20180718152945215655'  [ RunTime:0.0012s ]
SQL: SHOW COLUMNS FROM `made_color` [ RunTime:0.0020s ]
SQL: SHOW COLUMNS FROM `made_cart_module` [ RunTime:0.0064s ]
INFO: [ app_end ] --START--
INFO: Run Behavior\ShowPageTraceBehavior [ RunTime:0.003475s ]
INFO: [ app_end ] --END-- [ RunTime:0.004262s ]

