[ 2018-07-24T10:06:46+08:00 ] 127.0.0.1 /jiimadeeee/index.php/home/index/theme
INFO: [ app_init ] --START--
INFO: Run Behavior\BuildLiteBehavior [ RunTime:0.000024s ]
INFO: [ app_init ] --END-- [ RunTime:0.001332s ]
INFO: [ app_begin ] --START--
INFO: Run Behavior\ReadHtmlCacheBehavior [ RunTime:0.001760s ]
INFO: [ app_begin ] --END-- [ RunTime:0.001918s ]
NOTIC: [2048] Declaration of Home\Controller\IndexController::theme() should be compatible with Think\Controller::theme($theme) D:\wamp\wamp64\www\jiimadeeee\Application\Home\Controller\IndexController.class.php 第 279 行.
SQL: SHOW COLUMNS FROM `made_theme` [ RunTime:0.0156s ]
SQL: SELECT * FROM `made_theme` ORDER BY sort_id asc  [ RunTime:0.0017s ]
INFO: [ app_end ] --START--
INFO: Run Behavior\ShowPageTraceBehavior [ RunTime:0.002070s ]
INFO: [ app_end ] --END-- [ RunTime:0.002433s ]

[ 2018-07-24T10:06:47+08:00 ] 127.0.0.1 /jiimadeeee/index.php/home/index/getCarousel?themeId=2
INFO: [ app_init ] --START--
INFO: Run Behavior\BuildLiteBehavior [ RunTime:0.000029s ]
INFO: [ app_init ] --END-- [ RunTime:0.000524s ]
INFO: [ app_begin ] --START--
INFO: Run Behavior\ReadHtmlCacheBehavior [ RunTime:0.000794s ]
INFO: [ app_begin ] --END-- [ RunTime:0.001035s ]
NOTIC: [2048] Declaration of Home\Controller\IndexController::theme() should be compatible with Think\Controller::theme($theme) D:\wamp\wamp64\www\jiimadeeee\Application\Home\Controller\IndexController.class.php 第 279 行.
SQL: SHOW COLUMNS FROM `made_carousel` [ RunTime:0.0031s ]
SQL: SELECT * FROM `made_carousel` WHERE `theme_id` = '2' ORDER BY sort_id asc  [ RunTime:0.0074s ]
INFO: [ app_end ] --START--
INFO: Run Behavior\ShowPageTraceBehavior [ RunTime:0.000684s ]
INFO: [ app_end ] --END-- [ RunTime:0.000801s ]

[ 2018-07-24T10:06:48+08:00 ] 127.0.0.1 /jiimadeeee/index.php/home/index/login?code=0619I7pH01o8pi27NjnH0Lf6pH09I7pe
INFO: [ app_init ] --START--
INFO: Run Behavior\BuildLiteBehavior [ RunTime:0.000048s ]
INFO: [ app_init ] --END-- [ RunTime:0.000977s ]
INFO: [ app_begin ] --START--
INFO: Run Behavior\ReadHtmlCacheBehavior [ RunTime:0.001283s ]
INFO: [ app_begin ] --END-- [ RunTime:0.001552s ]
NOTIC: [2048] Declaration of Home\Controller\IndexController::theme() should be compatible with Think\Controller::theme($theme) D:\wamp\wamp64\www\jiimadeeee\Application\Home\Controller\IndexController.class.php 第 279 行.
SQL: SHOW COLUMNS FROM `made_user` [ RunTime:0.0032s ]
SQL: SELECT `id` FROM `made_user` WHERE `openid` = 'ojUv941YOJMStCvC71fzUK4iqE8g' LIMIT 1   [ RunTime:0.0013s ]
SQL: UPDATE `made_user` SET `thr_session`='6c5c22936351a86770ecbb680bd668d9',`session_key`='Bb1S+zgJ+lEVunoNgdOH5w==' WHERE `id` = 13 [ RunTime:0.0033s ]
INFO: [ app_end ] --START--
INFO: Run Behavior\ShowPageTraceBehavior [ RunTime:0.001265s ]
INFO: [ app_end ] --END-- [ RunTime:0.001549s ]

[ 2018-07-24T10:06:54+08:00 ] 127.0.0.1 /jiimadeeee/index.php/home/index/theme
INFO: [ app_init ] --START--
INFO: Run Behavior\BuildLiteBehavior [ RunTime:0.000025s ]
INFO: [ app_init ] --END-- [ RunTime:0.000462s ]
INFO: [ app_begin ] --START--
INFO: Run Behavior\ReadHtmlCacheBehavior [ RunTime:0.000476s ]
INFO: [ app_begin ] --END-- [ RunTime:0.000597s ]
NOTIC: [2048] Declaration of Home\Controller\IndexController::theme() should be compatible with Think\Controller::theme($theme) D:\wamp\wamp64\www\jiimadeeee\Application\Home\Controller\IndexController.class.php 第 279 行.
SQL: SHOW COLUMNS FROM `made_theme` [ RunTime:0.0015s ]
SQL: SELECT * FROM `made_theme` ORDER BY sort_id asc  [ RunTime:0.0003s ]
INFO: [ app_end ] --START--
INFO: Run Behavior\ShowPageTraceBehavior [ RunTime:0.000626s ]
INFO: [ app_end ] --END-- [ RunTime:0.000737s ]

[ 2018-07-24T10:06:54+08:00 ] 127.0.0.1 /jiimadeeee/index.php/home/index/login?code=021z4dwV1rgGRU063ZvV12edwV1z4dwU
INFO: [ app_init ] --START--
INFO: Run Behavior\BuildLiteBehavior [ RunTime:0.000024s ]
INFO: [ app_init ] --END-- [ RunTime:0.000433s ]
INFO: [ app_begin ] --START--
INFO: Run Behavior\ReadHtmlCacheBehavior [ RunTime:0.000478s ]
INFO: [ app_begin ] --END-- [ RunTime:0.000603s ]
NOTIC: [2048] Declaration of Home\Controller\IndexController::theme() should be compatible with Think\Controller::theme($theme) D:\wamp\wamp64\www\jiimadeeee\Application\Home\Controller\IndexController.class.php 第 279 行.
SQL: SHOW COLUMNS FROM `made_user` [ RunTime:0.0015s ]
SQL: SELECT `id` FROM `made_user` WHERE `openid` = 'ojUv941YOJMStCvC71fzUK4iqE8g' LIMIT 1   [ RunTime:0.0004s ]
SQL: UPDATE `made_user` SET `thr_session`='6c5c22936351a86770ecbb680bd668d9',`session_key`='Bb1S+zgJ+lEVunoNgdOH5w==' WHERE `id` = 13 [ RunTime:0.0011s ]
INFO: [ app_end ] --START--
INFO: Run Behavior\ShowPageTraceBehavior [ RunTime:0.001259s ]
INFO: [ app_end ] --END-- [ RunTime:0.001537s ]

[ 2018-07-24T10:06:54+08:00 ] 127.0.0.1 /jiimadeeee/index.php/home/index/getCarousel?themeId=2
INFO: [ app_init ] --START--
INFO: Run Behavior\BuildLiteBehavior [ RunTime:0.000051s ]
INFO: [ app_init ] --END-- [ RunTime:0.000927s ]
INFO: [ app_begin ] --START--
INFO: Run Behavior\ReadHtmlCacheBehavior [ RunTime:0.001133s ]
INFO: [ app_begin ] --END-- [ RunTime:0.001407s ]
NOTIC: [2048] Declaration of Home\Controller\IndexController::theme() should be compatible with Think\Controller::theme($theme) D:\wamp\wamp64\www\jiimadeeee\Application\Home\Controller\IndexController.class.php 第 279 行.
SQL: SHOW COLUMNS FROM `made_carousel` [ RunTime:0.0015s ]
SQL: SELECT * FROM `made_carousel` WHERE `theme_id` = '2' ORDER BY sort_id asc  [ RunTime:0.0006s ]
INFO: [ app_end ] --START--
INFO: Run Behavior\ShowPageTraceBehavior [ RunTime:0.000651s ]
INFO: [ app_end ] --END-- [ RunTime:0.000792s ]

[ 2018-07-24T10:06:58+08:00 ] 127.0.0.1 /jiimadeeee/index.php/home/index/getCarousel?themeId=3
INFO: [ app_init ] --START--
INFO: Run Behavior\BuildLiteBehavior [ RunTime:0.000024s ]
INFO: [ app_init ] --END-- [ RunTime:0.000475s ]
INFO: [ app_begin ] --START--
INFO: Run Behavior\ReadHtmlCacheBehavior [ RunTime:0.000519s ]
INFO: [ app_begin ] --END-- [ RunTime:0.000659s ]
NOTIC: [2048] Declaration of Home\Controller\IndexController::theme() should be compatible with Think\Controller::theme($theme) D:\wamp\wamp64\www\jiimadeeee\Application\Home\Controller\IndexController.class.php 第 279 行.
SQL: SHOW COLUMNS FROM `made_carousel` [ RunTime:0.0013s ]
SQL: SELECT * FROM `made_carousel` WHERE `theme_id` = '3' ORDER BY sort_id asc  [ RunTime:0.0002s ]
INFO: [ app_end ] --START--
INFO: Run Behavior\ShowPageTraceBehavior [ RunTime:0.000623s ]
INFO: [ app_end ] --END-- [ RunTime:0.000760s ]

[ 2018-07-24T10:08:03+08:00 ] 127.0.0.1 /jiimadeeee/index.php/home/index/theme
INFO: [ app_init ] --START--
INFO: Run Behavior\BuildLiteBehavior [ RunTime:0.000024s ]
INFO: [ app_init ] --END-- [ RunTime:0.000468s ]
INFO: [ app_begin ] --START--
INFO: Run Behavior\ReadHtmlCacheBehavior [ RunTime:0.000480s ]
INFO: [ app_begin ] --END-- [ RunTime:0.000620s ]
NOTIC: [2048] Declaration of Home\Controller\IndexController::theme() should be compatible with Think\Controller::theme($theme) D:\wamp\wamp64\www\jiimadeeee\Application\Home\Controller\IndexController.class.php 第 279 行.
SQL: SHOW COLUMNS FROM `made_theme` [ RunTime:0.0014s ]
SQL: SELECT * FROM `made_theme` ORDER BY sort_id asc  [ RunTime:0.0004s ]
INFO: [ app_end ] --START--
INFO: Run Behavior\ShowPageTraceBehavior [ RunTime:0.000706s ]
INFO: [ app_end ] --END-- [ RunTime:0.000852s ]

[ 2018-07-24T10:08:03+08:00 ] 127.0.0.1 /jiimadeeee/index.php/home/index/getCarousel?themeId=2
INFO: [ app_init ] --START--
INFO: Run Behavior\BuildLiteBehavior [ RunTime:0.000036s ]
INFO: [ app_init ] --END-- [ RunTime:0.000860s ]
INFO: [ app_begin ] --START--
INFO: Run Behavior\ReadHtmlCacheBehavior [ RunTime:0.001150s ]
INFO: [ app_begin ] --END-- [ RunTime:0.001414s ]
NOTIC: [2048] Declaration of Home\Controller\IndexController::theme() should be compatible with Think\Controller::theme($theme) D:\wamp\wamp64\www\jiimadeeee\Application\Home\Controller\IndexController.class.php 第 279 行.
SQL: SHOW COLUMNS FROM `made_carousel` [ RunTime:0.0013s ]
SQL: SELECT * FROM `made_carousel` WHERE `theme_id` = '2' ORDER BY sort_id asc  [ RunTime:0.0005s ]
INFO: [ app_end ] --START--
INFO: Run Behavior\ShowPageTraceBehavior [ RunTime:0.000602s ]
INFO: [ app_end ] --END-- [ RunTime:0.000763s ]

[ 2018-07-24T10:08:03+08:00 ] 127.0.0.1 /jiimadeeee/index.php/home/index/login?code=001Hy6Zj1rqW0m0DZo0k1I5eZj1Hy6Zl
INFO: [ app_init ] --START--
INFO: Run Behavior\BuildLiteBehavior [ RunTime:0.000055s ]
INFO: [ app_init ] --END-- [ RunTime:0.001006s ]
INFO: [ app_begin ] --START--
INFO: Run Behavior\ReadHtmlCacheBehavior [ RunTime:0.001134s ]
INFO: [ app_begin ] --END-- [ RunTime:0.001346s ]
NOTIC: [2048] Declaration of Home\Controller\IndexController::theme() should be compatible with Think\Controller::theme($theme) D:\wamp\wamp64\www\jiimadeeee\Application\Home\Controller\IndexController.class.php 第 279 行.
SQL: SHOW COLUMNS FROM `made_user` [ RunTime:0.0026s ]
SQL: SELECT `id` FROM `made_user` WHERE `openid` = 'ojUv941YOJMStCvC71fzUK4iqE8g' LIMIT 1   [ RunTime:0.0005s ]
SQL: UPDATE `made_user` SET `thr_session`='6c5c22936351a86770ecbb680bd668d9',`session_key`='Bb1S+zgJ+lEVunoNgdOH5w==' WHERE `id` = 13 [ RunTime:0.0017s ]
INFO: [ app_end ] --START--
INFO: Run Behavior\ShowPageTraceBehavior [ RunTime:0.001227s ]
INFO: [ app_end ] --END-- [ RunTime:0.001480s ]

[ 2018-07-24T10:08:47+08:00 ] 127.0.0.1 /jiimadeeee/index.php/home/index/theme
INFO: [ app_init ] --START--
INFO: Run Behavior\BuildLiteBehavior [ RunTime:0.000026s ]
INFO: [ app_init ] --END-- [ RunTime:0.000478s ]
INFO: [ app_begin ] --START--
INFO: Run Behavior\ReadHtmlCacheBehavior [ RunTime:0.000547s ]
INFO: [ app_begin ] --END-- [ RunTime:0.000689s ]
NOTIC: [2048] Declaration of Home\Controller\IndexController::theme() should be compatible with Think\Controller::theme($theme) D:\wamp\wamp64\www\jiimadeeee\Application\Home\Controller\IndexController.class.php 第 279 行.
SQL: SHOW COLUMNS FROM `made_theme` [ RunTime:0.0014s ]
SQL: SELECT * FROM `made_theme` ORDER BY sort_id asc  [ RunTime:0.0004s ]
INFO: [ app_end ] --START--
INFO: Run Behavior\ShowPageTraceBehavior [ RunTime:0.000648s ]
INFO: [ app_end ] --END-- [ RunTime:0.000782s ]

[ 2018-07-24T10:08:47+08:00 ] 127.0.0.1 /jiimadeeee/index.php/home/index/getCarousel?themeId=2
INFO: [ app_init ] --START--
INFO: Run Behavior\BuildLiteBehavior [ RunTime:0.000027s ]
INFO: [ app_init ] --END-- [ RunTime:0.000493s ]
INFO: [ app_begin ] --START--
INFO: Run Behavior\ReadHtmlCacheBehavior [ RunTime:0.000559s ]
INFO: [ app_begin ] --END-- [ RunTime:0.000701s ]
NOTIC: [2048] Declaration of Home\Controller\IndexController::theme() should be compatible with Think\Controller::theme($theme) D:\wamp\wamp64\www\jiimadeeee\Application\Home\Controller\IndexController.class.php 第 279 行.
SQL: SHOW COLUMNS FROM `made_carousel` [ RunTime:0.0015s ]
SQL: SELECT * FROM `made_carousel` WHERE `theme_id` = '2' ORDER BY sort_id asc  [ RunTime:0.0003s ]
INFO: [ app_end ] --START--
INFO: Run Behavior\ShowPageTraceBehavior [ RunTime:0.000675s ]
INFO: [ app_end ] --END-- [ RunTime:0.000794s ]

[ 2018-07-24T10:08:47+08:00 ] 127.0.0.1 /jiimadeeee/index.php/home/index/login?code=011UQ8lj2nJmtG0pRejj2ssYkj2UQ8lo
INFO: [ app_init ] --START--
INFO: Run Behavior\BuildLiteBehavior [ RunTime:0.000034s ]
INFO: [ app_init ] --END-- [ RunTime:0.000557s ]
INFO: [ app_begin ] --START--
INFO: Run Behavior\ReadHtmlCacheBehavior [ RunTime:0.000886s ]
INFO: [ app_begin ] --END-- [ RunTime:0.001090s ]
NOTIC: [2048] Declaration of Home\Controller\IndexController::theme() should be compatible with Think\Controller::theme($theme) D:\wamp\wamp64\www\jiimadeeee\Application\Home\Controller\IndexController.class.php 第 279 行.
SQL: SHOW COLUMNS FROM `made_user` [ RunTime:0.0014s ]
SQL: SELECT `id` FROM `made_user` WHERE `openid` = 'ojUv941YOJMStCvC71fzUK4iqE8g' LIMIT 1   [ RunTime:0.0003s ]
SQL: UPDATE `made_user` SET `thr_session`='a679bb3bdad10a735259d2c50a3556dc',`session_key`='bYC7+8QGHfVjysUF8LOi/A==' WHERE `id` = 13 [ RunTime:0.0013s ]
INFO: [ app_end ] --START--
INFO: Run Behavior\ShowPageTraceBehavior [ RunTime:0.000739s ]
INFO: [ app_end ] --END-- [ RunTime:0.000854s ]

[ 2018-07-24T10:08:51+08:00 ] 127.0.0.1 /jiimadeeee/index.php/home/index/getCarousel?themeId=3
INFO: [ app_init ] --START--
INFO: Run Behavior\BuildLiteBehavior [ RunTime:0.000023s ]
INFO: [ app_init ] --END-- [ RunTime:0.000426s ]
INFO: [ app_begin ] --START--
INFO: Run Behavior\ReadHtmlCacheBehavior [ RunTime:0.000453s ]
INFO: [ app_begin ] --END-- [ RunTime:0.000570s ]
NOTIC: [2048] Declaration of Home\Controller\IndexController::theme() should be compatible with Think\Controller::theme($theme) D:\wamp\wamp64\www\jiimadeeee\Application\Home\Controller\IndexController.class.php 第 279 行.
SQL: SHOW COLUMNS FROM `made_carousel` [ RunTime:0.0025s ]
SQL: SELECT * FROM `made_carousel` WHERE `theme_id` = '3' ORDER BY sort_id asc  [ RunTime:0.0003s ]
INFO: [ app_end ] --START--
INFO: Run Behavior\ShowPageTraceBehavior [ RunTime:0.000739s ]
INFO: [ app_end ] --END-- [ RunTime:0.000851s ]

[ 2018-07-24T10:08:54+08:00 ] 127.0.0.1 /jiimadeeee/index.php/home/index/getArticleCate
INFO: [ app_init ] --START--
INFO: Run Behavior\BuildLiteBehavior [ RunTime:0.000024s ]
INFO: [ app_init ] --END-- [ RunTime:0.000442s ]
INFO: [ app_begin ] --START--
INFO: Run Behavior\ReadHtmlCacheBehavior [ RunTime:0.000476s ]
INFO: [ app_begin ] --END-- [ RunTime:0.000592s ]
NOTIC: [2048] Declaration of Home\Controller\IndexController::theme() should be compatible with Think\Controller::theme($theme) D:\wamp\wamp64\www\jiimadeeee\Application\Home\Controller\IndexController.class.php 第 279 行.
SQL: SHOW COLUMNS FROM `made_article_category` [ RunTime:0.0025s ]
SQL: SELECT * FROM `made_article_category` ORDER BY order_id asc  [ RunTime:0.0002s ]
INFO: [ app_end ] --START--
INFO: Run Behavior\ShowPageTraceBehavior [ RunTime:0.000717s ]
INFO: [ app_end ] --END-- [ RunTime:0.000829s ]

[ 2018-07-24T10:08:54+08:00 ] 127.0.0.1 /jiimadeeee/index.php/home/index/getArticle?cateId=4
INFO: [ app_init ] --START--
INFO: Run Behavior\BuildLiteBehavior [ RunTime:0.000027s ]
INFO: [ app_init ] --END-- [ RunTime:0.000480s ]
INFO: [ app_begin ] --START--
INFO: Run Behavior\ReadHtmlCacheBehavior [ RunTime:0.000484s ]
INFO: [ app_begin ] --END-- [ RunTime:0.000603s ]
NOTIC: [2048] Declaration of Home\Controller\IndexController::theme() should be compatible with Think\Controller::theme($theme) D:\wamp\wamp64\www\jiimadeeee\Application\Home\Controller\IndexController.class.php 第 279 行.
SQL: SHOW COLUMNS FROM `made_article` [ RunTime:0.0024s ]
SQL: SELECT * FROM `made_article` WHERE `cate_id` = '4' AND `is_index` = '1' ORDER BY sort_id asc  [ RunTime:0.0006s ]
INFO: [ app_end ] --START--
INFO: Run Behavior\ShowPageTraceBehavior [ RunTime:0.000689s ]
INFO: [ app_end ] --END-- [ RunTime:0.000795s ]

[ 2018-07-24T10:08:56+08:00 ] 127.0.0.1 /jiimadeeee/index.php/home/index/getArticle?cateId=3
INFO: [ app_init ] --START--
INFO: Run Behavior\BuildLiteBehavior [ RunTime:0.000024s ]
INFO: [ app_init ] --END-- [ RunTime:0.000436s ]
INFO: [ app_begin ] --START--
INFO: Run Behavior\ReadHtmlCacheBehavior [ RunTime:0.000492s ]
INFO: [ app_begin ] --END-- [ RunTime:0.000617s ]
NOTIC: [2048] Declaration of Home\Controller\IndexController::theme() should be compatible with Think\Controller::theme($theme) D:\wamp\wamp64\www\jiimadeeee\Application\Home\Controller\IndexController.class.php 第 279 行.
SQL: SHOW COLUMNS FROM `made_article` [ RunTime:0.0014s ]
SQL: SELECT * FROM `made_article` WHERE `cate_id` = '3' AND `is_index` = '1' ORDER BY sort_id asc  [ RunTime:0.0004s ]
INFO: [ app_end ] --START--
INFO: Run Behavior\ShowPageTraceBehavior [ RunTime:0.000735s ]
INFO: [ app_end ] --END-- [ RunTime:0.000851s ]

[ 2018-07-24T10:08:58+08:00 ] 127.0.0.1 /jiimadeeee/index.php/Home/index/getOneArt?artId=1
INFO: [ app_init ] --START--
INFO: Run Behavior\BuildLiteBehavior [ RunTime:0.000045s ]
INFO: [ app_init ] --END-- [ RunTime:0.000783s ]
INFO: [ app_begin ] --START--
INFO: Run Behavior\ReadHtmlCacheBehavior [ RunTime:0.000706s ]
INFO: [ app_begin ] --END-- [ RunTime:0.000851s ]
NOTIC: [2048] Declaration of Home\Controller\IndexController::theme() should be compatible with Think\Controller::theme($theme) D:\wamp\wamp64\www\jiimadeeee\Application\Home\Controller\IndexController.class.php 第 279 行.
SQL: SHOW COLUMNS FROM `made_article` [ RunTime:0.0023s ]
SQL: SELECT * FROM `made_article` WHERE `id` = 1 LIMIT 1   [ RunTime:0.0005s ]
INFO: [ app_end ] --START--
INFO: Run Behavior\ShowPageTraceBehavior [ RunTime:0.000681s ]
INFO: [ app_end ] --END-- [ RunTime:0.000799s ]

[ 2018-07-24T10:08:58+08:00 ] 127.0.0.1 /jiimadeeee/index.php/Home/index/getArtiDesc?artId=1
INFO: [ app_init ] --START--
INFO: Run Behavior\BuildLiteBehavior [ RunTime:0.000035s ]
INFO: [ app_init ] --END-- [ RunTime:0.000609s ]
INFO: [ app_begin ] --START--
INFO: Run Behavior\ReadHtmlCacheBehavior [ RunTime:0.000608s ]
INFO: [ app_begin ] --END-- [ RunTime:0.000736s ]
NOTIC: [2048] Declaration of Home\Controller\IndexController::theme() should be compatible with Think\Controller::theme($theme) D:\wamp\wamp64\www\jiimadeeee\Application\Home\Controller\IndexController.class.php 第 279 行.
SQL: SHOW COLUMNS FROM `made_article` [ RunTime:0.0018s ]
SQL: SELECT `goods` FROM `made_article` WHERE `id` = 1 LIMIT 1   [ RunTime:0.0003s ]
SQL: SHOW COLUMNS FROM `made_goods` [ RunTime:0.0026s ]
SQL: SELECT a.id,a.goods_name,a.tag,max(b.goods_price) as max_goods_price,min(b.goods_price) as min_goods_price,max(b.discount_price) as max_discount_price,min(b.discount_price) as min_discount_price,max(b.img_src) as img_src FROM made_goods a LEFT JOIN made_goods_number b ON a.id = b.goods_id  WHERE a.id IN ('') GROUP BY a.id  [ RunTime:0.0050s ]
SQL: SHOW COLUMNS FROM `made_article_desc` [ RunTime:0.0038s ]
SQL: SELECT `img_src` FROM `made_article_desc` WHERE `article_id` = '1' ORDER BY sort_id asc  [ RunTime:0.0004s ]
INFO: [ app_end ] --START--
INFO: Run Behavior\ShowPageTraceBehavior [ RunTime:0.000922s ]
INFO: [ app_end ] --END-- [ RunTime:0.001053s ]

[ 2018-07-24T10:09:02+08:00 ] 127.0.0.1 /jiimadeeee/index.php/home/index/getArticle?cateId=4
INFO: [ app_init ] --START--
INFO: Run Behavior\BuildLiteBehavior [ RunTime:0.000025s ]
INFO: [ app_init ] --END-- [ RunTime:0.000442s ]
INFO: [ app_begin ] --START--
INFO: Run Behavior\ReadHtmlCacheBehavior [ RunTime:0.000483s ]
INFO: [ app_begin ] --END-- [ RunTime:0.000618s ]
NOTIC: [2048] Declaration of Home\Controller\IndexController::theme() should be compatible with Think\Controller::theme($theme) D:\wamp\wamp64\www\jiimadeeee\Application\Home\Controller\IndexController.class.php 第 279 行.
SQL: SHOW COLUMNS FROM `made_article` [ RunTime:0.0027s ]
SQL: SELECT * FROM `made_article` WHERE `cate_id` = '4' AND `is_index` = '1' ORDER BY sort_id asc  [ RunTime:0.0008s ]
INFO: [ app_end ] --START--
INFO: Run Behavior\ShowPageTraceBehavior [ RunTime:0.001130s ]
INFO: [ app_end ] --END-- [ RunTime:0.001324s ]

[ 2018-07-24T10:09:05+08:00 ] 127.0.0.1 /jiimadeeee/index.php/home/index/getArticle?cateId=3
INFO: [ app_init ] --START--
INFO: Run Behavior\BuildLiteBehavior [ RunTime:0.000024s ]
INFO: [ app_init ] --END-- [ RunTime:0.000468s ]
INFO: [ app_begin ] --START--
INFO: Run Behavior\ReadHtmlCacheBehavior [ RunTime:0.000483s ]
INFO: [ app_begin ] --END-- [ RunTime:0.000603s ]
NOTIC: [2048] Declaration of Home\Controller\IndexController::theme() should be compatible with Think\Controller::theme($theme) D:\wamp\wamp64\www\jiimadeeee\Application\Home\Controller\IndexController.class.php 第 279 行.
SQL: SHOW COLUMNS FROM `made_article` [ RunTime:0.0027s ]
SQL: SELECT * FROM `made_article` WHERE `cate_id` = '3' AND `is_index` = '1' ORDER BY sort_id asc  [ RunTime:0.0005s ]
INFO: [ app_end ] --START--
INFO: Run Behavior\ShowPageTraceBehavior [ RunTime:0.001108s ]
INFO: [ app_end ] --END-- [ RunTime:0.001292s ]

[ 2018-07-24T10:11:06+08:00 ] 127.0.0.1 /jiimadeeee/index.php/home/index/theme
INFO: [ app_init ] --START--
INFO: Run Behavior\BuildLiteBehavior [ RunTime:0.000047s ]
INFO: [ app_init ] --END-- [ RunTime:0.000953s ]
INFO: [ app_begin ] --START--
INFO: Run Behavior\ReadHtmlCacheBehavior [ RunTime:0.001122s ]
INFO: [ app_begin ] --END-- [ RunTime:0.001371s ]
NOTIC: [2048] Declaration of Home\Controller\IndexController::theme() should be compatible with Think\Controller::theme($theme) D:\wamp\wamp64\www\jiimadeeee\Application\Home\Controller\IndexController.class.php 第 279 行.
SQL: SHOW COLUMNS FROM `made_theme` [ RunTime:0.0034s ]
SQL: SELECT * FROM `made_theme` ORDER BY sort_id asc  [ RunTime:0.0004s ]
INFO: [ app_end ] --START--
INFO: Run Behavior\ShowPageTraceBehavior [ RunTime:0.000786s ]
INFO: [ app_end ] --END-- [ RunTime:0.000900s ]

[ 2018-07-24T10:11:06+08:00 ] 127.0.0.1 /jiimadeeee/index.php/home/index/getCarousel?themeId=2
INFO: [ app_init ] --START--
INFO: Run Behavior\BuildLiteBehavior [ RunTime:0.000023s ]
INFO: [ app_init ] --END-- [ RunTime:0.000431s ]
INFO: [ app_begin ] --START--
INFO: Run Behavior\ReadHtmlCacheBehavior [ RunTime:0.000459s ]
INFO: [ app_begin ] --END-- [ RunTime:0.000581s ]
NOTIC: [2048] Declaration of Home\Controller\IndexController::theme() should be compatible with Think\Controller::theme($theme) D:\wamp\wamp64\www\jiimadeeee\Application\Home\Controller\IndexController.class.php 第 279 行.
SQL: SHOW COLUMNS FROM `made_carousel` [ RunTime:0.0015s ]
SQL: SELECT * FROM `made_carousel` WHERE `theme_id` = '2' ORDER BY sort_id asc  [ RunTime:0.0003s ]
INFO: [ app_end ] --START--
INFO: Run Behavior\ShowPageTraceBehavior [ RunTime:0.000808s ]
INFO: [ app_end ] --END-- [ RunTime:0.000928s ]

[ 2018-07-24T10:11:07+08:00 ] 127.0.0.1 /jiimadeeee/index.php/home/index/login?code=071Dgzga1ljHBQ1G6Tfa1CPSga1DgzgY
INFO: [ app_init ] --START--
INFO: Run Behavior\BuildLiteBehavior [ RunTime:0.000033s ]
INFO: [ app_init ] --END-- [ RunTime:0.000523s ]
INFO: [ app_begin ] --START--
INFO: Run Behavior\ReadHtmlCacheBehavior [ RunTime:0.000574s ]
INFO: [ app_begin ] --END-- [ RunTime:0.000700s ]
NOTIC: [2048] Declaration of Home\Controller\IndexController::theme() should be compatible with Think\Controller::theme($theme) D:\wamp\wamp64\www\jiimadeeee\Application\Home\Controller\IndexController.class.php 第 279 行.
SQL: SHOW COLUMNS FROM `made_user` [ RunTime:0.0014s ]
SQL: SELECT `id` FROM `made_user` WHERE `openid` = 'ojUv941YOJMStCvC71fzUK4iqE8g' LIMIT 1   [ RunTime:0.0004s ]
SQL: UPDATE `made_user` SET `thr_session`='6838a47ee95063ec5f72ea6d5236415b',`session_key`='04ItQXgmK/6T7dzQsiSZSw==' WHERE `id` = 13 [ RunTime:0.0011s ]
INFO: [ app_end ] --START--
INFO: Run Behavior\ShowPageTraceBehavior [ RunTime:0.000742s ]
INFO: [ app_end ] --END-- [ RunTime:0.000855s ]

[ 2018-07-24T10:11:12+08:00 ] 127.0.0.1 /jiimadeeee/index.php/home/index/getCarousel?themeId=3
INFO: [ app_init ] --START--
INFO: Run Behavior\BuildLiteBehavior [ RunTime:0.000052s ]
INFO: [ app_init ] --END-- [ RunTime:0.000876s ]
INFO: [ app_begin ] --START--
INFO: Run Behavior\ReadHtmlCacheBehavior [ RunTime:0.000950s ]
INFO: [ app_begin ] --END-- [ RunTime:0.001194s ]
NOTIC: [2048] Declaration of Home\Controller\IndexController::theme() should be compatible with Think\Controller::theme($theme) D:\wamp\wamp64\www\jiimadeeee\Application\Home\Controller\IndexController.class.php 第 279 行.
SQL: SHOW COLUMNS FROM `made_carousel` [ RunTime:0.0007s ]
SQL: SELECT * FROM `made_carousel` WHERE `theme_id` = '3' ORDER BY sort_id asc  [ RunTime:0.0003s ]
INFO: [ app_end ] --START--
INFO: Run Behavior\ShowPageTraceBehavior [ RunTime:0.000724s ]
INFO: [ app_end ] --END-- [ RunTime:0.000837s ]

[ 2018-07-24T10:11:17+08:00 ] 127.0.0.1 /jiimadeeee/index.php/home/index/getCarousel?themeId=2
INFO: [ app_init ] --START--
INFO: Run Behavior\BuildLiteBehavior [ RunTime:0.000025s ]
INFO: [ app_init ] --END-- [ RunTime:0.000446s ]
INFO: [ app_begin ] --START--
INFO: Run Behavior\ReadHtmlCacheBehavior [ RunTime:0.000462s ]
INFO: [ app_begin ] --END-- [ RunTime:0.000579s ]
NOTIC: [2048] Declaration of Home\Controller\IndexController::theme() should be compatible with Think\Controller::theme($theme) D:\wamp\wamp64\www\jiimadeeee\Application\Home\Controller\IndexController.class.php 第 279 行.
SQL: SHOW COLUMNS FROM `made_carousel` [ RunTime:0.0024s ]
SQL: SELECT * FROM `made_carousel` WHERE `theme_id` = '2' ORDER BY sort_id asc  [ RunTime:0.0004s ]
INFO: [ app_end ] --START--
INFO: Run Behavior\ShowPageTraceBehavior [ RunTime:0.000759s ]
INFO: [ app_end ] --END-- [ RunTime:0.000873s ]

[ 2018-07-24T10:11:17+08:00 ] 127.0.0.1 /jiimadeeee/index.php/home/index/getCarousel?themeId=3
INFO: [ app_init ] --START--
INFO: Run Behavior\BuildLiteBehavior [ RunTime:0.000023s ]
INFO: [ app_init ] --END-- [ RunTime:0.000437s ]
INFO: [ app_begin ] --START--
INFO: Run Behavior\ReadHtmlCacheBehavior [ RunTime:0.000473s ]
INFO: [ app_begin ] --END-- [ RunTime:0.000589s ]
NOTIC: [2048] Declaration of Home\Controller\IndexController::theme() should be compatible with Think\Controller::theme($theme) D:\wamp\wamp64\www\jiimadeeee\Application\Home\Controller\IndexController.class.php 第 279 行.
SQL: SHOW COLUMNS FROM `made_carousel` [ RunTime:0.0026s ]
SQL: SELECT * FROM `made_carousel` WHERE `theme_id` = '3' ORDER BY sort_id asc  [ RunTime:0.0004s ]
INFO: [ app_end ] --START--
INFO: Run Behavior\ShowPageTraceBehavior [ RunTime:0.000735s ]
INFO: [ app_end ] --END-- [ RunTime:0.000849s ]

[ 2018-07-24T10:11:21+08:00 ] 127.0.0.1 /jiimadeeee/index.php/Home/index/orderState?userId=13&thr_session=6838a47ee95063ec5f72ea6d5236415b
INFO: [ app_init ] --START--
INFO: Run Behavior\BuildLiteBehavior [ RunTime:0.000027s ]
INFO: [ app_init ] --END-- [ RunTime:0.000501s ]
INFO: [ app_begin ] --START--
INFO: Run Behavior\ReadHtmlCacheBehavior [ RunTime:0.000535s ]
INFO: [ app_begin ] --END-- [ RunTime:0.000672s ]
NOTIC: [2048] Declaration of Home\Controller\IndexController::theme() should be compatible with Think\Controller::theme($theme) D:\wamp\wamp64\www\jiimadeeee\Application\Home\Controller\IndexController.class.php 第 279 行.
SQL: SHOW COLUMNS FROM `made_order` [ RunTime:0.0035s ]
SQL: SHOW COLUMNS FROM `made_user` [ RunTime:0.0007s ]
SQL: SELECT `thr_session` FROM `made_user` WHERE `id` = 13 LIMIT 1   [ RunTime:0.0003s ]
SQL: SELECT * FROM `made_order` WHERE `user_id` = '13'  [ RunTime:0.0029s ]
INFO: [ app_end ] --START--
INFO: Run Behavior\ShowPageTraceBehavior [ RunTime:0.000651s ]
INFO: [ app_end ] --END-- [ RunTime:0.000766s ]

[ 2018-07-24T10:11:21+08:00 ] 127.0.0.1 /jiimadeeee/index.php/Home/index/checkQuote?userId=13&thr_session=6838a47ee95063ec5f72ea6d5236415b
INFO: [ app_init ] --START--
INFO: Run Behavior\BuildLiteBehavior [ RunTime:0.000032s ]
INFO: [ app_init ] --END-- [ RunTime:0.000556s ]
INFO: [ app_begin ] --START--
INFO: Run Behavior\ReadHtmlCacheBehavior [ RunTime:0.001217s ]
INFO: [ app_begin ] --END-- [ RunTime:0.001529s ]
NOTIC: [2048] Declaration of Home\Controller\IndexController::theme() should be compatible with Think\Controller::theme($theme) D:\wamp\wamp64\www\jiimadeeee\Application\Home\Controller\IndexController.class.php 第 279 行.
SQL: SHOW COLUMNS FROM `made_quote` [ RunTime:0.0023s ]
SQL: SHOW COLUMNS FROM `made_user` [ RunTime:0.0014s ]
SQL: SELECT `thr_session` FROM `made_user` WHERE `id` = 13 LIMIT 1   [ RunTime:0.0002s ]
SQL: SELECT * FROM `made_quote` WHERE `user_id` = '13'  [ RunTime:0.0023s ]
INFO: [ app_end ] --START--
INFO: Run Behavior\ShowPageTraceBehavior [ RunTime:0.000860s ]
INFO: [ app_end ] --END-- [ RunTime:0.000993s ]

[ 2018-07-24T10:11:21+08:00 ] 127.0.0.1 /jiimadeeee/index.php/Home/index/orderState?userId=13&thr_session=6838a47ee95063ec5f72ea6d5236415b
INFO: [ app_init ] --START--
INFO: Run Behavior\BuildLiteBehavior [ RunTime:0.000034s ]
INFO: [ app_init ] --END-- [ RunTime:0.000502s ]
INFO: [ app_begin ] --START--
INFO: Run Behavior\ReadHtmlCacheBehavior [ RunTime:0.000689s ]
INFO: [ app_begin ] --END-- [ RunTime:0.000853s ]
NOTIC: [2048] Declaration of Home\Controller\IndexController::theme() should be compatible with Think\Controller::theme($theme) D:\wamp\wamp64\www\jiimadeeee\Application\Home\Controller\IndexController.class.php 第 279 行.
SQL: SHOW COLUMNS FROM `made_order` [ RunTime:0.0015s ]
SQL: SHOW COLUMNS FROM `made_user` [ RunTime:0.0018s ]
SQL: SELECT `thr_session` FROM `made_user` WHERE `id` = 13 LIMIT 1   [ RunTime:0.0003s ]
SQL: SELECT * FROM `made_order` WHERE `user_id` = '13'  [ RunTime:0.0004s ]
INFO: [ app_end ] --START--
INFO: Run Behavior\ShowPageTraceBehavior [ RunTime:0.000828s ]
INFO: [ app_end ] --END-- [ RunTime:0.001015s ]

[ 2018-07-24T10:11:21+08:00 ] 127.0.0.1 /jiimadeeee/index.php/Home/index/checkQuote?userId=13&thr_session=6838a47ee95063ec5f72ea6d5236415b
INFO: [ app_init ] --START--
INFO: Run Behavior\BuildLiteBehavior [ RunTime:0.000063s ]
INFO: [ app_init ] --END-- [ RunTime:0.001090s ]
INFO: [ app_begin ] --START--
INFO: Run Behavior\ReadHtmlCacheBehavior [ RunTime:0.001256s ]
INFO: [ app_begin ] --END-- [ RunTime:0.001550s ]
NOTIC: [2048] Declaration of Home\Controller\IndexController::theme() should be compatible with Think\Controller::theme($theme) D:\wamp\wamp64\www\jiimadeeee\Application\Home\Controller\IndexController.class.php 第 279 行.
SQL: SHOW COLUMNS FROM `made_quote` [ RunTime:0.0015s ]
SQL: SHOW COLUMNS FROM `made_user` [ RunTime:0.0015s ]
SQL: SELECT `thr_session` FROM `made_user` WHERE `id` = 13 LIMIT 1   [ RunTime:0.0003s ]
SQL: SELECT * FROM `made_quote` WHERE `user_id` = '13'  [ RunTime:0.0003s ]
INFO: [ app_end ] --START--
INFO: Run Behavior\ShowPageTraceBehavior [ RunTime:0.001470s ]
INFO: [ app_end ] --END-- [ RunTime:0.001739s ]

[ 2018-07-24T10:11:43+08:00 ] 127.0.0.1 /jiimadeeee/index.php/Home/index/checkQuote?userId=13&thr_session=6838a47ee95063ec5f72ea6d5236415b
INFO: [ app_init ] --START--
INFO: Run Behavior\BuildLiteBehavior [ RunTime:0.000049s ]
INFO: [ app_init ] --END-- [ RunTime:0.001078s ]
INFO: [ app_begin ] --START--
INFO: Run Behavior\ReadHtmlCacheBehavior [ RunTime:0.000992s ]
INFO: [ app_begin ] --END-- [ RunTime:0.001253s ]
NOTIC: [2048] Declaration of Home\Controller\IndexController::theme() should be compatible with Think\Controller::theme($theme) D:\wamp\wamp64\www\jiimadeeee\Application\Home\Controller\IndexController.class.php 第 279 行.
SQL: SHOW COLUMNS FROM `made_quote` [ RunTime:0.0015s ]
SQL: SHOW COLUMNS FROM `made_user` [ RunTime:0.0015s ]
SQL: SELECT `thr_session` FROM `made_user` WHERE `id` = 13 LIMIT 1   [ RunTime:0.0003s ]
SQL: SELECT * FROM `made_quote` WHERE `user_id` = '13'  [ RunTime:0.0004s ]
INFO: [ app_end ] --START--
INFO: Run Behavior\ShowPageTraceBehavior [ RunTime:0.001089s ]
INFO: [ app_end ] --END-- [ RunTime:0.001274s ]

[ 2018-07-24T10:11:43+08:00 ] 127.0.0.1 /jiimadeeee/index.php/Home/index/orderState?userId=13&thr_session=6838a47ee95063ec5f72ea6d5236415b
INFO: [ app_init ] --START--
INFO: Run Behavior\BuildLiteBehavior [ RunTime:0.000048s ]
INFO: [ app_init ] --END-- [ RunTime:0.000979s ]
INFO: [ app_begin ] --START--
INFO: Run Behavior\ReadHtmlCacheBehavior [ RunTime:0.000970s ]
INFO: [ app_begin ] --END-- [ RunTime:0.001220s ]
NOTIC: [2048] Declaration of Home\Controller\IndexController::theme() should be compatible with Think\Controller::theme($theme) D:\wamp\wamp64\www\jiimadeeee\Application\Home\Controller\IndexController.class.php 第 279 行.
SQL: SHOW COLUMNS FROM `made_order` [ RunTime:0.0015s ]
SQL: SHOW COLUMNS FROM `made_user` [ RunTime:0.0028s ]
SQL: SELECT `thr_session` FROM `made_user` WHERE `id` = 13 LIMIT 1   [ RunTime:0.0004s ]
SQL: SELECT * FROM `made_order` WHERE `user_id` = '13'  [ RunTime:0.0005s ]
INFO: [ app_end ] --START--
INFO: Run Behavior\ShowPageTraceBehavior [ RunTime:0.000912s ]
INFO: [ app_end ] --END-- [ RunTime:0.001066s ]

[ 2018-07-24T10:11:49+08:00 ] 127.0.0.1 /jiimadeeee/index.php/Home/index/orderState?userId=13&thr_session=6838a47ee95063ec5f72ea6d5236415b
INFO: [ app_init ] --START--
INFO: Run Behavior\BuildLiteBehavior [ RunTime:0.000029s ]
INFO: [ app_init ] --END-- [ RunTime:0.000477s ]
INFO: [ app_begin ] --START--
INFO: Run Behavior\ReadHtmlCacheBehavior [ RunTime:0.000548s ]
INFO: [ app_begin ] --END-- [ RunTime:0.000692s ]
NOTIC: [2048] Declaration of Home\Controller\IndexController::theme() should be compatible with Think\Controller::theme($theme) D:\wamp\wamp64\www\jiimadeeee\Application\Home\Controller\IndexController.class.php 第 279 行.
SQL: SHOW COLUMNS FROM `made_order` [ RunTime:0.0028s ]
SQL: SHOW COLUMNS FROM `made_user` [ RunTime:0.0009s ]
SQL: SELECT `thr_session` FROM `made_user` WHERE `id` = 13 LIMIT 1   [ RunTime:0.0003s ]
SQL: SELECT * FROM `made_order` WHERE `user_id` = '13'  [ RunTime:0.0003s ]
INFO: [ app_end ] --START--
INFO: Run Behavior\ShowPageTraceBehavior [ RunTime:0.000772s ]
INFO: [ app_end ] --END-- [ RunTime:0.000886s ]

[ 2018-07-24T10:11:49+08:00 ] 127.0.0.1 /jiimadeeee/index.php/Home/index/checkQuote?userId=13&thr_session=6838a47ee95063ec5f72ea6d5236415b
INFO: [ app_init ] --START--
INFO: Run Behavior\BuildLiteBehavior [ RunTime:0.000062s ]
INFO: [ app_init ] --END-- [ RunTime:0.001136s ]
INFO: [ app_begin ] --START--
INFO: Run Behavior\ReadHtmlCacheBehavior [ RunTime:0.001104s ]
INFO: [ app_begin ] --END-- [ RunTime:0.001384s ]
NOTIC: [2048] Declaration of Home\Controller\IndexController::theme() should be compatible with Think\Controller::theme($theme) D:\wamp\wamp64\www\jiimadeeee\Application\Home\Controller\IndexController.class.php 第 279 行.
SQL: SHOW COLUMNS FROM `made_quote` [ RunTime:0.0014s ]
SQL: SHOW COLUMNS FROM `made_user` [ RunTime:0.0013s ]
SQL: SELECT `thr_session` FROM `made_user` WHERE `id` = 13 LIMIT 1   [ RunTime:0.0002s ]
SQL: SELECT * FROM `made_quote` WHERE `user_id` = '13'  [ RunTime:0.0002s ]
INFO: [ app_end ] --START--
INFO: Run Behavior\ShowPageTraceBehavior [ RunTime:0.000780s ]
INFO: [ app_end ] --END-- [ RunTime:0.000888s ]

[ 2018-07-24T10:12:04+08:00 ] 127.0.0.1 /jiimadeeee/index.php/Home/index/chooseFurniture
INFO: [ app_init ] --START--
INFO: Run Behavior\BuildLiteBehavior [ RunTime:0.000032s ]
INFO: [ app_init ] --END-- [ RunTime:0.000685s ]
INFO: [ app_begin ] --START--
INFO: Run Behavior\ReadHtmlCacheBehavior [ RunTime:0.000615s ]
INFO: [ app_begin ] --END-- [ RunTime:0.000756s ]
NOTIC: [2048] Declaration of Home\Controller\IndexController::theme() should be compatible with Think\Controller::theme($theme) D:\wamp\wamp64\www\jiimadeeee\Application\Home\Controller\IndexController.class.php 第 279 行.
SQL: SHOW COLUMNS FROM `made_furniture` [ RunTime:0.0047s ]
SQL: SELECT `id`,`fur_name`,`img_src`,`attribute` FROM `made_furniture` ORDER BY sort_id asc  [ RunTime:0.0005s ]
INFO: [ app_end ] --START--
INFO: Run Behavior\ShowPageTraceBehavior [ RunTime:0.000919s ]
INFO: [ app_end ] --END-- [ RunTime:0.001074s ]

[ 2018-07-24T10:12:06+08:00 ] 127.0.0.1 /jiimadeeee/index.php/Home/index/getFurAttr?furId=2
INFO: [ app_init ] --START--
INFO: Run Behavior\BuildLiteBehavior [ RunTime:0.000024s ]
INFO: [ app_init ] --END-- [ RunTime:0.000443s ]
INFO: [ app_begin ] --START--
INFO: Run Behavior\ReadHtmlCacheBehavior [ RunTime:0.000461s ]
INFO: [ app_begin ] --END-- [ RunTime:0.000582s ]
NOTIC: [2048] Declaration of Home\Controller\IndexController::theme() should be compatible with Think\Controller::theme($theme) D:\wamp\wamp64\www\jiimadeeee\Application\Home\Controller\IndexController.class.php 第 279 行.
SQL: SHOW COLUMNS FROM `made_furniture` [ RunTime:0.0014s ]
SQL: SELECT * FROM `made_furniture` WHERE `id` = 2 LIMIT 1   [ RunTime:0.0003s ]
INFO: [ app_end ] --START--
INFO: Run Behavior\ShowPageTraceBehavior [ RunTime:0.000713s ]
INFO: [ app_end ] --END-- [ RunTime:0.000823s ]

[ 2018-07-24T10:12:09+08:00 ] 127.0.0.1 /jiimadeeee/index.php/Home/index/getFurAttr?furId=1
INFO: [ app_init ] --START--
INFO: Run Behavior\BuildLiteBehavior [ RunTime:0.000027s ]
INFO: [ app_init ] --END-- [ RunTime:0.000523s ]
INFO: [ app_begin ] --START--
INFO: Run Behavior\ReadHtmlCacheBehavior [ RunTime:0.000483s ]
INFO: [ app_begin ] --END-- [ RunTime:0.000613s ]
NOTIC: [2048] Declaration of Home\Controller\IndexController::theme() should be compatible with Think\Controller::theme($theme) D:\wamp\wamp64\www\jiimadeeee\Application\Home\Controller\IndexController.class.php 第 279 行.
SQL: SHOW COLUMNS FROM `made_furniture` [ RunTime:0.0016s ]
SQL: SELECT * FROM `made_furniture` WHERE `id` = 1 LIMIT 1   [ RunTime:0.0007s ]
INFO: [ app_end ] --START--
INFO: Run Behavior\ShowPageTraceBehavior [ RunTime:0.001046s ]
INFO: [ app_end ] --END-- [ RunTime:0.001219s ]

[ 2018-07-24T10:12:10+08:00 ] 127.0.0.1 /jiimadeeee/index.php/Home/index/getFurModel?furId=1&gatAttr=0%2C0%2C
INFO: [ app_init ] --START--
INFO: Run Behavior\BuildLiteBehavior [ RunTime:0.000025s ]
INFO: [ app_init ] --END-- [ RunTime:0.000468s ]
INFO: [ app_begin ] --START--
INFO: Run Behavior\ReadHtmlCacheBehavior [ RunTime:0.000504s ]
INFO: [ app_begin ] --END-- [ RunTime:0.000640s ]
NOTIC: [2048] Declaration of Home\Controller\IndexController::theme() should be compatible with Think\Controller::theme($theme) D:\wamp\wamp64\www\jiimadeeee\Application\Home\Controller\IndexController.class.php 第 279 行.
SQL: SHOW COLUMNS FROM `made_model` [ RunTime:0.0044s ]
SQL: SHOW COLUMNS FROM `made_furniture_quote` [ RunTime:0.0026s ]
SQL: SELECT `id`,`model_id`,`img_src` FROM `made_furniture_quote` WHERE `fur_attr_id` = '0,0' AND `fur_id` = '1'  [ RunTime:0.0003s ]
SQL: SELECT `id`,`model_id`,`img_src` FROM `made_furniture_quote` WHERE `fur_attr_id` = '0,0' AND `fur_id` = '1'  [ RunTime:0.0002s ]
SQL: SELECT `id`,`model_id`,`img_src` FROM `made_furniture_quote` WHERE `fur_attr_id` = '0,1' AND `fur_id` = '1'  [ RunTime:0.0003s ]
SQL: SELECT * FROM `made_model` WHERE `id` = 1 LIMIT 1   [ RunTime:0.0002s ]
SQL: SHOW COLUMNS FROM `made_goods` [ RunTime:0.0015s ]
SQL: SELECT a.id,a.goods_name,max(b.img_src) as img_src FROM made_goods a LEFT JOIN made_goods_number b ON a.id=b.goods_id  WHERE a.cat_id IN ('3') AND a.is_quote = '1' GROUP BY a.id ORDER BY a.sort_id asc  [ RunTime:0.0019s ]
SQL: SELECT a.id,a.goods_name,max(b.img_src) as img_src FROM made_goods a LEFT JOIN made_goods_number b ON a.id=b.goods_id  WHERE a.cat_id IN ('8','1') AND a.is_quote = '1' GROUP BY a.id ORDER BY a.sort_id asc  [ RunTime:0.0005s ]
SQL: SELECT `id`,`model_id`,`img_src` FROM `made_furniture_quote` WHERE `fur_attr_id` = '0,0' AND `fur_id` = '1'  [ RunTime:0.0003s ]
SQL: SELECT `id`,`model_id`,`img_src` FROM `made_furniture_quote` WHERE `fur_attr_id` = '0,2' AND `fur_id` = '1'  [ RunTime:0.0002s ]
INFO: [ app_end ] --START--
INFO: Run Behavior\ShowPageTraceBehavior [ RunTime:0.000834s ]
INFO: [ app_end ] --END-- [ RunTime:0.000962s ]

[ 2018-07-24T10:12:15+08:00 ] 127.0.0.1 /jiimadeeee/index.php/Home/index/getFurModel?furId=1&gatAttr=1%2C1%2C
INFO: [ app_init ] --START--
INFO: Run Behavior\BuildLiteBehavior [ RunTime:0.000029s ]
INFO: [ app_init ] --END-- [ RunTime:0.000511s ]
INFO: [ app_begin ] --START--
INFO: Run Behavior\ReadHtmlCacheBehavior [ RunTime:0.000483s ]
INFO: [ app_begin ] --END-- [ RunTime:0.000601s ]
NOTIC: [2048] Declaration of Home\Controller\IndexController::theme() should be compatible with Think\Controller::theme($theme) D:\wamp\wamp64\www\jiimadeeee\Application\Home\Controller\IndexController.class.php 第 279 行.
SQL: SHOW COLUMNS FROM `made_model` [ RunTime:0.0015s ]
SQL: SHOW COLUMNS FROM `made_furniture_quote` [ RunTime:0.0013s ]
SQL: SELECT `id`,`model_id`,`img_src` FROM `made_furniture_quote` WHERE `fur_attr_id` = '1,1' AND `fur_id` = '1'  [ RunTime:0.0003s ]
SQL: SELECT `id`,`model_id`,`img_src` FROM `made_furniture_quote` WHERE `fur_attr_id` = '1,0' AND `fur_id` = '1'  [ RunTime:0.0003s ]
SQL: SELECT `id`,`model_id`,`img_src` FROM `made_furniture_quote` WHERE `fur_attr_id` = '1,1' AND `fur_id` = '1'  [ RunTime:0.0004s ]
SQL: SELECT `id`,`model_id`,`img_src` FROM `made_furniture_quote` WHERE `fur_attr_id` = '1,2' AND `fur_id` = '1'  [ RunTime:0.0003s ]
SQL: SELECT `id`,`model_id`,`img_src` FROM `made_furniture_quote` WHERE `fur_attr_id` = '1,3' AND `fur_id` = '1'  [ RunTime:0.0003s ]
SQL: SELECT `id`,`model_id`,`img_src` FROM `made_furniture_quote` WHERE `fur_attr_id` = '1,4' AND `fur_id` = '1'  [ RunTime:0.0002s ]
SQL: SELECT `id`,`model_id`,`img_src` FROM `made_furniture_quote` WHERE `fur_attr_id` = '1,5' AND `fur_id` = '1'  [ RunTime:0.0002s ]
SQL: SELECT `id`,`model_id`,`img_src` FROM `made_furniture_quote` WHERE `fur_attr_id` = '1,6' AND `fur_id` = '1'  [ RunTime:0.0002s ]
INFO: [ app_end ] --START--
INFO: Run Behavior\ShowPageTraceBehavior [ RunTime:0.001198s ]
INFO: [ app_end ] --END-- [ RunTime:0.001379s ]

[ 2018-07-24T10:12:20+08:00 ] 127.0.0.1 /jiimadeeee/index.php/Home/index/getFurModel?furId=1&gatAttr=0%2C1%2C
INFO: [ app_init ] --START--
INFO: Run Behavior\BuildLiteBehavior [ RunTime:0.000022s ]
INFO: [ app_init ] --END-- [ RunTime:0.000447s ]
INFO: [ app_begin ] --START--
INFO: Run Behavior\ReadHtmlCacheBehavior [ RunTime:0.000483s ]
INFO: [ app_begin ] --END-- [ RunTime:0.000612s ]
NOTIC: [2048] Declaration of Home\Controller\IndexController::theme() should be compatible with Think\Controller::theme($theme) D:\wamp\wamp64\www\jiimadeeee\Application\Home\Controller\IndexController.class.php 第 279 行.
SQL: SHOW COLUMNS FROM `made_model` [ RunTime:0.0014s ]
SQL: SHOW COLUMNS FROM `made_furniture_quote` [ RunTime:0.0013s ]
SQL: SELECT `id`,`model_id`,`img_src` FROM `made_furniture_quote` WHERE `fur_attr_id` = '0,1' AND `fur_id` = '1'  [ RunTime:0.0004s ]
SQL: SELECT * FROM `made_model` WHERE `id` = 1 LIMIT 1   [ RunTime:0.0002s ]
SQL: SHOW COLUMNS FROM `made_goods` [ RunTime:0.0013s ]
SQL: SELECT a.id,a.goods_name,max(b.img_src) as img_src FROM made_goods a LEFT JOIN made_goods_number b ON a.id=b.goods_id  WHERE a.cat_id IN ('3') AND a.is_quote = '1' GROUP BY a.id ORDER BY a.sort_id asc  [ RunTime:0.0014s ]
SQL: SELECT a.id,a.goods_name,max(b.img_src) as img_src FROM made_goods a LEFT JOIN made_goods_number b ON a.id=b.goods_id  WHERE a.cat_id IN ('8','1') AND a.is_quote = '1' GROUP BY a.id ORDER BY a.sort_id asc  [ RunTime:0.0005s ]
SQL: SELECT `id`,`model_id`,`img_src` FROM `made_furniture_quote` WHERE `fur_attr_id` = '0,0' AND `fur_id` = '1'  [ RunTime:0.0003s ]
SQL: SELECT `id`,`model_id`,`img_src` FROM `made_furniture_quote` WHERE `fur_attr_id` = '0,2' AND `fur_id` = '1'  [ RunTime:0.0003s ]
INFO: [ app_end ] --START--
INFO: Run Behavior\ShowPageTraceBehavior [ RunTime:0.001170s ]
INFO: [ app_end ] --END-- [ RunTime:0.001355s ]

[ 2018-07-24T10:12:35+08:00 ] 127.0.0.1 /jiimadeeee/index.php/Home/index/getFurAttr?furId=3
INFO: [ app_init ] --START--
INFO: Run Behavior\BuildLiteBehavior [ RunTime:0.000027s ]
INFO: [ app_init ] --END-- [ RunTime:0.000496s ]
INFO: [ app_begin ] --START--
INFO: Run Behavior\ReadHtmlCacheBehavior [ RunTime:0.001160s ]
INFO: [ app_begin ] --END-- [ RunTime:0.001430s ]
NOTIC: [2048] Declaration of Home\Controller\IndexController::theme() should be compatible with Think\Controller::theme($theme) D:\wamp\wamp64\www\jiimadeeee\Application\Home\Controller\IndexController.class.php 第 279 行.
SQL: SHOW COLUMNS FROM `made_furniture` [ RunTime:0.0018s ]
SQL: SELECT * FROM `made_furniture` WHERE `id` = 3 LIMIT 1   [ RunTime:0.0005s ]
INFO: [ app_end ] --START--
INFO: Run Behavior\ShowPageTraceBehavior [ RunTime:0.000942s ]
INFO: [ app_end ] --END-- [ RunTime:0.001062s ]

[ 2018-07-24T10:12:37+08:00 ] 127.0.0.1 /jiimadeeee/index.php/Home/index/getFurModel?furId=3&gatAttr=0%2C0%2C
INFO: [ app_init ] --START--
INFO: Run Behavior\BuildLiteBehavior [ RunTime:0.000023s ]
INFO: [ app_init ] --END-- [ RunTime:0.000435s ]
INFO: [ app_begin ] --START--
INFO: Run Behavior\ReadHtmlCacheBehavior [ RunTime:0.000479s ]
INFO: [ app_begin ] --END-- [ RunTime:0.000600s ]
NOTIC: [2048] Declaration of Home\Controller\IndexController::theme() should be compatible with Think\Controller::theme($theme) D:\wamp\wamp64\www\jiimadeeee\Application\Home\Controller\IndexController.class.php 第 279 行.
SQL: SHOW COLUMNS FROM `made_model` [ RunTime:0.0013s ]
SQL: SHOW COLUMNS FROM `made_furniture_quote` [ RunTime:0.0014s ]
SQL: SELECT `id`,`model_id`,`img_src` FROM `made_furniture_quote` WHERE `fur_attr_id` = '0,0' AND `fur_id` = '3'  [ RunTime:0.0004s ]
SQL: SELECT * FROM `made_model` WHERE `id` = 2 LIMIT 1   [ RunTime:0.0003s ]
SQL: SHOW COLUMNS FROM `made_goods` [ RunTime:0.0016s ]
SQL: SELECT a.id,a.goods_name,max(b.img_src) as img_src FROM made_goods a LEFT JOIN made_goods_number b ON a.id=b.goods_id  WHERE a.cat_id IN ('8','1') AND a.is_quote = '1' GROUP BY a.id ORDER BY a.sort_id asc  [ RunTime:0.0015s ]
SQL: SELECT a.id,a.goods_name,max(b.img_src) as img_src FROM made_goods a LEFT JOIN made_goods_number b ON a.id=b.goods_id  WHERE a.cat_id IN ('8','1') AND a.is_quote = '1' GROUP BY a.id ORDER BY a.sort_id asc  [ RunTime:0.0005s ]
SQL: SELECT `id`,`model_id`,`img_src` FROM `made_furniture_quote` WHERE `fur_attr_id` = '0,-1' AND `fur_id` = '3'  [ RunTime:0.0003s ]
SQL: SELECT `id`,`model_id`,`img_src` FROM `made_furniture_quote` WHERE `fur_attr_id` = '0,1' AND `fur_id` = '3'  [ RunTime:0.0002s ]
INFO: [ app_end ] --START--
INFO: Run Behavior\ShowPageTraceBehavior [ RunTime:0.001164s ]
INFO: [ app_end ] --END-- [ RunTime:0.001354s ]

[ 2018-07-24T10:13:16+08:00 ] 127.0.0.1 /jiimadeeee/index.php/Home/index/addWxModule?furId=3&furQuoId=12&space=f&extData=%7B%7D&parData=%7B%22H%22%3A0.85%2C%22D%22%3A%220.6%22%2C%22W%22%3A%222%22%7D&chooseGoods=%7B%22p1%22%3A%7B%220%22%3A%227%22%7D%2C%22p2%22%3A%7B%220%22%3A%227%22%7D%7D&chooseCh=%7B%22%E9%97%A8%E6%8E%A7%E5%88%86%E7%B1%BB%22%3A%22%E9%97%A8%E5%A5%97%22%7D&userId=13&thr_session=6838a47ee95063ec5f72ea6d5236415b
INFO: [ app_init ] --START--
INFO: Run Behavior\BuildLiteBehavior [ RunTime:0.000047s ]
INFO: [ app_init ] --END-- [ RunTime:0.000889s ]
INFO: [ app_begin ] --START--
INFO: Run Behavior\ReadHtmlCacheBehavior [ RunTime:0.000926s ]
INFO: [ app_begin ] --END-- [ RunTime:0.001168s ]
NOTIC: [2048] Declaration of Home\Controller\IndexController::theme() should be compatible with Think\Controller::theme($theme) D:\wamp\wamp64\www\jiimadeeee\Application\Home\Controller\IndexController.class.php 第 279 行.
SQL: SHOW COLUMNS FROM `made_module` [ RunTime:0.0029s ]
SQL: SHOW COLUMNS FROM `made_user` [ RunTime:0.0007s ]
SQL: SELECT `thr_session` FROM `made_user` WHERE `id` = 13 LIMIT 1   [ RunTime:0.0003s ]
SQL: SHOW COLUMNS FROM `made_quote` [ RunTime:0.0024s ]
SQL: SHOW COLUMNS FROM `made_furniture` [ RunTime:0.0023s ]
SQL: SELECT `id`,`is_quote` FROM `made_quote` WHERE `user_id` = '13' LIMIT 1   [ RunTime:0.0003s ]
SQL: SELECT `fur_name`,`cate_id` FROM `made_furniture` WHERE `id` = 3 LIMIT 1   [ RunTime:0.0002s ]
SQL: SHOW COLUMNS FROM `made_furniture_quote` [ RunTime:0.0023s ]
SQL: SELECT `model_id` FROM `made_furniture_quote` WHERE `id` = 12 LIMIT 1   [ RunTime:0.0004s ]
SQL: SHOW COLUMNS FROM `made_model` [ RunTime:0.0025s ]
SQL: SELECT `parameter` FROM `made_model` WHERE `id` = 2 LIMIT 1   [ RunTime:0.0003s ]
SQL: SELECT max(sort_id) as num FROM `made_module` WHERE `quote_id` = '20180723141027941369' AND `cate_id` = '2' GROUP BY quote_id  [ RunTime:0.0004s ]
SQL: INSERT INTO `made_module` (`quote_id`,`fur_quo_id`,`attr`,`cate_id`,`space`,`fur_name`,`material`,`parameter`,`ext`,`sort_id`) VALUES ('20180723141027941369','12','门套','2','f','门板','{\"p1\":[\"7\"],\"p2\":[\"7\"]}','{\"W\":\"2\",\"D\":\"0.6\",\"H\":\"0.85\"}','[]','1') [ RunTime:0.0017s ]
SQL: SELECT * FROM `made_module` LIMIT 1   [ RunTime:0.0004s ]
NOTIC: [8] Undefined index: parent_id D:\wamp\wamp64\www\jiimadeeee\Application\Admin\Model\ModuleModel.class.php 第 366 行.
INFO: [ app_end ] --START--
INFO: Run Behavior\ShowPageTraceBehavior [ RunTime:0.001167s ]
INFO: [ app_end ] --END-- [ RunTime:0.001361s ]

[ 2018-07-24T10:13:16+08:00 ] 127.0.0.1 /jiimadeeee/index.php/Home/index/getModule?userId=13&thr_session=6838a47ee95063ec5f72ea6d5236415b
INFO: [ app_init ] --START--
INFO: Run Behavior\BuildLiteBehavior [ RunTime:0.000024s ]
INFO: [ app_init ] --END-- [ RunTime:0.000434s ]
INFO: [ app_begin ] --START--
INFO: Run Behavior\ReadHtmlCacheBehavior [ RunTime:0.000614s ]
INFO: [ app_begin ] --END-- [ RunTime:0.000767s ]
NOTIC: [2048] Declaration of Home\Controller\IndexController::theme() should be compatible with Think\Controller::theme($theme) D:\wamp\wamp64\www\jiimadeeee\Application\Home\Controller\IndexController.class.php 第 279 行.
SQL: SHOW COLUMNS FROM `made_module` [ RunTime:0.0028s ]
SQL: SHOW COLUMNS FROM `made_user` [ RunTime:0.0009s ]
SQL: SELECT `thr_session` FROM `made_user` WHERE `id` = 13 LIMIT 1   [ RunTime:0.0006s ]
SQL: SHOW COLUMNS FROM `made_quote` [ RunTime:0.0021s ]
SQL: SELECT `id` FROM `made_quote` WHERE `user_id` = '13' LIMIT 1   [ RunTime:0.0005s ]
SQL: SELECT a.*,b.img_src,b.fur_attr_id,c.formula,c.project_area FROM made_module a LEFT JOIN made_furniture_quote b ON a.fur_quo_id = b.id
                    LEFT JOIN made_model c ON b.model_id = c.id  WHERE a.quote_id = '20180723141027941369' ORDER BY a.sort_id asc  [ RunTime:0.0036s ]
SQL: SHOW COLUMNS FROM `made_goods` [ RunTime:0.0027s ]
NOTIC: [8] Undefined offset: 1 D:\wamp\wamp64\www\jiimadeeee\Application\Admin\Model\ModuleModel.class.php 第 127 行.
SQL: SELECT a.goods_name,max(b.goods_price) as price FROM made_goods a LEFT JOIN made_goods_number b ON a.id=b.goods_id  WHERE a.id = '7' GROUP BY b.goods_id LIMIT 1   [ RunTime:0.0022s ]
NOTIC: [8] Undefined offset: 1 D:\wamp\wamp64\www\jiimadeeee\Application\Admin\Model\ModuleModel.class.php 第 127 行.
SQL: SELECT a.goods_name,max(b.goods_price) as price FROM made_goods a LEFT JOIN made_goods_number b ON a.id=b.goods_id  WHERE a.id = '7' GROUP BY b.goods_id LIMIT 1   [ RunTime:0.0006s ]
NOTIC: [2] Division by zero D:\wamp\wamp64\www\jiimadeeee\Application\Admin\Model\ModuleModel.class.php(171) : eval()'d code 第 1 行.
NOTIC: [8] Undefined index: 安装 D:\wamp\wamp64\www\jiimadeeee\Application\Admin\Model\ModuleModel.class.php 第 225 行.
INFO: [ app_end ] --START--
INFO: Run Behavior\ShowPageTraceBehavior [ RunTime:0.000820s ]
INFO: [ app_end ] --END-- [ RunTime:0.000941s ]

[ 2018-07-24T10:13:26+08:00 ] 127.0.0.1 /jiimadeeee/index.php/Home/index/getFurAttr?furId=3
INFO: [ app_init ] --START--
INFO: Run Behavior\BuildLiteBehavior [ RunTime:0.000026s ]
INFO: [ app_init ] --END-- [ RunTime:0.000569s ]
INFO: [ app_begin ] --START--
INFO: Run Behavior\ReadHtmlCacheBehavior [ RunTime:0.000620s ]
INFO: [ app_begin ] --END-- [ RunTime:0.000770s ]
NOTIC: [2048] Declaration of Home\Controller\IndexController::theme() should be compatible with Think\Controller::theme($theme) D:\wamp\wamp64\www\jiimadeeee\Application\Home\Controller\IndexController.class.php 第 279 行.
SQL: SHOW COLUMNS FROM `made_furniture` [ RunTime:0.0015s ]
SQL: SELECT * FROM `made_furniture` WHERE `id` = 3 LIMIT 1   [ RunTime:0.0004s ]
INFO: [ app_end ] --START--
INFO: Run Behavior\ShowPageTraceBehavior [ RunTime:0.000956s ]
INFO: [ app_end ] --END-- [ RunTime:0.001144s ]

[ 2018-07-24T10:13:28+08:00 ] 127.0.0.1 /jiimadeeee/index.php/Home/index/getFurModel?furId=3&gatAttr=1%2C0%2C
INFO: [ app_init ] --START--
INFO: Run Behavior\BuildLiteBehavior [ RunTime:0.000023s ]
INFO: [ app_init ] --END-- [ RunTime:0.000434s ]
INFO: [ app_begin ] --START--
INFO: Run Behavior\ReadHtmlCacheBehavior [ RunTime:0.000462s ]
INFO: [ app_begin ] --END-- [ RunTime:0.000581s ]
NOTIC: [2048] Declaration of Home\Controller\IndexController::theme() should be compatible with Think\Controller::theme($theme) D:\wamp\wamp64\www\jiimadeeee\Application\Home\Controller\IndexController.class.php 第 279 行.
SQL: SHOW COLUMNS FROM `made_model` [ RunTime:0.0015s ]
SQL: SHOW COLUMNS FROM `made_furniture_quote` [ RunTime:0.0025s ]
SQL: SELECT `id`,`model_id`,`img_src` FROM `made_furniture_quote` WHERE `fur_attr_id` = '1,0' AND `fur_id` = '3'  [ RunTime:0.0004s ]
SQL: SELECT `id`,`model_id`,`img_src` FROM `made_furniture_quote` WHERE `fur_attr_id` = '1,0' AND `fur_id` = '3'  [ RunTime:0.0003s ]
SQL: SELECT `id`,`model_id`,`img_src` FROM `made_furniture_quote` WHERE `fur_attr_id` = '1,1' AND `fur_id` = '3'  [ RunTime:0.0003s ]
SQL: SELECT * FROM `made_model` WHERE `id` = 2 LIMIT 1   [ RunTime:0.0003s ]
SQL: SHOW COLUMNS FROM `made_goods` [ RunTime:0.0026s ]
SQL: SELECT a.id,a.goods_name,max(b.img_src) as img_src FROM made_goods a LEFT JOIN made_goods_number b ON a.id=b.goods_id  WHERE a.cat_id IN ('8','1') AND a.is_quote = '1' GROUP BY a.id ORDER BY a.sort_id asc  [ RunTime:0.0024s ]
SQL: SELECT a.id,a.goods_name,max(b.img_src) as img_src FROM made_goods a LEFT JOIN made_goods_number b ON a.id=b.goods_id  WHERE a.cat_id IN ('8','1') AND a.is_quote = '1' GROUP BY a.id ORDER BY a.sort_id asc  [ RunTime:0.0006s ]
SQL: SELECT `id`,`model_id`,`img_src` FROM `made_furniture_quote` WHERE `fur_attr_id` = '1,0' AND `fur_id` = '3'  [ RunTime:0.0003s ]
SQL: SELECT `id`,`model_id`,`img_src` FROM `made_furniture_quote` WHERE `fur_attr_id` = '1,2' AND `fur_id` = '3'  [ RunTime:0.0003s ]
INFO: [ app_end ] --START--
INFO: Run Behavior\ShowPageTraceBehavior [ RunTime:0.000792s ]
INFO: [ app_end ] --END-- [ RunTime:0.000904s ]

[ 2018-07-24T10:13:31+08:00 ] 127.0.0.1 /jiimadeeee/index.php/Home/index/getFurModel?furId=3&gatAttr=2%2C1%2C
INFO: [ app_init ] --START--
INFO: Run Behavior\BuildLiteBehavior [ RunTime:0.000027s ]
INFO: [ app_init ] --END-- [ RunTime:0.000459s ]
INFO: [ app_begin ] --START--
INFO: Run Behavior\ReadHtmlCacheBehavior [ RunTime:0.000481s ]
INFO: [ app_begin ] --END-- [ RunTime:0.000605s ]
NOTIC: [2048] Declaration of Home\Controller\IndexController::theme() should be compatible with Think\Controller::theme($theme) D:\wamp\wamp64\www\jiimadeeee\Application\Home\Controller\IndexController.class.php 第 279 行.
SQL: SHOW COLUMNS FROM `made_model` [ RunTime:0.0015s ]
SQL: SHOW COLUMNS FROM `made_furniture_quote` [ RunTime:0.0015s ]
SQL: SELECT `id`,`model_id`,`img_src` FROM `made_furniture_quote` WHERE `fur_attr_id` = '2,1' AND `fur_id` = '3'  [ RunTime:0.0003s ]
SQL: SELECT `id`,`model_id`,`img_src` FROM `made_furniture_quote` WHERE `fur_attr_id` = '2,0' AND `fur_id` = '3'  [ RunTime:0.0002s ]
SQL: SELECT `id`,`model_id`,`img_src` FROM `made_furniture_quote` WHERE `fur_attr_id` = '2,1' AND `fur_id` = '3'  [ RunTime:0.0003s ]
SQL: SELECT `id`,`model_id`,`img_src` FROM `made_furniture_quote` WHERE `fur_attr_id` = '2,2' AND `fur_id` = '3'  [ RunTime:0.0003s ]
SQL: SELECT `id`,`model_id`,`img_src` FROM `made_furniture_quote` WHERE `fur_attr_id` = '2,3' AND `fur_id` = '3'  [ RunTime:0.0003s ]
SQL: SELECT `id`,`model_id`,`img_src` FROM `made_furniture_quote` WHERE `fur_attr_id` = '2,4' AND `fur_id` = '3'  [ RunTime:0.0005s ]
SQL: SELECT `id`,`model_id`,`img_src` FROM `made_furniture_quote` WHERE `fur_attr_id` = '2,5' AND `fur_id` = '3'  [ RunTime:0.0003s ]
SQL: SELECT `id`,`model_id`,`img_src` FROM `made_furniture_quote` WHERE `fur_attr_id` = '2,6' AND `fur_id` = '3'  [ RunTime:0.0002s ]
INFO: [ app_end ] --START--
INFO: Run Behavior\ShowPageTraceBehavior [ RunTime:0.001561s ]
INFO: [ app_end ] --END-- [ RunTime:0.001830s ]

[ 2018-07-24T10:13:33+08:00 ] 127.0.0.1 /jiimadeeee/index.php/Home/index/getFurModel?furId=3&gatAttr=1%2C1%2C
INFO: [ app_init ] --START--
INFO: Run Behavior\BuildLiteBehavior [ RunTime:0.000024s ]
INFO: [ app_init ] --END-- [ RunTime:0.000451s ]
INFO: [ app_begin ] --START--
INFO: Run Behavior\ReadHtmlCacheBehavior [ RunTime:0.000442s ]
INFO: [ app_begin ] --END-- [ RunTime:0.000557s ]
NOTIC: [2048] Declaration of Home\Controller\IndexController::theme() should be compatible with Think\Controller::theme($theme) D:\wamp\wamp64\www\jiimadeeee\Application\Home\Controller\IndexController.class.php 第 279 行.
SQL: SHOW COLUMNS FROM `made_model` [ RunTime:0.0025s ]
SQL: SHOW COLUMNS FROM `made_furniture_quote` [ RunTime:0.0023s ]
SQL: SELECT `id`,`model_id`,`img_src` FROM `made_furniture_quote` WHERE `fur_attr_id` = '1,1' AND `fur_id` = '3'  [ RunTime:0.0004s ]
SQL: SELECT * FROM `made_model` WHERE `id` = 2 LIMIT 1   [ RunTime:0.0003s ]
SQL: SHOW COLUMNS FROM `made_goods` [ RunTime:0.0024s ]
SQL: SELECT a.id,a.goods_name,max(b.img_src) as img_src FROM made_goods a LEFT JOIN made_goods_number b ON a.id=b.goods_id  WHERE a.cat_id IN ('8','1') AND a.is_quote = '1' GROUP BY a.id ORDER BY a.sort_id asc  [ RunTime:0.0024s ]
SQL: SELECT a.id,a.goods_name,max(b.img_src) as img_src FROM made_goods a LEFT JOIN made_goods_number b ON a.id=b.goods_id  WHERE a.cat_id IN ('8','1') AND a.is_quote = '1' GROUP BY a.id ORDER BY a.sort_id asc  [ RunTime:0.0005s ]
SQL: SELECT `id`,`model_id`,`img_src` FROM `made_furniture_quote` WHERE `fur_attr_id` = '1,0' AND `fur_id` = '3'  [ RunTime:0.0003s ]
SQL: SELECT `id`,`model_id`,`img_src` FROM `made_furniture_quote` WHERE `fur_attr_id` = '1,2' AND `fur_id` = '3'  [ RunTime:0.0003s ]
INFO: [ app_end ] --START--
INFO: Run Behavior\ShowPageTraceBehavior [ RunTime:0.001193s ]
INFO: [ app_end ] --END-- [ RunTime:0.001377s ]

[ 2018-07-24T10:13:54+08:00 ] 127.0.0.1 /jiimadeeee/index.php/Home/index/addWxModule?furId=3&furQuoId=11&space=ygi&extData=%7B%7D&parData=%7B%22H%22%3A%222%22%2C%22D%22%3A%220.6%22%2C%22W%22%3A%221%22%7D&chooseGoods=%7B%22p1%22%3A%7B%220%22%3A%227%22%7D%2C%22p2%22%3A%7B%220%22%3A%227%22%7D%7D&chooseCh=%7B%22%E9%97%A8%E6%8E%A7%E5%88%86%E7%B1%BB%22%3A%22%E5%BC%80%E9%97%A8%22%7D&userId=13&thr_session=6838a47ee95063ec5f72ea6d5236415b
INFO: [ app_init ] --START--
INFO: Run Behavior\BuildLiteBehavior [ RunTime:0.000027s ]
INFO: [ app_init ] --END-- [ RunTime:0.000542s ]
INFO: [ app_begin ] --START--
INFO: Run Behavior\ReadHtmlCacheBehavior [ RunTime:0.000530s ]
INFO: [ app_begin ] --END-- [ RunTime:0.000665s ]
NOTIC: [2048] Declaration of Home\Controller\IndexController::theme() should be compatible with Think\Controller::theme($theme) D:\wamp\wamp64\www\jiimadeeee\Application\Home\Controller\IndexController.class.php 第 279 行.
SQL: SHOW COLUMNS FROM `made_module` [ RunTime:0.0016s ]
SQL: SHOW COLUMNS FROM `made_user` [ RunTime:0.0008s ]
SQL: SELECT `thr_session` FROM `made_user` WHERE `id` = 13 LIMIT 1   [ RunTime:0.0003s ]
SQL: SHOW COLUMNS FROM `made_quote` [ RunTime:0.0025s ]
SQL: SHOW COLUMNS FROM `made_furniture` [ RunTime:0.0025s ]
SQL: SELECT `id`,`is_quote` FROM `made_quote` WHERE `user_id` = '13' LIMIT 1   [ RunTime:0.0004s ]
SQL: SELECT `fur_name`,`cate_id` FROM `made_furniture` WHERE `id` = 3 LIMIT 1   [ RunTime:0.0002s ]
SQL: SHOW COLUMNS FROM `made_furniture_quote` [ RunTime:0.0026s ]
SQL: SELECT `model_id` FROM `made_furniture_quote` WHERE `id` = 11 LIMIT 1   [ RunTime:0.0003s ]
SQL: SHOW COLUMNS FROM `made_model` [ RunTime:0.0025s ]
SQL: SELECT `parameter` FROM `made_model` WHERE `id` = 2 LIMIT 1   [ RunTime:0.0003s ]
SQL: SELECT max(sort_id) as num FROM `made_module` WHERE `quote_id` = '20180723141027941369' AND `cate_id` = '2' GROUP BY quote_id  [ RunTime:0.0004s ]
SQL: INSERT INTO `made_module` (`quote_id`,`fur_quo_id`,`attr`,`cate_id`,`space`,`fur_name`,`material`,`parameter`,`ext`,`sort_id`) VALUES ('20180723141027941369','11','开门','2','ygi','门板','{\"p1\":[\"7\"],\"p2\":[\"7\"]}','{\"W\":\"1\",\"D\":\"0.6\",\"H\":\"2\"}','[]','2') [ RunTime:0.0014s ]
SQL: SELECT * FROM `made_module` LIMIT 1   [ RunTime:0.0003s ]
NOTIC: [8] Undefined index: parent_id D:\wamp\wamp64\www\jiimadeeee\Application\Admin\Model\ModuleModel.class.php 第 366 行.
INFO: [ app_end ] --START--
INFO: Run Behavior\ShowPageTraceBehavior [ RunTime:0.001578s ]
INFO: [ app_end ] --END-- [ RunTime:0.001833s ]

[ 2018-07-24T10:13:54+08:00 ] 127.0.0.1 /jiimadeeee/index.php/Home/index/getModule?userId=13&thr_session=6838a47ee95063ec5f72ea6d5236415b
INFO: [ app_init ] --START--
INFO: Run Behavior\BuildLiteBehavior [ RunTime:0.000029s ]
INFO: [ app_init ] --END-- [ RunTime:0.000646s ]
INFO: [ app_begin ] --START--
INFO: Run Behavior\ReadHtmlCacheBehavior [ RunTime:0.000597s ]
INFO: [ app_begin ] --END-- [ RunTime:0.000797s ]
NOTIC: [2048] Declaration of Home\Controller\IndexController::theme() should be compatible with Think\Controller::theme($theme) D:\wamp\wamp64\www\jiimadeeee\Application\Home\Controller\IndexController.class.php 第 279 行.
SQL: SHOW COLUMNS FROM `made_module` [ RunTime:0.0015s ]
SQL: SHOW COLUMNS FROM `made_user` [ RunTime:0.0009s ]
SQL: SELECT `thr_session` FROM `made_user` WHERE `id` = 13 LIMIT 1   [ RunTime:0.0003s ]
SQL: SHOW COLUMNS FROM `made_quote` [ RunTime:0.0005s ]
SQL: SELECT `id` FROM `made_quote` WHERE `user_id` = '13' LIMIT 1   [ RunTime:0.0002s ]
SQL: SELECT a.*,b.img_src,b.fur_attr_id,c.formula,c.project_area FROM made_module a LEFT JOIN made_furniture_quote b ON a.fur_quo_id = b.id
                    LEFT JOIN made_model c ON b.model_id = c.id  WHERE a.quote_id = '20180723141027941369' ORDER BY a.sort_id asc  [ RunTime:0.0026s ]
SQL: SHOW COLUMNS FROM `made_goods` [ RunTime:0.0007s ]
NOTIC: [8] Undefined offset: 1 D:\wamp\wamp64\www\jiimadeeee\Application\Admin\Model\ModuleModel.class.php 第 127 行.
SQL: SELECT a.goods_name,max(b.goods_price) as price FROM made_goods a LEFT JOIN made_goods_number b ON a.id=b.goods_id  WHERE a.id = '7' GROUP BY b.goods_id LIMIT 1   [ RunTime:0.0006s ]
NOTIC: [8] Undefined offset: 1 D:\wamp\wamp64\www\jiimadeeee\Application\Admin\Model\ModuleModel.class.php 第 127 行.
SQL: SELECT a.goods_name,max(b.goods_price) as price FROM made_goods a LEFT JOIN made_goods_number b ON a.id=b.goods_id  WHERE a.id = '7' GROUP BY b.goods_id LIMIT 1   [ RunTime:0.0007s ]
NOTIC: [2] Division by zero D:\wamp\wamp64\www\jiimadeeee\Application\Admin\Model\ModuleModel.class.php(171) : eval()'d code 第 1 行.
NOTIC: [8] Undefined index: 安装 D:\wamp\wamp64\www\jiimadeeee\Application\Admin\Model\ModuleModel.class.php 第 225 行.
NOTIC: [8] Undefined offset: 1 D:\wamp\wamp64\www\jiimadeeee\Application\Admin\Model\ModuleModel.class.php 第 127 行.
SQL: SELECT a.goods_name,max(b.goods_price) as price FROM made_goods a LEFT JOIN made_goods_number b ON a.id=b.goods_id  WHERE a.id = '7' GROUP BY b.goods_id LIMIT 1   [ RunTime:0.0006s ]
NOTIC: [8] Undefined offset: 1 D:\wamp\wamp64\www\jiimadeeee\Application\Admin\Model\ModuleModel.class.php 第 127 行.
SQL: SELECT a.goods_name,max(b.goods_price) as price FROM made_goods a LEFT JOIN made_goods_number b ON a.id=b.goods_id  WHERE a.id = '7' GROUP BY b.goods_id LIMIT 1   [ RunTime:0.0006s ]
NOTIC: [8] Undefined index: 安装 D:\wamp\wamp64\www\jiimadeeee\Application\Admin\Model\ModuleModel.class.php 第 225 行.
INFO: [ app_end ] --START--
INFO: Run Behavior\ShowPageTraceBehavior [ RunTime:0.000799s ]
INFO: [ app_end ] --END-- [ RunTime:0.000914s ]

[ 2018-07-24T11:39:02+08:00 ] 127.0.0.1 /jiimadeeee/index.php/home/index/theme
INFO: [ app_init ] --START--
INFO: Run Behavior\BuildLiteBehavior [ RunTime:0.000057s ]
INFO: [ app_init ] --END-- [ RunTime:0.001136s ]
INFO: [ app_begin ] --START--
INFO: Run Behavior\ReadHtmlCacheBehavior [ RunTime:0.000582s ]
INFO: [ app_begin ] --END-- [ RunTime:0.000702s ]
NOTIC: [2048] Declaration of Home\Controller\IndexController::theme() should be compatible with Think\Controller::theme($theme) D:\wamp\wamp64\www\jiimadeeee\Application\Home\Controller\IndexController.class.php 第 279 行.
SQL: SHOW COLUMNS FROM `made_theme` [ RunTime:0.0008s ]
SQL: SELECT * FROM `made_theme` ORDER BY sort_id asc  [ RunTime:0.0003s ]
INFO: [ app_end ] --START--
INFO: Run Behavior\ShowPageTraceBehavior [ RunTime:0.000763s ]
INFO: [ app_end ] --END-- [ RunTime:0.000875s ]

[ 2018-07-24T11:39:02+08:00 ] 127.0.0.1 /jiimadeeee/index.php/home/index/getCarousel?themeId=2
INFO: [ app_init ] --START--
INFO: Run Behavior\BuildLiteBehavior [ RunTime:0.000023s ]
INFO: [ app_init ] --END-- [ RunTime:0.000481s ]
INFO: [ app_begin ] --START--
INFO: Run Behavior\ReadHtmlCacheBehavior [ RunTime:0.000585s ]
INFO: [ app_begin ] --END-- [ RunTime:0.000705s ]
NOTIC: [2048] Declaration of Home\Controller\IndexController::theme() should be compatible with Think\Controller::theme($theme) D:\wamp\wamp64\www\jiimadeeee\Application\Home\Controller\IndexController.class.php 第 279 行.
SQL: SHOW COLUMNS FROM `made_carousel` [ RunTime:0.0006s ]
SQL: SELECT * FROM `made_carousel` WHERE `theme_id` = '2' ORDER BY sort_id asc  [ RunTime:0.0006s ]
INFO: [ app_end ] --START--
INFO: Run Behavior\ShowPageTraceBehavior [ RunTime:0.001294s ]
INFO: [ app_end ] --END-- [ RunTime:0.001517s ]

[ 2018-07-24T11:39:02+08:00 ] 127.0.0.1 /jiimadeeee/index.php/home/index/login?code=0219nchI0N26Gi2ZuNfI0BwdhI09nch7
INFO: [ app_init ] --START--
INFO: Run Behavior\BuildLiteBehavior [ RunTime:0.000028s ]
INFO: [ app_init ] --END-- [ RunTime:0.000511s ]
INFO: [ app_begin ] --START--
INFO: Run Behavior\ReadHtmlCacheBehavior [ RunTime:0.000457s ]
INFO: [ app_begin ] --END-- [ RunTime:0.000575s ]
NOTIC: [2048] Declaration of Home\Controller\IndexController::theme() should be compatible with Think\Controller::theme($theme) D:\wamp\wamp64\www\jiimadeeee\Application\Home\Controller\IndexController.class.php 第 279 行.
SQL: SHOW COLUMNS FROM `made_user` [ RunTime:0.0005s ]
SQL: SELECT `id` FROM `made_user` WHERE `openid` = 'ojUv941YOJMStCvC71fzUK4iqE8g' LIMIT 1   [ RunTime:0.0005s ]
SQL: UPDATE `made_user` SET `thr_session`='b93491e541c05b61b702b2952f3e069d',`session_key`='Yy0Ij6Ew5c4KS3Lg/jxJHg==' WHERE `id` = 13 [ RunTime:0.0018s ]
INFO: [ app_end ] --START--
INFO: Run Behavior\ShowPageTraceBehavior [ RunTime:0.001553s ]
INFO: [ app_end ] --END-- [ RunTime:0.001837s ]

