[ 2018-08-02T09:16:42+08:00 ] 127.0.0.1 /jiimadeeee/index.php/home/index/theme
INFO: [ app_init ] --START--
INFO: Run Behavior\BuildLiteBehavior [ RunTime:0.000199s ]
INFO: [ app_init ] --END-- [ RunTime:0.004640s ]
INFO: [ app_begin ] --START--
INFO: Run Behavior\ReadHtmlCacheBehavior [ RunTime:0.003845s ]
INFO: [ app_begin ] --END-- [ RunTime:0.004808s ]
NOTIC: [2048] Declaration of Home\Controller\IndexController::theme() should be compatible with Think\Controller::theme($theme) D:\wamp\wamp64\www\jiimadeeee\Application\Home\Controller\IndexController.class.php 第 294 行.
SQL: SHOW COLUMNS FROM `made_theme` [ RunTime:0.0306s ]
SQL: SELECT * FROM `made_theme` ORDER BY sort_id asc  [ RunTime:0.0016s ]
INFO: [ app_end ] --START--
INFO: Run Behavior\ShowPageTraceBehavior [ RunTime:0.001369s ]
INFO: [ app_end ] --END-- [ RunTime:0.001622s ]

[ 2018-08-02T09:16:43+08:00 ] 127.0.0.1 /jiimadeeee/index.php/home/index/getCarousel?themeId=2
INFO: [ app_init ] --START--
INFO: Run Behavior\BuildLiteBehavior [ RunTime:0.000265s ]
INFO: [ app_init ] --END-- [ RunTime:0.096120s ]
INFO: [ app_begin ] --START--
INFO: Run Behavior\ReadHtmlCacheBehavior [ RunTime:0.054343s ]
INFO: [ app_begin ] --END-- [ RunTime:0.055377s ]
NOTIC: [2048] Declaration of Home\Controller\IndexController::theme() should be compatible with Think\Controller::theme($theme) D:\wamp\wamp64\www\jiimadeeee\Application\Home\Controller\IndexController.class.php 第 294 行.
SQL: SHOW COLUMNS FROM `made_carousel` [ RunTime:0.0053s ]
SQL: SELECT * FROM `made_carousel` WHERE `theme_id` = '2' ORDER BY sort_id asc  [ RunTime:0.0010s ]
INFO: [ app_end ] --START--
INFO: Run Behavior\ShowPageTraceBehavior [ RunTime:0.003554s ]
INFO: [ app_end ] --END-- [ RunTime:0.004282s ]

[ 2018-08-02T09:16:43+08:00 ] 127.0.0.1 /jiimadeeee/index.php/home/index/login?code=001ZpKfc0ZZqIu1X1Sfc0ra3gc0ZpKfE
INFO: [ app_init ] --START--
INFO: Run Behavior\BuildLiteBehavior [ RunTime:0.000229s ]
INFO: [ app_init ] --END-- [ RunTime:0.004091s ]
INFO: [ app_begin ] --START--
INFO: Run Behavior\ReadHtmlCacheBehavior [ RunTime:0.004386s ]
INFO: [ app_begin ] --END-- [ RunTime:0.005456s ]
NOTIC: [2048] Declaration of Home\Controller\IndexController::theme() should be compatible with Think\Controller::theme($theme) D:\wamp\wamp64\www\jiimadeeee\Application\Home\Controller\IndexController.class.php 第 294 行.
SQL: SHOW COLUMNS FROM `made_user` [ RunTime:0.0114s ]
SQL: SELECT `id` FROM `made_user` WHERE `openid` = 'oNhEB5T3Dv8z7gTd5L29uh0PnmVc' LIMIT 1   [ RunTime:0.0017s ]
SQL: UPDATE `made_user` SET `thr_session`='1ca3c17585d64ef0c295d59ee5a1d337',`session_key`='gdCv8pnVRowwXVKSvTVIaQ==' WHERE `id` = 5 [ RunTime:0.0036s ]
INFO: [ app_end ] --START--
INFO: Run Behavior\ShowPageTraceBehavior [ RunTime:0.002871s ]
INFO: [ app_end ] --END-- [ RunTime:0.003575s ]

[ 2018-08-02T09:17:10+08:00 ] 127.0.0.1 /jiimadeeee/index.php/home/index/getCarousel?themeId=3
INFO: [ app_init ] --START--
INFO: Run Behavior\BuildLiteBehavior [ RunTime:0.000130s ]
INFO: [ app_init ] --END-- [ RunTime:0.002140s ]
INFO: [ app_begin ] --START--
INFO: Run Behavior\ReadHtmlCacheBehavior [ RunTime:0.003696s ]
INFO: [ app_begin ] --END-- [ RunTime:0.004572s ]
NOTIC: [2048] Declaration of Home\Controller\IndexController::theme() should be compatible with Think\Controller::theme($theme) D:\wamp\wamp64\www\jiimadeeee\Application\Home\Controller\IndexController.class.php 第 294 行.
SQL: SHOW COLUMNS FROM `made_carousel` [ RunTime:0.0075s ]
SQL: SELECT * FROM `made_carousel` WHERE `theme_id` = '3' ORDER BY sort_id asc  [ RunTime:0.0012s ]
INFO: [ app_end ] --START--
INFO: Run Behavior\ShowPageTraceBehavior [ RunTime:0.003028s ]
INFO: [ app_end ] --END-- [ RunTime:0.003909s ]

[ 2018-08-02T09:17:11+08:00 ] 127.0.0.1 /jiimadeeee/index.php/home/index/getCarousel?themeId=2
INFO: [ app_init ] --START--
INFO: Run Behavior\BuildLiteBehavior [ RunTime:0.000134s ]
INFO: [ app_init ] --END-- [ RunTime:0.002196s ]
INFO: [ app_begin ] --START--
INFO: Run Behavior\ReadHtmlCacheBehavior [ RunTime:0.002648s ]
INFO: [ app_begin ] --END-- [ RunTime:0.003389s ]
NOTIC: [2048] Declaration of Home\Controller\IndexController::theme() should be compatible with Think\Controller::theme($theme) D:\wamp\wamp64\www\jiimadeeee\Application\Home\Controller\IndexController.class.php 第 294 行.
SQL: SHOW COLUMNS FROM `made_carousel` [ RunTime:0.0075s ]
SQL: SELECT * FROM `made_carousel` WHERE `theme_id` = '2' ORDER BY sort_id asc  [ RunTime:0.0012s ]
INFO: [ app_end ] --START--
INFO: Run Behavior\ShowPageTraceBehavior [ RunTime:0.003004s ]
INFO: [ app_end ] --END-- [ RunTime:0.003566s ]

[ 2018-08-02T09:17:13+08:00 ] 127.0.0.1 /jiimadeeee/index.php/home/index/getCarousel?themeId=3
INFO: [ app_init ] --START--
INFO: Run Behavior\BuildLiteBehavior [ RunTime:0.000056s ]
INFO: [ app_init ] --END-- [ RunTime:0.001732s ]
INFO: [ app_begin ] --START--
INFO: Run Behavior\ReadHtmlCacheBehavior [ RunTime:0.003180s ]
INFO: [ app_begin ] --END-- [ RunTime:0.004291s ]
NOTIC: [2048] Declaration of Home\Controller\IndexController::theme() should be compatible with Think\Controller::theme($theme) D:\wamp\wamp64\www\jiimadeeee\Application\Home\Controller\IndexController.class.php 第 294 行.
SQL: SHOW COLUMNS FROM `made_carousel` [ RunTime:0.0089s ]
SQL: SELECT * FROM `made_carousel` WHERE `theme_id` = '3' ORDER BY sort_id asc  [ RunTime:0.0009s ]
INFO: [ app_end ] --START--
INFO: Run Behavior\ShowPageTraceBehavior [ RunTime:0.002809s ]
INFO: [ app_end ] --END-- [ RunTime:0.003740s ]

[ 2018-08-02T09:17:14+08:00 ] 127.0.0.1 /jiimadeeee/index.php/home/index/getCarousel?themeId=2
INFO: [ app_init ] --START--
INFO: Run Behavior\BuildLiteBehavior [ RunTime:0.000179s ]
INFO: [ app_init ] --END-- [ RunTime:0.003587s ]
INFO: [ app_begin ] --START--
INFO: Run Behavior\ReadHtmlCacheBehavior [ RunTime:0.003127s ]
INFO: [ app_begin ] --END-- [ RunTime:0.004289s ]
NOTIC: [2048] Declaration of Home\Controller\IndexController::theme() should be compatible with Think\Controller::theme($theme) D:\wamp\wamp64\www\jiimadeeee\Application\Home\Controller\IndexController.class.php 第 294 行.
SQL: SHOW COLUMNS FROM `made_carousel` [ RunTime:0.0097s ]
SQL: SELECT * FROM `made_carousel` WHERE `theme_id` = '2' ORDER BY sort_id asc  [ RunTime:0.0013s ]
INFO: [ app_end ] --START--
INFO: Run Behavior\ShowPageTraceBehavior [ RunTime:0.002241s ]
INFO: [ app_end ] --END-- [ RunTime:0.002934s ]

[ 2018-08-02T09:17:14+08:00 ] 127.0.0.1 /jiimadeeee/index.php/home/index/getCarousel?themeId=3
INFO: [ app_init ] --START--
INFO: Run Behavior\BuildLiteBehavior [ RunTime:0.000173s ]
INFO: [ app_init ] --END-- [ RunTime:0.002925s ]
INFO: [ app_begin ] --START--
INFO: Run Behavior\ReadHtmlCacheBehavior [ RunTime:0.002994s ]
INFO: [ app_begin ] --END-- [ RunTime:0.003788s ]
NOTIC: [2048] Declaration of Home\Controller\IndexController::theme() should be compatible with Think\Controller::theme($theme) D:\wamp\wamp64\www\jiimadeeee\Application\Home\Controller\IndexController.class.php 第 294 行.
SQL: SHOW COLUMNS FROM `made_carousel` [ RunTime:0.0087s ]
SQL: SELECT * FROM `made_carousel` WHERE `theme_id` = '3' ORDER BY sort_id asc  [ RunTime:0.0014s ]
INFO: [ app_end ] --START--
INFO: Run Behavior\ShowPageTraceBehavior [ RunTime:0.002254s ]
INFO: [ app_end ] --END-- [ RunTime:0.002937s ]

[ 2018-08-02T09:17:16+08:00 ] 127.0.0.1 /jiimadeeee/index.php/home/index/getCarousel?themeId=2
INFO: [ app_init ] --START--
INFO: Run Behavior\BuildLiteBehavior [ RunTime:0.000165s ]
INFO: [ app_init ] --END-- [ RunTime:0.003016s ]
INFO: [ app_begin ] --START--
INFO: Run Behavior\ReadHtmlCacheBehavior [ RunTime:0.003008s ]
INFO: [ app_begin ] --END-- [ RunTime:0.003484s ]
NOTIC: [2048] Declaration of Home\Controller\IndexController::theme() should be compatible with Think\Controller::theme($theme) D:\wamp\wamp64\www\jiimadeeee\Application\Home\Controller\IndexController.class.php 第 294 行.
SQL: SHOW COLUMNS FROM `made_carousel` [ RunTime:0.0064s ]
SQL: SELECT * FROM `made_carousel` WHERE `theme_id` = '2' ORDER BY sort_id asc  [ RunTime:0.0010s ]
INFO: [ app_end ] --START--
INFO: Run Behavior\ShowPageTraceBehavior [ RunTime:0.002584s ]
INFO: [ app_end ] --END-- [ RunTime:0.003299s ]

[ 2018-08-02T09:18:28+08:00 ] 127.0.0.1 /jiimadeeee/index.php/home/index/theme
INFO: [ app_init ] --START--
INFO: Run Behavior\BuildLiteBehavior [ RunTime:0.000211s ]
INFO: [ app_init ] --END-- [ RunTime:0.003078s ]
INFO: [ app_begin ] --START--
INFO: Run Behavior\ReadHtmlCacheBehavior [ RunTime:0.001741s ]
INFO: [ app_begin ] --END-- [ RunTime:0.002203s ]
NOTIC: [2048] Declaration of Home\Controller\IndexController::theme() should be compatible with Think\Controller::theme($theme) D:\wamp\wamp64\www\jiimadeeee\Application\Home\Controller\IndexController.class.php 第 294 行.
SQL: SHOW COLUMNS FROM `made_theme` [ RunTime:0.0053s ]
SQL: SELECT * FROM `made_theme` ORDER BY sort_id asc  [ RunTime:0.0010s ]
INFO: [ app_end ] --START--
INFO: Run Behavior\ShowPageTraceBehavior [ RunTime:0.003342s ]
INFO: [ app_end ] --END-- [ RunTime:0.003948s ]

[ 2018-08-02T09:18:28+08:00 ] 127.0.0.1 /jiimadeeee/index.php/home/index/getCarousel?themeId=2
INFO: [ app_init ] --START--
INFO: Run Behavior\BuildLiteBehavior [ RunTime:0.000215s ]
INFO: [ app_init ] --END-- [ RunTime:0.003403s ]
INFO: [ app_begin ] --START--
INFO: Run Behavior\ReadHtmlCacheBehavior [ RunTime:0.002616s ]
INFO: [ app_begin ] --END-- [ RunTime:0.003480s ]
NOTIC: [2048] Declaration of Home\Controller\IndexController::theme() should be compatible with Think\Controller::theme($theme) D:\wamp\wamp64\www\jiimadeeee\Application\Home\Controller\IndexController.class.php 第 294 行.
SQL: SHOW COLUMNS FROM `made_carousel` [ RunTime:0.0039s ]
SQL: SELECT * FROM `made_carousel` WHERE `theme_id` = '2' ORDER BY sort_id asc  [ RunTime:0.0010s ]
INFO: [ app_end ] --START--
INFO: Run Behavior\ShowPageTraceBehavior [ RunTime:0.003527s ]
INFO: [ app_end ] --END-- [ RunTime:0.004067s ]

[ 2018-08-02T09:18:28+08:00 ] 127.0.0.1 /jiimadeeee/index.php/home/index/login?code=081JFSrJ0Bai172QPFtJ0JuVrJ0JFSrS
INFO: [ app_init ] --START--
INFO: Run Behavior\BuildLiteBehavior [ RunTime:0.000107s ]
INFO: [ app_init ] --END-- [ RunTime:0.002922s ]
INFO: [ app_begin ] --START--
INFO: Run Behavior\ReadHtmlCacheBehavior [ RunTime:0.003464s ]
INFO: [ app_begin ] --END-- [ RunTime:0.004604s ]
NOTIC: [2048] Declaration of Home\Controller\IndexController::theme() should be compatible with Think\Controller::theme($theme) D:\wamp\wamp64\www\jiimadeeee\Application\Home\Controller\IndexController.class.php 第 294 行.
SQL: SHOW COLUMNS FROM `made_user` [ RunTime:0.0055s ]
SQL: SELECT `id` FROM `made_user` WHERE `openid` = 'oNhEB5T3Dv8z7gTd5L29uh0PnmVc' LIMIT 1   [ RunTime:0.0012s ]
SQL: UPDATE `made_user` SET `thr_session`='25077a03e80d3bf5188294643695197a',`session_key`='bmvYs6ghXfsXWc7qzIpC4A==' WHERE `id` = 5 [ RunTime:0.0032s ]
INFO: [ app_end ] --START--
INFO: Run Behavior\ShowPageTraceBehavior [ RunTime:0.001779s ]
INFO: [ app_end ] --END-- [ RunTime:0.002232s ]

[ 2018-08-02T09:22:05+08:00 ] 127.0.0.1 /jiimadeeee/index.php/home/index/theme
INFO: [ app_init ] --START--
INFO: Run Behavior\BuildLiteBehavior [ RunTime:0.000157s ]
INFO: [ app_init ] --END-- [ RunTime:0.002665s ]
INFO: [ app_begin ] --START--
INFO: Run Behavior\ReadHtmlCacheBehavior [ RunTime:0.003913s ]
INFO: [ app_begin ] --END-- [ RunTime:0.004952s ]
NOTIC: [2048] Declaration of Home\Controller\IndexController::theme() should be compatible with Think\Controller::theme($theme) D:\wamp\wamp64\www\jiimadeeee\Application\Home\Controller\IndexController.class.php 第 294 行.
SQL: SHOW COLUMNS FROM `made_theme` [ RunTime:0.0067s ]
SQL: SELECT * FROM `made_theme` ORDER BY sort_id asc  [ RunTime:0.0010s ]
INFO: [ app_end ] --START--
INFO: Run Behavior\ShowPageTraceBehavior [ RunTime:0.001958s ]
INFO: [ app_end ] --END-- [ RunTime:0.002692s ]

[ 2018-08-02T09:22:05+08:00 ] 127.0.0.1 /jiimadeeee/index.php/home/index/login?code=061cplcx05kOTh12qGbx0htfcx0cplco
INFO: [ app_init ] --START--
INFO: Run Behavior\BuildLiteBehavior [ RunTime:0.000236s ]
INFO: [ app_init ] --END-- [ RunTime:0.003485s ]
INFO: [ app_begin ] --START--
INFO: Run Behavior\ReadHtmlCacheBehavior [ RunTime:0.003633s ]
INFO: [ app_begin ] --END-- [ RunTime:0.004564s ]
NOTIC: [2048] Declaration of Home\Controller\IndexController::theme() should be compatible with Think\Controller::theme($theme) D:\wamp\wamp64\www\jiimadeeee\Application\Home\Controller\IndexController.class.php 第 294 行.
SQL: SHOW COLUMNS FROM `made_user` [ RunTime:0.0068s ]
SQL: SELECT `id` FROM `made_user` WHERE `openid` = 'oNhEB5T3Dv8z7gTd5L29uh0PnmVc' LIMIT 1   [ RunTime:0.0011s ]
SQL: UPDATE `made_user` SET `thr_session`='73b0712496281bb3119a4dce5b8176ef',`session_key`='syF6YlFmLwJmjJ7E2Jm+Xg==' WHERE `id` = 5 [ RunTime:0.0031s ]
INFO: [ app_end ] --START--
INFO: Run Behavior\ShowPageTraceBehavior [ RunTime:0.001932s ]
INFO: [ app_end ] --END-- [ RunTime:0.002695s ]

[ 2018-08-02T09:22:05+08:00 ] 127.0.0.1 /jiimadeeee/index.php/home/index/getCarousel?themeId=2
INFO: [ app_init ] --START--
INFO: Run Behavior\BuildLiteBehavior [ RunTime:0.000198s ]
INFO: [ app_init ] --END-- [ RunTime:0.002935s ]
INFO: [ app_begin ] --START--
INFO: Run Behavior\ReadHtmlCacheBehavior [ RunTime:0.004138s ]
INFO: [ app_begin ] --END-- [ RunTime:0.005085s ]
NOTIC: [2048] Declaration of Home\Controller\IndexController::theme() should be compatible with Think\Controller::theme($theme) D:\wamp\wamp64\www\jiimadeeee\Application\Home\Controller\IndexController.class.php 第 294 行.
SQL: SHOW COLUMNS FROM `made_carousel` [ RunTime:0.0070s ]
SQL: SELECT * FROM `made_carousel` WHERE `theme_id` = '2' ORDER BY sort_id asc  [ RunTime:0.0011s ]
INFO: [ app_end ] --START--
INFO: Run Behavior\ShowPageTraceBehavior [ RunTime:0.002729s ]
INFO: [ app_end ] --END-- [ RunTime:0.003278s ]

[ 2018-08-02T14:36:39+08:00 ] 127.0.0.1 /jiimadeeee/index.php/home/index/login?code=061u26Fm04u6qk1tH6Gm03k4Fm0u26F0
INFO: [ app_init ] --START--
INFO: Run Behavior\BuildLiteBehavior [ RunTime:0.000028s ]
INFO: [ app_init ] --END-- [ RunTime:0.001728s ]
INFO: [ app_begin ] --START--
INFO: Run Behavior\ReadHtmlCacheBehavior [ RunTime:0.000921s ]
INFO: [ app_begin ] --END-- [ RunTime:0.001075s ]
NOTIC: [2048] Declaration of Home\Controller\IndexController::theme() should be compatible with Think\Controller::theme($theme) D:\wamp64\www\jiimadeeee\Application\Home\Controller\IndexController.class.php 第 294 行.
ERR: 1146:Table 'jiimade.made_user' doesn't exist
 [ SQL语句 ] : SHOW COLUMNS FROM `made_user`
ERR: 1146:Table 'jiimade.made_user' doesn't exist
 [ SQL语句 ] : SHOW COLUMNS FROM `made_user`

[ 2018-08-02T14:36:40+08:00 ] 127.0.0.1 /jiimadeeee/index.php/home/index/theme
INFO: [ app_init ] --START--
INFO: Run Behavior\BuildLiteBehavior [ RunTime:0.000028s ]
INFO: [ app_init ] --END-- [ RunTime:0.000672s ]
INFO: [ app_begin ] --START--
INFO: Run Behavior\ReadHtmlCacheBehavior [ RunTime:0.000956s ]
INFO: [ app_begin ] --END-- [ RunTime:0.001102s ]
NOTIC: [2048] Declaration of Home\Controller\IndexController::theme() should be compatible with Think\Controller::theme($theme) D:\wamp64\www\jiimadeeee\Application\Home\Controller\IndexController.class.php 第 294 行.
ERR: 1146:Table 'jiimade.made_theme' doesn't exist
 [ SQL语句 ] : SHOW COLUMNS FROM `made_theme`
ERR: 1146:Table 'jiimade.made_theme' doesn't exist
 [ SQL语句 ] : SHOW COLUMNS FROM `made_theme`

[ 2018-08-02T14:36:40+08:00 ] 127.0.0.1 /jiimadeeee/index.php/home/index/getCarousel?themeId=undefined
INFO: [ app_init ] --START--
INFO: Run Behavior\BuildLiteBehavior [ RunTime:0.000058s ]
INFO: [ app_init ] --END-- [ RunTime:0.001080s ]
INFO: [ app_begin ] --START--
INFO: Run Behavior\ReadHtmlCacheBehavior [ RunTime:0.001367s ]
INFO: [ app_begin ] --END-- [ RunTime:0.001561s ]
NOTIC: [2048] Declaration of Home\Controller\IndexController::theme() should be compatible with Think\Controller::theme($theme) D:\wamp64\www\jiimadeeee\Application\Home\Controller\IndexController.class.php 第 294 行.
ERR: 1146:Table 'jiimade.made_carousel' doesn't exist
 [ SQL语句 ] : SHOW COLUMNS FROM `made_carousel`
ERR: 1146:Table 'jiimade.made_carousel' doesn't exist
 [ SQL语句 ] : SHOW COLUMNS FROM `made_carousel`

[ 2018-08-02T14:39:23+08:00 ] 127.0.0.1 /jiimadeeee/index.php/home/index/theme
INFO: [ app_init ] --START--
INFO: Run Behavior\BuildLiteBehavior [ RunTime:0.000026s ]
INFO: [ app_init ] --END-- [ RunTime:0.000583s ]
INFO: [ app_begin ] --START--
INFO: Run Behavior\ReadHtmlCacheBehavior [ RunTime:0.000980s ]
INFO: [ app_begin ] --END-- [ RunTime:0.001519s ]
NOTIC: [2048] Declaration of Home\Controller\IndexController::theme() should be compatible with Think\Controller::theme($theme) D:\wamp64\www\jiimadeeee\Application\Home\Controller\IndexController.class.php 第 294 行.
ERR: 1146:Table 'jiimade.made_theme' doesn't exist
 [ SQL语句 ] : SHOW COLUMNS FROM `made_theme`
ERR: 1146:Table 'jiimade.made_theme' doesn't exist
 [ SQL语句 ] : SHOW COLUMNS FROM `made_theme`

[ 2018-08-02T14:39:23+08:00 ] 127.0.0.1 /jiimadeeee/index.php/home/index/getCarousel?themeId=undefined
INFO: [ app_init ] --START--
INFO: Run Behavior\BuildLiteBehavior [ RunTime:0.000041s ]
INFO: [ app_init ] --END-- [ RunTime:0.000631s ]
INFO: [ app_begin ] --START--
INFO: Run Behavior\ReadHtmlCacheBehavior [ RunTime:0.001196s ]
INFO: [ app_begin ] --END-- [ RunTime:0.001485s ]
NOTIC: [2048] Declaration of Home\Controller\IndexController::theme() should be compatible with Think\Controller::theme($theme) D:\wamp64\www\jiimadeeee\Application\Home\Controller\IndexController.class.php 第 294 行.
ERR: 1146:Table 'jiimade.made_carousel' doesn't exist
 [ SQL语句 ] : SHOW COLUMNS FROM `made_carousel`
ERR: 1146:Table 'jiimade.made_carousel' doesn't exist
 [ SQL语句 ] : SHOW COLUMNS FROM `made_carousel`

[ 2018-08-02T14:39:23+08:00 ] 127.0.0.1 /jiimadeeee/index.php/home/index/login?code=0112JnAC0maQdf2P1exC0YxKAC02JnA6
INFO: [ app_init ] --START--
INFO: Run Behavior\BuildLiteBehavior [ RunTime:0.000027s ]
INFO: [ app_init ] --END-- [ RunTime:0.000574s ]
INFO: [ app_begin ] --START--
INFO: Run Behavior\ReadHtmlCacheBehavior [ RunTime:0.000886s ]
INFO: [ app_begin ] --END-- [ RunTime:0.001021s ]
NOTIC: [2048] Declaration of Home\Controller\IndexController::theme() should be compatible with Think\Controller::theme($theme) D:\wamp64\www\jiimadeeee\Application\Home\Controller\IndexController.class.php 第 294 行.
ERR: 1146:Table 'jiimade.made_user' doesn't exist
 [ SQL语句 ] : SHOW COLUMNS FROM `made_user`
ERR: 1146:Table 'jiimade.made_user' doesn't exist
 [ SQL语句 ] : SHOW COLUMNS FROM `made_user`

[ 2018-08-02T14:43:25+08:00 ] 127.0.0.1 /jiimadeeee/index.php/home/index/theme
INFO: [ app_init ] --START--
INFO: Run Behavior\BuildLiteBehavior [ RunTime:0.000026s ]
INFO: [ app_init ] --END-- [ RunTime:0.000695s ]
INFO: [ app_begin ] --START--
INFO: Run Behavior\ReadHtmlCacheBehavior [ RunTime:0.001021s ]
INFO: [ app_begin ] --END-- [ RunTime:0.001177s ]
NOTIC: [2048] Declaration of Home\Controller\IndexController::theme() should be compatible with Think\Controller::theme($theme) D:\wamp64\www\jiimadeeee\Application\Home\Controller\IndexController.class.php 第 294 行.
ERR: 1146:Table 'jiimade.made_theme' doesn't exist
 [ SQL语句 ] : SHOW COLUMNS FROM `made_theme`
ERR: 1146:Table 'jiimade.made_theme' doesn't exist
 [ SQL语句 ] : SHOW COLUMNS FROM `made_theme`

[ 2018-08-02T14:43:26+08:00 ] 127.0.0.1 /jiimadeeee/index.php/home/index/login?code=021D7kma0CzSEv1zdema0rDXla0D7kmh
INFO: [ app_init ] --START--
INFO: Run Behavior\BuildLiteBehavior [ RunTime:0.000024s ]
INFO: [ app_init ] --END-- [ RunTime:0.000499s ]
INFO: [ app_begin ] --START--
INFO: Run Behavior\ReadHtmlCacheBehavior [ RunTime:0.000813s ]
INFO: [ app_begin ] --END-- [ RunTime:0.000954s ]
NOTIC: [2048] Declaration of Home\Controller\IndexController::theme() should be compatible with Think\Controller::theme($theme) D:\wamp64\www\jiimadeeee\Application\Home\Controller\IndexController.class.php 第 294 行.
ERR: 1146:Table 'jiimade.made_user' doesn't exist
 [ SQL语句 ] : SHOW COLUMNS FROM `made_user`
ERR: 1146:Table 'jiimade.made_user' doesn't exist
 [ SQL语句 ] : SHOW COLUMNS FROM `made_user`

[ 2018-08-02T14:43:26+08:00 ] 127.0.0.1 /jiimadeeee/index.php/home/index/getCarousel?themeId=undefined
INFO: [ app_init ] --START--
INFO: Run Behavior\BuildLiteBehavior [ RunTime:0.000025s ]
INFO: [ app_init ] --END-- [ RunTime:0.000516s ]
INFO: [ app_begin ] --START--
INFO: Run Behavior\ReadHtmlCacheBehavior [ RunTime:0.000785s ]
INFO: [ app_begin ] --END-- [ RunTime:0.000898s ]
NOTIC: [2048] Declaration of Home\Controller\IndexController::theme() should be compatible with Think\Controller::theme($theme) D:\wamp64\www\jiimadeeee\Application\Home\Controller\IndexController.class.php 第 294 行.
ERR: 1146:Table 'jiimade.made_carousel' doesn't exist
 [ SQL语句 ] : SHOW COLUMNS FROM `made_carousel`
ERR: 1146:Table 'jiimade.made_carousel' doesn't exist
 [ SQL语句 ] : SHOW COLUMNS FROM `made_carousel`

[ 2018-08-02T14:47:28+08:00 ] 127.0.0.1 /jiimadeeee/index.php/home/index/login?code=081V7fTg1TPXay0qghRg1AZ7Tg1V7fTM
INFO: [ app_init ] --START--
INFO: Run Behavior\BuildLiteBehavior [ RunTime:0.000023s ]
INFO: [ app_init ] --END-- [ RunTime:0.000521s ]
INFO: [ app_begin ] --START--
INFO: Run Behavior\ReadHtmlCacheBehavior [ RunTime:0.000895s ]
INFO: [ app_begin ] --END-- [ RunTime:0.001066s ]
NOTIC: [2048] Declaration of Home\Controller\IndexController::theme() should be compatible with Think\Controller::theme($theme) D:\wamp64\www\jiimadeeee\Application\Home\Controller\IndexController.class.php 第 294 行.
ERR: 1146:Table 'jiimade.made_user' doesn't exist
 [ SQL语句 ] : SHOW COLUMNS FROM `made_user`
ERR: 1146:Table 'jiimade.made_user' doesn't exist
 [ SQL语句 ] : SHOW COLUMNS FROM `made_user`

[ 2018-08-02T14:47:28+08:00 ] 127.0.0.1 /jiimadeeee/index.php/home/index/theme
INFO: [ app_init ] --START--
INFO: Run Behavior\BuildLiteBehavior [ RunTime:0.000027s ]
INFO: [ app_init ] --END-- [ RunTime:0.000658s ]
INFO: [ app_begin ] --START--
INFO: Run Behavior\ReadHtmlCacheBehavior [ RunTime:0.000961s ]
INFO: [ app_begin ] --END-- [ RunTime:0.001093s ]
NOTIC: [2048] Declaration of Home\Controller\IndexController::theme() should be compatible with Think\Controller::theme($theme) D:\wamp64\www\jiimadeeee\Application\Home\Controller\IndexController.class.php 第 294 行.
ERR: 1146:Table 'jiimade.made_theme' doesn't exist
 [ SQL语句 ] : SHOW COLUMNS FROM `made_theme`
ERR: 1146:Table 'jiimade.made_theme' doesn't exist
 [ SQL语句 ] : SHOW COLUMNS FROM `made_theme`

[ 2018-08-02T14:47:28+08:00 ] 127.0.0.1 /jiimadeeee/index.php/home/index/getCarousel?themeId=undefined
INFO: [ app_init ] --START--
INFO: Run Behavior\BuildLiteBehavior [ RunTime:0.000026s ]
INFO: [ app_init ] --END-- [ RunTime:0.000655s ]
INFO: [ app_begin ] --START--
INFO: Run Behavior\ReadHtmlCacheBehavior [ RunTime:0.000800s ]
INFO: [ app_begin ] --END-- [ RunTime:0.000922s ]
NOTIC: [2048] Declaration of Home\Controller\IndexController::theme() should be compatible with Think\Controller::theme($theme) D:\wamp64\www\jiimadeeee\Application\Home\Controller\IndexController.class.php 第 294 行.
ERR: 1146:Table 'jiimade.made_carousel' doesn't exist
 [ SQL语句 ] : SHOW COLUMNS FROM `made_carousel`
ERR: 1146:Table 'jiimade.made_carousel' doesn't exist
 [ SQL语句 ] : SHOW COLUMNS FROM `made_carousel`

[ 2018-08-02T14:47:39+08:00 ] 127.0.0.1 /jiimadeeee/index.php/Home/index/orderState?userId=undefined&thr_session=undefined
INFO: [ app_init ] --START--
INFO: Run Behavior\BuildLiteBehavior [ RunTime:0.000037s ]
INFO: [ app_init ] --END-- [ RunTime:0.000601s ]
INFO: [ app_begin ] --START--
INFO: Run Behavior\ReadHtmlCacheBehavior [ RunTime:0.000760s ]
INFO: [ app_begin ] --END-- [ RunTime:0.000876s ]
NOTIC: [2048] Declaration of Home\Controller\IndexController::theme() should be compatible with Think\Controller::theme($theme) D:\wamp64\www\jiimadeeee\Application\Home\Controller\IndexController.class.php 第 294 行.
ERR: 1146:Table 'jiimade.made_order' doesn't exist
 [ SQL语句 ] : SHOW COLUMNS FROM `made_order`
ERR: 1146:Table 'jiimade.made_order' doesn't exist
 [ SQL语句 ] : SHOW COLUMNS FROM `made_order`

[ 2018-08-02T14:47:39+08:00 ] 127.0.0.1 /jiimadeeee/index.php/Home/index/checkQuote?userId=undefined&thr_session=undefined
INFO: [ app_init ] --START--
INFO: Run Behavior\BuildLiteBehavior [ RunTime:0.000032s ]
INFO: [ app_init ] --END-- [ RunTime:0.000512s ]
INFO: [ app_begin ] --START--
INFO: Run Behavior\ReadHtmlCacheBehavior [ RunTime:0.000974s ]
INFO: [ app_begin ] --END-- [ RunTime:0.001130s ]
NOTIC: [2048] Declaration of Home\Controller\IndexController::theme() should be compatible with Think\Controller::theme($theme) D:\wamp64\www\jiimadeeee\Application\Home\Controller\IndexController.class.php 第 294 行.
ERR: 1146:Table 'jiimade.made_quote' doesn't exist
 [ SQL语句 ] : SHOW COLUMNS FROM `made_quote`
ERR: 1146:Table 'jiimade.made_quote' doesn't exist
 [ SQL语句 ] : SHOW COLUMNS FROM `made_quote`

[ 2018-08-02T14:47:39+08:00 ] 127.0.0.1 /jiimadeeee/index.php/Home/index/orderState?userId=undefined&thr_session=undefined
INFO: [ app_init ] --START--
INFO: Run Behavior\BuildLiteBehavior [ RunTime:0.000025s ]
INFO: [ app_init ] --END-- [ RunTime:0.000549s ]
INFO: [ app_begin ] --START--
INFO: Run Behavior\ReadHtmlCacheBehavior [ RunTime:0.001283s ]
INFO: [ app_begin ] --END-- [ RunTime:0.001462s ]
NOTIC: [2048] Declaration of Home\Controller\IndexController::theme() should be compatible with Think\Controller::theme($theme) D:\wamp64\www\jiimadeeee\Application\Home\Controller\IndexController.class.php 第 294 行.
ERR: 1146:Table 'jiimade.made_order' doesn't exist
 [ SQL语句 ] : SHOW COLUMNS FROM `made_order`
ERR: 1146:Table 'jiimade.made_order' doesn't exist
 [ SQL语句 ] : SHOW COLUMNS FROM `made_order`

[ 2018-08-02T14:47:39+08:00 ] 127.0.0.1 /jiimadeeee/index.php/Home/index/checkQuote?userId=undefined&thr_session=undefined
INFO: [ app_init ] --START--
INFO: Run Behavior\BuildLiteBehavior [ RunTime:0.000032s ]
INFO: [ app_init ] --END-- [ RunTime:0.000907s ]
INFO: [ app_begin ] --START--
INFO: Run Behavior\ReadHtmlCacheBehavior [ RunTime:0.000960s ]
INFO: [ app_begin ] --END-- [ RunTime:0.001121s ]
NOTIC: [2048] Declaration of Home\Controller\IndexController::theme() should be compatible with Think\Controller::theme($theme) D:\wamp64\www\jiimadeeee\Application\Home\Controller\IndexController.class.php 第 294 行.
ERR: 1146:Table 'jiimade.made_quote' doesn't exist
 [ SQL语句 ] : SHOW COLUMNS FROM `made_quote`
ERR: 1146:Table 'jiimade.made_quote' doesn't exist
 [ SQL语句 ] : SHOW COLUMNS FROM `made_quote`

[ 2018-08-02T14:47:46+08:00 ] 127.0.0.1 /jiimadeeee/index.php
INFO: [ app_init ] --START--
INFO: Run Behavior\BuildLiteBehavior [ RunTime:0.000026s ]
INFO: [ app_init ] --END-- [ RunTime:0.000648s ]
INFO: [ app_begin ] --START--
INFO: Run Behavior\ReadHtmlCacheBehavior [ RunTime:0.000819s ]
INFO: [ app_begin ] --END-- [ RunTime:0.000987s ]
NOTIC: [2048] Declaration of Home\Controller\IndexController::theme() should be compatible with Think\Controller::theme($theme) D:\wamp64\www\jiimadeeee\Application\Home\Controller\IndexController.class.php 第 294 行.
INFO: [ view_parse ] --START--
INFO: Run Behavior\ParseTemplateBehavior [ RunTime:0.000747s ]
INFO: [ view_parse ] --END-- [ RunTime:0.000861s ]
INFO: [ view_filter ] --START--
INFO: Run Behavior\WriteHtmlCacheBehavior [ RunTime:0.000668s ]
INFO: [ view_filter ] --END-- [ RunTime:0.000789s ]
INFO: [ app_end ] --START--
INFO: Run Behavior\ShowPageTraceBehavior [ RunTime:0.000987s ]
INFO: [ app_end ] --END-- [ RunTime:0.001199s ]

[ 2018-08-02T14:48:14+08:00 ] 127.0.0.1 /jiimadeeee/index.php/home/index/theme
INFO: [ app_init ] --START--
INFO: Run Behavior\BuildLiteBehavior [ RunTime:0.000041s ]
INFO: [ app_init ] --END-- [ RunTime:0.000824s ]
INFO: [ app_begin ] --START--
INFO: Run Behavior\ReadHtmlCacheBehavior [ RunTime:0.001049s ]
INFO: [ app_begin ] --END-- [ RunTime:0.001251s ]
NOTIC: [2048] Declaration of Home\Controller\IndexController::theme() should be compatible with Think\Controller::theme($theme) D:\wamp64\www\jiimadeeee\Application\Home\Controller\IndexController.class.php 第 294 行.
ERR: 1146:Table 'jiimade.made_theme' doesn't exist
 [ SQL语句 ] : SHOW COLUMNS FROM `made_theme`
ERR: 1146:Table 'jiimade.made_theme' doesn't exist
 [ SQL语句 ] : SHOW COLUMNS FROM `made_theme`

[ 2018-08-02T14:49:48+08:00 ] 127.0.0.1 /jiimadeeee/index.php/home/index/theme
INFO: [ app_init ] --START--
INFO: Run Behavior\BuildLiteBehavior [ RunTime:0.000046s ]
INFO: [ app_init ] --END-- [ RunTime:0.000847s ]
INFO: [ app_begin ] --START--
INFO: Run Behavior\ReadHtmlCacheBehavior [ RunTime:0.001022s ]
INFO: [ app_begin ] --END-- [ RunTime:0.001177s ]
NOTIC: [2048] Declaration of Home\Controller\IndexController::theme() should be compatible with Think\Controller::theme($theme) D:\wamp64\www\jiimadeeee\Application\Home\Controller\IndexController.class.php 第 294 行.
ERR: 1146:Table 'jiimade.made_theme' doesn't exist
 [ SQL语句 ] : SHOW COLUMNS FROM `made_theme`
ERR: 1146:Table 'jiimade.made_theme' doesn't exist
 [ SQL语句 ] : SHOW COLUMNS FROM `made_theme`

[ 2018-08-02T14:49:48+08:00 ] 127.0.0.1 /jiimadeeee/index.php/home/index/login?code=081GY6qm1lKnyj0MF8rm1xwiqm1GY6qn
INFO: [ app_init ] --START--
INFO: Run Behavior\BuildLiteBehavior [ RunTime:0.000027s ]
INFO: [ app_init ] --END-- [ RunTime:0.000543s ]
INFO: [ app_begin ] --START--
INFO: Run Behavior\ReadHtmlCacheBehavior [ RunTime:0.000791s ]
INFO: [ app_begin ] --END-- [ RunTime:0.000907s ]
NOTIC: [2048] Declaration of Home\Controller\IndexController::theme() should be compatible with Think\Controller::theme($theme) D:\wamp64\www\jiimadeeee\Application\Home\Controller\IndexController.class.php 第 294 行.
ERR: 1146:Table 'jiimade.made_user' doesn't exist
 [ SQL语句 ] : SHOW COLUMNS FROM `made_user`
ERR: 1146:Table 'jiimade.made_user' doesn't exist
 [ SQL语句 ] : SHOW COLUMNS FROM `made_user`

[ 2018-08-02T14:49:52+08:00 ] 127.0.0.1 /jiimadeeee/index.php/home/index/getCarousel?themeId=undefined
INFO: [ app_init ] --START--
INFO: Run Behavior\BuildLiteBehavior [ RunTime:0.000057s ]
INFO: [ app_init ] --END-- [ RunTime:0.000827s ]
INFO: [ app_begin ] --START--
INFO: Run Behavior\ReadHtmlCacheBehavior [ RunTime:0.001462s ]
INFO: [ app_begin ] --END-- [ RunTime:0.001632s ]
NOTIC: [2048] Declaration of Home\Controller\IndexController::theme() should be compatible with Think\Controller::theme($theme) D:\wamp64\www\jiimadeeee\Application\Home\Controller\IndexController.class.php 第 294 行.
ERR: SQLSTATE[HY000] [1049] Unknown database 'jiimade'

[ 2018-08-02T14:50:49+08:00 ] 127.0.0.1 /jiimadeeee/index.php/home/index/theme
INFO: [ app_init ] --START--
INFO: Run Behavior\BuildLiteBehavior [ RunTime:0.000030s ]
INFO: [ app_init ] --END-- [ RunTime:0.000564s ]
INFO: [ app_begin ] --START--
INFO: Run Behavior\ReadHtmlCacheBehavior [ RunTime:0.001072s ]
INFO: [ app_begin ] --END-- [ RunTime:0.001205s ]
NOTIC: [2048] Declaration of Home\Controller\IndexController::theme() should be compatible with Think\Controller::theme($theme) D:\wamp64\www\jiimadeeee\Application\Home\Controller\IndexController.class.php 第 294 行.
ERR: SQLSTATE[HY000] [1049] Unknown database 'jiimade'

[ 2018-08-02T14:50:49+08:00 ] 127.0.0.1 /jiimadeeee/index.php/home/index/login?code=081OaAwO06e8fb2dxcvO0WElwO0OaAwk
INFO: [ app_init ] --START--
INFO: Run Behavior\BuildLiteBehavior [ RunTime:0.000027s ]
INFO: [ app_init ] --END-- [ RunTime:0.000545s ]
INFO: [ app_begin ] --START--
INFO: Run Behavior\ReadHtmlCacheBehavior [ RunTime:0.000857s ]
INFO: [ app_begin ] --END-- [ RunTime:0.000982s ]
NOTIC: [2048] Declaration of Home\Controller\IndexController::theme() should be compatible with Think\Controller::theme($theme) D:\wamp64\www\jiimadeeee\Application\Home\Controller\IndexController.class.php 第 294 行.
ERR: SQLSTATE[HY000] [1049] Unknown database 'jiimade'

[ 2018-08-02T14:50:49+08:00 ] 127.0.0.1 /jiimadeeee/index.php/home/index/getCarousel?themeId=undefined
INFO: [ app_init ] --START--
INFO: Run Behavior\BuildLiteBehavior [ RunTime:0.000025s ]
INFO: [ app_init ] --END-- [ RunTime:0.000554s ]
INFO: [ app_begin ] --START--
INFO: Run Behavior\ReadHtmlCacheBehavior [ RunTime:0.001007s ]
INFO: [ app_begin ] --END-- [ RunTime:0.001135s ]
NOTIC: [2048] Declaration of Home\Controller\IndexController::theme() should be compatible with Think\Controller::theme($theme) D:\wamp64\www\jiimadeeee\Application\Home\Controller\IndexController.class.php 第 294 行.
ERR: SQLSTATE[HY000] [1049] Unknown database 'jiimade'

[ 2018-08-02T14:53:20+08:00 ] 127.0.0.1 /jiimadeeee/index.php/home/index/theme
INFO: [ app_init ] --START--
INFO: Run Behavior\BuildLiteBehavior [ RunTime:0.000046s ]
INFO: [ app_init ] --END-- [ RunTime:0.001137s ]
INFO: [ app_begin ] --START--
INFO: Run Behavior\ReadHtmlCacheBehavior [ RunTime:0.001789s ]
INFO: [ app_begin ] --END-- [ RunTime:0.002046s ]
NOTIC: [2048] Declaration of Home\Controller\IndexController::theme() should be compatible with Think\Controller::theme($theme) D:\wamp64\www\jiimadeeee\Application\Home\Controller\IndexController.class.php 第 294 行.
ERR: 1146:Table 'jiimade.made_theme' doesn't exist
 [ SQL语句 ] : SHOW COLUMNS FROM `made_theme`
ERR: 1146:Table 'jiimade.made_theme' doesn't exist
 [ SQL语句 ] : SHOW COLUMNS FROM `made_theme`

[ 2018-08-02T14:53:20+08:00 ] 127.0.0.1 /jiimadeeee/index.php/home/index/login?code=0212DaJk2hr7YE0yv0Jk2ft5Jk22DaJR
INFO: [ app_init ] --START--
INFO: Run Behavior\BuildLiteBehavior [ RunTime:0.000043s ]
INFO: [ app_init ] --END-- [ RunTime:0.001179s ]
INFO: [ app_begin ] --START--
INFO: Run Behavior\ReadHtmlCacheBehavior [ RunTime:0.002241s ]
INFO: [ app_begin ] --END-- [ RunTime:0.002566s ]
NOTIC: [2048] Declaration of Home\Controller\IndexController::theme() should be compatible with Think\Controller::theme($theme) D:\wamp64\www\jiimadeeee\Application\Home\Controller\IndexController.class.php 第 294 行.
ERR: 1146:Table 'jiimade.made_user' doesn't exist
 [ SQL语句 ] : SHOW COLUMNS FROM `made_user`
ERR: 1146:Table 'jiimade.made_user' doesn't exist
 [ SQL语句 ] : SHOW COLUMNS FROM `made_user`

[ 2018-08-02T14:53:20+08:00 ] 127.0.0.1 /jiimadeeee/index.php/home/index/getCarousel?themeId=undefined
INFO: [ app_init ] --START--
INFO: Run Behavior\BuildLiteBehavior [ RunTime:0.000028s ]
INFO: [ app_init ] --END-- [ RunTime:0.000547s ]
INFO: [ app_begin ] --START--
INFO: Run Behavior\ReadHtmlCacheBehavior [ RunTime:0.000945s ]
INFO: [ app_begin ] --END-- [ RunTime:0.001072s ]
NOTIC: [2048] Declaration of Home\Controller\IndexController::theme() should be compatible with Think\Controller::theme($theme) D:\wamp64\www\jiimadeeee\Application\Home\Controller\IndexController.class.php 第 294 行.
ERR: 1146:Table 'jiimade.made_carousel' doesn't exist
 [ SQL语句 ] : SHOW COLUMNS FROM `made_carousel`
ERR: 1146:Table 'jiimade.made_carousel' doesn't exist
 [ SQL语句 ] : SHOW COLUMNS FROM `made_carousel`

[ 2018-08-02T14:54:36+08:00 ] 127.0.0.1 /jiimadeeee/index.php/home/index/login?code=061zafnT0QqveY1QwUmT0OUbnT0zafnI
INFO: [ app_init ] --START--
INFO: Run Behavior\BuildLiteBehavior [ RunTime:0.000029s ]
INFO: [ app_init ] --END-- [ RunTime:0.000723s ]
INFO: [ app_begin ] --START--
INFO: Run Behavior\ReadHtmlCacheBehavior [ RunTime:0.000846s ]
INFO: [ app_begin ] --END-- [ RunTime:0.000985s ]
NOTIC: [2048] Declaration of Home\Controller\IndexController::theme() should be compatible with Think\Controller::theme($theme) D:\wamp64\www\jiimadeeee\Application\Home\Controller\IndexController.class.php 第 294 行.
ERR: 1146:Table 'jiimade.made_user' doesn't exist
 [ SQL语句 ] : SHOW COLUMNS FROM `made_user`
ERR: 1146:Table 'jiimade.made_user' doesn't exist
 [ SQL语句 ] : SHOW COLUMNS FROM `made_user`

[ 2018-08-02T14:54:36+08:00 ] 127.0.0.1 /jiimadeeee/index.php/home/index/theme
INFO: [ app_init ] --START--
INFO: Run Behavior\BuildLiteBehavior [ RunTime:0.000028s ]
INFO: [ app_init ] --END-- [ RunTime:0.000566s ]
INFO: [ app_begin ] --START--
INFO: Run Behavior\ReadHtmlCacheBehavior [ RunTime:0.000860s ]
INFO: [ app_begin ] --END-- [ RunTime:0.001013s ]
NOTIC: [2048] Declaration of Home\Controller\IndexController::theme() should be compatible with Think\Controller::theme($theme) D:\wamp64\www\jiimadeeee\Application\Home\Controller\IndexController.class.php 第 294 行.
ERR: 1146:Table 'jiimade.made_theme' doesn't exist
 [ SQL语句 ] : SHOW COLUMNS FROM `made_theme`
ERR: 1146:Table 'jiimade.made_theme' doesn't exist
 [ SQL语句 ] : SHOW COLUMNS FROM `made_theme`

[ 2018-08-02T14:54:36+08:00 ] 127.0.0.1 /jiimadeeee/index.php/home/index/getCarousel?themeId=undefined
INFO: [ app_init ] --START--
INFO: Run Behavior\BuildLiteBehavior [ RunTime:0.000047s ]
INFO: [ app_init ] --END-- [ RunTime:0.001020s ]
INFO: [ app_begin ] --START--
INFO: Run Behavior\ReadHtmlCacheBehavior [ RunTime:0.001395s ]
INFO: [ app_begin ] --END-- [ RunTime:0.001648s ]
NOTIC: [2048] Declaration of Home\Controller\IndexController::theme() should be compatible with Think\Controller::theme($theme) D:\wamp64\www\jiimadeeee\Application\Home\Controller\IndexController.class.php 第 294 行.
ERR: 1146:Table 'jiimade.made_carousel' doesn't exist
 [ SQL语句 ] : SHOW COLUMNS FROM `made_carousel`
ERR: 1146:Table 'jiimade.made_carousel' doesn't exist
 [ SQL语句 ] : SHOW COLUMNS FROM `made_carousel`

[ 2018-08-02T14:54:48+08:00 ] 127.0.0.1 /jiimadeeee/index.php/home/index/getArticleCate
INFO: [ app_init ] --START--
INFO: Run Behavior\BuildLiteBehavior [ RunTime:0.000025s ]
INFO: [ app_init ] --END-- [ RunTime:0.000548s ]
INFO: [ app_begin ] --START--
INFO: Run Behavior\ReadHtmlCacheBehavior [ RunTime:0.001250s ]
INFO: [ app_begin ] --END-- [ RunTime:0.001539s ]
NOTIC: [2048] Declaration of Home\Controller\IndexController::theme() should be compatible with Think\Controller::theme($theme) D:\wamp64\www\jiimadeeee\Application\Home\Controller\IndexController.class.php 第 294 行.
ERR: 1146:Table 'jiimade.made_article_category' doesn't exist
 [ SQL语句 ] : SHOW COLUMNS FROM `made_article_category`
ERR: 1146:Table 'jiimade.made_article_category' doesn't exist
 [ SQL语句 ] : SHOW COLUMNS FROM `made_article_category`

[ 2018-08-02T14:54:48+08:00 ] 127.0.0.1 /jiimadeeee/index.php/Home/index/orderState?userId=undefined&thr_session=undefined
INFO: [ app_init ] --START--
INFO: Run Behavior\BuildLiteBehavior [ RunTime:0.000049s ]
INFO: [ app_init ] --END-- [ RunTime:0.001073s ]
INFO: [ app_begin ] --START--
INFO: Run Behavior\ReadHtmlCacheBehavior [ RunTime:0.000970s ]
INFO: [ app_begin ] --END-- [ RunTime:0.001155s ]
NOTIC: [2048] Declaration of Home\Controller\IndexController::theme() should be compatible with Think\Controller::theme($theme) D:\wamp64\www\jiimadeeee\Application\Home\Controller\IndexController.class.php 第 294 行.
ERR: 1146:Table 'jiimade.made_order' doesn't exist
 [ SQL语句 ] : SHOW COLUMNS FROM `made_order`
ERR: 1146:Table 'jiimade.made_order' doesn't exist
 [ SQL语句 ] : SHOW COLUMNS FROM `made_order`

[ 2018-08-02T14:54:48+08:00 ] 127.0.0.1 /jiimadeeee/index.php/Home/index/checkQuote?userId=undefined&thr_session=undefined
INFO: [ app_init ] --START--
INFO: Run Behavior\BuildLiteBehavior [ RunTime:0.000030s ]
INFO: [ app_init ] --END-- [ RunTime:0.000566s ]
INFO: [ app_begin ] --START--
INFO: Run Behavior\ReadHtmlCacheBehavior [ RunTime:0.000620s ]
INFO: [ app_begin ] --END-- [ RunTime:0.000748s ]
NOTIC: [2048] Declaration of Home\Controller\IndexController::theme() should be compatible with Think\Controller::theme($theme) D:\wamp64\www\jiimadeeee\Application\Home\Controller\IndexController.class.php 第 294 行.
ERR: 1146:Table 'jiimade.made_quote' doesn't exist
 [ SQL语句 ] : SHOW COLUMNS FROM `made_quote`
ERR: 1146:Table 'jiimade.made_quote' doesn't exist
 [ SQL语句 ] : SHOW COLUMNS FROM `made_quote`

[ 2018-08-02T14:54:48+08:00 ] 127.0.0.1 /jiimadeeee/index.php/Home/index/orderState?userId=undefined&thr_session=undefined
INFO: [ app_init ] --START--
INFO: Run Behavior\BuildLiteBehavior [ RunTime:0.000046s ]
INFO: [ app_init ] --END-- [ RunTime:0.001207s ]
INFO: [ app_begin ] --START--
INFO: Run Behavior\ReadHtmlCacheBehavior [ RunTime:0.000779s ]
INFO: [ app_begin ] --END-- [ RunTime:0.000916s ]
NOTIC: [2048] Declaration of Home\Controller\IndexController::theme() should be compatible with Think\Controller::theme($theme) D:\wamp64\www\jiimadeeee\Application\Home\Controller\IndexController.class.php 第 294 行.
ERR: 1146:Table 'jiimade.made_order' doesn't exist
 [ SQL语句 ] : SHOW COLUMNS FROM `made_order`
ERR: 1146:Table 'jiimade.made_order' doesn't exist
 [ SQL语句 ] : SHOW COLUMNS FROM `made_order`

[ 2018-08-02T14:54:49+08:00 ] 127.0.0.1 /jiimadeeee/index.php/Home/index/checkQuote?userId=undefined&thr_session=undefined
INFO: [ app_init ] --START--
INFO: Run Behavior\BuildLiteBehavior [ RunTime:0.000045s ]
INFO: [ app_init ] --END-- [ RunTime:0.000571s ]
INFO: [ app_begin ] --START--
INFO: Run Behavior\ReadHtmlCacheBehavior [ RunTime:0.000631s ]
INFO: [ app_begin ] --END-- [ RunTime:0.000773s ]
NOTIC: [2048] Declaration of Home\Controller\IndexController::theme() should be compatible with Think\Controller::theme($theme) D:\wamp64\www\jiimadeeee\Application\Home\Controller\IndexController.class.php 第 294 行.
ERR: 1146:Table 'jiimade.made_quote' doesn't exist
 [ SQL语句 ] : SHOW COLUMNS FROM `made_quote`
ERR: 1146:Table 'jiimade.made_quote' doesn't exist
 [ SQL语句 ] : SHOW COLUMNS FROM `made_quote`

[ 2018-08-02T14:54:49+08:00 ] 127.0.0.1 /jiimadeeee/index.php/Home/index/userInfo?userId=undefined&thr_session=undefined
INFO: [ app_init ] --START--
INFO: Run Behavior\BuildLiteBehavior [ RunTime:0.000052s ]
INFO: [ app_init ] --END-- [ RunTime:0.001031s ]
INFO: [ app_begin ] --START--
INFO: Run Behavior\ReadHtmlCacheBehavior [ RunTime:0.001141s ]
INFO: [ app_begin ] --END-- [ RunTime:0.001396s ]
NOTIC: [2048] Declaration of Home\Controller\IndexController::theme() should be compatible with Think\Controller::theme($theme) D:\wamp64\www\jiimadeeee\Application\Home\Controller\IndexController.class.php 第 294 行.
ERR: 1146:Table 'jiimade.made_user' doesn't exist
 [ SQL语句 ] : SHOW COLUMNS FROM `made_user`
ERR: 1146:Table 'jiimade.made_user' doesn't exist
 [ SQL语句 ] : SHOW COLUMNS FROM `made_user`

[ 2018-08-02T14:54:49+08:00 ] 127.0.0.1 /jiimadeeee/index.php/Home/index/userInfo?userId=undefined&thr_session=undefined
INFO: [ app_init ] --START--
INFO: Run Behavior\BuildLiteBehavior [ RunTime:0.000043s ]
INFO: [ app_init ] --END-- [ RunTime:0.000591s ]
INFO: [ app_begin ] --START--
INFO: Run Behavior\ReadHtmlCacheBehavior [ RunTime:0.000650s ]
INFO: [ app_begin ] --END-- [ RunTime:0.000793s ]
NOTIC: [2048] Declaration of Home\Controller\IndexController::theme() should be compatible with Think\Controller::theme($theme) D:\wamp64\www\jiimadeeee\Application\Home\Controller\IndexController.class.php 第 294 行.
ERR: 1146:Table 'jiimade.made_user' doesn't exist
 [ SQL语句 ] : SHOW COLUMNS FROM `made_user`
ERR: 1146:Table 'jiimade.made_user' doesn't exist
 [ SQL语句 ] : SHOW COLUMNS FROM `made_user`

[ 2018-08-02T14:57:58+08:00 ] 127.0.0.1 /jiimadeeee/index.php/Home/index/orderState?userId=undefined&thr_session=undefined
INFO: [ app_init ] --START--
INFO: Run Behavior\BuildLiteBehavior [ RunTime:0.000041s ]
INFO: [ app_init ] --END-- [ RunTime:0.001177s ]
INFO: [ app_begin ] --START--
INFO: Run Behavior\ReadHtmlCacheBehavior [ RunTime:0.001713s ]
INFO: [ app_begin ] --END-- [ RunTime:0.001951s ]
NOTIC: [2048] Declaration of Home\Controller\IndexController::theme() should be compatible with Think\Controller::theme($theme) D:\wamp64\www\jiimadeeee\Application\Home\Controller\IndexController.class.php 第 294 行.
ERR: 1146:Table 'jiimade.made_order' doesn't exist
 [ SQL语句 ] : SHOW COLUMNS FROM `made_order`
ERR: 1146:Table 'jiimade.made_order' doesn't exist
 [ SQL语句 ] : SHOW COLUMNS FROM `made_order`

[ 2018-08-02T14:57:58+08:00 ] 127.0.0.1 /jiimadeeee/index.php/Home/index/checkQuote?userId=undefined&thr_session=undefined
INFO: [ app_init ] --START--
INFO: Run Behavior\BuildLiteBehavior [ RunTime:0.000045s ]
INFO: [ app_init ] --END-- [ RunTime:0.001151s ]
INFO: [ app_begin ] --START--
INFO: Run Behavior\ReadHtmlCacheBehavior [ RunTime:0.001533s ]
INFO: [ app_begin ] --END-- [ RunTime:0.001718s ]
NOTIC: [2048] Declaration of Home\Controller\IndexController::theme() should be compatible with Think\Controller::theme($theme) D:\wamp64\www\jiimadeeee\Application\Home\Controller\IndexController.class.php 第 294 行.
ERR: 1146:Table 'jiimade.made_quote' doesn't exist
 [ SQL语句 ] : SHOW COLUMNS FROM `made_quote`
ERR: 1146:Table 'jiimade.made_quote' doesn't exist
 [ SQL语句 ] : SHOW COLUMNS FROM `made_quote`

[ 2018-08-02T14:58:01+08:00 ] 127.0.0.1 /jiimadeeee/index.php/Home/index/userInfo?userId=undefined&thr_session=undefined
INFO: [ app_init ] --START--
INFO: Run Behavior\BuildLiteBehavior [ RunTime:0.000027s ]
INFO: [ app_init ] --END-- [ RunTime:0.000635s ]
INFO: [ app_begin ] --START--
INFO: Run Behavior\ReadHtmlCacheBehavior [ RunTime:0.001268s ]
INFO: [ app_begin ] --END-- [ RunTime:0.001444s ]
NOTIC: [2048] Declaration of Home\Controller\IndexController::theme() should be compatible with Think\Controller::theme($theme) D:\wamp64\www\jiimadeeee\Application\Home\Controller\IndexController.class.php 第 294 行.
ERR: 1146:Table 'jiimade.made_user' doesn't exist
 [ SQL语句 ] : SHOW COLUMNS FROM `made_user`
ERR: 1146:Table 'jiimade.made_user' doesn't exist
 [ SQL语句 ] : SHOW COLUMNS FROM `made_user`

[ 2018-08-02T14:58:01+08:00 ] 127.0.0.1 /jiimadeeee/index.php/Home/index/userInfo?userId=undefined&thr_session=undefined
INFO: [ app_init ] --START--
INFO: Run Behavior\BuildLiteBehavior [ RunTime:0.000044s ]
INFO: [ app_init ] --END-- [ RunTime:0.001127s ]
INFO: [ app_begin ] --START--
INFO: Run Behavior\ReadHtmlCacheBehavior [ RunTime:0.001511s ]
INFO: [ app_begin ] --END-- [ RunTime:0.001657s ]
NOTIC: [2048] Declaration of Home\Controller\IndexController::theme() should be compatible with Think\Controller::theme($theme) D:\wamp64\www\jiimadeeee\Application\Home\Controller\IndexController.class.php 第 294 行.
ERR: 1146:Table 'jiimade.made_user' doesn't exist
 [ SQL语句 ] : SHOW COLUMNS FROM `made_user`
ERR: 1146:Table 'jiimade.made_user' doesn't exist
 [ SQL语句 ] : SHOW COLUMNS FROM `made_user`

[ 2018-08-02T14:58:03+08:00 ] 127.0.0.1 /jiimadeeee/index.php/home/index/userPrcode?userId=undefined&thr_session=undefined
INFO: [ app_init ] --START--
INFO: Run Behavior\BuildLiteBehavior [ RunTime:0.000027s ]
INFO: [ app_init ] --END-- [ RunTime:0.000768s ]
INFO: [ app_begin ] --START--
INFO: Run Behavior\ReadHtmlCacheBehavior [ RunTime:0.001411s ]
INFO: [ app_begin ] --END-- [ RunTime:0.001614s ]
NOTIC: [2048] Declaration of Home\Controller\IndexController::theme() should be compatible with Think\Controller::theme($theme) D:\wamp64\www\jiimadeeee\Application\Home\Controller\IndexController.class.php 第 294 行.
ERR: 1146:Table 'jiimade.made_user' doesn't exist
 [ SQL语句 ] : SHOW COLUMNS FROM `made_user`
ERR: 1146:Table 'jiimade.made_user' doesn't exist
 [ SQL语句 ] : SHOW COLUMNS FROM `made_user`

[ 2018-08-02T14:58:05+08:00 ] 127.0.0.1 /jiimadeeee/index.php/Home/index/userInfo?userId=undefined&thr_session=undefined
INFO: [ app_init ] --START--
INFO: Run Behavior\BuildLiteBehavior [ RunTime:0.000076s ]
INFO: [ app_init ] --END-- [ RunTime:0.001344s ]
INFO: [ app_begin ] --START--
INFO: Run Behavior\ReadHtmlCacheBehavior [ RunTime:0.002153s ]
INFO: [ app_begin ] --END-- [ RunTime:0.002399s ]
NOTIC: [2048] Declaration of Home\Controller\IndexController::theme() should be compatible with Think\Controller::theme($theme) D:\wamp64\www\jiimadeeee\Application\Home\Controller\IndexController.class.php 第 294 行.
ERR: 1146:Table 'jiimade.made_user' doesn't exist
 [ SQL语句 ] : SHOW COLUMNS FROM `made_user`
ERR: 1146:Table 'jiimade.made_user' doesn't exist
 [ SQL语句 ] : SHOW COLUMNS FROM `made_user`

[ 2018-08-02T14:58:06+08:00 ] 127.0.0.1 /jiimadeeee/index.php/Home/index/checkQuote?userId=undefined&thr_session=undefined
INFO: [ app_init ] --START--
INFO: Run Behavior\BuildLiteBehavior [ RunTime:0.000039s ]
INFO: [ app_init ] --END-- [ RunTime:0.000575s ]
INFO: [ app_begin ] --START--
INFO: Run Behavior\ReadHtmlCacheBehavior [ RunTime:0.000892s ]
INFO: [ app_begin ] --END-- [ RunTime:0.001034s ]
NOTIC: [2048] Declaration of Home\Controller\IndexController::theme() should be compatible with Think\Controller::theme($theme) D:\wamp64\www\jiimadeeee\Application\Home\Controller\IndexController.class.php 第 294 行.
ERR: 1146:Table 'jiimade.made_quote' doesn't exist
 [ SQL语句 ] : SHOW COLUMNS FROM `made_quote`
ERR: 1146:Table 'jiimade.made_quote' doesn't exist
 [ SQL语句 ] : SHOW COLUMNS FROM `made_quote`

[ 2018-08-02T14:58:06+08:00 ] 127.0.0.1 /jiimadeeee/index.php/Home/index/orderState?userId=undefined&thr_session=undefined
INFO: [ app_init ] --START--
INFO: Run Behavior\BuildLiteBehavior [ RunTime:0.000027s ]
INFO: [ app_init ] --END-- [ RunTime:0.000896s ]
INFO: [ app_begin ] --START--
INFO: Run Behavior\ReadHtmlCacheBehavior [ RunTime:0.001259s ]
INFO: [ app_begin ] --END-- [ RunTime:0.001471s ]
NOTIC: [2048] Declaration of Home\Controller\IndexController::theme() should be compatible with Think\Controller::theme($theme) D:\wamp64\www\jiimadeeee\Application\Home\Controller\IndexController.class.php 第 294 行.
ERR: 1146:Table 'jiimade.made_order' doesn't exist
 [ SQL语句 ] : SHOW COLUMNS FROM `made_order`
ERR: 1146:Table 'jiimade.made_order' doesn't exist
 [ SQL语句 ] : SHOW COLUMNS FROM `made_order`

[ 2018-08-02T15:05:52+08:00 ] 127.0.0.1 /jiimadeeee/index.php/home/index/theme
INFO: [ app_init ] --START--
INFO: Run Behavior\BuildLiteBehavior [ RunTime:0.000030s ]
INFO: [ app_init ] --END-- [ RunTime:0.000908s ]
INFO: [ app_begin ] --START--
INFO: Run Behavior\ReadHtmlCacheBehavior [ RunTime:0.001534s ]
INFO: [ app_begin ] --END-- [ RunTime:0.001685s ]
NOTIC: [2048] Declaration of Home\Controller\IndexController::theme() should be compatible with Think\Controller::theme($theme) D:\wamp64\www\jiimadeeee\Application\Home\Controller\IndexController.class.php 第 294 行.
SQL: SHOW COLUMNS FROM `made_theme` [ RunTime:0.0017s ]
SQL: SELECT * FROM `made_theme` ORDER BY sort_id asc  [ RunTime:0.0003s ]
INFO: [ app_end ] --START--
INFO: Run Behavior\ShowPageTraceBehavior [ RunTime:0.002055s ]
INFO: [ app_end ] --END-- [ RunTime:0.002207s ]

[ 2018-08-02T15:05:53+08:00 ] 127.0.0.1 /jiimadeeee/index.php/home/index/getCarousel?themeId=2
INFO: [ app_init ] --START--
INFO: Run Behavior\BuildLiteBehavior [ RunTime:0.000029s ]
INFO: [ app_init ] --END-- [ RunTime:0.000764s ]
INFO: [ app_begin ] --START--
INFO: Run Behavior\ReadHtmlCacheBehavior [ RunTime:0.001034s ]
INFO: [ app_begin ] --END-- [ RunTime:0.001161s ]
NOTIC: [2048] Declaration of Home\Controller\IndexController::theme() should be compatible with Think\Controller::theme($theme) D:\wamp64\www\jiimadeeee\Application\Home\Controller\IndexController.class.php 第 294 行.
SQL: SHOW COLUMNS FROM `made_carousel` [ RunTime:0.0014s ]
SQL: SELECT * FROM `made_carousel` WHERE `theme_id` = '2' ORDER BY sort_id asc  [ RunTime:0.0006s ]
INFO: [ app_end ] --START--
INFO: Run Behavior\ShowPageTraceBehavior [ RunTime:0.001315s ]
INFO: [ app_end ] --END-- [ RunTime:0.001456s ]

[ 2018-08-02T15:05:55+08:00 ] 127.0.0.1 /jiimadeeee/index.php/home/index/login?code=081RBchA02l0Rf1E6tgA0RihhA0RBchf
INFO: [ app_init ] --START--
INFO: Run Behavior\BuildLiteBehavior [ RunTime:0.000041s ]
INFO: [ app_init ] --END-- [ RunTime:0.001065s ]
INFO: [ app_begin ] --START--
INFO: Run Behavior\ReadHtmlCacheBehavior [ RunTime:0.001178s ]
INFO: [ app_begin ] --END-- [ RunTime:0.001320s ]
NOTIC: [2048] Declaration of Home\Controller\IndexController::theme() should be compatible with Think\Controller::theme($theme) D:\wamp64\www\jiimadeeee\Application\Home\Controller\IndexController.class.php 第 294 行.
SQL: SHOW COLUMNS FROM `made_user` [ RunTime:0.0014s ]
SQL: SELECT `id` FROM `made_user` WHERE `openid` = 'oNhEB5TQ0RnhTMWh51xIwxvpfZ8M' LIMIT 1   [ RunTime:0.0017s ]
SQL: UPDATE `made_user` SET `thr_session`='3e98e09a72a0a0ee0711dc5e7dc83b4a',`session_key`='XnZWSBb1OHQFuyheVCPepg==' WHERE `id` = 4 [ RunTime:0.0025s ]
INFO: [ app_end ] --START--
INFO: Run Behavior\ShowPageTraceBehavior [ RunTime:0.002425s ]
INFO: [ app_end ] --END-- [ RunTime:0.002708s ]

[ 2018-08-02T15:06:08+08:00 ] 127.0.0.1 /jiimadeeee/index.php/home/index/theme
INFO: [ app_init ] --START--
INFO: Run Behavior\BuildLiteBehavior [ RunTime:0.000037s ]
INFO: [ app_init ] --END-- [ RunTime:0.000721s ]
INFO: [ app_begin ] --START--
INFO: Run Behavior\ReadHtmlCacheBehavior [ RunTime:0.001292s ]
INFO: [ app_begin ] --END-- [ RunTime:0.001452s ]
NOTIC: [2048] Declaration of Home\Controller\IndexController::theme() should be compatible with Think\Controller::theme($theme) D:\wamp64\www\jiimadeeee\Application\Home\Controller\IndexController.class.php 第 294 行.
SQL: SHOW COLUMNS FROM `made_theme` [ RunTime:0.0017s ]
SQL: SELECT * FROM `made_theme` ORDER BY sort_id asc  [ RunTime:0.0003s ]
INFO: [ app_end ] --START--
INFO: Run Behavior\ShowPageTraceBehavior [ RunTime:0.001344s ]
INFO: [ app_end ] --END-- [ RunTime:0.001540s ]

[ 2018-08-02T15:06:08+08:00 ] 127.0.0.1 /jiimadeeee/index.php/home/index/getCarousel?themeId=2
INFO: [ app_init ] --START--
INFO: Run Behavior\BuildLiteBehavior [ RunTime:0.000033s ]
INFO: [ app_init ] --END-- [ RunTime:0.000647s ]
INFO: [ app_begin ] --START--
INFO: Run Behavior\ReadHtmlCacheBehavior [ RunTime:0.001088s ]
INFO: [ app_begin ] --END-- [ RunTime:0.001224s ]
NOTIC: [2048] Declaration of Home\Controller\IndexController::theme() should be compatible with Think\Controller::theme($theme) D:\wamp64\www\jiimadeeee\Application\Home\Controller\IndexController.class.php 第 294 行.
SQL: SHOW COLUMNS FROM `made_carousel` [ RunTime:0.0015s ]
SQL: SELECT * FROM `made_carousel` WHERE `theme_id` = '2' ORDER BY sort_id asc  [ RunTime:0.0003s ]
INFO: [ app_end ] --START--
INFO: Run Behavior\ShowPageTraceBehavior [ RunTime:0.001427s ]
INFO: [ app_end ] --END-- [ RunTime:0.001559s ]

[ 2018-08-02T15:06:08+08:00 ] 127.0.0.1 /jiimadeeee/index.php/home/index/login?code=081liVDn0LmJts1gkOEn0sT7En0liVDF
INFO: [ app_init ] --START--
INFO: Run Behavior\BuildLiteBehavior [ RunTime:0.000027s ]
INFO: [ app_init ] --END-- [ RunTime:0.000692s ]
INFO: [ app_begin ] --START--
INFO: Run Behavior\ReadHtmlCacheBehavior [ RunTime:0.001421s ]
INFO: [ app_begin ] --END-- [ RunTime:0.001617s ]
NOTIC: [2048] Declaration of Home\Controller\IndexController::theme() should be compatible with Think\Controller::theme($theme) D:\wamp64\www\jiimadeeee\Application\Home\Controller\IndexController.class.php 第 294 行.
SQL: SHOW COLUMNS FROM `made_user` [ RunTime:0.0015s ]
SQL: SELECT `id` FROM `made_user` WHERE `openid` = 'oNhEB5TQ0RnhTMWh51xIwxvpfZ8M' LIMIT 1   [ RunTime:0.0006s ]
SQL: UPDATE `made_user` SET `thr_session`='3e98e09a72a0a0ee0711dc5e7dc83b4a',`session_key`='XnZWSBb1OHQFuyheVCPepg==' WHERE `id` = 4 [ RunTime:0.0005s ]
INFO: [ app_end ] --START--
INFO: Run Behavior\ShowPageTraceBehavior [ RunTime:0.001736s ]
INFO: [ app_end ] --END-- [ RunTime:0.001908s ]

[ 2018-08-02T15:06:11+08:00 ] 127.0.0.1 /jiimadeeee/index.php/home/index/getCarousel?themeId=3
INFO: [ app_init ] --START--
INFO: Run Behavior\BuildLiteBehavior [ RunTime:0.000023s ]
INFO: [ app_init ] --END-- [ RunTime:0.000552s ]
INFO: [ app_begin ] --START--
INFO: Run Behavior\ReadHtmlCacheBehavior [ RunTime:0.000993s ]
INFO: [ app_begin ] --END-- [ RunTime:0.001098s ]
NOTIC: [2048] Declaration of Home\Controller\IndexController::theme() should be compatible with Think\Controller::theme($theme) D:\wamp64\www\jiimadeeee\Application\Home\Controller\IndexController.class.php 第 294 行.
SQL: SHOW COLUMNS FROM `made_carousel` [ RunTime:0.0013s ]
SQL: SELECT * FROM `made_carousel` WHERE `theme_id` = '3' ORDER BY sort_id asc  [ RunTime:0.0003s ]
INFO: [ app_end ] --START--
INFO: Run Behavior\ShowPageTraceBehavior [ RunTime:0.001157s ]
INFO: [ app_end ] --END-- [ RunTime:0.001261s ]

[ 2018-08-02T15:06:13+08:00 ] 127.0.0.1 /jiimadeeee/index.php/home/index/getArticleCate
INFO: [ app_init ] --START--
INFO: Run Behavior\BuildLiteBehavior [ RunTime:0.000024s ]
INFO: [ app_init ] --END-- [ RunTime:0.000621s ]
INFO: [ app_begin ] --START--
INFO: Run Behavior\ReadHtmlCacheBehavior [ RunTime:0.001111s ]
INFO: [ app_begin ] --END-- [ RunTime:0.001224s ]
NOTIC: [2048] Declaration of Home\Controller\IndexController::theme() should be compatible with Think\Controller::theme($theme) D:\wamp64\www\jiimadeeee\Application\Home\Controller\IndexController.class.php 第 294 行.
SQL: SHOW COLUMNS FROM `made_article_category` [ RunTime:0.0013s ]
SQL: SELECT * FROM `made_article_category` ORDER BY order_id asc  [ RunTime:0.0002s ]
INFO: [ app_end ] --START--
INFO: Run Behavior\ShowPageTraceBehavior [ RunTime:0.001281s ]
INFO: [ app_end ] --END-- [ RunTime:0.001397s ]

[ 2018-08-02T15:06:13+08:00 ] 127.0.0.1 /jiimadeeee/index.php/home/index/getArticle?cateId=4
INFO: [ app_init ] --START--
INFO: Run Behavior\BuildLiteBehavior [ RunTime:0.000025s ]
INFO: [ app_init ] --END-- [ RunTime:0.000591s ]
INFO: [ app_begin ] --START--
INFO: Run Behavior\ReadHtmlCacheBehavior [ RunTime:0.001097s ]
INFO: [ app_begin ] --END-- [ RunTime:0.001218s ]
NOTIC: [2048] Declaration of Home\Controller\IndexController::theme() should be compatible with Think\Controller::theme($theme) D:\wamp64\www\jiimadeeee\Application\Home\Controller\IndexController.class.php 第 294 行.
SQL: SHOW COLUMNS FROM `made_article` [ RunTime:0.0009s ]
SQL: SELECT * FROM `made_article` WHERE `cate_id` = '4' AND `is_index` = '1' ORDER BY sort_id asc  [ RunTime:0.0005s ]
INFO: [ app_end ] --START--
INFO: Run Behavior\ShowPageTraceBehavior [ RunTime:0.001248s ]
INFO: [ app_end ] --END-- [ RunTime:0.001361s ]

[ 2018-08-02T15:06:15+08:00 ] 127.0.0.1 /jiimadeeee/index.php/home/index/getArticle?cateId=3
INFO: [ app_init ] --START--
INFO: Run Behavior\BuildLiteBehavior [ RunTime:0.000022s ]
INFO: [ app_init ] --END-- [ RunTime:0.000566s ]
INFO: [ app_begin ] --START--
INFO: Run Behavior\ReadHtmlCacheBehavior [ RunTime:0.001229s ]
INFO: [ app_begin ] --END-- [ RunTime:0.001378s ]
NOTIC: [2048] Declaration of Home\Controller\IndexController::theme() should be compatible with Think\Controller::theme($theme) D:\wamp64\www\jiimadeeee\Application\Home\Controller\IndexController.class.php 第 294 行.
SQL: SHOW COLUMNS FROM `made_article` [ RunTime:0.0015s ]
SQL: SELECT * FROM `made_article` WHERE `cate_id` = '3' AND `is_index` = '1' ORDER BY sort_id asc  [ RunTime:0.0004s ]
INFO: [ app_end ] --START--
INFO: Run Behavior\ShowPageTraceBehavior [ RunTime:0.001418s ]
INFO: [ app_end ] --END-- [ RunTime:0.001572s ]

[ 2018-08-02T15:06:20+08:00 ] 127.0.0.1 /jiimadeeee/index.php/home/index/theme
INFO: [ app_init ] --START--
INFO: Run Behavior\BuildLiteBehavior [ RunTime:0.000045s ]
INFO: [ app_init ] --END-- [ RunTime:0.001135s ]
INFO: [ app_begin ] --START--
INFO: Run Behavior\ReadHtmlCacheBehavior [ RunTime:0.001982s ]
INFO: [ app_begin ] --END-- [ RunTime:0.002210s ]
NOTIC: [2048] Declaration of Home\Controller\IndexController::theme() should be compatible with Think\Controller::theme($theme) D:\wamp64\www\jiimadeeee\Application\Home\Controller\IndexController.class.php 第 294 行.
SQL: SHOW COLUMNS FROM `made_theme` [ RunTime:0.0023s ]
SQL: SELECT * FROM `made_theme` ORDER BY sort_id asc  [ RunTime:0.0003s ]
INFO: [ app_end ] --START--
INFO: Run Behavior\ShowPageTraceBehavior [ RunTime:0.001319s ]
INFO: [ app_end ] --END-- [ RunTime:0.001461s ]

[ 2018-08-02T15:06:21+08:00 ] 127.0.0.1 /jiimadeeee/index.php/home/index/getCarousel?themeId=2
INFO: [ app_init ] --START--
INFO: Run Behavior\BuildLiteBehavior [ RunTime:0.000037s ]
INFO: [ app_init ] --END-- [ RunTime:0.000689s ]
INFO: [ app_begin ] --START--
INFO: Run Behavior\ReadHtmlCacheBehavior [ RunTime:0.001132s ]
INFO: [ app_begin ] --END-- [ RunTime:0.001277s ]
NOTIC: [2048] Declaration of Home\Controller\IndexController::theme() should be compatible with Think\Controller::theme($theme) D:\wamp64\www\jiimadeeee\Application\Home\Controller\IndexController.class.php 第 294 行.
SQL: SHOW COLUMNS FROM `made_carousel` [ RunTime:0.0017s ]
SQL: SELECT * FROM `made_carousel` WHERE `theme_id` = '2' ORDER BY sort_id asc  [ RunTime:0.0003s ]
INFO: [ app_end ] --START--
INFO: Run Behavior\ShowPageTraceBehavior [ RunTime:0.001395s ]
INFO: [ app_end ] --END-- [ RunTime:0.001547s ]

[ 2018-08-02T15:06:21+08:00 ] 127.0.0.1 /jiimadeeee/index.php/home/index/login?code=071t79HA0AoMSf2b9FGA0wqYGA0t79HB
INFO: [ app_init ] --START--
INFO: Run Behavior\BuildLiteBehavior [ RunTime:0.000027s ]
INFO: [ app_init ] --END-- [ RunTime:0.000688s ]
INFO: [ app_begin ] --START--
INFO: Run Behavior\ReadHtmlCacheBehavior [ RunTime:0.001273s ]
INFO: [ app_begin ] --END-- [ RunTime:0.001436s ]
NOTIC: [2048] Declaration of Home\Controller\IndexController::theme() should be compatible with Think\Controller::theme($theme) D:\wamp64\www\jiimadeeee\Application\Home\Controller\IndexController.class.php 第 294 行.
SQL: SHOW COLUMNS FROM `made_user` [ RunTime:0.0037s ]
NOTIC: [8] Undefined index: openid D:\wamp64\www\jiimadeeee\Application\Admin\Model\UserModel.class.php 第 18 行.
INFO: [ app_end ] --START--
INFO: Run Behavior\ShowPageTraceBehavior [ RunTime:0.002305s ]
INFO: [ app_end ] --END-- [ RunTime:0.002562s ]

[ 2018-08-02T15:06:40+08:00 ] 127.0.0.1 /jiimadeeee/index.php/home/index/getCarousel?themeId=3
INFO: [ app_init ] --START--
INFO: Run Behavior\BuildLiteBehavior [ RunTime:0.000046s ]
INFO: [ app_init ] --END-- [ RunTime:0.001091s ]
INFO: [ app_begin ] --START--
INFO: Run Behavior\ReadHtmlCacheBehavior [ RunTime:0.000999s ]
INFO: [ app_begin ] --END-- [ RunTime:0.001104s ]
NOTIC: [2048] Declaration of Home\Controller\IndexController::theme() should be compatible with Think\Controller::theme($theme) D:\wamp64\www\jiimadeeee\Application\Home\Controller\IndexController.class.php 第 294 行.
SQL: SHOW COLUMNS FROM `made_carousel` [ RunTime:0.0015s ]
SQL: SELECT * FROM `made_carousel` WHERE `theme_id` = '3' ORDER BY sort_id asc  [ RunTime:0.0003s ]
INFO: [ app_end ] --START--
INFO: Run Behavior\ShowPageTraceBehavior [ RunTime:0.001166s ]
INFO: [ app_end ] --END-- [ RunTime:0.001269s ]

[ 2018-08-02T15:08:15+08:00 ] 127.0.0.1 /jiimadeeee/index.php/home/index/getCarousel?themeId=2
INFO: [ app_init ] --START--
INFO: Run Behavior\BuildLiteBehavior [ RunTime:0.000024s ]
INFO: [ app_init ] --END-- [ RunTime:0.000669s ]
INFO: [ app_begin ] --START--
INFO: Run Behavior\ReadHtmlCacheBehavior [ RunTime:0.001347s ]
INFO: [ app_begin ] --END-- [ RunTime:0.001548s ]
NOTIC: [2048] Declaration of Home\Controller\IndexController::theme() should be compatible with Think\Controller::theme($theme) D:\wamp64\www\jiimadeeee\Application\Home\Controller\IndexController.class.php 第 294 行.
SQL: SHOW COLUMNS FROM `made_carousel` [ RunTime:0.0018s ]
SQL: SELECT * FROM `made_carousel` WHERE `theme_id` = '2' ORDER BY sort_id asc  [ RunTime:0.0004s ]
INFO: [ app_end ] --START--
INFO: Run Behavior\ShowPageTraceBehavior [ RunTime:0.001019s ]
INFO: [ app_end ] --END-- [ RunTime:0.001141s ]

[ 2018-08-02T15:08:16+08:00 ] 127.0.0.1 /jiimadeeee/index.php/home/index/getCarousel?themeId=3
INFO: [ app_init ] --START--
INFO: Run Behavior\BuildLiteBehavior [ RunTime:0.000029s ]
INFO: [ app_init ] --END-- [ RunTime:0.000749s ]
INFO: [ app_begin ] --START--
INFO: Run Behavior\ReadHtmlCacheBehavior [ RunTime:0.001185s ]
INFO: [ app_begin ] --END-- [ RunTime:0.001366s ]
NOTIC: [2048] Declaration of Home\Controller\IndexController::theme() should be compatible with Think\Controller::theme($theme) D:\wamp64\www\jiimadeeee\Application\Home\Controller\IndexController.class.php 第 294 行.
SQL: SHOW COLUMNS FROM `made_carousel` [ RunTime:0.0018s ]
SQL: SELECT * FROM `made_carousel` WHERE `theme_id` = '3' ORDER BY sort_id asc  [ RunTime:0.0004s ]
INFO: [ app_end ] --START--
INFO: Run Behavior\ShowPageTraceBehavior [ RunTime:0.001053s ]
INFO: [ app_end ] --END-- [ RunTime:0.001170s ]

[ 2018-08-02T15:08:17+08:00 ] 127.0.0.1 /jiimadeeee/index.php/home/index/getCarousel?themeId=2
INFO: [ app_init ] --START--
INFO: Run Behavior\BuildLiteBehavior [ RunTime:0.000053s ]
INFO: [ app_init ] --END-- [ RunTime:0.001110s ]
INFO: [ app_begin ] --START--
INFO: Run Behavior\ReadHtmlCacheBehavior [ RunTime:0.002171s ]
INFO: [ app_begin ] --END-- [ RunTime:0.002452s ]
NOTIC: [2048] Declaration of Home\Controller\IndexController::theme() should be compatible with Think\Controller::theme($theme) D:\wamp64\www\jiimadeeee\Application\Home\Controller\IndexController.class.php 第 294 行.
SQL: SHOW COLUMNS FROM `made_carousel` [ RunTime:0.0017s ]
SQL: SELECT * FROM `made_carousel` WHERE `theme_id` = '2' ORDER BY sort_id asc  [ RunTime:0.0005s ]
INFO: [ app_end ] --START--
INFO: Run Behavior\ShowPageTraceBehavior [ RunTime:0.001095s ]
INFO: [ app_end ] --END-- [ RunTime:0.001233s ]

[ 2018-08-02T15:09:37+08:00 ] 127.0.0.1 /jiimadeeee/index.php/home/index/theme
INFO: [ app_init ] --START--
INFO: Run Behavior\BuildLiteBehavior [ RunTime:0.000028s ]
INFO: [ app_init ] --END-- [ RunTime:0.000573s ]
INFO: [ app_begin ] --START--
INFO: Run Behavior\ReadHtmlCacheBehavior [ RunTime:0.002143s ]
INFO: [ app_begin ] --END-- [ RunTime:0.002486s ]
NOTIC: [2048] Declaration of Home\Controller\IndexController::theme() should be compatible with Think\Controller::theme($theme) D:\wamp64\www\jiimadeeee\Application\Home\Controller\IndexController.class.php 第 294 行.
SQL: SHOW COLUMNS FROM `made_theme` [ RunTime:0.0031s ]
SQL: SELECT * FROM `made_theme` ORDER BY sort_id asc  [ RunTime:0.0004s ]
INFO: [ app_end ] --START--
INFO: Run Behavior\ShowPageTraceBehavior [ RunTime:0.001086s ]
INFO: [ app_end ] --END-- [ RunTime:0.001221s ]

[ 2018-08-02T15:09:37+08:00 ] 127.0.0.1 /jiimadeeee/index.php/home/index/getCarousel?themeId=2
INFO: [ app_init ] --START--
INFO: Run Behavior\BuildLiteBehavior [ RunTime:0.000049s ]
INFO: [ app_init ] --END-- [ RunTime:0.001348s ]
INFO: [ app_begin ] --START--
INFO: Run Behavior\ReadHtmlCacheBehavior [ RunTime:0.001907s ]
INFO: [ app_begin ] --END-- [ RunTime:0.002250s ]
NOTIC: [2048] Declaration of Home\Controller\IndexController::theme() should be compatible with Think\Controller::theme($theme) D:\wamp64\www\jiimadeeee\Application\Home\Controller\IndexController.class.php 第 294 行.
SQL: SHOW COLUMNS FROM `made_carousel` [ RunTime:0.0006s ]
SQL: SELECT * FROM `made_carousel` WHERE `theme_id` = '2' ORDER BY sort_id asc  [ RunTime:0.0006s ]
INFO: [ app_end ] --START--
INFO: Run Behavior\ShowPageTraceBehavior [ RunTime:0.001099s ]
INFO: [ app_end ] --END-- [ RunTime:0.001226s ]

[ 2018-08-02T15:09:37+08:00 ] 127.0.0.1 /jiimadeeee/index.php/home/index/login?code=021vQul70giaIH1w1Rj70opDl70vQult
INFO: [ app_init ] --START--
INFO: Run Behavior\BuildLiteBehavior [ RunTime:0.000024s ]
INFO: [ app_init ] --END-- [ RunTime:0.000516s ]
INFO: [ app_begin ] --START--
INFO: Run Behavior\ReadHtmlCacheBehavior [ RunTime:0.000825s ]
INFO: [ app_begin ] --END-- [ RunTime:0.000939s ]
NOTIC: [2048] Declaration of Home\Controller\IndexController::theme() should be compatible with Think\Controller::theme($theme) D:\wamp64\www\jiimadeeee\Application\Home\Controller\IndexController.class.php 第 294 行.
SQL: SHOW COLUMNS FROM `made_user` [ RunTime:0.0015s ]
NOTIC: [8] Undefined index: openid D:\wamp64\www\jiimadeeee\Application\Admin\Model\UserModel.class.php 第 18 行.
INFO: [ app_end ] --START--
INFO: Run Behavior\ShowPageTraceBehavior [ RunTime:0.001824s ]
INFO: [ app_end ] --END-- [ RunTime:0.002066s ]

