[ 2018-07-11T17:24:06+08:00 ] 127.0.0.1 /jiimadeeee/index.php/home/index/getFurModel/gatAttr/1,0/furId/1
INFO: [ app_init ] --START--
INFO: Run Behavior\BuildLiteBehavior [ RunTime:0.000025s ]
INFO: [ app_init ] --END-- [ RunTime:0.000643s ]
INFO: [ app_begin ] --START--
INFO: Run Behavior\ReadHtmlCacheBehavior [ RunTime:0.001034s ]
INFO: [ app_begin ] --END-- [ RunTime:0.001177s ]
SQL: SHOW COLUMNS FROM `made_model` [ RunTime:0.0017s ]
SQL: SHOW COLUMNS FROM `made_furniture_quote` [ RunTime:0.0013s ]
SQL: SELECT `id`,`model_id`,`img_src` FROM `made_furniture_quote` WHERE `fur_attr_id` = '1,0' AND `fur_id` = '1'  [ RunTime:0.0021s ]
SQL: SELECT `id`,`model_id`,`img_src` FROM `made_furniture_quote` WHERE `fur_attr_id` = '1,0' AND `fur_id` = '1'  [ RunTime:0.0004s ]
SQL: SELECT `id`,`model_id`,`img_src` FROM `made_furniture_quote` WHERE `fur_attr_id` = '1,1' AND `fur_id` = '1'  [ RunTime:0.0002s ]
SQL: SELECT `id`,`model_id`,`img_src` FROM `made_furniture_quote` WHERE `fur_attr_id` = '1,2' AND `fur_id` = '1'  [ RunTime:0.0002s ]
SQL: SELECT `id`,`model_id`,`img_src` FROM `made_furniture_quote` WHERE `fur_attr_id` = '1,3' AND `fur_id` = '1'  [ RunTime:0.0002s ]
SQL: SELECT `id`,`model_id`,`img_src` FROM `made_furniture_quote` WHERE `fur_attr_id` = '1,4' AND `fur_id` = '1'  [ RunTime:0.0003s ]
SQL: SELECT `id`,`model_id`,`img_src` FROM `made_furniture_quote` WHERE `fur_attr_id` = '1,5' AND `fur_id` = '1'  [ RunTime:0.0002s ]
SQL: SELECT `id`,`model_id`,`img_src` FROM `made_furniture_quote` WHERE `fur_attr_id` = '1,6' AND `fur_id` = '1'  [ RunTime:0.0002s ]
INFO: [ app_end ] --START--
INFO: Run Behavior\ShowPageTraceBehavior [ RunTime:0.001040s ]
INFO: [ app_end ] --END-- [ RunTime:0.001176s ]

[ 2018-07-11T17:27:49+08:00 ] 127.0.0.1 /jiimadeeee/index.php/home/index/login/code/061zBUVA0wdbwg2Y90YA0qtTVA0zBUVf/id/1
INFO: [ app_init ] --START--
INFO: Run Behavior\BuildLiteBehavior [ RunTime:0.000023s ]
INFO: [ app_init ] --END-- [ RunTime:0.000442s ]
INFO: [ app_begin ] --START--
INFO: Run Behavior\ReadHtmlCacheBehavior [ RunTime:0.000620s ]
INFO: [ app_begin ] --END-- [ RunTime:0.000762s ]
SQL: SHOW COLUMNS FROM `made_user` [ RunTime:0.0014s ]
NOTIC: [8] Undefined index: openid D:\wamp\wamp64\www\jiimadeeee\Application\Admin\Model\UserModel.class.php 第 18 行.
INFO: [ app_end ] --START--
INFO: Run Behavior\ShowPageTraceBehavior [ RunTime:0.001389s ]
INFO: [ app_end ] --END-- [ RunTime:0.001625s ]

[ 2018-07-11T17:28:45+08:00 ] 127.0.0.1 /jiimadeeee/index.php/home/index/login/code/061zBUVA0wdbwg2Y90YA0qtTVA0zBUVf/id/1
INFO: [ app_init ] --START--
INFO: Run Behavior\BuildLiteBehavior [ RunTime:0.000024s ]
INFO: [ app_init ] --END-- [ RunTime:0.000418s ]
INFO: [ app_begin ] --START--
INFO: Run Behavior\ReadHtmlCacheBehavior [ RunTime:0.000592s ]
INFO: [ app_begin ] --END-- [ RunTime:0.000715s ]
SQL: SHOW COLUMNS FROM `made_user` [ RunTime:0.0005s ]
NOTIC: [8] Undefined index: openid D:\wamp\wamp64\www\jiimadeeee\Application\Admin\Model\UserModel.class.php 第 18 行.
INFO: [ app_end ] --START--
INFO: Run Behavior\ShowPageTraceBehavior [ RunTime:0.001529s ]
INFO: [ app_end ] --END-- [ RunTime:0.001834s ]

[ 2018-07-11T17:29:08+08:00 ] 127.0.0.1 /jiimadeeee/index.php/home/index/login/code/061zBUVA0wdbwg2Y90YA0qtTVA0zBUVf/id/1
INFO: [ app_init ] --START--
INFO: Run Behavior\BuildLiteBehavior [ RunTime:0.000024s ]
INFO: [ app_init ] --END-- [ RunTime:0.000450s ]
INFO: [ app_begin ] --START--
INFO: Run Behavior\ReadHtmlCacheBehavior [ RunTime:0.000666s ]
INFO: [ app_begin ] --END-- [ RunTime:0.000806s ]
SQL: SHOW COLUMNS FROM `made_user` [ RunTime:0.0013s ]
NOTIC: [8] Undefined index: openid D:\wamp\wamp64\www\jiimadeeee\Application\Admin\Model\UserModel.class.php 第 18 行.
INFO: [ app_end ] --START--
INFO: Run Behavior\ShowPageTraceBehavior [ RunTime:0.000932s ]
INFO: [ app_end ] --END-- [ RunTime:0.001088s ]

[ 2018-07-11T17:30:07+08:00 ] 127.0.0.1 /jiimadeeee/index.php/home/index/login/code/021pqN3G0Srmpj2Poq1G0RmR3G0pqN3K/id/1
INFO: [ app_init ] --START--
INFO: Run Behavior\BuildLiteBehavior [ RunTime:0.000026s ]
INFO: [ app_init ] --END-- [ RunTime:0.000444s ]
INFO: [ app_begin ] --START--
INFO: Run Behavior\ReadHtmlCacheBehavior [ RunTime:0.000563s ]
INFO: [ app_begin ] --END-- [ RunTime:0.000708s ]
SQL: SHOW COLUMNS FROM `made_user` [ RunTime:0.0013s ]
NOTIC: [8] Undefined index: openid D:\wamp\wamp64\www\jiimadeeee\Application\Admin\Model\UserModel.class.php 第 18 行.
INFO: [ app_end ] --START--
INFO: Run Behavior\ShowPageTraceBehavior [ RunTime:0.001297s ]
INFO: [ app_end ] --END-- [ RunTime:0.001547s ]

[ 2018-07-11T17:30:13+08:00 ] 127.0.0.1 /jiimadeeee/index.php/home/index/login/code/021pqN3G0Srmpj2Poq1G0RmR3G0pqN3K/id/1
INFO: [ app_init ] --START--
INFO: Run Behavior\BuildLiteBehavior [ RunTime:0.000024s ]
INFO: [ app_init ] --END-- [ RunTime:0.000394s ]
INFO: [ app_begin ] --START--
INFO: Run Behavior\ReadHtmlCacheBehavior [ RunTime:0.000527s ]
INFO: [ app_begin ] --END-- [ RunTime:0.000656s ]
SQL: SHOW COLUMNS FROM `made_user` [ RunTime:0.0013s ]
NOTIC: [8] Undefined index: openid D:\wamp\wamp64\www\jiimadeeee\Application\Admin\Model\UserModel.class.php 第 18 行.
INFO: [ app_end ] --START--
INFO: Run Behavior\ShowPageTraceBehavior [ RunTime:0.001233s ]
INFO: [ app_end ] --END-- [ RunTime:0.001469s ]

[ 2018-07-11T17:31:07+08:00 ] 127.0.0.1 /jiimadeeee/index.php/Home/index/getCarouselImg
INFO: [ app_init ] --START--
INFO: Run Behavior\BuildLiteBehavior [ RunTime:0.000040s ]
INFO: [ app_init ] --END-- [ RunTime:0.000605s ]
INFO: [ app_begin ] --START--
INFO: Run Behavior\ReadHtmlCacheBehavior [ RunTime:0.000833s ]
INFO: [ app_begin ] --END-- [ RunTime:0.001029s ]
SQL: SHOW COLUMNS FROM `made_carousel` [ RunTime:0.0021s ]
SQL: SELECT * FROM `made_carousel` ORDER BY sort_id asc  [ RunTime:0.0008s ]
INFO: [ app_end ] --START--
INFO: Run Behavior\ShowPageTraceBehavior [ RunTime:0.000942s ]
INFO: [ app_end ] --END-- [ RunTime:0.001124s ]

[ 2018-07-11T17:31:07+08:00 ] 127.0.0.1 /jiimadeeee/index.php/Home/index/getCarouselImg
INFO: [ app_init ] --START--
INFO: Run Behavior\BuildLiteBehavior [ RunTime:0.000042s ]
INFO: [ app_init ] --END-- [ RunTime:0.000783s ]
INFO: [ app_begin ] --START--
INFO: Run Behavior\ReadHtmlCacheBehavior [ RunTime:0.001202s ]
INFO: [ app_begin ] --END-- [ RunTime:0.001422s ]
SQL: SHOW COLUMNS FROM `made_carousel` [ RunTime:0.0043s ]
SQL: SELECT * FROM `made_carousel` ORDER BY sort_id asc  [ RunTime:0.0005s ]
INFO: [ app_end ] --START--
INFO: Run Behavior\ShowPageTraceBehavior [ RunTime:0.001169s ]
INFO: [ app_end ] --END-- [ RunTime:0.001406s ]

[ 2018-07-11T17:31:07+08:00 ] 127.0.0.1 /jiimadeeee/index.php/Home/index/getArticle?num=5
INFO: [ app_init ] --START--
INFO: Run Behavior\BuildLiteBehavior [ RunTime:0.000044s ]
INFO: [ app_init ] --END-- [ RunTime:0.000808s ]
INFO: [ app_begin ] --START--
INFO: Run Behavior\ReadHtmlCacheBehavior [ RunTime:0.001128s ]
INFO: [ app_begin ] --END-- [ RunTime:0.001450s ]
SQL: SHOW COLUMNS FROM `made_article` [ RunTime:0.0025s ]
SQL: SELECT * FROM `made_article` WHERE `is_index` = '1' ORDER BY sort_id asc LIMIT 5   [ RunTime:0.0005s ]
INFO: [ app_end ] --START--
INFO: Run Behavior\ShowPageTraceBehavior [ RunTime:0.001276s ]
INFO: [ app_end ] --END-- [ RunTime:0.001495s ]

[ 2018-07-11T17:31:07+08:00 ] 127.0.0.1 /jiimadeeee/index.php/Home/index/getBlockInfo?block=1&goodsNum=8
INFO: [ app_init ] --START--
INFO: Run Behavior\BuildLiteBehavior [ RunTime:0.000047s ]
INFO: [ app_init ] --END-- [ RunTime:0.000927s ]
INFO: [ app_begin ] --START--
INFO: Run Behavior\ReadHtmlCacheBehavior [ RunTime:0.001220s ]
INFO: [ app_begin ] --END-- [ RunTime:0.001498s ]
SQL: SHOW COLUMNS FROM `made_category` [ RunTime:0.0025s ]
SQL: SELECT * FROM `made_category` WHERE `index_block` = '1' ORDER BY order_id asc  [ RunTime:0.0007s ]
SQL: SHOW COLUMNS FROM `made_goods` [ RunTime:0.0028s ]
SQL: SELECT a.id,a.goods_name,a.tag,max(b.goods_price) as max_goods_price,min(b.goods_price) as min_goods_price,max(b.discount_price) as max_discount_price,min(b.discount_price) as min_discount_price,max(b.img_src) as img_src FROM made_goods a LEFT JOIN made_goods_number b ON a.id = b.goods_id  WHERE `cat_id` = '3' AND `is_on_sale` = '1' GROUP BY a.id LIMIT 8   [ RunTime:0.0049s ]
INFO: [ app_end ] --START--
INFO: Run Behavior\ShowPageTraceBehavior [ RunTime:0.001057s ]
INFO: [ app_end ] --END-- [ RunTime:0.001252s ]

[ 2018-07-11T17:31:07+08:00 ] 127.0.0.1 /jiimadeeee/index.php/Home/index/getBlockInfo?block=2&goodsNum=8
INFO: [ app_init ] --START--
INFO: Run Behavior\BuildLiteBehavior [ RunTime:0.000054s ]
INFO: [ app_init ] --END-- [ RunTime:0.000807s ]
INFO: [ app_begin ] --START--
INFO: Run Behavior\ReadHtmlCacheBehavior [ RunTime:0.001103s ]
INFO: [ app_begin ] --END-- [ RunTime:0.001394s ]
SQL: SHOW COLUMNS FROM `made_category` [ RunTime:0.0008s ]
SQL: SELECT * FROM `made_category` WHERE `index_block` = '2' ORDER BY order_id asc  [ RunTime:0.0005s ]
SQL: SHOW COLUMNS FROM `made_goods` [ RunTime:0.0015s ]
SQL: SELECT a.id,a.goods_name,a.tag,max(b.goods_price) as max_goods_price,min(b.goods_price) as min_goods_price,max(b.discount_price) as max_discount_price,min(b.discount_price) as min_discount_price,max(b.img_src) as img_src FROM made_goods a LEFT JOIN made_goods_number b ON a.id = b.goods_id  WHERE `cat_id` = '5' AND `is_on_sale` = '1' GROUP BY a.id LIMIT 8   [ RunTime:0.0008s ]
SQL: SELECT a.id,a.goods_name,a.tag,max(b.goods_price) as max_goods_price,min(b.goods_price) as min_goods_price,max(b.discount_price) as max_discount_price,min(b.discount_price) as min_discount_price,max(b.img_src) as img_src FROM made_goods a LEFT JOIN made_goods_number b ON a.id = b.goods_id  WHERE `cat_id` = '6' AND `is_on_sale` = '1' GROUP BY a.id LIMIT 8   [ RunTime:0.0006s ]
INFO: [ app_end ] --START--
INFO: Run Behavior\ShowPageTraceBehavior [ RunTime:0.000998s ]
INFO: [ app_end ] --END-- [ RunTime:0.001182s ]

[ 2018-07-11T17:31:07+08:00 ] 127.0.0.1 /jiimadeeee/index.php/Home/index/getBlockInfo?block=3&goodsNum=8
INFO: [ app_init ] --START--
INFO: Run Behavior\BuildLiteBehavior [ RunTime:0.000054s ]
INFO: [ app_init ] --END-- [ RunTime:0.001717s ]
INFO: [ app_begin ] --START--
INFO: Run Behavior\ReadHtmlCacheBehavior [ RunTime:0.001609s ]
INFO: [ app_begin ] --END-- [ RunTime:0.001872s ]
SQL: SHOW COLUMNS FROM `made_category` [ RunTime:0.0022s ]
SQL: SELECT * FROM `made_category` WHERE `index_block` = '3' ORDER BY order_id asc  [ RunTime:0.0007s ]
SQL: SHOW COLUMNS FROM `made_goods` [ RunTime:0.0021s ]
SQL: SELECT a.id,a.goods_name,a.tag,max(b.goods_price) as max_goods_price,min(b.goods_price) as min_goods_price,max(b.discount_price) as max_discount_price,min(b.discount_price) as min_discount_price,max(b.img_src) as img_src FROM made_goods a LEFT JOIN made_goods_number b ON a.id = b.goods_id  WHERE `cat_id` = '1' AND `is_on_sale` = '1' GROUP BY a.id LIMIT 8   [ RunTime:0.0015s ]
INFO: [ app_end ] --START--
INFO: Run Behavior\ShowPageTraceBehavior [ RunTime:0.001205s ]
INFO: [ app_end ] --END-- [ RunTime:0.001369s ]

[ 2018-07-11T17:31:07+08:00 ] 127.0.0.1 /jiimadeeee/index.php/Home/index/getBlockInfo?block=4&goodsNum=8
INFO: [ app_init ] --START--
INFO: Run Behavior\BuildLiteBehavior [ RunTime:0.000099s ]
INFO: [ app_init ] --END-- [ RunTime:0.000878s ]
INFO: [ app_begin ] --START--
INFO: Run Behavior\ReadHtmlCacheBehavior [ RunTime:0.002271s ]
INFO: [ app_begin ] --END-- [ RunTime:0.002507s ]
SQL: SHOW COLUMNS FROM `made_category` [ RunTime:0.0015s ]
SQL: SELECT * FROM `made_category` WHERE `index_block` = '4' ORDER BY order_id asc  [ RunTime:0.0005s ]
SQL: SHOW COLUMNS FROM `made_goods` [ RunTime:0.0026s ]
SQL: SELECT a.id,a.goods_name,a.tag,max(b.goods_price) as max_goods_price,min(b.goods_price) as min_goods_price,max(b.discount_price) as max_discount_price,min(b.discount_price) as min_discount_price,max(b.img_src) as img_src FROM made_goods a LEFT JOIN made_goods_number b ON a.id = b.goods_id  WHERE `cat_id` = '7' AND `is_on_sale` = '1' GROUP BY a.id LIMIT 8   [ RunTime:0.0022s ]
SQL: SELECT a.id,a.goods_name,a.tag,max(b.goods_price) as max_goods_price,min(b.goods_price) as min_goods_price,max(b.discount_price) as max_discount_price,min(b.discount_price) as min_discount_price,max(b.img_src) as img_src FROM made_goods a LEFT JOIN made_goods_number b ON a.id = b.goods_id  WHERE `cat_id` = '8' AND `is_on_sale` = '1' GROUP BY a.id LIMIT 8   [ RunTime:0.0008s ]
INFO: [ app_end ] --START--
INFO: Run Behavior\ShowPageTraceBehavior [ RunTime:0.001196s ]
INFO: [ app_end ] --END-- [ RunTime:0.001374s ]

[ 2018-07-11T17:31:08+08:00 ] 127.0.0.1 /jiimadeeee/index.php/Home/index/getArticle?num=5
INFO: [ app_init ] --START--
INFO: Run Behavior\BuildLiteBehavior [ RunTime:0.000050s ]
INFO: [ app_init ] --END-- [ RunTime:0.000949s ]
INFO: [ app_begin ] --START--
INFO: Run Behavior\ReadHtmlCacheBehavior [ RunTime:0.001041s ]
INFO: [ app_begin ] --END-- [ RunTime:0.001336s ]
SQL: SHOW COLUMNS FROM `made_article` [ RunTime:0.0021s ]
SQL: SELECT * FROM `made_article` WHERE `is_index` = '1' ORDER BY sort_id asc LIMIT 5   [ RunTime:0.0006s ]
INFO: [ app_end ] --START--
INFO: Run Behavior\ShowPageTraceBehavior [ RunTime:0.001027s ]
INFO: [ app_end ] --END-- [ RunTime:0.001279s ]

[ 2018-07-11T17:31:08+08:00 ] 127.0.0.1 /jiimadeeee/index.php/Home/index/getBlockInfo?block=1&goodsNum=8
INFO: [ app_init ] --START--
INFO: Run Behavior\BuildLiteBehavior [ RunTime:0.000048s ]
INFO: [ app_init ] --END-- [ RunTime:0.000727s ]
INFO: [ app_begin ] --START--
INFO: Run Behavior\ReadHtmlCacheBehavior [ RunTime:0.001088s ]
INFO: [ app_begin ] --END-- [ RunTime:0.001365s ]
SQL: SHOW COLUMNS FROM `made_category` [ RunTime:0.0023s ]
SQL: SELECT * FROM `made_category` WHERE `index_block` = '1' ORDER BY order_id asc  [ RunTime:0.0010s ]
SQL: SHOW COLUMNS FROM `made_goods` [ RunTime:0.0023s ]
SQL: SELECT a.id,a.goods_name,a.tag,max(b.goods_price) as max_goods_price,min(b.goods_price) as min_goods_price,max(b.discount_price) as max_discount_price,min(b.discount_price) as min_discount_price,max(b.img_src) as img_src FROM made_goods a LEFT JOIN made_goods_number b ON a.id = b.goods_id  WHERE `cat_id` = '3' AND `is_on_sale` = '1' GROUP BY a.id LIMIT 8   [ RunTime:0.0023s ]
INFO: [ app_end ] --START--
INFO: Run Behavior\ShowPageTraceBehavior [ RunTime:0.000963s ]
INFO: [ app_end ] --END-- [ RunTime:0.001176s ]

[ 2018-07-11T17:31:08+08:00 ] 127.0.0.1 /jiimadeeee/index.php/Home/index/getBlockInfo?block=3&goodsNum=8
INFO: [ app_init ] --START--
INFO: Run Behavior\BuildLiteBehavior [ RunTime:0.000040s ]
INFO: [ app_init ] --END-- [ RunTime:0.000710s ]
INFO: [ app_begin ] --START--
INFO: Run Behavior\ReadHtmlCacheBehavior [ RunTime:0.000927s ]
INFO: [ app_begin ] --END-- [ RunTime:0.001148s ]
SQL: SHOW COLUMNS FROM `made_category` [ RunTime:0.0026s ]
SQL: SELECT * FROM `made_category` WHERE `index_block` = '3' ORDER BY order_id asc  [ RunTime:0.0008s ]
SQL: SHOW COLUMNS FROM `made_goods` [ RunTime:0.0021s ]
SQL: SELECT a.id,a.goods_name,a.tag,max(b.goods_price) as max_goods_price,min(b.goods_price) as min_goods_price,max(b.discount_price) as max_discount_price,min(b.discount_price) as min_discount_price,max(b.img_src) as img_src FROM made_goods a LEFT JOIN made_goods_number b ON a.id = b.goods_id  WHERE `cat_id` = '1' AND `is_on_sale` = '1' GROUP BY a.id LIMIT 8   [ RunTime:0.0020s ]
INFO: [ app_end ] --START--
INFO: Run Behavior\ShowPageTraceBehavior [ RunTime:0.001000s ]
INFO: [ app_end ] --END-- [ RunTime:0.001236s ]

[ 2018-07-11T17:31:08+08:00 ] 127.0.0.1 /jiimadeeee/index.php/Home/index/getBlockInfo?block=4&goodsNum=8
INFO: [ app_init ] --START--
INFO: Run Behavior\BuildLiteBehavior [ RunTime:0.000048s ]
INFO: [ app_init ] --END-- [ RunTime:0.000659s ]
INFO: [ app_begin ] --START--
INFO: Run Behavior\ReadHtmlCacheBehavior [ RunTime:0.001356s ]
INFO: [ app_begin ] --END-- [ RunTime:0.001657s ]
SQL: SHOW COLUMNS FROM `made_category` [ RunTime:0.0009s ]
SQL: SELECT * FROM `made_category` WHERE `index_block` = '4' ORDER BY order_id asc  [ RunTime:0.0007s ]
SQL: SHOW COLUMNS FROM `made_goods` [ RunTime:0.0007s ]
SQL: SELECT a.id,a.goods_name,a.tag,max(b.goods_price) as max_goods_price,min(b.goods_price) as min_goods_price,max(b.discount_price) as max_discount_price,min(b.discount_price) as min_discount_price,max(b.img_src) as img_src FROM made_goods a LEFT JOIN made_goods_number b ON a.id = b.goods_id  WHERE `cat_id` = '7' AND `is_on_sale` = '1' GROUP BY a.id LIMIT 8   [ RunTime:0.0007s ]
SQL: SELECT a.id,a.goods_name,a.tag,max(b.goods_price) as max_goods_price,min(b.goods_price) as min_goods_price,max(b.discount_price) as max_discount_price,min(b.discount_price) as min_discount_price,max(b.img_src) as img_src FROM made_goods a LEFT JOIN made_goods_number b ON a.id = b.goods_id  WHERE `cat_id` = '8' AND `is_on_sale` = '1' GROUP BY a.id LIMIT 8   [ RunTime:0.0008s ]
INFO: [ app_end ] --START--
INFO: Run Behavior\ShowPageTraceBehavior [ RunTime:0.001171s ]
INFO: [ app_end ] --END-- [ RunTime:0.001397s ]

[ 2018-07-11T17:31:08+08:00 ] 127.0.0.1 /jiimadeeee/index.php/Home/index/getBlockInfo?block=2&goodsNum=8
INFO: [ app_init ] --START--
INFO: Run Behavior\BuildLiteBehavior [ RunTime:0.000038s ]
INFO: [ app_init ] --END-- [ RunTime:0.000687s ]
INFO: [ app_begin ] --START--
INFO: Run Behavior\ReadHtmlCacheBehavior [ RunTime:0.001727s ]
INFO: [ app_begin ] --END-- [ RunTime:0.002006s ]
SQL: SHOW COLUMNS FROM `made_category` [ RunTime:0.0023s ]
SQL: SELECT * FROM `made_category` WHERE `index_block` = '2' ORDER BY order_id asc  [ RunTime:0.0005s ]
SQL: SHOW COLUMNS FROM `made_goods` [ RunTime:0.0025s ]
SQL: SELECT a.id,a.goods_name,a.tag,max(b.goods_price) as max_goods_price,min(b.goods_price) as min_goods_price,max(b.discount_price) as max_discount_price,min(b.discount_price) as min_discount_price,max(b.img_src) as img_src FROM made_goods a LEFT JOIN made_goods_number b ON a.id = b.goods_id  WHERE `cat_id` = '5' AND `is_on_sale` = '1' GROUP BY a.id LIMIT 8   [ RunTime:0.0024s ]
SQL: SELECT a.id,a.goods_name,a.tag,max(b.goods_price) as max_goods_price,min(b.goods_price) as min_goods_price,max(b.discount_price) as max_discount_price,min(b.discount_price) as min_discount_price,max(b.img_src) as img_src FROM made_goods a LEFT JOIN made_goods_number b ON a.id = b.goods_id  WHERE `cat_id` = '6' AND `is_on_sale` = '1' GROUP BY a.id LIMIT 8   [ RunTime:0.0009s ]
INFO: [ app_end ] --START--
INFO: Run Behavior\ShowPageTraceBehavior [ RunTime:0.001703s ]
INFO: [ app_end ] --END-- [ RunTime:0.001957s ]

[ 2018-07-11T17:31:08+08:00 ] 127.0.0.1 /jiimadeeee/index.php/home/index/login?code=0619EU8e2z59FD0AJm6e27HF8e29EU8Y
INFO: [ app_init ] --START--
INFO: Run Behavior\BuildLiteBehavior [ RunTime:0.000041s ]
INFO: [ app_init ] --END-- [ RunTime:0.000647s ]
INFO: [ app_begin ] --START--
INFO: Run Behavior\ReadHtmlCacheBehavior [ RunTime:0.002674s ]
INFO: [ app_begin ] --END-- [ RunTime:0.002938s ]
SQL: SHOW COLUMNS FROM `made_user` [ RunTime:0.0008s ]
SQL: SELECT `id` FROM `made_user` WHERE `openid` = 'ojUv941YOJMStCvC71fzUK4iqE8g' LIMIT 1   [ RunTime:0.0003s ]
ERR: 1364:Field 'parent_id' doesn't have a default value
 [ SQL语句 ] : INSERT INTO `made_user` (`openid`,`thr_session`,`session_key`,`add_time`) VALUES ('ojUv941YOJMStCvC71fzUK4iqE8g','603851ade502723247990131262532c6','ocSiWI3+LYR60pJ3Tntn1A==','1531301468')
ERR: 1364:Field 'parent_id' doesn't have a default value
 [ SQL语句 ] : INSERT INTO `made_user` (`openid`,`thr_session`,`session_key`,`add_time`) VALUES ('ojUv941YOJMStCvC71fzUK4iqE8g','603851ade502723247990131262532c6','ocSiWI3+LYR60pJ3Tntn1A==','1531301468')

[ 2018-07-11T17:31:35+08:00 ] 127.0.0.1 /jiimadeeee/index.php/home/index/login/code/0619EU8e2z59FD0AJm6e27HF8e29EU8Y/id/1
INFO: [ app_init ] --START--
INFO: Run Behavior\BuildLiteBehavior [ RunTime:0.000026s ]
INFO: [ app_init ] --END-- [ RunTime:0.000469s ]
INFO: [ app_begin ] --START--
INFO: Run Behavior\ReadHtmlCacheBehavior [ RunTime:0.000630s ]
INFO: [ app_begin ] --END-- [ RunTime:0.000780s ]
SQL: SHOW COLUMNS FROM `made_user` [ RunTime:0.0013s ]
NOTIC: [8] Undefined index: openid D:\wamp\wamp64\www\jiimadeeee\Application\Admin\Model\UserModel.class.php 第 18 行.
INFO: [ app_end ] --START--
INFO: Run Behavior\ShowPageTraceBehavior [ RunTime:0.000807s ]
INFO: [ app_end ] --END-- [ RunTime:0.000959s ]

[ 2018-07-11T17:32:04+08:00 ] 127.0.0.1 /jiimadeeee/index.php/Home/index/getCarouselImg
INFO: [ app_init ] --START--
INFO: Run Behavior\BuildLiteBehavior [ RunTime:0.000043s ]
INFO: [ app_init ] --END-- [ RunTime:0.000698s ]
INFO: [ app_begin ] --START--
INFO: Run Behavior\ReadHtmlCacheBehavior [ RunTime:0.001191s ]
INFO: [ app_begin ] --END-- [ RunTime:0.001419s ]
SQL: SHOW COLUMNS FROM `made_carousel` [ RunTime:0.0020s ]
SQL: SELECT * FROM `made_carousel` ORDER BY sort_id asc  [ RunTime:0.0005s ]
INFO: [ app_end ] --START--
INFO: Run Behavior\ShowPageTraceBehavior [ RunTime:0.001025s ]
INFO: [ app_end ] --END-- [ RunTime:0.001253s ]

[ 2018-07-11T17:32:04+08:00 ] 127.0.0.1 /jiimadeeee/index.php/Home/index/getBlockInfo?block=1&goodsNum=8
INFO: [ app_init ] --START--
INFO: Run Behavior\BuildLiteBehavior [ RunTime:0.000060s ]
INFO: [ app_init ] --END-- [ RunTime:0.000675s ]
INFO: [ app_begin ] --START--
INFO: Run Behavior\ReadHtmlCacheBehavior [ RunTime:0.000953s ]
INFO: [ app_begin ] --END-- [ RunTime:0.001199s ]
SQL: SHOW COLUMNS FROM `made_category` [ RunTime:0.0022s ]
SQL: SELECT * FROM `made_category` WHERE `index_block` = '1' ORDER BY order_id asc  [ RunTime:0.0005s ]
SQL: SHOW COLUMNS FROM `made_goods` [ RunTime:0.0030s ]
SQL: SELECT a.id,a.goods_name,a.tag,max(b.goods_price) as max_goods_price,min(b.goods_price) as min_goods_price,max(b.discount_price) as max_discount_price,min(b.discount_price) as min_discount_price,max(b.img_src) as img_src FROM made_goods a LEFT JOIN made_goods_number b ON a.id = b.goods_id  WHERE `cat_id` = '3' AND `is_on_sale` = '1' GROUP BY a.id LIMIT 8   [ RunTime:0.0024s ]
INFO: [ app_end ] --START--
INFO: Run Behavior\ShowPageTraceBehavior [ RunTime:0.001405s ]
INFO: [ app_end ] --END-- [ RunTime:0.001615s ]

[ 2018-07-11T17:32:04+08:00 ] 127.0.0.1 /jiimadeeee/index.php/Home/index/getBlockInfo?block=3&goodsNum=8
INFO: [ app_init ] --START--
INFO: Run Behavior\BuildLiteBehavior [ RunTime:0.000046s ]
INFO: [ app_init ] --END-- [ RunTime:0.000663s ]
INFO: [ app_begin ] --START--
INFO: Run Behavior\ReadHtmlCacheBehavior [ RunTime:0.000933s ]
INFO: [ app_begin ] --END-- [ RunTime:0.001134s ]
SQL: SHOW COLUMNS FROM `made_category` [ RunTime:0.0022s ]
SQL: SELECT * FROM `made_category` WHERE `index_block` = '3' ORDER BY order_id asc  [ RunTime:0.0006s ]
SQL: SHOW COLUMNS FROM `made_goods` [ RunTime:0.0060s ]
SQL: SELECT a.id,a.goods_name,a.tag,max(b.goods_price) as max_goods_price,min(b.goods_price) as min_goods_price,max(b.discount_price) as max_discount_price,min(b.discount_price) as min_discount_price,max(b.img_src) as img_src FROM made_goods a LEFT JOIN made_goods_number b ON a.id = b.goods_id  WHERE `cat_id` = '1' AND `is_on_sale` = '1' GROUP BY a.id LIMIT 8   [ RunTime:0.0022s ]
INFO: [ app_end ] --START--
INFO: Run Behavior\ShowPageTraceBehavior [ RunTime:0.001180s ]
INFO: [ app_end ] --END-- [ RunTime:0.001399s ]

[ 2018-07-11T17:32:04+08:00 ] 127.0.0.1 /jiimadeeee/index.php/Home/index/getArticle?num=5
INFO: [ app_init ] --START--
INFO: Run Behavior\BuildLiteBehavior [ RunTime:0.000158s ]
INFO: [ app_init ] --END-- [ RunTime:0.006688s ]
INFO: [ app_begin ] --START--
INFO: Run Behavior\ReadHtmlCacheBehavior [ RunTime:0.001064s ]
INFO: [ app_begin ] --END-- [ RunTime:0.001301s ]
SQL: SHOW COLUMNS FROM `made_article` [ RunTime:0.0009s ]
SQL: SELECT * FROM `made_article` WHERE `is_index` = '1' ORDER BY sort_id asc LIMIT 5   [ RunTime:0.0008s ]
INFO: [ app_end ] --START--
INFO: Run Behavior\ShowPageTraceBehavior [ RunTime:0.001194s ]
INFO: [ app_end ] --END-- [ RunTime:0.001484s ]

[ 2018-07-11T17:32:04+08:00 ] 127.0.0.1 /jiimadeeee/index.php/Home/index/getBlockInfo?block=4&goodsNum=8
INFO: [ app_init ] --START--
INFO: Run Behavior\BuildLiteBehavior [ RunTime:0.000039s ]
INFO: [ app_init ] --END-- [ RunTime:0.000609s ]
INFO: [ app_begin ] --START--
INFO: Run Behavior\ReadHtmlCacheBehavior [ RunTime:0.000808s ]
INFO: [ app_begin ] --END-- [ RunTime:0.001067s ]
SQL: SHOW COLUMNS FROM `made_category` [ RunTime:0.0136s ]
SQL: SELECT * FROM `made_category` WHERE `index_block` = '4' ORDER BY order_id asc  [ RunTime:0.0006s ]
SQL: SHOW COLUMNS FROM `made_goods` [ RunTime:0.0036s ]
SQL: SELECT a.id,a.goods_name,a.tag,max(b.goods_price) as max_goods_price,min(b.goods_price) as min_goods_price,max(b.discount_price) as max_discount_price,min(b.discount_price) as min_discount_price,max(b.img_src) as img_src FROM made_goods a LEFT JOIN made_goods_number b ON a.id = b.goods_id  WHERE `cat_id` = '7' AND `is_on_sale` = '1' GROUP BY a.id LIMIT 8   [ RunTime:0.0024s ]
SQL: SELECT a.id,a.goods_name,a.tag,max(b.goods_price) as max_goods_price,min(b.goods_price) as min_goods_price,max(b.discount_price) as max_discount_price,min(b.discount_price) as min_discount_price,max(b.img_src) as img_src FROM made_goods a LEFT JOIN made_goods_number b ON a.id = b.goods_id  WHERE `cat_id` = '8' AND `is_on_sale` = '1' GROUP BY a.id LIMIT 8   [ RunTime:0.0010s ]
INFO: [ app_end ] --START--
INFO: Run Behavior\ShowPageTraceBehavior [ RunTime:0.001899s ]
INFO: [ app_end ] --END-- [ RunTime:0.002259s ]

[ 2018-07-11T17:32:05+08:00 ] 127.0.0.1 /jiimadeeee/index.php/Home/index/getBlockInfo?block=2&goodsNum=8
INFO: [ app_init ] --START--
INFO: Run Behavior\BuildLiteBehavior [ RunTime:0.000465s ]
INFO: [ app_init ] --END-- [ RunTime:0.003646s ]
INFO: [ app_begin ] --START--
INFO: Run Behavior\ReadHtmlCacheBehavior [ RunTime:0.001352s ]
INFO: [ app_begin ] --END-- [ RunTime:0.001923s ]
SQL: SHOW COLUMNS FROM `made_category` [ RunTime:0.0009s ]
SQL: SELECT * FROM `made_category` WHERE `index_block` = '2' ORDER BY order_id asc  [ RunTime:0.0007s ]
SQL: SHOW COLUMNS FROM `made_goods` [ RunTime:0.0013s ]
SQL: SELECT a.id,a.goods_name,a.tag,max(b.goods_price) as max_goods_price,min(b.goods_price) as min_goods_price,max(b.discount_price) as max_discount_price,min(b.discount_price) as min_discount_price,max(b.img_src) as img_src FROM made_goods a LEFT JOIN made_goods_number b ON a.id = b.goods_id  WHERE `cat_id` = '5' AND `is_on_sale` = '1' GROUP BY a.id LIMIT 8   [ RunTime:0.0010s ]
SQL: SELECT a.id,a.goods_name,a.tag,max(b.goods_price) as max_goods_price,min(b.goods_price) as min_goods_price,max(b.discount_price) as max_discount_price,min(b.discount_price) as min_discount_price,max(b.img_src) as img_src FROM made_goods a LEFT JOIN made_goods_number b ON a.id = b.goods_id  WHERE `cat_id` = '6' AND `is_on_sale` = '1' GROUP BY a.id LIMIT 8   [ RunTime:0.0015s ]
INFO: [ app_end ] --START--
INFO: Run Behavior\ShowPageTraceBehavior [ RunTime:0.001959s ]
INFO: [ app_end ] --END-- [ RunTime:0.002289s ]

[ 2018-07-11T17:32:05+08:00 ] 127.0.0.1 /jiimadeeee/index.php/Home/index/getCarouselImg
INFO: [ app_init ] --START--
INFO: Run Behavior\BuildLiteBehavior [ RunTime:0.000047s ]
INFO: [ app_init ] --END-- [ RunTime:0.001770s ]
INFO: [ app_begin ] --START--
INFO: Run Behavior\ReadHtmlCacheBehavior [ RunTime:0.000998s ]
INFO: [ app_begin ] --END-- [ RunTime:0.001221s ]
SQL: SHOW COLUMNS FROM `made_carousel` [ RunTime:0.0016s ]
SQL: SELECT * FROM `made_carousel` ORDER BY sort_id asc  [ RunTime:0.0005s ]
INFO: [ app_end ] --START--
INFO: Run Behavior\ShowPageTraceBehavior [ RunTime:0.001066s ]
INFO: [ app_end ] --END-- [ RunTime:0.001308s ]

[ 2018-07-11T17:32:05+08:00 ] 127.0.0.1 /jiimadeeee/index.php/Home/index/getBlockInfo?block=1&goodsNum=8
INFO: [ app_init ] --START--
INFO: Run Behavior\BuildLiteBehavior [ RunTime:0.000044s ]
INFO: [ app_init ] --END-- [ RunTime:0.000786s ]
INFO: [ app_begin ] --START--
INFO: Run Behavior\ReadHtmlCacheBehavior [ RunTime:0.001050s ]
INFO: [ app_begin ] --END-- [ RunTime:0.001299s ]
SQL: SHOW COLUMNS FROM `made_category` [ RunTime:0.0008s ]
SQL: SELECT * FROM `made_category` WHERE `index_block` = '1' ORDER BY order_id asc  [ RunTime:0.0007s ]
SQL: SHOW COLUMNS FROM `made_goods` [ RunTime:0.0011s ]
SQL: SELECT a.id,a.goods_name,a.tag,max(b.goods_price) as max_goods_price,min(b.goods_price) as min_goods_price,max(b.discount_price) as max_discount_price,min(b.discount_price) as min_discount_price,max(b.img_src) as img_src FROM made_goods a LEFT JOIN made_goods_number b ON a.id = b.goods_id  WHERE `cat_id` = '3' AND `is_on_sale` = '1' GROUP BY a.id LIMIT 8   [ RunTime:0.0006s ]
INFO: [ app_end ] --START--
INFO: Run Behavior\ShowPageTraceBehavior [ RunTime:0.001030s ]
INFO: [ app_end ] --END-- [ RunTime:0.001228s ]

[ 2018-07-11T17:32:05+08:00 ] 127.0.0.1 /jiimadeeee/index.php/Home/index/getArticle?num=5
INFO: [ app_init ] --START--
INFO: Run Behavior\BuildLiteBehavior [ RunTime:0.000047s ]
INFO: [ app_init ] --END-- [ RunTime:0.001222s ]
INFO: [ app_begin ] --START--
INFO: Run Behavior\ReadHtmlCacheBehavior [ RunTime:0.001885s ]
INFO: [ app_begin ] --END-- [ RunTime:0.002134s ]
SQL: SHOW COLUMNS FROM `made_article` [ RunTime:0.0020s ]
SQL: SELECT * FROM `made_article` WHERE `is_index` = '1' ORDER BY sort_id asc LIMIT 5   [ RunTime:0.0011s ]
INFO: [ app_end ] --START--
INFO: Run Behavior\ShowPageTraceBehavior [ RunTime:0.001336s ]
INFO: [ app_end ] --END-- [ RunTime:0.001626s ]

[ 2018-07-11T17:32:05+08:00 ] 127.0.0.1 /jiimadeeee/index.php/Home/index/getBlockInfo?block=3&goodsNum=8
INFO: [ app_init ] --START--
INFO: Run Behavior\BuildLiteBehavior [ RunTime:0.000047s ]
INFO: [ app_init ] --END-- [ RunTime:0.000873s ]
INFO: [ app_begin ] --START--
INFO: Run Behavior\ReadHtmlCacheBehavior [ RunTime:0.004293s ]
INFO: [ app_begin ] --END-- [ RunTime:0.004616s ]
SQL: SHOW COLUMNS FROM `made_category` [ RunTime:0.0026s ]
SQL: SELECT * FROM `made_category` WHERE `index_block` = '3' ORDER BY order_id asc  [ RunTime:0.0006s ]
SQL: SHOW COLUMNS FROM `made_goods` [ RunTime:0.0022s ]
SQL: SELECT a.id,a.goods_name,a.tag,max(b.goods_price) as max_goods_price,min(b.goods_price) as min_goods_price,max(b.discount_price) as max_discount_price,min(b.discount_price) as min_discount_price,max(b.img_src) as img_src FROM made_goods a LEFT JOIN made_goods_number b ON a.id = b.goods_id  WHERE `cat_id` = '1' AND `is_on_sale` = '1' GROUP BY a.id LIMIT 8   [ RunTime:0.0025s ]
INFO: [ app_end ] --START--
INFO: Run Behavior\ShowPageTraceBehavior [ RunTime:0.001279s ]
INFO: [ app_end ] --END-- [ RunTime:0.001533s ]

[ 2018-07-11T17:32:05+08:00 ] 127.0.0.1 /jiimadeeee/index.php/Home/index/getBlockInfo?block=2&goodsNum=8
INFO: [ app_init ] --START--
INFO: Run Behavior\BuildLiteBehavior [ RunTime:0.000044s ]
INFO: [ app_init ] --END-- [ RunTime:0.000697s ]
INFO: [ app_begin ] --START--
INFO: Run Behavior\ReadHtmlCacheBehavior [ RunTime:0.000745s ]
INFO: [ app_begin ] --END-- [ RunTime:0.000955s ]
SQL: SHOW COLUMNS FROM `made_category` [ RunTime:0.0007s ]
SQL: SELECT * FROM `made_category` WHERE `index_block` = '2' ORDER BY order_id asc  [ RunTime:0.0007s ]
SQL: SHOW COLUMNS FROM `made_goods` [ RunTime:0.0009s ]
SQL: SELECT a.id,a.goods_name,a.tag,max(b.goods_price) as max_goods_price,min(b.goods_price) as min_goods_price,max(b.discount_price) as max_discount_price,min(b.discount_price) as min_discount_price,max(b.img_src) as img_src FROM made_goods a LEFT JOIN made_goods_number b ON a.id = b.goods_id  WHERE `cat_id` = '5' AND `is_on_sale` = '1' GROUP BY a.id LIMIT 8   [ RunTime:0.0009s ]
SQL: SELECT a.id,a.goods_name,a.tag,max(b.goods_price) as max_goods_price,min(b.goods_price) as min_goods_price,max(b.discount_price) as max_discount_price,min(b.discount_price) as min_discount_price,max(b.img_src) as img_src FROM made_goods a LEFT JOIN made_goods_number b ON a.id = b.goods_id  WHERE `cat_id` = '6' AND `is_on_sale` = '1' GROUP BY a.id LIMIT 8   [ RunTime:0.0008s ]
INFO: [ app_end ] --START--
INFO: Run Behavior\ShowPageTraceBehavior [ RunTime:0.001031s ]
INFO: [ app_end ] --END-- [ RunTime:0.001246s ]

[ 2018-07-11T17:32:05+08:00 ] 127.0.0.1 /jiimadeeee/index.php/Home/index/getBlockInfo?block=4&goodsNum=8
INFO: [ app_init ] --START--
INFO: Run Behavior\BuildLiteBehavior [ RunTime:0.000052s ]
INFO: [ app_init ] --END-- [ RunTime:0.000833s ]
INFO: [ app_begin ] --START--
INFO: Run Behavior\ReadHtmlCacheBehavior [ RunTime:0.001470s ]
INFO: [ app_begin ] --END-- [ RunTime:0.001883s ]
SQL: SHOW COLUMNS FROM `made_category` [ RunTime:0.0010s ]
SQL: SELECT * FROM `made_category` WHERE `index_block` = '4' ORDER BY order_id asc  [ RunTime:0.0007s ]
SQL: SHOW COLUMNS FROM `made_goods` [ RunTime:0.0011s ]
SQL: SELECT a.id,a.goods_name,a.tag,max(b.goods_price) as max_goods_price,min(b.goods_price) as min_goods_price,max(b.discount_price) as max_discount_price,min(b.discount_price) as min_discount_price,max(b.img_src) as img_src FROM made_goods a LEFT JOIN made_goods_number b ON a.id = b.goods_id  WHERE `cat_id` = '7' AND `is_on_sale` = '1' GROUP BY a.id LIMIT 8   [ RunTime:0.0008s ]
SQL: SELECT a.id,a.goods_name,a.tag,max(b.goods_price) as max_goods_price,min(b.goods_price) as min_goods_price,max(b.discount_price) as max_discount_price,min(b.discount_price) as min_discount_price,max(b.img_src) as img_src FROM made_goods a LEFT JOIN made_goods_number b ON a.id = b.goods_id  WHERE `cat_id` = '8' AND `is_on_sale` = '1' GROUP BY a.id LIMIT 8   [ RunTime:0.0008s ]
INFO: [ app_end ] --START--
INFO: Run Behavior\ShowPageTraceBehavior [ RunTime:0.001394s ]
INFO: [ app_end ] --END-- [ RunTime:0.001665s ]

[ 2018-07-11T17:32:05+08:00 ] 127.0.0.1 /jiimadeeee/index.php/home/index/logi?code=021XC9im10LTPj0Rnlfm1NbNhm1XC9iP
INFO: [ app_init ] --START--
INFO: Run Behavior\BuildLiteBehavior [ RunTime:0.000047s ]
INFO: [ app_init ] --END-- [ RunTime:0.000861s ]
INFO: [ app_begin ] --START--
INFO: Run Behavior\ReadHtmlCacheBehavior [ RunTime:0.001175s ]
INFO: [ app_begin ] --END-- [ RunTime:0.001507s ]
ERR: 非法操作:logi

[ 2018-07-11T17:32:33+08:00 ] 127.0.0.1 /jiimadeeee/index.php/home/index/login/code/021XC9im10LTPj0Rnlfm1NbNhm1XC9iP/id/1
INFO: [ app_init ] --START--
INFO: Run Behavior\BuildLiteBehavior [ RunTime:0.000027s ]
INFO: [ app_init ] --END-- [ RunTime:0.000418s ]
INFO: [ app_begin ] --START--
INFO: Run Behavior\ReadHtmlCacheBehavior [ RunTime:0.000625s ]
INFO: [ app_begin ] --END-- [ RunTime:0.000767s ]
SQL: SHOW COLUMNS FROM `made_user` [ RunTime:0.0005s ]
SQL: SELECT `id` FROM `made_user` WHERE `openid` = 'ojUv941YOJMStCvC71fzUK4iqE8g' LIMIT 1   [ RunTime:0.0005s ]
ERR: 1364:Field 'parent_id' doesn't have a default value
 [ SQL语句 ] : INSERT INTO `made_user` (`openid`,`thr_session`,`session_key`,`add_time`) VALUES ('ojUv941YOJMStCvC71fzUK4iqE8g','cb2396c0748be5e8e2cfaf75d623ccc5','Q9RodAOvJoDFtuFbOe49BA==','1531301553')
ERR: 1364:Field 'parent_id' doesn't have a default value
 [ SQL语句 ] : INSERT INTO `made_user` (`openid`,`thr_session`,`session_key`,`add_time`) VALUES ('ojUv941YOJMStCvC71fzUK4iqE8g','cb2396c0748be5e8e2cfaf75d623ccc5','Q9RodAOvJoDFtuFbOe49BA==','1531301553')

[ 2018-07-11T17:33:45+08:00 ] 127.0.0.1 /jiimadeeee/index.php/home/index/login/code/021XC9im10LTPj0Rnlfm1NbNhm1XC9iP/id/1
INFO: [ app_init ] --START--
INFO: Run Behavior\BuildLiteBehavior [ RunTime:0.000023s ]
INFO: [ app_init ] --END-- [ RunTime:0.000435s ]
INFO: [ app_begin ] --START--
INFO: Run Behavior\ReadHtmlCacheBehavior [ RunTime:0.000602s ]
INFO: [ app_begin ] --END-- [ RunTime:0.000744s ]
SQL: SHOW COLUMNS FROM `made_user` [ RunTime:0.0013s ]
NOTIC: [8] Undefined index: openid D:\wamp\wamp64\www\jiimadeeee\Application\Admin\Model\UserModel.class.php 第 18 行.
INFO: [ app_end ] --START--
INFO: Run Behavior\ShowPageTraceBehavior [ RunTime:0.001430s ]
INFO: [ app_end ] --END-- [ RunTime:0.001703s ]

[ 2018-07-11T17:33:52+08:00 ] 127.0.0.1 /jiimadeeee/index.php/Home/index/getCarouselImg
INFO: [ app_init ] --START--
INFO: Run Behavior\BuildLiteBehavior [ RunTime:0.000047s ]
INFO: [ app_init ] --END-- [ RunTime:0.000647s ]
INFO: [ app_begin ] --START--
INFO: Run Behavior\ReadHtmlCacheBehavior [ RunTime:0.000754s ]
INFO: [ app_begin ] --END-- [ RunTime:0.000995s ]
SQL: SHOW COLUMNS FROM `made_carousel` [ RunTime:0.0009s ]
SQL: SELECT * FROM `made_carousel` ORDER BY sort_id asc  [ RunTime:0.0006s ]
INFO: [ app_end ] --START--
INFO: Run Behavior\ShowPageTraceBehavior [ RunTime:0.000992s ]
INFO: [ app_end ] --END-- [ RunTime:0.001190s ]

[ 2018-07-11T17:33:52+08:00 ] 127.0.0.1 /jiimadeeee/index.php/Home/index/getBlockInfo?block=1&goodsNum=8
INFO: [ app_init ] --START--
INFO: Run Behavior\BuildLiteBehavior [ RunTime:0.000042s ]
INFO: [ app_init ] --END-- [ RunTime:0.000648s ]
INFO: [ app_begin ] --START--
INFO: Run Behavior\ReadHtmlCacheBehavior [ RunTime:0.000877s ]
INFO: [ app_begin ] --END-- [ RunTime:0.001112s ]
SQL: SHOW COLUMNS FROM `made_category` [ RunTime:0.0008s ]
SQL: SELECT * FROM `made_category` WHERE `index_block` = '1' ORDER BY order_id asc  [ RunTime:0.0007s ]
SQL: SHOW COLUMNS FROM `made_goods` [ RunTime:0.0010s ]
SQL: SELECT a.id,a.goods_name,a.tag,max(b.goods_price) as max_goods_price,min(b.goods_price) as min_goods_price,max(b.discount_price) as max_discount_price,min(b.discount_price) as min_discount_price,max(b.img_src) as img_src FROM made_goods a LEFT JOIN made_goods_number b ON a.id = b.goods_id  WHERE `cat_id` = '3' AND `is_on_sale` = '1' GROUP BY a.id LIMIT 8   [ RunTime:0.0007s ]
INFO: [ app_end ] --START--
INFO: Run Behavior\ShowPageTraceBehavior [ RunTime:0.000857s ]
INFO: [ app_end ] --END-- [ RunTime:0.001005s ]

[ 2018-07-11T17:33:52+08:00 ] 127.0.0.1 /jiimadeeee/index.php/Home/index/getArticle?num=5
INFO: [ app_init ] --START--
INFO: Run Behavior\BuildLiteBehavior [ RunTime:0.000046s ]
INFO: [ app_init ] --END-- [ RunTime:0.000787s ]
INFO: [ app_begin ] --START--
INFO: Run Behavior\ReadHtmlCacheBehavior [ RunTime:0.001132s ]
INFO: [ app_begin ] --END-- [ RunTime:0.001490s ]
SQL: SHOW COLUMNS FROM `made_article` [ RunTime:0.0021s ]
SQL: SELECT * FROM `made_article` WHERE `is_index` = '1' ORDER BY sort_id asc LIMIT 5   [ RunTime:0.0004s ]
INFO: [ app_end ] --START--
INFO: Run Behavior\ShowPageTraceBehavior [ RunTime:0.000971s ]
INFO: [ app_end ] --END-- [ RunTime:0.001150s ]

[ 2018-07-11T17:33:52+08:00 ] 127.0.0.1 /jiimadeeee/index.php/Home/index/getBlockInfo?block=3&goodsNum=8
INFO: [ app_init ] --START--
INFO: Run Behavior\BuildLiteBehavior [ RunTime:0.000043s ]
INFO: [ app_init ] --END-- [ RunTime:0.000744s ]
INFO: [ app_begin ] --START--
INFO: Run Behavior\ReadHtmlCacheBehavior [ RunTime:0.001070s ]
INFO: [ app_begin ] --END-- [ RunTime:0.001320s ]
SQL: SHOW COLUMNS FROM `made_category` [ RunTime:0.0021s ]
SQL: SELECT * FROM `made_category` WHERE `index_block` = '3' ORDER BY order_id asc  [ RunTime:0.0004s ]
SQL: SHOW COLUMNS FROM `made_goods` [ RunTime:0.0018s ]
SQL: SELECT a.id,a.goods_name,a.tag,max(b.goods_price) as max_goods_price,min(b.goods_price) as min_goods_price,max(b.discount_price) as max_discount_price,min(b.discount_price) as min_discount_price,max(b.img_src) as img_src FROM made_goods a LEFT JOIN made_goods_number b ON a.id = b.goods_id  WHERE `cat_id` = '1' AND `is_on_sale` = '1' GROUP BY a.id LIMIT 8   [ RunTime:0.0014s ]
INFO: [ app_end ] --START--
INFO: Run Behavior\ShowPageTraceBehavior [ RunTime:0.001463s ]
INFO: [ app_end ] --END-- [ RunTime:0.001688s ]

[ 2018-07-11T17:33:52+08:00 ] 127.0.0.1 /jiimadeeee/index.php/Home/index/getBlockInfo?block=2&goodsNum=8
INFO: [ app_init ] --START--
INFO: Run Behavior\BuildLiteBehavior [ RunTime:0.000039s ]
INFO: [ app_init ] --END-- [ RunTime:0.000629s ]
INFO: [ app_begin ] --START--
INFO: Run Behavior\ReadHtmlCacheBehavior [ RunTime:0.001520s ]
INFO: [ app_begin ] --END-- [ RunTime:0.001798s ]
SQL: SHOW COLUMNS FROM `made_category` [ RunTime:0.0022s ]
SQL: SELECT * FROM `made_category` WHERE `index_block` = '2' ORDER BY order_id asc  [ RunTime:0.0005s ]
SQL: SHOW COLUMNS FROM `made_goods` [ RunTime:0.0017s ]
SQL: SELECT a.id,a.goods_name,a.tag,max(b.goods_price) as max_goods_price,min(b.goods_price) as min_goods_price,max(b.discount_price) as max_discount_price,min(b.discount_price) as min_discount_price,max(b.img_src) as img_src FROM made_goods a LEFT JOIN made_goods_number b ON a.id = b.goods_id  WHERE `cat_id` = '5' AND `is_on_sale` = '1' GROUP BY a.id LIMIT 8   [ RunTime:0.0013s ]
SQL: SELECT a.id,a.goods_name,a.tag,max(b.goods_price) as max_goods_price,min(b.goods_price) as min_goods_price,max(b.discount_price) as max_discount_price,min(b.discount_price) as min_discount_price,max(b.img_src) as img_src FROM made_goods a LEFT JOIN made_goods_number b ON a.id = b.goods_id  WHERE `cat_id` = '6' AND `is_on_sale` = '1' GROUP BY a.id LIMIT 8   [ RunTime:0.0005s ]
INFO: [ app_end ] --START--
INFO: Run Behavior\ShowPageTraceBehavior [ RunTime:0.000968s ]
INFO: [ app_end ] --END-- [ RunTime:0.001118s ]

[ 2018-07-11T17:33:52+08:00 ] 127.0.0.1 /jiimadeeee/index.php/Home/index/getBlockInfo?block=4&goodsNum=8
INFO: [ app_init ] --START--
INFO: Run Behavior\BuildLiteBehavior [ RunTime:0.000041s ]
INFO: [ app_init ] --END-- [ RunTime:0.000778s ]
INFO: [ app_begin ] --START--
INFO: Run Behavior\ReadHtmlCacheBehavior [ RunTime:0.000682s ]
INFO: [ app_begin ] --END-- [ RunTime:0.000818s ]
SQL: SHOW COLUMNS FROM `made_category` [ RunTime:0.0006s ]
SQL: SELECT * FROM `made_category` WHERE `index_block` = '4' ORDER BY order_id asc  [ RunTime:0.0003s ]
SQL: SHOW COLUMNS FROM `made_goods` [ RunTime:0.0005s ]
SQL: SELECT a.id,a.goods_name,a.tag,max(b.goods_price) as max_goods_price,min(b.goods_price) as min_goods_price,max(b.discount_price) as max_discount_price,min(b.discount_price) as min_discount_price,max(b.img_src) as img_src FROM made_goods a LEFT JOIN made_goods_number b ON a.id = b.goods_id  WHERE `cat_id` = '7' AND `is_on_sale` = '1' GROUP BY a.id LIMIT 8   [ RunTime:0.0004s ]
SQL: SELECT a.id,a.goods_name,a.tag,max(b.goods_price) as max_goods_price,min(b.goods_price) as min_goods_price,max(b.discount_price) as max_discount_price,min(b.discount_price) as min_discount_price,max(b.img_src) as img_src FROM made_goods a LEFT JOIN made_goods_number b ON a.id = b.goods_id  WHERE `cat_id` = '8' AND `is_on_sale` = '1' GROUP BY a.id LIMIT 8   [ RunTime:0.0003s ]
INFO: [ app_end ] --START--
INFO: Run Behavior\ShowPageTraceBehavior [ RunTime:0.000791s ]
INFO: [ app_end ] --END-- [ RunTime:0.000923s ]

[ 2018-07-11T17:33:52+08:00 ] 127.0.0.1 /jiimadeeee/index.php/Home/index/getCarouselImg
INFO: [ app_init ] --START--
INFO: Run Behavior\BuildLiteBehavior [ RunTime:0.000041s ]
INFO: [ app_init ] --END-- [ RunTime:0.000577s ]
INFO: [ app_begin ] --START--
INFO: Run Behavior\ReadHtmlCacheBehavior [ RunTime:0.001056s ]
INFO: [ app_begin ] --END-- [ RunTime:0.001283s ]
SQL: SHOW COLUMNS FROM `made_carousel` [ RunTime:0.0010s ]
SQL: SELECT * FROM `made_carousel` ORDER BY sort_id asc  [ RunTime:0.0005s ]
INFO: [ app_end ] --START--
INFO: Run Behavior\ShowPageTraceBehavior [ RunTime:0.000905s ]
INFO: [ app_end ] --END-- [ RunTime:0.001107s ]

[ 2018-07-11T17:33:52+08:00 ] 127.0.0.1 /jiimadeeee/index.php/Home/index/getBlockInfo?block=1&goodsNum=8
INFO: [ app_init ] --START--
INFO: Run Behavior\BuildLiteBehavior [ RunTime:0.000045s ]
INFO: [ app_init ] --END-- [ RunTime:0.000765s ]
INFO: [ app_begin ] --START--
INFO: Run Behavior\ReadHtmlCacheBehavior [ RunTime:0.001578s ]
INFO: [ app_begin ] --END-- [ RunTime:0.001849s ]
SQL: SHOW COLUMNS FROM `made_category` [ RunTime:0.0007s ]
SQL: SELECT * FROM `made_category` WHERE `index_block` = '1' ORDER BY order_id asc  [ RunTime:0.0004s ]
SQL: SHOW COLUMNS FROM `made_goods` [ RunTime:0.0007s ]
SQL: SELECT a.id,a.goods_name,a.tag,max(b.goods_price) as max_goods_price,min(b.goods_price) as min_goods_price,max(b.discount_price) as max_discount_price,min(b.discount_price) as min_discount_price,max(b.img_src) as img_src FROM made_goods a LEFT JOIN made_goods_number b ON a.id = b.goods_id  WHERE `cat_id` = '3' AND `is_on_sale` = '1' GROUP BY a.id LIMIT 8   [ RunTime:0.0006s ]
INFO: [ app_end ] --START--
INFO: Run Behavior\ShowPageTraceBehavior [ RunTime:0.001415s ]
INFO: [ app_end ] --END-- [ RunTime:0.001862s ]

[ 2018-07-11T17:33:52+08:00 ] 127.0.0.1 /jiimadeeee/index.php/Home/index/getBlockInfo?block=3&goodsNum=8
INFO: [ app_init ] --START--
INFO: Run Behavior\BuildLiteBehavior [ RunTime:0.000039s ]
INFO: [ app_init ] --END-- [ RunTime:0.000762s ]
INFO: [ app_begin ] --START--
INFO: Run Behavior\ReadHtmlCacheBehavior [ RunTime:0.000923s ]
INFO: [ app_begin ] --END-- [ RunTime:0.001140s ]
SQL: SHOW COLUMNS FROM `made_category` [ RunTime:0.0023s ]
SQL: SELECT * FROM `made_category` WHERE `index_block` = '3' ORDER BY order_id asc  [ RunTime:0.0007s ]
SQL: SHOW COLUMNS FROM `made_goods` [ RunTime:0.0031s ]
SQL: SELECT a.id,a.goods_name,a.tag,max(b.goods_price) as max_goods_price,min(b.goods_price) as min_goods_price,max(b.discount_price) as max_discount_price,min(b.discount_price) as min_discount_price,max(b.img_src) as img_src FROM made_goods a LEFT JOIN made_goods_number b ON a.id = b.goods_id  WHERE `cat_id` = '1' AND `is_on_sale` = '1' GROUP BY a.id LIMIT 8   [ RunTime:0.0022s ]
INFO: [ app_end ] --START--
INFO: Run Behavior\ShowPageTraceBehavior [ RunTime:0.000916s ]
INFO: [ app_end ] --END-- [ RunTime:0.001093s ]

[ 2018-07-11T17:33:52+08:00 ] 127.0.0.1 /jiimadeeee/index.php/Home/index/getArticle?num=5
INFO: [ app_init ] --START--
INFO: Run Behavior\BuildLiteBehavior [ RunTime:0.000039s ]
INFO: [ app_init ] --END-- [ RunTime:0.000739s ]
INFO: [ app_begin ] --START--
INFO: Run Behavior\ReadHtmlCacheBehavior [ RunTime:0.001251s ]
INFO: [ app_begin ] --END-- [ RunTime:0.001571s ]
SQL: SHOW COLUMNS FROM `made_article` [ RunTime:0.0026s ]
SQL: SELECT * FROM `made_article` WHERE `is_index` = '1' ORDER BY sort_id asc LIMIT 5   [ RunTime:0.0006s ]
INFO: [ app_end ] --START--
INFO: Run Behavior\ShowPageTraceBehavior [ RunTime:0.000975s ]
INFO: [ app_end ] --END-- [ RunTime:0.001187s ]

[ 2018-07-11T17:33:52+08:00 ] 127.0.0.1 /jiimadeeee/index.php/Home/index/getBlockInfo?block=2&goodsNum=8
INFO: [ app_init ] --START--
INFO: Run Behavior\BuildLiteBehavior [ RunTime:0.000043s ]
INFO: [ app_init ] --END-- [ RunTime:0.000655s ]
INFO: [ app_begin ] --START--
INFO: Run Behavior\ReadHtmlCacheBehavior [ RunTime:0.000969s ]
INFO: [ app_begin ] --END-- [ RunTime:0.001197s ]
SQL: SHOW COLUMNS FROM `made_category` [ RunTime:0.0010s ]
SQL: SELECT * FROM `made_category` WHERE `index_block` = '2' ORDER BY order_id asc  [ RunTime:0.0007s ]
SQL: SHOW COLUMNS FROM `made_goods` [ RunTime:0.0010s ]
SQL: SELECT a.id,a.goods_name,a.tag,max(b.goods_price) as max_goods_price,min(b.goods_price) as min_goods_price,max(b.discount_price) as max_discount_price,min(b.discount_price) as min_discount_price,max(b.img_src) as img_src FROM made_goods a LEFT JOIN made_goods_number b ON a.id = b.goods_id  WHERE `cat_id` = '5' AND `is_on_sale` = '1' GROUP BY a.id LIMIT 8   [ RunTime:0.0007s ]
SQL: SELECT a.id,a.goods_name,a.tag,max(b.goods_price) as max_goods_price,min(b.goods_price) as min_goods_price,max(b.discount_price) as max_discount_price,min(b.discount_price) as min_discount_price,max(b.img_src) as img_src FROM made_goods a LEFT JOIN made_goods_number b ON a.id = b.goods_id  WHERE `cat_id` = '6' AND `is_on_sale` = '1' GROUP BY a.id LIMIT 8   [ RunTime:0.0007s ]
INFO: [ app_end ] --START--
INFO: Run Behavior\ShowPageTraceBehavior [ RunTime:0.001132s ]
INFO: [ app_end ] --END-- [ RunTime:0.001346s ]

[ 2018-07-11T17:33:52+08:00 ] 127.0.0.1 /jiimadeeee/index.php/Home/index/getBlockInfo?block=4&goodsNum=8
INFO: [ app_init ] --START--
INFO: Run Behavior\BuildLiteBehavior [ RunTime:0.000044s ]
INFO: [ app_init ] --END-- [ RunTime:0.000829s ]
INFO: [ app_begin ] --START--
INFO: Run Behavior\ReadHtmlCacheBehavior [ RunTime:0.000914s ]
INFO: [ app_begin ] --END-- [ RunTime:0.001110s ]
SQL: SHOW COLUMNS FROM `made_category` [ RunTime:0.0009s ]
SQL: SELECT * FROM `made_category` WHERE `index_block` = '4' ORDER BY order_id asc  [ RunTime:0.0007s ]
SQL: SHOW COLUMNS FROM `made_goods` [ RunTime:0.0011s ]
SQL: SELECT a.id,a.goods_name,a.tag,max(b.goods_price) as max_goods_price,min(b.goods_price) as min_goods_price,max(b.discount_price) as max_discount_price,min(b.discount_price) as min_discount_price,max(b.img_src) as img_src FROM made_goods a LEFT JOIN made_goods_number b ON a.id = b.goods_id  WHERE `cat_id` = '7' AND `is_on_sale` = '1' GROUP BY a.id LIMIT 8   [ RunTime:0.0011s ]
SQL: SELECT a.id,a.goods_name,a.tag,max(b.goods_price) as max_goods_price,min(b.goods_price) as min_goods_price,max(b.discount_price) as max_discount_price,min(b.discount_price) as min_discount_price,max(b.img_src) as img_src FROM made_goods a LEFT JOIN made_goods_number b ON a.id = b.goods_id  WHERE `cat_id` = '8' AND `is_on_sale` = '1' GROUP BY a.id LIMIT 8   [ RunTime:0.0010s ]
INFO: [ app_end ] --START--
INFO: Run Behavior\ShowPageTraceBehavior [ RunTime:0.001297s ]
INFO: [ app_end ] --END-- [ RunTime:0.001528s ]

[ 2018-07-11T17:33:52+08:00 ] 127.0.0.1 /jiimadeeee/index.php/home/index/logi?code=021xS8D40mN6eK1fmvF40lS5D40xS8DN
INFO: [ app_init ] --START--
INFO: Run Behavior\BuildLiteBehavior [ RunTime:0.000043s ]
INFO: [ app_init ] --END-- [ RunTime:0.000908s ]
INFO: [ app_begin ] --START--
INFO: Run Behavior\ReadHtmlCacheBehavior [ RunTime:0.000986s ]
INFO: [ app_begin ] --END-- [ RunTime:0.001233s ]
ERR: 非法操作:logi

[ 2018-07-11T17:34:10+08:00 ] 127.0.0.1 /jiimadeeee/index.php/home/index/login/code/021xS8D40mN6eK1fmvF40lS5D40xS8DN/id/1
INFO: [ app_init ] --START--
INFO: Run Behavior\BuildLiteBehavior [ RunTime:0.000025s ]
INFO: [ app_init ] --END-- [ RunTime:0.000402s ]
INFO: [ app_begin ] --START--
INFO: Run Behavior\ReadHtmlCacheBehavior [ RunTime:0.000555s ]
INFO: [ app_begin ] --END-- [ RunTime:0.000679s ]
SQL: SHOW COLUMNS FROM `made_user` [ RunTime:0.0014s ]
SQL: SELECT `id` FROM `made_user` WHERE `openid` = 'ojUv941YOJMStCvC71fzUK4iqE8g' LIMIT 1   [ RunTime:0.0006s ]
SQL: INSERT INTO `made_user` (`openid`,`thr_session`,`session_key`,`add_time`) VALUES ('ojUv941YOJMStCvC71fzUK4iqE8g','cb2396c0748be5e8e2cfaf75d623ccc5','Q9RodAOvJoDFtuFbOe49BA==','1531301650') [ RunTime:0.0027s ]
NOTIC: [2] fopen(./lockOrd.text): failed to open stream: No such file or directory D:\wamp\wamp64\www\jiimadeeee\Application\Admin\Model\UserModel.class.php 第 50 行.
NOTIC: [2] flock() expects parameter 1 to be resource, boolean given D:\wamp\wamp64\www\jiimadeeee\Application\Admin\Model\UserModel.class.php 第 51 行.
SQL: SHOW COLUMNS FROM `made_integration` [ RunTime:0.0025s ]
SQL: SELECT * FROM `made_integration` WHERE `id` = 1 LIMIT 1   [ RunTime:0.0004s ]
SQL: UPDATE `made_integration` SET `integration`='1' WHERE `id` = 1 [ RunTime:0.0013s ]
NOTIC: [2] flock() expects parameter 1 to be resource, boolean given D:\wamp\wamp64\www\jiimadeeee\Application\Admin\Model\UserModel.class.php 第 60 行.
NOTIC: [2] fclose() expects parameter 1 to be resource, boolean given D:\wamp\wamp64\www\jiimadeeee\Application\Admin\Model\UserModel.class.php 第 61 行.
INFO: [ app_end ] --START--
INFO: Run Behavior\ShowPageTraceBehavior [ RunTime:0.001252s ]
INFO: [ app_end ] --END-- [ RunTime:0.001488s ]

[ 2018-07-11T17:35:18+08:00 ] 127.0.0.1 /jiimadeeee/index.php/Home/index/getArticle?num=5
INFO: [ app_init ] --START--
INFO: Run Behavior\BuildLiteBehavior [ RunTime:0.000026s ]
INFO: [ app_init ] --END-- [ RunTime:0.000423s ]
INFO: [ app_begin ] --START--
INFO: Run Behavior\ReadHtmlCacheBehavior [ RunTime:0.000548s ]
INFO: [ app_begin ] --END-- [ RunTime:0.000671s ]
SQL: SHOW COLUMNS FROM `made_article` [ RunTime:0.0015s ]
SQL: SELECT * FROM `made_article` WHERE `is_index` = '1' ORDER BY sort_id asc LIMIT 5   [ RunTime:0.0006s ]
INFO: [ app_end ] --START--
INFO: Run Behavior\ShowPageTraceBehavior [ RunTime:0.000709s ]
INFO: [ app_end ] --END-- [ RunTime:0.000849s ]

[ 2018-07-11T17:35:18+08:00 ] 127.0.0.1 /jiimadeeee/index.php/Home/index/getCarouselImg
INFO: [ app_init ] --START--
INFO: Run Behavior\BuildLiteBehavior [ RunTime:0.000026s ]
INFO: [ app_init ] --END-- [ RunTime:0.000425s ]
INFO: [ app_begin ] --START--
INFO: Run Behavior\ReadHtmlCacheBehavior [ RunTime:0.000614s ]
INFO: [ app_begin ] --END-- [ RunTime:0.000741s ]
SQL: SHOW COLUMNS FROM `made_carousel` [ RunTime:0.0020s ]
SQL: SELECT * FROM `made_carousel` ORDER BY sort_id asc  [ RunTime:0.0005s ]
INFO: [ app_end ] --START--
INFO: Run Behavior\ShowPageTraceBehavior [ RunTime:0.001827s ]
INFO: [ app_end ] --END-- [ RunTime:0.002174s ]

[ 2018-07-11T17:35:18+08:00 ] 127.0.0.1 /jiimadeeee/index.php/Home/index/getBlockInfo?block=1&goodsNum=8
INFO: [ app_init ] --START--
INFO: Run Behavior\BuildLiteBehavior [ RunTime:0.000023s ]
INFO: [ app_init ] --END-- [ RunTime:0.000426s ]
INFO: [ app_begin ] --START--
INFO: Run Behavior\ReadHtmlCacheBehavior [ RunTime:0.000593s ]
INFO: [ app_begin ] --END-- [ RunTime:0.000713s ]
SQL: SHOW COLUMNS FROM `made_category` [ RunTime:0.0007s ]
SQL: SELECT * FROM `made_category` WHERE `index_block` = '1' ORDER BY order_id asc  [ RunTime:0.0004s ]
SQL: SHOW COLUMNS FROM `made_goods` [ RunTime:0.0007s ]
SQL: SELECT a.id,a.goods_name,a.tag,max(b.goods_price) as max_goods_price,min(b.goods_price) as min_goods_price,max(b.discount_price) as max_discount_price,min(b.discount_price) as min_discount_price,max(b.img_src) as img_src FROM made_goods a LEFT JOIN made_goods_number b ON a.id = b.goods_id  WHERE `cat_id` = '3' AND `is_on_sale` = '1' GROUP BY a.id LIMIT 8   [ RunTime:0.0005s ]
INFO: [ app_end ] --START--
INFO: Run Behavior\ShowPageTraceBehavior [ RunTime:0.000796s ]
INFO: [ app_end ] --END-- [ RunTime:0.000916s ]

[ 2018-07-11T17:35:18+08:00 ] 127.0.0.1 /jiimadeeee/index.php/Home/index/getBlockInfo?block=3&goodsNum=8
INFO: [ app_init ] --START--
INFO: Run Behavior\BuildLiteBehavior [ RunTime:0.000026s ]
INFO: [ app_init ] --END-- [ RunTime:0.000619s ]
INFO: [ app_begin ] --START--
INFO: Run Behavior\ReadHtmlCacheBehavior [ RunTime:0.000698s ]
INFO: [ app_begin ] --END-- [ RunTime:0.000866s ]
SQL: SHOW COLUMNS FROM `made_category` [ RunTime:0.0008s ]
SQL: SELECT * FROM `made_category` WHERE `index_block` = '3' ORDER BY order_id asc  [ RunTime:0.0004s ]
SQL: SHOW COLUMNS FROM `made_goods` [ RunTime:0.0007s ]
SQL: SELECT a.id,a.goods_name,a.tag,max(b.goods_price) as max_goods_price,min(b.goods_price) as min_goods_price,max(b.discount_price) as max_discount_price,min(b.discount_price) as min_discount_price,max(b.img_src) as img_src FROM made_goods a LEFT JOIN made_goods_number b ON a.id = b.goods_id  WHERE `cat_id` = '1' AND `is_on_sale` = '1' GROUP BY a.id LIMIT 8   [ RunTime:0.0008s ]
INFO: [ app_end ] --START--
INFO: Run Behavior\ShowPageTraceBehavior [ RunTime:0.001697s ]
INFO: [ app_end ] --END-- [ RunTime:0.001917s ]

[ 2018-07-11T17:35:18+08:00 ] 127.0.0.1 /jiimadeeee/index.php/Home/index/getCarouselImg
INFO: [ app_init ] --START--
INFO: Run Behavior\BuildLiteBehavior [ RunTime:0.000035s ]
INFO: [ app_init ] --END-- [ RunTime:0.000551s ]
INFO: [ app_begin ] --START--
INFO: Run Behavior\ReadHtmlCacheBehavior [ RunTime:0.000794s ]
INFO: [ app_begin ] --END-- [ RunTime:0.001019s ]
SQL: SHOW COLUMNS FROM `made_carousel` [ RunTime:0.0021s ]
SQL: SELECT * FROM `made_carousel` ORDER BY sort_id asc  [ RunTime:0.0005s ]
INFO: [ app_end ] --START--
INFO: Run Behavior\ShowPageTraceBehavior [ RunTime:0.000835s ]
INFO: [ app_end ] --END-- [ RunTime:0.001021s ]

[ 2018-07-11T17:35:18+08:00 ] 127.0.0.1 /jiimadeeee/index.php/Home/index/getBlockInfo?block=4&goodsNum=8
INFO: [ app_init ] --START--
INFO: Run Behavior\BuildLiteBehavior [ RunTime:0.000043s ]
INFO: [ app_init ] --END-- [ RunTime:0.000725s ]
INFO: [ app_begin ] --START--
INFO: Run Behavior\ReadHtmlCacheBehavior [ RunTime:0.001189s ]
INFO: [ app_begin ] --END-- [ RunTime:0.001481s ]
SQL: SHOW COLUMNS FROM `made_category` [ RunTime:0.0009s ]
SQL: SELECT * FROM `made_category` WHERE `index_block` = '4' ORDER BY order_id asc  [ RunTime:0.0007s ]
SQL: SHOW COLUMNS FROM `made_goods` [ RunTime:0.0010s ]
SQL: SELECT a.id,a.goods_name,a.tag,max(b.goods_price) as max_goods_price,min(b.goods_price) as min_goods_price,max(b.discount_price) as max_discount_price,min(b.discount_price) as min_discount_price,max(b.img_src) as img_src FROM made_goods a LEFT JOIN made_goods_number b ON a.id = b.goods_id  WHERE `cat_id` = '7' AND `is_on_sale` = '1' GROUP BY a.id LIMIT 8   [ RunTime:0.0007s ]
SQL: SELECT a.id,a.goods_name,a.tag,max(b.goods_price) as max_goods_price,min(b.goods_price) as min_goods_price,max(b.discount_price) as max_discount_price,min(b.discount_price) as min_discount_price,max(b.img_src) as img_src FROM made_goods a LEFT JOIN made_goods_number b ON a.id = b.goods_id  WHERE `cat_id` = '8' AND `is_on_sale` = '1' GROUP BY a.id LIMIT 8   [ RunTime:0.0007s ]
INFO: [ app_end ] --START--
INFO: Run Behavior\ShowPageTraceBehavior [ RunTime:0.001124s ]
INFO: [ app_end ] --END-- [ RunTime:0.001347s ]

[ 2018-07-11T17:35:18+08:00 ] 127.0.0.1 /jiimadeeee/index.php/Home/index/getBlockInfo?block=2&goodsNum=8
INFO: [ app_init ] --START--
INFO: Run Behavior\BuildLiteBehavior [ RunTime:0.000044s ]
INFO: [ app_init ] --END-- [ RunTime:0.000663s ]
INFO: [ app_begin ] --START--
INFO: Run Behavior\ReadHtmlCacheBehavior [ RunTime:0.001621s ]
INFO: [ app_begin ] --END-- [ RunTime:0.001871s ]
SQL: SHOW COLUMNS FROM `made_category` [ RunTime:0.0011s ]
SQL: SELECT * FROM `made_category` WHERE `index_block` = '2' ORDER BY order_id asc  [ RunTime:0.0006s ]
SQL: SHOW COLUMNS FROM `made_goods` [ RunTime:0.0013s ]
SQL: SELECT a.id,a.goods_name,a.tag,max(b.goods_price) as max_goods_price,min(b.goods_price) as min_goods_price,max(b.discount_price) as max_discount_price,min(b.discount_price) as min_discount_price,max(b.img_src) as img_src FROM made_goods a LEFT JOIN made_goods_number b ON a.id = b.goods_id  WHERE `cat_id` = '5' AND `is_on_sale` = '1' GROUP BY a.id LIMIT 8   [ RunTime:0.0009s ]
SQL: SELECT a.id,a.goods_name,a.tag,max(b.goods_price) as max_goods_price,min(b.goods_price) as min_goods_price,max(b.discount_price) as max_discount_price,min(b.discount_price) as min_discount_price,max(b.img_src) as img_src FROM made_goods a LEFT JOIN made_goods_number b ON a.id = b.goods_id  WHERE `cat_id` = '6' AND `is_on_sale` = '1' GROUP BY a.id LIMIT 8   [ RunTime:0.0008s ]
INFO: [ app_end ] --START--
INFO: Run Behavior\ShowPageTraceBehavior [ RunTime:0.000965s ]
INFO: [ app_end ] --END-- [ RunTime:0.001194s ]

[ 2018-07-11T17:35:18+08:00 ] 127.0.0.1 /jiimadeeee/index.php/Home/index/getArticle?num=5
INFO: [ app_init ] --START--
INFO: Run Behavior\BuildLiteBehavior [ RunTime:0.000041s ]
INFO: [ app_init ] --END-- [ RunTime:0.000669s ]
INFO: [ app_begin ] --START--
INFO: Run Behavior\ReadHtmlCacheBehavior [ RunTime:0.000888s ]
INFO: [ app_begin ] --END-- [ RunTime:0.001117s ]
SQL: SHOW COLUMNS FROM `made_article` [ RunTime:0.0009s ]
SQL: SELECT * FROM `made_article` WHERE `is_index` = '1' ORDER BY sort_id asc LIMIT 5   [ RunTime:0.0007s ]
INFO: [ app_end ] --START--
INFO: Run Behavior\ShowPageTraceBehavior [ RunTime:0.001183s ]
INFO: [ app_end ] --END-- [ RunTime:0.001443s ]

[ 2018-07-11T17:35:18+08:00 ] 127.0.0.1 /jiimadeeee/index.php/Home/index/getBlockInfo?block=1&goodsNum=8
INFO: [ app_init ] --START--
INFO: Run Behavior\BuildLiteBehavior [ RunTime:0.000039s ]
INFO: [ app_init ] --END-- [ RunTime:0.000643s ]
INFO: [ app_begin ] --START--
INFO: Run Behavior\ReadHtmlCacheBehavior [ RunTime:0.001047s ]
INFO: [ app_begin ] --END-- [ RunTime:0.001269s ]
SQL: SHOW COLUMNS FROM `made_category` [ RunTime:0.0009s ]
SQL: SELECT * FROM `made_category` WHERE `index_block` = '1' ORDER BY order_id asc  [ RunTime:0.0007s ]
SQL: SHOW COLUMNS FROM `made_goods` [ RunTime:0.0011s ]
SQL: SELECT a.id,a.goods_name,a.tag,max(b.goods_price) as max_goods_price,min(b.goods_price) as min_goods_price,max(b.discount_price) as max_discount_price,min(b.discount_price) as min_discount_price,max(b.img_src) as img_src FROM made_goods a LEFT JOIN made_goods_number b ON a.id = b.goods_id  WHERE `cat_id` = '3' AND `is_on_sale` = '1' GROUP BY a.id LIMIT 8   [ RunTime:0.0010s ]
INFO: [ app_end ] --START--
INFO: Run Behavior\ShowPageTraceBehavior [ RunTime:0.001513s ]
INFO: [ app_end ] --END-- [ RunTime:0.001777s ]

[ 2018-07-11T17:35:18+08:00 ] 127.0.0.1 /jiimadeeee/index.php/Home/index/getBlockInfo?block=3&goodsNum=8
INFO: [ app_init ] --START--
INFO: Run Behavior\BuildLiteBehavior [ RunTime:0.000047s ]
INFO: [ app_init ] --END-- [ RunTime:0.000651s ]
INFO: [ app_begin ] --START--
INFO: Run Behavior\ReadHtmlCacheBehavior [ RunTime:0.001049s ]
INFO: [ app_begin ] --END-- [ RunTime:0.001384s ]
SQL: SHOW COLUMNS FROM `made_category` [ RunTime:0.0011s ]
SQL: SELECT * FROM `made_category` WHERE `index_block` = '3' ORDER BY order_id asc  [ RunTime:0.0009s ]
SQL: SHOW COLUMNS FROM `made_goods` [ RunTime:0.0011s ]
SQL: SELECT a.id,a.goods_name,a.tag,max(b.goods_price) as max_goods_price,min(b.goods_price) as min_goods_price,max(b.discount_price) as max_discount_price,min(b.discount_price) as min_discount_price,max(b.img_src) as img_src FROM made_goods a LEFT JOIN made_goods_number b ON a.id = b.goods_id  WHERE `cat_id` = '1' AND `is_on_sale` = '1' GROUP BY a.id LIMIT 8   [ RunTime:0.0010s ]
INFO: [ app_end ] --START--
INFO: Run Behavior\ShowPageTraceBehavior [ RunTime:0.001237s ]
INFO: [ app_end ] --END-- [ RunTime:0.001456s ]

[ 2018-07-11T17:35:18+08:00 ] 127.0.0.1 /jiimadeeee/index.php/home/index/logi?code=061HVYqO1jmGS11I7CrO1AgSqO1HVYqU
INFO: [ app_init ] --START--
INFO: Run Behavior\BuildLiteBehavior [ RunTime:0.000128s ]
INFO: [ app_init ] --END-- [ RunTime:0.001445s ]
INFO: [ app_begin ] --START--
INFO: Run Behavior\ReadHtmlCacheBehavior [ RunTime:0.000867s ]
INFO: [ app_begin ] --END-- [ RunTime:0.001096s ]
ERR: 非法操作:logi

[ 2018-07-11T17:35:18+08:00 ] 127.0.0.1 /jiimadeeee/index.php/Home/index/getBlockInfo?block=2&goodsNum=8
INFO: [ app_init ] --START--
INFO: Run Behavior\BuildLiteBehavior [ RunTime:0.000058s ]
INFO: [ app_init ] --END-- [ RunTime:0.001007s ]
INFO: [ app_begin ] --START--
INFO: Run Behavior\ReadHtmlCacheBehavior [ RunTime:0.001422s ]
INFO: [ app_begin ] --END-- [ RunTime:0.001757s ]
SQL: SHOW COLUMNS FROM `made_category` [ RunTime:0.0008s ]
SQL: SELECT * FROM `made_category` WHERE `index_block` = '2' ORDER BY order_id asc  [ RunTime:0.0006s ]
SQL: SHOW COLUMNS FROM `made_goods` [ RunTime:0.0010s ]
SQL: SELECT a.id,a.goods_name,a.tag,max(b.goods_price) as max_goods_price,min(b.goods_price) as min_goods_price,max(b.discount_price) as max_discount_price,min(b.discount_price) as min_discount_price,max(b.img_src) as img_src FROM made_goods a LEFT JOIN made_goods_number b ON a.id = b.goods_id  WHERE `cat_id` = '5' AND `is_on_sale` = '1' GROUP BY a.id LIMIT 8   [ RunTime:0.0009s ]
SQL: SELECT a.id,a.goods_name,a.tag,max(b.goods_price) as max_goods_price,min(b.goods_price) as min_goods_price,max(b.discount_price) as max_discount_price,min(b.discount_price) as min_discount_price,max(b.img_src) as img_src FROM made_goods a LEFT JOIN made_goods_number b ON a.id = b.goods_id  WHERE `cat_id` = '6' AND `is_on_sale` = '1' GROUP BY a.id LIMIT 8   [ RunTime:0.0007s ]
INFO: [ app_end ] --START--
INFO: Run Behavior\ShowPageTraceBehavior [ RunTime:0.001536s ]
INFO: [ app_end ] --END-- [ RunTime:0.001783s ]

[ 2018-07-11T17:35:18+08:00 ] 127.0.0.1 /jiimadeeee/index.php/Home/index/getBlockInfo?block=4&goodsNum=8
INFO: [ app_init ] --START--
INFO: Run Behavior\BuildLiteBehavior [ RunTime:0.000051s ]
INFO: [ app_init ] --END-- [ RunTime:0.000920s ]
INFO: [ app_begin ] --START--
INFO: Run Behavior\ReadHtmlCacheBehavior [ RunTime:0.001159s ]
INFO: [ app_begin ] --END-- [ RunTime:0.001421s ]
SQL: SHOW COLUMNS FROM `made_category` [ RunTime:0.0008s ]
SQL: SELECT * FROM `made_category` WHERE `index_block` = '4' ORDER BY order_id asc  [ RunTime:0.0006s ]
SQL: SHOW COLUMNS FROM `made_goods` [ RunTime:0.0009s ]
SQL: SELECT a.id,a.goods_name,a.tag,max(b.goods_price) as max_goods_price,min(b.goods_price) as min_goods_price,max(b.discount_price) as max_discount_price,min(b.discount_price) as min_discount_price,max(b.img_src) as img_src FROM made_goods a LEFT JOIN made_goods_number b ON a.id = b.goods_id  WHERE `cat_id` = '7' AND `is_on_sale` = '1' GROUP BY a.id LIMIT 8   [ RunTime:0.0007s ]
SQL: SELECT a.id,a.goods_name,a.tag,max(b.goods_price) as max_goods_price,min(b.goods_price) as min_goods_price,max(b.discount_price) as max_discount_price,min(b.discount_price) as min_discount_price,max(b.img_src) as img_src FROM made_goods a LEFT JOIN made_goods_number b ON a.id = b.goods_id  WHERE `cat_id` = '8' AND `is_on_sale` = '1' GROUP BY a.id LIMIT 8   [ RunTime:0.0008s ]
INFO: [ app_end ] --START--
INFO: Run Behavior\ShowPageTraceBehavior [ RunTime:0.001234s ]
INFO: [ app_end ] --END-- [ RunTime:0.001546s ]

[ 2018-07-11T17:35:36+08:00 ] 127.0.0.1 /jiimadeeee/index.php/home/index/login/code/061HVYqO1jmGS11I7CrO1AgSqO1HVYqU/id/1
INFO: [ app_init ] --START--
INFO: Run Behavior\BuildLiteBehavior [ RunTime:0.000024s ]
INFO: [ app_init ] --END-- [ RunTime:0.000393s ]
INFO: [ app_begin ] --START--
INFO: Run Behavior\ReadHtmlCacheBehavior [ RunTime:0.000520s ]
INFO: [ app_begin ] --END-- [ RunTime:0.000645s ]
SQL: SHOW COLUMNS FROM `made_user` [ RunTime:0.0014s ]
SQL: SELECT `id` FROM `made_user` WHERE `openid` = 'ojUv941YOJMStCvC71fzUK4iqE8g' LIMIT 1   [ RunTime:0.0006s ]
SQL: INSERT INTO `made_user` (`openid`,`thr_session`,`session_key`,`add_time`) VALUES ('ojUv941YOJMStCvC71fzUK4iqE8g','c618407a0f455ed16b4c315219e3a8e4','y3mfCVIsL7D0JRRJWPElng==','1531301736') [ RunTime:0.0023s ]
NOTIC: [2] fopen(./lockOrd.text): failed to open stream: No such file or directory D:\wamp\wamp64\www\jiimadeeee\Application\Admin\Model\UserModel.class.php 第 51 行.
NOTIC: [2] flock() expects parameter 1 to be resource, boolean given D:\wamp\wamp64\www\jiimadeeee\Application\Admin\Model\UserModel.class.php 第 52 行.
SQL: SHOW COLUMNS FROM `made_integration` [ RunTime:0.0009s ]
SQL: SELECT * FROM `made_integration` WHERE `id` = 1 LIMIT 1   [ RunTime:0.0004s ]
SQL: UPDATE `made_integration` SET `integration`='1' WHERE `id` = 1 [ RunTime:0.0003s ]
NOTIC: [2] flock() expects parameter 1 to be resource, boolean given D:\wamp\wamp64\www\jiimadeeee\Application\Admin\Model\UserModel.class.php 第 61 行.
NOTIC: [2] fclose() expects parameter 1 to be resource, boolean given D:\wamp\wamp64\www\jiimadeeee\Application\Admin\Model\UserModel.class.php 第 62 行.
INFO: [ app_end ] --START--
INFO: Run Behavior\ShowPageTraceBehavior [ RunTime:0.000761s ]
INFO: [ app_end ] --END-- [ RunTime:0.000890s ]

[ 2018-07-11T17:36:52+08:00 ] 127.0.0.1 /jiimadeeee/index.php/Home/index/getCarouselImg
INFO: [ app_init ] --START--
INFO: Run Behavior\BuildLiteBehavior [ RunTime:0.000031s ]
INFO: [ app_init ] --END-- [ RunTime:0.000478s ]
INFO: [ app_begin ] --START--
INFO: Run Behavior\ReadHtmlCacheBehavior [ RunTime:0.000700s ]
INFO: [ app_begin ] --END-- [ RunTime:0.000842s ]
SQL: SHOW COLUMNS FROM `made_carousel` [ RunTime:0.0008s ]
SQL: SELECT * FROM `made_carousel` ORDER BY sort_id asc  [ RunTime:0.0003s ]
INFO: [ app_end ] --START--
INFO: Run Behavior\ShowPageTraceBehavior [ RunTime:0.000864s ]
INFO: [ app_end ] --END-- [ RunTime:0.001020s ]

[ 2018-07-11T17:36:52+08:00 ] 127.0.0.1 /jiimadeeee/index.php/Home/index/getBlockInfo?block=1&goodsNum=8
INFO: [ app_init ] --START--
INFO: Run Behavior\BuildLiteBehavior [ RunTime:0.000039s ]
INFO: [ app_init ] --END-- [ RunTime:0.000601s ]
INFO: [ app_begin ] --START--
INFO: Run Behavior\ReadHtmlCacheBehavior [ RunTime:0.000859s ]
INFO: [ app_begin ] --END-- [ RunTime:0.001064s ]
SQL: SHOW COLUMNS FROM `made_category` [ RunTime:0.0011s ]
SQL: SELECT * FROM `made_category` WHERE `index_block` = '1' ORDER BY order_id asc  [ RunTime:0.0006s ]
SQL: SHOW COLUMNS FROM `made_goods` [ RunTime:0.0009s ]
SQL: SELECT a.id,a.goods_name,a.tag,max(b.goods_price) as max_goods_price,min(b.goods_price) as min_goods_price,max(b.discount_price) as max_discount_price,min(b.discount_price) as min_discount_price,max(b.img_src) as img_src FROM made_goods a LEFT JOIN made_goods_number b ON a.id = b.goods_id  WHERE `cat_id` = '3' AND `is_on_sale` = '1' GROUP BY a.id LIMIT 8   [ RunTime:0.0008s ]
INFO: [ app_end ] --START--
INFO: Run Behavior\ShowPageTraceBehavior [ RunTime:0.001130s ]
INFO: [ app_end ] --END-- [ RunTime:0.001367s ]

[ 2018-07-11T17:36:52+08:00 ] 127.0.0.1 /jiimadeeee/index.php/Home/index/getArticle?num=5
INFO: [ app_init ] --START--
INFO: Run Behavior\BuildLiteBehavior [ RunTime:0.000042s ]
INFO: [ app_init ] --END-- [ RunTime:0.000702s ]
INFO: [ app_begin ] --START--
INFO: Run Behavior\ReadHtmlCacheBehavior [ RunTime:0.001105s ]
INFO: [ app_begin ] --END-- [ RunTime:0.001340s ]
SQL: SHOW COLUMNS FROM `made_article` [ RunTime:0.0007s ]
SQL: SELECT * FROM `made_article` WHERE `is_index` = '1' ORDER BY sort_id asc LIMIT 5   [ RunTime:0.0003s ]
INFO: [ app_end ] --START--
INFO: Run Behavior\ShowPageTraceBehavior [ RunTime:0.001006s ]
INFO: [ app_end ] --END-- [ RunTime:0.001201s ]

[ 2018-07-11T17:36:52+08:00 ] 127.0.0.1 /jiimadeeee/index.php/Home/index/getBlockInfo?block=3&goodsNum=8
INFO: [ app_init ] --START--
INFO: Run Behavior\BuildLiteBehavior [ RunTime:0.000037s ]
INFO: [ app_init ] --END-- [ RunTime:0.000593s ]
INFO: [ app_begin ] --START--
INFO: Run Behavior\ReadHtmlCacheBehavior [ RunTime:0.000863s ]
INFO: [ app_begin ] --END-- [ RunTime:0.001074s ]
SQL: SHOW COLUMNS FROM `made_category` [ RunTime:0.0007s ]
SQL: SELECT * FROM `made_category` WHERE `index_block` = '3' ORDER BY order_id asc  [ RunTime:0.0004s ]
SQL: SHOW COLUMNS FROM `made_goods` [ RunTime:0.0008s ]
SQL: SELECT a.id,a.goods_name,a.tag,max(b.goods_price) as max_goods_price,min(b.goods_price) as min_goods_price,max(b.discount_price) as max_discount_price,min(b.discount_price) as min_discount_price,max(b.img_src) as img_src FROM made_goods a LEFT JOIN made_goods_number b ON a.id = b.goods_id  WHERE `cat_id` = '1' AND `is_on_sale` = '1' GROUP BY a.id LIMIT 8   [ RunTime:0.0008s ]
INFO: [ app_end ] --START--
INFO: Run Behavior\ShowPageTraceBehavior [ RunTime:0.001283s ]
INFO: [ app_end ] --END-- [ RunTime:0.001452s ]

[ 2018-07-11T17:36:52+08:00 ] 127.0.0.1 /jiimadeeee/index.php/Home/index/getBlockInfo?block=2&goodsNum=8
INFO: [ app_init ] --START--
INFO: Run Behavior\BuildLiteBehavior [ RunTime:0.000037s ]
INFO: [ app_init ] --END-- [ RunTime:0.000618s ]
INFO: [ app_begin ] --START--
INFO: Run Behavior\ReadHtmlCacheBehavior [ RunTime:0.000895s ]
INFO: [ app_begin ] --END-- [ RunTime:0.001098s ]
SQL: SHOW COLUMNS FROM `made_category` [ RunTime:0.0008s ]
SQL: SELECT * FROM `made_category` WHERE `index_block` = '2' ORDER BY order_id asc  [ RunTime:0.0005s ]
SQL: SHOW COLUMNS FROM `made_goods` [ RunTime:0.0007s ]
SQL: SELECT a.id,a.goods_name,a.tag,max(b.goods_price) as max_goods_price,min(b.goods_price) as min_goods_price,max(b.discount_price) as max_discount_price,min(b.discount_price) as min_discount_price,max(b.img_src) as img_src FROM made_goods a LEFT JOIN made_goods_number b ON a.id = b.goods_id  WHERE `cat_id` = '5' AND `is_on_sale` = '1' GROUP BY a.id LIMIT 8   [ RunTime:0.0007s ]
SQL: SELECT a.id,a.goods_name,a.tag,max(b.goods_price) as max_goods_price,min(b.goods_price) as min_goods_price,max(b.discount_price) as max_discount_price,min(b.discount_price) as min_discount_price,max(b.img_src) as img_src FROM made_goods a LEFT JOIN made_goods_number b ON a.id = b.goods_id  WHERE `cat_id` = '6' AND `is_on_sale` = '1' GROUP BY a.id LIMIT 8   [ RunTime:0.0006s ]
INFO: [ app_end ] --START--
INFO: Run Behavior\ShowPageTraceBehavior [ RunTime:0.000797s ]
INFO: [ app_end ] --END-- [ RunTime:0.000912s ]

[ 2018-07-11T17:36:52+08:00 ] 127.0.0.1 /jiimadeeee/index.php/Home/index/getBlockInfo?block=4&goodsNum=8
INFO: [ app_init ] --START--
INFO: Run Behavior\BuildLiteBehavior [ RunTime:0.000042s ]
INFO: [ app_init ] --END-- [ RunTime:0.000713s ]
INFO: [ app_begin ] --START--
INFO: Run Behavior\ReadHtmlCacheBehavior [ RunTime:0.001176s ]
INFO: [ app_begin ] --END-- [ RunTime:0.001454s ]
SQL: SHOW COLUMNS FROM `made_category` [ RunTime:0.0007s ]
SQL: SELECT * FROM `made_category` WHERE `index_block` = '4' ORDER BY order_id asc  [ RunTime:0.0003s ]
SQL: SHOW COLUMNS FROM `made_goods` [ RunTime:0.0005s ]
SQL: SELECT a.id,a.goods_name,a.tag,max(b.goods_price) as max_goods_price,min(b.goods_price) as min_goods_price,max(b.discount_price) as max_discount_price,min(b.discount_price) as min_discount_price,max(b.img_src) as img_src FROM made_goods a LEFT JOIN made_goods_number b ON a.id = b.goods_id  WHERE `cat_id` = '7' AND `is_on_sale` = '1' GROUP BY a.id LIMIT 8   [ RunTime:0.0003s ]
SQL: SELECT a.id,a.goods_name,a.tag,max(b.goods_price) as max_goods_price,min(b.goods_price) as min_goods_price,max(b.discount_price) as max_discount_price,min(b.discount_price) as min_discount_price,max(b.img_src) as img_src FROM made_goods a LEFT JOIN made_goods_number b ON a.id = b.goods_id  WHERE `cat_id` = '8' AND `is_on_sale` = '1' GROUP BY a.id LIMIT 8   [ RunTime:0.0005s ]
INFO: [ app_end ] --START--
INFO: Run Behavior\ShowPageTraceBehavior [ RunTime:0.001610s ]
INFO: [ app_end ] --END-- [ RunTime:0.001820s ]

[ 2018-07-11T17:36:52+08:00 ] 127.0.0.1 /jiimadeeee/index.php/Home/index/getCarouselImg
INFO: [ app_init ] --START--
INFO: Run Behavior\BuildLiteBehavior [ RunTime:0.000053s ]
INFO: [ app_init ] --END-- [ RunTime:0.000853s ]
INFO: [ app_begin ] --START--
INFO: Run Behavior\ReadHtmlCacheBehavior [ RunTime:0.001274s ]
INFO: [ app_begin ] --END-- [ RunTime:0.001574s ]
SQL: SHOW COLUMNS FROM `made_carousel` [ RunTime:0.0027s ]
SQL: SELECT * FROM `made_carousel` ORDER BY sort_id asc  [ RunTime:0.0007s ]
INFO: [ app_end ] --START--
INFO: Run Behavior\ShowPageTraceBehavior [ RunTime:0.001334s ]
INFO: [ app_end ] --END-- [ RunTime:0.001580s ]

[ 2018-07-11T17:36:52+08:00 ] 127.0.0.1 /jiimadeeee/index.php/Home/index/getArticle?num=5
INFO: [ app_init ] --START--
INFO: Run Behavior\BuildLiteBehavior [ RunTime:0.000042s ]
INFO: [ app_init ] --END-- [ RunTime:0.000914s ]
INFO: [ app_begin ] --START--
INFO: Run Behavior\ReadHtmlCacheBehavior [ RunTime:0.001235s ]
INFO: [ app_begin ] --END-- [ RunTime:0.001507s ]
SQL: SHOW COLUMNS FROM `made_article` [ RunTime:0.0009s ]
SQL: SELECT * FROM `made_article` WHERE `is_index` = '1' ORDER BY sort_id asc LIMIT 5   [ RunTime:0.0005s ]
INFO: [ app_end ] --START--
INFO: Run Behavior\ShowPageTraceBehavior [ RunTime:0.000840s ]
INFO: [ app_end ] --END-- [ RunTime:0.001013s ]

[ 2018-07-11T17:36:52+08:00 ] 127.0.0.1 /jiimadeeee/index.php/Home/index/getBlockInfo?block=1&goodsNum=8
INFO: [ app_init ] --START--
INFO: Run Behavior\BuildLiteBehavior [ RunTime:0.000068s ]
INFO: [ app_init ] --END-- [ RunTime:0.000778s ]
INFO: [ app_begin ] --START--
INFO: Run Behavior\ReadHtmlCacheBehavior [ RunTime:0.001068s ]
INFO: [ app_begin ] --END-- [ RunTime:0.001321s ]
SQL: SHOW COLUMNS FROM `made_category` [ RunTime:0.0007s ]
SQL: SELECT * FROM `made_category` WHERE `index_block` = '1' ORDER BY order_id asc  [ RunTime:0.0007s ]
SQL: SHOW COLUMNS FROM `made_goods` [ RunTime:0.0010s ]
SQL: SELECT a.id,a.goods_name,a.tag,max(b.goods_price) as max_goods_price,min(b.goods_price) as min_goods_price,max(b.discount_price) as max_discount_price,min(b.discount_price) as min_discount_price,max(b.img_src) as img_src FROM made_goods a LEFT JOIN made_goods_number b ON a.id = b.goods_id  WHERE `cat_id` = '3' AND `is_on_sale` = '1' GROUP BY a.id LIMIT 8   [ RunTime:0.0009s ]
INFO: [ app_end ] --START--
INFO: Run Behavior\ShowPageTraceBehavior [ RunTime:0.001270s ]
INFO: [ app_end ] --END-- [ RunTime:0.001501s ]

[ 2018-07-11T17:36:52+08:00 ] 127.0.0.1 /jiimadeeee/index.php/Home/index/getBlockInfo?block=3&goodsNum=8
INFO: [ app_init ] --START--
INFO: Run Behavior\BuildLiteBehavior [ RunTime:0.000051s ]
INFO: [ app_init ] --END-- [ RunTime:0.001093s ]
INFO: [ app_begin ] --START--
INFO: Run Behavior\ReadHtmlCacheBehavior [ RunTime:0.001309s ]
INFO: [ app_begin ] --END-- [ RunTime:0.001625s ]
SQL: SHOW COLUMNS FROM `made_category` [ RunTime:0.0009s ]
SQL: SELECT * FROM `made_category` WHERE `index_block` = '3' ORDER BY order_id asc  [ RunTime:0.0006s ]
SQL: SHOW COLUMNS FROM `made_goods` [ RunTime:0.0011s ]
SQL: SELECT a.id,a.goods_name,a.tag,max(b.goods_price) as max_goods_price,min(b.goods_price) as min_goods_price,max(b.discount_price) as max_discount_price,min(b.discount_price) as min_discount_price,max(b.img_src) as img_src FROM made_goods a LEFT JOIN made_goods_number b ON a.id = b.goods_id  WHERE `cat_id` = '1' AND `is_on_sale` = '1' GROUP BY a.id LIMIT 8   [ RunTime:0.0010s ]
INFO: [ app_end ] --START--
INFO: Run Behavior\ShowPageTraceBehavior [ RunTime:0.001330s ]
INFO: [ app_end ] --END-- [ RunTime:0.001570s ]

[ 2018-07-11T17:36:52+08:00 ] 127.0.0.1 /jiimadeeee/index.php/Home/index/getBlockInfo?block=4&goodsNum=8
INFO: [ app_init ] --START--
INFO: Run Behavior\BuildLiteBehavior [ RunTime:0.000162s ]
INFO: [ app_init ] --END-- [ RunTime:0.001476s ]
INFO: [ app_begin ] --START--
INFO: Run Behavior\ReadHtmlCacheBehavior [ RunTime:0.000935s ]
INFO: [ app_begin ] --END-- [ RunTime:0.001209s ]
SQL: SHOW COLUMNS FROM `made_category` [ RunTime:0.0011s ]
SQL: SELECT * FROM `made_category` WHERE `index_block` = '4' ORDER BY order_id asc  [ RunTime:0.0008s ]
SQL: SHOW COLUMNS FROM `made_goods` [ RunTime:0.0011s ]
SQL: SELECT a.id,a.goods_name,a.tag,max(b.goods_price) as max_goods_price,min(b.goods_price) as min_goods_price,max(b.discount_price) as max_discount_price,min(b.discount_price) as min_discount_price,max(b.img_src) as img_src FROM made_goods a LEFT JOIN made_goods_number b ON a.id = b.goods_id  WHERE `cat_id` = '7' AND `is_on_sale` = '1' GROUP BY a.id LIMIT 8   [ RunTime:0.0008s ]
SQL: SELECT a.id,a.goods_name,a.tag,max(b.goods_price) as max_goods_price,min(b.goods_price) as min_goods_price,max(b.discount_price) as max_discount_price,min(b.discount_price) as min_discount_price,max(b.img_src) as img_src FROM made_goods a LEFT JOIN made_goods_number b ON a.id = b.goods_id  WHERE `cat_id` = '8' AND `is_on_sale` = '1' GROUP BY a.id LIMIT 8   [ RunTime:0.0008s ]
INFO: [ app_end ] --START--
INFO: Run Behavior\ShowPageTraceBehavior [ RunTime:0.001101s ]
INFO: [ app_end ] --END-- [ RunTime:0.001339s ]

[ 2018-07-11T17:36:52+08:00 ] 127.0.0.1 /jiimadeeee/index.php/Home/index/getBlockInfo?block=2&goodsNum=8
INFO: [ app_init ] --START--
INFO: Run Behavior\BuildLiteBehavior [ RunTime:0.000050s ]
INFO: [ app_init ] --END-- [ RunTime:0.000821s ]
INFO: [ app_begin ] --START--
INFO: Run Behavior\ReadHtmlCacheBehavior [ RunTime:0.000937s ]
INFO: [ app_begin ] --END-- [ RunTime:0.001169s ]
SQL: SHOW COLUMNS FROM `made_category` [ RunTime:0.0008s ]
SQL: SELECT * FROM `made_category` WHERE `index_block` = '2' ORDER BY order_id asc  [ RunTime:0.0006s ]
SQL: SHOW COLUMNS FROM `made_goods` [ RunTime:0.0010s ]
SQL: SELECT a.id,a.goods_name,a.tag,max(b.goods_price) as max_goods_price,min(b.goods_price) as min_goods_price,max(b.discount_price) as max_discount_price,min(b.discount_price) as min_discount_price,max(b.img_src) as img_src FROM made_goods a LEFT JOIN made_goods_number b ON a.id = b.goods_id  WHERE `cat_id` = '5' AND `is_on_sale` = '1' GROUP BY a.id LIMIT 8   [ RunTime:0.0008s ]
SQL: SELECT a.id,a.goods_name,a.tag,max(b.goods_price) as max_goods_price,min(b.goods_price) as min_goods_price,max(b.discount_price) as max_discount_price,min(b.discount_price) as min_discount_price,max(b.img_src) as img_src FROM made_goods a LEFT JOIN made_goods_number b ON a.id = b.goods_id  WHERE `cat_id` = '6' AND `is_on_sale` = '1' GROUP BY a.id LIMIT 8   [ RunTime:0.0005s ]
INFO: [ app_end ] --START--
INFO: Run Behavior\ShowPageTraceBehavior [ RunTime:0.001180s ]
INFO: [ app_end ] --END-- [ RunTime:0.001411s ]

[ 2018-07-11T17:36:52+08:00 ] 127.0.0.1 /jiimadeeee/index.php/home/index/logi?code=001iQUvq1FdgLp0blMvq1o04wq1iQUvE
INFO: [ app_init ] --START--
INFO: Run Behavior\BuildLiteBehavior [ RunTime:0.000046s ]
INFO: [ app_init ] --END-- [ RunTime:0.000725s ]
INFO: [ app_begin ] --START--
INFO: Run Behavior\ReadHtmlCacheBehavior [ RunTime:0.000788s ]
INFO: [ app_begin ] --END-- [ RunTime:0.000993s ]
ERR: 非法操作:logi

[ 2018-07-11T17:37:10+08:00 ] 127.0.0.1 /jiimadeeee/index.php/home/index/login/code/001iQUvq1FdgLp0blMvq1o04wq1iQUvE/id/1
INFO: [ app_init ] --START--
INFO: Run Behavior\BuildLiteBehavior [ RunTime:0.000028s ]
INFO: [ app_init ] --END-- [ RunTime:0.000433s ]
INFO: [ app_begin ] --START--
INFO: Run Behavior\ReadHtmlCacheBehavior [ RunTime:0.000606s ]
INFO: [ app_begin ] --END-- [ RunTime:0.000738s ]
SQL: SHOW COLUMNS FROM `made_user` [ RunTime:0.0005s ]
SQL: SELECT `id` FROM `made_user` WHERE `openid` = 'ojUv941YOJMStCvC71fzUK4iqE8g' LIMIT 1   [ RunTime:0.0005s ]
SQL: INSERT INTO `made_user` (`openid`,`thr_session`,`session_key`,`add_time`) VALUES ('ojUv941YOJMStCvC71fzUK4iqE8g','c618407a0f455ed16b4c315219e3a8e4','y3mfCVIsL7D0JRRJWPElng==','1531301830') [ RunTime:0.0019s ]
NOTIC: [2] fopen(./lockOrd.text): failed to open stream: No such file or directory D:\wamp\wamp64\www\jiimadeeee\Application\Admin\Model\UserModel.class.php 第 51 行.
NOTIC: [2] flock() expects parameter 1 to be resource, boolean given D:\wamp\wamp64\www\jiimadeeee\Application\Admin\Model\UserModel.class.php 第 52 行.
SQL: SHOW COLUMNS FROM `made_integration` [ RunTime:0.0026s ]
SQL: SELECT * FROM `made_integration` WHERE `id` = 1 LIMIT 1   [ RunTime:0.0004s ]
SQL: UPDATE `made_integration` SET `integration`='1' WHERE `id` = 1 [ RunTime:0.0003s ]
NOTIC: [2] flock() expects parameter 1 to be resource, boolean given D:\wamp\wamp64\www\jiimadeeee\Application\Admin\Model\UserModel.class.php 第 61 行.
NOTIC: [2] fclose() expects parameter 1 to be resource, boolean given D:\wamp\wamp64\www\jiimadeeee\Application\Admin\Model\UserModel.class.php 第 62 行.
INFO: [ app_end ] --START--
INFO: Run Behavior\ShowPageTraceBehavior [ RunTime:0.001345s ]
INFO: [ app_end ] --END-- [ RunTime:0.001580s ]

[ 2018-07-11T17:39:05+08:00 ] 127.0.0.1 /jiimadeeee/index.php/Home/index/getCarouselImg
INFO: [ app_init ] --START--
INFO: Run Behavior\BuildLiteBehavior [ RunTime:0.000024s ]
INFO: [ app_init ] --END-- [ RunTime:0.000449s ]
INFO: [ app_begin ] --START--
INFO: Run Behavior\ReadHtmlCacheBehavior [ RunTime:0.000749s ]
INFO: [ app_begin ] --END-- [ RunTime:0.000881s ]
SQL: SHOW COLUMNS FROM `made_carousel` [ RunTime:0.0006s ]
SQL: SELECT * FROM `made_carousel` ORDER BY sort_id asc  [ RunTime:0.0005s ]
INFO: [ app_end ] --START--
INFO: Run Behavior\ShowPageTraceBehavior [ RunTime:0.000989s ]
INFO: [ app_end ] --END-- [ RunTime:0.001156s ]

[ 2018-07-11T17:39:05+08:00 ] 127.0.0.1 /jiimadeeee/index.php/Home/index/getBlockInfo?block=1&goodsNum=8
INFO: [ app_init ] --START--
INFO: Run Behavior\BuildLiteBehavior [ RunTime:0.000028s ]
INFO: [ app_init ] --END-- [ RunTime:0.000466s ]
INFO: [ app_begin ] --START--
INFO: Run Behavior\ReadHtmlCacheBehavior [ RunTime:0.000972s ]
INFO: [ app_begin ] --END-- [ RunTime:0.001206s ]
SQL: SHOW COLUMNS FROM `made_category` [ RunTime:0.0007s ]
SQL: SELECT * FROM `made_category` WHERE `index_block` = '1' ORDER BY order_id asc  [ RunTime:0.0004s ]
SQL: SHOW COLUMNS FROM `made_goods` [ RunTime:0.0005s ]
SQL: SELECT a.id,a.goods_name,a.tag,max(b.goods_price) as max_goods_price,min(b.goods_price) as min_goods_price,max(b.discount_price) as max_discount_price,min(b.discount_price) as min_discount_price,max(b.img_src) as img_src FROM made_goods a LEFT JOIN made_goods_number b ON a.id = b.goods_id  WHERE `cat_id` = '3' AND `is_on_sale` = '1' GROUP BY a.id LIMIT 8   [ RunTime:0.0004s ]
INFO: [ app_end ] --START--
INFO: Run Behavior\ShowPageTraceBehavior [ RunTime:0.000843s ]
INFO: [ app_end ] --END-- [ RunTime:0.000981s ]

[ 2018-07-11T17:39:06+08:00 ] 127.0.0.1 /jiimadeeee/index.php/Home/index/getBlockInfo?block=3&goodsNum=8
INFO: [ app_init ] --START--
INFO: Run Behavior\BuildLiteBehavior [ RunTime:0.000026s ]
INFO: [ app_init ] --END-- [ RunTime:0.000511s ]
INFO: [ app_begin ] --START--
INFO: Run Behavior\ReadHtmlCacheBehavior [ RunTime:0.000816s ]
INFO: [ app_begin ] --END-- [ RunTime:0.001031s ]
SQL: SHOW COLUMNS FROM `made_category` [ RunTime:0.0005s ]
SQL: SELECT * FROM `made_category` WHERE `index_block` = '3' ORDER BY order_id asc  [ RunTime:0.0003s ]
SQL: SHOW COLUMNS FROM `made_goods` [ RunTime:0.0006s ]
SQL: SELECT a.id,a.goods_name,a.tag,max(b.goods_price) as max_goods_price,min(b.goods_price) as min_goods_price,max(b.discount_price) as max_discount_price,min(b.discount_price) as min_discount_price,max(b.img_src) as img_src FROM made_goods a LEFT JOIN made_goods_number b ON a.id = b.goods_id  WHERE `cat_id` = '1' AND `is_on_sale` = '1' GROUP BY a.id LIMIT 8   [ RunTime:0.0005s ]
INFO: [ app_end ] --START--
INFO: Run Behavior\ShowPageTraceBehavior [ RunTime:0.000838s ]
INFO: [ app_end ] --END-- [ RunTime:0.000997s ]

[ 2018-07-11T17:39:06+08:00 ] 127.0.0.1 /jiimadeeee/index.php/Home/index/getArticle?num=5
INFO: [ app_init ] --START--
INFO: Run Behavior\BuildLiteBehavior [ RunTime:0.000027s ]
INFO: [ app_init ] --END-- [ RunTime:0.000481s ]
INFO: [ app_begin ] --START--
INFO: Run Behavior\ReadHtmlCacheBehavior [ RunTime:0.001062s ]
INFO: [ app_begin ] --END-- [ RunTime:0.001284s ]
SQL: SHOW COLUMNS FROM `made_article` [ RunTime:0.0005s ]
SQL: SELECT * FROM `made_article` WHERE `is_index` = '1' ORDER BY sort_id asc LIMIT 5   [ RunTime:0.0003s ]
INFO: [ app_end ] --START--
INFO: Run Behavior\ShowPageTraceBehavior [ RunTime:0.000917s ]
INFO: [ app_end ] --END-- [ RunTime:0.001041s ]

[ 2018-07-11T17:39:06+08:00 ] 127.0.0.1 /jiimadeeee/index.php/Home/index/getBlockInfo?block=2&goodsNum=8
INFO: [ app_init ] --START--
INFO: Run Behavior\BuildLiteBehavior [ RunTime:0.000039s ]
INFO: [ app_init ] --END-- [ RunTime:0.000608s ]
INFO: [ app_begin ] --START--
INFO: Run Behavior\ReadHtmlCacheBehavior [ RunTime:0.000908s ]
INFO: [ app_begin ] --END-- [ RunTime:0.001107s ]
SQL: SHOW COLUMNS FROM `made_category` [ RunTime:0.0006s ]
SQL: SELECT * FROM `made_category` WHERE `index_block` = '2' ORDER BY order_id asc  [ RunTime:0.0004s ]
SQL: SHOW COLUMNS FROM `made_goods` [ RunTime:0.0005s ]
SQL: SELECT a.id,a.goods_name,a.tag,max(b.goods_price) as max_goods_price,min(b.goods_price) as min_goods_price,max(b.discount_price) as max_discount_price,min(b.discount_price) as min_discount_price,max(b.img_src) as img_src FROM made_goods a LEFT JOIN made_goods_number b ON a.id = b.goods_id  WHERE `cat_id` = '5' AND `is_on_sale` = '1' GROUP BY a.id LIMIT 8   [ RunTime:0.0007s ]
SQL: SELECT a.id,a.goods_name,a.tag,max(b.goods_price) as max_goods_price,min(b.goods_price) as min_goods_price,max(b.discount_price) as max_discount_price,min(b.discount_price) as min_discount_price,max(b.img_src) as img_src FROM made_goods a LEFT JOIN made_goods_number b ON a.id = b.goods_id  WHERE `cat_id` = '6' AND `is_on_sale` = '1' GROUP BY a.id LIMIT 8   [ RunTime:0.0006s ]
INFO: [ app_end ] --START--
INFO: Run Behavior\ShowPageTraceBehavior [ RunTime:0.001055s ]
INFO: [ app_end ] --END-- [ RunTime:0.001178s ]

[ 2018-07-11T17:39:06+08:00 ] 127.0.0.1 /jiimadeeee/index.php/Home/index/getBlockInfo?block=4&goodsNum=8
INFO: [ app_init ] --START--
INFO: Run Behavior\BuildLiteBehavior [ RunTime:0.000052s ]
INFO: [ app_init ] --END-- [ RunTime:0.000535s ]
INFO: [ app_begin ] --START--
INFO: Run Behavior\ReadHtmlCacheBehavior [ RunTime:0.000952s ]
INFO: [ app_begin ] --END-- [ RunTime:0.001282s ]
SQL: SHOW COLUMNS FROM `made_category` [ RunTime:0.0006s ]
SQL: SELECT * FROM `made_category` WHERE `index_block` = '4' ORDER BY order_id asc  [ RunTime:0.0003s ]
SQL: SHOW COLUMNS FROM `made_goods` [ RunTime:0.0006s ]
SQL: SELECT a.id,a.goods_name,a.tag,max(b.goods_price) as max_goods_price,min(b.goods_price) as min_goods_price,max(b.discount_price) as max_discount_price,min(b.discount_price) as min_discount_price,max(b.img_src) as img_src FROM made_goods a LEFT JOIN made_goods_number b ON a.id = b.goods_id  WHERE `cat_id` = '7' AND `is_on_sale` = '1' GROUP BY a.id LIMIT 8   [ RunTime:0.0003s ]
SQL: SELECT a.id,a.goods_name,a.tag,max(b.goods_price) as max_goods_price,min(b.goods_price) as min_goods_price,max(b.discount_price) as max_discount_price,min(b.discount_price) as min_discount_price,max(b.img_src) as img_src FROM made_goods a LEFT JOIN made_goods_number b ON a.id = b.goods_id  WHERE `cat_id` = '8' AND `is_on_sale` = '1' GROUP BY a.id LIMIT 8   [ RunTime:0.0004s ]
INFO: [ app_end ] --START--
INFO: Run Behavior\ShowPageTraceBehavior [ RunTime:0.000824s ]
INFO: [ app_end ] --END-- [ RunTime:0.000963s ]

[ 2018-07-11T17:39:06+08:00 ] 127.0.0.1 /jiimadeeee/index.php/Home/index/getCarouselImg
INFO: [ app_init ] --START--
INFO: Run Behavior\BuildLiteBehavior [ RunTime:0.000025s ]
INFO: [ app_init ] --END-- [ RunTime:0.000518s ]
INFO: [ app_begin ] --START--
INFO: Run Behavior\ReadHtmlCacheBehavior [ RunTime:0.000824s ]
INFO: [ app_begin ] --END-- [ RunTime:0.001033s ]
SQL: SHOW COLUMNS FROM `made_carousel` [ RunTime:0.0025s ]
SQL: SELECT * FROM `made_carousel` ORDER BY sort_id asc  [ RunTime:0.0006s ]
INFO: [ app_end ] --START--
INFO: Run Behavior\ShowPageTraceBehavior [ RunTime:0.001111s ]
INFO: [ app_end ] --END-- [ RunTime:0.001315s ]

[ 2018-07-11T17:39:06+08:00 ] 127.0.0.1 /jiimadeeee/index.php/Home/index/getArticle?num=5
INFO: [ app_init ] --START--
INFO: Run Behavior\BuildLiteBehavior [ RunTime:0.000031s ]
INFO: [ app_init ] --END-- [ RunTime:0.000508s ]
INFO: [ app_begin ] --START--
INFO: Run Behavior\ReadHtmlCacheBehavior [ RunTime:0.001142s ]
INFO: [ app_begin ] --END-- [ RunTime:0.001401s ]
SQL: SHOW COLUMNS FROM `made_article` [ RunTime:0.0009s ]
SQL: SELECT * FROM `made_article` WHERE `is_index` = '1' ORDER BY sort_id asc LIMIT 5   [ RunTime:0.0009s ]
INFO: [ app_end ] --START--
INFO: Run Behavior\ShowPageTraceBehavior [ RunTime:0.000994s ]
INFO: [ app_end ] --END-- [ RunTime:0.001231s ]

[ 2018-07-11T17:39:06+08:00 ] 127.0.0.1 /jiimadeeee/index.php/Home/index/getBlockInfo?block=1&goodsNum=8
INFO: [ app_init ] --START--
INFO: Run Behavior\BuildLiteBehavior [ RunTime:0.000058s ]
INFO: [ app_init ] --END-- [ RunTime:0.000913s ]
INFO: [ app_begin ] --START--
INFO: Run Behavior\ReadHtmlCacheBehavior [ RunTime:0.001021s ]
INFO: [ app_begin ] --END-- [ RunTime:0.001272s ]
SQL: SHOW COLUMNS FROM `made_category` [ RunTime:0.0011s ]
SQL: SELECT * FROM `made_category` WHERE `index_block` = '1' ORDER BY order_id asc  [ RunTime:0.0008s ]
SQL: SHOW COLUMNS FROM `made_goods` [ RunTime:0.0011s ]
SQL: SELECT a.id,a.goods_name,a.tag,max(b.goods_price) as max_goods_price,min(b.goods_price) as min_goods_price,max(b.discount_price) as max_discount_price,min(b.discount_price) as min_discount_price,max(b.img_src) as img_src FROM made_goods a LEFT JOIN made_goods_number b ON a.id = b.goods_id  WHERE `cat_id` = '3' AND `is_on_sale` = '1' GROUP BY a.id LIMIT 8   [ RunTime:0.0010s ]
INFO: [ app_end ] --START--
INFO: Run Behavior\ShowPageTraceBehavior [ RunTime:0.000922s ]
INFO: [ app_end ] --END-- [ RunTime:0.001101s ]

[ 2018-07-11T17:39:06+08:00 ] 127.0.0.1 /jiimadeeee/index.php/Home/index/getBlockInfo?block=4&goodsNum=8
INFO: [ app_init ] --START--
INFO: Run Behavior\BuildLiteBehavior [ RunTime:0.000048s ]
INFO: [ app_init ] --END-- [ RunTime:0.000936s ]
INFO: [ app_begin ] --START--
INFO: Run Behavior\ReadHtmlCacheBehavior [ RunTime:0.001049s ]
INFO: [ app_begin ] --END-- [ RunTime:0.001301s ]
SQL: SHOW COLUMNS FROM `made_category` [ RunTime:0.0009s ]
SQL: SELECT * FROM `made_category` WHERE `index_block` = '4' ORDER BY order_id asc  [ RunTime:0.0006s ]
SQL: SHOW COLUMNS FROM `made_goods` [ RunTime:0.0009s ]
SQL: SELECT a.id,a.goods_name,a.tag,max(b.goods_price) as max_goods_price,min(b.goods_price) as min_goods_price,max(b.discount_price) as max_discount_price,min(b.discount_price) as min_discount_price,max(b.img_src) as img_src FROM made_goods a LEFT JOIN made_goods_number b ON a.id = b.goods_id  WHERE `cat_id` = '7' AND `is_on_sale` = '1' GROUP BY a.id LIMIT 8   [ RunTime:0.0007s ]
SQL: SELECT a.id,a.goods_name,a.tag,max(b.goods_price) as max_goods_price,min(b.goods_price) as min_goods_price,max(b.discount_price) as max_discount_price,min(b.discount_price) as min_discount_price,max(b.img_src) as img_src FROM made_goods a LEFT JOIN made_goods_number b ON a.id = b.goods_id  WHERE `cat_id` = '8' AND `is_on_sale` = '1' GROUP BY a.id LIMIT 8   [ RunTime:0.0005s ]
INFO: [ app_end ] --START--
INFO: Run Behavior\ShowPageTraceBehavior [ RunTime:0.002040s ]
INFO: [ app_end ] --END-- [ RunTime:0.002253s ]

[ 2018-07-11T17:39:06+08:00 ] 127.0.0.1 /jiimadeeee/index.php/Home/index/getBlockInfo?block=3&goodsNum=8
INFO: [ app_init ] --START--
INFO: Run Behavior\BuildLiteBehavior [ RunTime:0.000046s ]
INFO: [ app_init ] --END-- [ RunTime:0.002871s ]
INFO: [ app_begin ] --START--
INFO: Run Behavior\ReadHtmlCacheBehavior [ RunTime:0.001300s ]
INFO: [ app_begin ] --END-- [ RunTime:0.001582s ]
SQL: SHOW COLUMNS FROM `made_category` [ RunTime:0.0007s ]
SQL: SELECT * FROM `made_category` WHERE `index_block` = '3' ORDER BY order_id asc  [ RunTime:0.0006s ]
SQL: SHOW COLUMNS FROM `made_goods` [ RunTime:0.0009s ]
SQL: SELECT a.id,a.goods_name,a.tag,max(b.goods_price) as max_goods_price,min(b.goods_price) as min_goods_price,max(b.discount_price) as max_discount_price,min(b.discount_price) as min_discount_price,max(b.img_src) as img_src FROM made_goods a LEFT JOIN made_goods_number b ON a.id = b.goods_id  WHERE `cat_id` = '1' AND `is_on_sale` = '1' GROUP BY a.id LIMIT 8   [ RunTime:0.0007s ]
INFO: [ app_end ] --START--
INFO: Run Behavior\ShowPageTraceBehavior [ RunTime:0.001266s ]
INFO: [ app_end ] --END-- [ RunTime:0.001455s ]

[ 2018-07-11T17:39:06+08:00 ] 127.0.0.1 /jiimadeeee/index.php/Home/index/getBlockInfo?block=2&goodsNum=8
INFO: [ app_init ] --START--
INFO: Run Behavior\BuildLiteBehavior [ RunTime:0.000052s ]
INFO: [ app_init ] --END-- [ RunTime:0.001297s ]
INFO: [ app_begin ] --START--
INFO: Run Behavior\ReadHtmlCacheBehavior [ RunTime:0.001201s ]
INFO: [ app_begin ] --END-- [ RunTime:0.001451s ]
SQL: SHOW COLUMNS FROM `made_category` [ RunTime:0.0010s ]
SQL: SELECT * FROM `made_category` WHERE `index_block` = '2' ORDER BY order_id asc  [ RunTime:0.0006s ]
SQL: SHOW COLUMNS FROM `made_goods` [ RunTime:0.0011s ]
SQL: SELECT a.id,a.goods_name,a.tag,max(b.goods_price) as max_goods_price,min(b.goods_price) as min_goods_price,max(b.discount_price) as max_discount_price,min(b.discount_price) as min_discount_price,max(b.img_src) as img_src FROM made_goods a LEFT JOIN made_goods_number b ON a.id = b.goods_id  WHERE `cat_id` = '5' AND `is_on_sale` = '1' GROUP BY a.id LIMIT 8   [ RunTime:0.0009s ]
SQL: SELECT a.id,a.goods_name,a.tag,max(b.goods_price) as max_goods_price,min(b.goods_price) as min_goods_price,max(b.discount_price) as max_discount_price,min(b.discount_price) as min_discount_price,max(b.img_src) as img_src FROM made_goods a LEFT JOIN made_goods_number b ON a.id = b.goods_id  WHERE `cat_id` = '6' AND `is_on_sale` = '1' GROUP BY a.id LIMIT 8   [ RunTime:0.0009s ]
INFO: [ app_end ] --START--
INFO: Run Behavior\ShowPageTraceBehavior [ RunTime:0.001222s ]
INFO: [ app_end ] --END-- [ RunTime:0.001428s ]

[ 2018-07-11T17:39:06+08:00 ] 127.0.0.1 /jiimadeeee/index.php/home/index/logi?code=001f4TrX05cZ822t36pX0oVRrX0f4Try
INFO: [ app_init ] --START--
INFO: Run Behavior\BuildLiteBehavior [ RunTime:0.000039s ]
INFO: [ app_init ] --END-- [ RunTime:0.000602s ]
INFO: [ app_begin ] --START--
INFO: Run Behavior\ReadHtmlCacheBehavior [ RunTime:0.000935s ]
INFO: [ app_begin ] --END-- [ RunTime:0.001151s ]
ERR: 非法操作:logi

[ 2018-07-11T17:39:22+08:00 ] 127.0.0.1 /jiimadeeee/index.php/home/index/login/code/001f4TrX05cZ822t36pX0oVRrX0f4Try/id/1
INFO: [ app_init ] --START--
INFO: Run Behavior\BuildLiteBehavior [ RunTime:0.000023s ]
INFO: [ app_init ] --END-- [ RunTime:0.000416s ]
INFO: [ app_begin ] --START--
INFO: Run Behavior\ReadHtmlCacheBehavior [ RunTime:0.000593s ]
INFO: [ app_begin ] --END-- [ RunTime:0.000714s ]
SQL: SHOW COLUMNS FROM `made_user` [ RunTime:0.0013s ]
SQL: SELECT `id` FROM `made_user` WHERE `openid` = 'ojUv941YOJMStCvC71fzUK4iqE8g' LIMIT 1   [ RunTime:0.0003s ]
SQL: INSERT INTO `made_user` (`openid`,`thr_session`,`session_key`,`add_time`) VALUES ('ojUv941YOJMStCvC71fzUK4iqE8g','07a78643f507e30fbb1fe3728d8da33a','cK9wgkWQJzK9glzV12J/7g==','1531301962') [ RunTime:0.0016s ]
NOTIC: [2] fopen(./lockOrd.text): failed to open stream: No such file or directory D:\wamp\wamp64\www\jiimadeeee\Application\Admin\Model\UserModel.class.php 第 51 行.
NOTIC: [2] flock() expects parameter 1 to be resource, boolean given D:\wamp\wamp64\www\jiimadeeee\Application\Admin\Model\UserModel.class.php 第 52 行.
SQL: SHOW COLUMNS FROM `made_integration` [ RunTime:0.0013s ]
SQL: SELECT * FROM `made_integration` WHERE `id` = 1 LIMIT 1   [ RunTime:0.0002s ]
SQL: INSERT INTO `made_integration` (`id`,`integration`) VALUES ('1','1') [ RunTime:0.0013s ]
NOTIC: [2] flock() expects parameter 1 to be resource, boolean given D:\wamp\wamp64\www\jiimadeeee\Application\Admin\Model\UserModel.class.php 第 70 行.
NOTIC: [2] fclose() expects parameter 1 to be resource, boolean given D:\wamp\wamp64\www\jiimadeeee\Application\Admin\Model\UserModel.class.php 第 71 行.
INFO: [ app_end ] --START--
INFO: Run Behavior\ShowPageTraceBehavior [ RunTime:0.000767s ]
INFO: [ app_end ] --END-- [ RunTime:0.000891s ]

