[ 2018-08-06T09:08:58+08:00 ] 127.0.0.1 /jiimadeeee/index.php/home/index/theme
INFO: [ app_init ] --START--
INFO: Run Behavior\BuildLiteBehavior [ RunTime:0.000024s ]
INFO: [ app_init ] --END-- [ RunTime:0.000725s ]
INFO: [ app_begin ] --START--
INFO: Run Behavior\ReadHtmlCacheBehavior [ RunTime:0.000857s ]
INFO: [ app_begin ] --END-- [ RunTime:0.000968s ]
NOTIC: [2048] Declaration of Home\Controller\IndexController::theme() should be compatible with Think\Controller::theme($theme) D:\wamp64\www\jiimadeeee\Application\Home\Controller\IndexController.class.php 第 294 行.
SQL: SHOW COLUMNS FROM `made_theme` [ RunTime:0.0175s ]
SQL: SELECT * FROM `made_theme` ORDER BY sort_id asc  [ RunTime:0.0018s ]
INFO: [ app_end ] --START--
INFO: Run Behavior\ShowPageTraceBehavior [ RunTime:0.001312s ]
INFO: [ app_end ] --END-- [ RunTime:0.001449s ]

[ 2018-08-06T09:08:58+08:00 ] 127.0.0.1 /jiimadeeee/index.php/home/index/getCarousel?themeId=2
INFO: [ app_init ] --START--
INFO: Run Behavior\BuildLiteBehavior [ RunTime:0.000024s ]
INFO: [ app_init ] --END-- [ RunTime:0.000465s ]
INFO: [ app_begin ] --START--
INFO: Run Behavior\ReadHtmlCacheBehavior [ RunTime:0.000745s ]
INFO: [ app_begin ] --END-- [ RunTime:0.000895s ]
NOTIC: [2048] Declaration of Home\Controller\IndexController::theme() should be compatible with Think\Controller::theme($theme) D:\wamp64\www\jiimadeeee\Application\Home\Controller\IndexController.class.php 第 294 行.
SQL: SHOW COLUMNS FROM `made_carousel` [ RunTime:0.0021s ]
SQL: SELECT * FROM `made_carousel` WHERE `theme_id` = '2' ORDER BY sort_id asc  [ RunTime:0.0034s ]
INFO: [ app_end ] --START--
INFO: Run Behavior\ShowPageTraceBehavior [ RunTime:0.000777s ]
INFO: [ app_end ] --END-- [ RunTime:0.000888s ]

[ 2018-08-06T09:09:00+08:00 ] 127.0.0.1 /jiimadeeee/index.php/home/index/login?code=011mJIfj1sPbTw0Hrijj19cYfj1mJIfD
INFO: [ app_init ] --START--
INFO: Run Behavior\BuildLiteBehavior [ RunTime:0.000051s ]
INFO: [ app_init ] --END-- [ RunTime:0.001036s ]
INFO: [ app_begin ] --START--
INFO: Run Behavior\ReadHtmlCacheBehavior [ RunTime:0.000709s ]
INFO: [ app_begin ] --END-- [ RunTime:0.000846s ]
NOTIC: [2048] Declaration of Home\Controller\IndexController::theme() should be compatible with Think\Controller::theme($theme) D:\wamp64\www\jiimadeeee\Application\Home\Controller\IndexController.class.php 第 294 行.
SQL: SHOW COLUMNS FROM `made_user` [ RunTime:0.0028s ]
SQL: SELECT `id` FROM `made_user` WHERE `openid` = 'oNhEB5TQ0RnhTMWh51xIwxvpfZ8M' LIMIT 1   [ RunTime:0.0028s ]
SQL: UPDATE `made_user` SET `thr_session`='9e8a607805e6faed3ec9ce27d845d431',`session_key`='HBdN1e3091JmFJIgoQ720A==' WHERE `id` = 4 [ RunTime:0.0052s ]
INFO: [ app_end ] --START--
INFO: Run Behavior\ShowPageTraceBehavior [ RunTime:0.001073s ]
INFO: [ app_end ] --END-- [ RunTime:0.001259s ]

[ 2018-08-06T09:09:00+08:00 ] 127.0.0.1 /jiimadeeee/index.php/Home/index/orderState?userId=4&thr_session=9e8a607805e6faed3ec9ce27d845d431
INFO: [ app_init ] --START--
INFO: Run Behavior\BuildLiteBehavior [ RunTime:0.000031s ]
INFO: [ app_init ] --END-- [ RunTime:0.000591s ]
INFO: [ app_begin ] --START--
INFO: Run Behavior\ReadHtmlCacheBehavior [ RunTime:0.000779s ]
INFO: [ app_begin ] --END-- [ RunTime:0.000973s ]
NOTIC: [2048] Declaration of Home\Controller\IndexController::theme() should be compatible with Think\Controller::theme($theme) D:\wamp64\www\jiimadeeee\Application\Home\Controller\IndexController.class.php 第 294 行.
SQL: SHOW COLUMNS FROM `made_order` [ RunTime:0.0033s ]
SQL: SHOW COLUMNS FROM `made_user` [ RunTime:0.0034s ]
SQL: SELECT `thr_session` FROM `made_user` WHERE `id` = 4 LIMIT 1   [ RunTime:0.0004s ]
SQL: SELECT * FROM `made_order` WHERE `user_id` = '4'  [ RunTime:0.0002s ]
INFO: [ app_end ] --START--
INFO: Run Behavior\ShowPageTraceBehavior [ RunTime:0.000759s ]
INFO: [ app_end ] --END-- [ RunTime:0.000879s ]

[ 2018-08-06T09:09:00+08:00 ] 127.0.0.1 /jiimadeeee/index.php/Home/index/checkQuote?userId=4&thr_session=9e8a607805e6faed3ec9ce27d845d431
INFO: [ app_init ] --START--
INFO: Run Behavior\BuildLiteBehavior [ RunTime:0.000023s ]
INFO: [ app_init ] --END-- [ RunTime:0.000478s ]
INFO: [ app_begin ] --START--
INFO: Run Behavior\ReadHtmlCacheBehavior [ RunTime:0.000768s ]
INFO: [ app_begin ] --END-- [ RunTime:0.000885s ]
NOTIC: [2048] Declaration of Home\Controller\IndexController::theme() should be compatible with Think\Controller::theme($theme) D:\wamp64\www\jiimadeeee\Application\Home\Controller\IndexController.class.php 第 294 行.
SQL: SHOW COLUMNS FROM `made_quote` [ RunTime:0.0022s ]
SQL: SHOW COLUMNS FROM `made_user` [ RunTime:0.0015s ]
SQL: SELECT `thr_session` FROM `made_user` WHERE `id` = 4 LIMIT 1   [ RunTime:0.0003s ]
SQL: SELECT * FROM `made_quote` WHERE `user_id` = '4'  [ RunTime:0.0004s ]
INFO: [ app_end ] --START--
INFO: Run Behavior\ShowPageTraceBehavior [ RunTime:0.000834s ]
INFO: [ app_end ] --END-- [ RunTime:0.000956s ]

[ 2018-08-06T09:09:00+08:00 ] 127.0.0.1 /jiimadeeee/index.php/Home/index/orderState?userId=4&thr_session=9e8a607805e6faed3ec9ce27d845d431
INFO: [ app_init ] --START--
INFO: Run Behavior\BuildLiteBehavior [ RunTime:0.000039s ]
INFO: [ app_init ] --END-- [ RunTime:0.000565s ]
INFO: [ app_begin ] --START--
INFO: Run Behavior\ReadHtmlCacheBehavior [ RunTime:0.000653s ]
INFO: [ app_begin ] --END-- [ RunTime:0.000763s ]
NOTIC: [2048] Declaration of Home\Controller\IndexController::theme() should be compatible with Think\Controller::theme($theme) D:\wamp64\www\jiimadeeee\Application\Home\Controller\IndexController.class.php 第 294 行.
SQL: SHOW COLUMNS FROM `made_order` [ RunTime:0.0015s ]
SQL: SHOW COLUMNS FROM `made_user` [ RunTime:0.0015s ]
SQL: SELECT `thr_session` FROM `made_user` WHERE `id` = 4 LIMIT 1   [ RunTime:0.0002s ]
SQL: SELECT * FROM `made_order` WHERE `user_id` = '4'  [ RunTime:0.0003s ]
INFO: [ app_end ] --START--
INFO: Run Behavior\ShowPageTraceBehavior [ RunTime:0.001003s ]
INFO: [ app_end ] --END-- [ RunTime:0.001182s ]

[ 2018-08-06T09:09:03+08:00 ] 127.0.0.1 /jiimadeeee/index.php/Home/index/getPhone?userId=4&thr_session=9e8a607805e6faed3ec9ce27d845d431&iv=brVTwr8qBdOYsYMcjPbdvg%3D%3D&encryptedData=XtHu0dInD3DbUu%2FN6aWd8TCCx6ZhLtO%2FPeOyVazWhZJEX4EQb5iXaaH5w6wsImdWtr9KpyZOeQRAmD1H4zclVqfOOV6vH4uEN%2FcO5Q0rqH6Iy%2Fqwxq5I4Ytu26W7YfbUrbfpT5T2CNqlzGK5NBR9SfDql9YvpY28sjESG2CEvJu6y3WRKl6uuKn%2FR43%2BSPFbNGnQQaMh%2FksVPUZSLgH67w%3D%3D&latitude=30.2084&longitude=120.21201
INFO: [ app_init ] --START--
INFO: Run Behavior\BuildLiteBehavior [ RunTime:0.000023s ]
INFO: [ app_init ] --END-- [ RunTime:0.000521s ]
INFO: [ app_begin ] --START--
INFO: Run Behavior\ReadHtmlCacheBehavior [ RunTime:0.001189s ]
INFO: [ app_begin ] --END-- [ RunTime:0.001454s ]
NOTIC: [2048] Declaration of Home\Controller\IndexController::theme() should be compatible with Think\Controller::theme($theme) D:\wamp64\www\jiimadeeee\Application\Home\Controller\IndexController.class.php 第 294 行.
SQL: SHOW COLUMNS FROM `made_user` [ RunTime:0.0013s ]
SQL: SELECT `thr_session` FROM `made_user` WHERE `id` = 4 LIMIT 1   [ RunTime:0.0005s ]
SQL: SELECT `session_key` FROM `made_user` WHERE `id` = 4 LIMIT 1   [ RunTime:0.0003s ]
NOTIC: [2] json_decode() expects parameter 1 to be string, array given D:\wamp64\www\jiimadeeee\Application\Admin\Model\UserModel.class.php 第 112 行.
INFO: [ app_end ] --START--
INFO: Run Behavior\ShowPageTraceBehavior [ RunTime:0.000692s ]
INFO: [ app_end ] --END-- [ RunTime:0.000791s ]

[ 2018-08-06T09:09:03+08:00 ] 127.0.0.1 /jiimadeeee/index.php/home/index/login?code=081I1pRs1qOhVc0kSsRs1mZmRs1I1pRZ
INFO: [ app_init ] --START--
INFO: Run Behavior\BuildLiteBehavior [ RunTime:0.000029s ]
INFO: [ app_init ] --END-- [ RunTime:0.000525s ]
INFO: [ app_begin ] --START--
INFO: Run Behavior\ReadHtmlCacheBehavior [ RunTime:0.000630s ]
INFO: [ app_begin ] --END-- [ RunTime:0.000754s ]
NOTIC: [2048] Declaration of Home\Controller\IndexController::theme() should be compatible with Think\Controller::theme($theme) D:\wamp64\www\jiimadeeee\Application\Home\Controller\IndexController.class.php 第 294 行.
SQL: SHOW COLUMNS FROM `made_user` [ RunTime:0.0018s ]
SQL: SELECT `id` FROM `made_user` WHERE `openid` = 'oNhEB5TQ0RnhTMWh51xIwxvpfZ8M' LIMIT 1   [ RunTime:0.0007s ]
SQL: UPDATE `made_user` SET `thr_session`='9e8a607805e6faed3ec9ce27d845d431',`session_key`='HBdN1e3091JmFJIgoQ720A==' WHERE `id` = 4 [ RunTime:0.0006s ]
INFO: [ app_end ] --START--
INFO: Run Behavior\ShowPageTraceBehavior [ RunTime:0.000669s ]
INFO: [ app_end ] --END-- [ RunTime:0.000768s ]

[ 2018-08-06T09:12:33+08:00 ] 127.0.0.1 /jiimadeeee/index.php/home/index/theme
INFO: [ app_init ] --START--
INFO: Run Behavior\BuildLiteBehavior [ RunTime:0.000030s ]
INFO: [ app_init ] --END-- [ RunTime:0.000821s ]
INFO: [ app_begin ] --START--
INFO: Run Behavior\ReadHtmlCacheBehavior [ RunTime:0.000930s ]
INFO: [ app_begin ] --END-- [ RunTime:0.001059s ]
NOTIC: [2048] Declaration of Home\Controller\IndexController::theme() should be compatible with Think\Controller::theme($theme) D:\wamp64\www\jiimadeeee\Application\Home\Controller\IndexController.class.php 第 294 行.
SQL: SHOW COLUMNS FROM `made_theme` [ RunTime:0.0016s ]
SQL: SELECT * FROM `made_theme` ORDER BY sort_id asc  [ RunTime:0.0004s ]
INFO: [ app_end ] --START--
INFO: Run Behavior\ShowPageTraceBehavior [ RunTime:0.000931s ]
INFO: [ app_end ] --END-- [ RunTime:0.001042s ]

[ 2018-08-06T09:12:34+08:00 ] 127.0.0.1 /jiimadeeee/index.php/home/index/getCarousel?themeId=2
INFO: [ app_init ] --START--
INFO: Run Behavior\BuildLiteBehavior [ RunTime:0.000026s ]
INFO: [ app_init ] --END-- [ RunTime:0.000598s ]
INFO: [ app_begin ] --START--
INFO: Run Behavior\ReadHtmlCacheBehavior [ RunTime:0.000905s ]
INFO: [ app_begin ] --END-- [ RunTime:0.001035s ]
NOTIC: [2048] Declaration of Home\Controller\IndexController::theme() should be compatible with Think\Controller::theme($theme) D:\wamp64\www\jiimadeeee\Application\Home\Controller\IndexController.class.php 第 294 行.
SQL: SHOW COLUMNS FROM `made_carousel` [ RunTime:0.0014s ]
SQL: SELECT * FROM `made_carousel` WHERE `theme_id` = '2' ORDER BY sort_id asc  [ RunTime:0.0003s ]
INFO: [ app_end ] --START--
INFO: Run Behavior\ShowPageTraceBehavior [ RunTime:0.001033s ]
INFO: [ app_end ] --END-- [ RunTime:0.001174s ]

[ 2018-08-06T09:12:34+08:00 ] 127.0.0.1 /jiimadeeee/index.php/home/index/login?code=081NshGt159Yrd0pdMEt1IGnGt1NshGa
INFO: [ app_init ] --START--
INFO: Run Behavior\BuildLiteBehavior [ RunTime:0.000024s ]
INFO: [ app_init ] --END-- [ RunTime:0.000655s ]
INFO: [ app_begin ] --START--
INFO: Run Behavior\ReadHtmlCacheBehavior [ RunTime:0.001214s ]
INFO: [ app_begin ] --END-- [ RunTime:0.001332s ]
NOTIC: [2048] Declaration of Home\Controller\IndexController::theme() should be compatible with Think\Controller::theme($theme) D:\wamp64\www\jiimadeeee\Application\Home\Controller\IndexController.class.php 第 294 行.
SQL: SHOW COLUMNS FROM `made_user` [ RunTime:0.0005s ]
SQL: SELECT `id` FROM `made_user` WHERE `openid` = 'oNhEB5TQ0RnhTMWh51xIwxvpfZ8M' LIMIT 1   [ RunTime:0.0006s ]
SQL: UPDATE `made_user` SET `thr_session`='a87661eb605be88ee9702ab0d743163a',`session_key`='ZcTu1KkPcE0sInFp3ooHTA==' WHERE `id` = 4 [ RunTime:0.0005s ]
INFO: [ app_end ] --START--
INFO: Run Behavior\ShowPageTraceBehavior [ RunTime:0.002772s ]
INFO: [ app_end ] --END-- [ RunTime:0.003039s ]

[ 2018-08-06T09:12:35+08:00 ] 127.0.0.1 /jiimadeeee/index.php/Home/index/checkQuote?userId=4&thr_session=a87661eb605be88ee9702ab0d743163a
INFO: [ app_init ] --START--
INFO: Run Behavior\BuildLiteBehavior [ RunTime:0.000025s ]
INFO: [ app_init ] --END-- [ RunTime:0.000525s ]
INFO: [ app_begin ] --START--
INFO: Run Behavior\ReadHtmlCacheBehavior [ RunTime:0.000842s ]
INFO: [ app_begin ] --END-- [ RunTime:0.000956s ]
NOTIC: [2048] Declaration of Home\Controller\IndexController::theme() should be compatible with Think\Controller::theme($theme) D:\wamp64\www\jiimadeeee\Application\Home\Controller\IndexController.class.php 第 294 行.
SQL: SHOW COLUMNS FROM `made_quote` [ RunTime:0.0016s ]
SQL: SHOW COLUMNS FROM `made_user` [ RunTime:0.0005s ]
SQL: SELECT `thr_session` FROM `made_user` WHERE `id` = 4 LIMIT 1   [ RunTime:0.0002s ]
SQL: SELECT * FROM `made_quote` WHERE `user_id` = '4'  [ RunTime:0.0002s ]
INFO: [ app_end ] --START--
INFO: Run Behavior\ShowPageTraceBehavior [ RunTime:0.000857s ]
INFO: [ app_end ] --END-- [ RunTime:0.000970s ]

[ 2018-08-06T09:12:35+08:00 ] 127.0.0.1 /jiimadeeee/index.php/Home/index/orderState?userId=4&thr_session=a87661eb605be88ee9702ab0d743163a
INFO: [ app_init ] --START--
INFO: Run Behavior\BuildLiteBehavior [ RunTime:0.000024s ]
INFO: [ app_init ] --END-- [ RunTime:0.000611s ]
INFO: [ app_begin ] --START--
INFO: Run Behavior\ReadHtmlCacheBehavior [ RunTime:0.001125s ]
INFO: [ app_begin ] --END-- [ RunTime:0.001241s ]
NOTIC: [2048] Declaration of Home\Controller\IndexController::theme() should be compatible with Think\Controller::theme($theme) D:\wamp64\www\jiimadeeee\Application\Home\Controller\IndexController.class.php 第 294 行.
SQL: SHOW COLUMNS FROM `made_order` [ RunTime:0.0015s ]
SQL: SHOW COLUMNS FROM `made_user` [ RunTime:0.0015s ]
SQL: SELECT `thr_session` FROM `made_user` WHERE `id` = 4 LIMIT 1   [ RunTime:0.0002s ]
SQL: SELECT * FROM `made_order` WHERE `user_id` = '4'  [ RunTime:0.0003s ]
INFO: [ app_end ] --START--
INFO: Run Behavior\ShowPageTraceBehavior [ RunTime:0.001524s ]
INFO: [ app_end ] --END-- [ RunTime:0.001674s ]

[ 2018-08-06T09:12:35+08:00 ] 127.0.0.1 /jiimadeeee/index.php/Home/index/orderState?userId=4&thr_session=a87661eb605be88ee9702ab0d743163a
INFO: [ app_init ] --START--
INFO: Run Behavior\BuildLiteBehavior [ RunTime:0.000023s ]
INFO: [ app_init ] --END-- [ RunTime:0.000539s ]
INFO: [ app_begin ] --START--
INFO: Run Behavior\ReadHtmlCacheBehavior [ RunTime:0.000771s ]
INFO: [ app_begin ] --END-- [ RunTime:0.000881s ]
NOTIC: [2048] Declaration of Home\Controller\IndexController::theme() should be compatible with Think\Controller::theme($theme) D:\wamp64\www\jiimadeeee\Application\Home\Controller\IndexController.class.php 第 294 行.
SQL: SHOW COLUMNS FROM `made_order` [ RunTime:0.0021s ]
SQL: SHOW COLUMNS FROM `made_user` [ RunTime:0.0021s ]
SQL: SELECT `thr_session` FROM `made_user` WHERE `id` = 4 LIMIT 1   [ RunTime:0.0004s ]
SQL: SELECT * FROM `made_order` WHERE `user_id` = '4'  [ RunTime:0.0003s ]
INFO: [ app_end ] --START--
INFO: Run Behavior\ShowPageTraceBehavior [ RunTime:0.000964s ]
INFO: [ app_end ] --END-- [ RunTime:0.001093s ]

[ 2018-08-06T09:12:35+08:00 ] 127.0.0.1 /jiimadeeee/index.php/Home/index/checkQuote?userId=4&thr_session=a87661eb605be88ee9702ab0d743163a
INFO: [ app_init ] --START--
INFO: Run Behavior\BuildLiteBehavior [ RunTime:0.000025s ]
INFO: [ app_init ] --END-- [ RunTime:0.000684s ]
INFO: [ app_begin ] --START--
INFO: Run Behavior\ReadHtmlCacheBehavior [ RunTime:0.001204s ]
INFO: [ app_begin ] --END-- [ RunTime:0.001407s ]
NOTIC: [2048] Declaration of Home\Controller\IndexController::theme() should be compatible with Think\Controller::theme($theme) D:\wamp64\www\jiimadeeee\Application\Home\Controller\IndexController.class.php 第 294 行.
SQL: SHOW COLUMNS FROM `made_quote` [ RunTime:0.0019s ]
SQL: SHOW COLUMNS FROM `made_user` [ RunTime:0.0017s ]
SQL: SELECT `thr_session` FROM `made_user` WHERE `id` = 4 LIMIT 1   [ RunTime:0.0002s ]
SQL: SELECT * FROM `made_quote` WHERE `user_id` = '4'  [ RunTime:0.0002s ]
INFO: [ app_end ] --START--
INFO: Run Behavior\ShowPageTraceBehavior [ RunTime:0.001170s ]
INFO: [ app_end ] --END-- [ RunTime:0.001279s ]

[ 2018-08-06T09:12:38+08:00 ] 127.0.0.1 /jiimadeeee/index.php/Home/index/getPhone?userId=4&thr_session=a87661eb605be88ee9702ab0d743163a&iv=bwRp4SUSMpcbL6%2Bk%2ByruqQ%3D%3D&encryptedData=foZP6YoztlKhuX1oyUP3O5v7%2BrfFWOuQ2vJEIjCXHQmxTCQ%2FuW4ceqobUOZWYTTJdeO5BIeQO2BdWNVUtoIa8IRFz3vLFEepPRN5bJmvxv9Xf8WK4zl5CvMfndyQbMRNy3p%2BVFsHTynYvV4Eu2bagQ7CVoEwT4V004Xhxb8zXu0eBenkqiC2HSUxmuhmirw8DsBKSp%2FiWbe3gQDCFIDyKw%3D%3D&latitude=30.2084&longitude=120.21201
INFO: [ app_init ] --START--
INFO: Run Behavior\BuildLiteBehavior [ RunTime:0.000026s ]
INFO: [ app_init ] --END-- [ RunTime:0.000664s ]
INFO: [ app_begin ] --START--
INFO: Run Behavior\ReadHtmlCacheBehavior [ RunTime:0.001307s ]
INFO: [ app_begin ] --END-- [ RunTime:0.001466s ]
NOTIC: [2048] Declaration of Home\Controller\IndexController::theme() should be compatible with Think\Controller::theme($theme) D:\wamp64\www\jiimadeeee\Application\Home\Controller\IndexController.class.php 第 294 行.
SQL: SHOW COLUMNS FROM `made_user` [ RunTime:0.0017s ]
SQL: SELECT `thr_session` FROM `made_user` WHERE `id` = 4 LIMIT 1   [ RunTime:0.0005s ]
INFO: [ app_end ] --START--
INFO: Run Behavior\ShowPageTraceBehavior [ RunTime:0.002685s ]
INFO: [ app_end ] --END-- [ RunTime:0.003018s ]

[ 2018-08-06T09:12:38+08:00 ] 127.0.0.1 /jiimadeeee/index.php/Home/index/chooseFurniture
INFO: [ app_init ] --START--
INFO: Run Behavior\BuildLiteBehavior [ RunTime:0.000026s ]
INFO: [ app_init ] --END-- [ RunTime:0.000670s ]
INFO: [ app_begin ] --START--
INFO: Run Behavior\ReadHtmlCacheBehavior [ RunTime:0.001396s ]
INFO: [ app_begin ] --END-- [ RunTime:0.001601s ]
NOTIC: [2048] Declaration of Home\Controller\IndexController::theme() should be compatible with Think\Controller::theme($theme) D:\wamp64\www\jiimadeeee\Application\Home\Controller\IndexController.class.php 第 294 行.
SQL: SHOW COLUMNS FROM `made_furniture` [ RunTime:0.0025s ]
SQL: SELECT `id`,`fur_name`,`img_src`,`attribute` FROM `made_furniture` ORDER BY sort_id asc  [ RunTime:0.0005s ]
INFO: [ app_end ] --START--
INFO: Run Behavior\ShowPageTraceBehavior [ RunTime:0.001736s ]
INFO: [ app_end ] --END-- [ RunTime:0.001924s ]

[ 2018-08-06T09:13:33+08:00 ] 127.0.0.1 /jiimadeeee/index.php/Home/index/checkQuote?userId=4&thr_session=a87661eb605be88ee9702ab0d743163a
INFO: [ app_init ] --START--
INFO: Run Behavior\BuildLiteBehavior [ RunTime:0.000030s ]
INFO: [ app_init ] --END-- [ RunTime:0.000754s ]
INFO: [ app_begin ] --START--
INFO: Run Behavior\ReadHtmlCacheBehavior [ RunTime:0.000890s ]
INFO: [ app_begin ] --END-- [ RunTime:0.001011s ]
NOTIC: [2048] Declaration of Home\Controller\IndexController::theme() should be compatible with Think\Controller::theme($theme) D:\wamp64\www\jiimadeeee\Application\Home\Controller\IndexController.class.php 第 294 行.
SQL: SHOW COLUMNS FROM `made_quote` [ RunTime:0.0024s ]
SQL: SHOW COLUMNS FROM `made_user` [ RunTime:0.0016s ]
SQL: SELECT `thr_session` FROM `made_user` WHERE `id` = 4 LIMIT 1   [ RunTime:0.0002s ]
SQL: SELECT * FROM `made_quote` WHERE `user_id` = '4'  [ RunTime:0.0002s ]
INFO: [ app_end ] --START--
INFO: Run Behavior\ShowPageTraceBehavior [ RunTime:0.000900s ]
INFO: [ app_end ] --END-- [ RunTime:0.001015s ]

[ 2018-08-06T09:13:33+08:00 ] 127.0.0.1 /jiimadeeee/index.php/Home/index/orderState?userId=4&thr_session=a87661eb605be88ee9702ab0d743163a
INFO: [ app_init ] --START--
INFO: Run Behavior\BuildLiteBehavior [ RunTime:0.000023s ]
INFO: [ app_init ] --END-- [ RunTime:0.000613s ]
INFO: [ app_begin ] --START--
INFO: Run Behavior\ReadHtmlCacheBehavior [ RunTime:0.001232s ]
INFO: [ app_begin ] --END-- [ RunTime:0.001351s ]
NOTIC: [2048] Declaration of Home\Controller\IndexController::theme() should be compatible with Think\Controller::theme($theme) D:\wamp64\www\jiimadeeee\Application\Home\Controller\IndexController.class.php 第 294 行.
SQL: SHOW COLUMNS FROM `made_order` [ RunTime:0.0020s ]
SQL: SHOW COLUMNS FROM `made_user` [ RunTime:0.0019s ]
SQL: SELECT `thr_session` FROM `made_user` WHERE `id` = 4 LIMIT 1   [ RunTime:0.0002s ]
SQL: SELECT * FROM `made_order` WHERE `user_id` = '4'  [ RunTime:0.0003s ]
INFO: [ app_end ] --START--
INFO: Run Behavior\ShowPageTraceBehavior [ RunTime:0.001128s ]
INFO: [ app_end ] --END-- [ RunTime:0.001241s ]

[ 2018-08-06T09:13:36+08:00 ] 127.0.0.1 /jiimadeeee/index.php/Home/index/getPhone?userId=4&thr_session=a87661eb605be88ee9702ab0d743163a&iv=z5Cx08wGU9RxNIUC1idfmA%3D%3D&encryptedData=Sux88ojwexwc5ARTfeCqnQJzVLotharitQS0AJlVL93iS5%2FSPZeat3DzzEfA4sZGMWmkDL2N%2Bf4VqusNmARiFudGfuVB8IZt%2Bk3DiHfCV%2FVU8Oy5GLlwDhNMQotfnhIIcUbId64OTMiFwAGbeaoIRdRi9SZK0N7CJMl02obUTo6OrDBmB6aPdRLuvWjl%2BbC%2FNjL2u9qKIOgyjigI%2BNT06Q%3D%3D&latitude=30.2084&longitude=120.21201
INFO: [ app_init ] --START--
INFO: Run Behavior\BuildLiteBehavior [ RunTime:0.000021s ]
INFO: [ app_init ] --END-- [ RunTime:0.000479s ]
INFO: [ app_begin ] --START--
INFO: Run Behavior\ReadHtmlCacheBehavior [ RunTime:0.000682s ]
INFO: [ app_begin ] --END-- [ RunTime:0.000787s ]
NOTIC: [2048] Declaration of Home\Controller\IndexController::theme() should be compatible with Think\Controller::theme($theme) D:\wamp64\www\jiimadeeee\Application\Home\Controller\IndexController.class.php 第 294 行.
SQL: SHOW COLUMNS FROM `made_user` [ RunTime:0.0013s ]
SQL: SELECT `thr_session` FROM `made_user` WHERE `id` = 4 LIMIT 1   [ RunTime:0.0007s ]
SQL: SELECT `session_key` FROM `made_user` WHERE `id` = 4 LIMIT 1   [ RunTime:0.0006s ]
NOTIC: [2] json_decode() expects parameter 1 to be string, array given D:\wamp64\www\jiimadeeee\Application\Admin\Model\UserModel.class.php 第 112 行.
INFO: [ app_end ] --START--
INFO: Run Behavior\ShowPageTraceBehavior [ RunTime:0.001617s ]
INFO: [ app_end ] --END-- [ RunTime:0.001837s ]

[ 2018-08-06T09:13:36+08:00 ] 127.0.0.1 /jiimadeeee/index.php/home/index/login?code=001UURkN1tkvb31WBakN1wx7lN1UURks
INFO: [ app_init ] --START--
INFO: Run Behavior\BuildLiteBehavior [ RunTime:0.000046s ]
INFO: [ app_init ] --END-- [ RunTime:0.001026s ]
INFO: [ app_begin ] --START--
INFO: Run Behavior\ReadHtmlCacheBehavior [ RunTime:0.001442s ]
INFO: [ app_begin ] --END-- [ RunTime:0.001675s ]
NOTIC: [2048] Declaration of Home\Controller\IndexController::theme() should be compatible with Think\Controller::theme($theme) D:\wamp64\www\jiimadeeee\Application\Home\Controller\IndexController.class.php 第 294 行.
SQL: SHOW COLUMNS FROM `made_user` [ RunTime:0.0009s ]
SQL: SELECT `id` FROM `made_user` WHERE `openid` = 'oNhEB5TQ0RnhTMWh51xIwxvpfZ8M' LIMIT 1   [ RunTime:0.0006s ]
SQL: UPDATE `made_user` SET `thr_session`='a87661eb605be88ee9702ab0d743163a',`session_key`='ZcTu1KkPcE0sInFp3ooHTA==' WHERE `id` = 4 [ RunTime:0.0006s ]
INFO: [ app_end ] --START--
INFO: Run Behavior\ShowPageTraceBehavior [ RunTime:0.001615s ]
INFO: [ app_end ] --END-- [ RunTime:0.001833s ]

[ 2018-08-06T09:15:10+08:00 ] 127.0.0.1 /jiimadeeee/index.php/home/index/theme
INFO: [ app_init ] --START--
INFO: Run Behavior\BuildLiteBehavior [ RunTime:0.000023s ]
INFO: [ app_init ] --END-- [ RunTime:0.000514s ]
INFO: [ app_begin ] --START--
INFO: Run Behavior\ReadHtmlCacheBehavior [ RunTime:0.000877s ]
INFO: [ app_begin ] --END-- [ RunTime:0.000993s ]
NOTIC: [2048] Declaration of Home\Controller\IndexController::theme() should be compatible with Think\Controller::theme($theme) D:\wamp64\www\jiimadeeee\Application\Home\Controller\IndexController.class.php 第 294 行.
SQL: SHOW COLUMNS FROM `made_theme` [ RunTime:0.0015s ]
SQL: SELECT * FROM `made_theme` ORDER BY sort_id asc  [ RunTime:0.0003s ]
INFO: [ app_end ] --START--
INFO: Run Behavior\ShowPageTraceBehavior [ RunTime:0.000963s ]
INFO: [ app_end ] --END-- [ RunTime:0.001069s ]

[ 2018-08-06T09:15:10+08:00 ] 127.0.0.1 /jiimadeeee/index.php/home/index/getCarousel?themeId=2
INFO: [ app_init ] --START--
INFO: Run Behavior\BuildLiteBehavior [ RunTime:0.000025s ]
INFO: [ app_init ] --END-- [ RunTime:0.000590s ]
INFO: [ app_begin ] --START--
INFO: Run Behavior\ReadHtmlCacheBehavior [ RunTime:0.000787s ]
INFO: [ app_begin ] --END-- [ RunTime:0.000901s ]
NOTIC: [2048] Declaration of Home\Controller\IndexController::theme() should be compatible with Think\Controller::theme($theme) D:\wamp64\www\jiimadeeee\Application\Home\Controller\IndexController.class.php 第 294 行.
SQL: SHOW COLUMNS FROM `made_carousel` [ RunTime:0.0016s ]
SQL: SELECT * FROM `made_carousel` WHERE `theme_id` = '2' ORDER BY sort_id asc  [ RunTime:0.0006s ]
INFO: [ app_end ] --START--
INFO: Run Behavior\ShowPageTraceBehavior [ RunTime:0.000875s ]
INFO: [ app_end ] --END-- [ RunTime:0.000981s ]

[ 2018-08-06T09:15:10+08:00 ] 127.0.0.1 /jiimadeeee/index.php/home/index/login?code=071ZAWXd1jem1t0YpKVd1nU3Yd1ZAWXn
INFO: [ app_init ] --START--
INFO: Run Behavior\BuildLiteBehavior [ RunTime:0.000024s ]
INFO: [ app_init ] --END-- [ RunTime:0.000551s ]
INFO: [ app_begin ] --START--
INFO: Run Behavior\ReadHtmlCacheBehavior [ RunTime:0.000809s ]
INFO: [ app_begin ] --END-- [ RunTime:0.000962s ]
NOTIC: [2048] Declaration of Home\Controller\IndexController::theme() should be compatible with Think\Controller::theme($theme) D:\wamp64\www\jiimadeeee\Application\Home\Controller\IndexController.class.php 第 294 行.
SQL: SHOW COLUMNS FROM `made_user` [ RunTime:0.0007s ]
SQL: SELECT `id` FROM `made_user` WHERE `openid` = 'oNhEB5TQ0RnhTMWh51xIwxvpfZ8M' LIMIT 1   [ RunTime:0.0005s ]
SQL: UPDATE `made_user` SET `thr_session`='e410d458e713f7a129da0d4b2edcbbdd',`session_key`='iiwG/BwOQhHO7tkMziEn9w==' WHERE `id` = 4 [ RunTime:0.0006s ]
INFO: [ app_end ] --START--
INFO: Run Behavior\ShowPageTraceBehavior [ RunTime:0.001684s ]
INFO: [ app_end ] --END-- [ RunTime:0.001907s ]

[ 2018-08-06T09:15:11+08:00 ] 127.0.0.1 /jiimadeeee/index.php/Home/index/orderState?userId=4&thr_session=e410d458e713f7a129da0d4b2edcbbdd
INFO: [ app_init ] --START--
INFO: Run Behavior\BuildLiteBehavior [ RunTime:0.000033s ]
INFO: [ app_init ] --END-- [ RunTime:0.000517s ]
INFO: [ app_begin ] --START--
INFO: Run Behavior\ReadHtmlCacheBehavior [ RunTime:0.000768s ]
INFO: [ app_begin ] --END-- [ RunTime:0.000884s ]
NOTIC: [2048] Declaration of Home\Controller\IndexController::theme() should be compatible with Think\Controller::theme($theme) D:\wamp64\www\jiimadeeee\Application\Home\Controller\IndexController.class.php 第 294 行.
SQL: SHOW COLUMNS FROM `made_order` [ RunTime:0.0006s ]
SQL: SHOW COLUMNS FROM `made_user` [ RunTime:0.0005s ]
SQL: SELECT `thr_session` FROM `made_user` WHERE `id` = 4 LIMIT 1   [ RunTime:0.0003s ]
SQL: SELECT * FROM `made_order` WHERE `user_id` = '4'  [ RunTime:0.0003s ]
INFO: [ app_end ] --START--
INFO: Run Behavior\ShowPageTraceBehavior [ RunTime:0.001073s ]
INFO: [ app_end ] --END-- [ RunTime:0.001200s ]

[ 2018-08-06T09:15:11+08:00 ] 127.0.0.1 /jiimadeeee/index.php/Home/index/checkQuote?userId=4&thr_session=e410d458e713f7a129da0d4b2edcbbdd
INFO: [ app_init ] --START--
INFO: Run Behavior\BuildLiteBehavior [ RunTime:0.000023s ]
INFO: [ app_init ] --END-- [ RunTime:0.000506s ]
INFO: [ app_begin ] --START--
INFO: Run Behavior\ReadHtmlCacheBehavior [ RunTime:0.000729s ]
INFO: [ app_begin ] --END-- [ RunTime:0.000841s ]
NOTIC: [2048] Declaration of Home\Controller\IndexController::theme() should be compatible with Think\Controller::theme($theme) D:\wamp64\www\jiimadeeee\Application\Home\Controller\IndexController.class.php 第 294 行.
SQL: SHOW COLUMNS FROM `made_quote` [ RunTime:0.0006s ]
SQL: SHOW COLUMNS FROM `made_user` [ RunTime:0.0006s ]
SQL: SELECT `thr_session` FROM `made_user` WHERE `id` = 4 LIMIT 1   [ RunTime:0.0003s ]
SQL: SELECT * FROM `made_quote` WHERE `user_id` = '4'  [ RunTime:0.0003s ]
INFO: [ app_end ] --START--
INFO: Run Behavior\ShowPageTraceBehavior [ RunTime:0.001007s ]
INFO: [ app_end ] --END-- [ RunTime:0.001121s ]

[ 2018-08-06T09:15:11+08:00 ] 127.0.0.1 /jiimadeeee/index.php/Home/index/checkQuote?userId=4&thr_session=e410d458e713f7a129da0d4b2edcbbdd
INFO: [ app_init ] --START--
INFO: Run Behavior\BuildLiteBehavior [ RunTime:0.000025s ]
INFO: [ app_init ] --END-- [ RunTime:0.000549s ]
INFO: [ app_begin ] --START--
INFO: Run Behavior\ReadHtmlCacheBehavior [ RunTime:0.001013s ]
INFO: [ app_begin ] --END-- [ RunTime:0.001162s ]
NOTIC: [2048] Declaration of Home\Controller\IndexController::theme() should be compatible with Think\Controller::theme($theme) D:\wamp64\www\jiimadeeee\Application\Home\Controller\IndexController.class.php 第 294 行.
SQL: SHOW COLUMNS FROM `made_quote` [ RunTime:0.0015s ]
SQL: SHOW COLUMNS FROM `made_user` [ RunTime:0.0005s ]
SQL: SELECT `thr_session` FROM `made_user` WHERE `id` = 4 LIMIT 1   [ RunTime:0.0003s ]
SQL: SELECT * FROM `made_quote` WHERE `user_id` = '4'  [ RunTime:0.0002s ]
INFO: [ app_end ] --START--
INFO: Run Behavior\ShowPageTraceBehavior [ RunTime:0.000831s ]
INFO: [ app_end ] --END-- [ RunTime:0.000941s ]

[ 2018-08-06T09:15:11+08:00 ] 127.0.0.1 /jiimadeeee/index.php/Home/index/orderState?userId=4&thr_session=e410d458e713f7a129da0d4b2edcbbdd
INFO: [ app_init ] --START--
INFO: Run Behavior\BuildLiteBehavior [ RunTime:0.000026s ]
INFO: [ app_init ] --END-- [ RunTime:0.000591s ]
INFO: [ app_begin ] --START--
INFO: Run Behavior\ReadHtmlCacheBehavior [ RunTime:0.000977s ]
INFO: [ app_begin ] --END-- [ RunTime:0.001142s ]
NOTIC: [2048] Declaration of Home\Controller\IndexController::theme() should be compatible with Think\Controller::theme($theme) D:\wamp64\www\jiimadeeee\Application\Home\Controller\IndexController.class.php 第 294 行.
SQL: SHOW COLUMNS FROM `made_order` [ RunTime:0.0014s ]
SQL: SHOW COLUMNS FROM `made_user` [ RunTime:0.0004s ]
SQL: SELECT `thr_session` FROM `made_user` WHERE `id` = 4 LIMIT 1   [ RunTime:0.0002s ]
SQL: SELECT * FROM `made_order` WHERE `user_id` = '4'  [ RunTime:0.0002s ]
INFO: [ app_end ] --START--
INFO: Run Behavior\ShowPageTraceBehavior [ RunTime:0.000803s ]
INFO: [ app_end ] --END-- [ RunTime:0.000916s ]

[ 2018-08-06T09:15:14+08:00 ] 127.0.0.1 /jiimadeeee/index.php/Home/index/getPhone?userId=4&thr_session=e410d458e713f7a129da0d4b2edcbbdd&iv=%2Fa6UQrQ17GWPJM5kxrvVVQ%3D%3D&encryptedData=SAT7ybyXXAsz3q%2F6oSVEIex5Fk6IoGEmtim%2BiIs8bwjjhZdGKNFr7Mb9vflghpUuvT%2BPUG%2FJ7Ht3SLX8IZOtq85ovfuyfLJetJBViqP86pWD1QzK5yEdAe2i6zDPaAP4zMAiAfSv0m9eCi4K9NF7LKjYjO67b8o%2FB%2FozxkmfHYo6b6Br7MWbDmA3T57OTBMwQbOglxNz%2BJNyEPvQ084M3w%3D%3D&latitude=30.2084&longitude=120.21201
INFO: [ app_init ] --START--
INFO: Run Behavior\BuildLiteBehavior [ RunTime:0.000026s ]
INFO: [ app_init ] --END-- [ RunTime:0.000540s ]
INFO: [ app_begin ] --START--
INFO: Run Behavior\ReadHtmlCacheBehavior [ RunTime:0.000847s ]
INFO: [ app_begin ] --END-- [ RunTime:0.000973s ]
NOTIC: [2048] Declaration of Home\Controller\IndexController::theme() should be compatible with Think\Controller::theme($theme) D:\wamp64\www\jiimadeeee\Application\Home\Controller\IndexController.class.php 第 294 行.
SQL: SHOW COLUMNS FROM `made_user` [ RunTime:0.0006s ]
SQL: SELECT `thr_session` FROM `made_user` WHERE `id` = 4 LIMIT 1   [ RunTime:0.0005s ]
SQL: SELECT `session_key` FROM `made_user` WHERE `id` = 4 LIMIT 1   [ RunTime:0.0003s ]
SQL: UPDATE `made_user` SET `telephone`='18720920196' WHERE `id` = 4 [ RunTime:0.0005s ]
SQL: SHOW COLUMNS FROM `made_quote` [ RunTime:0.0027s ]
SQL: SELECT * FROM `made_quote` WHERE `user_id` = '4'  [ RunTime:0.0008s ]
SQL: INSERT INTO `made_quote` (`id`,`user_id`,`telephone`,`address`,`add_time`) VALUES ('20180806091514055665','4','18720920196','浙江省杭州市滨江区江汉路1444','1533518114') [ RunTime:0.0023s ]
SQL: SELECT * FROM `made_user` WHERE `id` = 4 LIMIT 1   [ RunTime:0.0007s ]
INFO: [ app_end ] --START--
INFO: Run Behavior\ShowPageTraceBehavior [ RunTime:0.002142s ]
INFO: [ app_end ] --END-- [ RunTime:0.002446s ]

[ 2018-08-06T09:15:14+08:00 ] 127.0.0.1 /jiimadeeee/index.php/Home/index/chooseFurniture
INFO: [ app_init ] --START--
INFO: Run Behavior\BuildLiteBehavior [ RunTime:0.000042s ]
INFO: [ app_init ] --END-- [ RunTime:0.000919s ]
INFO: [ app_begin ] --START--
INFO: Run Behavior\ReadHtmlCacheBehavior [ RunTime:0.001182s ]
INFO: [ app_begin ] --END-- [ RunTime:0.001350s ]
NOTIC: [2048] Declaration of Home\Controller\IndexController::theme() should be compatible with Think\Controller::theme($theme) D:\wamp64\www\jiimadeeee\Application\Home\Controller\IndexController.class.php 第 294 行.
SQL: SHOW COLUMNS FROM `made_furniture` [ RunTime:0.0015s ]
SQL: SELECT `id`,`fur_name`,`img_src`,`attribute` FROM `made_furniture` ORDER BY sort_id asc  [ RunTime:0.0003s ]
INFO: [ app_end ] --START--
INFO: Run Behavior\ShowPageTraceBehavior [ RunTime:0.001162s ]
INFO: [ app_end ] --END-- [ RunTime:0.001377s ]

[ 2018-08-06T09:15:22+08:00 ] 127.0.0.1 /jiimadeeee/index.php/home/index/theme
INFO: [ app_init ] --START--
INFO: Run Behavior\BuildLiteBehavior [ RunTime:0.000025s ]
INFO: [ app_init ] --END-- [ RunTime:0.000502s ]
INFO: [ app_begin ] --START--
INFO: Run Behavior\ReadHtmlCacheBehavior [ RunTime:0.000788s ]
INFO: [ app_begin ] --END-- [ RunTime:0.000900s ]
NOTIC: [2048] Declaration of Home\Controller\IndexController::theme() should be compatible with Think\Controller::theme($theme) D:\wamp64\www\jiimadeeee\Application\Home\Controller\IndexController.class.php 第 294 行.
SQL: SHOW COLUMNS FROM `made_theme` [ RunTime:0.0014s ]
SQL: SELECT * FROM `made_theme` ORDER BY sort_id asc  [ RunTime:0.0003s ]
INFO: [ app_end ] --START--
INFO: Run Behavior\ShowPageTraceBehavior [ RunTime:0.000986s ]
INFO: [ app_end ] --END-- [ RunTime:0.001101s ]

[ 2018-08-06T09:15:22+08:00 ] 127.0.0.1 /jiimadeeee/index.php/home/index/getCarousel?themeId=2
INFO: [ app_init ] --START--
INFO: Run Behavior\BuildLiteBehavior [ RunTime:0.000026s ]
INFO: [ app_init ] --END-- [ RunTime:0.000571s ]
INFO: [ app_begin ] --START--
INFO: Run Behavior\ReadHtmlCacheBehavior [ RunTime:0.000813s ]
INFO: [ app_begin ] --END-- [ RunTime:0.000931s ]
NOTIC: [2048] Declaration of Home\Controller\IndexController::theme() should be compatible with Think\Controller::theme($theme) D:\wamp64\www\jiimadeeee\Application\Home\Controller\IndexController.class.php 第 294 行.
SQL: SHOW COLUMNS FROM `made_carousel` [ RunTime:0.0016s ]
SQL: SELECT * FROM `made_carousel` WHERE `theme_id` = '2' ORDER BY sort_id asc  [ RunTime:0.0003s ]
INFO: [ app_end ] --START--
INFO: Run Behavior\ShowPageTraceBehavior [ RunTime:0.000940s ]
INFO: [ app_end ] --END-- [ RunTime:0.001049s ]

[ 2018-08-06T09:15:22+08:00 ] 127.0.0.1 /jiimadeeee/index.php/home/index/login?code=021hom6e0uaJPA1VNV5e0Xfa6e0hom6E
INFO: [ app_init ] --START--
INFO: Run Behavior\BuildLiteBehavior [ RunTime:0.000031s ]
INFO: [ app_init ] --END-- [ RunTime:0.000673s ]
INFO: [ app_begin ] --START--
INFO: Run Behavior\ReadHtmlCacheBehavior [ RunTime:0.000819s ]
INFO: [ app_begin ] --END-- [ RunTime:0.000939s ]
NOTIC: [2048] Declaration of Home\Controller\IndexController::theme() should be compatible with Think\Controller::theme($theme) D:\wamp64\www\jiimadeeee\Application\Home\Controller\IndexController.class.php 第 294 行.
SQL: SHOW COLUMNS FROM `made_user` [ RunTime:0.0005s ]
SQL: SELECT `id` FROM `made_user` WHERE `openid` = 'oNhEB5TQ0RnhTMWh51xIwxvpfZ8M' LIMIT 1   [ RunTime:0.0005s ]
SQL: UPDATE `made_user` SET `thr_session`='e410d458e713f7a129da0d4b2edcbbdd',`session_key`='iiwG/BwOQhHO7tkMziEn9w==' WHERE `id` = 4 [ RunTime:0.0003s ]
INFO: [ app_end ] --START--
INFO: Run Behavior\ShowPageTraceBehavior [ RunTime:0.000881s ]
INFO: [ app_end ] --END-- [ RunTime:0.000981s ]

[ 2018-08-06T09:17:36+08:00 ] 127.0.0.1 /jiimadeeee/index.php/home/index/getCarousel?themeId=3
INFO: [ app_init ] --START--
INFO: Run Behavior\BuildLiteBehavior [ RunTime:0.000023s ]
INFO: [ app_init ] --END-- [ RunTime:0.000477s ]
INFO: [ app_begin ] --START--
INFO: Run Behavior\ReadHtmlCacheBehavior [ RunTime:0.000739s ]
INFO: [ app_begin ] --END-- [ RunTime:0.000845s ]
NOTIC: [2048] Declaration of Home\Controller\IndexController::theme() should be compatible with Think\Controller::theme($theme) D:\wamp64\www\jiimadeeee\Application\Home\Controller\IndexController.class.php 第 294 行.
SQL: SHOW COLUMNS FROM `made_carousel` [ RunTime:0.0016s ]
SQL: SELECT * FROM `made_carousel` WHERE `theme_id` = '3' ORDER BY sort_id asc  [ RunTime:0.0004s ]
INFO: [ app_end ] --START--
INFO: Run Behavior\ShowPageTraceBehavior [ RunTime:0.000892s ]
INFO: [ app_end ] --END-- [ RunTime:0.001000s ]

[ 2018-08-06T09:17:38+08:00 ] 127.0.0.1 /jiimadeeee/index.php/home/index/getCarousel?themeId=4
INFO: [ app_init ] --START--
INFO: Run Behavior\BuildLiteBehavior [ RunTime:0.000021s ]
INFO: [ app_init ] --END-- [ RunTime:0.000443s ]
INFO: [ app_begin ] --START--
INFO: Run Behavior\ReadHtmlCacheBehavior [ RunTime:0.000710s ]
INFO: [ app_begin ] --END-- [ RunTime:0.000837s ]
NOTIC: [2048] Declaration of Home\Controller\IndexController::theme() should be compatible with Think\Controller::theme($theme) D:\wamp64\www\jiimadeeee\Application\Home\Controller\IndexController.class.php 第 294 行.
SQL: SHOW COLUMNS FROM `made_carousel` [ RunTime:0.0014s ]
SQL: SELECT * FROM `made_carousel` WHERE `theme_id` = '4' ORDER BY sort_id asc  [ RunTime:0.0002s ]
INFO: [ app_end ] --START--
INFO: Run Behavior\ShowPageTraceBehavior [ RunTime:0.000869s ]
INFO: [ app_end ] --END-- [ RunTime:0.000969s ]

[ 2018-08-06T09:17:38+08:00 ] 127.0.0.1 /jiimadeeee/index.php/home/index/getCarousel?themeId=5
INFO: [ app_init ] --START--
INFO: Run Behavior\BuildLiteBehavior [ RunTime:0.000052s ]
INFO: [ app_init ] --END-- [ RunTime:0.001076s ]
INFO: [ app_begin ] --START--
INFO: Run Behavior\ReadHtmlCacheBehavior [ RunTime:0.001606s ]
INFO: [ app_begin ] --END-- [ RunTime:0.001856s ]
NOTIC: [2048] Declaration of Home\Controller\IndexController::theme() should be compatible with Think\Controller::theme($theme) D:\wamp64\www\jiimadeeee\Application\Home\Controller\IndexController.class.php 第 294 行.
SQL: SHOW COLUMNS FROM `made_carousel` [ RunTime:0.0016s ]
SQL: SELECT * FROM `made_carousel` WHERE `theme_id` = '5' ORDER BY sort_id asc  [ RunTime:0.0003s ]
INFO: [ app_end ] --START--
INFO: Run Behavior\ShowPageTraceBehavior [ RunTime:0.000891s ]
INFO: [ app_end ] --END-- [ RunTime:0.000991s ]

[ 2018-08-06T09:17:39+08:00 ] 127.0.0.1 /jiimadeeee/index.php/home/index/getCarousel?themeId=6
INFO: [ app_init ] --START--
INFO: Run Behavior\BuildLiteBehavior [ RunTime:0.000036s ]
INFO: [ app_init ] --END-- [ RunTime:0.000480s ]
INFO: [ app_begin ] --START--
INFO: Run Behavior\ReadHtmlCacheBehavior [ RunTime:0.000776s ]
INFO: [ app_begin ] --END-- [ RunTime:0.000892s ]
NOTIC: [2048] Declaration of Home\Controller\IndexController::theme() should be compatible with Think\Controller::theme($theme) D:\wamp64\www\jiimadeeee\Application\Home\Controller\IndexController.class.php 第 294 行.
SQL: SHOW COLUMNS FROM `made_carousel` [ RunTime:0.0005s ]
SQL: SELECT * FROM `made_carousel` WHERE `theme_id` = '6' ORDER BY sort_id asc  [ RunTime:0.0002s ]
INFO: [ app_end ] --START--
INFO: Run Behavior\ShowPageTraceBehavior [ RunTime:0.000892s ]
INFO: [ app_end ] --END-- [ RunTime:0.000995s ]

[ 2018-08-06T09:17:40+08:00 ] 127.0.0.1 /jiimadeeee/index.php/home/index/getCarousel?themeId=5
INFO: [ app_init ] --START--
INFO: Run Behavior\BuildLiteBehavior [ RunTime:0.000022s ]
INFO: [ app_init ] --END-- [ RunTime:0.000461s ]
INFO: [ app_begin ] --START--
INFO: Run Behavior\ReadHtmlCacheBehavior [ RunTime:0.000737s ]
INFO: [ app_begin ] --END-- [ RunTime:0.000840s ]
NOTIC: [2048] Declaration of Home\Controller\IndexController::theme() should be compatible with Think\Controller::theme($theme) D:\wamp64\www\jiimadeeee\Application\Home\Controller\IndexController.class.php 第 294 行.
SQL: SHOW COLUMNS FROM `made_carousel` [ RunTime:0.0005s ]
SQL: SELECT * FROM `made_carousel` WHERE `theme_id` = '5' ORDER BY sort_id asc  [ RunTime:0.0003s ]
INFO: [ app_end ] --START--
INFO: Run Behavior\ShowPageTraceBehavior [ RunTime:0.001020s ]
INFO: [ app_end ] --END-- [ RunTime:0.001145s ]

[ 2018-08-06T09:17:40+08:00 ] 127.0.0.1 /jiimadeeee/index.php/home/index/getCarousel?themeId=4
INFO: [ app_init ] --START--
INFO: Run Behavior\BuildLiteBehavior [ RunTime:0.000021s ]
INFO: [ app_init ] --END-- [ RunTime:0.000446s ]
INFO: [ app_begin ] --START--
INFO: Run Behavior\ReadHtmlCacheBehavior [ RunTime:0.000730s ]
INFO: [ app_begin ] --END-- [ RunTime:0.000833s ]
NOTIC: [2048] Declaration of Home\Controller\IndexController::theme() should be compatible with Think\Controller::theme($theme) D:\wamp64\www\jiimadeeee\Application\Home\Controller\IndexController.class.php 第 294 行.
SQL: SHOW COLUMNS FROM `made_carousel` [ RunTime:0.0006s ]
SQL: SELECT * FROM `made_carousel` WHERE `theme_id` = '4' ORDER BY sort_id asc  [ RunTime:0.0004s ]
INFO: [ app_end ] --START--
INFO: Run Behavior\ShowPageTraceBehavior [ RunTime:0.002021s ]
INFO: [ app_end ] --END-- [ RunTime:0.002280s ]

[ 2018-08-06T09:17:41+08:00 ] 127.0.0.1 /jiimadeeee/index.php/home/index/getCarousel?themeId=3
INFO: [ app_init ] --START--
INFO: Run Behavior\BuildLiteBehavior [ RunTime:0.000021s ]
INFO: [ app_init ] --END-- [ RunTime:0.000438s ]
INFO: [ app_begin ] --START--
INFO: Run Behavior\ReadHtmlCacheBehavior [ RunTime:0.000929s ]
INFO: [ app_begin ] --END-- [ RunTime:0.001045s ]
NOTIC: [2048] Declaration of Home\Controller\IndexController::theme() should be compatible with Think\Controller::theme($theme) D:\wamp64\www\jiimadeeee\Application\Home\Controller\IndexController.class.php 第 294 行.
SQL: SHOW COLUMNS FROM `made_carousel` [ RunTime:0.0013s ]
SQL: SELECT * FROM `made_carousel` WHERE `theme_id` = '3' ORDER BY sort_id asc  [ RunTime:0.0003s ]
INFO: [ app_end ] --START--
INFO: Run Behavior\ShowPageTraceBehavior [ RunTime:0.000887s ]
INFO: [ app_end ] --END-- [ RunTime:0.000988s ]

[ 2018-08-06T09:17:52+08:00 ] 127.0.0.1 /jiimadeeee/index.php/home/index/getArticleCate
INFO: [ app_init ] --START--
INFO: Run Behavior\BuildLiteBehavior [ RunTime:0.000023s ]
INFO: [ app_init ] --END-- [ RunTime:0.000479s ]
INFO: [ app_begin ] --START--
INFO: Run Behavior\ReadHtmlCacheBehavior [ RunTime:0.000776s ]
INFO: [ app_begin ] --END-- [ RunTime:0.000886s ]
NOTIC: [2048] Declaration of Home\Controller\IndexController::theme() should be compatible with Think\Controller::theme($theme) D:\wamp64\www\jiimadeeee\Application\Home\Controller\IndexController.class.php 第 294 行.
SQL: SHOW COLUMNS FROM `made_article_category` [ RunTime:0.0025s ]
SQL: SELECT * FROM `made_article_category` ORDER BY order_id asc  [ RunTime:0.0003s ]
INFO: [ app_end ] --START--
INFO: Run Behavior\ShowPageTraceBehavior [ RunTime:0.001073s ]
INFO: [ app_end ] --END-- [ RunTime:0.001181s ]

[ 2018-08-06T09:17:52+08:00 ] 127.0.0.1 /jiimadeeee/index.php/home/index/getArticle?cateId=4
INFO: [ app_init ] --START--
INFO: Run Behavior\BuildLiteBehavior [ RunTime:0.000023s ]
INFO: [ app_init ] --END-- [ RunTime:0.000489s ]
INFO: [ app_begin ] --START--
INFO: Run Behavior\ReadHtmlCacheBehavior [ RunTime:0.000753s ]
INFO: [ app_begin ] --END-- [ RunTime:0.000871s ]
NOTIC: [2048] Declaration of Home\Controller\IndexController::theme() should be compatible with Think\Controller::theme($theme) D:\wamp64\www\jiimadeeee\Application\Home\Controller\IndexController.class.php 第 294 行.
SQL: SHOW COLUMNS FROM `made_article` [ RunTime:0.0025s ]
SQL: SELECT * FROM `made_article` WHERE `cate_id` = '4' AND `is_index` = '1' ORDER BY sort_id asc  [ RunTime:0.0005s ]
INFO: [ app_end ] --START--
INFO: Run Behavior\ShowPageTraceBehavior [ RunTime:0.000902s ]
INFO: [ app_end ] --END-- [ RunTime:0.001018s ]

[ 2018-08-06T09:17:54+08:00 ] 127.0.0.1 /jiimadeeee/index.php/home/index/getArticle?cateId=3
INFO: [ app_init ] --START--
INFO: Run Behavior\BuildLiteBehavior [ RunTime:0.000026s ]
INFO: [ app_init ] --END-- [ RunTime:0.000511s ]
INFO: [ app_begin ] --START--
INFO: Run Behavior\ReadHtmlCacheBehavior [ RunTime:0.001030s ]
INFO: [ app_begin ] --END-- [ RunTime:0.001193s ]
NOTIC: [2048] Declaration of Home\Controller\IndexController::theme() should be compatible with Think\Controller::theme($theme) D:\wamp64\www\jiimadeeee\Application\Home\Controller\IndexController.class.php 第 294 行.
SQL: SHOW COLUMNS FROM `made_article` [ RunTime:0.0013s ]
SQL: SELECT * FROM `made_article` WHERE `cate_id` = '3' AND `is_index` = '1' ORDER BY sort_id asc  [ RunTime:0.0003s ]
INFO: [ app_end ] --START--
INFO: Run Behavior\ShowPageTraceBehavior [ RunTime:0.000925s ]
INFO: [ app_end ] --END-- [ RunTime:0.001036s ]

[ 2018-08-06T09:17:55+08:00 ] 127.0.0.1 /jiimadeeee/index.php/Home/index/getCate
INFO: [ app_init ] --START--
INFO: Run Behavior\BuildLiteBehavior [ RunTime:0.000035s ]
INFO: [ app_init ] --END-- [ RunTime:0.000587s ]
INFO: [ app_begin ] --START--
INFO: Run Behavior\ReadHtmlCacheBehavior [ RunTime:0.000863s ]
INFO: [ app_begin ] --END-- [ RunTime:0.001007s ]
NOTIC: [2048] Declaration of Home\Controller\IndexController::theme() should be compatible with Think\Controller::theme($theme) D:\wamp64\www\jiimadeeee\Application\Home\Controller\IndexController.class.php 第 294 行.
SQL: SHOW COLUMNS FROM `made_category` [ RunTime:0.0018s ]
SQL: SELECT * FROM `made_category` WHERE `is_index` = '1' ORDER BY order_id asc  [ RunTime:0.0007s ]
INFO: [ app_end ] --START--
INFO: Run Behavior\ShowPageTraceBehavior [ RunTime:0.001126s ]
INFO: [ app_end ] --END-- [ RunTime:0.001289s ]

[ 2018-08-06T09:17:57+08:00 ] 127.0.0.1 /jiimadeeee/index.php/Home/index/listCart?userId=4&thr_session=e410d458e713f7a129da0d4b2edcbbdd
INFO: [ app_init ] --START--
INFO: Run Behavior\BuildLiteBehavior [ RunTime:0.000025s ]
INFO: [ app_init ] --END-- [ RunTime:0.000516s ]
INFO: [ app_begin ] --START--
INFO: Run Behavior\ReadHtmlCacheBehavior [ RunTime:0.001477s ]
INFO: [ app_begin ] --END-- [ RunTime:0.001738s ]
NOTIC: [2048] Declaration of Home\Controller\IndexController::theme() should be compatible with Think\Controller::theme($theme) D:\wamp64\www\jiimadeeee\Application\Home\Controller\IndexController.class.php 第 294 行.
SQL: SHOW COLUMNS FROM `made_cart` [ RunTime:0.0020s ]
SQL: SELECT * FROM `made_cart` WHERE `user_id` = '4'  [ RunTime:0.0006s ]
SQL: SHOW COLUMNS FROM `made_goods_number` [ RunTime:0.0025s ]
SQL: SHOW COLUMNS FROM `made_goods_attr` [ RunTime:0.0016s ]
SQL: SHOW COLUMNS FROM `made_goods` [ RunTime:0.0013s ]
SQL: SHOW COLUMNS FROM `made_color` [ RunTime:0.0015s ]
SQL: SHOW COLUMNS FROM `made_user` [ RunTime:0.0005s ]
SQL: SELECT `thr_session` FROM `made_user` WHERE `id` = 4 LIMIT 1   [ RunTime:0.0002s ]
SQL: SHOW COLUMNS FROM `made_cart_module` [ RunTime:0.0014s ]
SQL: SELECT `goods_price`,`discount_price`,`goods_number`,`img_src`,`deduction` FROM `made_goods_number` WHERE `goods_id` = '5' AND `goods_attr_id` = '30,33' AND `goods_number` > '0' LIMIT 1   [ RunTime:0.0004s ]
SQL: SELECT `is_on_sale`,`goods_name` FROM `made_goods` WHERE `id` = 5 LIMIT 1   [ RunTime:0.0002s ]
SQL: SELECT a.attr_value,b.attr_type FROM made_goods_attr a LEFT JOIN made_attribute b ON a.attr_id = b.id  WHERE a.id = '30' LIMIT 1   [ RunTime:0.0015s ]
SQL: SELECT a.attr_value,b.attr_type FROM made_goods_attr a LEFT JOIN made_attribute b ON a.attr_id = b.id  WHERE a.id = '33' LIMIT 1   [ RunTime:0.0002s ]
SQL: SELECT `color_name` FROM `made_color` WHERE `id` = 5 LIMIT 1   [ RunTime:0.0002s ]
INFO: [ app_end ] --START--
INFO: Run Behavior\ShowPageTraceBehavior [ RunTime:0.001420s ]
INFO: [ app_end ] --END-- [ RunTime:0.001688s ]

[ 2018-08-06T09:17:57+08:00 ] 127.0.0.1 /jiimadeeee/index.php/Home/index/listCart?userId=4&thr_session=e410d458e713f7a129da0d4b2edcbbdd
INFO: [ app_init ] --START--
INFO: Run Behavior\BuildLiteBehavior [ RunTime:0.000023s ]
INFO: [ app_init ] --END-- [ RunTime:0.000493s ]
INFO: [ app_begin ] --START--
INFO: Run Behavior\ReadHtmlCacheBehavior [ RunTime:0.000802s ]
INFO: [ app_begin ] --END-- [ RunTime:0.000914s ]
NOTIC: [2048] Declaration of Home\Controller\IndexController::theme() should be compatible with Think\Controller::theme($theme) D:\wamp64\www\jiimadeeee\Application\Home\Controller\IndexController.class.php 第 294 行.
SQL: SHOW COLUMNS FROM `made_cart` [ RunTime:0.0014s ]
SQL: SELECT * FROM `made_cart` WHERE `user_id` = '4'  [ RunTime:0.0003s ]
SQL: SHOW COLUMNS FROM `made_goods_number` [ RunTime:0.0016s ]
SQL: SHOW COLUMNS FROM `made_goods_attr` [ RunTime:0.0016s ]
SQL: SHOW COLUMNS FROM `made_goods` [ RunTime:0.0015s ]
SQL: SHOW COLUMNS FROM `made_color` [ RunTime:0.0017s ]
SQL: SHOW COLUMNS FROM `made_user` [ RunTime:0.0006s ]
SQL: SELECT `thr_session` FROM `made_user` WHERE `id` = 4 LIMIT 1   [ RunTime:0.0002s ]
SQL: SHOW COLUMNS FROM `made_cart_module` [ RunTime:0.0023s ]
SQL: SELECT `goods_price`,`discount_price`,`goods_number`,`img_src`,`deduction` FROM `made_goods_number` WHERE `goods_id` = '5' AND `goods_attr_id` = '30,33' AND `goods_number` > '0' LIMIT 1   [ RunTime:0.0007s ]
SQL: SELECT `is_on_sale`,`goods_name` FROM `made_goods` WHERE `id` = 5 LIMIT 1   [ RunTime:0.0005s ]
SQL: SELECT a.attr_value,b.attr_type FROM made_goods_attr a LEFT JOIN made_attribute b ON a.attr_id = b.id  WHERE a.id = '30' LIMIT 1   [ RunTime:0.0014s ]
SQL: SELECT a.attr_value,b.attr_type FROM made_goods_attr a LEFT JOIN made_attribute b ON a.attr_id = b.id  WHERE a.id = '33' LIMIT 1   [ RunTime:0.0003s ]
SQL: SELECT `color_name` FROM `made_color` WHERE `id` = 5 LIMIT 1   [ RunTime:0.0003s ]
INFO: [ app_end ] --START--
INFO: Run Behavior\ShowPageTraceBehavior [ RunTime:0.000984s ]
INFO: [ app_end ] --END-- [ RunTime:0.001095s ]

[ 2018-08-06T09:17:57+08:00 ] 127.0.0.1 /jiimadeeee/index.php/Home/index/checkQuote?userId=4&thr_session=e410d458e713f7a129da0d4b2edcbbdd
INFO: [ app_init ] --START--
INFO: Run Behavior\BuildLiteBehavior [ RunTime:0.000038s ]
INFO: [ app_init ] --END-- [ RunTime:0.000773s ]
INFO: [ app_begin ] --START--
INFO: Run Behavior\ReadHtmlCacheBehavior [ RunTime:0.001081s ]
INFO: [ app_begin ] --END-- [ RunTime:0.001244s ]
NOTIC: [2048] Declaration of Home\Controller\IndexController::theme() should be compatible with Think\Controller::theme($theme) D:\wamp64\www\jiimadeeee\Application\Home\Controller\IndexController.class.php 第 294 行.
SQL: SHOW COLUMNS FROM `made_quote` [ RunTime:0.0008s ]
SQL: SHOW COLUMNS FROM `made_user` [ RunTime:0.0008s ]
SQL: SELECT `thr_session` FROM `made_user` WHERE `id` = 4 LIMIT 1   [ RunTime:0.0004s ]
SQL: SELECT * FROM `made_quote` WHERE `user_id` = '4'  [ RunTime:0.0003s ]
INFO: [ app_end ] --START--
INFO: Run Behavior\ShowPageTraceBehavior [ RunTime:0.001011s ]
INFO: [ app_end ] --END-- [ RunTime:0.001126s ]

[ 2018-08-06T09:17:57+08:00 ] 127.0.0.1 /jiimadeeee/index.php/Home/index/orderState?userId=4&thr_session=e410d458e713f7a129da0d4b2edcbbdd
INFO: [ app_init ] --START--
INFO: Run Behavior\BuildLiteBehavior [ RunTime:0.000026s ]
INFO: [ app_init ] --END-- [ RunTime:0.000682s ]
INFO: [ app_begin ] --START--
INFO: Run Behavior\ReadHtmlCacheBehavior [ RunTime:0.001168s ]
INFO: [ app_begin ] --END-- [ RunTime:0.001369s ]
NOTIC: [2048] Declaration of Home\Controller\IndexController::theme() should be compatible with Think\Controller::theme($theme) D:\wamp64\www\jiimadeeee\Application\Home\Controller\IndexController.class.php 第 294 行.
SQL: SHOW COLUMNS FROM `made_order` [ RunTime:0.0017s ]
SQL: SHOW COLUMNS FROM `made_user` [ RunTime:0.0007s ]
SQL: SELECT `thr_session` FROM `made_user` WHERE `id` = 4 LIMIT 1   [ RunTime:0.0003s ]
SQL: SELECT * FROM `made_order` WHERE `user_id` = '4'  [ RunTime:0.0003s ]
INFO: [ app_end ] --START--
INFO: Run Behavior\ShowPageTraceBehavior [ RunTime:0.000956s ]
INFO: [ app_end ] --END-- [ RunTime:0.001093s ]

[ 2018-08-06T09:17:57+08:00 ] 127.0.0.1 /jiimadeeee/index.php/Home/index/orderState?userId=4&thr_session=e410d458e713f7a129da0d4b2edcbbdd
INFO: [ app_init ] --START--
INFO: Run Behavior\BuildLiteBehavior [ RunTime:0.000032s ]
INFO: [ app_init ] --END-- [ RunTime:0.000778s ]
INFO: [ app_begin ] --START--
INFO: Run Behavior\ReadHtmlCacheBehavior [ RunTime:0.001088s ]
INFO: [ app_begin ] --END-- [ RunTime:0.001262s ]
NOTIC: [2048] Declaration of Home\Controller\IndexController::theme() should be compatible with Think\Controller::theme($theme) D:\wamp64\www\jiimadeeee\Application\Home\Controller\IndexController.class.php 第 294 行.
SQL: SHOW COLUMNS FROM `made_order` [ RunTime:0.0017s ]
SQL: SHOW COLUMNS FROM `made_user` [ RunTime:0.0016s ]
SQL: SELECT `thr_session` FROM `made_user` WHERE `id` = 4 LIMIT 1   [ RunTime:0.0003s ]
SQL: SELECT * FROM `made_order` WHERE `user_id` = '4'  [ RunTime:0.0003s ]
INFO: [ app_end ] --START--
INFO: Run Behavior\ShowPageTraceBehavior [ RunTime:0.001299s ]
INFO: [ app_end ] --END-- [ RunTime:0.001495s ]

[ 2018-08-06T09:17:58+08:00 ] 127.0.0.1 /jiimadeeee/index.php/Home/index/checkQuote?userId=4&thr_session=e410d458e713f7a129da0d4b2edcbbdd
INFO: [ app_init ] --START--
INFO: Run Behavior\BuildLiteBehavior [ RunTime:0.000025s ]
INFO: [ app_init ] --END-- [ RunTime:0.000560s ]
INFO: [ app_begin ] --START--
INFO: Run Behavior\ReadHtmlCacheBehavior [ RunTime:0.000879s ]
INFO: [ app_begin ] --END-- [ RunTime:0.001031s ]
NOTIC: [2048] Declaration of Home\Controller\IndexController::theme() should be compatible with Think\Controller::theme($theme) D:\wamp64\www\jiimadeeee\Application\Home\Controller\IndexController.class.php 第 294 行.
SQL: SHOW COLUMNS FROM `made_quote` [ RunTime:0.0005s ]
SQL: SHOW COLUMNS FROM `made_user` [ RunTime:0.0007s ]
SQL: SELECT `thr_session` FROM `made_user` WHERE `id` = 4 LIMIT 1   [ RunTime:0.0004s ]
SQL: SELECT * FROM `made_quote` WHERE `user_id` = '4'  [ RunTime:0.0005s ]
INFO: [ app_end ] --START--
INFO: Run Behavior\ShowPageTraceBehavior [ RunTime:0.001199s ]
INFO: [ app_end ] --END-- [ RunTime:0.001393s ]

[ 2018-08-06T09:18:08+08:00 ] 127.0.0.1 /jiimadeeee/index.php/Home/index/userInfo?userId=4&thr_session=e410d458e713f7a129da0d4b2edcbbdd
INFO: [ app_init ] --START--
INFO: Run Behavior\BuildLiteBehavior [ RunTime:0.000046s ]
INFO: [ app_init ] --END-- [ RunTime:0.000835s ]
INFO: [ app_begin ] --START--
INFO: Run Behavior\ReadHtmlCacheBehavior [ RunTime:0.001096s ]
INFO: [ app_begin ] --END-- [ RunTime:0.001330s ]
NOTIC: [2048] Declaration of Home\Controller\IndexController::theme() should be compatible with Think\Controller::theme($theme) D:\wamp64\www\jiimadeeee\Application\Home\Controller\IndexController.class.php 第 294 行.
SQL: SHOW COLUMNS FROM `made_user` [ RunTime:0.0011s ]
SQL: SELECT `thr_session` FROM `made_user` WHERE `id` = 4 LIMIT 1   [ RunTime:0.0007s ]
SQL: SHOW COLUMNS FROM `made_integration` [ RunTime:0.0031s ]
SQL: SELECT * FROM `made_integration` WHERE `id` = 4 LIMIT 1   [ RunTime:0.0007s ]
SQL: SHOW COLUMNS FROM `made_integration_record` [ RunTime:0.0023s ]
SQL: SELECT * FROM `made_integration_record` WHERE `add_time` > 1533484800  [ RunTime:0.0003s ]
SQL: SELECT sum(integration) as todaySum FROM `made_integration_record` WHERE `add_time` > 1533484800  [ RunTime:0.0002s ]
NOTIC: [8] Undefined variable: child D:\wamp64\www\jiimadeeee\Application\Admin\Model\UserModel.class.php 第 282 行.
INFO: [ app_end ] --START--
INFO: Run Behavior\ShowPageTraceBehavior [ RunTime:0.001866s ]
INFO: [ app_end ] --END-- [ RunTime:0.002130s ]

[ 2018-08-06T09:18:08+08:00 ] 127.0.0.1 /jiimadeeee/index.php/Home/index/userInfo?userId=4&thr_session=e410d458e713f7a129da0d4b2edcbbdd
INFO: [ app_init ] --START--
INFO: Run Behavior\BuildLiteBehavior [ RunTime:0.000028s ]
INFO: [ app_init ] --END-- [ RunTime:0.000726s ]
INFO: [ app_begin ] --START--
INFO: Run Behavior\ReadHtmlCacheBehavior [ RunTime:0.001201s ]
INFO: [ app_begin ] --END-- [ RunTime:0.001416s ]
NOTIC: [2048] Declaration of Home\Controller\IndexController::theme() should be compatible with Think\Controller::theme($theme) D:\wamp64\www\jiimadeeee\Application\Home\Controller\IndexController.class.php 第 294 行.
SQL: SHOW COLUMNS FROM `made_user` [ RunTime:0.0011s ]
SQL: SELECT `thr_session` FROM `made_user` WHERE `id` = 4 LIMIT 1   [ RunTime:0.0004s ]
SQL: SHOW COLUMNS FROM `made_integration` [ RunTime:0.0035s ]
SQL: SELECT * FROM `made_integration` WHERE `id` = 4 LIMIT 1   [ RunTime:0.0007s ]
SQL: SHOW COLUMNS FROM `made_integration_record` [ RunTime:0.0025s ]
SQL: SELECT * FROM `made_integration_record` WHERE `add_time` > 1533484800  [ RunTime:0.0003s ]
SQL: SELECT sum(integration) as todaySum FROM `made_integration_record` WHERE `add_time` > 1533484800  [ RunTime:0.0002s ]
NOTIC: [8] Undefined variable: child D:\wamp64\www\jiimadeeee\Application\Admin\Model\UserModel.class.php 第 282 行.
INFO: [ app_end ] --START--
INFO: Run Behavior\ShowPageTraceBehavior [ RunTime:0.001774s ]
INFO: [ app_end ] --END-- [ RunTime:0.001992s ]

[ 2018-08-06T09:18:09+08:00 ] 127.0.0.1 /jiimadeeee/index.php/home/index/userPrcode?userId=4&thr_session=e410d458e713f7a129da0d4b2edcbbdd
INFO: [ app_init ] --START--
INFO: Run Behavior\BuildLiteBehavior [ RunTime:0.000027s ]
INFO: [ app_init ] --END-- [ RunTime:0.000674s ]
INFO: [ app_begin ] --START--
INFO: Run Behavior\ReadHtmlCacheBehavior [ RunTime:0.000881s ]
INFO: [ app_begin ] --END-- [ RunTime:0.000997s ]
NOTIC: [2048] Declaration of Home\Controller\IndexController::theme() should be compatible with Think\Controller::theme($theme) D:\wamp64\www\jiimadeeee\Application\Home\Controller\IndexController.class.php 第 294 行.
SQL: SHOW COLUMNS FROM `made_user` [ RunTime:0.0008s ]
SQL: SELECT `thr_session` FROM `made_user` WHERE `id` = 4 LIMIT 1   [ RunTime:0.0005s ]
INFO: [ app_end ] --START--
INFO: Run Behavior\ShowPageTraceBehavior [ RunTime:0.003838s ]
INFO: [ app_end ] --END-- [ RunTime:0.004219s ]

[ 2018-08-06T09:25:25+08:00 ] 127.0.0.1 /jiimadeeee/index.php/Home/index/userInfo?userId=4&thr_session=e410d458e713f7a129da0d4b2edcbbdd
INFO: [ app_init ] --START--
INFO: Run Behavior\BuildLiteBehavior [ RunTime:0.000022s ]
INFO: [ app_init ] --END-- [ RunTime:0.000518s ]
INFO: [ app_begin ] --START--
INFO: Run Behavior\ReadHtmlCacheBehavior [ RunTime:0.000715s ]
INFO: [ app_begin ] --END-- [ RunTime:0.000857s ]
NOTIC: [2048] Declaration of Home\Controller\IndexController::theme() should be compatible with Think\Controller::theme($theme) D:\wamp64\www\jiimadeeee\Application\Home\Controller\IndexController.class.php 第 294 行.
SQL: SHOW COLUMNS FROM `made_user` [ RunTime:0.0005s ]
SQL: SELECT `thr_session` FROM `made_user` WHERE `id` = 4 LIMIT 1   [ RunTime:0.0002s ]
SQL: SHOW COLUMNS FROM `made_integration` [ RunTime:0.0004s ]
SQL: SELECT * FROM `made_integration` WHERE `id` = 4 LIMIT 1   [ RunTime:0.0003s ]
SQL: SHOW COLUMNS FROM `made_integration_record` [ RunTime:0.0004s ]
SQL: SELECT * FROM `made_integration_record` WHERE `add_time` > 1533484800  [ RunTime:0.0002s ]
SQL: SELECT sum(integration) as todaySum FROM `made_integration_record` WHERE `add_time` > 1533484800  [ RunTime:0.0002s ]
NOTIC: [8] Undefined variable: child D:\wamp64\www\jiimadeeee\Application\Admin\Model\UserModel.class.php 第 282 行.
INFO: [ app_end ] --START--
INFO: Run Behavior\ShowPageTraceBehavior [ RunTime:0.001229s ]
INFO: [ app_end ] --END-- [ RunTime:0.001434s ]

[ 2018-08-06T09:25:26+08:00 ] 127.0.0.1 /jiimadeeee/index.php/Home/index/orderState?userId=4&thr_session=e410d458e713f7a129da0d4b2edcbbdd
INFO: [ app_init ] --START--
INFO: Run Behavior\BuildLiteBehavior [ RunTime:0.000025s ]
INFO: [ app_init ] --END-- [ RunTime:0.000568s ]
INFO: [ app_begin ] --START--
INFO: Run Behavior\ReadHtmlCacheBehavior [ RunTime:0.000772s ]
INFO: [ app_begin ] --END-- [ RunTime:0.000923s ]
NOTIC: [2048] Declaration of Home\Controller\IndexController::theme() should be compatible with Think\Controller::theme($theme) D:\wamp64\www\jiimadeeee\Application\Home\Controller\IndexController.class.php 第 294 行.
SQL: SHOW COLUMNS FROM `made_order` [ RunTime:0.0008s ]
SQL: SHOW COLUMNS FROM `made_user` [ RunTime:0.0005s ]
SQL: SELECT `thr_session` FROM `made_user` WHERE `id` = 4 LIMIT 1   [ RunTime:0.0002s ]
SQL: SELECT * FROM `made_order` WHERE `user_id` = '4'  [ RunTime:0.0004s ]
INFO: [ app_end ] --START--
INFO: Run Behavior\ShowPageTraceBehavior [ RunTime:0.001044s ]
INFO: [ app_end ] --END-- [ RunTime:0.001179s ]

[ 2018-08-06T09:25:26+08:00 ] 127.0.0.1 /jiimadeeee/index.php/Home/index/checkQuote?userId=4&thr_session=e410d458e713f7a129da0d4b2edcbbdd
INFO: [ app_init ] --START--
INFO: Run Behavior\BuildLiteBehavior [ RunTime:0.000022s ]
INFO: [ app_init ] --END-- [ RunTime:0.000537s ]
INFO: [ app_begin ] --START--
INFO: Run Behavior\ReadHtmlCacheBehavior [ RunTime:0.000865s ]
INFO: [ app_begin ] --END-- [ RunTime:0.000979s ]
NOTIC: [2048] Declaration of Home\Controller\IndexController::theme() should be compatible with Think\Controller::theme($theme) D:\wamp64\www\jiimadeeee\Application\Home\Controller\IndexController.class.php 第 294 行.
SQL: SHOW COLUMNS FROM `made_quote` [ RunTime:0.0005s ]
SQL: SHOW COLUMNS FROM `made_user` [ RunTime:0.0005s ]
SQL: SELECT `thr_session` FROM `made_user` WHERE `id` = 4 LIMIT 1   [ RunTime:0.0004s ]
SQL: SELECT * FROM `made_quote` WHERE `user_id` = '4'  [ RunTime:0.0005s ]
INFO: [ app_end ] --START--
INFO: Run Behavior\ShowPageTraceBehavior [ RunTime:0.001888s ]
INFO: [ app_end ] --END-- [ RunTime:0.002217s ]

[ 2018-08-06T09:25:31+08:00 ] 127.0.0.1 /jiimadeeee/index.php/Home/index/getArtiDesc?artId=1
INFO: [ app_init ] --START--
INFO: Run Behavior\BuildLiteBehavior [ RunTime:0.000036s ]
INFO: [ app_init ] --END-- [ RunTime:0.000604s ]
INFO: [ app_begin ] --START--
INFO: Run Behavior\ReadHtmlCacheBehavior [ RunTime:0.001287s ]
INFO: [ app_begin ] --END-- [ RunTime:0.001426s ]
NOTIC: [2048] Declaration of Home\Controller\IndexController::theme() should be compatible with Think\Controller::theme($theme) D:\wamp64\www\jiimadeeee\Application\Home\Controller\IndexController.class.php 第 294 行.
SQL: SHOW COLUMNS FROM `made_article` [ RunTime:0.0021s ]
SQL: SELECT `goods` FROM `made_article` WHERE `id` = 1 LIMIT 1   [ RunTime:0.0006s ]
SQL: SHOW COLUMNS FROM `made_goods` [ RunTime:0.0021s ]
SQL: SELECT a.id,a.goods_name,a.tag,max(b.goods_price) as max_goods_price,min(b.goods_price) as min_goods_price,max(b.discount_price) as max_discount_price,min(b.discount_price) as min_discount_price,max(b.img_src) as img_src FROM made_goods a LEFT JOIN made_goods_number b ON a.id = b.goods_id  WHERE a.id IN ('') GROUP BY a.id  [ RunTime:0.0023s ]
SQL: SHOW COLUMNS FROM `made_article_desc` [ RunTime:0.0021s ]
SQL: SELECT `img_src` FROM `made_article_desc` WHERE `article_id` = '1' ORDER BY sort_id asc  [ RunTime:0.0008s ]
INFO: [ app_end ] --START--
INFO: Run Behavior\ShowPageTraceBehavior [ RunTime:0.001519s ]
INFO: [ app_end ] --END-- [ RunTime:0.002183s ]

[ 2018-08-06T09:25:31+08:00 ] 127.0.0.1 /jiimadeeee/index.php/Home/index/getOneArt?artId=1
INFO: [ app_init ] --START--
INFO: Run Behavior\BuildLiteBehavior [ RunTime:0.000030s ]
INFO: [ app_init ] --END-- [ RunTime:0.000582s ]
INFO: [ app_begin ] --START--
INFO: Run Behavior\ReadHtmlCacheBehavior [ RunTime:0.000800s ]
INFO: [ app_begin ] --END-- [ RunTime:0.000987s ]
NOTIC: [2048] Declaration of Home\Controller\IndexController::theme() should be compatible with Think\Controller::theme($theme) D:\wamp64\www\jiimadeeee\Application\Home\Controller\IndexController.class.php 第 294 行.
SQL: SHOW COLUMNS FROM `made_article` [ RunTime:0.0017s ]
SQL: SELECT * FROM `made_article` WHERE `id` = 1 LIMIT 1   [ RunTime:0.0006s ]
INFO: [ app_end ] --START--
INFO: Run Behavior\ShowPageTraceBehavior [ RunTime:0.001314s ]
INFO: [ app_end ] --END-- [ RunTime:0.001482s ]

[ 2018-08-06T09:25:38+08:00 ] 127.0.0.1 /jiimadeeee/index.php/Home/index/orderState?userId=4&thr_session=e410d458e713f7a129da0d4b2edcbbdd
INFO: [ app_init ] --START--
INFO: Run Behavior\BuildLiteBehavior [ RunTime:0.000023s ]
INFO: [ app_init ] --END-- [ RunTime:0.000640s ]
INFO: [ app_begin ] --START--
INFO: Run Behavior\ReadHtmlCacheBehavior [ RunTime:0.000740s ]
INFO: [ app_begin ] --END-- [ RunTime:0.000890s ]
NOTIC: [2048] Declaration of Home\Controller\IndexController::theme() should be compatible with Think\Controller::theme($theme) D:\wamp64\www\jiimadeeee\Application\Home\Controller\IndexController.class.php 第 294 行.
SQL: SHOW COLUMNS FROM `made_order` [ RunTime:0.0007s ]
SQL: SHOW COLUMNS FROM `made_user` [ RunTime:0.0007s ]
SQL: SELECT `thr_session` FROM `made_user` WHERE `id` = 4 LIMIT 1   [ RunTime:0.0003s ]
SQL: SELECT * FROM `made_order` WHERE `user_id` = '4'  [ RunTime:0.0003s ]
INFO: [ app_end ] --START--
INFO: Run Behavior\ShowPageTraceBehavior [ RunTime:0.001052s ]
INFO: [ app_end ] --END-- [ RunTime:0.001233s ]

[ 2018-08-06T09:25:38+08:00 ] 127.0.0.1 /jiimadeeee/index.php/Home/index/checkQuote?userId=4&thr_session=e410d458e713f7a129da0d4b2edcbbdd
INFO: [ app_init ] --START--
INFO: Run Behavior\BuildLiteBehavior [ RunTime:0.000052s ]
INFO: [ app_init ] --END-- [ RunTime:0.001138s ]
INFO: [ app_begin ] --START--
INFO: Run Behavior\ReadHtmlCacheBehavior [ RunTime:0.001009s ]
INFO: [ app_begin ] --END-- [ RunTime:0.001190s ]
NOTIC: [2048] Declaration of Home\Controller\IndexController::theme() should be compatible with Think\Controller::theme($theme) D:\wamp64\www\jiimadeeee\Application\Home\Controller\IndexController.class.php 第 294 行.
SQL: SHOW COLUMNS FROM `made_quote` [ RunTime:0.0016s ]
SQL: SHOW COLUMNS FROM `made_user` [ RunTime:0.0015s ]
SQL: SELECT `thr_session` FROM `made_user` WHERE `id` = 4 LIMIT 1   [ RunTime:0.0002s ]
SQL: SELECT * FROM `made_quote` WHERE `user_id` = '4'  [ RunTime:0.0005s ]
INFO: [ app_end ] --START--
INFO: Run Behavior\ShowPageTraceBehavior [ RunTime:0.000876s ]
INFO: [ app_end ] --END-- [ RunTime:0.000992s ]

[ 2018-08-06T09:25:41+08:00 ] 127.0.0.1 /jiimadeeee/index.php/Home/index/chooseFurniture
INFO: [ app_init ] --START--
INFO: Run Behavior\BuildLiteBehavior [ RunTime:0.000029s ]
INFO: [ app_init ] --END-- [ RunTime:0.000657s ]
INFO: [ app_begin ] --START--
INFO: Run Behavior\ReadHtmlCacheBehavior [ RunTime:0.000895s ]
INFO: [ app_begin ] --END-- [ RunTime:0.001076s ]
NOTIC: [2048] Declaration of Home\Controller\IndexController::theme() should be compatible with Think\Controller::theme($theme) D:\wamp64\www\jiimadeeee\Application\Home\Controller\IndexController.class.php 第 294 行.
SQL: SHOW COLUMNS FROM `made_furniture` [ RunTime:0.0022s ]
SQL: SELECT `id`,`fur_name`,`img_src`,`attribute` FROM `made_furniture` ORDER BY sort_id asc  [ RunTime:0.0007s ]
INFO: [ app_end ] --START--
INFO: Run Behavior\ShowPageTraceBehavior [ RunTime:0.001202s ]
INFO: [ app_end ] --END-- [ RunTime:0.001383s ]

[ 2018-08-06T09:32:34+08:00 ] 127.0.0.1 /jiimadeeee/index.php/Home/index/orderState?userId=4&thr_session=e410d458e713f7a129da0d4b2edcbbdd
INFO: [ app_init ] --START--
INFO: Run Behavior\BuildLiteBehavior [ RunTime:0.000027s ]
INFO: [ app_init ] --END-- [ RunTime:0.000635s ]
INFO: [ app_begin ] --START--
INFO: Run Behavior\ReadHtmlCacheBehavior [ RunTime:0.000957s ]
INFO: [ app_begin ] --END-- [ RunTime:0.001164s ]
NOTIC: [2048] Declaration of Home\Controller\IndexController::theme() should be compatible with Think\Controller::theme($theme) D:\wamp64\www\jiimadeeee\Application\Home\Controller\IndexController.class.php 第 294 行.
SQL: SHOW COLUMNS FROM `made_order` [ RunTime:0.0009s ]
SQL: SHOW COLUMNS FROM `made_user` [ RunTime:0.0017s ]
SQL: SELECT `thr_session` FROM `made_user` WHERE `id` = 4 LIMIT 1   [ RunTime:0.0003s ]
INFO: [ app_end ] --START--
INFO: Run Behavior\ShowPageTraceBehavior [ RunTime:0.001043s ]
INFO: [ app_end ] --END-- [ RunTime:0.001241s ]

[ 2018-08-06T09:32:34+08:00 ] 127.0.0.1 /jiimadeeee/index.php/Home/index/checkQuote?userId=4&thr_session=e410d458e713f7a129da0d4b2edcbbdd
INFO: [ app_init ] --START--
INFO: Run Behavior\BuildLiteBehavior [ RunTime:0.000031s ]
INFO: [ app_init ] --END-- [ RunTime:0.000727s ]
INFO: [ app_begin ] --START--
INFO: Run Behavior\ReadHtmlCacheBehavior [ RunTime:0.001248s ]
INFO: [ app_begin ] --END-- [ RunTime:0.001453s ]
NOTIC: [2048] Declaration of Home\Controller\IndexController::theme() should be compatible with Think\Controller::theme($theme) D:\wamp64\www\jiimadeeee\Application\Home\Controller\IndexController.class.php 第 294 行.
SQL: SHOW COLUMNS FROM `made_quote` [ RunTime:0.0018s ]
SQL: SHOW COLUMNS FROM `made_user` [ RunTime:0.0019s ]
SQL: SELECT `thr_session` FROM `made_user` WHERE `id` = 4 LIMIT 1   [ RunTime:0.0005s ]
INFO: [ app_end ] --START--
INFO: Run Behavior\ShowPageTraceBehavior [ RunTime:0.001665s ]
INFO: [ app_end ] --END-- [ RunTime:0.001813s ]

