[ 2018-07-05T10:50:14+08:00 ] ::1 /jiimadeeee/index.php/home/index/getFurModel/gatAttr/1,0/furId/1
INFO: [ app_init ] --START--
INFO: Run Behavior\BuildLiteBehavior [ RunTime:0.000268s ]
INFO: [ app_init ] --END-- [ RunTime:0.004471s ]
INFO: [ app_begin ] --START--
INFO: Run Behavior\ReadHtmlCacheBehavior [ RunTime:0.004171s ]
INFO: [ app_begin ] --END-- [ RunTime:0.004772s ]
SQL: SHOW COLUMNS FROM `made_model` [ RunTime:0.0030s ]
SQL: SHOW COLUMNS FROM `made_furniture_quote` [ RunTime:0.0025s ]
SQL: SELECT `id`,`model_id`,`img_src` FROM `made_furniture_quote` WHERE `fur_attr_id` = '1,0' AND `fur_id` = '1'  [ RunTime:0.0016s ]
SQL: SELECT `id`,`model_id`,`img_src` FROM `made_furniture_quote` WHERE `fur_attr_id` = '1,0' AND `fur_id` = '1'  [ RunTime:0.0010s ]
SQL: SELECT `id`,`model_id`,`img_src` FROM `made_furniture_quote` WHERE `fur_attr_id` = '1,1' AND `fur_id` = '1'  [ RunTime:0.0009s ]
SQL: SELECT `id`,`model_id`,`img_src` FROM `made_furniture_quote` WHERE `fur_attr_id` = '1,2' AND `fur_id` = '1'  [ RunTime:0.0011s ]
SQL: SELECT `id`,`model_id`,`img_src` FROM `made_furniture_quote` WHERE `fur_attr_id` = '1,3' AND `fur_id` = '1'  [ RunTime:0.0011s ]
SQL: SELECT `id`,`model_id`,`img_src` FROM `made_furniture_quote` WHERE `fur_attr_id` = '1,4' AND `fur_id` = '1'  [ RunTime:0.0009s ]
SQL: SELECT `id`,`model_id`,`img_src` FROM `made_furniture_quote` WHERE `fur_attr_id` = '1,5' AND `fur_id` = '1'  [ RunTime:0.0011s ]
SQL: SELECT `id`,`model_id`,`img_src` FROM `made_furniture_quote` WHERE `fur_attr_id` = '1,6' AND `fur_id` = '1'  [ RunTime:0.0010s ]
INFO: [ app_end ] --START--
INFO: Run Behavior\ShowPageTraceBehavior [ RunTime:0.005006s ]
INFO: [ app_end ] --END-- [ RunTime:0.005246s ]

[ 2018-07-05T10:51:02+08:00 ] ::1 /jiimadeeee/index.php/home/index/getThrChild/userId/1/thr_session/ee919c4bd9af6547bb4685131dba021e
INFO: [ app_init ] --START--
INFO: Run Behavior\BuildLiteBehavior [ RunTime:0.000158s ]
INFO: [ app_init ] --END-- [ RunTime:0.002388s ]
INFO: [ app_begin ] --START--
INFO: Run Behavior\ReadHtmlCacheBehavior [ RunTime:0.005035s ]
INFO: [ app_begin ] --END-- [ RunTime:0.006929s ]
SQL: SHOW COLUMNS FROM `made_user` [ RunTime:0.0070s ]
ERR: Think\Model:thrSpread方法不存在！

[ 2018-07-05T10:51:26+08:00 ] ::1 /jiimadeeee/index.php/home/index/getThrChild/userId/1/thr_session/ee919c4bd9af6547bb4685131dba021e
INFO: [ app_init ] --START--
INFO: Run Behavior\BuildLiteBehavior [ RunTime:0.000118s ]
INFO: [ app_init ] --END-- [ RunTime:0.001591s ]
INFO: [ app_begin ] --START--
INFO: Run Behavior\ReadHtmlCacheBehavior [ RunTime:0.005492s ]
INFO: [ app_begin ] --END-- [ RunTime:0.006607s ]
SQL: SHOW COLUMNS FROM `made_user` [ RunTime:0.0069s ]
SQL: SELECT `thr_session` FROM `made_user` WHERE `id` = 1 LIMIT 1   [ RunTime:0.0009s ]
SQL: SELECT `id`,`parent_id` FROM `made_user`  [ RunTime:0.0010s ]
INFO: [ app_end ] --START--
INFO: Run Behavior\ShowPageTraceBehavior [ RunTime:0.003625s ]
INFO: [ app_end ] --END-- [ RunTime:0.004291s ]

[ 2018-07-05T10:55:12+08:00 ] ::1 /jiimadeeee/index.php/home/index/getThrChild/userId/1/thr_session/ee919c4bd9af6547bb4685131dba021e
INFO: [ app_init ] --START--
INFO: Run Behavior\BuildLiteBehavior [ RunTime:0.000271s ]
INFO: [ app_init ] --END-- [ RunTime:0.004275s ]
INFO: [ app_begin ] --START--
INFO: Run Behavior\ReadHtmlCacheBehavior [ RunTime:0.004210s ]
INFO: [ app_begin ] --END-- [ RunTime:0.005524s ]
SQL: SHOW COLUMNS FROM `made_user` [ RunTime:0.0072s ]
SQL: SELECT `thr_session` FROM `made_user` WHERE `id` = 1 LIMIT 1   [ RunTime:0.0011s ]
SQL: SELECT `id`,`parent_id` FROM `made_user`  [ RunTime:0.0011s ]
NOTIC: [8] Undefined offset: 1 D:\wamp\wamp64\www\jiimadeeee\Application\Admin\Model\UserModel.class.php 第 127 行.
NOTIC: [8] Undefined offset: 3 D:\wamp\wamp64\www\jiimadeeee\Application\Admin\Model\UserModel.class.php 第 131 行.
INFO: [ app_end ] --START--
INFO: Run Behavior\ShowPageTraceBehavior [ RunTime:0.004344s ]
INFO: [ app_end ] --END-- [ RunTime:0.005333s ]

[ 2018-07-05T10:55:29+08:00 ] ::1 /jiimadeeee/index.php/home/index/getThrChild/userId/1/thr_session/ee919c4bd9af6547bb4685131dba021e
INFO: [ app_init ] --START--
INFO: Run Behavior\BuildLiteBehavior [ RunTime:0.000237s ]
INFO: [ app_init ] --END-- [ RunTime:0.004294s ]
INFO: [ app_begin ] --START--
INFO: Run Behavior\ReadHtmlCacheBehavior [ RunTime:0.005708s ]
INFO: [ app_begin ] --END-- [ RunTime:0.006669s ]
SQL: SHOW COLUMNS FROM `made_user` [ RunTime:0.0034s ]
SQL: SELECT `thr_session` FROM `made_user` WHERE `id` = 1 LIMIT 1   [ RunTime:0.0009s ]
SQL: SELECT `id`,`parent_id` FROM `made_user`  [ RunTime:0.0010s ]
NOTIC: [8] Undefined offset: 1 D:\wamp\wamp64\www\jiimadeeee\Application\Admin\Model\UserModel.class.php 第 126 行.
NOTIC: [8] Undefined offset: 3 D:\wamp\wamp64\www\jiimadeeee\Application\Admin\Model\UserModel.class.php 第 130 行.
INFO: [ app_end ] --START--
INFO: Run Behavior\ShowPageTraceBehavior [ RunTime:0.005343s ]
INFO: [ app_end ] --END-- [ RunTime:0.006346s ]

[ 2018-07-05T10:55:41+08:00 ] ::1 /jiimadeeee/index.php/home/index/getThrChild/userId/1/thr_session/ee919c4bd9af6547bb4685131dba021e
INFO: [ app_init ] --START--
INFO: Run Behavior\BuildLiteBehavior [ RunTime:0.000156s ]
INFO: [ app_init ] --END-- [ RunTime:0.002756s ]
INFO: [ app_begin ] --START--
INFO: Run Behavior\ReadHtmlCacheBehavior [ RunTime:0.005457s ]
INFO: [ app_begin ] --END-- [ RunTime:0.006788s ]
SQL: SHOW COLUMNS FROM `made_user` [ RunTime:0.0065s ]
SQL: SELECT `thr_session` FROM `made_user` WHERE `id` = 1 LIMIT 1   [ RunTime:0.0012s ]
SQL: SELECT `id`,`parent_id` FROM `made_user`  [ RunTime:0.0008s ]
NOTIC: [8] Undefined offset: 1 D:\wamp\wamp64\www\jiimadeeee\Application\Admin\Model\UserModel.class.php 第 126 行.
NOTIC: [8] Undefined offset: 2 D:\wamp\wamp64\www\jiimadeeee\Application\Admin\Model\UserModel.class.php 第 128 行.
NOTIC: [8] Undefined offset: 3 D:\wamp\wamp64\www\jiimadeeee\Application\Admin\Model\UserModel.class.php 第 130 行.
INFO: [ app_end ] --START--
INFO: Run Behavior\ShowPageTraceBehavior [ RunTime:0.003259s ]
INFO: [ app_end ] --END-- [ RunTime:0.003471s ]

[ 2018-07-05T10:56:11+08:00 ] ::1 /jiimadeeee/index.php/home/index/getThrChild/userId/1/thr_session/ee919c4bd9af6547bb4685131dba021e
INFO: [ app_init ] --START--
INFO: Run Behavior\BuildLiteBehavior [ RunTime:0.000205s ]
INFO: [ app_init ] --END-- [ RunTime:0.004297s ]
INFO: [ app_begin ] --START--
INFO: Run Behavior\ReadHtmlCacheBehavior [ RunTime:0.002449s ]
INFO: [ app_begin ] --END-- [ RunTime:0.003486s ]
SQL: SHOW COLUMNS FROM `made_user` [ RunTime:0.0033s ]
SQL: SELECT `thr_session` FROM `made_user` WHERE `id` = 1 LIMIT 1   [ RunTime:0.0015s ]
SQL: SELECT `id`,`parent_id` FROM `made_user`  [ RunTime:0.0015s ]
NOTIC: [8] Undefined offset: 1 D:\wamp\wamp64\www\jiimadeeee\Application\Admin\Model\UserModel.class.php 第 126 行.
NOTIC: [8] Undefined offset: 2 D:\wamp\wamp64\www\jiimadeeee\Application\Admin\Model\UserModel.class.php 第 128 行.
NOTIC: [8] Undefined offset: 3 D:\wamp\wamp64\www\jiimadeeee\Application\Admin\Model\UserModel.class.php 第 130 行.
INFO: [ app_end ] --START--
INFO: Run Behavior\ShowPageTraceBehavior [ RunTime:0.005176s ]
INFO: [ app_end ] --END-- [ RunTime:0.006502s ]

[ 2018-07-05T10:56:21+08:00 ] ::1 /jiimadeeee/index.php/home/index/getThrChild/userId/1/thr_session/ee919c4bd9af6547bb4685131dba021e
INFO: [ app_init ] --START--
INFO: Run Behavior\BuildLiteBehavior [ RunTime:0.000128s ]
INFO: [ app_init ] --END-- [ RunTime:0.002308s ]
INFO: [ app_begin ] --START--
INFO: Run Behavior\ReadHtmlCacheBehavior [ RunTime:0.005179s ]
INFO: [ app_begin ] --END-- [ RunTime:0.006187s ]
SQL: SHOW COLUMNS FROM `made_user` [ RunTime:0.0086s ]
SQL: SELECT `thr_session` FROM `made_user` WHERE `id` = 1 LIMIT 1   [ RunTime:0.0011s ]
SQL: SELECT `id`,`parent_id` FROM `made_user`  [ RunTime:0.0010s ]
NOTIC: [8] Undefined offset: 1 D:\wamp\wamp64\www\jiimadeeee\Application\Admin\Model\UserModel.class.php 第 126 行.
NOTIC: [8] Undefined offset: 2 D:\wamp\wamp64\www\jiimadeeee\Application\Admin\Model\UserModel.class.php 第 128 行.
NOTIC: [8] Undefined offset: 3 D:\wamp\wamp64\www\jiimadeeee\Application\Admin\Model\UserModel.class.php 第 130 行.
INFO: [ app_end ] --START--
INFO: Run Behavior\ShowPageTraceBehavior [ RunTime:0.004640s ]
INFO: [ app_end ] --END-- [ RunTime:0.005613s ]

[ 2018-07-05T10:56:31+08:00 ] ::1 /jiimadeeee/index.php/home/index/getThrChild/userId/1/thr_session/ee919c4bd9af6547bb4685131dba021e
INFO: [ app_init ] --START--
INFO: Run Behavior\BuildLiteBehavior [ RunTime:0.000523s ]
INFO: [ app_init ] --END-- [ RunTime:0.005175s ]
INFO: [ app_begin ] --START--
INFO: Run Behavior\ReadHtmlCacheBehavior [ RunTime:0.005541s ]
INFO: [ app_begin ] --END-- [ RunTime:0.006874s ]
SQL: SHOW COLUMNS FROM `made_user` [ RunTime:0.0024s ]
SQL: SELECT `thr_session` FROM `made_user` WHERE `id` = 1 LIMIT 1   [ RunTime:0.0007s ]
SQL: SELECT `id`,`parent_id` FROM `made_user`  [ RunTime:0.0008s ]
NOTIC: [8] Undefined offset: 1 D:\wamp\wamp64\www\jiimadeeee\Application\Admin\Model\UserModel.class.php 第 126 行.
NOTIC: [8] Undefined offset: 2 D:\wamp\wamp64\www\jiimadeeee\Application\Admin\Model\UserModel.class.php 第 128 行.
NOTIC: [8] Undefined offset: 3 D:\wamp\wamp64\www\jiimadeeee\Application\Admin\Model\UserModel.class.php 第 130 行.
INFO: [ app_end ] --START--
INFO: Run Behavior\ShowPageTraceBehavior [ RunTime:0.004291s ]
INFO: [ app_end ] --END-- [ RunTime:0.005080s ]

[ 2018-07-05T11:06:10+08:00 ] ::1 /jiimadeeee/index.php/home/index/getThrChild/userId/1/thr_session/ee919c4bd9af6547bb4685131dba021e
INFO: [ app_init ] --START--
INFO: Run Behavior\BuildLiteBehavior [ RunTime:0.000208s ]
INFO: [ app_init ] --END-- [ RunTime:0.003264s ]
INFO: [ app_begin ] --START--
INFO: Run Behavior\ReadHtmlCacheBehavior [ RunTime:0.004302s ]
INFO: [ app_begin ] --END-- [ RunTime:0.005380s ]
SQL: SHOW COLUMNS FROM `made_user` [ RunTime:0.0072s ]
SQL: SELECT `thr_session` FROM `made_user` WHERE `id` = 1 LIMIT 1   [ RunTime:0.0013s ]
SQL: SELECT `id`,`parent_id` FROM `made_user`  [ RunTime:0.0007s ]
NOTIC: [8] Undefined offset: 1 D:\wamp\wamp64\www\jiimadeeee\Application\Admin\Model\UserModel.class.php 第 126 行.
NOTIC: [8] Undefined offset: 2 D:\wamp\wamp64\www\jiimadeeee\Application\Admin\Model\UserModel.class.php 第 128 行.
NOTIC: [8] Undefined offset: 3 D:\wamp\wamp64\www\jiimadeeee\Application\Admin\Model\UserModel.class.php 第 130 行.
NOTIC: [2] json_decode() expects parameter 1 to be string, array given D:\wamp\wamp64\www\jiimadeeee\Application\Home\Controller\IndexController.class.php 第 251 行.
INFO: [ app_end ] --START--
INFO: Run Behavior\ShowPageTraceBehavior [ RunTime:0.003989s ]
INFO: [ app_end ] --END-- [ RunTime:0.005069s ]

[ 2018-07-05T11:06:14+08:00 ] ::1 /jiimadeeee/index.php/home/index/getThrChild/userId/1/thr_session/ee919c4bd9af6547bb4685131dba021e
INFO: [ app_init ] --START--
INFO: Run Behavior\BuildLiteBehavior [ RunTime:0.000212s ]
INFO: [ app_init ] --END-- [ RunTime:0.004267s ]
INFO: [ app_begin ] --START--
INFO: Run Behavior\ReadHtmlCacheBehavior [ RunTime:0.002625s ]
INFO: [ app_begin ] --END-- [ RunTime:0.003297s ]
SQL: SHOW COLUMNS FROM `made_user` [ RunTime:0.0053s ]
SQL: SELECT `thr_session` FROM `made_user` WHERE `id` = 1 LIMIT 1   [ RunTime:0.0006s ]
SQL: SELECT `id`,`parent_id` FROM `made_user`  [ RunTime:0.0007s ]
NOTIC: [8] Undefined offset: 1 D:\wamp\wamp64\www\jiimadeeee\Application\Admin\Model\UserModel.class.php 第 126 行.
NOTIC: [8] Undefined offset: 2 D:\wamp\wamp64\www\jiimadeeee\Application\Admin\Model\UserModel.class.php 第 128 行.
NOTIC: [8] Undefined offset: 3 D:\wamp\wamp64\www\jiimadeeee\Application\Admin\Model\UserModel.class.php 第 130 行.
NOTIC: [2] json_decode() expects parameter 1 to be string, array given D:\wamp\wamp64\www\jiimadeeee\Application\Home\Controller\IndexController.class.php 第 251 行.
INFO: [ app_end ] --START--
INFO: Run Behavior\ShowPageTraceBehavior [ RunTime:0.003746s ]
INFO: [ app_end ] --END-- [ RunTime:0.004555s ]

[ 2018-07-05T11:06:51+08:00 ] ::1 /jiimadeeee/index.php/home/index/getThrChild/userId/1/thr_session/ee919c4bd9af6547bb4685131dba021e
INFO: [ app_init ] --START--
INFO: Run Behavior\BuildLiteBehavior [ RunTime:0.000409s ]
INFO: [ app_init ] --END-- [ RunTime:0.005284s ]
INFO: [ app_begin ] --START--
INFO: Run Behavior\ReadHtmlCacheBehavior [ RunTime:0.003585s ]
INFO: [ app_begin ] --END-- [ RunTime:0.004522s ]
SQL: SHOW COLUMNS FROM `made_user` [ RunTime:0.0019s ]
SQL: SELECT `thr_session` FROM `made_user` WHERE `id` = 1 LIMIT 1   [ RunTime:0.0012s ]
SQL: SELECT `id`,`parent_id` FROM `made_user`  [ RunTime:0.0012s ]
NOTIC: [8] Undefined offset: 1 D:\wamp\wamp64\www\jiimadeeee\Application\Admin\Model\UserModel.class.php 第 126 行.
NOTIC: [8] Undefined offset: 2 D:\wamp\wamp64\www\jiimadeeee\Application\Admin\Model\UserModel.class.php 第 128 行.
NOTIC: [8] Undefined offset: 3 D:\wamp\wamp64\www\jiimadeeee\Application\Admin\Model\UserModel.class.php 第 130 行.
NOTIC: [2] json_decode() expects parameter 1 to be string, array given D:\wamp\wamp64\www\jiimadeeee\Application\Home\Controller\IndexController.class.php 第 251 行.
INFO: [ app_end ] --START--
INFO: Run Behavior\ShowPageTraceBehavior [ RunTime:0.005355s ]
INFO: [ app_end ] --END-- [ RunTime:0.006375s ]

[ 2018-07-05T11:06:52+08:00 ] ::1 /jiimadeeee/index.php/home/index/getThrChild/userId/1/thr_session/ee919c4bd9af6547bb4685131dba021e
INFO: [ app_init ] --START--
INFO: Run Behavior\BuildLiteBehavior [ RunTime:0.000160s ]
INFO: [ app_init ] --END-- [ RunTime:0.002996s ]
INFO: [ app_begin ] --START--
INFO: Run Behavior\ReadHtmlCacheBehavior [ RunTime:0.005510s ]
INFO: [ app_begin ] --END-- [ RunTime:0.006658s ]
SQL: SHOW COLUMNS FROM `made_user` [ RunTime:0.0023s ]
SQL: SELECT `thr_session` FROM `made_user` WHERE `id` = 1 LIMIT 1   [ RunTime:0.0007s ]
SQL: SELECT `id`,`parent_id` FROM `made_user`  [ RunTime:0.0007s ]
NOTIC: [8] Undefined offset: 1 D:\wamp\wamp64\www\jiimadeeee\Application\Admin\Model\UserModel.class.php 第 126 行.
NOTIC: [8] Undefined offset: 2 D:\wamp\wamp64\www\jiimadeeee\Application\Admin\Model\UserModel.class.php 第 128 行.
NOTIC: [8] Undefined offset: 3 D:\wamp\wamp64\www\jiimadeeee\Application\Admin\Model\UserModel.class.php 第 130 行.
NOTIC: [2] json_decode() expects parameter 1 to be string, array given D:\wamp\wamp64\www\jiimadeeee\Application\Home\Controller\IndexController.class.php 第 251 行.
INFO: [ app_end ] --START--
INFO: Run Behavior\ShowPageTraceBehavior [ RunTime:0.003881s ]
INFO: [ app_end ] --END-- [ RunTime:0.004779s ]

[ 2018-07-05T11:07:00+08:00 ] ::1 /jiimadeeee/index.php/home/index/getThrChild/userId/1/thr_session/ee919c4bd9af6547bb4685131dba021e
INFO: [ app_init ] --START--
INFO: Run Behavior\BuildLiteBehavior [ RunTime:0.000382s ]
INFO: [ app_init ] --END-- [ RunTime:0.004831s ]
INFO: [ app_begin ] --START--
INFO: Run Behavior\ReadHtmlCacheBehavior [ RunTime:0.002958s ]
INFO: [ app_begin ] --END-- [ RunTime:0.004565s ]
SQL: SHOW COLUMNS FROM `made_user` [ RunTime:0.0021s ]
SQL: SELECT `thr_session` FROM `made_user` WHERE `id` = 1 LIMIT 1   [ RunTime:0.0008s ]
SQL: SELECT `id`,`parent_id` FROM `made_user`  [ RunTime:0.0008s ]
NOTIC: [8] Undefined offset: 1 D:\wamp\wamp64\www\jiimadeeee\Application\Admin\Model\UserModel.class.php 第 126 行.
NOTIC: [8] Undefined offset: 2 D:\wamp\wamp64\www\jiimadeeee\Application\Admin\Model\UserModel.class.php 第 128 行.
NOTIC: [8] Undefined offset: 3 D:\wamp\wamp64\www\jiimadeeee\Application\Admin\Model\UserModel.class.php 第 130 行.
INFO: [ app_end ] --START--
INFO: Run Behavior\ShowPageTraceBehavior [ RunTime:0.005594s ]
INFO: [ app_end ] --END-- [ RunTime:0.006405s ]

[ 2018-07-05T11:07:26+08:00 ] ::1 /jiimadeeee/index.php/home/index/getThrChild/userId/1/thr_session/ee919c4bd9af6547bb4685131dba021e
INFO: [ app_init ] --START--
INFO: Run Behavior\BuildLiteBehavior [ RunTime:0.000234s ]
INFO: [ app_init ] --END-- [ RunTime:0.004140s ]
INFO: [ app_begin ] --START--
INFO: Run Behavior\ReadHtmlCacheBehavior [ RunTime:0.002814s ]
INFO: [ app_begin ] --END-- [ RunTime:0.003689s ]
SQL: SHOW COLUMNS FROM `made_user` [ RunTime:0.0018s ]
SQL: SELECT `thr_session` FROM `made_user` WHERE `id` = 1 LIMIT 1   [ RunTime:0.0008s ]
SQL: SELECT `id`,`parent_id` FROM `made_user`  [ RunTime:0.0005s ]
NOTIC: [8] Undefined offset: 1 D:\wamp\wamp64\www\jiimadeeee\Application\Admin\Model\UserModel.class.php 第 126 行.
NOTIC: [8] Undefined offset: 2 D:\wamp\wamp64\www\jiimadeeee\Application\Admin\Model\UserModel.class.php 第 128 行.
NOTIC: [8] Undefined offset: 3 D:\wamp\wamp64\www\jiimadeeee\Application\Admin\Model\UserModel.class.php 第 130 行.
NOTIC: [2] json_decode() expects parameter 1 to be string, array given D:\wamp\wamp64\www\jiimadeeee\Application\Home\Controller\IndexController.class.php 第 251 行.
INFO: [ app_end ] --START--
INFO: Run Behavior\ShowPageTraceBehavior [ RunTime:0.004100s ]
INFO: [ app_end ] --END-- [ RunTime:0.004883s ]

[ 2018-07-05T11:07:51+08:00 ] ::1 /jiimadeeee/index.php/home/index/getThrChild/userId/1/thr_session/ee919c4bd9af6547bb4685131dba021e
INFO: [ app_init ] --START--
INFO: Run Behavior\BuildLiteBehavior [ RunTime:0.000205s ]
INFO: [ app_init ] --END-- [ RunTime:0.004381s ]
INFO: [ app_begin ] --START--
INFO: Run Behavior\ReadHtmlCacheBehavior [ RunTime:0.005237s ]
INFO: [ app_begin ] --END-- [ RunTime:0.006324s ]
SQL: SHOW COLUMNS FROM `made_user` [ RunTime:0.0036s ]
SQL: SELECT `thr_session` FROM `made_user` WHERE `id` = 1 LIMIT 1   [ RunTime:0.0009s ]
SQL: SELECT `id`,`parent_id` FROM `made_user`  [ RunTime:0.0012s ]
NOTIC: [8] Undefined offset: 1 D:\wamp\wamp64\www\jiimadeeee\Application\Admin\Model\UserModel.class.php 第 126 行.
NOTIC: [8] Undefined offset: 2 D:\wamp\wamp64\www\jiimadeeee\Application\Admin\Model\UserModel.class.php 第 128 行.
NOTIC: [8] Undefined offset: 3 D:\wamp\wamp64\www\jiimadeeee\Application\Admin\Model\UserModel.class.php 第 130 行.
INFO: [ app_end ] --START--
INFO: Run Behavior\ShowPageTraceBehavior [ RunTime:0.004876s ]
INFO: [ app_end ] --END-- [ RunTime:0.005527s ]

[ 2018-07-05T11:08:16+08:00 ] ::1 /jiimadeeee/index.php/home/index/getThrChild/userId/1/thr_session/ee919c4bd9af6547bb4685131dba021e
INFO: [ app_init ] --START--
INFO: Run Behavior\BuildLiteBehavior [ RunTime:0.000196s ]
INFO: [ app_init ] --END-- [ RunTime:0.003051s ]
INFO: [ app_begin ] --START--
INFO: Run Behavior\ReadHtmlCacheBehavior [ RunTime:0.004655s ]
INFO: [ app_begin ] --END-- [ RunTime:0.006172s ]
SQL: SHOW COLUMNS FROM `made_user` [ RunTime:0.0028s ]
SQL: SELECT `thr_session` FROM `made_user` WHERE `id` = 1 LIMIT 1   [ RunTime:0.0010s ]
SQL: SELECT `id`,`parent_id` FROM `made_user`  [ RunTime:0.0009s ]
NOTIC: [8] Undefined offset: 1 D:\wamp\wamp64\www\jiimadeeee\Application\Admin\Model\UserModel.class.php 第 126 行.
NOTIC: [8] Undefined offset: 2 D:\wamp\wamp64\www\jiimadeeee\Application\Admin\Model\UserModel.class.php 第 128 行.
NOTIC: [8] Undefined offset: 3 D:\wamp\wamp64\www\jiimadeeee\Application\Admin\Model\UserModel.class.php 第 130 行.
INFO: [ app_end ] --START--
INFO: Run Behavior\ShowPageTraceBehavior [ RunTime:0.006511s ]
INFO: [ app_end ] --END-- [ RunTime:0.007443s ]

