[ 2018-04-22T08:36:52+08:00 ] ::1 /jiiMade/Public/Admin/Styles/.__PUBLIC__/Admin/Images/th_bg.gif
INFO: [ app_init ] --START--
INFO: Run Behavior\BuildLiteBehavior [ RunTime:0.000025s ]
INFO: [ app_init ] --END-- [ RunTime:0.000473s ]
ERR: 无法加载模块:Public

[ 2018-04-22T08:37:18+08:00 ] ::1 /jiiMade/Public/Admin/Styles/.__PUBLIC__/Admin/Images/icon_add.gif
INFO: [ app_init ] --START--
INFO: Run Behavior\BuildLiteBehavior [ RunTime:0.000068s ]
INFO: [ app_init ] --END-- [ RunTime:0.001140s ]
ERR: 无法加载模块:Public

[ 2018-04-22T08:37:18+08:00 ] ::1 /jiiMade/Public/Admin/Styles/.__PUBLIC__/Admin/Images/button_bg.gif
INFO: [ app_init ] --START--
INFO: Run Behavior\BuildLiteBehavior [ RunTime:0.000026s ]
INFO: [ app_init ] --END-- [ RunTime:0.000486s ]
ERR: 无法加载模块:Public

[ 2018-04-22T08:37:18+08:00 ] ::1 /jiiMade/Public/Admin/Styles/.__PUBLIC__/Admin/Images/th_bg.gif
INFO: [ app_init ] --START--
INFO: Run Behavior\BuildLiteBehavior [ RunTime:0.000029s ]
INFO: [ app_init ] --END-- [ RunTime:0.000572s ]
ERR: 无法加载模块:Public

[ 2018-04-22T08:37:20+08:00 ] ::1 /jiiMade/Public/Admin/Styles/.__PUBLIC__/Admin/Images/icon_add.gif
INFO: [ app_init ] --START--
INFO: Run Behavior\BuildLiteBehavior [ RunTime:0.000052s ]
INFO: [ app_init ] --END-- [ RunTime:0.000978s ]
ERR: 无法加载模块:Public

[ 2018-04-22T08:37:20+08:00 ] ::1 /jiiMade/Public/Admin/Styles/.__PUBLIC__/Admin/Images/button_bg.gif
INFO: [ app_init ] --START--
INFO: Run Behavior\BuildLiteBehavior [ RunTime:0.000023s ]
INFO: [ app_init ] --END-- [ RunTime:0.000440s ]
ERR: 无法加载模块:Public

[ 2018-04-22T08:37:20+08:00 ] ::1 /jiiMade/Public/Admin/Styles/.__PUBLIC__/Admin/Images/icon_add.gif
INFO: [ app_init ] --START--
INFO: Run Behavior\BuildLiteBehavior [ RunTime:0.000056s ]
INFO: [ app_init ] --END-- [ RunTime:0.001024s ]
ERR: 无法加载模块:Public

[ 2018-04-22T08:37:35+08:00 ] ::1 /jiiMade/Public/Admin/Styles/.__PUBLIC__/Admin/Images/button_bg.gif
INFO: [ app_init ] --START--
INFO: Run Behavior\BuildLiteBehavior [ RunTime:0.000028s ]
INFO: [ app_init ] --END-- [ RunTime:0.000683s ]
ERR: 无法加载模块:Public

[ 2018-04-22T08:37:35+08:00 ] ::1 /jiiMade/Public/Admin/Styles/.__PUBLIC__/Admin/Images/icon_add.gif
INFO: [ app_init ] --START--
INFO: Run Behavior\BuildLiteBehavior [ RunTime:0.000038s ]
INFO: [ app_init ] --END-- [ RunTime:0.000579s ]
ERR: 无法加载模块:Public

[ 2018-04-22T08:37:35+08:00 ] ::1 /jiiMade/Public/Admin/Styles/.__PUBLIC__/Admin/Images/th_bg.gif
INFO: [ app_init ] --START--
INFO: Run Behavior\BuildLiteBehavior [ RunTime:0.000034s ]
INFO: [ app_init ] --END-- [ RunTime:0.000614s ]
ERR: 无法加载模块:Public

[ 2018-04-22T08:37:36+08:00 ] ::1 /jiiMade/Public/Admin/Styles/.__PUBLIC__/Admin/Images/icon_add.gif
INFO: [ app_init ] --START--
INFO: Run Behavior\BuildLiteBehavior [ RunTime:0.000029s ]
INFO: [ app_init ] --END-- [ RunTime:0.000569s ]
ERR: 无法加载模块:Public

[ 2018-04-22T08:37:37+08:00 ] ::1 /jiiMade/Public/Admin/Styles/.__PUBLIC__/Admin/Images/icon_add.gif
INFO: [ app_init ] --START--
INFO: Run Behavior\BuildLiteBehavior [ RunTime:0.000026s ]
INFO: [ app_init ] --END-- [ RunTime:0.000458s ]
ERR: 无法加载模块:Public

[ 2018-04-22T08:37:37+08:00 ] ::1 /jiiMade/Public/Admin/Styles/.__PUBLIC__/Admin/Images/button_bg.gif
INFO: [ app_init ] --START--
INFO: Run Behavior\BuildLiteBehavior [ RunTime:0.000025s ]
INFO: [ app_init ] --END-- [ RunTime:0.000471s ]
ERR: 无法加载模块:Public

[ 2018-04-22T08:37:47+08:00 ] ::1 /jiiMade/Public/Admin/Styles/.__PUBLIC__/Admin/Images/icon_add.gif
INFO: [ app_init ] --START--
INFO: Run Behavior\BuildLiteBehavior [ RunTime:0.000024s ]
INFO: [ app_init ] --END-- [ RunTime:0.000496s ]
ERR: 无法加载模块:Public

[ 2018-04-22T08:37:47+08:00 ] ::1 /jiiMade/Public/Admin/Styles/.__PUBLIC__/Admin/Images/button_bg.gif
INFO: [ app_init ] --START--
INFO: Run Behavior\BuildLiteBehavior [ RunTime:0.000024s ]
INFO: [ app_init ] --END-- [ RunTime:0.000453s ]
ERR: 无法加载模块:Public

[ 2018-04-22T08:37:47+08:00 ] ::1 /jiiMade/Public/Admin/Styles/.__PUBLIC__/Admin/Images/th_bg.gif
INFO: [ app_init ] --START--
INFO: Run Behavior\BuildLiteBehavior [ RunTime:0.000026s ]
INFO: [ app_init ] --END-- [ RunTime:0.000526s ]
ERR: 无法加载模块:Public

[ 2018-04-22T08:38:29+08:00 ] ::1 /jiiMade/Public/Admin/Styles/.__PUBLIC__/Admin/Images/button_bg.gif
INFO: [ app_init ] --START--
INFO: Run Behavior\BuildLiteBehavior [ RunTime:0.000023s ]
INFO: [ app_init ] --END-- [ RunTime:0.000462s ]
ERR: 无法加载模块:Public

[ 2018-04-22T08:38:29+08:00 ] ::1 /jiiMade/Public/Admin/Styles/.__PUBLIC__/Admin/Images/icon_add.gif
INFO: [ app_init ] --START--
INFO: Run Behavior\BuildLiteBehavior [ RunTime:0.000056s ]
INFO: [ app_init ] --END-- [ RunTime:0.001117s ]
ERR: 无法加载模块:Public

[ 2018-04-22T08:38:29+08:00 ] ::1 /jiiMade/Public/Admin/Styles/.__PUBLIC__/Admin/Images/th_bg.gif
INFO: [ app_init ] --START--
INFO: Run Behavior\BuildLiteBehavior [ RunTime:0.000037s ]
INFO: [ app_init ] --END-- [ RunTime:0.000532s ]
ERR: 无法加载模块:Public

[ 2018-04-22T08:38:31+08:00 ] ::1 /jiiMade/Public/Admin/Styles/.__PUBLIC__/Admin/Images/icon_add.gif
INFO: [ app_init ] --START--
INFO: Run Behavior\BuildLiteBehavior [ RunTime:0.000062s ]
INFO: [ app_init ] --END-- [ RunTime:0.000914s ]
ERR: 无法加载模块:Public

[ 2018-04-22T08:45:40+08:00 ] ::1 /jiiMade/Public/Admin/Styles/.__PUBLIC__/Admin/Images/icon_add.gif
INFO: [ app_init ] --START--
INFO: Run Behavior\BuildLiteBehavior [ RunTime:0.000025s ]
INFO: [ app_init ] --END-- [ RunTime:0.000486s ]
ERR: 无法加载模块:Public

[ 2018-04-22T08:45:40+08:00 ] ::1 /jiiMade/Public/Admin/Styles/.__PUBLIC__/Admin/Images/th_bg.gif
INFO: [ app_init ] --START--
INFO: Run Behavior\BuildLiteBehavior [ RunTime:0.000029s ]
INFO: [ app_init ] --END-- [ RunTime:0.000593s ]
ERR: 无法加载模块:Public

[ 2018-04-22T08:45:40+08:00 ] ::1 /jiiMade/Public/Admin/Styles/.__PUBLIC__/Admin/Images/button_bg.gif
INFO: [ app_init ] --START--
INFO: Run Behavior\BuildLiteBehavior [ RunTime:0.000043s ]
INFO: [ app_init ] --END-- [ RunTime:0.000871s ]
ERR: 无法加载模块:Public

[ 2018-04-22T09:27:21+08:00 ] 127.0.0.1 /jiiMade/Public/Admin/Styles/.__PUBLIC__/Admin/Images/th_bg.gif
INFO: [ app_init ] --START--
INFO: Run Behavior\BuildLiteBehavior [ RunTime:0.000030s ]
INFO: [ app_init ] --END-- [ RunTime:0.000575s ]
ERR: 无法加载模块:Public

[ 2018-04-22T09:27:24+08:00 ] 127.0.0.1 /jiiMade/Public/Admin/Styles/.__PUBLIC__/Admin/Images/icon_add.gif
INFO: [ app_init ] --START--
INFO: Run Behavior\BuildLiteBehavior [ RunTime:0.000027s ]
INFO: [ app_init ] --END-- [ RunTime:0.000472s ]
ERR: 无法加载模块:Public

[ 2018-04-22T09:27:24+08:00 ] 127.0.0.1 /jiiMade/Public/Admin/Styles/.__PUBLIC__/Admin/Images/th_bg.gif
INFO: [ app_init ] --START--
INFO: Run Behavior\BuildLiteBehavior [ RunTime:0.000031s ]
INFO: [ app_init ] --END-- [ RunTime:0.000598s ]
ERR: 无法加载模块:Public

[ 2018-04-22T09:27:24+08:00 ] 127.0.0.1 /jiiMade/Public/Admin/Styles/.__PUBLIC__/Admin/Images/button_bg.gif
INFO: [ app_init ] --START--
INFO: Run Behavior\BuildLiteBehavior [ RunTime:0.000052s ]
INFO: [ app_init ] --END-- [ RunTime:0.000963s ]
ERR: 无法加载模块:Public

[ 2018-04-22T09:27:46+08:00 ] 127.0.0.1 /jiiMade/Public/Admin/Styles/.__PUBLIC__/Admin/Images/icon_add.gif
INFO: [ app_init ] --START--
INFO: Run Behavior\BuildLiteBehavior [ RunTime:0.000048s ]
INFO: [ app_init ] --END-- [ RunTime:0.000907s ]
ERR: 无法加载模块:Public

[ 2018-04-22T09:27:46+08:00 ] 127.0.0.1 /jiiMade/Public/Admin/Styles/.__PUBLIC__/Admin/Images/th_bg.gif
INFO: [ app_init ] --START--
INFO: Run Behavior\BuildLiteBehavior [ RunTime:0.000025s ]
INFO: [ app_init ] --END-- [ RunTime:0.000487s ]
ERR: 无法加载模块:Public

[ 2018-04-22T09:27:48+08:00 ] 127.0.0.1 /jiiMade/Public/Admin/Styles/.__PUBLIC__/Admin/Images/icon_add.gif
INFO: [ app_init ] --START--
INFO: Run Behavior\BuildLiteBehavior [ RunTime:0.000026s ]
INFO: [ app_init ] --END-- [ RunTime:0.000507s ]
ERR: 无法加载模块:Public

[ 2018-04-22T09:28:42+08:00 ] 127.0.0.1 /jiiMade/Public/Admin/Styles/.__PUBLIC__/Admin/Images/button_bg.gif
INFO: [ app_init ] --START--
INFO: Run Behavior\BuildLiteBehavior [ RunTime:0.000026s ]
INFO: [ app_init ] --END-- [ RunTime:0.000490s ]
ERR: 无法加载模块:Public

[ 2018-04-22T10:12:35+08:00 ] ::1 /jiiMade/Public/Admin/Styles/.__PUBLIC__/Admin/Images/th_bg.gif
INFO: [ app_init ] --START--
INFO: Run Behavior\BuildLiteBehavior [ RunTime:0.000032s ]
INFO: [ app_init ] --END-- [ RunTime:0.000679s ]
ERR: 无法加载模块:Public

[ 2018-04-22T10:12:35+08:00 ] ::1 /jiiMade/Public/Admin/Styles/.__PUBLIC__/Admin/Images/icon_add.gif
INFO: [ app_init ] --START--
INFO: Run Behavior\BuildLiteBehavior [ RunTime:0.000024s ]
INFO: [ app_init ] --END-- [ RunTime:0.000518s ]
ERR: 无法加载模块:Public

[ 2018-04-22T10:12:35+08:00 ] ::1 /jiiMade/Public/Admin/Styles/.__PUBLIC__/Admin/Images/button_bg.gif
INFO: [ app_init ] --START--
INFO: Run Behavior\BuildLiteBehavior [ RunTime:0.000026s ]
INFO: [ app_init ] --END-- [ RunTime:0.000579s ]
ERR: 无法加载模块:Public

[ 2018-04-22T10:12:37+08:00 ] ::1 /jiiMade/Public/Admin/Styles/.__PUBLIC__/Admin/Images/icon_add.gif
INFO: [ app_init ] --START--
INFO: Run Behavior\BuildLiteBehavior [ RunTime:0.000053s ]
INFO: [ app_init ] --END-- [ RunTime:0.001194s ]
ERR: 无法加载模块:Public

[ 2018-04-22T17:34:55+08:00 ] 127.0.0.1 /jiimade/Public/Admin/Styles/.__PUBLIC__/Admin/Images/th_bg.gif
INFO: [ app_init ] --START--
INFO: Run Behavior\BuildLiteBehavior [ RunTime:0.000028s ]
INFO: [ app_init ] --END-- [ RunTime:0.000562s ]
ERR: 无法加载模块:Public

