[ 2018-07-22T11:22:09+08:00 ] ::1 /jiimadeeee/Public/Admin/Styles/.__PUBLIC__/Admin/Images/th_bg.gif
INFO: [ app_init ] --START--
INFO: Run Behavior\BuildLiteBehavior [ RunTime:0.000041s ]
INFO: [ app_init ] --END-- [ RunTime:0.000817s ]
ERR: 无法加载模块:Public

[ 2018-07-22T11:22:09+08:00 ] ::1 /jiimadeeee/Public/Admin/Styles/.__PUBLIC__/Admin/Images/icon_add.gif
INFO: [ app_init ] --START--
INFO: Run Behavior\BuildLiteBehavior [ RunTime:0.000046s ]
INFO: [ app_init ] --END-- [ RunTime:0.000465s ]
ERR: 无法加载模块:Public

[ 2018-07-22T11:22:09+08:00 ] ::1 /jiimadeeee/Public/Admin/Styles/.__PUBLIC__/Admin/Images/button_bg.gif
INFO: [ app_init ] --START--
INFO: Run Behavior\BuildLiteBehavior [ RunTime:0.000025s ]
INFO: [ app_init ] --END-- [ RunTime:0.000466s ]
ERR: 无法加载模块:Public

[ 2018-07-22T11:35:01+08:00 ] ::1 /jiimadeeee/Public/Admin/Styles/.__PUBLIC__/Admin/Images/icon_add.gif
INFO: [ app_init ] --START--
INFO: Run Behavior\BuildLiteBehavior [ RunTime:0.000061s ]
INFO: [ app_init ] --END-- [ RunTime:0.002113s ]
ERR: 无法加载模块:Public

[ 2018-07-22T11:35:03+08:00 ] ::1 /jiimadeeee/Public/Admin/Styles/.__PUBLIC__/Admin/Images/th_bg.gif
INFO: [ app_init ] --START--
INFO: Run Behavior\BuildLiteBehavior [ RunTime:0.000049s ]
INFO: [ app_init ] --END-- [ RunTime:0.000815s ]
ERR: 无法加载模块:Public

[ 2018-07-22T11:35:03+08:00 ] ::1 /jiimadeeee/Public/Admin/Styles/.__PUBLIC__/Admin/Images/icon_add.gif
INFO: [ app_init ] --START--
INFO: Run Behavior\BuildLiteBehavior [ RunTime:0.000125s ]
INFO: [ app_init ] --END-- [ RunTime:0.001538s ]
ERR: 无法加载模块:Public

[ 2018-07-22T11:35:04+08:00 ] ::1 /jiimadeeee/Public/Admin/Styles/.__PUBLIC__/Admin/Images/icon_add.gif
INFO: [ app_init ] --START--
INFO: Run Behavior\BuildLiteBehavior [ RunTime:0.000026s ]
INFO: [ app_init ] --END-- [ RunTime:0.000443s ]
ERR: 无法加载模块:Public

[ 2018-07-22T11:35:04+08:00 ] ::1 /jiimadeeee/Public/Admin/Styles/.__PUBLIC__/Admin/Images/icon_add.gif
INFO: [ app_init ] --START--
INFO: Run Behavior\BuildLiteBehavior [ RunTime:0.000039s ]
INFO: [ app_init ] --END-- [ RunTime:0.000676s ]
ERR: 无法加载模块:Public

[ 2018-07-22T11:35:04+08:00 ] ::1 /jiimadeeee/Public/Admin/Styles/.__PUBLIC__/Admin/Images/icon_add.gif
INFO: [ app_init ] --START--
INFO: Run Behavior\BuildLiteBehavior [ RunTime:0.000028s ]
INFO: [ app_init ] --END-- [ RunTime:0.000432s ]
ERR: 无法加载模块:Public

[ 2018-07-22T11:36:03+08:00 ] ::1 /jiimadeeee/Public/Admin/Styles/.__PUBLIC__/Admin/Images/icon_add.gif
INFO: [ app_init ] --START--
INFO: Run Behavior\BuildLiteBehavior [ RunTime:0.000214s ]
INFO: [ app_init ] --END-- [ RunTime:0.003384s ]
ERR: 无法加载模块:Public

[ 2018-07-22T11:36:03+08:00 ] ::1 /jiimadeeee/Public/Admin/Styles/.__PUBLIC__/Admin/Images/th_bg.gif
INFO: [ app_init ] --START--
INFO: Run Behavior\BuildLiteBehavior [ RunTime:0.000041s ]
INFO: [ app_init ] --END-- [ RunTime:0.000770s ]
ERR: 无法加载模块:Public

[ 2018-07-22T11:36:17+08:00 ] ::1 /jiimadeeee/Public/Admin/Styles/.__PUBLIC__/Admin/Images/th_bg.gif
INFO: [ app_init ] --START--
INFO: Run Behavior\BuildLiteBehavior [ RunTime:0.000052s ]
INFO: [ app_init ] --END-- [ RunTime:0.001153s ]
ERR: 无法加载模块:Public

[ 2018-07-22T11:36:17+08:00 ] ::1 /jiimadeeee/Public/Admin/Styles/.__PUBLIC__/Admin/Images/icon_add.gif
INFO: [ app_init ] --START--
INFO: Run Behavior\BuildLiteBehavior [ RunTime:0.000046s ]
INFO: [ app_init ] --END-- [ RunTime:0.000890s ]
ERR: 无法加载模块:Public

[ 2018-07-22T11:36:54+08:00 ] ::1 /jiimadeeee/Public/Admin/Styles/.__PUBLIC__/Admin/Images/icon_add.gif
INFO: [ app_init ] --START--
INFO: Run Behavior\BuildLiteBehavior [ RunTime:0.000147s ]
INFO: [ app_init ] --END-- [ RunTime:0.002105s ]
ERR: 无法加载模块:Public

[ 2018-07-22T11:37:02+08:00 ] ::1 /jiimadeeee/Public/Admin/Styles/.__PUBLIC__/Admin/Images/th_bg.gif
INFO: [ app_init ] --START--
INFO: Run Behavior\BuildLiteBehavior [ RunTime:0.000043s ]
INFO: [ app_init ] --END-- [ RunTime:0.000598s ]
ERR: 无法加载模块:Public

[ 2018-07-22T11:37:02+08:00 ] ::1 /jiimadeeee/Public/Admin/Styles/.__PUBLIC__/Admin/Images/icon_add.gif
INFO: [ app_init ] --START--
INFO: Run Behavior\BuildLiteBehavior [ RunTime:0.000060s ]
INFO: [ app_init ] --END-- [ RunTime:0.001458s ]
ERR: 无法加载模块:Public

[ 2018-07-22T11:37:50+08:00 ] ::1 /jiimadeeee/Public/Admin/Styles/.__PUBLIC__/Admin/Images/th_bg.gif
INFO: [ app_init ] --START--
INFO: Run Behavior\BuildLiteBehavior [ RunTime:0.000043s ]
INFO: [ app_init ] --END-- [ RunTime:0.000724s ]
ERR: 无法加载模块:Public

[ 2018-07-22T11:37:50+08:00 ] ::1 /jiimadeeee/Public/Admin/Styles/.__PUBLIC__/Admin/Images/icon_add.gif
INFO: [ app_init ] --START--
INFO: Run Behavior\BuildLiteBehavior [ RunTime:0.000253s ]
INFO: [ app_init ] --END-- [ RunTime:0.003921s ]
ERR: 无法加载模块:Public

[ 2018-07-22T11:38:59+08:00 ] ::1 /jiimadeeee/Public/Admin/Styles/.__PUBLIC__/Admin/Images/th_bg.gif
INFO: [ app_init ] --START--
INFO: Run Behavior\BuildLiteBehavior [ RunTime:0.000051s ]
INFO: [ app_init ] --END-- [ RunTime:0.002123s ]
ERR: 无法加载模块:Public

[ 2018-07-22T11:38:59+08:00 ] ::1 /jiimadeeee/Public/Admin/Styles/.__PUBLIC__/Admin/Images/button_bg.gif
INFO: [ app_init ] --START--
INFO: Run Behavior\BuildLiteBehavior [ RunTime:0.000040s ]
INFO: [ app_init ] --END-- [ RunTime:0.000618s ]
ERR: 无法加载模块:Public

[ 2018-07-22T11:38:59+08:00 ] ::1 /jiimadeeee/Public/Admin/Styles/.__PUBLIC__/Admin/Images/icon_add.gif
INFO: [ app_init ] --START--
INFO: Run Behavior\BuildLiteBehavior [ RunTime:0.000057s ]
INFO: [ app_init ] --END-- [ RunTime:0.002883s ]
ERR: 无法加载模块:Public

[ 2018-07-22T11:40:34+08:00 ] ::1 /jiimadeeee/Public/Admin/Styles/.__PUBLIC__/Admin/Images/th_bg.gif
INFO: [ app_init ] --START--
INFO: Run Behavior\BuildLiteBehavior [ RunTime:0.000029s ]
INFO: [ app_init ] --END-- [ RunTime:0.000559s ]
ERR: 无法加载模块:Public

[ 2018-07-22T11:40:34+08:00 ] ::1 /jiimadeeee/Public/Admin/Styles/.__PUBLIC__/Admin/Images/icon_add.gif
INFO: [ app_init ] --START--
INFO: Run Behavior\BuildLiteBehavior [ RunTime:0.000165s ]
INFO: [ app_init ] --END-- [ RunTime:0.002706s ]
ERR: 无法加载模块:Public

[ 2018-07-22T11:40:45+08:00 ] ::1 /jiimadeeee/Public/Admin/Styles/.__PUBLIC__/Admin/Images/th_bg.gif
INFO: [ app_init ] --START--
INFO: Run Behavior\BuildLiteBehavior [ RunTime:0.000045s ]
INFO: [ app_init ] --END-- [ RunTime:0.002243s ]
ERR: 无法加载模块:Public

[ 2018-07-22T11:40:45+08:00 ] ::1 /jiimadeeee/Public/Admin/Styles/.__PUBLIC__/Admin/Images/icon_add.gif
INFO: [ app_init ] --START--
INFO: Run Behavior\BuildLiteBehavior [ RunTime:0.000053s ]
INFO: [ app_init ] --END-- [ RunTime:0.000938s ]
ERR: 无法加载模块:Public

[ 2018-07-22T11:41:31+08:00 ] ::1 /jiimadeeee/Public/Admin/Styles/.__PUBLIC__/Admin/Images/th_bg.gif
INFO: [ app_init ] --START--
INFO: Run Behavior\BuildLiteBehavior [ RunTime:0.000029s ]
INFO: [ app_init ] --END-- [ RunTime:0.000478s ]
ERR: 无法加载模块:Public

[ 2018-07-22T11:41:31+08:00 ] ::1 /jiimadeeee/Public/Admin/Styles/.__PUBLIC__/Admin/Images/icon_add.gif
INFO: [ app_init ] --START--
INFO: Run Behavior\BuildLiteBehavior [ RunTime:0.000045s ]
INFO: [ app_init ] --END-- [ RunTime:0.000740s ]
ERR: 无法加载模块:Public

[ 2018-07-22T11:41:49+08:00 ] ::1 /jiimadeeee/Public/Admin/Styles/.__PUBLIC__/Admin/Images/icon_add.gif
INFO: [ app_init ] --START--
INFO: Run Behavior\BuildLiteBehavior [ RunTime:0.000026s ]
INFO: [ app_init ] --END-- [ RunTime:0.000469s ]
ERR: 无法加载模块:Public

[ 2018-07-22T11:41:49+08:00 ] ::1 /jiimadeeee/Public/Admin/Styles/.__PUBLIC__/Admin/Images/th_bg.gif
INFO: [ app_init ] --START--
INFO: Run Behavior\BuildLiteBehavior [ RunTime:0.000044s ]
INFO: [ app_init ] --END-- [ RunTime:0.000689s ]
ERR: 无法加载模块:Public

[ 2018-07-22T11:42:31+08:00 ] ::1 /jiimadeeee/Public/Admin/Styles/.__PUBLIC__/Admin/Images/icon_add.gif
INFO: [ app_init ] --START--
INFO: Run Behavior\BuildLiteBehavior [ RunTime:0.000173s ]
INFO: [ app_init ] --END-- [ RunTime:0.002778s ]
ERR: 无法加载模块:Public

[ 2018-07-22T11:42:32+08:00 ] ::1 /jiimadeeee/Public/Admin/Styles/.__PUBLIC__/Admin/Images/icon_add.gif
INFO: [ app_init ] --START--
INFO: Run Behavior\BuildLiteBehavior [ RunTime:0.000025s ]
INFO: [ app_init ] --END-- [ RunTime:0.000429s ]
ERR: 无法加载模块:Public

[ 2018-07-22T11:42:32+08:00 ] ::1 /jiimadeeee/Public/Admin/Styles/.__PUBLIC__/Admin/Images/icon_add.gif
INFO: [ app_init ] --START--
INFO: Run Behavior\BuildLiteBehavior [ RunTime:0.000028s ]
INFO: [ app_init ] --END-- [ RunTime:0.000467s ]
ERR: 无法加载模块:Public

[ 2018-07-22T11:43:12+08:00 ] ::1 /jiimadeeee/Public/Admin/Styles/.__PUBLIC__/Admin/Images/th_bg.gif
INFO: [ app_init ] --START--
INFO: Run Behavior\BuildLiteBehavior [ RunTime:0.000038s ]
INFO: [ app_init ] --END-- [ RunTime:0.000602s ]
ERR: 无法加载模块:Public

[ 2018-07-22T11:43:12+08:00 ] ::1 /jiimadeeee/Public/Admin/Styles/.__PUBLIC__/Admin/Images/icon_add.gif
INFO: [ app_init ] --START--
INFO: Run Behavior\BuildLiteBehavior [ RunTime:0.000172s ]
INFO: [ app_init ] --END-- [ RunTime:0.002468s ]
ERR: 无法加载模块:Public

[ 2018-07-22T11:43:12+08:00 ] ::1 /jiimadeeee/Public/Admin/Styles/.__PUBLIC__/Admin/Images/icon_add.gif
INFO: [ app_init ] --START--
INFO: Run Behavior\BuildLiteBehavior [ RunTime:0.000027s ]
INFO: [ app_init ] --END-- [ RunTime:0.000483s ]
ERR: 无法加载模块:Public

[ 2018-07-22T11:51:28+08:00 ] ::1 /jiimadeeee/Public/Admin/Styles/.__PUBLIC__/Admin/Images/th_bg.gif
INFO: [ app_init ] --START--
INFO: Run Behavior\BuildLiteBehavior [ RunTime:0.000202s ]
INFO: [ app_init ] --END-- [ RunTime:0.003184s ]
ERR: 无法加载模块:Public

[ 2018-07-22T11:51:28+08:00 ] ::1 /jiimadeeee/Public/Admin/Styles/.__PUBLIC__/Admin/Images/icon_add.gif
INFO: [ app_init ] --START--
INFO: Run Behavior\BuildLiteBehavior [ RunTime:0.000330s ]
INFO: [ app_init ] --END-- [ RunTime:0.004642s ]
ERR: 无法加载模块:Public

[ 2018-07-22T11:51:28+08:00 ] ::1 /jiimadeeee/Public/Admin/Styles/.__PUBLIC__/Admin/Images/icon_add.gif
INFO: [ app_init ] --START--
INFO: Run Behavior\BuildLiteBehavior [ RunTime:0.000154s ]
INFO: [ app_init ] --END-- [ RunTime:0.002257s ]
ERR: 无法加载模块:Public

[ 2018-07-22T11:55:45+08:00 ] ::1 /jiimadeeee/Public/Admin/Styles/.__PUBLIC__/Admin/Images/button_bg.gif
INFO: [ app_init ] --START--
INFO: Run Behavior\BuildLiteBehavior [ RunTime:0.000029s ]
INFO: [ app_init ] --END-- [ RunTime:0.000516s ]
ERR: 无法加载模块:Public

