[ 2018-08-06T09:33:41+08:00 ] ::1 /jiimadeeee/Public/Admin/Styles/.__PUBLIC__/Admin/Images/th_bg.gif
INFO: [ app_init ] --START--
INFO: Run Behavior\BuildLiteBehavior [ RunTime:0.000092s ]
INFO: [ app_init ] --END-- [ RunTime:0.000994s ]
ERR: 无法加载模块:Public

[ 2018-08-06T09:33:41+08:00 ] ::1 /jiimadeeee/Public/Admin/Styles/.__PUBLIC__/Admin/Images/icon_add.gif
INFO: [ app_init ] --START--
INFO: Run Behavior\BuildLiteBehavior [ RunTime:0.000031s ]
INFO: [ app_init ] --END-- [ RunTime:0.000689s ]
ERR: 无法加载模块:Public

[ 2018-08-06T09:33:41+08:00 ] ::1 /jiimadeeee/Public/Admin/Styles/.__PUBLIC__/Admin/Images/button_bg.gif
INFO: [ app_init ] --START--
INFO: Run Behavior\BuildLiteBehavior [ RunTime:0.000030s ]
INFO: [ app_init ] --END-- [ RunTime:0.000633s ]
ERR: 无法加载模块:Public

[ 2018-08-06T09:33:45+08:00 ] ::1 /jiimadeeee/Public/Admin/Styles/.__PUBLIC__/Admin/Images/icon_add.gif
INFO: [ app_init ] --START--
INFO: Run Behavior\BuildLiteBehavior [ RunTime:0.000047s ]
INFO: [ app_init ] --END-- [ RunTime:0.001129s ]
ERR: 无法加载模块:Public

[ 2018-08-06T09:33:46+08:00 ] ::1 /jiimadeeee/Public/Admin/Styles/.__PUBLIC__/Admin/Images/icon_add.gif
INFO: [ app_init ] --START--
INFO: Run Behavior\BuildLiteBehavior [ RunTime:0.000026s ]
INFO: [ app_init ] --END-- [ RunTime:0.000574s ]
ERR: 无法加载模块:Public

[ 2018-08-06T09:33:46+08:00 ] ::1 /jiimadeeee/Public/Admin/Styles/.__PUBLIC__/Admin/Images/button_bg.gif
INFO: [ app_init ] --START--
INFO: Run Behavior\BuildLiteBehavior [ RunTime:0.000024s ]
INFO: [ app_init ] --END-- [ RunTime:0.000605s ]
ERR: 无法加载模块:Public

[ 2018-08-06T09:33:46+08:00 ] ::1 /jiimadeeee/Public/Admin/Styles/.__PUBLIC__/Admin/Images/icon_add.gif
INFO: [ app_init ] --START--
INFO: Run Behavior\BuildLiteBehavior [ RunTime:0.000025s ]
INFO: [ app_init ] --END-- [ RunTime:0.000531s ]
ERR: 无法加载模块:Public

[ 2018-08-06T09:34:30+08:00 ] ::1 /jiimadeeee/Public/Admin/Styles/.__PUBLIC__/Admin/Images/th_bg.gif
INFO: [ app_init ] --START--
INFO: Run Behavior\BuildLiteBehavior [ RunTime:0.000026s ]
INFO: [ app_init ] --END-- [ RunTime:0.000660s ]
ERR: 无法加载模块:Public

[ 2018-08-06T09:34:30+08:00 ] ::1 /jiimadeeee/Public/Admin/Styles/.__PUBLIC__/Admin/Images/icon_add.gif
INFO: [ app_init ] --START--
INFO: Run Behavior\BuildLiteBehavior [ RunTime:0.000026s ]
INFO: [ app_init ] --END-- [ RunTime:0.000627s ]
ERR: 无法加载模块:Public

[ 2018-08-06T09:34:30+08:00 ] ::1 /jiimadeeee/Public/Admin/Styles/.__PUBLIC__/Admin/Images/button_bg.gif
INFO: [ app_init ] --START--
INFO: Run Behavior\BuildLiteBehavior [ RunTime:0.000024s ]
INFO: [ app_init ] --END-- [ RunTime:0.000547s ]
ERR: 无法加载模块:Public

[ 2018-08-06T09:34:31+08:00 ] ::1 /jiimadeeee/Public/Admin/Styles/.__PUBLIC__/Admin/Images/icon_add.gif
INFO: [ app_init ] --START--
INFO: Run Behavior\BuildLiteBehavior [ RunTime:0.000022s ]
INFO: [ app_init ] --END-- [ RunTime:0.000489s ]
ERR: 无法加载模块:Public

[ 2018-08-06T09:34:31+08:00 ] ::1 /jiimadeeee/Public/Admin/Styles/.__PUBLIC__/Admin/Images/icon_add.gif
INFO: [ app_init ] --START--
INFO: Run Behavior\BuildLiteBehavior [ RunTime:0.000048s ]
INFO: [ app_init ] --END-- [ RunTime:0.000599s ]
ERR: 无法加载模块:Public


