[ 2018-06-26T11:40:35+08:00 ] ::1 /jiimadeeee/index.php/admin/index/index
INFO: [ app_init ] --START--
INFO: Run Behavior\BuildLiteBehavior [ RunTime:0.000026s ]
INFO: [ app_init ] --END-- [ RunTime:0.000447s ]
INFO: [ app_begin ] --START--
INFO: Run Behavior\ReadHtmlCacheBehavior [ RunTime:0.000475s ]
INFO: [ app_begin ] --END-- [ RunTime:0.000590s ]
NOTIC: [8] A session had already been started - ignoring session_start() D:\wamp\wamp64\www\jiimadeeee\Application\Admin\Controller\BaseController.class.php 第 9 行.
INFO: [ view_parse ] --START--
INFO: [ template_filter ] --START--
INFO: Run Behavior\ContentReplaceBehavior [ RunTime:0.001005s ]
INFO: [ template_filter ] --END-- [ RunTime:0.001174s ]
INFO: Run Behavior\ParseTemplateBehavior [ RunTime:0.010089s ]
INFO: [ view_parse ] --END-- [ RunTime:0.010213s ]
INFO: [ view_filter ] --START--
INFO: Run Behavior\WriteHtmlCacheBehavior [ RunTime:0.000603s ]
INFO: [ view_filter ] --END-- [ RunTime:0.000712s ]

[ 2018-06-26T11:40:38+08:00 ] ::1 /jiimadeeee/index.php/Admin/Login/login.html
INFO: [ app_init ] --START--
INFO: Run Behavior\BuildLiteBehavior [ RunTime:0.000049s ]
INFO: [ app_init ] --END-- [ RunTime:0.000940s ]
INFO: [ app_begin ] --START--
INFO: Run Behavior\ReadHtmlCacheBehavior [ RunTime:0.001100s ]
INFO: [ app_begin ] --END-- [ RunTime:0.001361s ]
INFO: [ view_parse ] --START--
INFO: [ template_filter ] --START--
INFO: Run Behavior\ContentReplaceBehavior [ RunTime:0.000080s ]
INFO: [ template_filter ] --END-- [ RunTime:0.000221s ]
INFO: Run Behavior\ParseTemplateBehavior [ RunTime:0.011843s ]
INFO: [ view_parse ] --END-- [ RunTime:0.012024s ]
INFO: [ view_filter ] --START--
INFO: Run Behavior\WriteHtmlCacheBehavior [ RunTime:0.000434s ]
INFO: [ view_filter ] --END-- [ RunTime:0.000538s ]
INFO: [ app_end ] --START--
INFO: Run Behavior\ShowPageTraceBehavior [ RunTime:0.000562s ]
INFO: [ app_end ] --END-- [ RunTime:0.000672s ]

[ 2018-06-26T11:40:39+08:00 ] ::1 /jiimadeeee/index.php/Admin/Login/chkcode.html
INFO: [ app_init ] --START--
INFO: Run Behavior\BuildLiteBehavior [ RunTime:0.000026s ]
INFO: [ app_init ] --END-- [ RunTime:0.000492s ]
INFO: [ app_begin ] --START--
INFO: Run Behavior\ReadHtmlCacheBehavior [ RunTime:0.000527s ]
INFO: [ app_begin ] --END-- [ RunTime:0.000654s ]
NOTIC: [8] A session had already been started - ignoring session_start() D:\wamp\wamp64\www\jiimadeeee\Application\Admin\Controller\LoginController.class.php 第 29 行.
INFO: [ app_end ] --START--
INFO: Run Behavior\ShowPageTraceBehavior [ RunTime:0.001163s ]
INFO: [ app_end ] --END-- [ RunTime:0.001389s ]

[ 2018-06-26T11:40:47+08:00 ] ::1 /jiimadeeee/index.php/Admin/Login/login.html
INFO: [ app_init ] --START--
INFO: Run Behavior\BuildLiteBehavior [ RunTime:0.000023s ]
INFO: [ app_init ] --END-- [ RunTime:0.000463s ]
INFO: [ app_begin ] --START--
INFO: Run Behavior\ReadHtmlCacheBehavior [ RunTime:0.000542s ]
INFO: [ app_begin ] --END-- [ RunTime:0.000666s ]
SQL: SHOW COLUMNS FROM `made_admin` [ RunTime:0.0036s ]
NOTIC: [8] Undefined index: auto D:\wamp\wamp64\www\jiimadeeee\ThinkPHP\Library\Think\Model.class.php 第 1128 行.
SQL: SELECT * FROM `made_admin` WHERE `username` = 'root' LIMIT 1   [ RunTime:0.0003s ]
INFO: [ view_parse ] --START--
INFO: [ template_filter ] --START--
INFO: Run Behavior\ContentReplaceBehavior [ RunTime:0.000068s ]
INFO: [ template_filter ] --END-- [ RunTime:0.000185s ]
INFO: Run Behavior\ParseTemplateBehavior [ RunTime:0.007726s ]
INFO: [ view_parse ] --END-- [ RunTime:0.007853s ]
INFO: [ view_filter ] --START--
INFO: Run Behavior\WriteHtmlCacheBehavior [ RunTime:0.000415s ]
INFO: [ view_filter ] --END-- [ RunTime:0.000524s ]
INFO: [ view_parse ] --START--
INFO: [ template_filter ] --START--
INFO: Run Behavior\ContentReplaceBehavior [ RunTime:0.000061s ]
INFO: [ template_filter ] --END-- [ RunTime:-0.004894s ]
INFO: Run Behavior\ParseTemplateBehavior [ RunTime:0.003920s ]
INFO: [ view_parse ] --END-- [ RunTime:-0.000892s ]
INFO: [ view_filter ] --START--
INFO: Run Behavior\WriteHtmlCacheBehavior [ RunTime:0.000031s ]
INFO: [ view_filter ] --END-- [ RunTime:-0.004398s ]

[ 2018-06-26T11:40:48+08:00 ] ::1 /jiimadeeee/index.php/Admin/index/index.html
INFO: [ app_init ] --START--
INFO: Run Behavior\BuildLiteBehavior [ RunTime:0.000027s ]
INFO: [ app_init ] --END-- [ RunTime:0.000497s ]
INFO: [ app_begin ] --START--
INFO: Run Behavior\ReadHtmlCacheBehavior [ RunTime:0.000575s ]
INFO: [ app_begin ] --END-- [ RunTime:0.000710s ]
NOTIC: [8] A session had already been started - ignoring session_start() D:\wamp\wamp64\www\jiimadeeee\Application\Admin\Controller\BaseController.class.php 第 9 行.
INFO: [ view_parse ] --START--
INFO: [ template_filter ] --START--
INFO: Run Behavior\ContentReplaceBehavior [ RunTime:0.000071s ]
INFO: [ template_filter ] --END-- [ RunTime:0.000206s ]
INFO: Run Behavior\ParseTemplateBehavior [ RunTime:0.007974s ]
INFO: [ view_parse ] --END-- [ RunTime:0.008119s ]
INFO: [ view_filter ] --START--
INFO: Run Behavior\WriteHtmlCacheBehavior [ RunTime:0.000471s ]
INFO: [ view_filter ] --END-- [ RunTime:0.000594s ]
INFO: [ app_end ] --START--
INFO: Run Behavior\ShowPageTraceBehavior [ RunTime:0.000664s ]
INFO: [ app_end ] --END-- [ RunTime:0.000790s ]

[ 2018-06-26T11:40:48+08:00 ] ::1 /jiimadeeee/index.php/Admin/index/top.html
INFO: [ app_init ] --START--
INFO: Run Behavior\BuildLiteBehavior [ RunTime:0.000025s ]
INFO: [ app_init ] --END-- [ RunTime:0.000468s ]
INFO: [ app_begin ] --START--
INFO: Run Behavior\ReadHtmlCacheBehavior [ RunTime:0.000541s ]
INFO: [ app_begin ] --END-- [ RunTime:0.000693s ]
NOTIC: [8] A session had already been started - ignoring session_start() D:\wamp\wamp64\www\jiimadeeee\Application\Admin\Controller\BaseController.class.php 第 9 行.
INFO: [ view_parse ] --START--
INFO: [ template_filter ] --START--
INFO: Run Behavior\ContentReplaceBehavior [ RunTime:0.000097s ]
INFO: [ template_filter ] --END-- [ RunTime:0.000258s ]
INFO: Run Behavior\ParseTemplateBehavior [ RunTime:0.009731s ]
INFO: [ view_parse ] --END-- [ RunTime:0.009876s ]
INFO: [ view_filter ] --START--
INFO: Run Behavior\WriteHtmlCacheBehavior [ RunTime:0.000495s ]
INFO: [ view_filter ] --END-- [ RunTime:0.000606s ]
INFO: [ app_end ] --START--
INFO: Run Behavior\ShowPageTraceBehavior [ RunTime:0.000586s ]
INFO: [ app_end ] --END-- [ RunTime:0.000697s ]

[ 2018-06-26T11:40:48+08:00 ] ::1 /jiimadeeee/index.php/Admin/index/menu.html
INFO: [ app_init ] --START--
INFO: Run Behavior\BuildLiteBehavior [ RunTime:0.000024s ]
INFO: [ app_init ] --END-- [ RunTime:0.000497s ]
INFO: [ app_begin ] --START--
INFO: Run Behavior\ReadHtmlCacheBehavior [ RunTime:0.000578s ]
INFO: [ app_begin ] --END-- [ RunTime:0.000706s ]
NOTIC: [8] A session had already been started - ignoring session_start() D:\wamp\wamp64\www\jiimadeeee\Application\Admin\Controller\BaseController.class.php 第 9 行.
INFO: [ view_parse ] --START--
INFO: [ template_filter ] --START--
INFO: Run Behavior\ContentReplaceBehavior [ RunTime:0.000156s ]
INFO: [ template_filter ] --END-- [ RunTime:0.000349s ]
SQL: SHOW COLUMNS FROM `made_privilege` [ RunTime:0.0040s ]
SQL: SELECT * FROM `made_privilege`  [ RunTime:0.0005s ]
INFO: Run Behavior\ParseTemplateBehavior [ RunTime:0.038471s ]
INFO: [ view_parse ] --END-- [ RunTime:0.038588s ]
INFO: [ view_filter ] --START--
INFO: Run Behavior\WriteHtmlCacheBehavior [ RunTime:0.000537s ]
INFO: [ view_filter ] --END-- [ RunTime:0.000644s ]
INFO: [ app_end ] --START--
INFO: Run Behavior\ShowPageTraceBehavior [ RunTime:0.000601s ]
INFO: [ app_end ] --END-- [ RunTime:0.000714s ]

[ 2018-06-26T11:40:48+08:00 ] ::1 /jiimadeeee/index.php/Admin/index/main.html
INFO: [ app_init ] --START--
INFO: Run Behavior\BuildLiteBehavior [ RunTime:0.000026s ]
INFO: [ app_init ] --END-- [ RunTime:0.000505s ]
INFO: [ app_begin ] --START--
INFO: Run Behavior\ReadHtmlCacheBehavior [ RunTime:0.000610s ]
INFO: [ app_begin ] --END-- [ RunTime:0.000735s ]
NOTIC: [8] A session had already been started - ignoring session_start() D:\wamp\wamp64\www\jiimadeeee\Application\Admin\Controller\BaseController.class.php 第 9 行.
INFO: [ view_parse ] --START--
INFO: [ template_filter ] --START--
INFO: Run Behavior\ContentReplaceBehavior [ RunTime:0.000073s ]
INFO: [ template_filter ] --END-- [ RunTime:0.000230s ]
INFO: Run Behavior\ParseTemplateBehavior [ RunTime:0.009769s ]
INFO: [ view_parse ] --END-- [ RunTime:0.010002s ]
INFO: [ view_filter ] --START--
INFO: Run Behavior\WriteHtmlCacheBehavior [ RunTime:0.000554s ]
INFO: [ view_filter ] --END-- [ RunTime:0.000678s ]
INFO: [ app_end ] --START--
INFO: Run Behavior\ShowPageTraceBehavior [ RunTime:0.000711s ]
INFO: [ app_end ] --END-- [ RunTime:0.000831s ]

[ 2018-06-26T11:40:51+08:00 ] ::1 /jiimadeeee/index.php/Admin/Furniture/lst.html
INFO: [ app_init ] --START--
INFO: Run Behavior\BuildLiteBehavior [ RunTime:0.000023s ]
INFO: [ app_init ] --END-- [ RunTime:0.000428s ]
INFO: [ app_begin ] --START--
INFO: Run Behavior\ReadHtmlCacheBehavior [ RunTime:0.000455s ]
INFO: [ app_begin ] --END-- [ RunTime:0.000572s ]
NOTIC: [8] A session had already been started - ignoring session_start() D:\wamp\wamp64\www\jiimadeeee\Application\Admin\Controller\BaseController.class.php 第 9 行.
SQL: SHOW COLUMNS FROM `made_privilege` [ RunTime:0.0013s ]
SQL: SHOW COLUMNS FROM `made_furniture` [ RunTime:0.0013s ]
SQL: SELECT `id`,`fur_name`,`sort_id` FROM `made_furniture` ORDER BY sort_id asc  [ RunTime:0.0002s ]
INFO: [ view_parse ] --START--
INFO: [ template_filter ] --START--
INFO: Run Behavior\ContentReplaceBehavior [ RunTime:0.000077s ]
INFO: [ template_filter ] --END-- [ RunTime:0.000220s ]
INFO: Run Behavior\ParseTemplateBehavior [ RunTime:0.011842s ]
INFO: [ view_parse ] --END-- [ RunTime:0.011960s ]
INFO: [ view_filter ] --START--
INFO: Run Behavior\WriteHtmlCacheBehavior [ RunTime:0.000437s ]
INFO: [ view_filter ] --END-- [ RunTime:0.000543s ]
INFO: [ app_end ] --START--
INFO: Run Behavior\ShowPageTraceBehavior [ RunTime:0.000555s ]
INFO: [ app_end ] --END-- [ RunTime:0.000661s ]

[ 2018-06-26T11:40:54+08:00 ] ::1 /jiimadeeee/index.php/Admin/Furniture/furniture_quote/id/2.html
INFO: [ app_init ] --START--
INFO: Run Behavior\BuildLiteBehavior [ RunTime:0.000021s ]
INFO: [ app_init ] --END-- [ RunTime:0.000480s ]
INFO: [ app_begin ] --START--
INFO: Run Behavior\ReadHtmlCacheBehavior [ RunTime:0.000442s ]
INFO: [ app_begin ] --END-- [ RunTime:0.000552s ]
NOTIC: [8] A session had already been started - ignoring session_start() D:\wamp\wamp64\www\jiimadeeee\Application\Admin\Controller\BaseController.class.php 第 9 行.
SQL: SHOW COLUMNS FROM `made_privilege` [ RunTime:0.0013s ]
SQL: SHOW COLUMNS FROM `made_furniture` [ RunTime:0.0013s ]
SQL: SHOW COLUMNS FROM `made_model` [ RunTime:0.0013s ]
SQL: SHOW COLUMNS FROM `made_furniture_quote` [ RunTime:0.0012s ]
SQL: SELECT `id`,`model_name` FROM `made_model`  [ RunTime:0.0002s ]
SQL: SELECT `attribute` FROM `made_furniture` WHERE `id` = 2 LIMIT 1   [ RunTime:0.0002s ]
SQL: SELECT * FROM `made_furniture_quote` WHERE `fur_id` = '2'  [ RunTime:0.0002s ]
INFO: [ view_parse ] --START--
INFO: [ template_filter ] --START--
INFO: Run Behavior\ContentReplaceBehavior [ RunTime:0.000108s ]
INFO: [ template_filter ] --END-- [ RunTime:0.000230s ]
INFO: Run Behavior\ParseTemplateBehavior [ RunTime:0.010972s ]
INFO: [ view_parse ] --END-- [ RunTime:0.011095s ]
INFO: [ view_filter ] --START--
INFO: Run Behavior\WriteHtmlCacheBehavior [ RunTime:0.000422s ]
INFO: [ view_filter ] --END-- [ RunTime:0.000528s ]
INFO: [ app_end ] --START--
INFO: Run Behavior\ShowPageTraceBehavior [ RunTime:0.000552s ]
INFO: [ app_end ] --END-- [ RunTime:0.000660s ]

[ 2018-06-26T11:40:56+08:00 ] ::1 /jiimadeeee/index.php/Admin/Furniture/lst.html
INFO: [ app_init ] --START--
INFO: Run Behavior\BuildLiteBehavior [ RunTime:0.000024s ]
INFO: [ app_init ] --END-- [ RunTime:0.000434s ]
INFO: [ app_begin ] --START--
INFO: Run Behavior\ReadHtmlCacheBehavior [ RunTime:0.000453s ]
INFO: [ app_begin ] --END-- [ RunTime:0.000571s ]
NOTIC: [8] A session had already been started - ignoring session_start() D:\wamp\wamp64\www\jiimadeeee\Application\Admin\Controller\BaseController.class.php 第 9 行.
SQL: SHOW COLUMNS FROM `made_privilege` [ RunTime:0.0013s ]
SQL: SHOW COLUMNS FROM `made_furniture` [ RunTime:0.0004s ]
SQL: SELECT `id`,`fur_name`,`sort_id` FROM `made_furniture` ORDER BY sort_id asc  [ RunTime:0.0002s ]
INFO: [ view_parse ] --START--
INFO: [ template_filter ] --START--
INFO: Run Behavior\ContentReplaceBehavior [ RunTime:0.000072s ]
INFO: [ template_filter ] --END-- [ RunTime:0.000190s ]
INFO: Run Behavior\ParseTemplateBehavior [ RunTime:0.009272s ]
INFO: [ view_parse ] --END-- [ RunTime:0.009391s ]
INFO: [ view_filter ] --START--
INFO: Run Behavior\WriteHtmlCacheBehavior [ RunTime:0.000427s ]
INFO: [ view_filter ] --END-- [ RunTime:0.000534s ]
INFO: [ app_end ] --START--
INFO: Run Behavior\ShowPageTraceBehavior [ RunTime:0.000550s ]
INFO: [ app_end ] --END-- [ RunTime:0.000659s ]

[ 2018-06-26T11:40:58+08:00 ] ::1 /jiimadeeee/index.php/Admin/Furniture/furniture_quote/id/1.html
INFO: [ app_init ] --START--
INFO: Run Behavior\BuildLiteBehavior [ RunTime:0.000023s ]
INFO: [ app_init ] --END-- [ RunTime:0.000431s ]
INFO: [ app_begin ] --START--
INFO: Run Behavior\ReadHtmlCacheBehavior [ RunTime:0.000472s ]
INFO: [ app_begin ] --END-- [ RunTime:0.000590s ]
NOTIC: [8] A session had already been started - ignoring session_start() D:\wamp\wamp64\www\jiimadeeee\Application\Admin\Controller\BaseController.class.php 第 9 行.
SQL: SHOW COLUMNS FROM `made_privilege` [ RunTime:0.0013s ]
SQL: SHOW COLUMNS FROM `made_furniture` [ RunTime:0.0005s ]
SQL: SHOW COLUMNS FROM `made_model` [ RunTime:0.0013s ]
SQL: SHOW COLUMNS FROM `made_furniture_quote` [ RunTime:0.0012s ]
SQL: SELECT `id`,`model_name` FROM `made_model`  [ RunTime:0.0002s ]
SQL: SELECT `attribute` FROM `made_furniture` WHERE `id` = 1 LIMIT 1   [ RunTime:0.0002s ]
SQL: SELECT * FROM `made_furniture_quote` WHERE `fur_id` = '1'  [ RunTime:0.0002s ]
INFO: [ view_parse ] --START--
INFO: [ template_filter ] --START--
INFO: Run Behavior\ContentReplaceBehavior [ RunTime:0.000104s ]
INFO: [ template_filter ] --END-- [ RunTime:0.000224s ]
INFO: Run Behavior\ParseTemplateBehavior [ RunTime:0.009997s ]
INFO: [ view_parse ] --END-- [ RunTime:0.010119s ]
INFO: [ view_filter ] --START--
INFO: Run Behavior\WriteHtmlCacheBehavior [ RunTime:0.000435s ]
INFO: [ view_filter ] --END-- [ RunTime:0.000541s ]
INFO: [ app_end ] --START--
INFO: Run Behavior\ShowPageTraceBehavior [ RunTime:0.000611s ]
INFO: [ app_end ] --END-- [ RunTime:0.000724s ]

[ 2018-06-26T11:41:04+08:00 ] ::1 /jiimadeeee/index.php/Admin/Furniture/furniture_quote/id/1.html
INFO: [ app_init ] --START--
INFO: Run Behavior\BuildLiteBehavior [ RunTime:0.000024s ]
INFO: [ app_init ] --END-- [ RunTime:0.000436s ]
INFO: [ app_begin ] --START--
INFO: Run Behavior\ReadHtmlCacheBehavior [ RunTime:0.000446s ]
INFO: [ app_begin ] --END-- [ RunTime:0.000566s ]
NOTIC: [8] A session had already been started - ignoring session_start() D:\wamp\wamp64\www\jiimadeeee\Application\Admin\Controller\BaseController.class.php 第 9 行.
SQL: SHOW COLUMNS FROM `made_privilege` [ RunTime:0.0023s ]
SQL: SHOW COLUMNS FROM `made_furniture` [ RunTime:0.0009s ]
SQL: SHOW COLUMNS FROM `made_model` [ RunTime:0.0007s ]
SQL: SHOW COLUMNS FROM `made_furniture_quote` [ RunTime:0.0006s ]
SQL: SELECT `id`,`model_name` FROM `made_model`  [ RunTime:0.0002s ]
SQL: SELECT `attribute` FROM `made_furniture` WHERE `id` = 1 LIMIT 1   [ RunTime:0.0002s ]
SQL: SELECT * FROM `made_furniture_quote` WHERE `fur_id` = '1'  [ RunTime:0.0003s ]
SQL: UPDATE `made_furniture_quote` SET `fur_id`='1',`model_id`='1',`fur_attr_id`='0,1' WHERE `id` = 10 [ RunTime:0.0021s ]
SQL: UPDATE `made_furniture_quote` SET `fur_id`='1',`model_id`='1',`fur_attr_id`='0,2' WHERE `id` = 13 [ RunTime:0.0017s ]
INFO: [ view_parse ] --START--
INFO: [ template_filter ] --START--
INFO: Run Behavior\ContentReplaceBehavior [ RunTime:0.000069s ]
INFO: [ template_filter ] --END-- [ RunTime:0.000192s ]
INFO: Run Behavior\ParseTemplateBehavior [ RunTime:0.009429s ]
INFO: [ view_parse ] --END-- [ RunTime:0.009556s ]
INFO: [ view_filter ] --START--
INFO: Run Behavior\WriteHtmlCacheBehavior [ RunTime:0.000408s ]
INFO: [ view_filter ] --END-- [ RunTime:0.000513s ]
INFO: [ view_parse ] --START--
INFO: [ template_filter ] --START--
INFO: Run Behavior\ContentReplaceBehavior [ RunTime:0.000085s ]
INFO: [ template_filter ] --END-- [ RunTime:-0.005738s ]
INFO: Run Behavior\ParseTemplateBehavior [ RunTime:0.006441s ]
INFO: [ view_parse ] --END-- [ RunTime:-0.001156s ]
INFO: [ view_filter ] --START--
INFO: Run Behavior\WriteHtmlCacheBehavior [ RunTime:0.000040s ]
INFO: [ view_filter ] --END-- [ RunTime:-0.007222s ]
INFO: [ app_end ] --START--
INFO: Run Behavior\ShowPageTraceBehavior [ RunTime:0.000608s ]
INFO: [ app_end ] --END-- [ RunTime:0.000726s ]

[ 2018-06-26T11:41:05+08:00 ] ::1 /jiimadeeee/index.php/Admin/Furniture/furniture_quote/id/1.html
INFO: [ app_init ] --START--
INFO: Run Behavior\BuildLiteBehavior [ RunTime:0.000048s ]
INFO: [ app_init ] --END-- [ RunTime:0.000884s ]
INFO: [ app_begin ] --START--
INFO: Run Behavior\ReadHtmlCacheBehavior [ RunTime:0.000923s ]
INFO: [ app_begin ] --END-- [ RunTime:0.001171s ]
NOTIC: [8] A session had already been started - ignoring session_start() D:\wamp\wamp64\www\jiimadeeee\Application\Admin\Controller\BaseController.class.php 第 9 行.
SQL: SHOW COLUMNS FROM `made_privilege` [ RunTime:0.0024s ]
SQL: SHOW COLUMNS FROM `made_furniture` [ RunTime:0.0008s ]
SQL: SHOW COLUMNS FROM `made_model` [ RunTime:0.0024s ]
SQL: SHOW COLUMNS FROM `made_furniture_quote` [ RunTime:0.0020s ]
SQL: SELECT `id`,`model_name` FROM `made_model`  [ RunTime:0.0002s ]
SQL: SELECT `attribute` FROM `made_furniture` WHERE `id` = 1 LIMIT 1   [ RunTime:0.0002s ]
SQL: SELECT * FROM `made_furniture_quote` WHERE `fur_id` = '1'  [ RunTime:0.0002s ]
INFO: [ view_parse ] --START--
INFO: [ template_filter ] --START--
INFO: Run Behavior\ContentReplaceBehavior [ RunTime:0.000110s ]
INFO: [ template_filter ] --END-- [ RunTime:0.000227s ]
INFO: Run Behavior\ParseTemplateBehavior [ RunTime:0.010276s ]
INFO: [ view_parse ] --END-- [ RunTime:0.010395s ]
INFO: [ view_filter ] --START--
INFO: Run Behavior\WriteHtmlCacheBehavior [ RunTime:0.000430s ]
INFO: [ view_filter ] --END-- [ RunTime:0.000535s ]
INFO: [ app_end ] --START--
INFO: Run Behavior\ShowPageTraceBehavior [ RunTime:0.001049s ]
INFO: [ app_end ] --END-- [ RunTime:0.001257s ]

[ 2018-06-26T11:45:00+08:00 ] ::1 /jiimadeeee/index.php/Admin/Model/lst.html
INFO: [ app_init ] --START--
INFO: Run Behavior\BuildLiteBehavior [ RunTime:0.000024s ]
INFO: [ app_init ] --END-- [ RunTime:0.000435s ]
INFO: [ app_begin ] --START--
INFO: Run Behavior\ReadHtmlCacheBehavior [ RunTime:0.000479s ]
INFO: [ app_begin ] --END-- [ RunTime:0.000597s ]
NOTIC: [8] A session had already been started - ignoring session_start() D:\wamp\wamp64\www\jiimadeeee\Application\Admin\Controller\BaseController.class.php 第 9 行.
SQL: SHOW COLUMNS FROM `made_privilege` [ RunTime:0.0013s ]
SQL: SHOW COLUMNS FROM `made_model` [ RunTime:0.0004s ]
SQL: SELECT `id`,`model_name` FROM `made_model`  [ RunTime:0.0002s ]
INFO: [ view_parse ] --START--
INFO: [ template_filter ] --START--
INFO: Run Behavior\ContentReplaceBehavior [ RunTime:0.000074s ]
INFO: [ template_filter ] --END-- [ RunTime:0.000192s ]
INFO: Run Behavior\ParseTemplateBehavior [ RunTime:0.009422s ]
INFO: [ view_parse ] --END-- [ RunTime:0.009552s ]
INFO: [ view_filter ] --START--
INFO: Run Behavior\WriteHtmlCacheBehavior [ RunTime:0.000424s ]
INFO: [ view_filter ] --END-- [ RunTime:0.000532s ]
INFO: [ app_end ] --START--
INFO: Run Behavior\ShowPageTraceBehavior [ RunTime:0.000558s ]
INFO: [ app_end ] --END-- [ RunTime:0.000665s ]

[ 2018-06-26T11:45:01+08:00 ] ::1 /jiimadeeee/index.php/Admin/Model/edit/id/2.html
INFO: [ app_init ] --START--
INFO: Run Behavior\BuildLiteBehavior [ RunTime:0.000024s ]
INFO: [ app_init ] --END-- [ RunTime:0.000448s ]
INFO: [ app_begin ] --START--
INFO: Run Behavior\ReadHtmlCacheBehavior [ RunTime:0.000651s ]
INFO: [ app_begin ] --END-- [ RunTime:0.000798s ]
NOTIC: [8] A session had already been started - ignoring session_start() D:\wamp\wamp64\www\jiimadeeee\Application\Admin\Controller\BaseController.class.php 第 9 行.
SQL: SHOW COLUMNS FROM `made_privilege` [ RunTime:0.0015s ]
SQL: SHOW COLUMNS FROM `made_model` [ RunTime:0.0008s ]
SQL: SHOW COLUMNS FROM `made_category` [ RunTime:0.0007s ]
SQL: SELECT * FROM `made_model` WHERE `id` = 2 LIMIT 1   [ RunTime:0.0003s ]
SQL: SELECT * FROM `made_category` ORDER BY order_id asc  [ RunTime:0.0004s ]
INFO: [ view_parse ] --START--
INFO: [ template_filter ] --START--
INFO: Run Behavior\ContentReplaceBehavior [ RunTime:0.000161s ]
INFO: [ template_filter ] --END-- [ RunTime:0.000286s ]
INFO: Run Behavior\ParseTemplateBehavior [ RunTime:0.013592s ]
INFO: [ view_parse ] --END-- [ RunTime:0.013725s ]
INFO: [ view_filter ] --START--
INFO: Run Behavior\WriteHtmlCacheBehavior [ RunTime:0.000444s ]
INFO: [ view_filter ] --END-- [ RunTime:0.000550s ]
INFO: [ app_end ] --START--
INFO: Run Behavior\ShowPageTraceBehavior [ RunTime:0.001059s ]
INFO: [ app_end ] --END-- [ RunTime:0.001264s ]

[ 2018-06-26T11:45:06+08:00 ] ::1 /jiimadeeee/index.php/Admin/Model/lst.html
INFO: [ app_init ] --START--
INFO: Run Behavior\BuildLiteBehavior [ RunTime:0.000023s ]
INFO: [ app_init ] --END-- [ RunTime:0.000465s ]
INFO: [ app_begin ] --START--
INFO: Run Behavior\ReadHtmlCacheBehavior [ RunTime:0.000499s ]
INFO: [ app_begin ] --END-- [ RunTime:0.000630s ]
NOTIC: [8] A session had already been started - ignoring session_start() D:\wamp\wamp64\www\jiimadeeee\Application\Admin\Controller\BaseController.class.php 第 9 行.
SQL: SHOW COLUMNS FROM `made_privilege` [ RunTime:0.0014s ]
SQL: SHOW COLUMNS FROM `made_model` [ RunTime:0.0004s ]
SQL: SELECT `id`,`model_name` FROM `made_model`  [ RunTime:0.0002s ]
INFO: [ view_parse ] --START--
INFO: [ template_filter ] --START--
INFO: Run Behavior\ContentReplaceBehavior [ RunTime:0.000070s ]
INFO: [ template_filter ] --END-- [ RunTime:0.000183s ]
INFO: Run Behavior\ParseTemplateBehavior [ RunTime:0.007860s ]
INFO: [ view_parse ] --END-- [ RunTime:0.007979s ]
INFO: [ view_filter ] --START--
INFO: Run Behavior\WriteHtmlCacheBehavior [ RunTime:0.000449s ]
INFO: [ view_filter ] --END-- [ RunTime:0.000560s ]
INFO: [ app_end ] --START--
INFO: Run Behavior\ShowPageTraceBehavior [ RunTime:0.000513s ]
INFO: [ app_end ] --END-- [ RunTime:0.000614s ]

[ 2018-06-26T11:45:07+08:00 ] ::1 /jiimadeeee/index.php/Admin/Model/edit/id/1.html
INFO: [ app_init ] --START--
INFO: Run Behavior\BuildLiteBehavior [ RunTime:0.000027s ]
INFO: [ app_init ] --END-- [ RunTime:0.000489s ]
INFO: [ app_begin ] --START--
INFO: Run Behavior\ReadHtmlCacheBehavior [ RunTime:0.000506s ]
INFO: [ app_begin ] --END-- [ RunTime:0.000623s ]
NOTIC: [8] A session had already been started - ignoring session_start() D:\wamp\wamp64\www\jiimadeeee\Application\Admin\Controller\BaseController.class.php 第 9 行.
SQL: SHOW COLUMNS FROM `made_privilege` [ RunTime:0.0008s ]
SQL: SHOW COLUMNS FROM `made_model` [ RunTime:0.0007s ]
SQL: SHOW COLUMNS FROM `made_category` [ RunTime:0.0005s ]
SQL: SELECT * FROM `made_model` WHERE `id` = 1 LIMIT 1   [ RunTime:0.0002s ]
SQL: SELECT * FROM `made_category` ORDER BY order_id asc  [ RunTime:0.0002s ]
INFO: [ view_parse ] --START--
INFO: [ template_filter ] --START--
INFO: Run Behavior\ContentReplaceBehavior [ RunTime:0.000167s ]
INFO: [ template_filter ] --END-- [ RunTime:0.000306s ]
INFO: Run Behavior\ParseTemplateBehavior [ RunTime:0.013344s ]
INFO: [ view_parse ] --END-- [ RunTime:0.013474s ]
INFO: [ view_filter ] --START--
INFO: Run Behavior\WriteHtmlCacheBehavior [ RunTime:0.000431s ]
INFO: [ view_filter ] --END-- [ RunTime:0.000537s ]
INFO: [ app_end ] --START--
INFO: Run Behavior\ShowPageTraceBehavior [ RunTime:0.000568s ]
INFO: [ app_end ] --END-- [ RunTime:0.000678s ]

[ 2018-06-26T13:24:08+08:00 ] ::1 /jiimadeeee/index.php/Admin/Model/lst.html
INFO: [ app_init ] --START--
INFO: Run Behavior\BuildLiteBehavior [ RunTime:0.000253s ]
INFO: [ app_init ] --END-- [ RunTime:0.005022s ]
INFO: [ app_begin ] --START--
INFO: Run Behavior\ReadHtmlCacheBehavior [ RunTime:0.004529s ]
INFO: [ app_begin ] --END-- [ RunTime:0.006043s ]
NOTIC: [8] A session had already been started - ignoring session_start() D:\wamp\wamp64\www\jiimadeeee\Application\Admin\Controller\BaseController.class.php 第 9 行.
SQL: SHOW COLUMNS FROM `made_privilege` [ RunTime:0.0083s ]
SQL: SHOW COLUMNS FROM `made_model` [ RunTime:0.0112s ]
SQL: SELECT `id`,`model_name` FROM `made_model`  [ RunTime:0.0013s ]
INFO: [ view_parse ] --START--
INFO: [ template_filter ] --START--
INFO: Run Behavior\ContentReplaceBehavior [ RunTime:0.000892s ]
INFO: [ template_filter ] --END-- [ RunTime:0.002023s ]
INFO: Run Behavior\ParseTemplateBehavior [ RunTime:0.055604s ]
INFO: [ view_parse ] --END-- [ RunTime:0.055990s ]
INFO: [ view_filter ] --START--
INFO: Run Behavior\WriteHtmlCacheBehavior [ RunTime:0.003702s ]
INFO: [ view_filter ] --END-- [ RunTime:0.004423s ]
INFO: [ app_end ] --START--
INFO: Run Behavior\ShowPageTraceBehavior [ RunTime:0.004681s ]
INFO: [ app_end ] --END-- [ RunTime:0.005942s ]

[ 2018-06-26T13:24:10+08:00 ] ::1 /jiimadeeee/index.php/Admin/Model/add.html
INFO: [ app_init ] --START--
INFO: Run Behavior\BuildLiteBehavior [ RunTime:0.000218s ]
INFO: [ app_init ] --END-- [ RunTime:0.003037s ]
INFO: [ app_begin ] --START--
INFO: Run Behavior\ReadHtmlCacheBehavior [ RunTime:0.003970s ]
INFO: [ app_begin ] --END-- [ RunTime:0.005315s ]
NOTIC: [8] A session had already been started - ignoring session_start() D:\wamp\wamp64\www\jiimadeeee\Application\Admin\Controller\BaseController.class.php 第 9 行.
SQL: SHOW COLUMNS FROM `made_privilege` [ RunTime:0.0069s ]
SQL: SHOW COLUMNS FROM `made_model` [ RunTime:0.0026s ]
SQL: SHOW COLUMNS FROM `made_category` [ RunTime:0.0024s ]
SQL: SELECT * FROM `made_category` ORDER BY order_id asc  [ RunTime:0.0021s ]
INFO: [ view_parse ] --START--
INFO: [ template_filter ] --START--
INFO: Run Behavior\ContentReplaceBehavior [ RunTime:0.001000s ]
INFO: [ template_filter ] --END-- [ RunTime:0.001858s ]
INFO: Run Behavior\ParseTemplateBehavior [ RunTime:0.058024s ]
INFO: [ view_parse ] --END-- [ RunTime:0.059252s ]
INFO: [ view_filter ] --START--
INFO: Run Behavior\WriteHtmlCacheBehavior [ RunTime:0.002313s ]
INFO: [ view_filter ] --END-- [ RunTime:0.003298s ]
INFO: [ app_end ] --START--
INFO: Run Behavior\ShowPageTraceBehavior [ RunTime:0.003447s ]
INFO: [ app_end ] --END-- [ RunTime:0.003963s ]

[ 2018-06-26T13:25:34+08:00 ] ::1 /jiimadeeee/index.php/Admin/Model/add.html
INFO: [ app_init ] --START--
INFO: Run Behavior\BuildLiteBehavior [ RunTime:0.000135s ]
INFO: [ app_init ] --END-- [ RunTime:0.002224s ]
INFO: [ app_begin ] --START--
INFO: Run Behavior\ReadHtmlCacheBehavior [ RunTime:0.001552s ]
INFO: [ app_begin ] --END-- [ RunTime:0.002012s ]
NOTIC: [8] A session had already been started - ignoring session_start() D:\wamp\wamp64\www\jiimadeeee\Application\Admin\Controller\BaseController.class.php 第 9 行.
SQL: SHOW COLUMNS FROM `made_privilege` [ RunTime:0.0028s ]
SQL: SHOW COLUMNS FROM `made_model` [ RunTime:0.0024s ]
SQL: SHOW COLUMNS FROM `made_category` [ RunTime:0.0029s ]
NOTIC: [8] Undefined index: validate D:\wamp\wamp64\www\jiimadeeee\ThinkPHP\Library\Think\Model.class.php 第 1185 行.
NOTIC: [8] Undefined index: auto D:\wamp\wamp64\www\jiimadeeee\ThinkPHP\Library\Think\Model.class.php 第 1128 行.
NOTIC: [2] Invalid argument supplied for foreach() D:\wamp\wamp64\www\jiimadeeee\Application\Admin\Model\ModelModel.class.php 第 45 行.
SQL: INSERT INTO `made_model` (`model_name`,`project_area`,`material`,`parameter`,`formula`,`ext`) VALUES ('饰面','return $W*$H;','{\"p1\":{\"\\u9762\\u677f\":\"8,1\"}}','[\"W\",\"H\"]','{\"\\u9762\\u677f\":[\"return $W*$H;\",\"return $p1;\",\"\\u33a1\",\"return $num*$price;\",\"p1\"]}','[]') [ RunTime:0.0077s ]
INFO: [ view_parse ] --START--
INFO: [ template_filter ] --START--
INFO: Run Behavior\ContentReplaceBehavior [ RunTime:0.000335s ]
INFO: [ template_filter ] --END-- [ RunTime:0.000862s ]
INFO: Run Behavior\ParseTemplateBehavior [ RunTime:0.042167s ]
INFO: [ view_parse ] --END-- [ RunTime:0.043366s ]
INFO: [ view_filter ] --START--
INFO: Run Behavior\WriteHtmlCacheBehavior [ RunTime:0.003362s ]
INFO: [ view_filter ] --END-- [ RunTime:0.003935s ]
INFO: [ view_parse ] --START--
INFO: [ template_filter ] --START--
INFO: Run Behavior\ContentReplaceBehavior [ RunTime:0.000369s ]
INFO: [ template_filter ] --END-- [ RunTime:-0.037937s ]
INFO: Run Behavior\ParseTemplateBehavior [ RunTime:0.028484s ]
INFO: [ view_parse ] --END-- [ RunTime:-0.008071s ]
INFO: [ view_filter ] --START--
INFO: Run Behavior\WriteHtmlCacheBehavior [ RunTime:0.000486s ]
INFO: [ view_filter ] --END-- [ RunTime:-0.033437s ]

[ 2018-06-26T13:25:35+08:00 ] ::1 /jiimadeeee/index.php/Admin/Model/lst.html
INFO: [ app_init ] --START--
INFO: Run Behavior\BuildLiteBehavior [ RunTime:0.000045s ]
INFO: [ app_init ] --END-- [ RunTime:0.002828s ]
INFO: [ app_begin ] --START--
INFO: Run Behavior\ReadHtmlCacheBehavior [ RunTime:0.003212s ]
INFO: [ app_begin ] --END-- [ RunTime:0.004613s ]
NOTIC: [8] A session had already been started - ignoring session_start() D:\wamp\wamp64\www\jiimadeeee\Application\Admin\Controller\BaseController.class.php 第 9 行.
SQL: SHOW COLUMNS FROM `made_privilege` [ RunTime:0.0018s ]
SQL: SHOW COLUMNS FROM `made_model` [ RunTime:0.0027s ]
SQL: SELECT `id`,`model_name` FROM `made_model`  [ RunTime:0.0010s ]
INFO: [ view_parse ] --START--
INFO: [ template_filter ] --START--
INFO: Run Behavior\ContentReplaceBehavior [ RunTime:0.000382s ]
INFO: [ template_filter ] --END-- [ RunTime:0.001010s ]
INFO: Run Behavior\ParseTemplateBehavior [ RunTime:0.055297s ]
INFO: [ view_parse ] --END-- [ RunTime:0.055916s ]
INFO: [ view_filter ] --START--
INFO: Run Behavior\WriteHtmlCacheBehavior [ RunTime:0.002127s ]
INFO: [ view_filter ] --END-- [ RunTime:0.002942s ]
INFO: [ app_end ] --START--
INFO: Run Behavior\ShowPageTraceBehavior [ RunTime:0.003083s ]
INFO: [ app_end ] --END-- [ RunTime:0.003783s ]

[ 2018-06-26T13:25:35+08:00 ] ::1 /jiimadeeee/index.php/Admin/Furniture/lst.html
INFO: [ app_init ] --START--
INFO: Run Behavior\BuildLiteBehavior [ RunTime:0.000146s ]
INFO: [ app_init ] --END-- [ RunTime:0.002732s ]
INFO: [ app_begin ] --START--
INFO: Run Behavior\ReadHtmlCacheBehavior [ RunTime:0.001557s ]
INFO: [ app_begin ] --END-- [ RunTime:0.002024s ]
NOTIC: [8] A session had already been started - ignoring session_start() D:\wamp\wamp64\www\jiimadeeee\Application\Admin\Controller\BaseController.class.php 第 9 行.
SQL: SHOW COLUMNS FROM `made_privilege` [ RunTime:0.0020s ]
SQL: SHOW COLUMNS FROM `made_furniture` [ RunTime:0.0078s ]
SQL: SELECT `id`,`fur_name`,`sort_id` FROM `made_furniture` ORDER BY sort_id asc  [ RunTime:0.0013s ]
INFO: [ view_parse ] --START--
INFO: [ template_filter ] --START--
INFO: Run Behavior\ContentReplaceBehavior [ RunTime:0.000445s ]
INFO: [ template_filter ] --END-- [ RunTime:0.001157s ]
INFO: Run Behavior\ParseTemplateBehavior [ RunTime:0.053217s ]
INFO: [ view_parse ] --END-- [ RunTime:0.054050s ]
INFO: [ view_filter ] --START--
INFO: Run Behavior\WriteHtmlCacheBehavior [ RunTime:0.002212s ]
INFO: [ view_filter ] --END-- [ RunTime:0.002682s ]
INFO: [ app_end ] --START--
INFO: Run Behavior\ShowPageTraceBehavior [ RunTime:0.002890s ]
INFO: [ app_end ] --END-- [ RunTime:0.003593s ]

[ 2018-06-26T13:25:37+08:00 ] ::1 /jiimadeeee/index.php/Admin/Furniture/add.html
INFO: [ app_init ] --START--
INFO: Run Behavior\BuildLiteBehavior [ RunTime:0.000215s ]
INFO: [ app_init ] --END-- [ RunTime:0.003835s ]
INFO: [ app_begin ] --START--
INFO: Run Behavior\ReadHtmlCacheBehavior [ RunTime:0.002961s ]
INFO: [ app_begin ] --END-- [ RunTime:0.004361s ]
NOTIC: [8] A session had already been started - ignoring session_start() D:\wamp\wamp64\www\jiimadeeee\Application\Admin\Controller\BaseController.class.php 第 9 行.
SQL: SHOW COLUMNS FROM `made_privilege` [ RunTime:0.0036s ]
SQL: SHOW COLUMNS FROM `made_furniture` [ RunTime:0.0025s ]
INFO: [ view_parse ] --START--
INFO: [ template_filter ] --START--
INFO: Run Behavior\ContentReplaceBehavior [ RunTime:0.000594s ]
INFO: [ template_filter ] --END-- [ RunTime:0.001280s ]
INFO: Run Behavior\ParseTemplateBehavior [ RunTime:0.054493s ]
INFO: [ view_parse ] --END-- [ RunTime:0.055029s ]
INFO: [ view_filter ] --START--
INFO: Run Behavior\WriteHtmlCacheBehavior [ RunTime:0.001282s ]
INFO: [ view_filter ] --END-- [ RunTime:0.001833s ]
INFO: [ app_end ] --START--
INFO: Run Behavior\ShowPageTraceBehavior [ RunTime:0.005210s ]
INFO: [ app_end ] --END-- [ RunTime:0.006427s ]

[ 2018-06-26T13:25:47+08:00 ] ::1 /jiimadeeee/index.php/Admin/Furniture/add.html
INFO: [ app_init ] --START--
INFO: Run Behavior\BuildLiteBehavior [ RunTime:0.000061s ]
INFO: [ app_init ] --END-- [ RunTime:0.001617s ]
INFO: [ app_begin ] --START--
INFO: Run Behavior\ReadHtmlCacheBehavior [ RunTime:0.004545s ]
INFO: [ app_begin ] --END-- [ RunTime:0.005715s ]
NOTIC: [8] A session had already been started - ignoring session_start() D:\wamp\wamp64\www\jiimadeeee\Application\Admin\Controller\BaseController.class.php 第 9 行.
SQL: SHOW COLUMNS FROM `made_privilege` [ RunTime:0.0015s ]
SQL: SHOW COLUMNS FROM `made_furniture` [ RunTime:0.0029s ]
NOTIC: [8] Undefined index: validate D:\wamp\wamp64\www\jiimadeeee\ThinkPHP\Library\Think\Model.class.php 第 1185 行.
NOTIC: [8] Undefined index: auto D:\wamp\wamp64\www\jiimadeeee\ThinkPHP\Library\Think\Model.class.php 第 1128 行.
NOTIC: [2] Invalid argument supplied for foreach() D:\wamp\wamp64\www\jiimadeeee\Application\Admin\Model\FurnitureModel.class.php 第 21 行.
SQL: INSERT INTO `made_furniture` (`fur_name`,`cate_id`,`sort_id`,`is_index`,`attribute`) VALUES ('饰面','3','100','1','[]') [ RunTime:0.0067s ]
INFO: [ view_parse ] --START--
INFO: [ template_filter ] --START--
INFO: Run Behavior\ContentReplaceBehavior [ RunTime:0.000533s ]
INFO: [ template_filter ] --END-- [ RunTime:0.001480s ]
INFO: Run Behavior\ParseTemplateBehavior [ RunTime:0.049240s ]
INFO: [ view_parse ] --END-- [ RunTime:0.050251s ]
INFO: [ view_filter ] --START--
INFO: Run Behavior\WriteHtmlCacheBehavior [ RunTime:0.002511s ]
INFO: [ view_filter ] --END-- [ RunTime:0.003404s ]
INFO: [ view_parse ] --START--
INFO: [ template_filter ] --START--
INFO: Run Behavior\ContentReplaceBehavior [ RunTime:0.000373s ]
INFO: [ template_filter ] --END-- [ RunTime:-0.026405s ]
INFO: Run Behavior\ParseTemplateBehavior [ RunTime:0.025040s ]
INFO: [ view_parse ] --END-- [ RunTime:-0.004704s ]
INFO: [ view_filter ] --START--
INFO: Run Behavior\WriteHtmlCacheBehavior [ RunTime:0.000242s ]
INFO: [ view_filter ] --END-- [ RunTime:-0.026767s ]

[ 2018-06-26T13:25:49+08:00 ] ::1 /jiimadeeee/index.php/Admin/Furniture/lst.html
INFO: [ app_init ] --START--
INFO: Run Behavior\BuildLiteBehavior [ RunTime:0.000200s ]
INFO: [ app_init ] --END-- [ RunTime:0.003446s ]
INFO: [ app_begin ] --START--
INFO: Run Behavior\ReadHtmlCacheBehavior [ RunTime:0.004030s ]
INFO: [ app_begin ] --END-- [ RunTime:0.005106s ]
NOTIC: [8] A session had already been started - ignoring session_start() D:\wamp\wamp64\www\jiimadeeee\Application\Admin\Controller\BaseController.class.php 第 9 行.
SQL: SHOW COLUMNS FROM `made_privilege` [ RunTime:0.0029s ]
SQL: SHOW COLUMNS FROM `made_furniture` [ RunTime:0.0023s ]
SQL: SELECT `id`,`fur_name`,`sort_id` FROM `made_furniture` ORDER BY sort_id asc  [ RunTime:0.0011s ]
INFO: [ view_parse ] --START--
INFO: [ template_filter ] --START--
INFO: Run Behavior\ContentReplaceBehavior [ RunTime:0.000767s ]
INFO: [ template_filter ] --END-- [ RunTime:0.001767s ]
INFO: Run Behavior\ParseTemplateBehavior [ RunTime:0.058429s ]
INFO: [ view_parse ] --END-- [ RunTime:0.059565s ]
INFO: [ view_filter ] --START--
INFO: Run Behavior\WriteHtmlCacheBehavior [ RunTime:0.002300s ]
INFO: [ view_filter ] --END-- [ RunTime:0.002985s ]
INFO: [ app_end ] --START--
INFO: Run Behavior\ShowPageTraceBehavior [ RunTime:0.003226s ]
INFO: [ app_end ] --END-- [ RunTime:0.004116s ]

[ 2018-06-26T13:25:51+08:00 ] ::1 /jiimadeeee/index.php/Admin/Furniture/furniture_quote/id/4.html
INFO: [ app_init ] --START--
INFO: Run Behavior\BuildLiteBehavior [ RunTime:0.000230s ]
INFO: [ app_init ] --END-- [ RunTime:0.003606s ]
INFO: [ app_begin ] --START--
INFO: Run Behavior\ReadHtmlCacheBehavior [ RunTime:0.002816s ]
INFO: [ app_begin ] --END-- [ RunTime:0.003770s ]
NOTIC: [8] A session had already been started - ignoring session_start() D:\wamp\wamp64\www\jiimadeeee\Application\Admin\Controller\BaseController.class.php 第 9 行.
SQL: SHOW COLUMNS FROM `made_privilege` [ RunTime:0.0012s ]
SQL: SHOW COLUMNS FROM `made_furniture` [ RunTime:0.0031s ]
SQL: SHOW COLUMNS FROM `made_model` [ RunTime:0.0067s ]
SQL: SHOW COLUMNS FROM `made_furniture_quote` [ RunTime:0.0068s ]
SQL: SELECT `id`,`model_name` FROM `made_model`  [ RunTime:0.0011s ]
SQL: SELECT `attribute` FROM `made_furniture` WHERE `id` = 4 LIMIT 1   [ RunTime:0.0010s ]
SQL: SELECT * FROM `made_furniture_quote` WHERE `fur_id` = '4'  [ RunTime:0.0011s ]
INFO: [ view_parse ] --START--
INFO: [ template_filter ] --START--
INFO: Run Behavior\ContentReplaceBehavior [ RunTime:0.000936s ]
INFO: [ template_filter ] --END-- [ RunTime:0.001900s ]
INFO: Run Behavior\ParseTemplateBehavior [ RunTime:0.066235s ]
INFO: [ view_parse ] --END-- [ RunTime:0.067019s ]
INFO: [ view_filter ] --START--
INFO: Run Behavior\WriteHtmlCacheBehavior [ RunTime:0.002632s ]
INFO: [ view_filter ] --END-- [ RunTime:0.003878s ]
INFO: [ app_end ] --START--
INFO: Run Behavior\ShowPageTraceBehavior [ RunTime:0.003415s ]
INFO: [ app_end ] --END-- [ RunTime:0.004363s ]

[ 2018-06-26T13:25:55+08:00 ] ::1 /jiimadeeee/index.php/Admin/Furniture/furniture_quote/id/4.html
INFO: [ app_init ] --START--
INFO: Run Behavior\BuildLiteBehavior [ RunTime:0.000230s ]
INFO: [ app_init ] --END-- [ RunTime:0.002879s ]
INFO: [ app_begin ] --START--
INFO: Run Behavior\ReadHtmlCacheBehavior [ RunTime:0.003753s ]
INFO: [ app_begin ] --END-- [ RunTime:0.004602s ]
NOTIC: [8] A session had already been started - ignoring session_start() D:\wamp\wamp64\www\jiimadeeee\Application\Admin\Controller\BaseController.class.php 第 9 行.
SQL: SHOW COLUMNS FROM `made_privilege` [ RunTime:0.0031s ]
SQL: SHOW COLUMNS FROM `made_furniture` [ RunTime:0.0044s ]
SQL: SHOW COLUMNS FROM `made_model` [ RunTime:0.0023s ]
SQL: SHOW COLUMNS FROM `made_furniture_quote` [ RunTime:0.0025s ]
SQL: SELECT `id`,`model_name` FROM `made_model`  [ RunTime:0.0012s ]
SQL: SELECT `attribute` FROM `made_furniture` WHERE `id` = 4 LIMIT 1   [ RunTime:0.0016s ]
SQL: SELECT * FROM `made_furniture_quote` WHERE `fur_id` = '4'  [ RunTime:0.0015s ]
SQL: INSERT INTO `made_furniture_quote` (`fur_id`,`model_id`,`fur_attr_id`) VALUES ('4','3','0') [ RunTime:0.0051s ]
INFO: [ view_parse ] --START--
INFO: [ template_filter ] --START--
INFO: Run Behavior\ContentReplaceBehavior [ RunTime:0.000538s ]
INFO: [ template_filter ] --END-- [ RunTime:0.001441s ]
INFO: Run Behavior\ParseTemplateBehavior [ RunTime:0.033672s ]
INFO: [ view_parse ] --END-- [ RunTime:0.034485s ]
INFO: [ view_filter ] --START--
INFO: Run Behavior\WriteHtmlCacheBehavior [ RunTime:0.002865s ]
INFO: [ view_filter ] --END-- [ RunTime:0.004247s ]
INFO: [ view_parse ] --START--
INFO: [ template_filter ] --START--
INFO: Run Behavior\ContentReplaceBehavior [ RunTime:0.000156s ]
INFO: [ template_filter ] --END-- [ RunTime:-0.041652s ]
INFO: Run Behavior\ParseTemplateBehavior [ RunTime:0.043202s ]
INFO: [ view_parse ] --END-- [ RunTime:-0.008947s ]
INFO: [ view_filter ] --START--
INFO: Run Behavior\WriteHtmlCacheBehavior [ RunTime:0.000183s ]
INFO: [ view_filter ] --END-- [ RunTime:-0.048646s ]
INFO: [ app_end ] --START--
INFO: Run Behavior\ShowPageTraceBehavior [ RunTime:0.003390s ]
INFO: [ app_end ] --END-- [ RunTime:0.004389s ]

[ 2018-06-26T13:25:56+08:00 ] ::1 /jiimadeeee/index.php/Admin/Furniture/furniture_quote/id/4.html
INFO: [ app_init ] --START--
INFO: Run Behavior\BuildLiteBehavior [ RunTime:0.000254s ]
INFO: [ app_init ] --END-- [ RunTime:0.003090s ]
INFO: [ app_begin ] --START--
INFO: Run Behavior\ReadHtmlCacheBehavior [ RunTime:0.003188s ]
INFO: [ app_begin ] --END-- [ RunTime:0.003982s ]
NOTIC: [8] A session had already been started - ignoring session_start() D:\wamp\wamp64\www\jiimadeeee\Application\Admin\Controller\BaseController.class.php 第 9 行.
SQL: SHOW COLUMNS FROM `made_privilege` [ RunTime:0.0023s ]
SQL: SHOW COLUMNS FROM `made_furniture` [ RunTime:0.0038s ]
SQL: SHOW COLUMNS FROM `made_model` [ RunTime:0.0025s ]
SQL: SHOW COLUMNS FROM `made_furniture_quote` [ RunTime:0.0023s ]
SQL: SELECT `id`,`model_name` FROM `made_model`  [ RunTime:0.0014s ]
SQL: SELECT `attribute` FROM `made_furniture` WHERE `id` = 4 LIMIT 1   [ RunTime:0.0012s ]
SQL: SELECT * FROM `made_furniture_quote` WHERE `fur_id` = '4'  [ RunTime:0.0019s ]
INFO: [ view_parse ] --START--
INFO: [ template_filter ] --START--
INFO: Run Behavior\ContentReplaceBehavior [ RunTime:0.000740s ]
INFO: [ template_filter ] --END-- [ RunTime:0.001497s ]
INFO: Run Behavior\ParseTemplateBehavior [ RunTime:0.062837s ]
INFO: [ view_parse ] --END-- [ RunTime:0.063625s ]
INFO: [ view_filter ] --START--
INFO: Run Behavior\WriteHtmlCacheBehavior [ RunTime:0.001694s ]
INFO: [ view_filter ] --END-- [ RunTime:0.002505s ]
INFO: [ app_end ] --START--
INFO: Run Behavior\ShowPageTraceBehavior [ RunTime:0.003118s ]
INFO: [ app_end ] --END-- [ RunTime:0.003848s ]

[ 2018-06-26T14:45:41+08:00 ] 127.0.0.1 /jiimadeeee/index.php/Admin/Model/lst.html
INFO: [ app_init ] --START--
INFO: Run Behavior\BuildLiteBehavior [ RunTime:0.000158s ]
INFO: [ app_init ] --END-- [ RunTime:0.002589s ]
INFO: [ app_begin ] --START--
INFO: Run Behavior\ReadHtmlCacheBehavior [ RunTime:0.004199s ]
INFO: [ app_begin ] --END-- [ RunTime:0.005227s ]
NOTIC: [8] A session had already been started - ignoring session_start() D:\wamp\wamp64\www\jiimadeeee\Application\Admin\Controller\BaseController.class.php 第 9 行.
SQL: SHOW COLUMNS FROM `made_privilege` [ RunTime:0.0026s ]
SQL: SHOW COLUMNS FROM `made_model` [ RunTime:0.0034s ]
SQL: SELECT `id`,`model_name` FROM `made_model`  [ RunTime:0.0008s ]
INFO: [ view_parse ] --START--
INFO: [ template_filter ] --START--
INFO: Run Behavior\ContentReplaceBehavior [ RunTime:0.000406s ]
INFO: [ template_filter ] --END-- [ RunTime:0.001040s ]
INFO: Run Behavior\ParseTemplateBehavior [ RunTime:0.043058s ]
INFO: [ view_parse ] --END-- [ RunTime:0.043545s ]
INFO: [ view_filter ] --START--
INFO: Run Behavior\WriteHtmlCacheBehavior [ RunTime:0.002802s ]
INFO: [ view_filter ] --END-- [ RunTime:0.003734s ]
INFO: [ app_end ] --START--
INFO: Run Behavior\ShowPageTraceBehavior [ RunTime:0.004422s ]
INFO: [ app_end ] --END-- [ RunTime:0.005430s ]

[ 2018-06-26T14:45:46+08:00 ] 127.0.0.1 /jiimadeeee/index.php/Admin/Model/edit/id/3.html
INFO: [ app_init ] --START--
INFO: Run Behavior\BuildLiteBehavior [ RunTime:0.000210s ]
INFO: [ app_init ] --END-- [ RunTime:0.003198s ]
INFO: [ app_begin ] --START--
INFO: Run Behavior\ReadHtmlCacheBehavior [ RunTime:0.003406s ]
INFO: [ app_begin ] --END-- [ RunTime:0.004382s ]
NOTIC: [8] A session had already been started - ignoring session_start() D:\wamp\wamp64\www\jiimadeeee\Application\Admin\Controller\BaseController.class.php 第 9 行.
SQL: SHOW COLUMNS FROM `made_privilege` [ RunTime:0.0019s ]
SQL: SHOW COLUMNS FROM `made_model` [ RunTime:0.0019s ]
SQL: SHOW COLUMNS FROM `made_category` [ RunTime:0.0023s ]
SQL: SELECT * FROM `made_model` WHERE `id` = 3 LIMIT 1   [ RunTime:0.0010s ]
SQL: SELECT * FROM `made_category` ORDER BY order_id asc  [ RunTime:0.0012s ]
INFO: [ view_parse ] --START--
INFO: [ template_filter ] --START--
INFO: Run Behavior\ContentReplaceBehavior [ RunTime:0.000215s ]
INFO: [ template_filter ] --END-- [ RunTime:0.000393s ]
INFO: Run Behavior\ParseTemplateBehavior [ RunTime:0.036344s ]
INFO: [ view_parse ] --END-- [ RunTime:0.037146s ]
INFO: [ view_filter ] --START--
INFO: Run Behavior\WriteHtmlCacheBehavior [ RunTime:0.002276s ]
INFO: [ view_filter ] --END-- [ RunTime:0.003340s ]
INFO: [ app_end ] --START--
INFO: Run Behavior\ShowPageTraceBehavior [ RunTime:0.005774s ]
INFO: [ app_end ] --END-- [ RunTime:0.006973s ]

[ 2018-06-26T14:46:11+08:00 ] 127.0.0.1 /jiimadeeee/index.php/Admin/Model/edit/id/3.html
INFO: [ app_init ] --START--
INFO: Run Behavior\BuildLiteBehavior [ RunTime:0.000170s ]
INFO: [ app_init ] --END-- [ RunTime:0.002419s ]
INFO: [ app_begin ] --START--
INFO: Run Behavior\ReadHtmlCacheBehavior [ RunTime:0.003664s ]
INFO: [ app_begin ] --END-- [ RunTime:0.004781s ]
NOTIC: [8] A session had already been started - ignoring session_start() D:\wamp\wamp64\www\jiimadeeee\Application\Admin\Controller\BaseController.class.php 第 9 行.
SQL: SHOW COLUMNS FROM `made_privilege` [ RunTime:0.0024s ]
SQL: SHOW COLUMNS FROM `made_model` [ RunTime:0.0023s ]
SQL: SHOW COLUMNS FROM `made_category` [ RunTime:0.0028s ]
SQL: SELECT * FROM `made_model` WHERE `id` = 3 LIMIT 1   [ RunTime:0.0011s ]
NOTIC: [8] Undefined index: validate D:\wamp\wamp64\www\jiimadeeee\ThinkPHP\Library\Think\Model.class.php 第 1185 行.
NOTIC: [8] Undefined index: auto D:\wamp\wamp64\www\jiimadeeee\ThinkPHP\Library\Think\Model.class.php 第 1128 行.
NOTIC: [2] Invalid argument supplied for foreach() D:\wamp\wamp64\www\jiimadeeee\Application\Admin\Model\ModelModel.class.php 第 99 行.
SQL: UPDATE `made_model` SET `model_name`='饰面',`project_area`='return $W*$H;',`material`='{\"p1\":{\"\\u9762\\u677f\":\"8,1\"}}',`parameter`='[\"W\",\"H\"]',`formula`='{\"\\u9762\\u677f\":[\"return $W*$H;\",\"return $p1;\",\"\\u33a1\",\"return $num*$price;\",\"p1\"],\"\\u6d4b\\u8bd5\":[\"return $W*$H;\",\"return $W*$H;\",\"return $num*$price;\",\"return $num*$price;\",\"\"]}',`ext`='[]' WHERE `id` = 3 [ RunTime:0.0055s ]
INFO: [ view_parse ] --START--
INFO: [ template_filter ] --START--
INFO: Run Behavior\ContentReplaceBehavior [ RunTime:0.000402s ]
INFO: [ template_filter ] --END-- [ RunTime:0.001116s ]
INFO: Run Behavior\ParseTemplateBehavior [ RunTime:0.038833s ]
INFO: [ view_parse ] --END-- [ RunTime:0.039439s ]
INFO: [ view_filter ] --START--
INFO: Run Behavior\WriteHtmlCacheBehavior [ RunTime:0.000888s ]
INFO: [ view_filter ] --END-- [ RunTime:0.001147s ]
INFO: [ view_parse ] --START--
INFO: [ template_filter ] --START--
INFO: Run Behavior\ContentReplaceBehavior [ RunTime:0.000161s ]
INFO: [ template_filter ] --END-- [ RunTime:-0.016068s ]
INFO: Run Behavior\ParseTemplateBehavior [ RunTime:0.007908s ]
INFO: [ view_parse ] --END-- [ RunTime:-0.002116s ]
INFO: [ view_filter ] --START--
INFO: Run Behavior\WriteHtmlCacheBehavior [ RunTime:0.000140s ]
INFO: [ view_filter ] --END-- [ RunTime:-0.009463s ]

[ 2018-06-26T14:46:13+08:00 ] 127.0.0.1 /jiimadeeee/index.php/Admin/Model/lst.html
INFO: [ app_init ] --START--
INFO: Run Behavior\BuildLiteBehavior [ RunTime:0.000050s ]
INFO: [ app_init ] --END-- [ RunTime:0.002731s ]
INFO: [ app_begin ] --START--
INFO: Run Behavior\ReadHtmlCacheBehavior [ RunTime:0.003873s ]
INFO: [ app_begin ] --END-- [ RunTime:0.005346s ]
NOTIC: [8] A session had already been started - ignoring session_start() D:\wamp\wamp64\www\jiimadeeee\Application\Admin\Controller\BaseController.class.php 第 9 行.
SQL: SHOW COLUMNS FROM `made_privilege` [ RunTime:0.0027s ]
SQL: SHOW COLUMNS FROM `made_model` [ RunTime:0.0031s ]
SQL: SELECT `id`,`model_name` FROM `made_model`  [ RunTime:0.0009s ]
INFO: [ view_parse ] --START--
INFO: [ template_filter ] --START--
INFO: Run Behavior\ContentReplaceBehavior [ RunTime:0.000462s ]
INFO: [ template_filter ] --END-- [ RunTime:0.000970s ]
INFO: Run Behavior\ParseTemplateBehavior [ RunTime:0.055024s ]
INFO: [ view_parse ] --END-- [ RunTime:0.055532s ]
INFO: [ view_filter ] --START--
INFO: Run Behavior\WriteHtmlCacheBehavior [ RunTime:0.002754s ]
INFO: [ view_filter ] --END-- [ RunTime:0.003640s ]
INFO: [ app_end ] --START--
INFO: Run Behavior\ShowPageTraceBehavior [ RunTime:0.003441s ]
INFO: [ app_end ] --END-- [ RunTime:0.004210s ]

[ 2018-06-26T15:16:02+08:00 ] 127.0.0.1 /jiimadeeee/index.php/Admin/Furniture/lst.html
INFO: [ app_init ] --START--
INFO: Run Behavior\BuildLiteBehavior [ RunTime:0.000266s ]
INFO: [ app_init ] --END-- [ RunTime:0.004133s ]
INFO: [ app_begin ] --START--
INFO: Run Behavior\ReadHtmlCacheBehavior [ RunTime:0.005836s ]
INFO: [ app_begin ] --END-- [ RunTime:0.007494s ]
NOTIC: [8] A session had already been started - ignoring session_start() D:\wamp\wamp64\www\jiimadeeee\Application\Admin\Controller\BaseController.class.php 第 9 行.
SQL: SHOW COLUMNS FROM `made_privilege` [ RunTime:0.0026s ]
SQL: SHOW COLUMNS FROM `made_furniture` [ RunTime:0.0018s ]
SQL: SELECT `id`,`fur_name`,`sort_id` FROM `made_furniture` ORDER BY sort_id asc  [ RunTime:0.0009s ]
INFO: [ view_parse ] --START--
INFO: [ template_filter ] --START--
INFO: Run Behavior\ContentReplaceBehavior [ RunTime:0.000489s ]
INFO: [ template_filter ] --END-- [ RunTime:0.001147s ]
INFO: Run Behavior\ParseTemplateBehavior [ RunTime:0.059204s ]
INFO: [ view_parse ] --END-- [ RunTime:0.059645s ]
INFO: [ view_filter ] --START--
INFO: Run Behavior\WriteHtmlCacheBehavior [ RunTime:0.002414s ]
INFO: [ view_filter ] --END-- [ RunTime:0.003436s ]
INFO: [ app_end ] --START--
INFO: Run Behavior\ShowPageTraceBehavior [ RunTime:0.004107s ]
INFO: [ app_end ] --END-- [ RunTime:0.005088s ]

[ 2018-06-26T15:16:05+08:00 ] 127.0.0.1 /jiimadeeee/index.php/Admin/Furniture/furniture_quote/id/1.html
INFO: [ app_init ] --START--
INFO: Run Behavior\BuildLiteBehavior [ RunTime:0.000165s ]
INFO: [ app_init ] --END-- [ RunTime:0.002680s ]
INFO: [ app_begin ] --START--
INFO: Run Behavior\ReadHtmlCacheBehavior [ RunTime:0.000929s ]
INFO: [ app_begin ] --END-- [ RunTime:0.001157s ]
NOTIC: [8] A session had already been started - ignoring session_start() D:\wamp\wamp64\www\jiimadeeee\Application\Admin\Controller\BaseController.class.php 第 9 行.
SQL: SHOW COLUMNS FROM `made_privilege` [ RunTime:0.0019s ]
SQL: SHOW COLUMNS FROM `made_furniture` [ RunTime:0.0013s ]
SQL: SHOW COLUMNS FROM `made_model` [ RunTime:0.0016s ]
SQL: SHOW COLUMNS FROM `made_furniture_quote` [ RunTime:0.0021s ]
SQL: SELECT `id`,`model_name` FROM `made_model`  [ RunTime:0.0007s ]
SQL: SELECT `attribute` FROM `made_furniture` WHERE `id` = 1 LIMIT 1   [ RunTime:0.0008s ]
SQL: SELECT * FROM `made_furniture_quote` WHERE `fur_id` = '1'  [ RunTime:0.0012s ]
INFO: [ view_parse ] --START--
INFO: [ template_filter ] --START--
INFO: Run Behavior\ContentReplaceBehavior [ RunTime:0.000789s ]
INFO: [ template_filter ] --END-- [ RunTime:0.001470s ]
INFO: Run Behavior\ParseTemplateBehavior [ RunTime:0.056436s ]
INFO: [ view_parse ] --END-- [ RunTime:0.056960s ]
INFO: [ view_filter ] --START--
INFO: Run Behavior\WriteHtmlCacheBehavior [ RunTime:0.002396s ]
INFO: [ view_filter ] --END-- [ RunTime:0.003124s ]
INFO: [ app_end ] --START--
INFO: Run Behavior\ShowPageTraceBehavior [ RunTime:0.004534s ]
INFO: [ app_end ] --END-- [ RunTime:0.005458s ]

[ 2018-06-26T15:16:13+08:00 ] 127.0.0.1 /jiimadeeee/index.php/Admin/Furniture/furniture_quote/id/1.html
INFO: [ app_init ] --START--
INFO: Run Behavior\BuildLiteBehavior [ RunTime:0.000137s ]
INFO: [ app_init ] --END-- [ RunTime:0.002003s ]
INFO: [ app_begin ] --START--
INFO: Run Behavior\ReadHtmlCacheBehavior [ RunTime:0.002808s ]
INFO: [ app_begin ] --END-- [ RunTime:0.003781s ]
NOTIC: [8] A session had already been started - ignoring session_start() D:\wamp\wamp64\www\jiimadeeee\Application\Admin\Controller\BaseController.class.php 第 9 行.
SQL: SHOW COLUMNS FROM `made_privilege` [ RunTime:0.0024s ]
SQL: SHOW COLUMNS FROM `made_furniture` [ RunTime:0.0024s ]
SQL: SHOW COLUMNS FROM `made_model` [ RunTime:0.0020s ]
SQL: SHOW COLUMNS FROM `made_furniture_quote` [ RunTime:0.0018s ]
SQL: SELECT `id`,`model_name` FROM `made_model`  [ RunTime:0.0008s ]
SQL: SELECT `attribute` FROM `made_furniture` WHERE `id` = 1 LIMIT 1   [ RunTime:0.0008s ]
SQL: SELECT * FROM `made_furniture_quote` WHERE `fur_id` = '1'  [ RunTime:0.0011s ]
SQL: INSERT INTO `made_furniture_quote` (`fur_id`,`model_id`,`fur_attr_id`) VALUES ('1','2','1,2') [ RunTime:0.0049s ]
SQL: UPDATE `made_furniture_quote` SET `fur_id`='1',`model_id`='1',`fur_attr_id`='0,1' WHERE `id` = 10 [ RunTime:0.0054s ]
SQL: UPDATE `made_furniture_quote` SET `fur_id`='1',`model_id`='1',`fur_attr_id`='0,2' WHERE `id` = 13 [ RunTime:0.0033s ]
INFO: [ view_parse ] --START--
INFO: [ template_filter ] --START--
INFO: Run Behavior\ContentReplaceBehavior [ RunTime:0.000766s ]
INFO: [ template_filter ] --END-- [ RunTime:0.002095s ]
INFO: Run Behavior\ParseTemplateBehavior [ RunTime:0.040116s ]
INFO: [ view_parse ] --END-- [ RunTime:0.040902s ]
INFO: [ view_filter ] --START--
INFO: Run Behavior\WriteHtmlCacheBehavior [ RunTime:0.002632s ]
INFO: [ view_filter ] --END-- [ RunTime:0.003560s ]
INFO: [ view_parse ] --START--
INFO: [ template_filter ] --START--
INFO: Run Behavior\ContentReplaceBehavior [ RunTime:0.000451s ]
INFO: [ template_filter ] --END-- [ RunTime:-0.030422s ]
INFO: Run Behavior\ParseTemplateBehavior [ RunTime:0.034418s ]
INFO: [ view_parse ] --END-- [ RunTime:-0.008003s ]
INFO: [ view_filter ] --START--
INFO: Run Behavior\WriteHtmlCacheBehavior [ RunTime:0.000337s ]
INFO: [ view_filter ] --END-- [ RunTime:-0.039554s ]
INFO: [ app_end ] --START--
INFO: Run Behavior\ShowPageTraceBehavior [ RunTime:0.004055s ]
INFO: [ app_end ] --END-- [ RunTime:0.004770s ]

[ 2018-06-26T15:16:15+08:00 ] 127.0.0.1 /jiimadeeee/index.php/Admin/Furniture/furniture_quote/id/1.html
INFO: [ app_init ] --START--
INFO: Run Behavior\BuildLiteBehavior [ RunTime:0.000205s ]
INFO: [ app_init ] --END-- [ RunTime:0.003053s ]
INFO: [ app_begin ] --START--
INFO: Run Behavior\ReadHtmlCacheBehavior [ RunTime:0.003775s ]
INFO: [ app_begin ] --END-- [ RunTime:0.004899s ]
NOTIC: [8] A session had already been started - ignoring session_start() D:\wamp\wamp64\www\jiimadeeee\Application\Admin\Controller\BaseController.class.php 第 9 行.
SQL: SHOW COLUMNS FROM `made_privilege` [ RunTime:0.0025s ]
SQL: SHOW COLUMNS FROM `made_furniture` [ RunTime:0.0029s ]
SQL: SHOW COLUMNS FROM `made_model` [ RunTime:0.0027s ]
SQL: SHOW COLUMNS FROM `made_furniture_quote` [ RunTime:0.0026s ]
SQL: SELECT `id`,`model_name` FROM `made_model`  [ RunTime:0.0009s ]
SQL: SELECT `attribute` FROM `made_furniture` WHERE `id` = 1 LIMIT 1   [ RunTime:0.0009s ]
SQL: SELECT * FROM `made_furniture_quote` WHERE `fur_id` = '1'  [ RunTime:0.0008s ]
INFO: [ view_parse ] --START--
INFO: [ template_filter ] --START--
INFO: Run Behavior\ContentReplaceBehavior [ RunTime:0.001000s ]
INFO: [ template_filter ] --END-- [ RunTime:0.001854s ]
INFO: Run Behavior\ParseTemplateBehavior [ RunTime:0.057327s ]
INFO: [ view_parse ] --END-- [ RunTime:0.058291s ]
INFO: [ view_filter ] --START--
INFO: Run Behavior\WriteHtmlCacheBehavior [ RunTime:0.002333s ]
INFO: [ view_filter ] --END-- [ RunTime:0.003200s ]
INFO: [ app_end ] --START--
INFO: Run Behavior\ShowPageTraceBehavior [ RunTime:0.002457s ]
INFO: [ app_end ] --END-- [ RunTime:0.003092s ]

[ 2018-06-26T15:47:19+08:00 ] 127.0.0.1 /jiimadeeee/index.php/admin/index/index
INFO: [ app_init ] --START--
INFO: Run Behavior\BuildLiteBehavior [ RunTime:0.000034s ]
INFO: [ app_init ] --END-- [ RunTime:0.001719s ]
INFO: [ app_begin ] --START--
INFO: Run Behavior\ReadHtmlCacheBehavior [ RunTime:0.002113s ]
INFO: [ app_begin ] --END-- [ RunTime:0.002449s ]
NOTIC: [8] A session had already been started - ignoring session_start() D:\wamp\wamp64\www\jiimadeeee\Application\Admin\Controller\BaseController.class.php 第 9 行.
INFO: [ view_parse ] --START--
INFO: [ template_filter ] --START--
INFO: Run Behavior\ContentReplaceBehavior [ RunTime:0.000110s ]
INFO: [ template_filter ] --END-- [ RunTime:0.000344s ]
INFO: Run Behavior\ParseTemplateBehavior [ RunTime:0.024119s ]
INFO: [ view_parse ] --END-- [ RunTime:0.024520s ]
INFO: [ view_filter ] --START--
INFO: Run Behavior\WriteHtmlCacheBehavior [ RunTime:0.003738s ]
INFO: [ view_filter ] --END-- [ RunTime:0.005084s ]
INFO: [ app_end ] --START--
INFO: Run Behavior\ShowPageTraceBehavior [ RunTime:0.003994s ]
INFO: [ app_end ] --END-- [ RunTime:0.005017s ]

[ 2018-06-26T15:47:19+08:00 ] 127.0.0.1 /jiimadeeee/index.php/admin/index/menu.html
INFO: [ app_init ] --START--
INFO: Run Behavior\BuildLiteBehavior [ RunTime:0.000050s ]
INFO: [ app_init ] --END-- [ RunTime:0.001040s ]
INFO: [ app_begin ] --START--
INFO: Run Behavior\ReadHtmlCacheBehavior [ RunTime:0.000829s ]
INFO: [ app_begin ] --END-- [ RunTime:0.001065s ]
NOTIC: [8] A session had already been started - ignoring session_start() D:\wamp\wamp64\www\jiimadeeee\Application\Admin\Controller\BaseController.class.php 第 9 行.
INFO: [ view_parse ] --START--
INFO: [ template_filter ] --START--
INFO: Run Behavior\ContentReplaceBehavior [ RunTime:0.000131s ]
INFO: [ template_filter ] --END-- [ RunTime:0.000266s ]
SQL: SHOW COLUMNS FROM `made_privilege` [ RunTime:0.0021s ]
SQL: SELECT * FROM `made_privilege`  [ RunTime:0.0020s ]
INFO: Run Behavior\ParseTemplateBehavior [ RunTime:0.091078s ]
INFO: [ view_parse ] --END-- [ RunTime:0.091325s ]
INFO: [ view_filter ] --START--
INFO: Run Behavior\WriteHtmlCacheBehavior [ RunTime:0.001423s ]
INFO: [ view_filter ] --END-- [ RunTime:0.002382s ]
INFO: [ app_end ] --START--
INFO: Run Behavior\ShowPageTraceBehavior [ RunTime:0.002828s ]
INFO: [ app_end ] --END-- [ RunTime:0.003119s ]

[ 2018-06-26T15:47:19+08:00 ] 127.0.0.1 /jiimadeeee/index.php/admin/index/main.html
INFO: [ app_init ] --START--
INFO: Run Behavior\BuildLiteBehavior [ RunTime:0.000035s ]
INFO: [ app_init ] --END-- [ RunTime:0.001730s ]
INFO: [ app_begin ] --START--
INFO: Run Behavior\ReadHtmlCacheBehavior [ RunTime:0.004507s ]
INFO: [ app_begin ] --END-- [ RunTime:0.005341s ]
NOTIC: [8] A session had already been started - ignoring session_start() D:\wamp\wamp64\www\jiimadeeee\Application\Admin\Controller\BaseController.class.php 第 9 行.
INFO: [ view_parse ] --START--
INFO: [ template_filter ] --START--
INFO: Run Behavior\ContentReplaceBehavior [ RunTime:0.000121s ]
INFO: [ template_filter ] --END-- [ RunTime:0.000355s ]
INFO: Run Behavior\ParseTemplateBehavior [ RunTime:0.021281s ]
INFO: [ view_parse ] --END-- [ RunTime:0.022371s ]
INFO: [ view_filter ] --START--
INFO: Run Behavior\WriteHtmlCacheBehavior [ RunTime:0.003061s ]
INFO: [ view_filter ] --END-- [ RunTime:0.003751s ]
INFO: [ app_end ] --START--
INFO: Run Behavior\ShowPageTraceBehavior [ RunTime:0.005695s ]
INFO: [ app_end ] --END-- [ RunTime:0.006386s ]

[ 2018-06-26T15:47:19+08:00 ] 127.0.0.1 /jiimadeeee/index.php/admin/index/top.html
INFO: [ app_init ] --START--
INFO: Run Behavior\BuildLiteBehavior [ RunTime:0.000203s ]
INFO: [ app_init ] --END-- [ RunTime:0.002693s ]
INFO: [ app_begin ] --START--
INFO: Run Behavior\ReadHtmlCacheBehavior [ RunTime:0.002636s ]
INFO: [ app_begin ] --END-- [ RunTime:0.002952s ]
NOTIC: [8] A session had already been started - ignoring session_start() D:\wamp\wamp64\www\jiimadeeee\Application\Admin\Controller\BaseController.class.php 第 9 行.
INFO: [ view_parse ] --START--
INFO: [ template_filter ] --START--
INFO: Run Behavior\ContentReplaceBehavior [ RunTime:0.000156s ]
INFO: [ template_filter ] --END-- [ RunTime:0.000399s ]
INFO: Run Behavior\ParseTemplateBehavior [ RunTime:0.016744s ]
INFO: [ view_parse ] --END-- [ RunTime:0.017026s ]
INFO: [ view_filter ] --START--
INFO: Run Behavior\WriteHtmlCacheBehavior [ RunTime:0.000936s ]
INFO: [ view_filter ] --END-- [ RunTime:0.001168s ]
INFO: [ app_end ] --START--
INFO: Run Behavior\ShowPageTraceBehavior [ RunTime:0.001249s ]
INFO: [ app_end ] --END-- [ RunTime:0.001475s ]

[ 2018-06-26T15:49:29+08:00 ] 127.0.0.1 /jiimadeeee/index.php/Admin/Furniture/lst.html
INFO: [ app_init ] --START--
INFO: Run Behavior\BuildLiteBehavior [ RunTime:0.000177s ]
INFO: [ app_init ] --END-- [ RunTime:0.003267s ]
INFO: [ app_begin ] --START--
INFO: Run Behavior\ReadHtmlCacheBehavior [ RunTime:0.003017s ]
INFO: [ app_begin ] --END-- [ RunTime:0.003578s ]
NOTIC: [8] A session had already been started - ignoring session_start() D:\wamp\wamp64\www\jiimadeeee\Application\Admin\Controller\BaseController.class.php 第 9 行.
SQL: SHOW COLUMNS FROM `made_privilege` [ RunTime:0.0079s ]
SQL: SHOW COLUMNS FROM `made_furniture` [ RunTime:0.0017s ]
SQL: SELECT `id`,`fur_name`,`sort_id` FROM `made_furniture` ORDER BY sort_id asc  [ RunTime:0.0014s ]
INFO: [ view_parse ] --START--
INFO: [ template_filter ] --START--
INFO: Run Behavior\ContentReplaceBehavior [ RunTime:0.000132s ]
INFO: [ template_filter ] --END-- [ RunTime:0.000529s ]
INFO: Run Behavior\ParseTemplateBehavior [ RunTime:0.069863s ]
INFO: [ view_parse ] --END-- [ RunTime:0.070826s ]
INFO: [ view_filter ] --START--
INFO: Run Behavior\WriteHtmlCacheBehavior [ RunTime:0.003318s ]
INFO: [ view_filter ] --END-- [ RunTime:0.004372s ]
INFO: [ app_end ] --START--
INFO: Run Behavior\ShowPageTraceBehavior [ RunTime:0.001898s ]
INFO: [ app_end ] --END-- [ RunTime:0.002616s ]

[ 2018-06-26T16:16:36+08:00 ] 127.0.0.1 /jiimadeeee/index.php/Admin/Furniture/furniture_quote/id/1.html
INFO: [ app_init ] --START--
INFO: Run Behavior\BuildLiteBehavior [ RunTime:0.000206s ]
INFO: [ app_init ] --END-- [ RunTime:0.005325s ]
INFO: [ app_begin ] --START--
INFO: Run Behavior\ReadHtmlCacheBehavior [ RunTime:0.005105s ]
INFO: [ app_begin ] --END-- [ RunTime:0.006564s ]
NOTIC: [8] A session had already been started - ignoring session_start() D:\wamp\wamp64\www\jiimadeeee\Application\Admin\Controller\BaseController.class.php 第 9 行.
SQL: SHOW COLUMNS FROM `made_privilege` [ RunTime:0.0030s ]
SQL: SHOW COLUMNS FROM `made_furniture` [ RunTime:0.0020s ]
SQL: SHOW COLUMNS FROM `made_model` [ RunTime:0.0033s ]
SQL: SHOW COLUMNS FROM `made_furniture_quote` [ RunTime:0.0018s ]
SQL: SELECT `id`,`model_name` FROM `made_model`  [ RunTime:0.0011s ]
SQL: SELECT `attribute` FROM `made_furniture` WHERE `id` = 1 LIMIT 1   [ RunTime:0.0010s ]
SQL: SELECT * FROM `made_furniture_quote` WHERE `fur_id` = '1'  [ RunTime:0.0009s ]
INFO: [ view_parse ] --START--
INFO: [ template_filter ] --START--
INFO: Run Behavior\ContentReplaceBehavior [ RunTime:0.000906s ]
INFO: [ template_filter ] --END-- [ RunTime:0.002102s ]
INFO: Run Behavior\ParseTemplateBehavior [ RunTime:0.057375s ]
INFO: [ view_parse ] --END-- [ RunTime:0.057810s ]
INFO: [ view_filter ] --START--
INFO: Run Behavior\WriteHtmlCacheBehavior [ RunTime:0.002564s ]
INFO: [ view_filter ] --END-- [ RunTime:0.003378s ]
INFO: [ app_end ] --START--
INFO: Run Behavior\ShowPageTraceBehavior [ RunTime:0.003929s ]
INFO: [ app_end ] --END-- [ RunTime:0.004201s ]

[ 2018-06-26T16:16:41+08:00 ] 127.0.0.1 /jiimadeeee/index.php/Admin/Furniture/ajaxDelNum/id/15
INFO: [ app_init ] --START--
INFO: Run Behavior\BuildLiteBehavior [ RunTime:0.000190s ]
INFO: [ app_init ] --END-- [ RunTime:0.004827s ]
INFO: [ app_begin ] --START--
INFO: Run Behavior\ReadHtmlCacheBehavior [ RunTime:0.004024s ]
INFO: [ app_begin ] --END-- [ RunTime:0.004930s ]
NOTIC: [8] A session had already been started - ignoring session_start() D:\wamp\wamp64\www\jiimadeeee\Application\Admin\Controller\BaseController.class.php 第 9 行.
SQL: SHOW COLUMNS FROM `made_privilege` [ RunTime:0.0023s ]
SQL: SHOW COLUMNS FROM `made_furniture_quote` [ RunTime:0.0034s ]
SQL: SELECT `img_src` FROM `made_furniture_quote` WHERE `id` = 15 LIMIT 1   [ RunTime:0.0011s ]
SQL: DELETE FROM `made_furniture_quote` WHERE `id` = 15 [ RunTime:0.0049s ]
INFO: [ app_end ] --START--
INFO: Run Behavior\ShowPageTraceBehavior [ RunTime:0.001229s ]
INFO: [ app_end ] --END-- [ RunTime:0.001381s ]

