[ 2018-04-25T14:07:44+08:00 ] ::1 /jiimade/index.php/admin/index/index
INFO: [ app_init ] --START--
INFO: Run Behavior\BuildLiteBehavior [ RunTime:0.000025s ]
INFO: [ app_init ] --END-- [ RunTime:0.000536s ]
INFO: [ app_begin ] --START--
INFO: Run Behavior\ReadHtmlCacheBehavior [ RunTime:0.000705s ]
INFO: [ app_begin ] --END-- [ RunTime:0.000850s ]
NOTIC: [8] A session had already been started - ignoring session_start() D:\wamp\wamp64\www\jiiMade\Application\Admin\Controller\BaseController.class.php 第 9 行.
INFO: [ view_parse ] --START--
INFO: [ template_filter ] --START--
INFO: Run Behavior\ContentReplaceBehavior [ RunTime:0.000077s ]
INFO: [ template_filter ] --END-- [ RunTime:0.000209s ]
INFO: Run Behavior\ParseTemplateBehavior [ RunTime:0.017026s ]
INFO: [ view_parse ] --END-- [ RunTime:0.017174s ]
INFO: [ view_filter ] --START--
INFO: Run Behavior\WriteHtmlCacheBehavior [ RunTime:0.000725s ]
INFO: [ view_filter ] --END-- [ RunTime:0.000858s ]

[ 2018-04-25T14:07:47+08:00 ] ::1 /jiimade/index.php/Admin/Login/login.html
INFO: [ app_init ] --START--
INFO: Run Behavior\BuildLiteBehavior [ RunTime:0.000053s ]
INFO: [ app_init ] --END-- [ RunTime:0.001253s ]
INFO: [ app_begin ] --START--
INFO: Run Behavior\ReadHtmlCacheBehavior [ RunTime:0.001261s ]
INFO: [ app_begin ] --END-- [ RunTime:0.001503s ]
INFO: [ view_parse ] --START--
INFO: [ template_filter ] --START--
INFO: Run Behavior\ContentReplaceBehavior [ RunTime:0.000140s ]
INFO: [ template_filter ] --END-- [ RunTime:0.000386s ]
INFO: Run Behavior\ParseTemplateBehavior [ RunTime:0.016144s ]
INFO: [ view_parse ] --END-- [ RunTime:0.016420s ]
INFO: [ view_filter ] --START--
INFO: Run Behavior\WriteHtmlCacheBehavior [ RunTime:0.000874s ]
INFO: [ view_filter ] --END-- [ RunTime:0.001120s ]
INFO: [ app_end ] --START--
INFO: Run Behavior\ShowPageTraceBehavior [ RunTime:0.001159s ]
INFO: [ app_end ] --END-- [ RunTime:0.001383s ]

[ 2018-04-25T14:07:47+08:00 ] ::1 /jiimade/index.php/Admin/Login/chkcode.html
INFO: [ app_init ] --START--
INFO: Run Behavior\BuildLiteBehavior [ RunTime:0.000026s ]
INFO: [ app_init ] --END-- [ RunTime:0.000571s ]
INFO: [ app_begin ] --START--
INFO: Run Behavior\ReadHtmlCacheBehavior [ RunTime:0.000680s ]
INFO: [ app_begin ] --END-- [ RunTime:0.000832s ]
NOTIC: [8] A session had already been started - ignoring session_start() D:\wamp\wamp64\www\jiiMade\Application\Admin\Controller\LoginController.class.php 第 29 行.
INFO: [ app_end ] --START--
INFO: Run Behavior\ShowPageTraceBehavior [ RunTime:0.000658s ]
INFO: [ app_end ] --END-- [ RunTime:0.000828s ]

[ 2018-04-25T14:07:56+08:00 ] ::1 /jiimade/index.php/Admin/Login/login.html
INFO: [ app_init ] --START--
INFO: Run Behavior\BuildLiteBehavior [ RunTime:0.000024s ]
INFO: [ app_init ] --END-- [ RunTime:0.000478s ]
INFO: [ app_begin ] --START--
INFO: Run Behavior\ReadHtmlCacheBehavior [ RunTime:0.000583s ]
INFO: [ app_begin ] --END-- [ RunTime:0.000698s ]
SQL: SHOW COLUMNS FROM `made_admin` [ RunTime:0.0006s ]
NOTIC: [8] A session had already been started - ignoring session_start() D:\wamp\wamp64\www\jiiMade\Application\Admin\Model\AdminModel.class.php 第 36 行.
NOTIC: [8] Undefined index: auto D:\wamp\wamp64\www\jiiMade\ThinkPHP\Library\Think\Model.class.php 第 1128 行.
SQL: SELECT * FROM `made_admin` WHERE `username` = 'root' LIMIT 1   [ RunTime:0.0004s ]
NOTIC: [8] A session had already been started - ignoring session_start() D:\wamp\wamp64\www\jiiMade\Application\Admin\Model\AdminModel.class.php 第 54 行.
INFO: [ view_parse ] --START--
INFO: [ template_filter ] --START--
INFO: Run Behavior\ContentReplaceBehavior [ RunTime:0.000066s ]
INFO: [ template_filter ] --END-- [ RunTime:0.000186s ]
INFO: Run Behavior\ParseTemplateBehavior [ RunTime:0.007893s ]
INFO: [ view_parse ] --END-- [ RunTime:0.008027s ]
INFO: [ view_filter ] --START--
INFO: Run Behavior\WriteHtmlCacheBehavior [ RunTime:0.000415s ]
INFO: [ view_filter ] --END-- [ RunTime:0.000531s ]
INFO: [ view_parse ] --START--
INFO: [ template_filter ] --START--
INFO: Run Behavior\ContentReplaceBehavior [ RunTime:0.000059s ]
INFO: [ template_filter ] --END-- [ RunTime:-0.004830s ]
INFO: Run Behavior\ParseTemplateBehavior [ RunTime:0.003789s ]
INFO: [ view_parse ] --END-- [ RunTime:-0.000961s ]
INFO: [ view_filter ] --START--
INFO: Run Behavior\WriteHtmlCacheBehavior [ RunTime:0.000033s ]
INFO: [ view_filter ] --END-- [ RunTime:-0.004342s ]

[ 2018-04-25T14:07:57+08:00 ] ::1 /jiimade/index.php/Admin/index/index.html
INFO: [ app_init ] --START--
INFO: Run Behavior\BuildLiteBehavior [ RunTime:0.000024s ]
INFO: [ app_init ] --END-- [ RunTime:0.000499s ]
INFO: [ app_begin ] --START--
INFO: Run Behavior\ReadHtmlCacheBehavior [ RunTime:0.000657s ]
INFO: [ app_begin ] --END-- [ RunTime:0.000777s ]
NOTIC: [8] A session had already been started - ignoring session_start() D:\wamp\wamp64\www\jiiMade\Application\Admin\Controller\BaseController.class.php 第 9 行.
INFO: [ view_parse ] --START--
INFO: [ template_filter ] --START--
INFO: Run Behavior\ContentReplaceBehavior [ RunTime:0.000074s ]
INFO: [ template_filter ] --END-- [ RunTime:0.000214s ]
INFO: Run Behavior\ParseTemplateBehavior [ RunTime:0.007872s ]
INFO: [ view_parse ] --END-- [ RunTime:0.008046s ]
INFO: [ view_filter ] --START--
INFO: Run Behavior\WriteHtmlCacheBehavior [ RunTime:0.000438s ]
INFO: [ view_filter ] --END-- [ RunTime:0.000564s ]
INFO: [ app_end ] --START--
INFO: Run Behavior\ShowPageTraceBehavior [ RunTime:0.000543s ]
INFO: [ app_end ] --END-- [ RunTime:0.000651s ]

[ 2018-04-25T14:07:57+08:00 ] ::1 /jiimade/index.php/Admin/index/top.html
INFO: [ app_init ] --START--
INFO: Run Behavior\BuildLiteBehavior [ RunTime:0.000030s ]
INFO: [ app_init ] --END-- [ RunTime:0.000587s ]
INFO: [ app_begin ] --START--
INFO: Run Behavior\ReadHtmlCacheBehavior [ RunTime:0.000829s ]
INFO: [ app_begin ] --END-- [ RunTime:0.000980s ]
NOTIC: [8] A session had already been started - ignoring session_start() D:\wamp\wamp64\www\jiiMade\Application\Admin\Controller\BaseController.class.php 第 9 行.
INFO: [ view_parse ] --START--
INFO: [ template_filter ] --START--
INFO: Run Behavior\ContentReplaceBehavior [ RunTime:0.000104s ]
INFO: [ template_filter ] --END-- [ RunTime:0.000281s ]
INFO: Run Behavior\ParseTemplateBehavior [ RunTime:0.010910s ]
INFO: [ view_parse ] --END-- [ RunTime:0.011082s ]
INFO: [ view_filter ] --START--
INFO: Run Behavior\WriteHtmlCacheBehavior [ RunTime:0.000495s ]
INFO: [ view_filter ] --END-- [ RunTime:0.000650s ]
INFO: [ app_end ] --START--
INFO: Run Behavior\ShowPageTraceBehavior [ RunTime:0.000653s ]
INFO: [ app_end ] --END-- [ RunTime:0.000794s ]

[ 2018-04-25T14:07:57+08:00 ] ::1 /jiimade/index.php/Admin/index/main.html
INFO: [ app_init ] --START--
INFO: Run Behavior\BuildLiteBehavior [ RunTime:0.000024s ]
INFO: [ app_init ] --END-- [ RunTime:0.000537s ]
INFO: [ app_begin ] --START--
INFO: Run Behavior\ReadHtmlCacheBehavior [ RunTime:0.000766s ]
INFO: [ app_begin ] --END-- [ RunTime:0.000905s ]
NOTIC: [8] A session had already been started - ignoring session_start() D:\wamp\wamp64\www\jiiMade\Application\Admin\Controller\BaseController.class.php 第 9 行.
INFO: [ view_parse ] --START--
INFO: [ template_filter ] --START--
INFO: Run Behavior\ContentReplaceBehavior [ RunTime:0.000093s ]
INFO: [ template_filter ] --END-- [ RunTime:0.000239s ]
INFO: Run Behavior\ParseTemplateBehavior [ RunTime:0.009620s ]
INFO: [ view_parse ] --END-- [ RunTime:0.009756s ]
INFO: [ view_filter ] --START--
INFO: Run Behavior\WriteHtmlCacheBehavior [ RunTime:0.000391s ]
INFO: [ view_filter ] --END-- [ RunTime:0.000505s ]
INFO: [ app_end ] --START--
INFO: Run Behavior\ShowPageTraceBehavior [ RunTime:0.000473s ]
INFO: [ app_end ] --END-- [ RunTime:0.000582s ]

[ 2018-04-25T14:07:57+08:00 ] ::1 /jiimade/index.php/Admin/index/menu.html
INFO: [ app_init ] --START--
INFO: Run Behavior\BuildLiteBehavior [ RunTime:0.000031s ]
INFO: [ app_init ] --END-- [ RunTime:0.000769s ]
INFO: [ app_begin ] --START--
INFO: Run Behavior\ReadHtmlCacheBehavior [ RunTime:0.000614s ]
INFO: [ app_begin ] --END-- [ RunTime:0.000732s ]
NOTIC: [8] A session had already been started - ignoring session_start() D:\wamp\wamp64\www\jiiMade\Application\Admin\Controller\BaseController.class.php 第 9 行.
INFO: [ view_parse ] --START--
INFO: [ template_filter ] --START--
INFO: Run Behavior\ContentReplaceBehavior [ RunTime:0.000122s ]
INFO: [ template_filter ] --END-- [ RunTime:0.000256s ]
INFO: Run Behavior\ParseTemplateBehavior [ RunTime:0.012007s ]
INFO: [ view_parse ] --END-- [ RunTime:0.012138s ]
INFO: [ view_filter ] --START--
INFO: Run Behavior\WriteHtmlCacheBehavior [ RunTime:0.000451s ]
INFO: [ view_filter ] --END-- [ RunTime:0.000561s ]
INFO: [ app_end ] --START--
INFO: Run Behavior\ShowPageTraceBehavior [ RunTime:0.000751s ]
INFO: [ app_end ] --END-- [ RunTime:0.000891s ]

[ 2018-04-25T14:08:01+08:00 ] ::1 /jiimade/index.php/Admin/Goods/lst.html
INFO: [ app_init ] --START--
INFO: Run Behavior\BuildLiteBehavior [ RunTime:0.000023s ]
INFO: [ app_init ] --END-- [ RunTime:0.000473s ]
INFO: [ app_begin ] --START--
INFO: Run Behavior\ReadHtmlCacheBehavior [ RunTime:0.000595s ]
INFO: [ app_begin ] --END-- [ RunTime:0.000710s ]
NOTIC: [8] A session had already been started - ignoring session_start() D:\wamp\wamp64\www\jiiMade\Application\Admin\Controller\BaseController.class.php 第 9 行.
SQL: SHOW COLUMNS FROM `made_goods` [ RunTime:0.0009s ]
SQL: SELECT COUNT(*) AS tp_count FROM `made_goods` LIMIT 1   [ RunTime:0.0003s ]
SQL: SELECT a.*,c.name as cat_name FROM made_goods a LEFT JOIN made_category c ON a.cat_id=c.id  ORDER BY order_id asc LIMIT 0,15   [ RunTime:0.0005s ]
INFO: [ view_parse ] --START--
INFO: [ template_filter ] --START--
INFO: Run Behavior\ContentReplaceBehavior [ RunTime:0.000097s ]
INFO: [ template_filter ] --END-- [ RunTime:0.000233s ]
NOTIC: [8] Undefined variable: cat_list D:\wamp\wamp64\www\jiiMade\Application\Runtime\Cache\Admin\12cf6a5c74297688873998de0720405d.php 第 26 行.
INFO: Run Behavior\ParseTemplateBehavior [ RunTime:0.013219s ]
INFO: [ view_parse ] --END-- [ RunTime:0.013354s ]
INFO: [ view_filter ] --START--
INFO: Run Behavior\WriteHtmlCacheBehavior [ RunTime:0.000429s ]
INFO: [ view_filter ] --END-- [ RunTime:0.000554s ]
INFO: [ app_end ] --START--
INFO: Run Behavior\ShowPageTraceBehavior [ RunTime:0.000507s ]
INFO: [ app_end ] --END-- [ RunTime:0.000623s ]

[ 2018-04-25T14:08:03+08:00 ] ::1 /jiimade/index.php/Admin/Goods/add.html
INFO: [ app_init ] --START--
INFO: Run Behavior\BuildLiteBehavior [ RunTime:0.000024s ]
INFO: [ app_init ] --END-- [ RunTime:0.000485s ]
INFO: [ app_begin ] --START--
INFO: Run Behavior\ReadHtmlCacheBehavior [ RunTime:0.000597s ]
INFO: [ app_begin ] --END-- [ RunTime:0.000711s ]
NOTIC: [8] A session had already been started - ignoring session_start() D:\wamp\wamp64\www\jiiMade\Application\Admin\Controller\BaseController.class.php 第 9 行.
SQL: SHOW COLUMNS FROM `made_category` [ RunTime:0.0005s ]
SQL: SELECT * FROM `made_category` ORDER BY order_id asc  [ RunTime:0.0003s ]
INFO: [ view_parse ] --START--
INFO: [ template_filter ] --START--
INFO: Run Behavior\ContentReplaceBehavior [ RunTime:0.000130s ]
INFO: [ template_filter ] --END-- [ RunTime:0.000246s ]
SQL: SHOW COLUMNS FROM `made_type` [ RunTime:0.0005s ]
SQL: SELECT `id`,`type_name` FROM `made_type`  [ RunTime:0.0002s ]
INFO: Run Behavior\ParseTemplateBehavior [ RunTime:0.012992s ]
INFO: [ view_parse ] --END-- [ RunTime:0.013105s ]
INFO: [ view_filter ] --START--
INFO: Run Behavior\WriteHtmlCacheBehavior [ RunTime:0.000436s ]
INFO: [ view_filter ] --END-- [ RunTime:0.000545s ]
INFO: [ app_end ] --START--
INFO: Run Behavior\ShowPageTraceBehavior [ RunTime:0.000590s ]
INFO: [ app_end ] --END-- [ RunTime:0.000704s ]

[ 2018-04-25T14:08:23+08:00 ] ::1 /jiimade/index.php/Admin/Goods/add.html
INFO: [ app_init ] --START--
INFO: Run Behavior\BuildLiteBehavior [ RunTime:0.000024s ]
INFO: [ app_init ] --END-- [ RunTime:0.000506s ]
INFO: [ app_begin ] --START--
INFO: Run Behavior\ReadHtmlCacheBehavior [ RunTime:0.000594s ]
INFO: [ app_begin ] --END-- [ RunTime:0.000707s ]
NOTIC: [8] A session had already been started - ignoring session_start() D:\wamp\wamp64\www\jiiMade\Application\Admin\Controller\BaseController.class.php 第 9 行.
SQL: SHOW COLUMNS FROM `made_goods` [ RunTime:0.0005s ]
NOTIC: [8] Undefined index: validate D:\wamp\wamp64\www\jiiMade\ThinkPHP\Library\Think\Model.class.php 第 1185 行.
NOTIC: [8] Undefined index: auto D:\wamp\wamp64\www\jiiMade\ThinkPHP\Library\Think\Model.class.php 第 1128 行.
SQL: INSERT INTO `made_goods` (`goods_name`,`cat_id`,`is_on_sale`,`tag`,`type_id`,`add_time`) VALUES ('测试','3','1','','0','1524636503') [ RunTime:0.0013s ]
SQL: SHOW COLUMNS FROM `made_goods_attr` [ RunTime:0.0006s ]
NOTIC: [2] Invalid argument supplied for foreach() D:\wamp\wamp64\www\jiiMade\Application\Admin\Model\GoodsModel.class.php 第 33 行.
SQL: SHOW COLUMNS FROM `made_goods_cat` [ RunTime:0.0013s ]
SQL: SHOW COLUMNS FROM `made_goods_desc` [ RunTime:0.0007s ]
INFO: [ view_parse ] --START--
INFO: [ template_filter ] --START--
INFO: Run Behavior\ContentReplaceBehavior [ RunTime:0.000069s ]
INFO: [ template_filter ] --END-- [ RunTime:0.000190s ]
INFO: Run Behavior\ParseTemplateBehavior [ RunTime:0.008412s ]
INFO: [ view_parse ] --END-- [ RunTime:0.008744s ]
INFO: [ view_filter ] --START--
INFO: Run Behavior\WriteHtmlCacheBehavior [ RunTime:0.000675s ]
INFO: [ view_filter ] --END-- [ RunTime:0.000877s ]

[ 2018-04-25T14:08:24+08:00 ] ::1 /jiimade/index.php/Admin/Goods/lst.html
INFO: [ app_init ] --START--
INFO: Run Behavior\BuildLiteBehavior [ RunTime:0.000061s ]
INFO: [ app_init ] --END-- [ RunTime:0.001168s ]
INFO: [ app_begin ] --START--
INFO: Run Behavior\ReadHtmlCacheBehavior [ RunTime:0.001167s ]
INFO: [ app_begin ] --END-- [ RunTime:0.001419s ]
NOTIC: [8] A session had already been started - ignoring session_start() D:\wamp\wamp64\www\jiiMade\Application\Admin\Controller\BaseController.class.php 第 9 行.
SQL: SHOW COLUMNS FROM `made_goods` [ RunTime:0.0009s ]
SQL: SELECT COUNT(*) AS tp_count FROM `made_goods` LIMIT 1   [ RunTime:0.0002s ]
SQL: SELECT a.*,c.name as cat_name FROM made_goods a LEFT JOIN made_category c ON a.cat_id=c.id  ORDER BY order_id asc LIMIT 0,15   [ RunTime:0.0006s ]
INFO: [ view_parse ] --START--
INFO: [ template_filter ] --START--
INFO: Run Behavior\ContentReplaceBehavior [ RunTime:0.000092s ]
INFO: [ template_filter ] --END-- [ RunTime:0.000212s ]
NOTIC: [8] Undefined variable: cat_list D:\wamp\wamp64\www\jiiMade\Application\Runtime\Cache\Admin\12cf6a5c74297688873998de0720405d.php 第 26 行.
INFO: Run Behavior\ParseTemplateBehavior [ RunTime:0.012724s ]
INFO: [ view_parse ] --END-- [ RunTime:0.012849s ]
INFO: [ view_filter ] --START--
INFO: Run Behavior\WriteHtmlCacheBehavior [ RunTime:0.000445s ]
INFO: [ view_filter ] --END-- [ RunTime:0.000548s ]
INFO: [ app_end ] --START--
INFO: Run Behavior\ShowPageTraceBehavior [ RunTime:0.000583s ]
INFO: [ app_end ] --END-- [ RunTime:0.000692s ]

[ 2018-04-25T14:08:27+08:00 ] ::1 /jiimade/index.php/Admin/Goods/goods_number/id/5.html
INFO: [ app_init ] --START--
INFO: Run Behavior\BuildLiteBehavior [ RunTime:0.000023s ]
INFO: [ app_init ] --END-- [ RunTime:0.000484s ]
INFO: [ app_begin ] --START--
INFO: Run Behavior\ReadHtmlCacheBehavior [ RunTime:0.000580s ]
INFO: [ app_begin ] --END-- [ RunTime:0.000693s ]
NOTIC: [8] A session had already been started - ignoring session_start() D:\wamp\wamp64\www\jiiMade\Application\Admin\Controller\BaseController.class.php 第 9 行.
SQL: SHOW COLUMNS FROM `made_goods_number` [ RunTime:0.0005s ]
SQL: SHOW COLUMNS FROM `made_goods_attr` [ RunTime:0.0004s ]
SQL: SELECT a.*,b.attr_name,b.attr_type,b.attr_option_values,b.type_id FROM made_goods_attr a LEFT JOIN made_attribute b ON a.attr_id=b.id  WHERE a.goods_id = '5' AND b.attr_type IN (2,3)  [ RunTime:0.0003s ]
SQL: SHOW COLUMNS FROM `made_color` [ RunTime:0.0004s ]
SQL: SELECT * FROM `made_goods_number` WHERE `goods_id` = '5'  [ RunTime:0.0002s ]
NOTIC: [8] Undefined variable: glData D:\wamp\wamp64\www\jiiMade\Application\Admin\Controller\GoodsController.class.php 第 306 行.
INFO: [ view_parse ] --START--
INFO: [ template_filter ] --START--
INFO: Run Behavior\ContentReplaceBehavior [ RunTime:0.000108s ]
INFO: [ template_filter ] --END-- [ RunTime:0.000233s ]
NOTIC: [8] Undefined variable: gaData D:\wamp\wamp64\www\jiiMade\Application\Runtime\Cache\Admin\2748f9ade8e602b7f92c24038866ded6.php 第 22 行.
NOTIC: [2] Invalid argument supplied for foreach() D:\wamp\wamp64\www\jiiMade\Application\Runtime\Cache\Admin\2748f9ade8e602b7f92c24038866ded6.php 第 22 行.
NOTIC: [8] Undefined variable: gaData D:\wamp\wamp64\www\jiiMade\Application\Runtime\Cache\Admin\2748f9ade8e602b7f92c24038866ded6.php 第 22 行.
NOTIC: [2] Invalid argument supplied for foreach() D:\wamp\wamp64\www\jiiMade\Application\Runtime\Cache\Admin\2748f9ade8e602b7f92c24038866ded6.php 第 22 行.
NOTIC: [2] Invalid argument supplied for foreach() D:\wamp\wamp64\www\jiiMade\Application\Runtime\Cache\Admin\2748f9ade8e602b7f92c24038866ded6.php 第 26 行.
NOTIC: [2] Invalid argument supplied for foreach() D:\wamp\wamp64\www\jiiMade\Application\Runtime\Cache\Admin\2748f9ade8e602b7f92c24038866ded6.php 第 45 行.
INFO: Run Behavior\ParseTemplateBehavior [ RunTime:0.011656s ]
INFO: [ view_parse ] --END-- [ RunTime:0.011776s ]
INFO: [ view_filter ] --START--
INFO: Run Behavior\WriteHtmlCacheBehavior [ RunTime:0.000349s ]
INFO: [ view_filter ] --END-- [ RunTime:0.000471s ]
INFO: [ app_end ] --START--
INFO: Run Behavior\ShowPageTraceBehavior [ RunTime:0.000564s ]
INFO: [ app_end ] --END-- [ RunTime:0.000671s ]

[ 2018-04-25T14:09:18+08:00 ] ::1 /jiimade/index.php/Admin/Goods/goods_number/id/5.html
INFO: [ app_init ] --START--
INFO: Run Behavior\BuildLiteBehavior [ RunTime:0.000023s ]
INFO: [ app_init ] --END-- [ RunTime:0.000475s ]
INFO: [ app_begin ] --START--
INFO: Run Behavior\ReadHtmlCacheBehavior [ RunTime:0.000588s ]
INFO: [ app_begin ] --END-- [ RunTime:0.000722s ]
NOTIC: [8] A session had already been started - ignoring session_start() D:\wamp\wamp64\www\jiiMade\Application\Admin\Controller\BaseController.class.php 第 9 行.
SQL: SHOW COLUMNS FROM `made_goods_number` [ RunTime:0.0005s ]
SQL: SHOW COLUMNS FROM `made_goods_attr` [ RunTime:0.0004s ]
SQL: SELECT a.*,b.attr_name,b.attr_type,b.attr_option_values,b.type_id FROM made_goods_attr a LEFT JOIN made_attribute b ON a.attr_id=b.id  WHERE a.goods_id = '5' AND b.attr_type IN (2,3)  [ RunTime:0.0003s ]
SQL: SHOW COLUMNS FROM `made_color` [ RunTime:0.0004s ]
SQL: INSERT INTO `made_goods_number` (`goods_id`,`goods_attr_id`,`goods_number`,`goods_price`,`discount_price`,`img_src`) VALUES ('5','0','15','1','0','http://p5koaz6je.bkt.clouddn.com/jiimade/view/images/goodsNumImg/2018/04/25/27098轮播图2.jpg?') [ RunTime:0.0026s ]
SQL: SELECT * FROM `made_goods_number` WHERE `goods_id` = '5'  [ RunTime:0.0006s ]
NOTIC: [8] Undefined variable: glData D:\wamp\wamp64\www\jiiMade\Application\Admin\Controller\GoodsController.class.php 第 306 行.
INFO: [ view_parse ] --START--
INFO: [ template_filter ] --START--
INFO: Run Behavior\ContentReplaceBehavior [ RunTime:0.000211s ]
INFO: [ template_filter ] --END-- [ RunTime:0.000462s ]
NOTIC: [8] Undefined variable: gaData D:\wamp\wamp64\www\jiiMade\Application\Runtime\Cache\Admin\2748f9ade8e602b7f92c24038866ded6.php 第 22 行.
NOTIC: [2] Invalid argument supplied for foreach() D:\wamp\wamp64\www\jiiMade\Application\Runtime\Cache\Admin\2748f9ade8e602b7f92c24038866ded6.php 第 22 行.
NOTIC: [8] Undefined variable: gaData D:\wamp\wamp64\www\jiiMade\Application\Runtime\Cache\Admin\2748f9ade8e602b7f92c24038866ded6.php 第 22 行.
NOTIC: [2] Invalid argument supplied for foreach() D:\wamp\wamp64\www\jiiMade\Application\Runtime\Cache\Admin\2748f9ade8e602b7f92c24038866ded6.php 第 22 行.
NOTIC: [2] Invalid argument supplied for foreach() D:\wamp\wamp64\www\jiiMade\Application\Runtime\Cache\Admin\2748f9ade8e602b7f92c24038866ded6.php 第 26 行.
NOTIC: [2] Invalid argument supplied for foreach() D:\wamp\wamp64\www\jiiMade\Application\Runtime\Cache\Admin\2748f9ade8e602b7f92c24038866ded6.php 第 45 行.
NOTIC: [2] Invalid argument supplied for foreach() D:\wamp\wamp64\www\jiiMade\Application\Runtime\Cache\Admin\2748f9ade8e602b7f92c24038866ded6.php 第 71 行.
INFO: Run Behavior\ParseTemplateBehavior [ RunTime:0.022771s ]
INFO: [ view_parse ] --END-- [ RunTime:0.022998s ]
INFO: [ view_filter ] --START--
INFO: Run Behavior\WriteHtmlCacheBehavior [ RunTime:0.000642s ]
INFO: [ view_filter ] --END-- [ RunTime:0.000864s ]
INFO: [ app_end ] --START--
INFO: Run Behavior\ShowPageTraceBehavior [ RunTime:0.001127s ]
INFO: [ app_end ] --END-- [ RunTime:0.001344s ]

[ 2018-04-25T15:18:56+08:00 ] ::1 /jiimade/index.php/Admin/Goods/lst.html
INFO: [ app_init ] --START--
INFO: Run Behavior\BuildLiteBehavior [ RunTime:0.000026s ]
INFO: [ app_init ] --END-- [ RunTime:0.000525s ]
INFO: [ app_begin ] --START--
INFO: Run Behavior\ReadHtmlCacheBehavior [ RunTime:0.000603s ]
INFO: [ app_begin ] --END-- [ RunTime:0.000737s ]
NOTIC: [8] A session had already been started - ignoring session_start() D:\wamp\wamp64\www\jiiMade\Application\Admin\Controller\BaseController.class.php 第 9 行.
SQL: SHOW COLUMNS FROM `made_goods` [ RunTime:0.0005s ]
SQL: SELECT COUNT(*) AS tp_count FROM `made_goods` LIMIT 1   [ RunTime:0.0002s ]
SQL: SELECT a.*,c.name as cat_name FROM made_goods a LEFT JOIN made_category c ON a.cat_id=c.id  ORDER BY order_id asc LIMIT 0,15   [ RunTime:0.0006s ]
INFO: [ view_parse ] --START--
INFO: [ template_filter ] --START--
INFO: Run Behavior\ContentReplaceBehavior [ RunTime:0.000203s ]
INFO: [ template_filter ] --END-- [ RunTime:0.000462s ]
NOTIC: [8] Undefined variable: cat_list D:\wamp\wamp64\www\jiiMade\Application\Runtime\Cache\Admin\12cf6a5c74297688873998de0720405d.php 第 26 行.
INFO: Run Behavior\ParseTemplateBehavior [ RunTime:0.021697s ]
INFO: [ view_parse ] --END-- [ RunTime:0.021929s ]
INFO: [ view_filter ] --START--
INFO: Run Behavior\WriteHtmlCacheBehavior [ RunTime:0.001092s ]
INFO: [ view_filter ] --END-- [ RunTime:0.001372s ]
INFO: [ app_end ] --START--
INFO: Run Behavior\ShowPageTraceBehavior [ RunTime:0.000928s ]
INFO: [ app_end ] --END-- [ RunTime:0.001118s ]

[ 2018-04-25T15:18:57+08:00 ] ::1 /jiimade/index.php/Admin/Goods/goods_number/id/5.html
INFO: [ app_init ] --START--
INFO: Run Behavior\BuildLiteBehavior [ RunTime:0.000023s ]
INFO: [ app_init ] --END-- [ RunTime:0.000486s ]
INFO: [ app_begin ] --START--
INFO: Run Behavior\ReadHtmlCacheBehavior [ RunTime:0.000582s ]
INFO: [ app_begin ] --END-- [ RunTime:0.000714s ]
NOTIC: [8] A session had already been started - ignoring session_start() D:\wamp\wamp64\www\jiiMade\Application\Admin\Controller\BaseController.class.php 第 9 行.
SQL: SHOW COLUMNS FROM `made_goods_number` [ RunTime:0.0005s ]
SQL: SHOW COLUMNS FROM `made_goods_attr` [ RunTime:0.0005s ]
SQL: SELECT a.*,b.attr_name,b.attr_type,b.attr_option_values,b.type_id FROM made_goods_attr a LEFT JOIN made_attribute b ON a.attr_id=b.id  WHERE a.goods_id = '5' AND b.attr_type IN (2,3)  [ RunTime:0.0004s ]
SQL: SHOW COLUMNS FROM `made_color` [ RunTime:0.0005s ]
SQL: SELECT * FROM `made_goods_number` WHERE `goods_id` = '5'  [ RunTime:0.0003s ]
NOTIC: [8] Undefined variable: glData D:\wamp\wamp64\www\jiiMade\Application\Admin\Controller\GoodsController.class.php 第 306 行.
INFO: [ view_parse ] --START--
INFO: [ template_filter ] --START--
INFO: Run Behavior\ContentReplaceBehavior [ RunTime:0.000114s ]
INFO: [ template_filter ] --END-- [ RunTime:0.000245s ]
NOTIC: [8] Undefined variable: gaData D:\wamp\wamp64\www\jiiMade\Application\Runtime\Cache\Admin\2748f9ade8e602b7f92c24038866ded6.php 第 22 行.
NOTIC: [2] Invalid argument supplied for foreach() D:\wamp\wamp64\www\jiiMade\Application\Runtime\Cache\Admin\2748f9ade8e602b7f92c24038866ded6.php 第 22 行.
NOTIC: [8] Undefined variable: gaData D:\wamp\wamp64\www\jiiMade\Application\Runtime\Cache\Admin\2748f9ade8e602b7f92c24038866ded6.php 第 22 行.
NOTIC: [2] Invalid argument supplied for foreach() D:\wamp\wamp64\www\jiiMade\Application\Runtime\Cache\Admin\2748f9ade8e602b7f92c24038866ded6.php 第 22 行.
NOTIC: [2] Invalid argument supplied for foreach() D:\wamp\wamp64\www\jiiMade\Application\Runtime\Cache\Admin\2748f9ade8e602b7f92c24038866ded6.php 第 26 行.
NOTIC: [2] Invalid argument supplied for foreach() D:\wamp\wamp64\www\jiiMade\Application\Runtime\Cache\Admin\2748f9ade8e602b7f92c24038866ded6.php 第 45 行.
NOTIC: [2] Invalid argument supplied for foreach() D:\wamp\wamp64\www\jiiMade\Application\Runtime\Cache\Admin\2748f9ade8e602b7f92c24038866ded6.php 第 71 行.
INFO: Run Behavior\ParseTemplateBehavior [ RunTime:0.011830s ]
INFO: [ view_parse ] --END-- [ RunTime:0.011967s ]
INFO: [ view_filter ] --START--
INFO: Run Behavior\WriteHtmlCacheBehavior [ RunTime:0.000438s ]
INFO: [ view_filter ] --END-- [ RunTime:0.000565s ]
INFO: [ app_end ] --START--
INFO: Run Behavior\ShowPageTraceBehavior [ RunTime:0.000514s ]
INFO: [ app_end ] --END-- [ RunTime:0.000619s ]

[ 2018-04-25T15:20:02+08:00 ] ::1 /jiimade/index.php/Admin/Goods/lst.html
INFO: [ app_init ] --START--
INFO: Run Behavior\BuildLiteBehavior [ RunTime:0.000024s ]
INFO: [ app_init ] --END-- [ RunTime:0.000501s ]
INFO: [ app_begin ] --START--
INFO: Run Behavior\ReadHtmlCacheBehavior [ RunTime:0.000615s ]
INFO: [ app_begin ] --END-- [ RunTime:0.000753s ]
NOTIC: [8] A session had already been started - ignoring session_start() D:\wamp\wamp64\www\jiiMade\Application\Admin\Controller\BaseController.class.php 第 9 行.
SQL: SHOW COLUMNS FROM `made_goods` [ RunTime:0.0005s ]
SQL: SELECT COUNT(*) AS tp_count FROM `made_goods` LIMIT 1   [ RunTime:0.0002s ]
SQL: SELECT a.*,c.name as cat_name FROM made_goods a LEFT JOIN made_category c ON a.cat_id=c.id  ORDER BY order_id asc LIMIT 0,15   [ RunTime:0.0004s ]
INFO: [ view_parse ] --START--
INFO: [ template_filter ] --START--
INFO: Run Behavior\ContentReplaceBehavior [ RunTime:0.000099s ]
INFO: [ template_filter ] --END-- [ RunTime:0.000240s ]
NOTIC: [8] Undefined variable: cat_list D:\wamp\wamp64\www\jiiMade\Application\Runtime\Cache\Admin\12cf6a5c74297688873998de0720405d.php 第 26 行.
INFO: Run Behavior\ParseTemplateBehavior [ RunTime:0.012507s ]
INFO: [ view_parse ] --END-- [ RunTime:0.012621s ]
INFO: [ view_filter ] --START--
INFO: Run Behavior\WriteHtmlCacheBehavior [ RunTime:0.000425s ]
INFO: [ view_filter ] --END-- [ RunTime:0.000529s ]
INFO: [ app_end ] --START--
INFO: Run Behavior\ShowPageTraceBehavior [ RunTime:0.000521s ]
INFO: [ app_end ] --END-- [ RunTime:0.000650s ]

[ 2018-04-25T15:20:03+08:00 ] ::1 /jiimade/index.php/Admin/Goods/goods_number/id/5.html
INFO: [ app_init ] --START--
INFO: Run Behavior\BuildLiteBehavior [ RunTime:0.000027s ]
INFO: [ app_init ] --END-- [ RunTime:0.000527s ]
INFO: [ app_begin ] --START--
INFO: Run Behavior\ReadHtmlCacheBehavior [ RunTime:0.000768s ]
INFO: [ app_begin ] --END-- [ RunTime:0.000904s ]
NOTIC: [8] A session had already been started - ignoring session_start() D:\wamp\wamp64\www\jiiMade\Application\Admin\Controller\BaseController.class.php 第 9 行.
SQL: SHOW COLUMNS FROM `made_goods_number` [ RunTime:0.0005s ]
SQL: SHOW COLUMNS FROM `made_goods_attr` [ RunTime:0.0007s ]
SQL: SELECT a.*,b.attr_name,b.attr_type,b.attr_option_values,b.type_id FROM made_goods_attr a LEFT JOIN made_attribute b ON a.attr_id=b.id  WHERE a.goods_id = '5' AND b.attr_type IN (2,3)  [ RunTime:0.0003s ]
SQL: SHOW COLUMNS FROM `made_color` [ RunTime:0.0005s ]
SQL: SELECT * FROM `made_goods_number` WHERE `goods_id` = '5'  [ RunTime:0.0003s ]
NOTIC: [8] Undefined variable: glData D:\wamp\wamp64\www\jiiMade\Application\Admin\Controller\GoodsController.class.php 第 306 行.
INFO: [ view_parse ] --START--
INFO: [ template_filter ] --START--
INFO: Run Behavior\ContentReplaceBehavior [ RunTime:0.000114s ]
INFO: [ template_filter ] --END-- [ RunTime:0.000238s ]
NOTIC: [8] Undefined variable: gaData D:\wamp\wamp64\www\jiiMade\Application\Runtime\Cache\Admin\2748f9ade8e602b7f92c24038866ded6.php 第 22 行.
NOTIC: [2] Invalid argument supplied for foreach() D:\wamp\wamp64\www\jiiMade\Application\Runtime\Cache\Admin\2748f9ade8e602b7f92c24038866ded6.php 第 22 行.
NOTIC: [8] Undefined variable: gaData D:\wamp\wamp64\www\jiiMade\Application\Runtime\Cache\Admin\2748f9ade8e602b7f92c24038866ded6.php 第 22 行.
NOTIC: [2] Invalid argument supplied for foreach() D:\wamp\wamp64\www\jiiMade\Application\Runtime\Cache\Admin\2748f9ade8e602b7f92c24038866ded6.php 第 22 行.
NOTIC: [2] Invalid argument supplied for foreach() D:\wamp\wamp64\www\jiiMade\Application\Runtime\Cache\Admin\2748f9ade8e602b7f92c24038866ded6.php 第 26 行.
NOTIC: [2] Invalid argument supplied for foreach() D:\wamp\wamp64\www\jiiMade\Application\Runtime\Cache\Admin\2748f9ade8e602b7f92c24038866ded6.php 第 45 行.
NOTIC: [2] Invalid argument supplied for foreach() D:\wamp\wamp64\www\jiiMade\Application\Runtime\Cache\Admin\2748f9ade8e602b7f92c24038866ded6.php 第 71 行.
INFO: Run Behavior\ParseTemplateBehavior [ RunTime:0.011378s ]
INFO: [ view_parse ] --END-- [ RunTime:0.011495s ]
INFO: [ view_filter ] --START--
INFO: Run Behavior\WriteHtmlCacheBehavior [ RunTime:0.000496s ]
INFO: [ view_filter ] --END-- [ RunTime:0.000610s ]
INFO: [ app_end ] --START--
INFO: Run Behavior\ShowPageTraceBehavior [ RunTime:0.000519s ]
INFO: [ app_end ] --END-- [ RunTime:0.000654s ]

[ 2018-04-25T15:23:31+08:00 ] ::1 /jiimade/index.php/Admin/Goods/lst.html
INFO: [ app_init ] --START--
INFO: Run Behavior\BuildLiteBehavior [ RunTime:0.000023s ]
INFO: [ app_init ] --END-- [ RunTime:0.000494s ]
INFO: [ app_begin ] --START--
INFO: Run Behavior\ReadHtmlCacheBehavior [ RunTime:0.000611s ]
INFO: [ app_begin ] --END-- [ RunTime:0.000747s ]
NOTIC: [8] A session had already been started - ignoring session_start() D:\wamp\wamp64\www\jiiMade\Application\Admin\Controller\BaseController.class.php 第 9 行.
SQL: SHOW COLUMNS FROM `made_goods` [ RunTime:0.0009s ]
SQL: SELECT COUNT(*) AS tp_count FROM `made_goods` LIMIT 1   [ RunTime:0.0004s ]
SQL: SELECT a.*,c.name as cat_name FROM made_goods a LEFT JOIN made_category c ON a.cat_id=c.id  ORDER BY order_id asc LIMIT 0,15   [ RunTime:0.0007s ]
INFO: [ view_parse ] --START--
INFO: [ template_filter ] --START--
INFO: Run Behavior\ContentReplaceBehavior [ RunTime:0.000207s ]
INFO: [ template_filter ] --END-- [ RunTime:0.000478s ]
NOTIC: [8] Undefined variable: cat_list D:\wamp\wamp64\www\jiiMade\Application\Runtime\Cache\Admin\12cf6a5c74297688873998de0720405d.php 第 26 行.
INFO: Run Behavior\ParseTemplateBehavior [ RunTime:0.024066s ]
INFO: [ view_parse ] --END-- [ RunTime:0.024277s ]
INFO: [ view_filter ] --START--
INFO: Run Behavior\WriteHtmlCacheBehavior [ RunTime:0.000476s ]
INFO: [ view_filter ] --END-- [ RunTime:0.000597s ]
INFO: [ app_end ] --START--
INFO: Run Behavior\ShowPageTraceBehavior [ RunTime:0.000602s ]
INFO: [ app_end ] --END-- [ RunTime:0.000749s ]

[ 2018-04-25T15:23:32+08:00 ] ::1 /jiimade/index.php/Admin/Goods/goods_number/id/5.html
INFO: [ app_init ] --START--
INFO: Run Behavior\BuildLiteBehavior [ RunTime:0.000023s ]
INFO: [ app_init ] --END-- [ RunTime:0.000502s ]
INFO: [ app_begin ] --START--
INFO: Run Behavior\ReadHtmlCacheBehavior [ RunTime:0.000623s ]
INFO: [ app_begin ] --END-- [ RunTime:0.000756s ]
NOTIC: [8] A session had already been started - ignoring session_start() D:\wamp\wamp64\www\jiiMade\Application\Admin\Controller\BaseController.class.php 第 9 行.
SQL: SHOW COLUMNS FROM `made_goods_number` [ RunTime:0.0005s ]
SQL: SHOW COLUMNS FROM `made_goods_attr` [ RunTime:0.0007s ]
SQL: SELECT a.*,b.attr_name,b.attr_type,b.attr_option_values,b.type_id FROM made_goods_attr a LEFT JOIN made_attribute b ON a.attr_id=b.id  WHERE a.goods_id = '5' AND b.attr_type IN (2,3)  [ RunTime:0.0003s ]
SQL: SHOW COLUMNS FROM `made_color` [ RunTime:0.0005s ]
SQL: SELECT * FROM `made_goods_number` WHERE `goods_id` = '5'  [ RunTime:0.0002s ]
NOTIC: [8] Undefined variable: glData D:\wamp\wamp64\www\jiiMade\Application\Admin\Controller\GoodsController.class.php 第 306 行.
INFO: [ view_parse ] --START--
INFO: [ template_filter ] --START--
INFO: Run Behavior\ContentReplaceBehavior [ RunTime:0.000110s ]
INFO: [ template_filter ] --END-- [ RunTime:0.000235s ]
NOTIC: [8] Undefined variable: gaData D:\wamp\wamp64\www\jiiMade\Application\Runtime\Cache\Admin\2748f9ade8e602b7f92c24038866ded6.php 第 22 行.
NOTIC: [2] Invalid argument supplied for foreach() D:\wamp\wamp64\www\jiiMade\Application\Runtime\Cache\Admin\2748f9ade8e602b7f92c24038866ded6.php 第 22 行.
NOTIC: [8] Undefined variable: gaData D:\wamp\wamp64\www\jiiMade\Application\Runtime\Cache\Admin\2748f9ade8e602b7f92c24038866ded6.php 第 22 行.
NOTIC: [2] Invalid argument supplied for foreach() D:\wamp\wamp64\www\jiiMade\Application\Runtime\Cache\Admin\2748f9ade8e602b7f92c24038866ded6.php 第 22 行.
NOTIC: [2] Invalid argument supplied for foreach() D:\wamp\wamp64\www\jiiMade\Application\Runtime\Cache\Admin\2748f9ade8e602b7f92c24038866ded6.php 第 26 行.
NOTIC: [2] Invalid argument supplied for foreach() D:\wamp\wamp64\www\jiiMade\Application\Runtime\Cache\Admin\2748f9ade8e602b7f92c24038866ded6.php 第 45 行.
NOTIC: [2] Invalid argument supplied for foreach() D:\wamp\wamp64\www\jiiMade\Application\Runtime\Cache\Admin\2748f9ade8e602b7f92c24038866ded6.php 第 71 行.
INFO: Run Behavior\ParseTemplateBehavior [ RunTime:0.011297s ]
INFO: [ view_parse ] --END-- [ RunTime:0.011415s ]
INFO: [ view_filter ] --START--
INFO: Run Behavior\WriteHtmlCacheBehavior [ RunTime:0.000515s ]
INFO: [ view_filter ] --END-- [ RunTime:0.000624s ]
INFO: [ app_end ] --START--
INFO: Run Behavior\ShowPageTraceBehavior [ RunTime:0.000549s ]
INFO: [ app_end ] --END-- [ RunTime:0.000677s ]

[ 2018-04-25T15:35:36+08:00 ] ::1 /jiimade/index.php/Admin/Goods/lst.html
INFO: [ app_init ] --START--
INFO: Run Behavior\BuildLiteBehavior [ RunTime:0.000023s ]
INFO: [ app_init ] --END-- [ RunTime:0.000511s ]
INFO: [ app_begin ] --START--
INFO: Run Behavior\ReadHtmlCacheBehavior [ RunTime:0.000677s ]
INFO: [ app_begin ] --END-- [ RunTime:0.000810s ]
NOTIC: [8] A session had already been started - ignoring session_start() D:\wamp\wamp64\www\jiiMade\Application\Admin\Controller\BaseController.class.php 第 9 行.
SQL: SHOW COLUMNS FROM `made_goods` [ RunTime:0.0007s ]
SQL: SELECT COUNT(*) AS tp_count FROM `made_goods` LIMIT 1   [ RunTime:0.0002s ]
SQL: SELECT a.*,c.name as cat_name FROM made_goods a LEFT JOIN made_category c ON a.cat_id=c.id  ORDER BY order_id asc LIMIT 0,15   [ RunTime:0.0004s ]
INFO: [ view_parse ] --START--
INFO: [ template_filter ] --START--
INFO: Run Behavior\ContentReplaceBehavior [ RunTime:0.000090s ]
INFO: [ template_filter ] --END-- [ RunTime:0.000207s ]
NOTIC: [8] Undefined variable: cat_list D:\wamp\wamp64\www\jiiMade\Application\Runtime\Cache\Admin\12cf6a5c74297688873998de0720405d.php 第 26 行.
INFO: Run Behavior\ParseTemplateBehavior [ RunTime:0.012034s ]
INFO: [ view_parse ] --END-- [ RunTime:0.012159s ]
INFO: [ view_filter ] --START--
INFO: Run Behavior\WriteHtmlCacheBehavior [ RunTime:0.000471s ]
INFO: [ view_filter ] --END-- [ RunTime:0.000576s ]
INFO: [ app_end ] --START--
INFO: Run Behavior\ShowPageTraceBehavior [ RunTime:0.000545s ]
INFO: [ app_end ] --END-- [ RunTime:0.000675s ]

[ 2018-04-25T15:35:38+08:00 ] ::1 /jiimade/index.php/Admin/Goods/goods_number/id/5.html
INFO: [ app_init ] --START--
INFO: Run Behavior\BuildLiteBehavior [ RunTime:0.000025s ]
INFO: [ app_init ] --END-- [ RunTime:0.000505s ]
INFO: [ app_begin ] --START--
INFO: Run Behavior\ReadHtmlCacheBehavior [ RunTime:0.000633s ]
INFO: [ app_begin ] --END-- [ RunTime:0.000774s ]
NOTIC: [8] A session had already been started - ignoring session_start() D:\wamp\wamp64\www\jiiMade\Application\Admin\Controller\BaseController.class.php 第 9 行.
SQL: SHOW COLUMNS FROM `made_goods_number` [ RunTime:0.0005s ]
SQL: SHOW COLUMNS FROM `made_goods_attr` [ RunTime:0.0005s ]
SQL: SELECT a.*,b.attr_name,b.attr_type,b.attr_option_values,b.type_id FROM made_goods_attr a LEFT JOIN made_attribute b ON a.attr_id=b.id  WHERE a.goods_id = '5' AND b.attr_type IN (2,3)  [ RunTime:0.0003s ]
SQL: SHOW COLUMNS FROM `made_color` [ RunTime:0.0004s ]
SQL: SELECT * FROM `made_goods_number` WHERE `goods_id` = '5'  [ RunTime:0.0004s ]
NOTIC: [8] Undefined variable: glData D:\wamp\wamp64\www\jiiMade\Application\Admin\Controller\GoodsController.class.php 第 306 行.
INFO: [ view_parse ] --START--
INFO: [ template_filter ] --START--
INFO: Run Behavior\ContentReplaceBehavior [ RunTime:0.000112s ]
INFO: [ template_filter ] --END-- [ RunTime:0.000237s ]
NOTIC: [8] Undefined variable: gaData D:\wamp\wamp64\www\jiiMade\Application\Runtime\Cache\Admin\2748f9ade8e602b7f92c24038866ded6.php 第 22 行.
NOTIC: [2] Invalid argument supplied for foreach() D:\wamp\wamp64\www\jiiMade\Application\Runtime\Cache\Admin\2748f9ade8e602b7f92c24038866ded6.php 第 22 行.
NOTIC: [8] Undefined variable: gaData D:\wamp\wamp64\www\jiiMade\Application\Runtime\Cache\Admin\2748f9ade8e602b7f92c24038866ded6.php 第 22 行.
NOTIC: [2] Invalid argument supplied for foreach() D:\wamp\wamp64\www\jiiMade\Application\Runtime\Cache\Admin\2748f9ade8e602b7f92c24038866ded6.php 第 22 行.
NOTIC: [2] Invalid argument supplied for foreach() D:\wamp\wamp64\www\jiiMade\Application\Runtime\Cache\Admin\2748f9ade8e602b7f92c24038866ded6.php 第 26 行.
NOTIC: [2] Invalid argument supplied for foreach() D:\wamp\wamp64\www\jiiMade\Application\Runtime\Cache\Admin\2748f9ade8e602b7f92c24038866ded6.php 第 45 行.
NOTIC: [2] Invalid argument supplied for foreach() D:\wamp\wamp64\www\jiiMade\Application\Runtime\Cache\Admin\2748f9ade8e602b7f92c24038866ded6.php 第 71 行.
INFO: Run Behavior\ParseTemplateBehavior [ RunTime:0.014467s ]
INFO: [ view_parse ] --END-- [ RunTime:0.014653s ]
INFO: [ view_filter ] --START--
INFO: Run Behavior\WriteHtmlCacheBehavior [ RunTime:0.000454s ]
INFO: [ view_filter ] --END-- [ RunTime:0.000559s ]
INFO: [ app_end ] --START--
INFO: Run Behavior\ShowPageTraceBehavior [ RunTime:0.000550s ]
INFO: [ app_end ] --END-- [ RunTime:0.000678s ]

[ 2018-04-25T15:49:16+08:00 ] ::1 /jiimade/index.php/Admin/Order/lst.html
INFO: [ app_init ] --START--
INFO: Run Behavior\BuildLiteBehavior [ RunTime:0.000024s ]
INFO: [ app_init ] --END-- [ RunTime:0.000516s ]
INFO: [ app_begin ] --START--
INFO: Run Behavior\ReadHtmlCacheBehavior [ RunTime:0.000608s ]
INFO: [ app_begin ] --END-- [ RunTime:0.000745s ]
ERR: 无法加载控制器:Order

[ 2018-04-25T15:49:19+08:00 ] ::1 /jiimade/index.php/Admin/Order/deli.html
INFO: [ app_init ] --START--
INFO: Run Behavior\BuildLiteBehavior [ RunTime:0.000024s ]
INFO: [ app_init ] --END-- [ RunTime:0.000515s ]
INFO: [ app_begin ] --START--
INFO: Run Behavior\ReadHtmlCacheBehavior [ RunTime:0.000609s ]
INFO: [ app_begin ] --END-- [ RunTime:0.000744s ]
ERR: 无法加载控制器:Order

[ 2018-04-25T15:49:20+08:00 ] ::1 /jiimade/index.php/Admin/index/back_list.html
INFO: [ app_init ] --START--
INFO: Run Behavior\BuildLiteBehavior [ RunTime:0.000023s ]
INFO: [ app_init ] --END-- [ RunTime:0.000516s ]
INFO: [ app_begin ] --START--
INFO: Run Behavior\ReadHtmlCacheBehavior [ RunTime:0.000608s ]
INFO: [ app_begin ] --END-- [ RunTime:0.000743s ]
NOTIC: [8] A session had already been started - ignoring session_start() D:\wamp\wamp64\www\jiiMade\Application\Admin\Controller\BaseController.class.php 第 9 行.
ERR: 非法操作:back_list

[ 2018-04-25T15:49:31+08:00 ] ::1 /jiimade/index.php/Admin/Order/lst.html
INFO: [ app_init ] --START--
INFO: Run Behavior\BuildLiteBehavior [ RunTime:0.000024s ]
INFO: [ app_init ] --END-- [ RunTime:0.000516s ]
INFO: [ app_begin ] --START--
INFO: Run Behavior\ReadHtmlCacheBehavior [ RunTime:0.000638s ]
INFO: [ app_begin ] --END-- [ RunTime:0.000774s ]
ERR: 无法加载控制器:Order

[ 2018-04-25T15:50:05+08:00 ] ::1 /jiimade/index.php/Admin/Order/lst.html
INFO: [ app_init ] --START--
INFO: Run Behavior\BuildLiteBehavior [ RunTime:0.000025s ]
INFO: [ app_init ] --END-- [ RunTime:0.000543s ]
INFO: [ app_begin ] --START--
INFO: Run Behavior\ReadHtmlCacheBehavior [ RunTime:0.000690s ]
INFO: [ app_begin ] --END-- [ RunTime:0.000836s ]
NOTIC: [8] A session had already been started - ignoring session_start() D:\wamp\wamp64\www\jiiMade\Application\Admin\Controller\BaseController.class.php 第 9 行.
SQL: SHOW COLUMNS FROM `made_order` [ RunTime:0.0006s ]
SQL: SELECT COUNT(*) AS tp_count FROM `made_order` LIMIT 1   [ RunTime:0.0002s ]
SQL: SELECT * FROM `made_order` ORDER BY add_time desc LIMIT 0,20   [ RunTime:0.0003s ]
INFO: [ view_parse ] --START--
INFO: [ template_filter ] --START--
INFO: Run Behavior\ContentReplaceBehavior [ RunTime:0.000082s ]
INFO: [ template_filter ] --END-- [ RunTime:0.000202s ]
NOTIC: [8] Undefined variable: btn_url D:\wamp\wamp64\www\jiiMade\Application\Runtime\Cache\Admin\6929b1ce86d5fcc660e84cb37a1b0795.php 第 12 行.
NOTIC: [8] Undefined variable: btn_name D:\wamp\wamp64\www\jiiMade\Application\Runtime\Cache\Admin\6929b1ce86d5fcc660e84cb37a1b0795.php 第 12 行.
NOTIC: [2] date() expects parameter 2 to be long, string given D:\wamp\wamp64\www\jiiMade\Application\Runtime\Cache\Admin\6929b1ce86d5fcc660e84cb37a1b0795.php 第 52 行.
INFO: Run Behavior\ParseTemplateBehavior [ RunTime:0.009737s ]
INFO: [ view_parse ] --END-- [ RunTime:0.009856s ]
INFO: [ view_filter ] --START--
INFO: Run Behavior\WriteHtmlCacheBehavior [ RunTime:0.000727s ]
INFO: [ view_filter ] --END-- [ RunTime:0.000938s ]
INFO: [ app_end ] --START--
INFO: Run Behavior\ShowPageTraceBehavior [ RunTime:0.001302s ]
INFO: [ app_end ] --END-- [ RunTime:0.001590s ]

[ 2018-04-25T15:50:08+08:00 ] ::1 /jiimade/index.php/Admin/Order/deli.html
INFO: [ app_init ] --START--
INFO: Run Behavior\BuildLiteBehavior [ RunTime:0.000025s ]
INFO: [ app_init ] --END-- [ RunTime:0.000507s ]
INFO: [ app_begin ] --START--
INFO: Run Behavior\ReadHtmlCacheBehavior [ RunTime:0.000606s ]
INFO: [ app_begin ] --END-- [ RunTime:0.000739s ]
NOTIC: [8] A session had already been started - ignoring session_start() D:\wamp\wamp64\www\jiiMade\Application\Admin\Controller\BaseController.class.php 第 9 行.
SQL: SHOW COLUMNS FROM `made_order` [ RunTime:0.0005s ]
SQL: SELECT COUNT(*) AS tp_count FROM `made_order` WHERE `status` = 2 LIMIT 1   [ RunTime:0.0002s ]
SQL: SELECT * FROM `made_order` WHERE `status` = 2 ORDER BY add_time desc LIMIT 0,20   [ RunTime:0.0003s ]
INFO: [ view_parse ] --START--
INFO: [ template_filter ] --START--
INFO: Run Behavior\ContentReplaceBehavior [ RunTime:0.000100s ]
INFO: [ template_filter ] --END-- [ RunTime:0.000226s ]
NOTIC: [8] Undefined variable: btn_url D:\wamp\wamp64\www\jiiMade\Application\Runtime\Cache\Admin\9157e67f05d84e9c725df4413ec9f99a.php 第 12 行.
NOTIC: [8] Undefined variable: btn_name D:\wamp\wamp64\www\jiiMade\Application\Runtime\Cache\Admin\9157e67f05d84e9c725df4413ec9f99a.php 第 12 行.
INFO: Run Behavior\ParseTemplateBehavior [ RunTime:0.009866s ]
INFO: [ view_parse ] --END-- [ RunTime:0.010010s ]
INFO: [ view_filter ] --START--
INFO: Run Behavior\WriteHtmlCacheBehavior [ RunTime:0.000494s ]
INFO: [ view_filter ] --END-- [ RunTime:0.000625s ]
INFO: [ app_end ] --START--
INFO: Run Behavior\ShowPageTraceBehavior [ RunTime:0.000531s ]
INFO: [ app_end ] --END-- [ RunTime:0.000661s ]

[ 2018-04-25T15:50:11+08:00 ] ::1 /jiimade/index.php/Admin/index/back_list.html
INFO: [ app_init ] --START--
INFO: Run Behavior\BuildLiteBehavior [ RunTime:0.000025s ]
INFO: [ app_init ] --END-- [ RunTime:0.000502s ]
INFO: [ app_begin ] --START--
INFO: Run Behavior\ReadHtmlCacheBehavior [ RunTime:0.000618s ]
INFO: [ app_begin ] --END-- [ RunTime:0.000751s ]
NOTIC: [8] A session had already been started - ignoring session_start() D:\wamp\wamp64\www\jiiMade\Application\Admin\Controller\BaseController.class.php 第 9 行.
ERR: 非法操作:back_list

[ 2018-04-25T15:50:37+08:00 ] ::1 /jiimade/index.php/Admin/Order/lst.html
INFO: [ app_init ] --START--
INFO: Run Behavior\BuildLiteBehavior [ RunTime:0.000024s ]
INFO: [ app_init ] --END-- [ RunTime:0.000497s ]
INFO: [ app_begin ] --START--
INFO: Run Behavior\ReadHtmlCacheBehavior [ RunTime:0.000592s ]
INFO: [ app_begin ] --END-- [ RunTime:0.000734s ]
NOTIC: [8] A session had already been started - ignoring session_start() D:\wamp\wamp64\www\jiiMade\Application\Admin\Controller\BaseController.class.php 第 9 行.
SQL: SHOW COLUMNS FROM `made_order` [ RunTime:0.0005s ]
SQL: SELECT COUNT(*) AS tp_count FROM `made_order` LIMIT 1   [ RunTime:0.0002s ]
SQL: SELECT * FROM `made_order` ORDER BY add_time desc LIMIT 0,20   [ RunTime:0.0003s ]
INFO: [ view_parse ] --START--
INFO: [ template_filter ] --START--
INFO: Run Behavior\ContentReplaceBehavior [ RunTime:0.000081s ]
INFO: [ template_filter ] --END-- [ RunTime:0.000197s ]
NOTIC: [8] Undefined variable: btn_url D:\wamp\wamp64\www\jiiMade\Application\Runtime\Cache\Admin\6929b1ce86d5fcc660e84cb37a1b0795.php 第 12 行.
NOTIC: [8] Undefined variable: btn_name D:\wamp\wamp64\www\jiiMade\Application\Runtime\Cache\Admin\6929b1ce86d5fcc660e84cb37a1b0795.php 第 12 行.
NOTIC: [2] date() expects parameter 2 to be long, string given D:\wamp\wamp64\www\jiiMade\Application\Runtime\Cache\Admin\6929b1ce86d5fcc660e84cb37a1b0795.php 第 52 行.
INFO: Run Behavior\ParseTemplateBehavior [ RunTime:0.009178s ]
INFO: [ view_parse ] --END-- [ RunTime:0.009294s ]
INFO: [ view_filter ] --START--
INFO: Run Behavior\WriteHtmlCacheBehavior [ RunTime:0.000422s ]
INFO: [ view_filter ] --END-- [ RunTime:0.000529s ]
INFO: [ app_end ] --START--
INFO: Run Behavior\ShowPageTraceBehavior [ RunTime:0.000535s ]
INFO: [ app_end ] --END-- [ RunTime:0.000666s ]

[ 2018-04-25T15:50:40+08:00 ] ::1 /jiimade/index.php/Admin/Order/deli.html
INFO: [ app_init ] --START--
INFO: Run Behavior\BuildLiteBehavior [ RunTime:0.000024s ]
INFO: [ app_init ] --END-- [ RunTime:0.000503s ]
INFO: [ app_begin ] --START--
INFO: Run Behavior\ReadHtmlCacheBehavior [ RunTime:0.000593s ]
INFO: [ app_begin ] --END-- [ RunTime:0.000728s ]
NOTIC: [8] A session had already been started - ignoring session_start() D:\wamp\wamp64\www\jiiMade\Application\Admin\Controller\BaseController.class.php 第 9 行.
SQL: SHOW COLUMNS FROM `made_order` [ RunTime:0.0005s ]
SQL: SELECT COUNT(*) AS tp_count FROM `made_order` WHERE `status` = 2 LIMIT 1   [ RunTime:0.0002s ]
SQL: SELECT * FROM `made_order` WHERE `status` = 2 ORDER BY add_time desc LIMIT 0,20   [ RunTime:0.0003s ]
INFO: [ view_parse ] --START--
INFO: [ template_filter ] --START--
INFO: Run Behavior\ContentReplaceBehavior [ RunTime:0.000102s ]
INFO: [ template_filter ] --END-- [ RunTime:0.000229s ]
NOTIC: [8] Undefined variable: btn_url D:\wamp\wamp64\www\jiiMade\Application\Runtime\Cache\Admin\9157e67f05d84e9c725df4413ec9f99a.php 第 12 行.
NOTIC: [8] Undefined variable: btn_name D:\wamp\wamp64\www\jiiMade\Application\Runtime\Cache\Admin\9157e67f05d84e9c725df4413ec9f99a.php 第 12 行.
INFO: Run Behavior\ParseTemplateBehavior [ RunTime:0.009368s ]
INFO: [ view_parse ] --END-- [ RunTime:0.009517s ]
INFO: [ view_filter ] --START--
INFO: Run Behavior\WriteHtmlCacheBehavior [ RunTime:0.000475s ]
INFO: [ view_filter ] --END-- [ RunTime:0.000615s ]
INFO: [ app_end ] --START--
INFO: Run Behavior\ShowPageTraceBehavior [ RunTime:0.000564s ]
INFO: [ app_end ] --END-- [ RunTime:0.000702s ]

[ 2018-04-25T15:51:48+08:00 ] ::1 /jiimade/index.php/Admin/Order/deli.html
INFO: [ app_init ] --START--
INFO: Run Behavior\BuildLiteBehavior [ RunTime:0.000023s ]
INFO: [ app_init ] --END-- [ RunTime:0.000468s ]
INFO: [ app_begin ] --START--
INFO: Run Behavior\ReadHtmlCacheBehavior [ RunTime:0.000589s ]
INFO: [ app_begin ] --END-- [ RunTime:0.000702s ]
NOTIC: [8] A session had already been started - ignoring session_start() D:\wamp\wamp64\www\jiiMade\Application\Admin\Controller\BaseController.class.php 第 9 行.
SQL: SHOW COLUMNS FROM `made_order` [ RunTime:0.0005s ]
SQL: SELECT COUNT(*) AS tp_count FROM `made_order` WHERE `status` = 2 LIMIT 1   [ RunTime:0.0002s ]
SQL: SELECT * FROM `made_order` WHERE `status` = 2 ORDER BY add_time desc LIMIT 0,20   [ RunTime:0.0003s ]
INFO: [ view_parse ] --START--
INFO: [ template_filter ] --START--
INFO: Run Behavior\ContentReplaceBehavior [ RunTime:0.000100s ]
INFO: [ template_filter ] --END-- [ RunTime:0.000225s ]
NOTIC: [8] Undefined variable: btn_url D:\wamp\wamp64\www\jiiMade\Application\Runtime\Cache\Admin\9157e67f05d84e9c725df4413ec9f99a.php 第 12 行.
NOTIC: [8] Undefined variable: btn_name D:\wamp\wamp64\www\jiiMade\Application\Runtime\Cache\Admin\9157e67f05d84e9c725df4413ec9f99a.php 第 12 行.
INFO: Run Behavior\ParseTemplateBehavior [ RunTime:0.009449s ]
INFO: [ view_parse ] --END-- [ RunTime:0.009586s ]
INFO: [ view_filter ] --START--
INFO: Run Behavior\WriteHtmlCacheBehavior [ RunTime:0.000484s ]
INFO: [ view_filter ] --END-- [ RunTime:0.000622s ]
INFO: [ app_end ] --START--
INFO: Run Behavior\ShowPageTraceBehavior [ RunTime:0.000483s ]
INFO: [ app_end ] --END-- [ RunTime:0.000592s ]

[ 2018-04-25T15:51:51+08:00 ] ::1 /jiimade/index.php/Admin/Order/orderGoods.html
INFO: [ app_init ] --START--
INFO: Run Behavior\BuildLiteBehavior [ RunTime:0.000024s ]
INFO: [ app_init ] --END-- [ RunTime:0.000472s ]
INFO: [ app_begin ] --START--
INFO: Run Behavior\ReadHtmlCacheBehavior [ RunTime:0.000569s ]
INFO: [ app_begin ] --END-- [ RunTime:0.000664s ]
NOTIC: [8] A session had already been started - ignoring session_start() D:\wamp\wamp64\www\jiiMade\Application\Admin\Controller\BaseController.class.php 第 9 行.
SQL: SHOW COLUMNS FROM `made_order` [ RunTime:0.0005s ]
SQL: SHOW COLUMNS FROM `made_order_goods` [ RunTime:0.0005s ]
SQL: SHOW COLUMNS FROM `made_goods_attr` [ RunTime:0.0004s ]
SQL: SELECT a.*,b.goods_name,c.img_src FROM made_order_goods a LEFT JOIN made_goods b ON a.goods_id = b.id
                            LEFT JOIN made_goods_number c ON a.goods_attr_id = c.goods_attr_id  WHERE a.order_id = '20180425155126796062'  [ RunTime:0.0003s ]
SQL: SELECT `attr_value` FROM `made_goods_attr` WHERE `id` = 0 AND `goods_id` = 5 LIMIT 1   [ RunTime:0.0001s ]
INFO: [ app_end ] --START--
INFO: Run Behavior\ShowPageTraceBehavior [ RunTime:0.000621s ]
INFO: [ app_end ] --END-- [ RunTime:0.000713s ]

[ 2018-04-25T15:52:03+08:00 ] ::1 /jiimade/index.php/Admin/Order/orderDeli.html
INFO: [ app_init ] --START--
INFO: Run Behavior\BuildLiteBehavior [ RunTime:0.000023s ]
INFO: [ app_init ] --END-- [ RunTime:0.000472s ]
INFO: [ app_begin ] --START--
INFO: Run Behavior\ReadHtmlCacheBehavior [ RunTime:0.000602s ]
INFO: [ app_begin ] --END-- [ RunTime:0.000701s ]
NOTIC: [8] A session had already been started - ignoring session_start() D:\wamp\wamp64\www\jiiMade\Application\Admin\Controller\BaseController.class.php 第 9 行.
SQL: SHOW COLUMNS FROM `made_order` [ RunTime:0.0005s ]
SQL: UPDATE `made_order` SET `express`='75684136454',`status`='3',`update_time`='1524642723' WHERE `order_id` = '20180425155126796062' [ RunTime:0.0017s ]
INFO: [ app_end ] --START--
INFO: Run Behavior\ShowPageTraceBehavior [ RunTime:0.000612s ]
INFO: [ app_end ] --END-- [ RunTime:0.000703s ]

[ 2018-04-25T15:52:11+08:00 ] ::1 /jiimade/index.php/Admin/Order/deli.html
INFO: [ app_init ] --START--
INFO: Run Behavior\BuildLiteBehavior [ RunTime:0.000023s ]
INFO: [ app_init ] --END-- [ RunTime:0.000466s ]
INFO: [ app_begin ] --START--
INFO: Run Behavior\ReadHtmlCacheBehavior [ RunTime:0.000622s ]
INFO: [ app_begin ] --END-- [ RunTime:0.000738s ]
NOTIC: [8] A session had already been started - ignoring session_start() D:\wamp\wamp64\www\jiiMade\Application\Admin\Controller\BaseController.class.php 第 9 行.
SQL: SHOW COLUMNS FROM `made_order` [ RunTime:0.0005s ]
SQL: SELECT COUNT(*) AS tp_count FROM `made_order` WHERE `status` = 2 LIMIT 1   [ RunTime:0.0002s ]
SQL: SELECT * FROM `made_order` WHERE `status` = 2 ORDER BY add_time desc LIMIT 0,20   [ RunTime:0.0003s ]
INFO: [ view_parse ] --START--
INFO: [ template_filter ] --START--
INFO: Run Behavior\ContentReplaceBehavior [ RunTime:0.000092s ]
INFO: [ template_filter ] --END-- [ RunTime:0.000222s ]
NOTIC: [8] Undefined variable: btn_url D:\wamp\wamp64\www\jiiMade\Application\Runtime\Cache\Admin\9157e67f05d84e9c725df4413ec9f99a.php 第 12 行.
NOTIC: [8] Undefined variable: btn_name D:\wamp\wamp64\www\jiiMade\Application\Runtime\Cache\Admin\9157e67f05d84e9c725df4413ec9f99a.php 第 12 行.
INFO: Run Behavior\ParseTemplateBehavior [ RunTime:0.009341s ]
INFO: [ view_parse ] --END-- [ RunTime:0.009482s ]
INFO: [ view_filter ] --START--
INFO: Run Behavior\WriteHtmlCacheBehavior [ RunTime:0.000482s ]
INFO: [ view_filter ] --END-- [ RunTime:0.000624s ]
INFO: [ app_end ] --START--
INFO: Run Behavior\ShowPageTraceBehavior [ RunTime:0.000505s ]
INFO: [ app_end ] --END-- [ RunTime:0.000616s ]

[ 2018-04-25T15:52:13+08:00 ] ::1 /jiimade/index.php/Admin/Order/lst.html
INFO: [ app_init ] --START--
INFO: Run Behavior\BuildLiteBehavior [ RunTime:0.000024s ]
INFO: [ app_init ] --END-- [ RunTime:0.000503s ]
INFO: [ app_begin ] --START--
INFO: Run Behavior\ReadHtmlCacheBehavior [ RunTime:0.000613s ]
INFO: [ app_begin ] --END-- [ RunTime:0.000729s ]
NOTIC: [8] A session had already been started - ignoring session_start() D:\wamp\wamp64\www\jiiMade\Application\Admin\Controller\BaseController.class.php 第 9 行.
SQL: SHOW COLUMNS FROM `made_order` [ RunTime:0.0005s ]
SQL: SELECT COUNT(*) AS tp_count FROM `made_order` LIMIT 1   [ RunTime:0.0002s ]
SQL: SELECT * FROM `made_order` ORDER BY add_time desc LIMIT 0,20   [ RunTime:0.0002s ]
INFO: [ view_parse ] --START--
INFO: [ template_filter ] --START--
INFO: Run Behavior\ContentReplaceBehavior [ RunTime:0.000084s ]
INFO: [ template_filter ] --END-- [ RunTime:0.000217s ]
NOTIC: [8] Undefined variable: btn_url D:\wamp\wamp64\www\jiiMade\Application\Runtime\Cache\Admin\6929b1ce86d5fcc660e84cb37a1b0795.php 第 12 行.
NOTIC: [8] Undefined variable: btn_name D:\wamp\wamp64\www\jiiMade\Application\Runtime\Cache\Admin\6929b1ce86d5fcc660e84cb37a1b0795.php 第 12 行.
NOTIC: [2] date() expects parameter 2 to be long, string given D:\wamp\wamp64\www\jiiMade\Application\Runtime\Cache\Admin\6929b1ce86d5fcc660e84cb37a1b0795.php 第 52 行.
INFO: Run Behavior\ParseTemplateBehavior [ RunTime:0.009263s ]
INFO: [ view_parse ] --END-- [ RunTime:0.009398s ]
INFO: [ view_filter ] --START--
INFO: Run Behavior\WriteHtmlCacheBehavior [ RunTime:0.000466s ]
INFO: [ view_filter ] --END-- [ RunTime:0.000598s ]
INFO: [ app_end ] --START--
INFO: Run Behavior\ShowPageTraceBehavior [ RunTime:0.000480s ]
INFO: [ app_end ] --END-- [ RunTime:0.000586s ]

[ 2018-04-25T16:00:33+08:00 ] ::1 /jiimade/index.php/Admin/Order/deli.html
INFO: [ app_init ] --START--
INFO: Run Behavior\BuildLiteBehavior [ RunTime:0.000024s ]
INFO: [ app_init ] --END-- [ RunTime:0.000467s ]
INFO: [ app_begin ] --START--
INFO: Run Behavior\ReadHtmlCacheBehavior [ RunTime:0.000590s ]
INFO: [ app_begin ] --END-- [ RunTime:0.000702s ]
NOTIC: [8] A session had already been started - ignoring session_start() D:\wamp\wamp64\www\jiiMade\Application\Admin\Controller\BaseController.class.php 第 9 行.
SQL: SHOW COLUMNS FROM `made_order` [ RunTime:0.0005s ]
SQL: SELECT COUNT(*) AS tp_count FROM `made_order` WHERE `status` = 2 LIMIT 1   [ RunTime:0.0002s ]
SQL: SELECT * FROM `made_order` WHERE `status` = 2 ORDER BY add_time desc LIMIT 0,20   [ RunTime:0.0003s ]
INFO: [ view_parse ] --START--
INFO: [ template_filter ] --START--
INFO: Run Behavior\ContentReplaceBehavior [ RunTime:0.000098s ]
INFO: [ template_filter ] --END-- [ RunTime:0.000220s ]
NOTIC: [8] Undefined variable: btn_url D:\wamp\wamp64\www\jiiMade\Application\Runtime\Cache\Admin\9157e67f05d84e9c725df4413ec9f99a.php 第 12 行.
NOTIC: [8] Undefined variable: btn_name D:\wamp\wamp64\www\jiiMade\Application\Runtime\Cache\Admin\9157e67f05d84e9c725df4413ec9f99a.php 第 12 行.
NOTIC: [2] date() expects parameter 2 to be long, string given D:\wamp\wamp64\www\jiiMade\Application\Runtime\Cache\Admin\9157e67f05d84e9c725df4413ec9f99a.php 第 78 行.
INFO: Run Behavior\ParseTemplateBehavior [ RunTime:0.009092s ]
INFO: [ view_parse ] --END-- [ RunTime:0.009227s ]
INFO: [ view_filter ] --START--
INFO: Run Behavior\WriteHtmlCacheBehavior [ RunTime:0.000453s ]
INFO: [ view_filter ] --END-- [ RunTime:0.000579s ]
INFO: [ app_end ] --START--
INFO: Run Behavior\ShowPageTraceBehavior [ RunTime:0.000475s ]
INFO: [ app_end ] --END-- [ RunTime:0.000583s ]

[ 2018-04-25T16:00:35+08:00 ] ::1 /jiimade/index.php/Admin/Order/orderGoods.html
INFO: [ app_init ] --START--
INFO: Run Behavior\BuildLiteBehavior [ RunTime:0.000024s ]
INFO: [ app_init ] --END-- [ RunTime:0.000469s ]
INFO: [ app_begin ] --START--
INFO: Run Behavior\ReadHtmlCacheBehavior [ RunTime:0.000572s ]
INFO: [ app_begin ] --END-- [ RunTime:0.000664s ]
NOTIC: [8] A session had already been started - ignoring session_start() D:\wamp\wamp64\www\jiiMade\Application\Admin\Controller\BaseController.class.php 第 9 行.
SQL: SHOW COLUMNS FROM `made_order` [ RunTime:0.0005s ]
SQL: SHOW COLUMNS FROM `made_order_goods` [ RunTime:0.0004s ]
SQL: SHOW COLUMNS FROM `made_goods_attr` [ RunTime:0.0004s ]
SQL: SHOW COLUMNS FROM `made_color` [ RunTime:0.0003s ]
SQL: SELECT a.*,b.goods_name,c.img_src FROM made_order_goods a LEFT JOIN made_goods b ON a.goods_id = b.id
                            LEFT JOIN made_goods_number c ON a.goods_attr_id = c.goods_attr_id  WHERE a.order_id = '20180425160011937826'  [ RunTime:0.0003s ]
SQL: SELECT a.attr_value,b.attr_type FROM made_goods_attr a LEFT JOIN made_attribute b ON a.attr_id = b.id  WHERE a.id = '19' AND a.goods_id = '3' LIMIT 1   [ RunTime:0.0002s ]
SQL: SELECT `color_name` FROM `made_color` WHERE `id` = 6 LIMIT 1   [ RunTime:0.0001s ]
INFO: [ app_end ] --START--
INFO: Run Behavior\ShowPageTraceBehavior [ RunTime:0.000539s ]
INFO: [ app_end ] --END-- [ RunTime:0.000631s ]

[ 2018-04-25T16:00:50+08:00 ] ::1 /jiimade/index.php/Admin/Order/lst.html
INFO: [ app_init ] --START--
INFO: Run Behavior\BuildLiteBehavior [ RunTime:0.000024s ]
INFO: [ app_init ] --END-- [ RunTime:0.000480s ]
INFO: [ app_begin ] --START--
INFO: Run Behavior\ReadHtmlCacheBehavior [ RunTime:0.000590s ]
INFO: [ app_begin ] --END-- [ RunTime:0.000708s ]
NOTIC: [8] A session had already been started - ignoring session_start() D:\wamp\wamp64\www\jiiMade\Application\Admin\Controller\BaseController.class.php 第 9 行.
SQL: SHOW COLUMNS FROM `made_order` [ RunTime:0.0008s ]
SQL: SELECT COUNT(*) AS tp_count FROM `made_order` LIMIT 1   [ RunTime:0.0002s ]
SQL: SELECT * FROM `made_order` ORDER BY add_time desc LIMIT 0,20   [ RunTime:0.0004s ]
INFO: [ view_parse ] --START--
INFO: [ template_filter ] --START--
INFO: Run Behavior\ContentReplaceBehavior [ RunTime:0.000093s ]
INFO: [ template_filter ] --END-- [ RunTime:0.000222s ]
NOTIC: [8] Undefined variable: btn_url D:\wamp\wamp64\www\jiiMade\Application\Runtime\Cache\Admin\6929b1ce86d5fcc660e84cb37a1b0795.php 第 12 行.
NOTIC: [8] Undefined variable: btn_name D:\wamp\wamp64\www\jiiMade\Application\Runtime\Cache\Admin\6929b1ce86d5fcc660e84cb37a1b0795.php 第 12 行.
NOTIC: [2] date() expects parameter 2 to be long, string given D:\wamp\wamp64\www\jiiMade\Application\Runtime\Cache\Admin\6929b1ce86d5fcc660e84cb37a1b0795.php 第 52 行.
NOTIC: [2] date() expects parameter 2 to be long, string given D:\wamp\wamp64\www\jiiMade\Application\Runtime\Cache\Admin\6929b1ce86d5fcc660e84cb37a1b0795.php 第 52 行.
INFO: Run Behavior\ParseTemplateBehavior [ RunTime:0.009324s ]
INFO: [ view_parse ] --END-- [ RunTime:0.009464s ]
INFO: [ view_filter ] --START--
INFO: Run Behavior\WriteHtmlCacheBehavior [ RunTime:0.000474s ]
INFO: [ view_filter ] --END-- [ RunTime:0.000602s ]
INFO: [ app_end ] --START--
INFO: Run Behavior\ShowPageTraceBehavior [ RunTime:0.000491s ]
INFO: [ app_end ] --END-- [ RunTime:0.000599s ]

[ 2018-04-25T16:00:51+08:00 ] ::1 /jiimade/index.php/Admin/Order/deli.html
INFO: [ app_init ] --START--
INFO: Run Behavior\BuildLiteBehavior [ RunTime:0.000023s ]
INFO: [ app_init ] --END-- [ RunTime:0.000449s ]
INFO: [ app_begin ] --START--
INFO: Run Behavior\ReadHtmlCacheBehavior [ RunTime:0.000590s ]
INFO: [ app_begin ] --END-- [ RunTime:0.000714s ]
NOTIC: [8] A session had already been started - ignoring session_start() D:\wamp\wamp64\www\jiiMade\Application\Admin\Controller\BaseController.class.php 第 9 行.
SQL: SHOW COLUMNS FROM `made_order` [ RunTime:0.0005s ]
SQL: SELECT COUNT(*) AS tp_count FROM `made_order` WHERE `status` = 2 LIMIT 1   [ RunTime:0.0002s ]
SQL: SELECT * FROM `made_order` WHERE `status` = 2 ORDER BY add_time desc LIMIT 0,20   [ RunTime:0.0003s ]
INFO: [ view_parse ] --START--
INFO: [ template_filter ] --START--
INFO: Run Behavior\ContentReplaceBehavior [ RunTime:0.000099s ]
INFO: [ template_filter ] --END-- [ RunTime:0.000217s ]
NOTIC: [8] Undefined variable: btn_url D:\wamp\wamp64\www\jiiMade\Application\Runtime\Cache\Admin\9157e67f05d84e9c725df4413ec9f99a.php 第 12 行.
NOTIC: [8] Undefined variable: btn_name D:\wamp\wamp64\www\jiiMade\Application\Runtime\Cache\Admin\9157e67f05d84e9c725df4413ec9f99a.php 第 12 行.
NOTIC: [2] date() expects parameter 2 to be long, string given D:\wamp\wamp64\www\jiiMade\Application\Runtime\Cache\Admin\9157e67f05d84e9c725df4413ec9f99a.php 第 78 行.
INFO: Run Behavior\ParseTemplateBehavior [ RunTime:0.009035s ]
INFO: [ view_parse ] --END-- [ RunTime:0.009173s ]
INFO: [ view_filter ] --START--
INFO: Run Behavior\WriteHtmlCacheBehavior [ RunTime:0.000442s ]
INFO: [ view_filter ] --END-- [ RunTime:0.000571s ]
INFO: [ app_end ] --START--
INFO: Run Behavior\ShowPageTraceBehavior [ RunTime:0.000469s ]
INFO: [ app_end ] --END-- [ RunTime:0.000576s ]

[ 2018-04-25T16:00:53+08:00 ] ::1 /jiimade/index.php/Admin/Order/orderGoods.html
INFO: [ app_init ] --START--
INFO: Run Behavior\BuildLiteBehavior [ RunTime:0.000024s ]
INFO: [ app_init ] --END-- [ RunTime:0.000468s ]
INFO: [ app_begin ] --START--
INFO: Run Behavior\ReadHtmlCacheBehavior [ RunTime:0.000573s ]
INFO: [ app_begin ] --END-- [ RunTime:0.000666s ]
NOTIC: [8] A session had already been started - ignoring session_start() D:\wamp\wamp64\www\jiiMade\Application\Admin\Controller\BaseController.class.php 第 9 行.
SQL: SHOW COLUMNS FROM `made_order` [ RunTime:0.0005s ]
SQL: SHOW COLUMNS FROM `made_order_goods` [ RunTime:0.0005s ]
SQL: SHOW COLUMNS FROM `made_goods_attr` [ RunTime:0.0006s ]
SQL: SHOW COLUMNS FROM `made_color` [ RunTime:0.0007s ]
SQL: SELECT a.*,b.goods_name,c.img_src FROM made_order_goods a LEFT JOIN made_goods b ON a.goods_id = b.id
                            LEFT JOIN made_goods_number c ON a.goods_attr_id = c.goods_attr_id  WHERE a.order_id = '20180425155126796062'  [ RunTime:0.0005s ]
SQL: SELECT a.attr_value,b.attr_type FROM made_goods_attr a LEFT JOIN made_attribute b ON a.attr_id = b.id  WHERE a.id = '0' AND a.goods_id = '5' LIMIT 1   [ RunTime:0.0003s ]
INFO: [ app_end ] --START--
INFO: Run Behavior\ShowPageTraceBehavior [ RunTime:0.000574s ]
INFO: [ app_end ] --END-- [ RunTime:0.000669s ]

[ 2018-04-25T16:02:14+08:00 ] ::1 /jiimade/index.php/Admin/Order/orderGoods.html
INFO: [ app_init ] --START--
INFO: Run Behavior\BuildLiteBehavior [ RunTime:0.000023s ]
INFO: [ app_init ] --END-- [ RunTime:0.000469s ]
INFO: [ app_begin ] --START--
INFO: Run Behavior\ReadHtmlCacheBehavior [ RunTime:0.000598s ]
INFO: [ app_begin ] --END-- [ RunTime:0.000700s ]
NOTIC: [8] A session had already been started - ignoring session_start() D:\wamp\wamp64\www\jiiMade\Application\Admin\Controller\BaseController.class.php 第 9 行.
SQL: SHOW COLUMNS FROM `made_order` [ RunTime:0.0007s ]
SQL: SHOW COLUMNS FROM `made_order_goods` [ RunTime:0.0008s ]
SQL: SHOW COLUMNS FROM `made_goods_attr` [ RunTime:0.0008s ]
SQL: SHOW COLUMNS FROM `made_color` [ RunTime:0.0008s ]
SQL: SELECT a.*,b.goods_name,c.img_src FROM made_order_goods a LEFT JOIN made_goods b ON a.goods_id = b.id
                            LEFT JOIN made_goods_number c ON a.goods_attr_id = c.goods_attr_id  WHERE a.order_id = '20180425155126796062'  [ RunTime:0.0005s ]
SQL: SELECT a.attr_value,b.attr_type FROM made_goods_attr a LEFT JOIN made_attribute b ON a.attr_id = b.id  WHERE a.id = '0' AND a.goods_id = '5' LIMIT 1   [ RunTime:0.0004s ]
INFO: [ app_end ] --START--
INFO: Run Behavior\ShowPageTraceBehavior [ RunTime:0.000726s ]
INFO: [ app_end ] --END-- [ RunTime:0.000821s ]

[ 2018-04-25T16:02:18+08:00 ] ::1 /jiimade/index.php/Admin/Order/orderGoods.html
INFO: [ app_init ] --START--
INFO: Run Behavior\BuildLiteBehavior [ RunTime:0.000021s ]
INFO: [ app_init ] --END-- [ RunTime:0.000434s ]
INFO: [ app_begin ] --START--
INFO: Run Behavior\ReadHtmlCacheBehavior [ RunTime:0.000556s ]
INFO: [ app_begin ] --END-- [ RunTime:0.000646s ]
NOTIC: [8] A session had already been started - ignoring session_start() D:\wamp\wamp64\www\jiiMade\Application\Admin\Controller\BaseController.class.php 第 9 行.
SQL: SHOW COLUMNS FROM `made_order` [ RunTime:0.0006s ]
SQL: SHOW COLUMNS FROM `made_order_goods` [ RunTime:0.0004s ]
SQL: SHOW COLUMNS FROM `made_goods_attr` [ RunTime:0.0004s ]
SQL: SHOW COLUMNS FROM `made_color` [ RunTime:0.0004s ]
SQL: SELECT a.*,b.goods_name,c.img_src FROM made_order_goods a LEFT JOIN made_goods b ON a.goods_id = b.id
                            LEFT JOIN made_goods_number c ON a.goods_attr_id = c.goods_attr_id  WHERE a.order_id = '20180425160011937826'  [ RunTime:0.0003s ]
SQL: SELECT a.attr_value,b.attr_type FROM made_goods_attr a LEFT JOIN made_attribute b ON a.attr_id = b.id  WHERE a.id = '19' AND a.goods_id = '3' LIMIT 1   [ RunTime:0.0002s ]
SQL: SELECT `color_name` FROM `made_color` WHERE `id` = 6 LIMIT 1   [ RunTime:0.0001s ]
INFO: [ app_end ] --START--
INFO: Run Behavior\ShowPageTraceBehavior [ RunTime:0.000532s ]
INFO: [ app_end ] --END-- [ RunTime:0.000623s ]

[ 2018-04-25T16:02:21+08:00 ] ::1 /jiimade/index.php/Admin/Order/lst.html
INFO: [ app_init ] --START--
INFO: Run Behavior\BuildLiteBehavior [ RunTime:0.000023s ]
INFO: [ app_init ] --END-- [ RunTime:0.000468s ]
INFO: [ app_begin ] --START--
INFO: Run Behavior\ReadHtmlCacheBehavior [ RunTime:0.000595s ]
INFO: [ app_begin ] --END-- [ RunTime:0.000706s ]
NOTIC: [8] A session had already been started - ignoring session_start() D:\wamp\wamp64\www\jiiMade\Application\Admin\Controller\BaseController.class.php 第 9 行.
SQL: SHOW COLUMNS FROM `made_order` [ RunTime:0.0005s ]
SQL: SELECT COUNT(*) AS tp_count FROM `made_order` LIMIT 1   [ RunTime:0.0002s ]
SQL: SELECT * FROM `made_order` ORDER BY add_time desc LIMIT 0,20   [ RunTime:0.0003s ]
INFO: [ view_parse ] --START--
INFO: [ template_filter ] --START--
INFO: Run Behavior\ContentReplaceBehavior [ RunTime:0.000083s ]
INFO: [ template_filter ] --END-- [ RunTime:0.000201s ]
NOTIC: [8] Undefined variable: btn_url D:\wamp\wamp64\www\jiiMade\Application\Runtime\Cache\Admin\6929b1ce86d5fcc660e84cb37a1b0795.php 第 12 行.
NOTIC: [8] Undefined variable: btn_name D:\wamp\wamp64\www\jiiMade\Application\Runtime\Cache\Admin\6929b1ce86d5fcc660e84cb37a1b0795.php 第 12 行.
NOTIC: [2] date() expects parameter 2 to be long, string given D:\wamp\wamp64\www\jiiMade\Application\Runtime\Cache\Admin\6929b1ce86d5fcc660e84cb37a1b0795.php 第 52 行.
NOTIC: [2] date() expects parameter 2 to be long, string given D:\wamp\wamp64\www\jiiMade\Application\Runtime\Cache\Admin\6929b1ce86d5fcc660e84cb37a1b0795.php 第 52 行.
INFO: Run Behavior\ParseTemplateBehavior [ RunTime:0.009099s ]
INFO: [ view_parse ] --END-- [ RunTime:0.009236s ]
INFO: [ view_filter ] --START--
INFO: Run Behavior\WriteHtmlCacheBehavior [ RunTime:0.000445s ]
INFO: [ view_filter ] --END-- [ RunTime:0.000574s ]
INFO: [ app_end ] --START--
INFO: Run Behavior\ShowPageTraceBehavior [ RunTime:0.000506s ]
INFO: [ app_end ] --END-- [ RunTime:0.000616s ]

[ 2018-04-25T16:02:22+08:00 ] ::1 /jiimade/index.php/Admin/Order/deli.html
INFO: [ app_init ] --START--
INFO: Run Behavior\BuildLiteBehavior [ RunTime:0.000024s ]
INFO: [ app_init ] --END-- [ RunTime:0.000464s ]
INFO: [ app_begin ] --START--
INFO: Run Behavior\ReadHtmlCacheBehavior [ RunTime:0.000587s ]
INFO: [ app_begin ] --END-- [ RunTime:0.000698s ]
NOTIC: [8] A session had already been started - ignoring session_start() D:\wamp\wamp64\www\jiiMade\Application\Admin\Controller\BaseController.class.php 第 9 行.
SQL: SHOW COLUMNS FROM `made_order` [ RunTime:0.0005s ]
SQL: SELECT COUNT(*) AS tp_count FROM `made_order` WHERE `status` = 2 LIMIT 1   [ RunTime:0.0002s ]
SQL: SELECT * FROM `made_order` WHERE `status` = 2 ORDER BY add_time desc LIMIT 0,20   [ RunTime:0.0004s ]
INFO: [ view_parse ] --START--
INFO: [ template_filter ] --START--
INFO: Run Behavior\ContentReplaceBehavior [ RunTime:0.000092s ]
INFO: [ template_filter ] --END-- [ RunTime:0.000213s ]
NOTIC: [8] Undefined variable: btn_url D:\wamp\wamp64\www\jiiMade\Application\Runtime\Cache\Admin\9157e67f05d84e9c725df4413ec9f99a.php 第 12 行.
NOTIC: [8] Undefined variable: btn_name D:\wamp\wamp64\www\jiiMade\Application\Runtime\Cache\Admin\9157e67f05d84e9c725df4413ec9f99a.php 第 12 行.
NOTIC: [2] date() expects parameter 2 to be long, string given D:\wamp\wamp64\www\jiiMade\Application\Runtime\Cache\Admin\9157e67f05d84e9c725df4413ec9f99a.php 第 78 行.
INFO: Run Behavior\ParseTemplateBehavior [ RunTime:0.009284s ]
INFO: [ view_parse ] --END-- [ RunTime:0.009422s ]
INFO: [ view_filter ] --START--
INFO: Run Behavior\WriteHtmlCacheBehavior [ RunTime:0.000451s ]
INFO: [ view_filter ] --END-- [ RunTime:0.000578s ]
INFO: [ app_end ] --START--
INFO: Run Behavior\ShowPageTraceBehavior [ RunTime:0.000479s ]
INFO: [ app_end ] --END-- [ RunTime:0.000586s ]

[ 2018-04-25T16:02:23+08:00 ] ::1 /jiimade/index.php/Admin/Order/orderGoods.html
INFO: [ app_init ] --START--
INFO: Run Behavior\BuildLiteBehavior [ RunTime:0.000025s ]
INFO: [ app_init ] --END-- [ RunTime:0.000491s ]
INFO: [ app_begin ] --START--
INFO: Run Behavior\ReadHtmlCacheBehavior [ RunTime:0.000607s ]
INFO: [ app_begin ] --END-- [ RunTime:0.000706s ]
NOTIC: [8] A session had already been started - ignoring session_start() D:\wamp\wamp64\www\jiiMade\Application\Admin\Controller\BaseController.class.php 第 9 行.
SQL: SHOW COLUMNS FROM `made_order` [ RunTime:0.0005s ]
SQL: SHOW COLUMNS FROM `made_order_goods` [ RunTime:0.0004s ]
SQL: SHOW COLUMNS FROM `made_goods_attr` [ RunTime:0.0003s ]
SQL: SHOW COLUMNS FROM `made_color` [ RunTime:0.0004s ]
SQL: SELECT a.*,b.goods_name,c.img_src FROM made_order_goods a LEFT JOIN made_goods b ON a.goods_id = b.id
                            LEFT JOIN made_goods_number c ON a.goods_attr_id = c.goods_attr_id  WHERE a.order_id = '20180425155126796062'  [ RunTime:0.0003s ]
SQL: SELECT a.attr_value,b.attr_type FROM made_goods_attr a LEFT JOIN made_attribute b ON a.attr_id = b.id  WHERE a.id = '0' AND a.goods_id = '5' LIMIT 1   [ RunTime:0.0002s ]
INFO: [ app_end ] --START--
INFO: Run Behavior\ShowPageTraceBehavior [ RunTime:0.000511s ]
INFO: [ app_end ] --END-- [ RunTime:0.000604s ]

[ 2018-04-25T16:03:24+08:00 ] ::1 /jiimade/index.php/Admin/Order/lst.html
INFO: [ app_init ] --START--
INFO: Run Behavior\BuildLiteBehavior [ RunTime:0.000024s ]
INFO: [ app_init ] --END-- [ RunTime:0.000464s ]
INFO: [ app_begin ] --START--
INFO: Run Behavior\ReadHtmlCacheBehavior [ RunTime:0.000581s ]
INFO: [ app_begin ] --END-- [ RunTime:0.000702s ]
NOTIC: [8] A session had already been started - ignoring session_start() D:\wamp\wamp64\www\jiiMade\Application\Admin\Controller\BaseController.class.php 第 9 行.
SQL: SHOW COLUMNS FROM `made_order` [ RunTime:0.0005s ]
SQL: SELECT COUNT(*) AS tp_count FROM `made_order` LIMIT 1   [ RunTime:0.0002s ]
SQL: SELECT * FROM `made_order` ORDER BY add_time desc LIMIT 0,20   [ RunTime:0.0005s ]
INFO: [ view_parse ] --START--
INFO: [ template_filter ] --START--
INFO: Run Behavior\ContentReplaceBehavior [ RunTime:0.000173s ]
INFO: [ template_filter ] --END-- [ RunTime:0.000603s ]
NOTIC: [8] Undefined variable: btn_url D:\wamp\wamp64\www\jiiMade\Application\Runtime\Cache\Admin\6929b1ce86d5fcc660e84cb37a1b0795.php 第 12 行.
NOTIC: [8] Undefined variable: btn_name D:\wamp\wamp64\www\jiiMade\Application\Runtime\Cache\Admin\6929b1ce86d5fcc660e84cb37a1b0795.php 第 12 行.
NOTIC: [2] date() expects parameter 2 to be long, string given D:\wamp\wamp64\www\jiiMade\Application\Runtime\Cache\Admin\6929b1ce86d5fcc660e84cb37a1b0795.php 第 52 行.
NOTIC: [2] date() expects parameter 2 to be long, string given D:\wamp\wamp64\www\jiiMade\Application\Runtime\Cache\Admin\6929b1ce86d5fcc660e84cb37a1b0795.php 第 52 行.
INFO: Run Behavior\ParseTemplateBehavior [ RunTime:0.020289s ]
INFO: [ view_parse ] --END-- [ RunTime:0.020586s ]
INFO: [ view_filter ] --START--
INFO: Run Behavior\WriteHtmlCacheBehavior [ RunTime:0.000895s ]
INFO: [ view_filter ] --END-- [ RunTime:0.001183s ]
INFO: [ app_end ] --START--
INFO: Run Behavior\ShowPageTraceBehavior [ RunTime:0.000946s ]
INFO: [ app_end ] --END-- [ RunTime:0.001125s ]

[ 2018-04-25T16:03:25+08:00 ] ::1 /jiimade/index.php/Admin/Order/deli.html
INFO: [ app_init ] --START--
INFO: Run Behavior\BuildLiteBehavior [ RunTime:0.000023s ]
INFO: [ app_init ] --END-- [ RunTime:0.000461s ]
INFO: [ app_begin ] --START--
INFO: Run Behavior\ReadHtmlCacheBehavior [ RunTime:0.000569s ]
INFO: [ app_begin ] --END-- [ RunTime:0.000680s ]
NOTIC: [8] A session had already been started - ignoring session_start() D:\wamp\wamp64\www\jiiMade\Application\Admin\Controller\BaseController.class.php 第 9 行.
SQL: SHOW COLUMNS FROM `made_order` [ RunTime:0.0005s ]
SQL: SELECT COUNT(*) AS tp_count FROM `made_order` WHERE `status` = 2 LIMIT 1   [ RunTime:0.0002s ]
SQL: SELECT * FROM `made_order` WHERE `status` = 2 ORDER BY add_time desc LIMIT 0,20   [ RunTime:0.0004s ]
INFO: [ view_parse ] --START--
INFO: [ template_filter ] --START--
INFO: Run Behavior\ContentReplaceBehavior [ RunTime:0.000086s ]
INFO: [ template_filter ] --END-- [ RunTime:0.000199s ]
NOTIC: [8] Undefined variable: btn_url D:\wamp\wamp64\www\jiiMade\Application\Runtime\Cache\Admin\9157e67f05d84e9c725df4413ec9f99a.php 第 12 行.
NOTIC: [8] Undefined variable: btn_name D:\wamp\wamp64\www\jiiMade\Application\Runtime\Cache\Admin\9157e67f05d84e9c725df4413ec9f99a.php 第 12 行.
NOTIC: [2] date() expects parameter 2 to be long, string given D:\wamp\wamp64\www\jiiMade\Application\Runtime\Cache\Admin\9157e67f05d84e9c725df4413ec9f99a.php 第 78 行.
INFO: Run Behavior\ParseTemplateBehavior [ RunTime:0.009079s ]
INFO: [ view_parse ] --END-- [ RunTime:0.009221s ]
INFO: [ view_filter ] --START--
INFO: Run Behavior\WriteHtmlCacheBehavior [ RunTime:0.000434s ]
INFO: [ view_filter ] --END-- [ RunTime:0.000561s ]
INFO: [ app_end ] --START--
INFO: Run Behavior\ShowPageTraceBehavior [ RunTime:0.000476s ]
INFO: [ app_end ] --END-- [ RunTime:0.000585s ]

[ 2018-04-25T16:03:26+08:00 ] ::1 /jiimade/index.php/Admin/Order/orderGoods.html
INFO: [ app_init ] --START--
INFO: Run Behavior\BuildLiteBehavior [ RunTime:0.000024s ]
INFO: [ app_init ] --END-- [ RunTime:0.000464s ]
INFO: [ app_begin ] --START--
INFO: Run Behavior\ReadHtmlCacheBehavior [ RunTime:0.000560s ]
INFO: [ app_begin ] --END-- [ RunTime:0.000654s ]
NOTIC: [8] A session had already been started - ignoring session_start() D:\wamp\wamp64\www\jiiMade\Application\Admin\Controller\BaseController.class.php 第 9 行.
SQL: SHOW COLUMNS FROM `made_order` [ RunTime:0.0005s ]
SQL: SHOW COLUMNS FROM `made_order_goods` [ RunTime:0.0007s ]
SQL: SHOW COLUMNS FROM `made_goods_attr` [ RunTime:0.0006s ]
SQL: SHOW COLUMNS FROM `made_color` [ RunTime:0.0007s ]
SQL: SELECT a.*,b.goods_name,c.img_src FROM made_order_goods a LEFT JOIN made_goods b ON a.goods_id = b.id
                            LEFT JOIN made_goods_number c ON a.goods_attr_id = c.goods_attr_id  WHERE a.order_id = '20180425155126796062'  [ RunTime:0.0005s ]
INFO: [ app_end ] --START--
INFO: Run Behavior\ShowPageTraceBehavior [ RunTime:0.000678s ]
INFO: [ app_end ] --END-- [ RunTime:0.000769s ]

[ 2018-04-25T17:44:12+08:00 ] ::1 /jiimade/index.php/Admin/Color/lst.html
INFO: [ app_init ] --START--
INFO: Run Behavior\BuildLiteBehavior [ RunTime:0.000024s ]
INFO: [ app_init ] --END-- [ RunTime:0.000486s ]
INFO: [ app_begin ] --START--
INFO: Run Behavior\ReadHtmlCacheBehavior [ RunTime:0.000642s ]
INFO: [ app_begin ] --END-- [ RunTime:0.000760s ]
NOTIC: [8] A session had already been started - ignoring session_start() D:\wamp\wamp64\www\jiiMade\Application\Admin\Controller\BaseController.class.php 第 9 行.
SQL: SHOW COLUMNS FROM `made_color` [ RunTime:0.0005s ]
SQL: SELECT COUNT(*) AS tp_count FROM `made_color` LIMIT 1   [ RunTime:0.0002s ]
SQL: SELECT * FROM `made_color` LIMIT 0,10   [ RunTime:0.0002s ]
INFO: [ view_parse ] --START--
INFO: [ template_filter ] --START--
INFO: Run Behavior\ContentReplaceBehavior [ RunTime:0.000162s ]
INFO: [ template_filter ] --END-- [ RunTime:0.000392s ]
INFO: Run Behavior\ParseTemplateBehavior [ RunTime:0.012169s ]
INFO: [ view_parse ] --END-- [ RunTime:0.012298s ]
INFO: [ view_filter ] --START--
INFO: Run Behavior\WriteHtmlCacheBehavior [ RunTime:0.000433s ]
INFO: [ view_filter ] --END-- [ RunTime:0.000559s ]
INFO: [ app_end ] --START--
INFO: Run Behavior\ShowPageTraceBehavior [ RunTime:0.000604s ]
INFO: [ app_end ] --END-- [ RunTime:0.000722s ]

[ 2018-04-25T17:45:11+08:00 ] ::1 /jiimade/index.php/Admin/Article/lst.html
INFO: [ app_init ] --START--
INFO: Run Behavior\BuildLiteBehavior [ RunTime:0.000024s ]
INFO: [ app_init ] --END-- [ RunTime:0.000480s ]
INFO: [ app_begin ] --START--
INFO: Run Behavior\ReadHtmlCacheBehavior [ RunTime:0.000580s ]
INFO: [ app_begin ] --END-- [ RunTime:0.000693s ]
NOTIC: [8] A session had already been started - ignoring session_start() D:\wamp\wamp64\www\jiiMade\Application\Admin\Controller\BaseController.class.php 第 9 行.
SQL: SHOW COLUMNS FROM `made_article` [ RunTime:0.0005s ]
NOTIC: [8] Undefined variable: typeName D:\wamp\wamp64\www\jiiMade\Application\Admin\Model\ArticleModel.class.php 第 18 行.
SQL: SELECT COUNT(*) AS tp_count FROM `made_article` LIMIT 1   [ RunTime:0.0001s ]
SQL: SELECT * FROM `made_article` ORDER BY sort_id asc LIMIT 0,10   [ RunTime:0.0003s ]
INFO: [ view_parse ] --START--
INFO: [ template_filter ] --START--
INFO: Run Behavior\ContentReplaceBehavior [ RunTime:0.000099s ]
INFO: [ template_filter ] --END-- [ RunTime:0.000231s ]
NOTIC: [8] Undefined variable: cat_list D:\wamp\wamp64\www\jiiMade\Application\Runtime\Cache\Admin\3233ce5cce332a117b52d9b8831cbcfa.php 第 26 行.
INFO: Run Behavior\ParseTemplateBehavior [ RunTime:0.010408s ]
INFO: [ view_parse ] --END-- [ RunTime:0.010527s ]
INFO: [ view_filter ] --START--
INFO: Run Behavior\WriteHtmlCacheBehavior [ RunTime:0.000427s ]
INFO: [ view_filter ] --END-- [ RunTime:0.000551s ]
INFO: [ app_end ] --START--
INFO: Run Behavior\ShowPageTraceBehavior [ RunTime:0.000619s ]
INFO: [ app_end ] --END-- [ RunTime:0.000731s ]

[ 2018-04-25T17:45:13+08:00 ] ::1 /jiimade/index.php/Admin/Article/add.html
INFO: [ app_init ] --START--
INFO: Run Behavior\BuildLiteBehavior [ RunTime:0.000023s ]
INFO: [ app_init ] --END-- [ RunTime:0.000468s ]
INFO: [ app_begin ] --START--
INFO: Run Behavior\ReadHtmlCacheBehavior [ RunTime:0.000569s ]
INFO: [ app_begin ] --END-- [ RunTime:0.000683s ]
NOTIC: [8] A session had already been started - ignoring session_start() D:\wamp\wamp64\www\jiiMade\Application\Admin\Controller\BaseController.class.php 第 9 行.
SQL: SHOW COLUMNS FROM `made_article` [ RunTime:0.0005s ]
INFO: [ view_parse ] --START--
INFO: [ template_filter ] --START--
INFO: Run Behavior\ContentReplaceBehavior [ RunTime:0.000111s ]
INFO: [ template_filter ] --END-- [ RunTime:0.000248s ]
INFO: Run Behavior\ParseTemplateBehavior [ RunTime:0.009491s ]
INFO: [ view_parse ] --END-- [ RunTime:0.009648s ]
INFO: [ view_filter ] --START--
INFO: Run Behavior\WriteHtmlCacheBehavior [ RunTime:0.000339s ]
INFO: [ view_filter ] --END-- [ RunTime:0.000447s ]
INFO: [ app_end ] --START--
INFO: Run Behavior\ShowPageTraceBehavior [ RunTime:0.001092s ]
INFO: [ app_end ] --END-- [ RunTime:0.001309s ]

[ 2018-04-25T17:45:35+08:00 ] ::1 /jiimade/index.php/Admin/Article/add.html
INFO: [ app_init ] --START--
INFO: Run Behavior\BuildLiteBehavior [ RunTime:0.000024s ]
INFO: [ app_init ] --END-- [ RunTime:0.000470s ]
INFO: [ app_begin ] --START--
INFO: Run Behavior\ReadHtmlCacheBehavior [ RunTime:0.000587s ]
INFO: [ app_begin ] --END-- [ RunTime:0.000704s ]
NOTIC: [8] A session had already been started - ignoring session_start() D:\wamp\wamp64\www\jiiMade\Application\Admin\Controller\BaseController.class.php 第 9 行.
SQL: SHOW COLUMNS FROM `made_article` [ RunTime:0.0005s ]
NOTIC: [8] Undefined index: validate D:\wamp\wamp64\www\jiiMade\ThinkPHP\Library\Think\Model.class.php 第 1185 行.
NOTIC: [8] Undefined index: auto D:\wamp\wamp64\www\jiiMade\ThinkPHP\Library\Think\Model.class.php 第 1128 行.
NOTIC: [8] Undefined index: goods D:\wamp\wamp64\www\jiiMade\Application\Admin\Model\ArticleModel.class.php 第 40 行.
SQL: INSERT INTO `made_article` (`article_name`,`is_index`,`sort_id`,`article_brief`,`add_time`,`img_src`) VALUES ('但是如果都是','1','100','是的人格上','1524649532','http://p5koaz6je.bkt.clouddn.com/jiimade/view/images/article/2018/04/25/18854详情图4.jpg?') [ RunTime:0.0022s ]
SQL: SHOW COLUMNS FROM `made_article_desc` [ RunTime:0.0024s ]
SQL: INSERT INTO `made_article_desc` (`img_src`,`article_id`) VALUES ('http://p5koaz6je.bkt.clouddn.com/jiimade/view/images/articledesc/2018/04/25/8167详情图2.jpg?','1') [ RunTime:0.0020s ]
SQL: INSERT INTO `made_article_desc` (`img_src`,`article_id`) VALUES ('http://p5koaz6je.bkt.clouddn.com/jiimade/view/images/articledesc/2018/04/25/10132详情图3.jpg?','1') [ RunTime:0.0020s ]
SQL: INSERT INTO `made_article_desc` (`img_src`,`article_id`) VALUES ('http://p5koaz6je.bkt.clouddn.com/jiimade/view/images/articledesc/2018/04/25/8765详情图4.jpg?','1') [ RunTime:0.0020s ]
INFO: [ view_parse ] --START--
INFO: [ template_filter ] --START--
INFO: Run Behavior\ContentReplaceBehavior [ RunTime:0.000141s ]
INFO: [ template_filter ] --END-- [ RunTime:0.000399s ]
INFO: Run Behavior\ParseTemplateBehavior [ RunTime:0.014490s ]
INFO: [ view_parse ] --END-- [ RunTime:0.014737s ]
INFO: [ view_filter ] --START--
INFO: Run Behavior\WriteHtmlCacheBehavior [ RunTime:0.000665s ]
INFO: [ view_filter ] --END-- [ RunTime:0.000880s ]
INFO: [ view_parse ] --START--
INFO: [ template_filter ] --START--
INFO: Run Behavior\ContentReplaceBehavior [ RunTime:0.000129s ]
INFO: [ template_filter ] --END-- [ RunTime:-0.009157s ]
INFO: Run Behavior\ParseTemplateBehavior [ RunTime:0.007499s ]
INFO: [ view_parse ] --END-- [ RunTime:-0.001646s ]
INFO: [ view_filter ] --START--
INFO: Run Behavior\WriteHtmlCacheBehavior [ RunTime:0.000058s ]
INFO: [ view_filter ] --END-- [ RunTime:-0.008496s ]

[ 2018-04-25T17:45:36+08:00 ] ::1 /jiimade/index.php/Admin/Article/lst.html
INFO: [ app_init ] --START--
INFO: Run Behavior\BuildLiteBehavior [ RunTime:0.000033s ]
INFO: [ app_init ] --END-- [ RunTime:0.000662s ]
INFO: [ app_begin ] --START--
INFO: Run Behavior\ReadHtmlCacheBehavior [ RunTime:0.000700s ]
INFO: [ app_begin ] --END-- [ RunTime:0.000831s ]
NOTIC: [8] A session had already been started - ignoring session_start() D:\wamp\wamp64\www\jiiMade\Application\Admin\Controller\BaseController.class.php 第 9 行.
SQL: SHOW COLUMNS FROM `made_article` [ RunTime:0.0008s ]
NOTIC: [8] Undefined variable: typeName D:\wamp\wamp64\www\jiiMade\Application\Admin\Model\ArticleModel.class.php 第 18 行.
SQL: SELECT COUNT(*) AS tp_count FROM `made_article` LIMIT 1   [ RunTime:0.0003s ]
SQL: SELECT * FROM `made_article` ORDER BY sort_id asc LIMIT 0,10   [ RunTime:0.0005s ]
INFO: [ view_parse ] --START--
INFO: [ template_filter ] --START--
INFO: Run Behavior\ContentReplaceBehavior [ RunTime:0.000091s ]
INFO: [ template_filter ] --END-- [ RunTime:0.000232s ]
NOTIC: [8] Undefined variable: cat_list D:\wamp\wamp64\www\jiiMade\Application\Runtime\Cache\Admin\3233ce5cce332a117b52d9b8831cbcfa.php 第 26 行.
INFO: Run Behavior\ParseTemplateBehavior [ RunTime:0.011170s ]
INFO: [ view_parse ] --END-- [ RunTime:0.011354s ]
INFO: [ view_filter ] --START--
INFO: Run Behavior\WriteHtmlCacheBehavior [ RunTime:0.000360s ]
INFO: [ view_filter ] --END-- [ RunTime:0.000465s ]
INFO: [ app_end ] --START--
INFO: Run Behavior\ShowPageTraceBehavior [ RunTime:0.000593s ]
INFO: [ app_end ] --END-- [ RunTime:0.000716s ]

[ 2018-04-25T17:46:53+08:00 ] ::1 /jiimade/index.php/Admin/Article/edit/id/1.html
INFO: [ app_init ] --START--
INFO: Run Behavior\BuildLiteBehavior [ RunTime:0.000024s ]
INFO: [ app_init ] --END-- [ RunTime:0.000491s ]
INFO: [ app_begin ] --START--
INFO: Run Behavior\ReadHtmlCacheBehavior [ RunTime:0.000588s ]
INFO: [ app_begin ] --END-- [ RunTime:0.000699s ]
NOTIC: [8] A session had already been started - ignoring session_start() D:\wamp\wamp64\www\jiiMade\Application\Admin\Controller\BaseController.class.php 第 9 行.
SQL: SHOW COLUMNS FROM `made_article` [ RunTime:0.0005s ]
SQL: SHOW COLUMNS FROM `made_article_desc` [ RunTime:0.0013s ]
SQL: SELECT * FROM `made_article_desc` WHERE `article_id` = 1  [ RunTime:0.0003s ]
SQL: SELECT * FROM `made_article` WHERE `id` = 1 LIMIT 1   [ RunTime:0.0002s ]
SQL: SHOW COLUMNS FROM `made_goods` [ RunTime:0.0004s ]
SQL: SELECT `id`,`goods_name` FROM `made_goods` WHERE `id` = 0 LIMIT 1   [ RunTime:0.0002s ]
INFO: [ view_parse ] --START--
INFO: [ template_filter ] --START--
INFO: Run Behavior\ContentReplaceBehavior [ RunTime:0.000120s ]
INFO: [ template_filter ] --END-- [ RunTime:0.000240s ]
INFO: Run Behavior\ParseTemplateBehavior [ RunTime:0.011304s ]
INFO: [ view_parse ] --END-- [ RunTime:0.011435s ]
INFO: [ view_filter ] --START--
INFO: Run Behavior\WriteHtmlCacheBehavior [ RunTime:0.000571s ]
INFO: [ view_filter ] --END-- [ RunTime:0.000693s ]
INFO: [ app_end ] --START--
INFO: Run Behavior\ShowPageTraceBehavior [ RunTime:0.000608s ]
INFO: [ app_end ] --END-- [ RunTime:0.000726s ]

[ 2018-04-25T17:46:59+08:00 ] ::1 /jiimade/index.php/Admin/Article/ajaxDelDesc/descid/4
INFO: [ app_init ] --START--
INFO: Run Behavior\BuildLiteBehavior [ RunTime:0.000023s ]
INFO: [ app_init ] --END-- [ RunTime:0.000486s ]
INFO: [ app_begin ] --START--
INFO: Run Behavior\ReadHtmlCacheBehavior [ RunTime:0.000576s ]
INFO: [ app_begin ] --END-- [ RunTime:0.000668s ]
NOTIC: [8] A session had already been started - ignoring session_start() D:\wamp\wamp64\www\jiiMade\Application\Admin\Controller\BaseController.class.php 第 9 行.
SQL: SHOW COLUMNS FROM `made_article_desc` [ RunTime:0.0005s ]
SQL: SELECT `img_src` FROM `made_article_desc` WHERE `id` = '4'  [ RunTime:0.0002s ]
SQL: DELETE FROM `made_article_desc` WHERE `id` = '4' [ RunTime:0.0024s ]
INFO: [ app_end ] --START--
INFO: Run Behavior\ShowPageTraceBehavior [ RunTime:0.001174s ]
INFO: [ app_end ] --END-- [ RunTime:0.001374s ]

[ 2018-04-25T17:47:00+08:00 ] ::1 /jiimade/index.php/Admin/Article/ajaxDelDesc/descid/2
INFO: [ app_init ] --START--
INFO: Run Behavior\BuildLiteBehavior [ RunTime:0.000027s ]
INFO: [ app_init ] --END-- [ RunTime:0.000550s ]
INFO: [ app_begin ] --START--
INFO: Run Behavior\ReadHtmlCacheBehavior [ RunTime:0.000626s ]
INFO: [ app_begin ] --END-- [ RunTime:0.000723s ]
NOTIC: [8] A session had already been started - ignoring session_start() D:\wamp\wamp64\www\jiiMade\Application\Admin\Controller\BaseController.class.php 第 9 行.
SQL: SHOW COLUMNS FROM `made_article_desc` [ RunTime:0.0014s ]
SQL: SELECT `img_src` FROM `made_article_desc` WHERE `id` = '2'  [ RunTime:0.0004s ]
SQL: DELETE FROM `made_article_desc` WHERE `id` = '2' [ RunTime:0.0016s ]
INFO: [ app_end ] --START--
INFO: Run Behavior\ShowPageTraceBehavior [ RunTime:0.000638s ]
INFO: [ app_end ] --END-- [ RunTime:0.000731s ]

[ 2018-04-25T17:47:01+08:00 ] ::1 /jiimade/index.php/Admin/Article/ajaxDelDesc/descid/1
INFO: [ app_init ] --START--
INFO: Run Behavior\BuildLiteBehavior [ RunTime:0.000024s ]
INFO: [ app_init ] --END-- [ RunTime:0.000503s ]
INFO: [ app_begin ] --START--
INFO: Run Behavior\ReadHtmlCacheBehavior [ RunTime:0.000592s ]
INFO: [ app_begin ] --END-- [ RunTime:0.000688s ]
NOTIC: [8] A session had already been started - ignoring session_start() D:\wamp\wamp64\www\jiiMade\Application\Admin\Controller\BaseController.class.php 第 9 行.
SQL: SHOW COLUMNS FROM `made_article_desc` [ RunTime:0.0007s ]
SQL: SELECT `img_src` FROM `made_article_desc` WHERE `id` = '1'  [ RunTime:0.0003s ]
SQL: DELETE FROM `made_article_desc` WHERE `id` = '1' [ RunTime:0.0022s ]
INFO: [ app_end ] --START--
INFO: Run Behavior\ShowPageTraceBehavior [ RunTime:0.000892s ]
INFO: [ app_end ] --END-- [ RunTime:0.001060s ]

[ 2018-04-25T17:48:40+08:00 ] ::1 /jiimade/index.php/Admin/Article/ajaxChangeSort?did=7&sort=99
INFO: [ app_init ] --START--
INFO: Run Behavior\BuildLiteBehavior [ RunTime:0.000022s ]
INFO: [ app_init ] --END-- [ RunTime:0.000454s ]
INFO: [ app_begin ] --START--
INFO: Run Behavior\ReadHtmlCacheBehavior [ RunTime:0.000604s ]
INFO: [ app_begin ] --END-- [ RunTime:0.000698s ]
NOTIC: [8] A session had already been started - ignoring session_start() D:\wamp\wamp64\www\jiiMade\Application\Admin\Controller\BaseController.class.php 第 9 行.
SQL: SHOW COLUMNS FROM `made_article_desc` [ RunTime:0.0007s ]
SQL: UPDATE `made_article_desc` SET `sort_id`='99' WHERE `id` = 7 [ RunTime:0.0020s ]
INFO: [ app_end ] --START--
INFO: Run Behavior\ShowPageTraceBehavior [ RunTime:0.001319s ]
INFO: [ app_end ] --END-- [ RunTime:0.001549s ]

