[ 2018-07-29T12:20:10+08:00 ] ::1 /jiimadeeee/index.php/admin/index/index
INFO: [ app_init ] --START--
INFO: Run Behavior\BuildLiteBehavior [ RunTime:0.000179s ]
INFO: [ app_init ] --END-- [ RunTime:0.004318s ]
INFO: [ app_begin ] --START--
INFO: Run Behavior\ReadHtmlCacheBehavior [ RunTime:0.001638s ]
INFO: [ app_begin ] --END-- [ RunTime:0.001834s ]
NOTIC: [8] A session had already been started - ignoring session_start() D:\wamp\wamp64\www\jiimadeeee\Application\Admin\Controller\BaseController.class.php 第 9 行.
INFO: [ view_parse ] --START--
INFO: [ template_filter ] --START--
INFO: Run Behavior\ContentReplaceBehavior [ RunTime:0.000122s ]
INFO: [ template_filter ] --END-- [ RunTime:0.000342s ]
INFO: Run Behavior\ParseTemplateBehavior [ RunTime:0.028176s ]
INFO: [ view_parse ] --END-- [ RunTime:0.028382s ]
INFO: [ view_filter ] --START--
INFO: Run Behavior\WriteHtmlCacheBehavior [ RunTime:0.001105s ]
INFO: [ view_filter ] --END-- [ RunTime:0.001463s ]

[ 2018-07-29T12:20:13+08:00 ] ::1 /jiimadeeee/index.php/Admin/Login/login.html
INFO: [ app_init ] --START--
INFO: Run Behavior\BuildLiteBehavior [ RunTime:0.000026s ]
INFO: [ app_init ] --END-- [ RunTime:0.000479s ]
INFO: [ app_begin ] --START--
INFO: Run Behavior\ReadHtmlCacheBehavior [ RunTime:0.003801s ]
INFO: [ app_begin ] --END-- [ RunTime:0.004355s ]
INFO: [ view_parse ] --START--
INFO: [ template_filter ] --START--
INFO: Run Behavior\ContentReplaceBehavior [ RunTime:0.000668s ]
INFO: [ template_filter ] --END-- [ RunTime:0.001700s ]
INFO: Run Behavior\ParseTemplateBehavior [ RunTime:0.040495s ]
INFO: [ view_parse ] --END-- [ RunTime:0.041414s ]
INFO: [ view_filter ] --START--
INFO: Run Behavior\WriteHtmlCacheBehavior [ RunTime:0.003740s ]
INFO: [ view_filter ] --END-- [ RunTime:0.004562s ]
INFO: [ app_end ] --START--
INFO: Run Behavior\ShowPageTraceBehavior [ RunTime:0.003930s ]
INFO: [ app_end ] --END-- [ RunTime:0.004606s ]

[ 2018-07-29T12:20:13+08:00 ] ::1 /jiimadeeee/index.php/Admin/Login/chkcode.html
INFO: [ app_init ] --START--
INFO: Run Behavior\BuildLiteBehavior [ RunTime:0.000040s ]
INFO: [ app_init ] --END-- [ RunTime:0.000648s ]
INFO: [ app_begin ] --START--
INFO: Run Behavior\ReadHtmlCacheBehavior [ RunTime:0.004564s ]
INFO: [ app_begin ] --END-- [ RunTime:0.005527s ]
NOTIC: [8] A session had already been started - ignoring session_start() D:\wamp\wamp64\www\jiimadeeee\Application\Admin\Controller\LoginController.class.php 第 29 行.
INFO: [ app_end ] --START--
INFO: Run Behavior\ShowPageTraceBehavior [ RunTime:0.001351s ]
INFO: [ app_end ] --END-- [ RunTime:0.001613s ]

[ 2018-07-29T12:20:33+08:00 ] ::1 /jiimadeeee/index.php/Admin/Login/login.html
INFO: [ app_init ] --START--
INFO: Run Behavior\BuildLiteBehavior [ RunTime:0.000118s ]
INFO: [ app_init ] --END-- [ RunTime:0.001806s ]
INFO: [ app_begin ] --START--
INFO: Run Behavior\ReadHtmlCacheBehavior [ RunTime:0.003822s ]
INFO: [ app_begin ] --END-- [ RunTime:0.004671s ]
SQL: SHOW COLUMNS FROM `made_admin` [ RunTime:0.0025s ]
NOTIC: [8] Undefined index: auto D:\wamp\wamp64\www\jiimadeeee\ThinkPHP\Library\Think\Model.class.php 第 1128 行.
SQL: SELECT * FROM `made_admin` WHERE `username` = 'root' LIMIT 1   [ RunTime:0.0010s ]
INFO: [ view_parse ] --START--
INFO: [ template_filter ] --START--
INFO: Run Behavior\ContentReplaceBehavior [ RunTime:0.000710s ]
INFO: [ template_filter ] --END-- [ RunTime:0.002131s ]
INFO: Run Behavior\ParseTemplateBehavior [ RunTime:0.041950s ]
INFO: [ view_parse ] --END-- [ RunTime:0.042848s ]
INFO: [ view_filter ] --START--
INFO: Run Behavior\WriteHtmlCacheBehavior [ RunTime:0.002186s ]
INFO: [ view_filter ] --END-- [ RunTime:0.003072s ]
INFO: [ view_parse ] --START--
INFO: [ template_filter ] --START--
INFO: Run Behavior\ContentReplaceBehavior [ RunTime:0.000433s ]
INFO: [ template_filter ] --END-- [ RunTime:-0.027036s ]
INFO: Run Behavior\ParseTemplateBehavior [ RunTime:0.022800s ]
INFO: [ view_parse ] --END-- [ RunTime:-0.005276s ]
INFO: [ view_filter ] --START--
INFO: Run Behavior\WriteHtmlCacheBehavior [ RunTime:0.000088s ]
INFO: [ view_filter ] --END-- [ RunTime:-0.026429s ]

[ 2018-07-29T12:20:34+08:00 ] ::1 /jiimadeeee/index.php/Admin/index/index.html
INFO: [ app_init ] --START--
INFO: Run Behavior\BuildLiteBehavior [ RunTime:0.000290s ]
INFO: [ app_init ] --END-- [ RunTime:0.004528s ]
INFO: [ app_begin ] --START--
INFO: Run Behavior\ReadHtmlCacheBehavior [ RunTime:0.003646s ]
INFO: [ app_begin ] --END-- [ RunTime:0.004229s ]
NOTIC: [8] A session had already been started - ignoring session_start() D:\wamp\wamp64\www\jiimadeeee\Application\Admin\Controller\BaseController.class.php 第 9 行.
INFO: [ view_parse ] --START--
INFO: [ template_filter ] --START--
INFO: Run Behavior\ContentReplaceBehavior [ RunTime:0.000331s ]
INFO: [ template_filter ] --END-- [ RunTime:0.001293s ]
INFO: Run Behavior\ParseTemplateBehavior [ RunTime:0.040096s ]
INFO: [ view_parse ] --END-- [ RunTime:0.041450s ]
INFO: [ view_filter ] --START--
INFO: Run Behavior\WriteHtmlCacheBehavior [ RunTime:0.002217s ]
INFO: [ view_filter ] --END-- [ RunTime:0.002991s ]
INFO: [ app_end ] --START--
INFO: Run Behavior\ShowPageTraceBehavior [ RunTime:0.002802s ]
INFO: [ app_end ] --END-- [ RunTime:0.003219s ]

[ 2018-07-29T12:20:34+08:00 ] ::1 /jiimadeeee/index.php/Admin/index/index.html
INFO: [ app_init ] --START--
INFO: Run Behavior\BuildLiteBehavior [ RunTime:0.000106s ]
INFO: [ app_init ] --END-- [ RunTime:0.001144s ]
INFO: [ app_begin ] --START--
INFO: Run Behavior\ReadHtmlCacheBehavior [ RunTime:0.006152s ]
INFO: [ app_begin ] --END-- [ RunTime:0.007276s ]
NOTIC: [8] A session had already been started - ignoring session_start() D:\wamp\wamp64\www\jiimadeeee\Application\Admin\Controller\BaseController.class.php 第 9 行.
INFO: [ view_parse ] --START--
INFO: [ template_filter ] --START--
INFO: Run Behavior\ContentReplaceBehavior [ RunTime:0.000448s ]
INFO: [ template_filter ] --END-- [ RunTime:0.001299s ]
INFO: Run Behavior\ParseTemplateBehavior [ RunTime:0.029885s ]
INFO: [ view_parse ] --END-- [ RunTime:0.031177s ]
INFO: [ view_filter ] --START--
INFO: Run Behavior\WriteHtmlCacheBehavior [ RunTime:0.002829s ]
INFO: [ view_filter ] --END-- [ RunTime:0.003572s ]
INFO: [ app_end ] --START--
INFO: Run Behavior\ShowPageTraceBehavior [ RunTime:0.007062s ]
INFO: [ app_end ] --END-- [ RunTime:0.007567s ]

[ 2018-07-29T12:20:34+08:00 ] ::1 /jiimadeeee/index.php/Admin/index/top.html
INFO: [ app_init ] --START--
INFO: Run Behavior\BuildLiteBehavior [ RunTime:0.000049s ]
INFO: [ app_init ] --END-- [ RunTime:0.000766s ]
INFO: [ app_begin ] --START--
INFO: Run Behavior\ReadHtmlCacheBehavior [ RunTime:0.004188s ]
INFO: [ app_begin ] --END-- [ RunTime:0.005176s ]
NOTIC: [8] A session had already been started - ignoring session_start() D:\wamp\wamp64\www\jiimadeeee\Application\Admin\Controller\BaseController.class.php 第 9 行.
INFO: [ view_parse ] --START--
INFO: [ template_filter ] --START--
INFO: Run Behavior\ContentReplaceBehavior [ RunTime:0.000111s ]
INFO: [ template_filter ] --END-- [ RunTime:0.000276s ]
INFO: Run Behavior\ParseTemplateBehavior [ RunTime:0.020352s ]
INFO: [ view_parse ] --END-- [ RunTime:0.020597s ]
INFO: [ view_filter ] --START--
INFO: Run Behavior\WriteHtmlCacheBehavior [ RunTime:0.000638s ]
INFO: [ view_filter ] --END-- [ RunTime:0.000816s ]
INFO: [ app_end ] --START--
INFO: Run Behavior\ShowPageTraceBehavior [ RunTime:0.000880s ]
INFO: [ app_end ] --END-- [ RunTime:0.001072s ]

[ 2018-07-29T12:20:34+08:00 ] ::1 /jiimadeeee/index.php/Admin/index/menu.html
INFO: [ app_init ] --START--
INFO: Run Behavior\BuildLiteBehavior [ RunTime:0.000277s ]
INFO: [ app_init ] --END-- [ RunTime:0.001418s ]
INFO: [ app_begin ] --START--
INFO: Run Behavior\ReadHtmlCacheBehavior [ RunTime:0.004787s ]
INFO: [ app_begin ] --END-- [ RunTime:0.005607s ]
NOTIC: [8] A session had already been started - ignoring session_start() D:\wamp\wamp64\www\jiimadeeee\Application\Admin\Controller\BaseController.class.php 第 9 行.
INFO: [ view_parse ] --START--
INFO: [ template_filter ] --START--
INFO: Run Behavior\ContentReplaceBehavior [ RunTime:0.001125s ]
INFO: [ template_filter ] --END-- [ RunTime:0.001961s ]
SQL: SHOW COLUMNS FROM `made_privilege` [ RunTime:0.0023s ]
SQL: SELECT * FROM `made_privilege`  [ RunTime:0.0014s ]
INFO: Run Behavior\ParseTemplateBehavior [ RunTime:0.146612s ]
INFO: [ view_parse ] --END-- [ RunTime:0.147250s ]
INFO: [ view_filter ] --START--
INFO: Run Behavior\WriteHtmlCacheBehavior [ RunTime:0.002699s ]
INFO: [ view_filter ] --END-- [ RunTime:0.003663s ]
INFO: [ app_end ] --START--
INFO: Run Behavior\ShowPageTraceBehavior [ RunTime:0.004795s ]
INFO: [ app_end ] --END-- [ RunTime:0.005613s ]

[ 2018-07-29T12:20:34+08:00 ] ::1 /jiimadeeee/index.php/Admin/index/main.html
INFO: [ app_init ] --START--
INFO: Run Behavior\BuildLiteBehavior [ RunTime:0.000272s ]
INFO: [ app_init ] --END-- [ RunTime:0.003070s ]
INFO: [ app_begin ] --START--
INFO: Run Behavior\ReadHtmlCacheBehavior [ RunTime:0.000955s ]
INFO: [ app_begin ] --END-- [ RunTime:0.001169s ]
NOTIC: [8] A session had already been started - ignoring session_start() D:\wamp\wamp64\www\jiimadeeee\Application\Admin\Controller\BaseController.class.php 第 9 行.
INFO: [ view_parse ] --START--
INFO: [ template_filter ] --START--
INFO: Run Behavior\ContentReplaceBehavior [ RunTime:0.000844s ]
INFO: [ template_filter ] --END-- [ RunTime:0.002311s ]
INFO: Run Behavior\ParseTemplateBehavior [ RunTime:0.030779s ]
INFO: [ view_parse ] --END-- [ RunTime:0.031056s ]
INFO: [ view_filter ] --START--
INFO: Run Behavior\WriteHtmlCacheBehavior [ RunTime:0.004389s ]
INFO: [ view_filter ] --END-- [ RunTime:0.004927s ]
INFO: [ app_end ] --START--
INFO: Run Behavior\ShowPageTraceBehavior [ RunTime:0.004593s ]
INFO: [ app_end ] --END-- [ RunTime:0.005987s ]

[ 2018-07-29T12:21:01+08:00 ] ::1 /jiimadeeee/index.php/Admin/Admin/setIntegration.html
INFO: [ app_init ] --START--
INFO: Run Behavior\BuildLiteBehavior [ RunTime:0.000157s ]
INFO: [ app_init ] --END-- [ RunTime:0.002541s ]
INFO: [ app_begin ] --START--
INFO: Run Behavior\ReadHtmlCacheBehavior [ RunTime:0.004150s ]
INFO: [ app_begin ] --END-- [ RunTime:0.005428s ]
NOTIC: [8] A session had already been started - ignoring session_start() D:\wamp\wamp64\www\jiimadeeee\Application\Admin\Controller\BaseController.class.php 第 9 行.
SQL: SHOW COLUMNS FROM `made_privilege` [ RunTime:0.0063s ]
SQL: SHOW COLUMNS FROM `made_reward` [ RunTime:0.0012s ]
SQL: SELECT * FROM `made_reward`  [ RunTime:0.0010s ]
INFO: [ view_parse ] --START--
INFO: [ template_filter ] --START--
INFO: Run Behavior\ContentReplaceBehavior [ RunTime:0.000153s ]
INFO: [ template_filter ] --END-- [ RunTime:0.000406s ]
NOTIC: [8] Undefined variable: btn_url D:\wamp\wamp64\www\jiimadeeee\Application\Runtime\Cache\Admin\0446afcf9f5dd05f8a8e27f5e7352e79.php 第 12 行.
NOTIC: [8] Undefined variable: btn_name D:\wamp\wamp64\www\jiimadeeee\Application\Runtime\Cache\Admin\0446afcf9f5dd05f8a8e27f5e7352e79.php 第 12 行.
INFO: Run Behavior\ParseTemplateBehavior [ RunTime:0.019410s ]
INFO: [ view_parse ] --END-- [ RunTime:0.019990s ]
INFO: [ view_filter ] --START--
INFO: Run Behavior\WriteHtmlCacheBehavior [ RunTime:0.000630s ]
INFO: [ view_filter ] --END-- [ RunTime:0.000815s ]
INFO: [ app_end ] --START--
INFO: Run Behavior\ShowPageTraceBehavior [ RunTime:0.000750s ]
INFO: [ app_end ] --END-- [ RunTime:0.000900s ]

