[ 2018-07-30T09:50:49+08:00 ] ::1 /jiimadeeee/index.php/admin/index/index
INFO: [ app_init ] --START--
INFO: Run Behavior\BuildLiteBehavior [ RunTime:0.000028s ]
INFO: [ app_init ] --END-- [ RunTime:0.000508s ]
INFO: [ app_begin ] --START--
INFO: Run Behavior\ReadHtmlCacheBehavior [ RunTime:0.000694s ]
INFO: [ app_begin ] --END-- [ RunTime:0.000821s ]
NOTIC: [8] A session had already been started - ignoring session_start() D:\wamp\wamp64\www\jiimadeeee\Application\Admin\Controller\BaseController.class.php 第 9 行.
INFO: [ view_parse ] --START--
INFO: [ template_filter ] --START--
INFO: Run Behavior\ContentReplaceBehavior [ RunTime:0.000389s ]
INFO: [ template_filter ] --END-- [ RunTime:0.001086s ]
INFO: Run Behavior\ParseTemplateBehavior [ RunTime:0.049532s ]
INFO: [ view_parse ] --END-- [ RunTime:0.050130s ]
INFO: [ view_filter ] --START--
INFO: Run Behavior\WriteHtmlCacheBehavior [ RunTime:0.002467s ]
INFO: [ view_filter ] --END-- [ RunTime:0.002821s ]

[ 2018-07-30T09:50:51+08:00 ] ::1 /jiimadeeee/index.php/Admin/Login/login.html
INFO: [ app_init ] --START--
INFO: Run Behavior\BuildLiteBehavior [ RunTime:0.000232s ]
INFO: [ app_init ] --END-- [ RunTime:0.003741s ]
INFO: [ app_begin ] --START--
INFO: Run Behavior\ReadHtmlCacheBehavior [ RunTime:0.004757s ]
INFO: [ app_begin ] --END-- [ RunTime:0.005939s ]
INFO: [ view_parse ] --START--
INFO: [ template_filter ] --START--
INFO: Run Behavior\ContentReplaceBehavior [ RunTime:0.000387s ]
INFO: [ template_filter ] --END-- [ RunTime:0.001011s ]
INFO: Run Behavior\ParseTemplateBehavior [ RunTime:0.045825s ]
INFO: [ view_parse ] --END-- [ RunTime:0.046847s ]
INFO: [ view_filter ] --START--
INFO: Run Behavior\WriteHtmlCacheBehavior [ RunTime:0.004105s ]
INFO: [ view_filter ] --END-- [ RunTime:0.005041s ]
INFO: [ app_end ] --START--
INFO: Run Behavior\ShowPageTraceBehavior [ RunTime:0.004050s ]
INFO: [ app_end ] --END-- [ RunTime:0.004760s ]

[ 2018-07-30T09:50:52+08:00 ] ::1 /jiimadeeee/index.php/Admin/Login/chkcode.html
INFO: [ app_init ] --START--
INFO: Run Behavior\BuildLiteBehavior [ RunTime:0.000215s ]
INFO: [ app_init ] --END-- [ RunTime:0.003172s ]
INFO: [ app_begin ] --START--
INFO: Run Behavior\ReadHtmlCacheBehavior [ RunTime:0.003671s ]
INFO: [ app_begin ] --END-- [ RunTime:0.004586s ]
NOTIC: [8] A session had already been started - ignoring session_start() D:\wamp\wamp64\www\jiimadeeee\Application\Admin\Controller\LoginController.class.php 第 29 行.
INFO: [ app_end ] --START--
INFO: Run Behavior\ShowPageTraceBehavior [ RunTime:0.002834s ]
INFO: [ app_end ] --END-- [ RunTime:0.003511s ]

[ 2018-07-30T09:51:03+08:00 ] ::1 /jiimadeeee/index.php/Admin/Login/login.html
INFO: [ app_init ] --START--
INFO: Run Behavior\BuildLiteBehavior [ RunTime:0.000029s ]
INFO: [ app_init ] --END-- [ RunTime:0.000622s ]
INFO: [ app_begin ] --START--
INFO: Run Behavior\ReadHtmlCacheBehavior [ RunTime:0.000934s ]
INFO: [ app_begin ] --END-- [ RunTime:0.001209s ]
SQL: SHOW COLUMNS FROM `made_admin` [ RunTime:0.0068s ]
INFO: [ view_parse ] --START--
INFO: [ template_filter ] --START--
INFO: Run Behavior\ContentReplaceBehavior [ RunTime:0.000555s ]
INFO: [ template_filter ] --END-- [ RunTime:0.001165s ]
INFO: Run Behavior\ParseTemplateBehavior [ RunTime:0.041828s ]
INFO: [ view_parse ] --END-- [ RunTime:0.042545s ]
INFO: [ view_filter ] --START--
INFO: Run Behavior\WriteHtmlCacheBehavior [ RunTime:0.003011s ]
INFO: [ view_filter ] --END-- [ RunTime:0.003985s ]

[ 2018-07-30T09:51:06+08:00 ] ::1 /jiimadeeee/index.php/Admin/Login/login.html
INFO: [ app_init ] --START--
INFO: Run Behavior\BuildLiteBehavior [ RunTime:0.000402s ]
INFO: [ app_init ] --END-- [ RunTime:0.005162s ]
INFO: [ app_begin ] --START--
INFO: Run Behavior\ReadHtmlCacheBehavior [ RunTime:0.003569s ]
INFO: [ app_begin ] --END-- [ RunTime:0.004639s ]
INFO: [ view_parse ] --START--
INFO: [ template_filter ] --START--
INFO: Run Behavior\ContentReplaceBehavior [ RunTime:0.000504s ]
INFO: [ template_filter ] --END-- [ RunTime:0.001301s ]
INFO: Run Behavior\ParseTemplateBehavior [ RunTime:0.043740s ]
INFO: [ view_parse ] --END-- [ RunTime:0.044574s ]
INFO: [ view_filter ] --START--
INFO: Run Behavior\WriteHtmlCacheBehavior [ RunTime:0.001871s ]
INFO: [ view_filter ] --END-- [ RunTime:0.002523s ]
INFO: [ app_end ] --START--
INFO: Run Behavior\ShowPageTraceBehavior [ RunTime:0.004559s ]
INFO: [ app_end ] --END-- [ RunTime:0.005530s ]

[ 2018-07-30T09:51:12+08:00 ] ::1 /jiimadeeee/index.php/Admin/Login/chkcode.html
INFO: [ app_init ] --START--
INFO: Run Behavior\BuildLiteBehavior [ RunTime:0.000183s ]
INFO: [ app_init ] --END-- [ RunTime:0.002887s ]
INFO: [ app_begin ] --START--
INFO: Run Behavior\ReadHtmlCacheBehavior [ RunTime:0.003040s ]
INFO: [ app_begin ] --END-- [ RunTime:0.003783s ]
NOTIC: [8] A session had already been started - ignoring session_start() D:\wamp\wamp64\www\jiimadeeee\Application\Admin\Controller\LoginController.class.php 第 29 行.
INFO: [ app_end ] --START--
INFO: Run Behavior\ShowPageTraceBehavior [ RunTime:0.004127s ]
INFO: [ app_end ] --END-- [ RunTime:0.004818s ]

[ 2018-07-30T09:51:16+08:00 ] ::1 /jiimadeeee/index.php/Admin/Login/login.html
INFO: [ app_init ] --START--
INFO: Run Behavior\BuildLiteBehavior [ RunTime:0.000025s ]
INFO: [ app_init ] --END-- [ RunTime:0.000433s ]
INFO: [ app_begin ] --START--
INFO: Run Behavior\ReadHtmlCacheBehavior [ RunTime:0.000735s ]
INFO: [ app_begin ] --END-- [ RunTime:0.000886s ]
SQL: SHOW COLUMNS FROM `made_admin` [ RunTime:0.0071s ]
INFO: [ view_parse ] --START--
INFO: [ template_filter ] --START--
INFO: Run Behavior\ContentReplaceBehavior [ RunTime:0.000335s ]
INFO: [ template_filter ] --END-- [ RunTime:0.001361s ]
INFO: Run Behavior\ParseTemplateBehavior [ RunTime:0.035628s ]
INFO: [ view_parse ] --END-- [ RunTime:0.036873s ]
INFO: [ view_filter ] --START--
INFO: Run Behavior\WriteHtmlCacheBehavior [ RunTime:0.002477s ]
INFO: [ view_filter ] --END-- [ RunTime:0.003609s ]

[ 2018-07-30T09:51:20+08:00 ] ::1 /jiimadeeee/index.php/Admin/Login/login.html
INFO: [ app_init ] --START--
INFO: Run Behavior\BuildLiteBehavior [ RunTime:0.000202s ]
INFO: [ app_init ] --END-- [ RunTime:0.002835s ]
INFO: [ app_begin ] --START--
INFO: Run Behavior\ReadHtmlCacheBehavior [ RunTime:0.004444s ]
INFO: [ app_begin ] --END-- [ RunTime:0.005286s ]
INFO: [ view_parse ] --START--
INFO: [ template_filter ] --START--
INFO: Run Behavior\ContentReplaceBehavior [ RunTime:0.000331s ]
INFO: [ template_filter ] --END-- [ RunTime:0.000828s ]
INFO: Run Behavior\ParseTemplateBehavior [ RunTime:0.040942s ]
INFO: [ view_parse ] --END-- [ RunTime:0.041712s ]
INFO: [ view_filter ] --START--
INFO: Run Behavior\WriteHtmlCacheBehavior [ RunTime:0.001541s ]
INFO: [ view_filter ] --END-- [ RunTime:0.002042s ]
INFO: [ app_end ] --START--
INFO: Run Behavior\ShowPageTraceBehavior [ RunTime:0.003125s ]
INFO: [ app_end ] --END-- [ RunTime:0.003814s ]

[ 2018-07-30T09:51:25+08:00 ] ::1 /jiimadeeee/index.php/Admin/Login/chkcode.html
INFO: [ app_init ] --START--
INFO: Run Behavior\BuildLiteBehavior [ RunTime:0.000347s ]
INFO: [ app_init ] --END-- [ RunTime:0.004452s ]
INFO: [ app_begin ] --START--
INFO: Run Behavior\ReadHtmlCacheBehavior [ RunTime:0.003413s ]
INFO: [ app_begin ] --END-- [ RunTime:0.004435s ]
NOTIC: [8] A session had already been started - ignoring session_start() D:\wamp\wamp64\www\jiimadeeee\Application\Admin\Controller\LoginController.class.php 第 29 行.
INFO: [ app_end ] --START--
INFO: Run Behavior\ShowPageTraceBehavior [ RunTime:0.003862s ]
INFO: [ app_end ] --END-- [ RunTime:0.004863s ]

[ 2018-07-30T09:51:30+08:00 ] ::1 /jiimadeeee/index.php/Admin/Login/login.html
INFO: [ app_init ] --START--
INFO: Run Behavior\BuildLiteBehavior [ RunTime:0.000145s ]
INFO: [ app_init ] --END-- [ RunTime:0.002276s ]
INFO: [ app_begin ] --START--
INFO: Run Behavior\ReadHtmlCacheBehavior [ RunTime:0.001877s ]
INFO: [ app_begin ] --END-- [ RunTime:0.002625s ]
SQL: SHOW COLUMNS FROM `made_admin` [ RunTime:0.0063s ]
INFO: [ view_parse ] --START--
INFO: [ template_filter ] --START--
INFO: Run Behavior\ContentReplaceBehavior [ RunTime:0.001159s ]
INFO: [ template_filter ] --END-- [ RunTime:0.001685s ]
INFO: Run Behavior\ParseTemplateBehavior [ RunTime:0.043112s ]
INFO: [ view_parse ] --END-- [ RunTime:0.044092s ]
INFO: [ view_filter ] --START--
INFO: Run Behavior\WriteHtmlCacheBehavior [ RunTime:0.003382s ]
INFO: [ view_filter ] --END-- [ RunTime:0.003950s ]

[ 2018-07-30T09:51:33+08:00 ] ::1 /jiimadeeee/index.php/Admin/Login/login.html
INFO: [ app_init ] --START--
INFO: Run Behavior\BuildLiteBehavior [ RunTime:0.000223s ]
INFO: [ app_init ] --END-- [ RunTime:0.004380s ]
INFO: [ app_begin ] --START--
INFO: Run Behavior\ReadHtmlCacheBehavior [ RunTime:0.004058s ]
INFO: [ app_begin ] --END-- [ RunTime:0.005573s ]
INFO: [ view_parse ] --START--
INFO: [ template_filter ] --START--
INFO: Run Behavior\ContentReplaceBehavior [ RunTime:0.000626s ]
INFO: [ template_filter ] --END-- [ RunTime:0.001554s ]
INFO: Run Behavior\ParseTemplateBehavior [ RunTime:0.040155s ]
INFO: [ view_parse ] --END-- [ RunTime:0.041100s ]
INFO: [ view_filter ] --START--
INFO: Run Behavior\WriteHtmlCacheBehavior [ RunTime:0.002175s ]
INFO: [ view_filter ] --END-- [ RunTime:0.002960s ]
INFO: [ app_end ] --START--
INFO: Run Behavior\ShowPageTraceBehavior [ RunTime:0.004077s ]
INFO: [ app_end ] --END-- [ RunTime:0.005385s ]

[ 2018-07-30T09:51:41+08:00 ] ::1 /jiimadeeee/index.php/Admin/Login/chkcode.html
INFO: [ app_init ] --START--
INFO: Run Behavior\BuildLiteBehavior [ RunTime:0.000184s ]
INFO: [ app_init ] --END-- [ RunTime:0.002640s ]
INFO: [ app_begin ] --START--
INFO: Run Behavior\ReadHtmlCacheBehavior [ RunTime:0.003615s ]
INFO: [ app_begin ] --END-- [ RunTime:0.004496s ]
NOTIC: [8] A session had already been started - ignoring session_start() D:\wamp\wamp64\www\jiimadeeee\Application\Admin\Controller\LoginController.class.php 第 29 行.
INFO: [ app_end ] --START--
INFO: Run Behavior\ShowPageTraceBehavior [ RunTime:0.004345s ]
INFO: [ app_end ] --END-- [ RunTime:0.005307s ]

[ 2018-07-30T09:51:41+08:00 ] ::1 /jiimadeeee/index.php/Admin/Login/chkcode.html
INFO: [ app_init ] --START--
INFO: Run Behavior\BuildLiteBehavior [ RunTime:0.000209s ]
INFO: [ app_init ] --END-- [ RunTime:0.002934s ]
INFO: [ app_begin ] --START--
INFO: Run Behavior\ReadHtmlCacheBehavior [ RunTime:0.003984s ]
INFO: [ app_begin ] --END-- [ RunTime:0.005242s ]
NOTIC: [8] A session had already been started - ignoring session_start() D:\wamp\wamp64\www\jiimadeeee\Application\Admin\Controller\LoginController.class.php 第 29 行.
INFO: [ app_end ] --START--
INFO: Run Behavior\ShowPageTraceBehavior [ RunTime:0.003589s ]
INFO: [ app_end ] --END-- [ RunTime:0.004289s ]

[ 2018-07-30T09:51:41+08:00 ] ::1 /jiimadeeee/index.php/Admin/Login/chkcode.html
INFO: [ app_init ] --START--
INFO: Run Behavior\BuildLiteBehavior [ RunTime:0.000184s ]
INFO: [ app_init ] --END-- [ RunTime:0.002813s ]
INFO: [ app_begin ] --START--
INFO: Run Behavior\ReadHtmlCacheBehavior [ RunTime:0.002905s ]
INFO: [ app_begin ] --END-- [ RunTime:0.003584s ]
NOTIC: [8] A session had already been started - ignoring session_start() D:\wamp\wamp64\www\jiimadeeee\Application\Admin\Controller\LoginController.class.php 第 29 行.
INFO: [ app_end ] --START--
INFO: Run Behavior\ShowPageTraceBehavior [ RunTime:0.003412s ]
INFO: [ app_end ] --END-- [ RunTime:0.004115s ]

[ 2018-07-30T09:51:42+08:00 ] ::1 /jiimadeeee/index.php/Admin/Login/chkcode.html
INFO: [ app_init ] --START--
INFO: Run Behavior\BuildLiteBehavior [ RunTime:0.000172s ]
INFO: [ app_init ] --END-- [ RunTime:0.002491s ]
INFO: [ app_begin ] --START--
INFO: Run Behavior\ReadHtmlCacheBehavior [ RunTime:0.001579s ]
INFO: [ app_begin ] --END-- [ RunTime:0.002310s ]
NOTIC: [8] A session had already been started - ignoring session_start() D:\wamp\wamp64\www\jiimadeeee\Application\Admin\Controller\LoginController.class.php 第 29 行.
INFO: [ app_end ] --START--
INFO: Run Behavior\ShowPageTraceBehavior [ RunTime:0.003971s ]
INFO: [ app_end ] --END-- [ RunTime:0.004892s ]

[ 2018-07-30T09:51:48+08:00 ] ::1 /jiimadeeee/index.php/Admin/Login/login.html
INFO: [ app_init ] --START--
INFO: Run Behavior\BuildLiteBehavior [ RunTime:0.000268s ]
INFO: [ app_init ] --END-- [ RunTime:0.003797s ]
INFO: [ app_begin ] --START--
INFO: Run Behavior\ReadHtmlCacheBehavior [ RunTime:0.002859s ]
INFO: [ app_begin ] --END-- [ RunTime:0.003620s ]
SQL: SHOW COLUMNS FROM `made_admin` [ RunTime:0.0076s ]
NOTIC: [8] Undefined index: auto D:\wamp\wamp64\www\jiimadeeee\ThinkPHP\Library\Think\Model.class.php 第 1128 行.
SQL: SELECT * FROM `made_admin` WHERE `username` = 'root' LIMIT 1   [ RunTime:0.0007s ]
INFO: [ view_parse ] --START--
INFO: [ template_filter ] --START--
INFO: Run Behavior\ContentReplaceBehavior [ RunTime:0.000360s ]
INFO: [ template_filter ] --END-- [ RunTime:0.001008s ]
INFO: Run Behavior\ParseTemplateBehavior [ RunTime:0.042325s ]
INFO: [ view_parse ] --END-- [ RunTime:0.043204s ]
INFO: [ view_filter ] --START--
INFO: Run Behavior\WriteHtmlCacheBehavior [ RunTime:0.003735s ]
INFO: [ view_filter ] --END-- [ RunTime:0.004368s ]
INFO: [ view_parse ] --START--
INFO: [ template_filter ] --START--
INFO: Run Behavior\ContentReplaceBehavior [ RunTime:0.000337s ]
INFO: [ template_filter ] --END-- [ RunTime:-0.030110s ]
INFO: Run Behavior\ParseTemplateBehavior [ RunTime:0.020742s ]
INFO: [ view_parse ] --END-- [ RunTime:-0.006689s ]
INFO: [ view_filter ] --START--
INFO: Run Behavior\WriteHtmlCacheBehavior [ RunTime:0.000179s ]
INFO: [ view_filter ] --END-- [ RunTime:-0.024002s ]

[ 2018-07-30T09:51:49+08:00 ] ::1 /jiimadeeee/index.php/Admin/index/index.html
INFO: [ app_init ] --START--
INFO: Run Behavior\BuildLiteBehavior [ RunTime:0.000162s ]
INFO: [ app_init ] --END-- [ RunTime:0.003470s ]
INFO: [ app_begin ] --START--
INFO: Run Behavior\ReadHtmlCacheBehavior [ RunTime:0.002800s ]
INFO: [ app_begin ] --END-- [ RunTime:0.003398s ]
NOTIC: [8] A session had already been started - ignoring session_start() D:\wamp\wamp64\www\jiimadeeee\Application\Admin\Controller\BaseController.class.php 第 9 行.
INFO: [ view_parse ] --START--
INFO: [ template_filter ] --START--
INFO: Run Behavior\ContentReplaceBehavior [ RunTime:0.000265s ]
INFO: [ template_filter ] --END-- [ RunTime:0.001061s ]
INFO: Run Behavior\ParseTemplateBehavior [ RunTime:0.038039s ]
INFO: [ view_parse ] --END-- [ RunTime:0.038401s ]
INFO: [ view_filter ] --START--
INFO: Run Behavior\WriteHtmlCacheBehavior [ RunTime:0.002571s ]
INFO: [ view_filter ] --END-- [ RunTime:0.003503s ]
INFO: [ app_end ] --START--
INFO: Run Behavior\ShowPageTraceBehavior [ RunTime:0.004365s ]
INFO: [ app_end ] --END-- [ RunTime:0.005542s ]

[ 2018-07-30T09:51:49+08:00 ] ::1 /jiimadeeee/index.php/Admin/index/menu.html
INFO: [ app_init ] --START--
INFO: Run Behavior\BuildLiteBehavior [ RunTime:0.000030s ]
INFO: [ app_init ] --END-- [ RunTime:0.000658s ]
INFO: [ app_begin ] --START--
INFO: Run Behavior\ReadHtmlCacheBehavior [ RunTime:0.001084s ]
INFO: [ app_begin ] --END-- [ RunTime:0.001264s ]
NOTIC: [8] A session had already been started - ignoring session_start() D:\wamp\wamp64\www\jiimadeeee\Application\Admin\Controller\BaseController.class.php 第 9 行.
INFO: [ view_parse ] --START--
INFO: [ template_filter ] --START--
INFO: Run Behavior\ContentReplaceBehavior [ RunTime:0.000606s ]
INFO: [ template_filter ] --END-- [ RunTime:0.001642s ]
SQL: SHOW COLUMNS FROM `made_privilege` [ RunTime:0.0081s ]
SQL: SELECT * FROM `made_privilege`  [ RunTime:0.0029s ]
INFO: Run Behavior\ParseTemplateBehavior [ RunTime:0.079547s ]
INFO: [ view_parse ] --END-- [ RunTime:0.079735s ]
INFO: [ view_filter ] --START--
INFO: Run Behavior\WriteHtmlCacheBehavior [ RunTime:0.000695s ]
INFO: [ view_filter ] --END-- [ RunTime:0.000870s ]
INFO: [ app_end ] --START--
INFO: Run Behavior\ShowPageTraceBehavior [ RunTime:0.000895s ]
INFO: [ app_end ] --END-- [ RunTime:0.001044s ]

[ 2018-07-30T09:51:49+08:00 ] ::1 /jiimadeeee/index.php/Admin/index/top.html
INFO: [ app_init ] --START--
INFO: Run Behavior\BuildLiteBehavior [ RunTime:0.000166s ]
INFO: [ app_init ] --END-- [ RunTime:0.002518s ]
INFO: [ app_begin ] --START--
INFO: Run Behavior\ReadHtmlCacheBehavior [ RunTime:0.001671s ]
INFO: [ app_begin ] --END-- [ RunTime:0.002302s ]
NOTIC: [8] A session had already been started - ignoring session_start() D:\wamp\wamp64\www\jiimadeeee\Application\Admin\Controller\BaseController.class.php 第 9 行.
INFO: [ view_parse ] --START--
INFO: [ template_filter ] --START--
INFO: Run Behavior\ContentReplaceBehavior [ RunTime:0.000591s ]
INFO: [ template_filter ] --END-- [ RunTime:0.001522s ]
INFO: Run Behavior\ParseTemplateBehavior [ RunTime:0.034255s ]
INFO: [ view_parse ] --END-- [ RunTime:0.035286s ]
INFO: [ view_filter ] --START--
INFO: Run Behavior\WriteHtmlCacheBehavior [ RunTime:0.004711s ]
INFO: [ view_filter ] --END-- [ RunTime:0.006137s ]
INFO: [ app_end ] --START--
INFO: Run Behavior\ShowPageTraceBehavior [ RunTime:0.003523s ]
INFO: [ app_end ] --END-- [ RunTime:0.004554s ]

[ 2018-07-30T09:51:49+08:00 ] ::1 /jiimadeeee/index.php/Admin/index/main.html
INFO: [ app_init ] --START--
INFO: Run Behavior\BuildLiteBehavior [ RunTime:0.000181s ]
INFO: [ app_init ] --END-- [ RunTime:0.002271s ]
INFO: [ app_begin ] --START--
INFO: Run Behavior\ReadHtmlCacheBehavior [ RunTime:0.001418s ]
INFO: [ app_begin ] --END-- [ RunTime:0.002153s ]
NOTIC: [8] A session had already been started - ignoring session_start() D:\wamp\wamp64\www\jiimadeeee\Application\Admin\Controller\BaseController.class.php 第 9 行.
INFO: [ view_parse ] --START--
INFO: [ template_filter ] --START--
INFO: Run Behavior\ContentReplaceBehavior [ RunTime:0.000728s ]
INFO: [ template_filter ] --END-- [ RunTime:0.002190s ]
INFO: Run Behavior\ParseTemplateBehavior [ RunTime:0.044482s ]
INFO: [ view_parse ] --END-- [ RunTime:0.045318s ]
INFO: [ view_filter ] --START--
INFO: Run Behavior\WriteHtmlCacheBehavior [ RunTime:0.002261s ]
INFO: [ view_filter ] --END-- [ RunTime:0.003589s ]
INFO: [ app_end ] --START--
INFO: Run Behavior\ShowPageTraceBehavior [ RunTime:0.003199s ]
INFO: [ app_end ] --END-- [ RunTime:0.004031s ]

[ 2018-07-30T09:51:57+08:00 ] ::1 /jiimadeeee/index.php/Admin/Admin/setIntegration.html
INFO: [ app_init ] --START--
INFO: Run Behavior\BuildLiteBehavior [ RunTime:0.000029s ]
INFO: [ app_init ] --END-- [ RunTime:0.000481s ]
INFO: [ app_begin ] --START--
INFO: Run Behavior\ReadHtmlCacheBehavior [ RunTime:0.000623s ]
INFO: [ app_begin ] --END-- [ RunTime:0.000793s ]
NOTIC: [8] A session had already been started - ignoring session_start() D:\wamp\wamp64\www\jiimadeeee\Application\Admin\Controller\BaseController.class.php 第 9 行.
SQL: SHOW COLUMNS FROM `made_privilege` [ RunTime:0.0061s ]
SQL: SHOW COLUMNS FROM `made_reward` [ RunTime:0.0059s ]
SQL: SELECT * FROM `made_reward`  [ RunTime:0.0006s ]
INFO: [ view_parse ] --START--
INFO: [ template_filter ] --START--
INFO: Run Behavior\ContentReplaceBehavior [ RunTime:0.000521s ]
INFO: [ template_filter ] --END-- [ RunTime:0.001405s ]
NOTIC: [8] Undefined variable: btn_url D:\wamp\wamp64\www\jiimadeeee\Application\Runtime\Cache\Admin\0446afcf9f5dd05f8a8e27f5e7352e79.php 第 12 行.
NOTIC: [8] Undefined variable: btn_name D:\wamp\wamp64\www\jiimadeeee\Application\Runtime\Cache\Admin\0446afcf9f5dd05f8a8e27f5e7352e79.php 第 12 行.
INFO: Run Behavior\ParseTemplateBehavior [ RunTime:0.044069s ]
INFO: [ view_parse ] --END-- [ RunTime:0.044883s ]
INFO: [ view_filter ] --START--
INFO: Run Behavior\WriteHtmlCacheBehavior [ RunTime:0.002101s ]
INFO: [ view_filter ] --END-- [ RunTime:0.003130s ]
INFO: [ app_end ] --START--
INFO: Run Behavior\ShowPageTraceBehavior [ RunTime:0.003775s ]
INFO: [ app_end ] --END-- [ RunTime:0.004437s ]

[ 2018-07-30T14:16:35+08:00 ] ::1 /jiimadeeee/index.php/Admin/Quote/lst.html
INFO: [ app_init ] --START--
INFO: Run Behavior\BuildLiteBehavior [ RunTime:0.000122s ]
INFO: [ app_init ] --END-- [ RunTime:0.001751s ]
INFO: [ app_begin ] --START--
INFO: Run Behavior\ReadHtmlCacheBehavior [ RunTime:0.004042s ]
INFO: [ app_begin ] --END-- [ RunTime:0.005045s ]
NOTIC: [8] A session had already been started - ignoring session_start() D:\wamp\wamp64\www\jiimadeeee\Application\Admin\Controller\BaseController.class.php 第 9 行.
SQL: SHOW COLUMNS FROM `made_privilege` [ RunTime:0.0026s ]
SQL: SHOW COLUMNS FROM `made_quote` [ RunTime:0.0021s ]
SQL: SELECT COUNT(*) AS tp_count FROM `made_quote` WHERE `admin_id` = '1' LIMIT 1   [ RunTime:0.0007s ]
SQL: SELECT a.* FROM made_quote a WHERE `admin_id` = '1' LIMIT 0,20   [ RunTime:0.0010s ]
INFO: [ view_parse ] --START--
INFO: [ template_filter ] --START--
INFO: Run Behavior\ContentReplaceBehavior [ RunTime:0.000650s ]
INFO: [ template_filter ] --END-- [ RunTime:0.001483s ]
INFO: Run Behavior\ParseTemplateBehavior [ RunTime:0.048225s ]
INFO: [ view_parse ] --END-- [ RunTime:0.049250s ]
INFO: [ view_filter ] --START--
INFO: Run Behavior\WriteHtmlCacheBehavior [ RunTime:0.003764s ]
INFO: [ view_filter ] --END-- [ RunTime:0.004802s ]
INFO: [ app_end ] --START--
INFO: Run Behavior\ShowPageTraceBehavior [ RunTime:0.005322s ]
INFO: [ app_end ] --END-- [ RunTime:0.005929s ]

[ 2018-07-30T14:16:37+08:00 ] ::1 /jiimadeeee/index.php/Admin/Quote/add.html
INFO: [ app_init ] --START--
INFO: Run Behavior\BuildLiteBehavior [ RunTime:0.000025s ]
INFO: [ app_init ] --END-- [ RunTime:0.000380s ]
INFO: [ app_begin ] --START--
INFO: Run Behavior\ReadHtmlCacheBehavior [ RunTime:0.000763s ]
INFO: [ app_begin ] --END-- [ RunTime:0.000909s ]
NOTIC: [8] A session had already been started - ignoring session_start() D:\wamp\wamp64\www\jiimadeeee\Application\Admin\Controller\BaseController.class.php 第 9 行.
SQL: SHOW COLUMNS FROM `made_privilege` [ RunTime:0.0064s ]
SQL: SHOW COLUMNS FROM `made_quote` [ RunTime:0.0024s ]
INFO: [ view_parse ] --START--
INFO: [ template_filter ] --START--
INFO: Run Behavior\ContentReplaceBehavior [ RunTime:0.000619s ]
INFO: [ template_filter ] --END-- [ RunTime:0.001318s ]
NOTIC: [8] Undefined variable: catData D:\wamp\wamp64\www\jiimadeeee\Application\Runtime\Cache\Admin\f84922e4e721ddc2c4484d38d7994ee1.php 第 98 行.
INFO: Run Behavior\ParseTemplateBehavior [ RunTime:0.041727s ]
INFO: [ view_parse ] --END-- [ RunTime:0.042732s ]
INFO: [ view_filter ] --START--
INFO: Run Behavior\WriteHtmlCacheBehavior [ RunTime:0.000719s ]
INFO: [ view_filter ] --END-- [ RunTime:0.001137s ]
INFO: [ app_end ] --START--
INFO: Run Behavior\ShowPageTraceBehavior [ RunTime:0.002695s ]
INFO: [ app_end ] --END-- [ RunTime:0.003357s ]

[ 2018-07-30T14:16:40+08:00 ] ::1 /jiimadeeee/index.php/Admin/Quote/add.html
INFO: [ app_init ] --START--
INFO: Run Behavior\BuildLiteBehavior [ RunTime:0.000024s ]
INFO: [ app_init ] --END-- [ RunTime:0.000370s ]
INFO: [ app_begin ] --START--
INFO: Run Behavior\ReadHtmlCacheBehavior [ RunTime:0.000449s ]
INFO: [ app_begin ] --END-- [ RunTime:0.000585s ]
NOTIC: [8] A session had already been started - ignoring session_start() D:\wamp\wamp64\www\jiimadeeee\Application\Admin\Controller\BaseController.class.php 第 9 行.
SQL: SHOW COLUMNS FROM `made_privilege` [ RunTime:0.0029s ]
SQL: SHOW COLUMNS FROM `made_quote` [ RunTime:0.0026s ]
NOTIC: [8] Undefined index: validate D:\wamp\wamp64\www\jiimadeeee\ThinkPHP\Library\Think\Model.class.php 第 1185 行.
NOTIC: [8] Undefined index: auto D:\wamp\wamp64\www\jiimadeeee\ThinkPHP\Library\Think\Model.class.php 第 1128 行.
SQL: INSERT INTO `made_quote` (`user_name`,`address`,`telephone`,`add_time`,`id`,`admin_id`) VALUES ('李钢','sffgf','18720920196','1532931400','20180730141640874960','1') [ RunTime:0.0049s ]
INFO: [ view_parse ] --START--
INFO: [ template_filter ] --START--
INFO: Run Behavior\ContentReplaceBehavior [ RunTime:0.000445s ]
INFO: [ template_filter ] --END-- [ RunTime:0.001187s ]
INFO: Run Behavior\ParseTemplateBehavior [ RunTime:0.034056s ]
INFO: [ view_parse ] --END-- [ RunTime:0.034985s ]
INFO: [ view_filter ] --START--
INFO: Run Behavior\WriteHtmlCacheBehavior [ RunTime:0.002077s ]
INFO: [ view_filter ] --END-- [ RunTime:0.002982s ]
INFO: [ view_parse ] --START--
INFO: [ template_filter ] --START--
INFO: Run Behavior\ContentReplaceBehavior [ RunTime:0.000358s ]
INFO: [ template_filter ] --END-- [ RunTime:-0.022165s ]
INFO: Run Behavior\ParseTemplateBehavior [ RunTime:0.016201s ]
INFO: [ view_parse ] --END-- [ RunTime:-0.005347s ]
INFO: [ view_filter ] --START--
INFO: Run Behavior\WriteHtmlCacheBehavior [ RunTime:0.000246s ]
INFO: [ view_filter ] --END-- [ RunTime:-0.020079s ]

[ 2018-07-30T14:16:42+08:00 ] ::1 /jiimadeeee/index.php/Admin/Quote/lst.html
INFO: [ app_init ] --START--
INFO: Run Behavior\BuildLiteBehavior [ RunTime:0.000266s ]
INFO: [ app_init ] --END-- [ RunTime:0.001129s ]
INFO: [ app_begin ] --START--
INFO: Run Behavior\ReadHtmlCacheBehavior [ RunTime:0.002113s ]
INFO: [ app_begin ] --END-- [ RunTime:0.002844s ]
NOTIC: [8] A session had already been started - ignoring session_start() D:\wamp\wamp64\www\jiimadeeee\Application\Admin\Controller\BaseController.class.php 第 9 行.
SQL: SHOW COLUMNS FROM `made_privilege` [ RunTime:0.0055s ]
SQL: SHOW COLUMNS FROM `made_quote` [ RunTime:0.0024s ]
SQL: SELECT COUNT(*) AS tp_count FROM `made_quote` WHERE `admin_id` = '1' LIMIT 1   [ RunTime:0.0009s ]
SQL: SELECT a.* FROM made_quote a WHERE `admin_id` = '1' LIMIT 0,20   [ RunTime:0.0014s ]
INFO: [ view_parse ] --START--
INFO: [ template_filter ] --START--
INFO: Run Behavior\ContentReplaceBehavior [ RunTime:0.000513s ]
INFO: [ template_filter ] --END-- [ RunTime:0.001173s ]
INFO: Run Behavior\ParseTemplateBehavior [ RunTime:0.046170s ]
INFO: [ view_parse ] --END-- [ RunTime:0.046832s ]
INFO: [ view_filter ] --START--
INFO: Run Behavior\WriteHtmlCacheBehavior [ RunTime:0.001785s ]
INFO: [ view_filter ] --END-- [ RunTime:0.002295s ]
INFO: [ app_end ] --START--
INFO: Run Behavior\ShowPageTraceBehavior [ RunTime:0.001801s ]
INFO: [ app_end ] --END-- [ RunTime:0.002258s ]

[ 2018-07-30T14:16:42+08:00 ] ::1 /jiimadeeee/index.php/Admin/Quote/lst.html
INFO: [ app_init ] --START--
INFO: Run Behavior\BuildLiteBehavior [ RunTime:0.000186s ]
INFO: [ app_init ] --END-- [ RunTime:0.002359s ]
INFO: [ app_begin ] --START--
INFO: Run Behavior\ReadHtmlCacheBehavior [ RunTime:0.003178s ]
INFO: [ app_begin ] --END-- [ RunTime:0.004274s ]
NOTIC: [8] A session had already been started - ignoring session_start() D:\wamp\wamp64\www\jiimadeeee\Application\Admin\Controller\BaseController.class.php 第 9 行.
SQL: SHOW COLUMNS FROM `made_privilege` [ RunTime:0.0085s ]
SQL: SHOW COLUMNS FROM `made_quote` [ RunTime:0.0023s ]
SQL: SELECT COUNT(*) AS tp_count FROM `made_quote` WHERE `admin_id` = '1' LIMIT 1   [ RunTime:0.0009s ]
SQL: SELECT a.* FROM made_quote a WHERE `admin_id` = '1' LIMIT 0,20   [ RunTime:0.0012s ]
INFO: [ view_parse ] --START--
INFO: [ template_filter ] --START--
INFO: Run Behavior\ContentReplaceBehavior [ RunTime:0.000137s ]
INFO: [ template_filter ] --END-- [ RunTime:0.000333s ]
INFO: Run Behavior\ParseTemplateBehavior [ RunTime:0.046700s ]
INFO: [ view_parse ] --END-- [ RunTime:0.047389s ]
INFO: [ view_filter ] --START--
INFO: Run Behavior\WriteHtmlCacheBehavior [ RunTime:0.001831s ]
INFO: [ view_filter ] --END-- [ RunTime:0.002619s ]
INFO: [ app_end ] --START--
INFO: Run Behavior\ShowPageTraceBehavior [ RunTime:0.003380s ]
INFO: [ app_end ] --END-- [ RunTime:0.004452s ]

[ 2018-07-30T16:19:55+08:00 ] ::1 /jiimadeeee/index.php/Admin/Quote/getPrcode/id/20180730141640874960.html
INFO: [ app_init ] --START--
INFO: Run Behavior\BuildLiteBehavior [ RunTime:0.000023s ]
INFO: [ app_init ] --END-- [ RunTime:0.000370s ]
INFO: [ app_begin ] --START--
INFO: Run Behavior\ReadHtmlCacheBehavior [ RunTime:0.000431s ]
INFO: [ app_begin ] --END-- [ RunTime:0.000561s ]
NOTIC: [8] A session had already been started - ignoring session_start() D:\wamp\wamp64\www\jiimadeeee\Application\Admin\Controller\BaseController.class.php 第 9 行.
INFO: [ view_parse ] --START--
INFO: [ template_filter ] --START--
INFO: Run Behavior\ContentReplaceBehavior [ RunTime:0.000070s ]
INFO: [ template_filter ] --END-- [ RunTime:0.000213s ]
INFO: Run Behavior\ParseTemplateBehavior [ RunTime:0.008031s ]
INFO: [ view_parse ] --END-- [ RunTime:0.008168s ]
INFO: [ view_filter ] --START--
INFO: Run Behavior\WriteHtmlCacheBehavior [ RunTime:0.000347s ]
INFO: [ view_filter ] --END-- [ RunTime:0.000454s ]

[ 2018-07-30T16:19:58+08:00 ] ::1 /jiimadeeee/index.php/Admin/Login/login.html
INFO: [ app_init ] --START--
INFO: Run Behavior\BuildLiteBehavior [ RunTime:0.000028s ]
INFO: [ app_init ] --END-- [ RunTime:0.000425s ]
INFO: [ app_begin ] --START--
INFO: Run Behavior\ReadHtmlCacheBehavior [ RunTime:0.000466s ]
INFO: [ app_begin ] --END-- [ RunTime:0.000600s ]
INFO: [ view_parse ] --START--
INFO: [ template_filter ] --START--
INFO: Run Behavior\ContentReplaceBehavior [ RunTime:0.000084s ]
INFO: [ template_filter ] --END-- [ RunTime:0.000232s ]
INFO: Run Behavior\ParseTemplateBehavior [ RunTime:0.007738s ]
INFO: [ view_parse ] --END-- [ RunTime:0.007913s ]
INFO: [ view_filter ] --START--
INFO: Run Behavior\WriteHtmlCacheBehavior [ RunTime:0.000352s ]
INFO: [ view_filter ] --END-- [ RunTime:0.000460s ]
INFO: [ app_end ] --START--
INFO: Run Behavior\ShowPageTraceBehavior [ RunTime:0.000491s ]
INFO: [ app_end ] --END-- [ RunTime:0.000599s ]

[ 2018-07-30T16:19:58+08:00 ] ::1 /jiimadeeee/index.php/Admin/Login/chkcode.html
INFO: [ app_init ] --START--
INFO: Run Behavior\BuildLiteBehavior [ RunTime:0.000183s ]
INFO: [ app_init ] --END-- [ RunTime:0.002635s ]
INFO: [ app_begin ] --START--
INFO: Run Behavior\ReadHtmlCacheBehavior [ RunTime:0.002503s ]
INFO: [ app_begin ] --END-- [ RunTime:0.003142s ]
NOTIC: [8] A session had already been started - ignoring session_start() D:\wamp\wamp64\www\jiimadeeee\Application\Admin\Controller\LoginController.class.php 第 29 行.
INFO: [ app_end ] --START--
INFO: Run Behavior\ShowPageTraceBehavior [ RunTime:0.002953s ]
INFO: [ app_end ] --END-- [ RunTime:0.003850s ]

[ 2018-07-30T16:20:12+08:00 ] ::1 /jiimadeeee/index.php/Admin/Login/login.html
INFO: [ app_init ] --START--
INFO: Run Behavior\BuildLiteBehavior [ RunTime:0.000159s ]
INFO: [ app_init ] --END-- [ RunTime:0.002521s ]
INFO: [ app_begin ] --START--
INFO: Run Behavior\ReadHtmlCacheBehavior [ RunTime:0.003953s ]
INFO: [ app_begin ] --END-- [ RunTime:0.004811s ]
SQL: SHOW COLUMNS FROM `made_admin` [ RunTime:0.0057s ]
NOTIC: [8] Undefined index: auto D:\wamp\wamp64\www\jiimadeeee\ThinkPHP\Library\Think\Model.class.php 第 1128 行.
SQL: SELECT * FROM `made_admin` WHERE `username` = 'root' LIMIT 1   [ RunTime:0.0012s ]
INFO: [ view_parse ] --START--
INFO: [ template_filter ] --START--
INFO: Run Behavior\ContentReplaceBehavior [ RunTime:0.000183s ]
INFO: [ template_filter ] --END-- [ RunTime:0.000505s ]
INFO: Run Behavior\ParseTemplateBehavior [ RunTime:0.037692s ]
INFO: [ view_parse ] --END-- [ RunTime:0.038832s ]
INFO: [ view_filter ] --START--
INFO: Run Behavior\WriteHtmlCacheBehavior [ RunTime:0.002872s ]
INFO: [ view_filter ] --END-- [ RunTime:0.003978s ]
INFO: [ view_parse ] --START--
INFO: [ template_filter ] --START--
INFO: Run Behavior\ContentReplaceBehavior [ RunTime:0.000323s ]
INFO: [ template_filter ] --END-- [ RunTime:-0.026943s ]
INFO: Run Behavior\ParseTemplateBehavior [ RunTime:0.020164s ]
INFO: [ view_parse ] --END-- [ RunTime:-0.006858s ]
INFO: [ view_filter ] --START--
INFO: Run Behavior\WriteHtmlCacheBehavior [ RunTime:0.000277s ]
INFO: [ view_filter ] --END-- [ RunTime:-0.024781s ]

[ 2018-07-30T16:20:13+08:00 ] ::1 /jiimadeeee/index.php/Admin/index/index.html
INFO: [ app_init ] --START--
INFO: Run Behavior\BuildLiteBehavior [ RunTime:0.000207s ]
INFO: [ app_init ] --END-- [ RunTime:0.003303s ]
INFO: [ app_begin ] --START--
INFO: Run Behavior\ReadHtmlCacheBehavior [ RunTime:0.002250s ]
INFO: [ app_begin ] --END-- [ RunTime:0.002835s ]
NOTIC: [8] A session had already been started - ignoring session_start() D:\wamp\wamp64\www\jiimadeeee\Application\Admin\Controller\BaseController.class.php 第 9 行.
INFO: [ view_parse ] --START--
INFO: [ template_filter ] --START--
INFO: Run Behavior\ContentReplaceBehavior [ RunTime:0.000331s ]
INFO: [ template_filter ] --END-- [ RunTime:0.000981s ]
INFO: Run Behavior\ParseTemplateBehavior [ RunTime:0.035821s ]
INFO: [ view_parse ] --END-- [ RunTime:0.036971s ]
INFO: [ view_filter ] --START--
INFO: Run Behavior\WriteHtmlCacheBehavior [ RunTime:0.002516s ]
INFO: [ view_filter ] --END-- [ RunTime:0.003692s ]
INFO: [ app_end ] --START--
INFO: Run Behavior\ShowPageTraceBehavior [ RunTime:0.003474s ]
INFO: [ app_end ] --END-- [ RunTime:0.004042s ]

[ 2018-07-30T16:20:13+08:00 ] ::1 /jiimadeeee/index.php/Admin/index/top.html
INFO: [ app_init ] --START--
INFO: Run Behavior\BuildLiteBehavior [ RunTime:0.000333s ]
INFO: [ app_init ] --END-- [ RunTime:0.003015s ]
INFO: [ app_begin ] --START--
INFO: Run Behavior\ReadHtmlCacheBehavior [ RunTime:0.000815s ]
INFO: [ app_begin ] --END-- [ RunTime:0.001009s ]
NOTIC: [8] A session had already been started - ignoring session_start() D:\wamp\wamp64\www\jiimadeeee\Application\Admin\Controller\BaseController.class.php 第 9 行.
INFO: [ view_parse ] --START--
INFO: [ template_filter ] --START--
INFO: Run Behavior\ContentReplaceBehavior [ RunTime:0.000468s ]
INFO: [ template_filter ] --END-- [ RunTime:0.001110s ]
INFO: Run Behavior\ParseTemplateBehavior [ RunTime:0.041186s ]
INFO: [ view_parse ] --END-- [ RunTime:0.042228s ]
INFO: [ view_filter ] --START--
INFO: Run Behavior\WriteHtmlCacheBehavior [ RunTime:0.002282s ]
INFO: [ view_filter ] --END-- [ RunTime:0.003072s ]
INFO: [ app_end ] --START--
INFO: Run Behavior\ShowPageTraceBehavior [ RunTime:0.003545s ]
INFO: [ app_end ] --END-- [ RunTime:0.004384s ]

[ 2018-07-30T16:20:13+08:00 ] ::1 /jiimadeeee/index.php/Admin/index/index.html
INFO: [ app_init ] --START--
INFO: Run Behavior\BuildLiteBehavior [ RunTime:0.000168s ]
INFO: [ app_init ] --END-- [ RunTime:0.002243s ]
INFO: [ app_begin ] --START--
INFO: Run Behavior\ReadHtmlCacheBehavior [ RunTime:0.003247s ]
INFO: [ app_begin ] --END-- [ RunTime:0.004298s ]
NOTIC: [8] A session had already been started - ignoring session_start() D:\wamp\wamp64\www\jiimadeeee\Application\Admin\Controller\BaseController.class.php 第 9 行.
INFO: [ view_parse ] --START--
INFO: [ template_filter ] --START--
INFO: Run Behavior\ContentReplaceBehavior [ RunTime:0.000317s ]
INFO: [ template_filter ] --END-- [ RunTime:0.000993s ]
INFO: Run Behavior\ParseTemplateBehavior [ RunTime:0.037159s ]
INFO: [ view_parse ] --END-- [ RunTime:0.038061s ]
INFO: [ view_filter ] --START--
INFO: Run Behavior\WriteHtmlCacheBehavior [ RunTime:0.002294s ]
INFO: [ view_filter ] --END-- [ RunTime:0.003289s ]
INFO: [ app_end ] --START--
INFO: Run Behavior\ShowPageTraceBehavior [ RunTime:0.004442s ]
INFO: [ app_end ] --END-- [ RunTime:0.005431s ]

[ 2018-07-30T16:20:13+08:00 ] ::1 /jiimadeeee/index.php/Admin/index/main.html
INFO: [ app_init ] --START--
INFO: Run Behavior\BuildLiteBehavior [ RunTime:0.000327s ]
INFO: [ app_init ] --END-- [ RunTime:0.003336s ]
INFO: [ app_begin ] --START--
INFO: Run Behavior\ReadHtmlCacheBehavior [ RunTime:0.003322s ]
INFO: [ app_begin ] --END-- [ RunTime:0.004763s ]
NOTIC: [8] A session had already been started - ignoring session_start() D:\wamp\wamp64\www\jiimadeeee\Application\Admin\Controller\BaseController.class.php 第 9 行.
INFO: [ view_parse ] --START--
INFO: [ template_filter ] --START--
INFO: Run Behavior\ContentReplaceBehavior [ RunTime:0.000419s ]
INFO: [ template_filter ] --END-- [ RunTime:0.001168s ]
INFO: Run Behavior\ParseTemplateBehavior [ RunTime:0.038110s ]
INFO: [ view_parse ] --END-- [ RunTime:0.039311s ]
INFO: [ view_filter ] --START--
INFO: Run Behavior\WriteHtmlCacheBehavior [ RunTime:0.003022s ]
INFO: [ view_filter ] --END-- [ RunTime:0.003440s ]
INFO: [ app_end ] --START--
INFO: Run Behavior\ShowPageTraceBehavior [ RunTime:0.004471s ]
INFO: [ app_end ] --END-- [ RunTime:0.006939s ]

[ 2018-07-30T16:20:13+08:00 ] ::1 /jiimadeeee/index.php/Admin/index/menu.html
INFO: [ app_init ] --START--
INFO: Run Behavior\BuildLiteBehavior [ RunTime:0.000046s ]
INFO: [ app_init ] --END-- [ RunTime:0.000898s ]
INFO: [ app_begin ] --START--
INFO: Run Behavior\ReadHtmlCacheBehavior [ RunTime:0.000833s ]
INFO: [ app_begin ] --END-- [ RunTime:0.000987s ]
NOTIC: [8] A session had already been started - ignoring session_start() D:\wamp\wamp64\www\jiimadeeee\Application\Admin\Controller\BaseController.class.php 第 9 行.
INFO: [ view_parse ] --START--
INFO: [ template_filter ] --START--
INFO: Run Behavior\ContentReplaceBehavior [ RunTime:0.001303s ]
INFO: [ template_filter ] --END-- [ RunTime:0.002456s ]
SQL: SHOW COLUMNS FROM `made_privilege` [ RunTime:0.0024s ]
SQL: SELECT * FROM `made_privilege`  [ RunTime:0.0032s ]
INFO: Run Behavior\ParseTemplateBehavior [ RunTime:0.138497s ]
INFO: [ view_parse ] --END-- [ RunTime:0.139122s ]
INFO: [ view_filter ] --START--
INFO: Run Behavior\WriteHtmlCacheBehavior [ RunTime:0.002185s ]
INFO: [ view_filter ] --END-- [ RunTime:0.002966s ]
INFO: [ app_end ] --START--
INFO: Run Behavior\ShowPageTraceBehavior [ RunTime:0.002544s ]
INFO: [ app_end ] --END-- [ RunTime:0.003234s ]

[ 2018-07-30T16:20:14+08:00 ] ::1 /jiimadeeee/index.php/Admin/index/top.html
INFO: [ app_init ] --START--
INFO: Run Behavior\BuildLiteBehavior [ RunTime:0.000044s ]
INFO: [ app_init ] --END-- [ RunTime:0.000699s ]
INFO: [ app_begin ] --START--
INFO: Run Behavior\ReadHtmlCacheBehavior [ RunTime:0.000855s ]
INFO: [ app_begin ] --END-- [ RunTime:0.001060s ]
NOTIC: [8] A session had already been started - ignoring session_start() D:\wamp\wamp64\www\jiimadeeee\Application\Admin\Controller\BaseController.class.php 第 9 行.
INFO: [ view_parse ] --START--
INFO: [ template_filter ] --START--
INFO: Run Behavior\ContentReplaceBehavior [ RunTime:0.000762s ]
INFO: [ template_filter ] --END-- [ RunTime:0.001416s ]
INFO: Run Behavior\ParseTemplateBehavior [ RunTime:0.043502s ]
INFO: [ view_parse ] --END-- [ RunTime:0.044225s ]
INFO: [ view_filter ] --START--
INFO: Run Behavior\WriteHtmlCacheBehavior [ RunTime:0.003574s ]
INFO: [ view_filter ] --END-- [ RunTime:0.004266s ]
INFO: [ app_end ] --START--
INFO: Run Behavior\ShowPageTraceBehavior [ RunTime:0.001915s ]
INFO: [ app_end ] --END-- [ RunTime:0.002327s ]

[ 2018-07-30T16:20:14+08:00 ] ::1 /jiimadeeee/index.php/Admin/index/main.html
INFO: [ app_init ] --START--
INFO: Run Behavior\BuildLiteBehavior [ RunTime:0.000028s ]
INFO: [ app_init ] --END-- [ RunTime:0.000675s ]
INFO: [ app_begin ] --START--
INFO: Run Behavior\ReadHtmlCacheBehavior [ RunTime:0.001574s ]
INFO: [ app_begin ] --END-- [ RunTime:0.001823s ]
NOTIC: [8] A session had already been started - ignoring session_start() D:\wamp\wamp64\www\jiimadeeee\Application\Admin\Controller\BaseController.class.php 第 9 行.
INFO: [ view_parse ] --START--
INFO: [ template_filter ] --START--
INFO: Run Behavior\ContentReplaceBehavior [ RunTime:0.000137s ]
INFO: [ template_filter ] --END-- [ RunTime:0.000419s ]
INFO: Run Behavior\ParseTemplateBehavior [ RunTime:0.025417s ]
INFO: [ view_parse ] --END-- [ RunTime:0.026621s ]
INFO: [ view_filter ] --START--
INFO: Run Behavior\WriteHtmlCacheBehavior [ RunTime:0.002849s ]
INFO: [ view_filter ] --END-- [ RunTime:0.004395s ]
INFO: [ app_end ] --START--
INFO: Run Behavior\ShowPageTraceBehavior [ RunTime:0.003579s ]
INFO: [ app_end ] --END-- [ RunTime:0.004287s ]

[ 2018-07-30T16:20:14+08:00 ] ::1 /jiimadeeee/index.php/Admin/index/menu.html
INFO: [ app_init ] --START--
INFO: Run Behavior\BuildLiteBehavior [ RunTime:0.000198s ]
INFO: [ app_init ] --END-- [ RunTime:0.003644s ]
INFO: [ app_begin ] --START--
INFO: Run Behavior\ReadHtmlCacheBehavior [ RunTime:0.002937s ]
INFO: [ app_begin ] --END-- [ RunTime:0.003510s ]
NOTIC: [8] A session had already been started - ignoring session_start() D:\wamp\wamp64\www\jiimadeeee\Application\Admin\Controller\BaseController.class.php 第 9 行.
INFO: [ view_parse ] --START--
INFO: [ template_filter ] --START--
INFO: Run Behavior\ContentReplaceBehavior [ RunTime:0.000123s ]
INFO: [ template_filter ] --END-- [ RunTime:0.000247s ]
SQL: SHOW COLUMNS FROM `made_privilege` [ RunTime:0.0023s ]
SQL: SELECT * FROM `made_privilege`  [ RunTime:0.0019s ]
INFO: Run Behavior\ParseTemplateBehavior [ RunTime:0.083211s ]
INFO: [ view_parse ] --END-- [ RunTime:0.083635s ]
INFO: [ view_filter ] --START--
INFO: Run Behavior\WriteHtmlCacheBehavior [ RunTime:0.003215s ]
INFO: [ view_filter ] --END-- [ RunTime:0.004052s ]
INFO: [ app_end ] --START--
INFO: Run Behavior\ShowPageTraceBehavior [ RunTime:0.005606s ]
INFO: [ app_end ] --END-- [ RunTime:0.006620s ]

[ 2018-07-30T16:20:15+08:00 ] ::1 /jiimadeeee/index.php/Admin/Quote/lst.html
INFO: [ app_init ] --START--
INFO: Run Behavior\BuildLiteBehavior [ RunTime:0.000162s ]
INFO: [ app_init ] --END-- [ RunTime:0.002249s ]
INFO: [ app_begin ] --START--
INFO: Run Behavior\ReadHtmlCacheBehavior [ RunTime:0.003467s ]
INFO: [ app_begin ] --END-- [ RunTime:0.004471s ]
NOTIC: [8] A session had already been started - ignoring session_start() D:\wamp\wamp64\www\jiimadeeee\Application\Admin\Controller\BaseController.class.php 第 9 行.
SQL: SHOW COLUMNS FROM `made_privilege` [ RunTime:0.0044s ]
SQL: SHOW COLUMNS FROM `made_quote` [ RunTime:0.0025s ]
SQL: SELECT COUNT(*) AS tp_count FROM `made_quote` WHERE `admin_id` = '1' LIMIT 1   [ RunTime:0.0009s ]
SQL: SELECT a.* FROM made_quote a WHERE `admin_id` = '1' LIMIT 0,20   [ RunTime:0.0012s ]
INFO: [ view_parse ] --START--
INFO: [ template_filter ] --START--
INFO: Run Behavior\ContentReplaceBehavior [ RunTime:0.000850s ]
INFO: [ template_filter ] --END-- [ RunTime:0.001931s ]
INFO: Run Behavior\ParseTemplateBehavior [ RunTime:0.050007s ]
INFO: [ view_parse ] --END-- [ RunTime:0.050781s ]
INFO: [ view_filter ] --START--
INFO: Run Behavior\WriteHtmlCacheBehavior [ RunTime:0.002425s ]
INFO: [ view_filter ] --END-- [ RunTime:0.003291s ]
INFO: [ app_end ] --START--
INFO: Run Behavior\ShowPageTraceBehavior [ RunTime:0.004177s ]
INFO: [ app_end ] --END-- [ RunTime:0.005196s ]

[ 2018-07-30T16:20:17+08:00 ] ::1 /jiimadeeee/index.php/Admin/Quote/getPrcode/id/20180730141640874960.html
INFO: [ app_init ] --START--
INFO: Run Behavior\BuildLiteBehavior [ RunTime:0.000179s ]
INFO: [ app_init ] --END-- [ RunTime:0.002597s ]
INFO: [ app_begin ] --START--
INFO: Run Behavior\ReadHtmlCacheBehavior [ RunTime:0.002778s ]
INFO: [ app_begin ] --END-- [ RunTime:0.003502s ]
NOTIC: [8] A session had already been started - ignoring session_start() D:\wamp\wamp64\www\jiimadeeee\Application\Admin\Controller\BaseController.class.php 第 9 行.
SQL: SHOW COLUMNS FROM `made_privilege` [ RunTime:0.0075s ]
SQL: SHOW COLUMNS FROM `made_quote` [ RunTime:0.0020s ]
INFO: [ app_end ] --START--
INFO: Run Behavior\ShowPageTraceBehavior [ RunTime:0.004274s ]
INFO: [ app_end ] --END-- [ RunTime:0.005291s ]

