[ 2018-06-14T11:32:06+08:00 ] 127.0.0.1 /jiimadeeee/index.php/admin/index/index
INFO: [ app_init ] --START--
INFO: Run Behavior\BuildLiteBehavior [ RunTime:0.000288s ]
INFO: [ app_init ] --END-- [ RunTime:0.006142s ]
INFO: [ app_begin ] --START--
INFO: Run Behavior\ReadHtmlCacheBehavior [ RunTime:0.005937s ]
INFO: [ app_begin ] --END-- [ RunTime:0.007717s ]
NOTIC: [8] A session had already been started - ignoring session_start() D:\wamp\wamp64\www\jiimadeeee\Application\Admin\Controller\BaseController.class.php 第 9 行.
INFO: [ view_parse ] --START--
INFO: [ template_filter ] --START--
INFO: Run Behavior\ContentReplaceBehavior [ RunTime:0.002343s ]
INFO: [ template_filter ] --END-- [ RunTime:0.003587s ]
INFO: Run Behavior\ParseTemplateBehavior [ RunTime:0.045167s ]
INFO: [ view_parse ] --END-- [ RunTime:0.045908s ]
INFO: [ view_filter ] --START--
INFO: Run Behavior\WriteHtmlCacheBehavior [ RunTime:0.004201s ]
INFO: [ view_filter ] --END-- [ RunTime:0.005358s ]

[ 2018-06-14T11:32:09+08:00 ] 127.0.0.1 /jiimadeeee/index.php/Admin/Login/login.html
INFO: [ app_init ] --START--
INFO: Run Behavior\BuildLiteBehavior [ RunTime:0.000163s ]
INFO: [ app_init ] --END-- [ RunTime:0.002606s ]
INFO: [ app_begin ] --START--
INFO: Run Behavior\ReadHtmlCacheBehavior [ RunTime:0.004190s ]
INFO: [ app_begin ] --END-- [ RunTime:0.006171s ]
INFO: [ view_parse ] --START--
INFO: [ template_filter ] --START--
INFO: Run Behavior\ContentReplaceBehavior [ RunTime:0.000186s ]
INFO: [ template_filter ] --END-- [ RunTime:0.000444s ]
INFO: Run Behavior\ParseTemplateBehavior [ RunTime:0.027154s ]
INFO: [ view_parse ] --END-- [ RunTime:0.027965s ]
INFO: [ view_filter ] --START--
INFO: Run Behavior\WriteHtmlCacheBehavior [ RunTime:0.002740s ]
INFO: [ view_filter ] --END-- [ RunTime:0.003778s ]
INFO: [ app_end ] --START--
INFO: Run Behavior\ShowPageTraceBehavior [ RunTime:0.004075s ]
INFO: [ app_end ] --END-- [ RunTime:0.004883s ]

[ 2018-06-14T11:32:10+08:00 ] 127.0.0.1 /jiimadeeee/index.php/Admin/Login/chkcode.html
INFO: [ app_init ] --START--
INFO: Run Behavior\BuildLiteBehavior [ RunTime:0.000128s ]
INFO: [ app_init ] --END-- [ RunTime:0.001827s ]
INFO: [ app_begin ] --START--
INFO: Run Behavior\ReadHtmlCacheBehavior [ RunTime:0.003124s ]
INFO: [ app_begin ] --END-- [ RunTime:0.004028s ]
NOTIC: [8] A session had already been started - ignoring session_start() D:\wamp\wamp64\www\jiimadeeee\Application\Admin\Controller\LoginController.class.php 第 29 行.
INFO: [ app_end ] --START--
INFO: Run Behavior\ShowPageTraceBehavior [ RunTime:0.002621s ]
INFO: [ app_end ] --END-- [ RunTime:0.003283s ]

[ 2018-06-14T11:32:23+08:00 ] 127.0.0.1 /jiimadeeee/index.php/Admin/Login/login.html
INFO: [ app_init ] --START--
INFO: Run Behavior\BuildLiteBehavior [ RunTime:0.000162s ]
INFO: [ app_init ] --END-- [ RunTime:0.002553s ]
INFO: [ app_begin ] --START--
INFO: Run Behavior\ReadHtmlCacheBehavior [ RunTime:0.002414s ]
INFO: [ app_begin ] --END-- [ RunTime:0.003300s ]
SQL: SHOW COLUMNS FROM `made_admin` [ RunTime:0.0308s ]
NOTIC: [8] Undefined index: auto D:\wamp\wamp64\www\jiimadeeee\ThinkPHP\Library\Think\Model.class.php 第 1128 行.
SQL: SELECT * FROM `made_admin` WHERE `username` = 'root' LIMIT 1   [ RunTime:0.0044s ]
INFO: [ view_parse ] --START--
INFO: [ template_filter ] --START--
INFO: Run Behavior\ContentReplaceBehavior [ RunTime:0.000808s ]
INFO: [ template_filter ] --END-- [ RunTime:0.001779s ]
INFO: Run Behavior\ParseTemplateBehavior [ RunTime:0.034794s ]
INFO: [ view_parse ] --END-- [ RunTime:0.035394s ]
INFO: [ view_filter ] --START--
INFO: Run Behavior\WriteHtmlCacheBehavior [ RunTime:0.001081s ]
INFO: [ view_filter ] --END-- [ RunTime:0.001514s ]
INFO: [ view_parse ] --START--
INFO: [ template_filter ] --START--
INFO: Run Behavior\ContentReplaceBehavior [ RunTime:0.000372s ]
INFO: [ template_filter ] --END-- [ RunTime:-0.020758s ]
INFO: Run Behavior\ParseTemplateBehavior [ RunTime:0.019998s ]
INFO: [ view_parse ] --END-- [ RunTime:-0.003056s ]
INFO: [ view_filter ] --START--
INFO: Run Behavior\WriteHtmlCacheBehavior [ RunTime:0.000197s ]
INFO: [ view_filter ] --END-- [ RunTime:-0.023092s ]

[ 2018-06-14T11:32:24+08:00 ] 127.0.0.1 /jiimadeeee/index.php/Admin/index/index.html
INFO: [ app_init ] --START--
INFO: Run Behavior\BuildLiteBehavior [ RunTime:0.000099s ]
INFO: [ app_init ] --END-- [ RunTime:0.001260s ]
INFO: [ app_begin ] --START--
INFO: Run Behavior\ReadHtmlCacheBehavior [ RunTime:0.002935s ]
INFO: [ app_begin ] --END-- [ RunTime:0.004249s ]
NOTIC: [8] A session had already been started - ignoring session_start() D:\wamp\wamp64\www\jiimadeeee\Application\Admin\Controller\BaseController.class.php 第 9 行.
INFO: [ view_parse ] --START--
INFO: [ template_filter ] --START--
INFO: Run Behavior\ContentReplaceBehavior [ RunTime:0.000344s ]
INFO: [ template_filter ] --END-- [ RunTime:0.001028s ]
INFO: Run Behavior\ParseTemplateBehavior [ RunTime:0.038443s ]
INFO: [ view_parse ] --END-- [ RunTime:0.039489s ]
INFO: [ view_filter ] --START--
INFO: Run Behavior\WriteHtmlCacheBehavior [ RunTime:0.003179s ]
INFO: [ view_filter ] --END-- [ RunTime:0.004632s ]
INFO: [ app_end ] --START--
INFO: Run Behavior\ShowPageTraceBehavior [ RunTime:0.002523s ]
INFO: [ app_end ] --END-- [ RunTime:0.003226s ]

[ 2018-06-14T11:32:24+08:00 ] 127.0.0.1 /jiimadeeee/index.php/Admin/index/menu.html
INFO: [ app_init ] --START--
INFO: Run Behavior\BuildLiteBehavior [ RunTime:0.000058s ]
INFO: [ app_init ] --END-- [ RunTime:0.000790s ]
INFO: [ app_begin ] --START--
INFO: Run Behavior\ReadHtmlCacheBehavior [ RunTime:0.000785s ]
INFO: [ app_begin ] --END-- [ RunTime:0.001138s ]
NOTIC: [8] A session had already been started - ignoring session_start() D:\wamp\wamp64\www\jiimadeeee\Application\Admin\Controller\BaseController.class.php 第 9 行.
INFO: [ view_parse ] --START--
INFO: [ template_filter ] --START--
INFO: Run Behavior\ContentReplaceBehavior [ RunTime:0.000216s ]
INFO: [ template_filter ] --END-- [ RunTime:0.000421s ]
SQL: SHOW COLUMNS FROM `made_privilege` [ RunTime:0.0049s ]
SQL: SELECT * FROM `made_privilege`  [ RunTime:0.0015s ]
INFO: Run Behavior\ParseTemplateBehavior [ RunTime:0.097052s ]
INFO: [ view_parse ] --END-- [ RunTime:0.097305s ]
INFO: [ view_filter ] --START--
INFO: Run Behavior\WriteHtmlCacheBehavior [ RunTime:0.003402s ]
INFO: [ view_filter ] --END-- [ RunTime:0.004212s ]
INFO: [ app_end ] --START--
INFO: Run Behavior\ShowPageTraceBehavior [ RunTime:0.003927s ]
INFO: [ app_end ] --END-- [ RunTime:0.004947s ]

[ 2018-06-14T11:32:24+08:00 ] 127.0.0.1 /jiimadeeee/index.php/Admin/index/top.html
INFO: [ app_init ] --START--
INFO: Run Behavior\BuildLiteBehavior [ RunTime:0.000057s ]
INFO: [ app_init ] --END-- [ RunTime:0.001530s ]
INFO: [ app_begin ] --START--
INFO: Run Behavior\ReadHtmlCacheBehavior [ RunTime:0.001081s ]
INFO: [ app_begin ] --END-- [ RunTime:0.001378s ]
NOTIC: [8] A session had already been started - ignoring session_start() D:\wamp\wamp64\www\jiimadeeee\Application\Admin\Controller\BaseController.class.php 第 9 行.
INFO: [ view_parse ] --START--
INFO: [ template_filter ] --START--
INFO: Run Behavior\ContentReplaceBehavior [ RunTime:0.001337s ]
INFO: [ template_filter ] --END-- [ RunTime:0.002536s ]
INFO: Run Behavior\ParseTemplateBehavior [ RunTime:0.017123s ]
INFO: [ view_parse ] --END-- [ RunTime:0.017371s ]
INFO: [ view_filter ] --START--
INFO: Run Behavior\WriteHtmlCacheBehavior [ RunTime:0.000597s ]
INFO: [ view_filter ] --END-- [ RunTime:0.000710s ]
INFO: [ app_end ] --START--
INFO: Run Behavior\ShowPageTraceBehavior [ RunTime:0.004346s ]
INFO: [ app_end ] --END-- [ RunTime:0.004744s ]

[ 2018-06-14T11:32:24+08:00 ] 127.0.0.1 /jiimadeeee/index.php/Admin/index/main.html
INFO: [ app_init ] --START--
INFO: Run Behavior\BuildLiteBehavior [ RunTime:0.000054s ]
INFO: [ app_init ] --END-- [ RunTime:0.001291s ]
INFO: [ app_begin ] --START--
INFO: Run Behavior\ReadHtmlCacheBehavior [ RunTime:0.002976s ]
INFO: [ app_begin ] --END-- [ RunTime:0.004019s ]
NOTIC: [8] A session had already been started - ignoring session_start() D:\wamp\wamp64\www\jiimadeeee\Application\Admin\Controller\BaseController.class.php 第 9 行.
INFO: [ view_parse ] --START--
INFO: [ template_filter ] --START--
INFO: Run Behavior\ContentReplaceBehavior [ RunTime:0.000535s ]
INFO: [ template_filter ] --END-- [ RunTime:0.001725s ]
INFO: Run Behavior\ParseTemplateBehavior [ RunTime:0.027823s ]
INFO: [ view_parse ] --END-- [ RunTime:0.028122s ]
INFO: [ view_filter ] --START--
INFO: Run Behavior\WriteHtmlCacheBehavior [ RunTime:0.001217s ]
INFO: [ view_filter ] --END-- [ RunTime:0.001999s ]
INFO: [ app_end ] --START--
INFO: Run Behavior\ShowPageTraceBehavior [ RunTime:0.004245s ]
INFO: [ app_end ] --END-- [ RunTime:0.005090s ]

[ 2018-06-14T12:16:38+08:00 ] ::1 /jiimadeeee/index.php/Admin/Goods/lst.html
INFO: [ app_init ] --START--
INFO: Run Behavior\BuildLiteBehavior [ RunTime:0.000168s ]
INFO: [ app_init ] --END-- [ RunTime:0.002999s ]
INFO: [ app_begin ] --START--
INFO: Run Behavior\ReadHtmlCacheBehavior [ RunTime:0.003816s ]
INFO: [ app_begin ] --END-- [ RunTime:0.004660s ]
NOTIC: [8] A session had already been started - ignoring session_start() D:\wamp\wamp64\www\jiimadeeee\Application\Admin\Controller\BaseController.class.php 第 9 行.
SQL: SHOW COLUMNS FROM `made_privilege` [ RunTime:0.0060s ]
SQL: SHOW COLUMNS FROM `made_goods` [ RunTime:0.0027s ]
SQL: SELECT COUNT(*) AS tp_count FROM `made_goods` LIMIT 1   [ RunTime:0.0007s ]
SQL: SELECT a.*,c.name as cat_name FROM made_goods a LEFT JOIN made_category c ON a.cat_id=c.id  ORDER BY order_id asc LIMIT 0,15   [ RunTime:0.0027s ]
INFO: [ view_parse ] --START--
INFO: [ template_filter ] --START--
INFO: Run Behavior\ContentReplaceBehavior [ RunTime:0.000539s ]
INFO: [ template_filter ] --END-- [ RunTime:0.001161s ]
NOTIC: [8] Undefined variable: cat_list D:\wamp\wamp64\www\jiimadeeee\Application\Runtime\Cache\Admin\12cf6a5c74297688873998de0720405d.php 第 26 行.
INFO: Run Behavior\ParseTemplateBehavior [ RunTime:0.069081s ]
INFO: [ view_parse ] --END-- [ RunTime:0.069566s ]
INFO: [ view_filter ] --START--
INFO: Run Behavior\WriteHtmlCacheBehavior [ RunTime:0.003137s ]
INFO: [ view_filter ] --END-- [ RunTime:0.004112s ]
INFO: [ app_end ] --START--
INFO: Run Behavior\ShowPageTraceBehavior [ RunTime:0.003968s ]
INFO: [ app_end ] --END-- [ RunTime:0.004771s ]

[ 2018-06-14T12:16:40+08:00 ] ::1 /jiimadeeee/index.php/Admin/login/logout.html
INFO: [ app_init ] --START--
INFO: Run Behavior\BuildLiteBehavior [ RunTime:0.000286s ]
INFO: [ app_init ] --END-- [ RunTime:0.005531s ]
INFO: [ app_begin ] --START--
INFO: Run Behavior\ReadHtmlCacheBehavior [ RunTime:0.003352s ]
INFO: [ app_begin ] --END-- [ RunTime:0.004127s ]
SQL: SHOW COLUMNS FROM `made_admin` [ RunTime:0.0095s ]

[ 2018-06-14T12:16:41+08:00 ] ::1 /jiimadeeee/index.php/Admin/login/login
INFO: [ app_init ] --START--
INFO: Run Behavior\BuildLiteBehavior [ RunTime:0.000382s ]
INFO: [ app_init ] --END-- [ RunTime:0.005307s ]
INFO: [ app_begin ] --START--
INFO: Run Behavior\ReadHtmlCacheBehavior [ RunTime:0.004050s ]
INFO: [ app_begin ] --END-- [ RunTime:0.004745s ]
INFO: [ view_parse ] --START--
INFO: [ template_filter ] --START--
INFO: Run Behavior\ContentReplaceBehavior [ RunTime:0.000461s ]
INFO: [ template_filter ] --END-- [ RunTime:0.001201s ]
INFO: Run Behavior\ParseTemplateBehavior [ RunTime:0.049188s ]
INFO: [ view_parse ] --END-- [ RunTime:0.049765s ]
INFO: [ view_filter ] --START--
INFO: Run Behavior\WriteHtmlCacheBehavior [ RunTime:0.002389s ]
INFO: [ view_filter ] --END-- [ RunTime:0.003007s ]
INFO: [ app_end ] --START--
INFO: Run Behavior\ShowPageTraceBehavior [ RunTime:0.003419s ]
INFO: [ app_end ] --END-- [ RunTime:0.004177s ]

[ 2018-06-14T12:16:41+08:00 ] ::1 /jiimadeeee/index.php/Admin/Login/chkcode.html
INFO: [ app_init ] --START--
INFO: Run Behavior\BuildLiteBehavior [ RunTime:0.000311s ]
INFO: [ app_init ] --END-- [ RunTime:0.003628s ]
INFO: [ app_begin ] --START--
INFO: Run Behavior\ReadHtmlCacheBehavior [ RunTime:0.004717s ]
INFO: [ app_begin ] --END-- [ RunTime:0.006120s ]
NOTIC: [8] A session had already been started - ignoring session_start() D:\wamp\wamp64\www\jiimadeeee\Application\Admin\Controller\LoginController.class.php 第 29 行.
INFO: [ app_end ] --START--
INFO: Run Behavior\ShowPageTraceBehavior [ RunTime:0.003335s ]
INFO: [ app_end ] --END-- [ RunTime:0.004034s ]

[ 2018-06-14T12:16:50+08:00 ] ::1 /jiimadeeee/index.php/Admin/login/login
INFO: [ app_init ] --START--
INFO: Run Behavior\BuildLiteBehavior [ RunTime:0.000394s ]
INFO: [ app_init ] --END-- [ RunTime:0.005356s ]
INFO: [ app_begin ] --START--
INFO: Run Behavior\ReadHtmlCacheBehavior [ RunTime:0.003642s ]
INFO: [ app_begin ] --END-- [ RunTime:0.004561s ]
SQL: SHOW COLUMNS FROM `made_admin` [ RunTime:0.0020s ]
NOTIC: [8] Undefined index: auto D:\wamp\wamp64\www\jiimadeeee\ThinkPHP\Library\Think\Model.class.php 第 1128 行.
SQL: SELECT * FROM `made_admin` WHERE `username` = 'root' LIMIT 1   [ RunTime:0.0009s ]
INFO: [ view_parse ] --START--
INFO: [ template_filter ] --START--
INFO: Run Behavior\ContentReplaceBehavior [ RunTime:0.000350s ]
INFO: [ template_filter ] --END-- [ RunTime:0.000985s ]
INFO: Run Behavior\ParseTemplateBehavior [ RunTime:0.040615s ]
INFO: [ view_parse ] --END-- [ RunTime:0.041729s ]
INFO: [ view_filter ] --START--
INFO: Run Behavior\WriteHtmlCacheBehavior [ RunTime:0.002785s ]
INFO: [ view_filter ] --END-- [ RunTime:0.003819s ]
INFO: [ view_parse ] --START--
INFO: [ template_filter ] --START--
INFO: Run Behavior\ContentReplaceBehavior [ RunTime:0.000385s ]
INFO: [ template_filter ] --END-- [ RunTime:-0.032047s ]
INFO: Run Behavior\ParseTemplateBehavior [ RunTime:0.024280s ]
INFO: [ view_parse ] --END-- [ RunTime:-0.007270s ]
INFO: [ view_filter ] --START--
INFO: Run Behavior\WriteHtmlCacheBehavior [ RunTime:0.000162s ]
INFO: [ view_filter ] --END-- [ RunTime:-0.028704s ]

[ 2018-06-14T12:16:51+08:00 ] ::1 /jiimadeeee/index.php/Admin/index/index.html
INFO: [ app_init ] --START--
INFO: Run Behavior\BuildLiteBehavior [ RunTime:0.000054s ]
INFO: [ app_init ] --END-- [ RunTime:0.004219s ]
INFO: [ app_begin ] --START--
INFO: Run Behavior\ReadHtmlCacheBehavior [ RunTime:0.003666s ]
INFO: [ app_begin ] --END-- [ RunTime:0.004333s ]
NOTIC: [8] A session had already been started - ignoring session_start() D:\wamp\wamp64\www\jiimadeeee\Application\Admin\Controller\BaseController.class.php 第 9 行.
INFO: [ view_parse ] --START--
INFO: [ template_filter ] --START--
INFO: Run Behavior\ContentReplaceBehavior [ RunTime:0.000374s ]
INFO: [ template_filter ] --END-- [ RunTime:0.001091s ]
INFO: Run Behavior\ParseTemplateBehavior [ RunTime:0.035858s ]
INFO: [ view_parse ] --END-- [ RunTime:0.036526s ]
INFO: [ view_filter ] --START--
INFO: Run Behavior\WriteHtmlCacheBehavior [ RunTime:0.004133s ]
INFO: [ view_filter ] --END-- [ RunTime:0.005306s ]
INFO: [ app_end ] --START--
INFO: Run Behavior\ShowPageTraceBehavior [ RunTime:0.003682s ]
INFO: [ app_end ] --END-- [ RunTime:0.004412s ]

[ 2018-06-14T12:16:51+08:00 ] ::1 /jiimadeeee/index.php/Admin/index/top.html
INFO: [ app_init ] --START--
INFO: Run Behavior\BuildLiteBehavior [ RunTime:0.000166s ]
INFO: [ app_init ] --END-- [ RunTime:0.002571s ]
INFO: [ app_begin ] --START--
INFO: Run Behavior\ReadHtmlCacheBehavior [ RunTime:0.004050s ]
INFO: [ app_begin ] --END-- [ RunTime:0.005066s ]
NOTIC: [8] A session had already been started - ignoring session_start() D:\wamp\wamp64\www\jiimadeeee\Application\Admin\Controller\BaseController.class.php 第 9 行.
INFO: [ view_parse ] --START--
INFO: [ template_filter ] --START--
INFO: Run Behavior\ContentReplaceBehavior [ RunTime:0.000463s ]
INFO: [ template_filter ] --END-- [ RunTime:0.001123s ]
INFO: Run Behavior\ParseTemplateBehavior [ RunTime:0.041491s ]
INFO: [ view_parse ] --END-- [ RunTime:0.041988s ]
INFO: [ view_filter ] --START--
INFO: Run Behavior\WriteHtmlCacheBehavior [ RunTime:0.002818s ]
INFO: [ view_filter ] --END-- [ RunTime:0.003546s ]
INFO: [ app_end ] --START--
INFO: Run Behavior\ShowPageTraceBehavior [ RunTime:0.003892s ]
INFO: [ app_end ] --END-- [ RunTime:0.004645s ]

[ 2018-06-14T12:16:52+08:00 ] ::1 /jiimadeeee/index.php/Admin/index/menu.html
INFO: [ app_init ] --START--
INFO: Run Behavior\BuildLiteBehavior [ RunTime:0.000256s ]
INFO: [ app_init ] --END-- [ RunTime:0.004601s ]
INFO: [ app_begin ] --START--
INFO: Run Behavior\ReadHtmlCacheBehavior [ RunTime:0.004717s ]
INFO: [ app_begin ] --END-- [ RunTime:0.006335s ]
NOTIC: [8] A session had already been started - ignoring session_start() D:\wamp\wamp64\www\jiimadeeee\Application\Admin\Controller\BaseController.class.php 第 9 行.
INFO: [ view_parse ] --START--
INFO: [ template_filter ] --START--
INFO: Run Behavior\ContentReplaceBehavior [ RunTime:0.000192s ]
INFO: [ template_filter ] --END-- [ RunTime:0.000399s ]
SQL: SHOW COLUMNS FROM `made_privilege` [ RunTime:0.0088s ]
SQL: SELECT * FROM `made_privilege`  [ RunTime:0.0018s ]
INFO: Run Behavior\ParseTemplateBehavior [ RunTime:0.140170s ]
INFO: [ view_parse ] --END-- [ RunTime:0.140603s ]
INFO: [ view_filter ] --START--
INFO: Run Behavior\WriteHtmlCacheBehavior [ RunTime:0.004563s ]
INFO: [ view_filter ] --END-- [ RunTime:0.005638s ]
INFO: [ app_end ] --START--
INFO: Run Behavior\ShowPageTraceBehavior [ RunTime:0.005197s ]
INFO: [ app_end ] --END-- [ RunTime:0.006216s ]

[ 2018-06-14T12:16:52+08:00 ] ::1 /jiimadeeee/index.php/Admin/index/main.html
INFO: [ app_init ] --START--
INFO: Run Behavior\BuildLiteBehavior [ RunTime:0.000044s ]
INFO: [ app_init ] --END-- [ RunTime:0.001937s ]
INFO: [ app_begin ] --START--
INFO: Run Behavior\ReadHtmlCacheBehavior [ RunTime:0.006353s ]
INFO: [ app_begin ] --END-- [ RunTime:0.007372s ]
NOTIC: [8] A session had already been started - ignoring session_start() D:\wamp\wamp64\www\jiimadeeee\Application\Admin\Controller\BaseController.class.php 第 9 行.
INFO: [ view_parse ] --START--
INFO: [ template_filter ] --START--
INFO: Run Behavior\ContentReplaceBehavior [ RunTime:0.000448s ]
INFO: [ template_filter ] --END-- [ RunTime:0.001080s ]
INFO: Run Behavior\ParseTemplateBehavior [ RunTime:0.030263s ]
INFO: [ view_parse ] --END-- [ RunTime:0.031062s ]
INFO: [ view_filter ] --START--
INFO: Run Behavior\WriteHtmlCacheBehavior [ RunTime:0.002767s ]
INFO: [ view_filter ] --END-- [ RunTime:0.003963s ]
INFO: [ app_end ] --START--
INFO: Run Behavior\ShowPageTraceBehavior [ RunTime:0.005028s ]
INFO: [ app_end ] --END-- [ RunTime:0.006373s ]

[ 2018-06-14T12:16:55+08:00 ] ::1 /jiimadeeee/index.php/Admin/Privilege/lst.html
INFO: [ app_init ] --START--
INFO: Run Behavior\BuildLiteBehavior [ RunTime:0.000157s ]
INFO: [ app_init ] --END-- [ RunTime:0.002955s ]
INFO: [ app_begin ] --START--
INFO: Run Behavior\ReadHtmlCacheBehavior [ RunTime:0.003592s ]
INFO: [ app_begin ] --END-- [ RunTime:0.004480s ]
NOTIC: [8] A session had already been started - ignoring session_start() D:\wamp\wamp64\www\jiimadeeee\Application\Admin\Controller\BaseController.class.php 第 9 行.
SQL: SHOW COLUMNS FROM `made_privilege` [ RunTime:0.0057s ]
SQL: SELECT * FROM `made_privilege`  [ RunTime:0.0018s ]
INFO: [ view_parse ] --START--
INFO: [ template_filter ] --START--
INFO: Run Behavior\ContentReplaceBehavior [ RunTime:0.000415s ]
INFO: [ template_filter ] --END-- [ RunTime:0.001050s ]
INFO: Run Behavior\ParseTemplateBehavior [ RunTime:0.135055s ]
INFO: [ view_parse ] --END-- [ RunTime:0.135706s ]
INFO: [ view_filter ] --START--
INFO: Run Behavior\WriteHtmlCacheBehavior [ RunTime:0.002784s ]
INFO: [ view_filter ] --END-- [ RunTime:0.003593s ]
INFO: [ app_end ] --START--
INFO: Run Behavior\ShowPageTraceBehavior [ RunTime:0.004566s ]
INFO: [ app_end ] --END-- [ RunTime:0.005467s ]

[ 2018-06-14T12:16:58+08:00 ] ::1 /jiimadeeee/index.php/Admin/Role/lst.html
INFO: [ app_init ] --START--
INFO: Run Behavior\BuildLiteBehavior [ RunTime:0.000160s ]
INFO: [ app_init ] --END-- [ RunTime:0.003211s ]
INFO: [ app_begin ] --START--
INFO: Run Behavior\ReadHtmlCacheBehavior [ RunTime:0.003813s ]
INFO: [ app_begin ] --END-- [ RunTime:0.004682s ]
NOTIC: [8] A session had already been started - ignoring session_start() D:\wamp\wamp64\www\jiimadeeee\Application\Admin\Controller\BaseController.class.php 第 9 行.
SQL: SHOW COLUMNS FROM `made_privilege` [ RunTime:0.0054s ]
NOTIC: [2048] Declaration of Admin\Model\RoleModel::_before_update() should be compatible with Think\Model::_before_update(&$data, $options) D:\wamp\wamp64\www\jiimadeeee\Application\Admin\Model\RoleModel.class.php 第 52 行.
SQL: SHOW COLUMNS FROM `made_role` [ RunTime:0.0060s ]
SQL: SELECT a.*,GROUP_CONCAT(c.pri_name) pri_name FROM made_role a LEFT JOIN made_role_pri b ON a.id=b.role_id
		        LEFT JOIN made_privilege c ON b.pri_id=c.id  GROUP BY a.id  [ RunTime:0.0055s ]
INFO: [ view_parse ] --START--
INFO: [ template_filter ] --START--
INFO: Run Behavior\ContentReplaceBehavior [ RunTime:0.000389s ]
INFO: [ template_filter ] --END-- [ RunTime:0.001009s ]
INFO: Run Behavior\ParseTemplateBehavior [ RunTime:0.041562s ]
INFO: [ view_parse ] --END-- [ RunTime:0.042621s ]
INFO: [ view_filter ] --START--
INFO: Run Behavior\WriteHtmlCacheBehavior [ RunTime:0.003229s ]
INFO: [ view_filter ] --END-- [ RunTime:0.004230s ]
INFO: [ app_end ] --START--
INFO: Run Behavior\ShowPageTraceBehavior [ RunTime:0.003937s ]
INFO: [ app_end ] --END-- [ RunTime:0.004617s ]

[ 2018-06-14T12:17:00+08:00 ] ::1 /jiimadeeee/index.php/Admin/Admin/lst.html
INFO: [ app_init ] --START--
INFO: Run Behavior\BuildLiteBehavior [ RunTime:0.000161s ]
INFO: [ app_init ] --END-- [ RunTime:0.002962s ]
INFO: [ app_begin ] --START--
INFO: Run Behavior\ReadHtmlCacheBehavior [ RunTime:0.003466s ]
INFO: [ app_begin ] --END-- [ RunTime:0.004258s ]
NOTIC: [8] A session had already been started - ignoring session_start() D:\wamp\wamp64\www\jiimadeeee\Application\Admin\Controller\BaseController.class.php 第 9 行.
SQL: SHOW COLUMNS FROM `made_privilege` [ RunTime:0.0054s ]
SQL: SHOW COLUMNS FROM `made_admin` [ RunTime:0.0020s ]
SQL: SELECT a.*,GROUP_CONCAT(c.role_name) role_name FROM made_admin a LEFT JOIN made_admin_role b ON a.id=b.admin_id
              LEFT JOIN made_role c ON b.role_id=c.id  GROUP BY a.id  [ RunTime:0.0088s ]
INFO: [ view_parse ] --START--
INFO: [ template_filter ] --START--
INFO: Run Behavior\ContentReplaceBehavior [ RunTime:0.000403s ]
INFO: [ template_filter ] --END-- [ RunTime:0.001029s ]
INFO: Run Behavior\ParseTemplateBehavior [ RunTime:0.042324s ]
INFO: [ view_parse ] --END-- [ RunTime:0.043163s ]
INFO: [ view_filter ] --START--
INFO: Run Behavior\WriteHtmlCacheBehavior [ RunTime:0.002664s ]
INFO: [ view_filter ] --END-- [ RunTime:0.003482s ]
INFO: [ app_end ] --START--
INFO: Run Behavior\ShowPageTraceBehavior [ RunTime:0.003657s ]
INFO: [ app_end ] --END-- [ RunTime:0.004405s ]

[ 2018-06-14T12:17:04+08:00 ] ::1 /jiimadeeee/index.php/Admin/Admin/editpass.html
INFO: [ app_init ] --START--
INFO: Run Behavior\BuildLiteBehavior [ RunTime:0.000174s ]
INFO: [ app_init ] --END-- [ RunTime:0.003140s ]
INFO: [ app_begin ] --START--
INFO: Run Behavior\ReadHtmlCacheBehavior [ RunTime:0.003564s ]
INFO: [ app_begin ] --END-- [ RunTime:0.004409s ]
NOTIC: [8] A session had already been started - ignoring session_start() D:\wamp\wamp64\www\jiimadeeee\Application\Admin\Controller\BaseController.class.php 第 9 行.
SQL: SHOW COLUMNS FROM `made_privilege` [ RunTime:0.0055s ]
SQL: SHOW COLUMNS FROM `made_admin` [ RunTime:0.0052s ]
SQL: SELECT * FROM `made_admin` WHERE `id` = 1 LIMIT 1   [ RunTime:0.0008s ]
INFO: [ view_parse ] --START--
INFO: [ template_filter ] --START--
INFO: Run Behavior\ContentReplaceBehavior [ RunTime:0.000401s ]
INFO: [ template_filter ] --END-- [ RunTime:0.001055s ]
NOTIC: [8] Undefined variable: btn_url D:\wamp\wamp64\www\jiimadeeee\Application\Runtime\Cache\Admin\27dc767652b29449b503b8b799972cd9.php 第 12 行.
NOTIC: [8] Undefined variable: btn_name D:\wamp\wamp64\www\jiimadeeee\Application\Runtime\Cache\Admin\27dc767652b29449b503b8b799972cd9.php 第 12 行.
INFO: Run Behavior\ParseTemplateBehavior [ RunTime:0.039953s ]
INFO: [ view_parse ] --END-- [ RunTime:0.040808s ]
INFO: [ view_filter ] --START--
INFO: Run Behavior\WriteHtmlCacheBehavior [ RunTime:0.002120s ]
INFO: [ view_filter ] --END-- [ RunTime:0.002712s ]
INFO: [ app_end ] --START--
INFO: Run Behavior\ShowPageTraceBehavior [ RunTime:0.003969s ]
INFO: [ app_end ] --END-- [ RunTime:0.004910s ]

[ 2018-06-14T12:17:07+08:00 ] ::1 /jiimadeeee/index.php/Admin/Admin/lst.html
INFO: [ app_init ] --START--
INFO: Run Behavior\BuildLiteBehavior [ RunTime:0.000148s ]
INFO: [ app_init ] --END-- [ RunTime:0.002782s ]
INFO: [ app_begin ] --START--
INFO: Run Behavior\ReadHtmlCacheBehavior [ RunTime:0.004096s ]
INFO: [ app_begin ] --END-- [ RunTime:0.005026s ]
NOTIC: [8] A session had already been started - ignoring session_start() D:\wamp\wamp64\www\jiimadeeee\Application\Admin\Controller\BaseController.class.php 第 9 行.
SQL: SHOW COLUMNS FROM `made_privilege` [ RunTime:0.0029s ]
SQL: SHOW COLUMNS FROM `made_admin` [ RunTime:0.0033s ]
SQL: SELECT a.*,GROUP_CONCAT(c.role_name) role_name FROM made_admin a LEFT JOIN made_admin_role b ON a.id=b.admin_id
              LEFT JOIN made_role c ON b.role_id=c.id  GROUP BY a.id  [ RunTime:0.0094s ]
INFO: [ view_parse ] --START--
INFO: [ template_filter ] --START--
INFO: Run Behavior\ContentReplaceBehavior [ RunTime:0.000569s ]
INFO: [ template_filter ] --END-- [ RunTime:0.001526s ]
INFO: Run Behavior\ParseTemplateBehavior [ RunTime:0.052457s ]
INFO: [ view_parse ] --END-- [ RunTime:0.052947s ]
INFO: [ view_filter ] --START--
INFO: Run Behavior\WriteHtmlCacheBehavior [ RunTime:0.002481s ]
INFO: [ view_filter ] --END-- [ RunTime:0.003219s ]
INFO: [ app_end ] --START--
INFO: Run Behavior\ShowPageTraceBehavior [ RunTime:0.003191s ]
INFO: [ app_end ] --END-- [ RunTime:0.003895s ]

[ 2018-06-14T12:17:08+08:00 ] ::1 /jiimadeeee/index.php/Admin/Admin/edit/id/2.html
INFO: [ app_init ] --START--
INFO: Run Behavior\BuildLiteBehavior [ RunTime:0.000230s ]
INFO: [ app_init ] --END-- [ RunTime:0.004226s ]
INFO: [ app_begin ] --START--
INFO: Run Behavior\ReadHtmlCacheBehavior [ RunTime:0.003963s ]
INFO: [ app_begin ] --END-- [ RunTime:0.004989s ]
NOTIC: [8] A session had already been started - ignoring session_start() D:\wamp\wamp64\www\jiimadeeee\Application\Admin\Controller\BaseController.class.php 第 9 行.
SQL: SHOW COLUMNS FROM `made_privilege` [ RunTime:0.0073s ]
SQL: SHOW COLUMNS FROM `made_admin` [ RunTime:0.0071s ]
SQL: SELECT * FROM `made_admin` WHERE `id` = 2 LIMIT 1   [ RunTime:0.0010s ]
NOTIC: [2048] Declaration of Admin\Model\RoleModel::_before_update() should be compatible with Think\Model::_before_update(&$data, $options) D:\wamp\wamp64\www\jiimadeeee\Application\Admin\Model\RoleModel.class.php 第 52 行.
SQL: SHOW COLUMNS FROM `made_role` [ RunTime:0.0077s ]
SQL: SELECT * FROM `made_role`  [ RunTime:0.0008s ]
SQL: SHOW COLUMNS FROM `made_admin_role` [ RunTime:0.0050s ]
SQL: SELECT * FROM `made_admin_role` WHERE `admin_id` = '2'  [ RunTime:0.0017s ]
INFO: [ view_parse ] --START--
INFO: [ template_filter ] --START--
INFO: Run Behavior\ContentReplaceBehavior [ RunTime:0.000726s ]
INFO: [ template_filter ] --END-- [ RunTime:0.001686s ]
INFO: Run Behavior\ParseTemplateBehavior [ RunTime:0.054191s ]
INFO: [ view_parse ] --END-- [ RunTime:0.054911s ]
INFO: [ view_filter ] --START--
INFO: Run Behavior\WriteHtmlCacheBehavior [ RunTime:0.002620s ]
INFO: [ view_filter ] --END-- [ RunTime:0.003546s ]
INFO: [ app_end ] --START--
INFO: Run Behavior\ShowPageTraceBehavior [ RunTime:0.003899s ]
INFO: [ app_end ] --END-- [ RunTime:0.004746s ]

[ 2018-06-14T12:17:14+08:00 ] ::1 /jiimadeeee/index.php/Admin/Admin/lst.html
INFO: [ app_init ] --START--
INFO: Run Behavior\BuildLiteBehavior [ RunTime:0.000178s ]
INFO: [ app_init ] --END-- [ RunTime:0.003306s ]
INFO: [ app_begin ] --START--
INFO: Run Behavior\ReadHtmlCacheBehavior [ RunTime:0.004600s ]
INFO: [ app_begin ] --END-- [ RunTime:0.005546s ]
NOTIC: [8] A session had already been started - ignoring session_start() D:\wamp\wamp64\www\jiimadeeee\Application\Admin\Controller\BaseController.class.php 第 9 行.
SQL: SHOW COLUMNS FROM `made_privilege` [ RunTime:0.0061s ]
SQL: SHOW COLUMNS FROM `made_admin` [ RunTime:0.0058s ]
SQL: SELECT a.*,GROUP_CONCAT(c.role_name) role_name FROM made_admin a LEFT JOIN made_admin_role b ON a.id=b.admin_id
              LEFT JOIN made_role c ON b.role_id=c.id  GROUP BY a.id  [ RunTime:0.0091s ]
INFO: [ view_parse ] --START--
INFO: [ template_filter ] --START--
INFO: Run Behavior\ContentReplaceBehavior [ RunTime:0.000448s ]
INFO: [ template_filter ] --END-- [ RunTime:0.001173s ]
INFO: Run Behavior\ParseTemplateBehavior [ RunTime:0.049084s ]
INFO: [ view_parse ] --END-- [ RunTime:0.049946s ]
INFO: [ view_filter ] --START--
INFO: Run Behavior\WriteHtmlCacheBehavior [ RunTime:0.001595s ]
INFO: [ view_filter ] --END-- [ RunTime:0.002118s ]
INFO: [ app_end ] --START--
INFO: Run Behavior\ShowPageTraceBehavior [ RunTime:0.003605s ]
INFO: [ app_end ] --END-- [ RunTime:0.004317s ]

[ 2018-06-14T12:17:15+08:00 ] ::1 /jiimadeeee/index.php/Admin/login/logout.html
INFO: [ app_init ] --START--
INFO: Run Behavior\BuildLiteBehavior [ RunTime:0.000239s ]
INFO: [ app_init ] --END-- [ RunTime:0.003471s ]
INFO: [ app_begin ] --START--
INFO: Run Behavior\ReadHtmlCacheBehavior [ RunTime:0.004857s ]
INFO: [ app_begin ] --END-- [ RunTime:0.006130s ]
SQL: SHOW COLUMNS FROM `made_admin` [ RunTime:0.0021s ]

[ 2018-06-14T12:17:15+08:00 ] ::1 /jiimadeeee/index.php/Admin/login/login
INFO: [ app_init ] --START--
INFO: Run Behavior\BuildLiteBehavior [ RunTime:0.000149s ]
INFO: [ app_init ] --END-- [ RunTime:0.003343s ]
INFO: [ app_begin ] --START--
INFO: Run Behavior\ReadHtmlCacheBehavior [ RunTime:0.005697s ]
INFO: [ app_begin ] --END-- [ RunTime:0.006835s ]
INFO: [ view_parse ] --START--
INFO: [ template_filter ] --START--
INFO: Run Behavior\ContentReplaceBehavior [ RunTime:0.000597s ]
INFO: [ template_filter ] --END-- [ RunTime:0.001616s ]
INFO: Run Behavior\ParseTemplateBehavior [ RunTime:0.046248s ]
INFO: [ view_parse ] --END-- [ RunTime:0.047321s ]
INFO: [ view_filter ] --START--
INFO: Run Behavior\WriteHtmlCacheBehavior [ RunTime:0.003144s ]
INFO: [ view_filter ] --END-- [ RunTime:0.004136s ]
INFO: [ app_end ] --START--
INFO: Run Behavior\ShowPageTraceBehavior [ RunTime:0.004854s ]
INFO: [ app_end ] --END-- [ RunTime:0.005721s ]

[ 2018-06-14T12:17:16+08:00 ] ::1 /jiimadeeee/index.php/Admin/Login/chkcode.html
INFO: [ app_init ] --START--
INFO: Run Behavior\BuildLiteBehavior [ RunTime:0.000173s ]
INFO: [ app_init ] --END-- [ RunTime:0.003121s ]
INFO: [ app_begin ] --START--
INFO: Run Behavior\ReadHtmlCacheBehavior [ RunTime:0.004125s ]
INFO: [ app_begin ] --END-- [ RunTime:0.005336s ]
NOTIC: [8] A session had already been started - ignoring session_start() D:\wamp\wamp64\www\jiimadeeee\Application\Admin\Controller\LoginController.class.php 第 29 行.
INFO: [ app_end ] --START--
INFO: Run Behavior\ShowPageTraceBehavior [ RunTime:0.004627s ]
INFO: [ app_end ] --END-- [ RunTime:0.005483s ]

[ 2018-06-14T12:17:25+08:00 ] ::1 /jiimadeeee/index.php/Admin/login/login
INFO: [ app_init ] --START--
INFO: Run Behavior\BuildLiteBehavior [ RunTime:0.000160s ]
INFO: [ app_init ] --END-- [ RunTime:0.002944s ]
INFO: [ app_begin ] --START--
INFO: Run Behavior\ReadHtmlCacheBehavior [ RunTime:0.003843s ]
INFO: [ app_begin ] --END-- [ RunTime:0.004815s ]
SQL: SHOW COLUMNS FROM `made_admin` [ RunTime:0.0058s ]
NOTIC: [8] Undefined index: auto D:\wamp\wamp64\www\jiimadeeee\ThinkPHP\Library\Think\Model.class.php 第 1128 行.
SQL: SELECT * FROM `made_admin` WHERE `username` = 'ligo' LIMIT 1   [ RunTime:0.0010s ]
INFO: [ view_parse ] --START--
INFO: [ template_filter ] --START--
INFO: Run Behavior\ContentReplaceBehavior [ RunTime:0.000508s ]
INFO: [ template_filter ] --END-- [ RunTime:0.001477s ]
INFO: Run Behavior\ParseTemplateBehavior [ RunTime:0.043866s ]
INFO: [ view_parse ] --END-- [ RunTime:0.044917s ]
INFO: [ view_filter ] --START--
INFO: Run Behavior\WriteHtmlCacheBehavior [ RunTime:0.003089s ]
INFO: [ view_filter ] --END-- [ RunTime:0.004229s ]
INFO: [ view_parse ] --START--
INFO: [ template_filter ] --START--
INFO: Run Behavior\ContentReplaceBehavior [ RunTime:0.000373s ]
INFO: [ template_filter ] --END-- [ RunTime:-0.030714s ]
INFO: Run Behavior\ParseTemplateBehavior [ RunTime:0.022386s ]
INFO: [ view_parse ] --END-- [ RunTime:-0.007458s ]
INFO: [ view_filter ] --START--
INFO: Run Behavior\WriteHtmlCacheBehavior [ RunTime:0.000158s ]
INFO: [ view_filter ] --END-- [ RunTime:-0.026520s ]

[ 2018-06-14T12:17:27+08:00 ] ::1 /jiimadeeee/index.php/Admin/index/index.html
INFO: [ app_init ] --START--
INFO: Run Behavior\BuildLiteBehavior [ RunTime:0.000043s ]
INFO: [ app_init ] --END-- [ RunTime:0.002898s ]
INFO: [ app_begin ] --START--
INFO: Run Behavior\ReadHtmlCacheBehavior [ RunTime:0.005674s ]
INFO: [ app_begin ] --END-- [ RunTime:0.007169s ]
NOTIC: [8] A session had already been started - ignoring session_start() D:\wamp\wamp64\www\jiimadeeee\Application\Admin\Controller\BaseController.class.php 第 9 行.
INFO: [ view_parse ] --START--
INFO: [ template_filter ] --START--
INFO: Run Behavior\ContentReplaceBehavior [ RunTime:0.000481s ]
INFO: [ template_filter ] --END-- [ RunTime:0.001490s ]
INFO: Run Behavior\ParseTemplateBehavior [ RunTime:0.043477s ]
INFO: [ view_parse ] --END-- [ RunTime:0.044482s ]
INFO: [ view_filter ] --START--
INFO: Run Behavior\WriteHtmlCacheBehavior [ RunTime:0.004752s ]
INFO: [ view_filter ] --END-- [ RunTime:0.005700s ]
INFO: [ app_end ] --START--
INFO: Run Behavior\ShowPageTraceBehavior [ RunTime:0.004042s ]
INFO: [ app_end ] --END-- [ RunTime:0.004836s ]

[ 2018-06-14T12:17:27+08:00 ] ::1 /jiimadeeee/index.php/Admin/index/menu.html
INFO: [ app_init ] --START--
INFO: Run Behavior\BuildLiteBehavior [ RunTime:0.000044s ]
INFO: [ app_init ] --END-- [ RunTime:0.000970s ]
INFO: [ app_begin ] --START--
INFO: Run Behavior\ReadHtmlCacheBehavior [ RunTime:0.002428s ]
INFO: [ app_begin ] --END-- [ RunTime:0.003165s ]
NOTIC: [8] A session had already been started - ignoring session_start() D:\wamp\wamp64\www\jiimadeeee\Application\Admin\Controller\BaseController.class.php 第 9 行.
INFO: [ view_parse ] --START--
INFO: [ template_filter ] --START--
INFO: Run Behavior\ContentReplaceBehavior [ RunTime:0.000704s ]
INFO: [ template_filter ] --END-- [ RunTime:0.001283s ]
SQL: SHOW COLUMNS FROM `made_privilege` [ RunTime:0.0041s ]
SQL: SHOW COLUMNS FROM `made_admin_role` [ RunTime:0.0055s ]
SQL: SELECT c.* FROM made_admin_role a LEFT JOIN made_role_pri b ON a.role_id=b.role_id
			        LEFT JOIN made_privilege c ON b.pri_id=c.id  WHERE a.admin_id = '2'  [ RunTime:0.0055s ]
INFO: Run Behavior\ParseTemplateBehavior [ RunTime:0.116490s ]
INFO: [ view_parse ] --END-- [ RunTime:0.117335s ]
INFO: [ view_filter ] --START--
INFO: Run Behavior\WriteHtmlCacheBehavior [ RunTime:0.002575s ]
INFO: [ view_filter ] --END-- [ RunTime:0.003339s ]
INFO: [ app_end ] --START--
INFO: Run Behavior\ShowPageTraceBehavior [ RunTime:0.005793s ]
INFO: [ app_end ] --END-- [ RunTime:0.006894s ]

[ 2018-06-14T12:17:27+08:00 ] ::1 /jiimadeeee/index.php/Admin/index/main.html
INFO: [ app_init ] --START--
INFO: Run Behavior\BuildLiteBehavior [ RunTime:0.000344s ]
INFO: [ app_init ] --END-- [ RunTime:0.003891s ]
INFO: [ app_begin ] --START--
INFO: Run Behavior\ReadHtmlCacheBehavior [ RunTime:0.004134s ]
INFO: [ app_begin ] --END-- [ RunTime:0.005058s ]
NOTIC: [8] A session had already been started - ignoring session_start() D:\wamp\wamp64\www\jiimadeeee\Application\Admin\Controller\BaseController.class.php 第 9 行.
INFO: [ view_parse ] --START--
INFO: [ template_filter ] --START--
INFO: Run Behavior\ContentReplaceBehavior [ RunTime:0.000331s ]
INFO: [ template_filter ] --END-- [ RunTime:0.001617s ]
INFO: Run Behavior\ParseTemplateBehavior [ RunTime:0.041331s ]
INFO: [ view_parse ] --END-- [ RunTime:0.041753s ]
INFO: [ view_filter ] --START--
INFO: Run Behavior\WriteHtmlCacheBehavior [ RunTime:0.003021s ]
INFO: [ view_filter ] --END-- [ RunTime:0.003934s ]
INFO: [ app_end ] --START--
INFO: Run Behavior\ShowPageTraceBehavior [ RunTime:0.004390s ]
INFO: [ app_end ] --END-- [ RunTime:0.004982s ]

[ 2018-06-14T12:17:27+08:00 ] ::1 /jiimadeeee/index.php/Admin/index/top.html
INFO: [ app_init ] --START--
INFO: Run Behavior\BuildLiteBehavior [ RunTime:0.000215s ]
INFO: [ app_init ] --END-- [ RunTime:0.004005s ]
INFO: [ app_begin ] --START--
INFO: Run Behavior\ReadHtmlCacheBehavior [ RunTime:0.004376s ]
INFO: [ app_begin ] --END-- [ RunTime:0.005314s ]
NOTIC: [8] A session had already been started - ignoring session_start() D:\wamp\wamp64\www\jiimadeeee\Application\Admin\Controller\BaseController.class.php 第 9 行.
INFO: [ view_parse ] --START--
INFO: [ template_filter ] --START--
INFO: Run Behavior\ContentReplaceBehavior [ RunTime:0.000161s ]
INFO: [ template_filter ] --END-- [ RunTime:0.000722s ]
INFO: Run Behavior\ParseTemplateBehavior [ RunTime:0.035021s ]
INFO: [ view_parse ] --END-- [ RunTime:0.035882s ]
INFO: [ view_filter ] --START--
INFO: Run Behavior\WriteHtmlCacheBehavior [ RunTime:0.003239s ]
INFO: [ view_filter ] --END-- [ RunTime:0.004243s ]
INFO: [ app_end ] --START--
INFO: Run Behavior\ShowPageTraceBehavior [ RunTime:0.004505s ]
INFO: [ app_end ] --END-- [ RunTime:0.005382s ]

[ 2018-06-14T12:17:36+08:00 ] ::1 /jiimadeeee/index.php/Admin/login/logout.html
INFO: [ app_init ] --START--
INFO: Run Behavior\BuildLiteBehavior [ RunTime:0.000164s ]
INFO: [ app_init ] --END-- [ RunTime:0.003852s ]
INFO: [ app_begin ] --START--
INFO: Run Behavior\ReadHtmlCacheBehavior [ RunTime:0.004337s ]
INFO: [ app_begin ] --END-- [ RunTime:0.005087s ]
SQL: SHOW COLUMNS FROM `made_admin` [ RunTime:0.0057s ]

[ 2018-06-14T12:17:36+08:00 ] ::1 /jiimadeeee/index.php/Admin/login/login
INFO: [ app_init ] --START--
INFO: Run Behavior\BuildLiteBehavior [ RunTime:0.000161s ]
INFO: [ app_init ] --END-- [ RunTime:0.003117s ]
INFO: [ app_begin ] --START--
INFO: Run Behavior\ReadHtmlCacheBehavior [ RunTime:0.004006s ]
INFO: [ app_begin ] --END-- [ RunTime:0.004593s ]
INFO: [ view_parse ] --START--
INFO: [ template_filter ] --START--
INFO: Run Behavior\ContentReplaceBehavior [ RunTime:0.000491s ]
INFO: [ template_filter ] --END-- [ RunTime:0.001370s ]
INFO: Run Behavior\ParseTemplateBehavior [ RunTime:0.048061s ]
INFO: [ view_parse ] --END-- [ RunTime:0.048663s ]
INFO: [ view_filter ] --START--
INFO: Run Behavior\WriteHtmlCacheBehavior [ RunTime:0.003248s ]
INFO: [ view_filter ] --END-- [ RunTime:0.003906s ]
INFO: [ app_end ] --START--
INFO: Run Behavior\ShowPageTraceBehavior [ RunTime:0.008010s ]
INFO: [ app_end ] --END-- [ RunTime:0.008991s ]

[ 2018-06-14T12:17:36+08:00 ] ::1 /jiimadeeee/index.php/Admin/Login/chkcode.html
INFO: [ app_init ] --START--
INFO: Run Behavior\BuildLiteBehavior [ RunTime:0.000361s ]
INFO: [ app_init ] --END-- [ RunTime:0.004026s ]
INFO: [ app_begin ] --START--
INFO: Run Behavior\ReadHtmlCacheBehavior [ RunTime:0.005774s ]
INFO: [ app_begin ] --END-- [ RunTime:0.006627s ]
NOTIC: [8] A session had already been started - ignoring session_start() D:\wamp\wamp64\www\jiimadeeee\Application\Admin\Controller\LoginController.class.php 第 29 行.
INFO: [ app_end ] --START--
INFO: Run Behavior\ShowPageTraceBehavior [ RunTime:0.003782s ]
INFO: [ app_end ] --END-- [ RunTime:0.004688s ]

[ 2018-06-14T12:18:18+08:00 ] ::1 /jiimadeeee/index.php/Admin/login/login
INFO: [ app_init ] --START--
INFO: Run Behavior\BuildLiteBehavior [ RunTime:0.000197s ]
INFO: [ app_init ] --END-- [ RunTime:0.003343s ]
INFO: [ app_begin ] --START--
INFO: Run Behavior\ReadHtmlCacheBehavior [ RunTime:0.003978s ]
INFO: [ app_begin ] --END-- [ RunTime:0.004899s ]
SQL: SHOW COLUMNS FROM `made_admin` [ RunTime:0.0042s ]
NOTIC: [8] Undefined index: auto D:\wamp\wamp64\www\jiimadeeee\ThinkPHP\Library\Think\Model.class.php 第 1128 行.
SQL: SELECT * FROM `made_admin` WHERE `username` = 'root' LIMIT 1   [ RunTime:0.0012s ]
INFO: [ view_parse ] --START--
INFO: [ template_filter ] --START--
INFO: Run Behavior\ContentReplaceBehavior [ RunTime:0.000378s ]
INFO: [ template_filter ] --END-- [ RunTime:0.001046s ]
INFO: Run Behavior\ParseTemplateBehavior [ RunTime:0.041584s ]
INFO: [ view_parse ] --END-- [ RunTime:0.042489s ]
INFO: [ view_filter ] --START--
INFO: Run Behavior\WriteHtmlCacheBehavior [ RunTime:0.004157s ]
INFO: [ view_filter ] --END-- [ RunTime:0.005353s ]
INFO: [ view_parse ] --START--
INFO: [ template_filter ] --START--
INFO: Run Behavior\ContentReplaceBehavior [ RunTime:0.000352s ]
INFO: [ template_filter ] --END-- [ RunTime:-0.032702s ]
INFO: Run Behavior\ParseTemplateBehavior [ RunTime:0.024556s ]
INFO: [ view_parse ] --END-- [ RunTime:-0.007999s ]
INFO: [ view_filter ] --START--
INFO: Run Behavior\WriteHtmlCacheBehavior [ RunTime:0.000172s ]
INFO: [ view_filter ] --END-- [ RunTime:-0.027825s ]

[ 2018-06-14T12:18:20+08:00 ] ::1 /jiimadeeee/index.php/Admin/index/index.html
INFO: [ app_init ] --START--
INFO: Run Behavior\BuildLiteBehavior [ RunTime:0.000140s ]
INFO: [ app_init ] --END-- [ RunTime:0.002336s ]
INFO: [ app_begin ] --START--
INFO: Run Behavior\ReadHtmlCacheBehavior [ RunTime:0.005191s ]
INFO: [ app_begin ] --END-- [ RunTime:0.006309s ]
NOTIC: [8] A session had already been started - ignoring session_start() D:\wamp\wamp64\www\jiimadeeee\Application\Admin\Controller\BaseController.class.php 第 9 行.
INFO: [ view_parse ] --START--
INFO: [ template_filter ] --START--
INFO: Run Behavior\ContentReplaceBehavior [ RunTime:0.000713s ]
INFO: [ template_filter ] --END-- [ RunTime:0.001870s ]
INFO: Run Behavior\ParseTemplateBehavior [ RunTime:0.038953s ]
INFO: [ view_parse ] --END-- [ RunTime:0.039884s ]
INFO: [ view_filter ] --START--
INFO: Run Behavior\WriteHtmlCacheBehavior [ RunTime:0.002463s ]
INFO: [ view_filter ] --END-- [ RunTime:0.003287s ]
INFO: [ app_end ] --START--
INFO: Run Behavior\ShowPageTraceBehavior [ RunTime:0.003642s ]
INFO: [ app_end ] --END-- [ RunTime:0.004302s ]

[ 2018-06-14T12:18:20+08:00 ] ::1 /jiimadeeee/index.php/Admin/index/menu.html
INFO: [ app_init ] --START--
INFO: Run Behavior\BuildLiteBehavior [ RunTime:0.000317s ]
INFO: [ app_init ] --END-- [ RunTime:0.004415s ]
INFO: [ app_begin ] --START--
INFO: Run Behavior\ReadHtmlCacheBehavior [ RunTime:0.005920s ]
INFO: [ app_begin ] --END-- [ RunTime:0.007171s ]
NOTIC: [8] A session had already been started - ignoring session_start() D:\wamp\wamp64\www\jiimadeeee\Application\Admin\Controller\BaseController.class.php 第 9 行.
INFO: [ view_parse ] --START--
INFO: [ template_filter ] --START--
INFO: Run Behavior\ContentReplaceBehavior [ RunTime:0.000817s ]
INFO: [ template_filter ] --END-- [ RunTime:0.001348s ]
SQL: SHOW COLUMNS FROM `made_privilege` [ RunTime:0.0029s ]
SQL: SELECT * FROM `made_privilege`  [ RunTime:0.0019s ]
INFO: Run Behavior\ParseTemplateBehavior [ RunTime:0.117126s ]
INFO: [ view_parse ] --END-- [ RunTime:0.117612s ]
INFO: [ view_filter ] --START--
INFO: Run Behavior\WriteHtmlCacheBehavior [ RunTime:0.002682s ]
INFO: [ view_filter ] --END-- [ RunTime:0.003834s ]
INFO: [ app_end ] --START--
INFO: Run Behavior\ShowPageTraceBehavior [ RunTime:0.004150s ]
INFO: [ app_end ] --END-- [ RunTime:0.005427s ]

[ 2018-06-14T12:18:20+08:00 ] ::1 /jiimadeeee/index.php/Admin/index/main.html
INFO: [ app_init ] --START--
INFO: Run Behavior\BuildLiteBehavior [ RunTime:0.000230s ]
INFO: [ app_init ] --END-- [ RunTime:0.003025s ]
INFO: [ app_begin ] --START--
INFO: Run Behavior\ReadHtmlCacheBehavior [ RunTime:0.002953s ]
INFO: [ app_begin ] --END-- [ RunTime:0.003508s ]
NOTIC: [8] A session had already been started - ignoring session_start() D:\wamp\wamp64\www\jiimadeeee\Application\Admin\Controller\BaseController.class.php 第 9 行.
INFO: [ view_parse ] --START--
INFO: [ template_filter ] --START--
INFO: Run Behavior\ContentReplaceBehavior [ RunTime:0.000870s ]
INFO: [ template_filter ] --END-- [ RunTime:0.002122s ]
INFO: Run Behavior\ParseTemplateBehavior [ RunTime:0.041343s ]
INFO: [ view_parse ] --END-- [ RunTime:0.041989s ]
INFO: [ view_filter ] --START--
INFO: Run Behavior\WriteHtmlCacheBehavior [ RunTime:0.003226s ]
INFO: [ view_filter ] --END-- [ RunTime:0.004204s ]
INFO: [ app_end ] --START--
INFO: Run Behavior\ShowPageTraceBehavior [ RunTime:0.003958s ]
INFO: [ app_end ] --END-- [ RunTime:0.004564s ]

[ 2018-06-14T12:18:20+08:00 ] ::1 /jiimadeeee/index.php/Admin/index/top.html
INFO: [ app_init ] --START--
INFO: Run Behavior\BuildLiteBehavior [ RunTime:0.000060s ]
INFO: [ app_init ] --END-- [ RunTime:0.003352s ]
INFO: [ app_begin ] --START--
INFO: Run Behavior\ReadHtmlCacheBehavior [ RunTime:0.005838s ]
INFO: [ app_begin ] --END-- [ RunTime:0.007136s ]
NOTIC: [8] A session had already been started - ignoring session_start() D:\wamp\wamp64\www\jiimadeeee\Application\Admin\Controller\BaseController.class.php 第 9 行.
INFO: [ view_parse ] --START--
INFO: [ template_filter ] --START--
INFO: Run Behavior\ContentReplaceBehavior [ RunTime:0.000122s ]
INFO: [ template_filter ] --END-- [ RunTime:0.000306s ]
INFO: Run Behavior\ParseTemplateBehavior [ RunTime:0.028304s ]
INFO: [ view_parse ] --END-- [ RunTime:0.029464s ]
INFO: [ view_filter ] --START--
INFO: Run Behavior\WriteHtmlCacheBehavior [ RunTime:0.002923s ]
INFO: [ view_filter ] --END-- [ RunTime:0.003773s ]
INFO: [ app_end ] --START--
INFO: Run Behavior\ShowPageTraceBehavior [ RunTime:0.004244s ]
INFO: [ app_end ] --END-- [ RunTime:0.004681s ]

[ 2018-06-14T12:18:28+08:00 ] ::1 /jiimadeeee/index.php/Admin/Admin/lst.html
INFO: [ app_init ] --START--
INFO: Run Behavior\BuildLiteBehavior [ RunTime:0.000167s ]
INFO: [ app_init ] --END-- [ RunTime:0.002817s ]
INFO: [ app_begin ] --START--
INFO: Run Behavior\ReadHtmlCacheBehavior [ RunTime:0.003620s ]
INFO: [ app_begin ] --END-- [ RunTime:0.004444s ]
NOTIC: [8] A session had already been started - ignoring session_start() D:\wamp\wamp64\www\jiimadeeee\Application\Admin\Controller\BaseController.class.php 第 9 行.
SQL: SHOW COLUMNS FROM `made_privilege` [ RunTime:0.0057s ]
SQL: SHOW COLUMNS FROM `made_admin` [ RunTime:0.0017s ]
SQL: SELECT a.*,GROUP_CONCAT(c.role_name) role_name FROM made_admin a LEFT JOIN made_admin_role b ON a.id=b.admin_id
              LEFT JOIN made_role c ON b.role_id=c.id  GROUP BY a.id  [ RunTime:0.0087s ]
INFO: [ view_parse ] --START--
INFO: [ template_filter ] --START--
INFO: Run Behavior\ContentReplaceBehavior [ RunTime:0.000396s ]
INFO: [ template_filter ] --END-- [ RunTime:0.001011s ]
INFO: Run Behavior\ParseTemplateBehavior [ RunTime:0.043504s ]
INFO: [ view_parse ] --END-- [ RunTime:0.044009s ]
INFO: [ view_filter ] --START--
INFO: Run Behavior\WriteHtmlCacheBehavior [ RunTime:0.002801s ]
INFO: [ view_filter ] --END-- [ RunTime:0.003668s ]
INFO: [ app_end ] --START--
INFO: Run Behavior\ShowPageTraceBehavior [ RunTime:0.002112s ]
INFO: [ app_end ] --END-- [ RunTime:0.002539s ]

[ 2018-06-14T12:18:30+08:00 ] ::1 /jiimadeeee/index.php/Admin/Admin/edit/id/1.html
INFO: [ app_init ] --START--
INFO: Run Behavior\BuildLiteBehavior [ RunTime:0.000157s ]
INFO: [ app_init ] --END-- [ RunTime:0.002859s ]
INFO: [ app_begin ] --START--
INFO: Run Behavior\ReadHtmlCacheBehavior [ RunTime:0.002079s ]
INFO: [ app_begin ] --END-- [ RunTime:0.002845s ]
NOTIC: [8] A session had already been started - ignoring session_start() D:\wamp\wamp64\www\jiimadeeee\Application\Admin\Controller\BaseController.class.php 第 9 行.
SQL: SHOW COLUMNS FROM `made_privilege` [ RunTime:0.0065s ]
SQL: SHOW COLUMNS FROM `made_admin` [ RunTime:0.0020s ]
SQL: SELECT * FROM `made_admin` WHERE `id` = 1 LIMIT 1   [ RunTime:0.0010s ]
NOTIC: [2048] Declaration of Admin\Model\RoleModel::_before_update() should be compatible with Think\Model::_before_update(&$data, $options) D:\wamp\wamp64\www\jiimadeeee\Application\Admin\Model\RoleModel.class.php 第 52 行.
SQL: SHOW COLUMNS FROM `made_role` [ RunTime:0.0061s ]
SQL: SELECT * FROM `made_role`  [ RunTime:0.0008s ]
SQL: SHOW COLUMNS FROM `made_admin_role` [ RunTime:0.0062s ]
SQL: SELECT * FROM `made_admin_role` WHERE `admin_id` = '1'  [ RunTime:0.0008s ]
INFO: [ view_parse ] --START--
INFO: [ template_filter ] --START--
INFO: Run Behavior\ContentReplaceBehavior [ RunTime:0.000544s ]
INFO: [ template_filter ] --END-- [ RunTime:0.001263s ]
INFO: Run Behavior\ParseTemplateBehavior [ RunTime:0.040852s ]
INFO: [ view_parse ] --END-- [ RunTime:0.041472s ]
INFO: [ view_filter ] --START--
INFO: Run Behavior\WriteHtmlCacheBehavior [ RunTime:0.002627s ]
INFO: [ view_filter ] --END-- [ RunTime:0.003449s ]
INFO: [ app_end ] --START--
INFO: Run Behavior\ShowPageTraceBehavior [ RunTime:0.003746s ]
INFO: [ app_end ] --END-- [ RunTime:0.004535s ]

[ 2018-06-14T12:18:43+08:00 ] ::1 /jiimadeeee/index.php/Admin/Admin/lst.html
INFO: [ app_init ] --START--
INFO: Run Behavior\BuildLiteBehavior [ RunTime:0.000173s ]
INFO: [ app_init ] --END-- [ RunTime:0.002915s ]
INFO: [ app_begin ] --START--
INFO: Run Behavior\ReadHtmlCacheBehavior [ RunTime:0.001829s ]
INFO: [ app_begin ] --END-- [ RunTime:0.002348s ]
NOTIC: [8] A session had already been started - ignoring session_start() D:\wamp\wamp64\www\jiimadeeee\Application\Admin\Controller\BaseController.class.php 第 9 行.
SQL: SHOW COLUMNS FROM `made_privilege` [ RunTime:0.0020s ]
SQL: SHOW COLUMNS FROM `made_admin` [ RunTime:0.0051s ]
SQL: SELECT a.*,GROUP_CONCAT(c.role_name) role_name FROM made_admin a LEFT JOIN made_admin_role b ON a.id=b.admin_id
              LEFT JOIN made_role c ON b.role_id=c.id  GROUP BY a.id  [ RunTime:0.0084s ]
INFO: [ view_parse ] --START--
INFO: [ template_filter ] --START--
INFO: Run Behavior\ContentReplaceBehavior [ RunTime:0.000410s ]
INFO: [ template_filter ] --END-- [ RunTime:0.001047s ]
INFO: Run Behavior\ParseTemplateBehavior [ RunTime:0.041550s ]
INFO: [ view_parse ] --END-- [ RunTime:0.042429s ]
INFO: [ view_filter ] --START--
INFO: Run Behavior\WriteHtmlCacheBehavior [ RunTime:0.002716s ]
INFO: [ view_filter ] --END-- [ RunTime:0.003554s ]
INFO: [ app_end ] --START--
INFO: Run Behavior\ShowPageTraceBehavior [ RunTime:0.003677s ]
INFO: [ app_end ] --END-- [ RunTime:0.004423s ]

[ 2018-06-14T12:18:56+08:00 ] ::1 /jiimadeeee/index.php/Admin/Admin/editpass.html
INFO: [ app_init ] --START--
INFO: Run Behavior\BuildLiteBehavior [ RunTime:0.000170s ]
INFO: [ app_init ] --END-- [ RunTime:0.003162s ]
INFO: [ app_begin ] --START--
INFO: Run Behavior\ReadHtmlCacheBehavior [ RunTime:0.003565s ]
INFO: [ app_begin ] --END-- [ RunTime:0.004528s ]
NOTIC: [8] A session had already been started - ignoring session_start() D:\wamp\wamp64\www\jiimadeeee\Application\Admin\Controller\BaseController.class.php 第 9 行.
SQL: SHOW COLUMNS FROM `made_privilege` [ RunTime:0.0025s ]
SQL: SHOW COLUMNS FROM `made_admin` [ RunTime:0.0022s ]
SQL: SELECT * FROM `made_admin` WHERE `id` = 1 LIMIT 1   [ RunTime:0.0009s ]
INFO: [ view_parse ] --START--
INFO: [ template_filter ] --START--
INFO: Run Behavior\ContentReplaceBehavior [ RunTime:0.000485s ]
INFO: [ template_filter ] --END-- [ RunTime:0.001206s ]
NOTIC: [8] Undefined variable: btn_url D:\wamp\wamp64\www\jiimadeeee\Application\Runtime\Cache\Admin\27dc767652b29449b503b8b799972cd9.php 第 12 行.
NOTIC: [8] Undefined variable: btn_name D:\wamp\wamp64\www\jiimadeeee\Application\Runtime\Cache\Admin\27dc767652b29449b503b8b799972cd9.php 第 12 行.
INFO: Run Behavior\ParseTemplateBehavior [ RunTime:0.038849s ]
INFO: [ view_parse ] --END-- [ RunTime:0.039706s ]
INFO: [ view_filter ] --START--
INFO: Run Behavior\WriteHtmlCacheBehavior [ RunTime:0.001466s ]
INFO: [ view_filter ] --END-- [ RunTime:0.002152s ]
INFO: [ app_end ] --START--
INFO: Run Behavior\ShowPageTraceBehavior [ RunTime:0.003354s ]
INFO: [ app_end ] --END-- [ RunTime:0.004024s ]

[ 2018-06-14T12:19:11+08:00 ] ::1 /jiimadeeee/index.php/Admin/Admin/lst.html
INFO: [ app_init ] --START--
INFO: Run Behavior\BuildLiteBehavior [ RunTime:0.000135s ]
INFO: [ app_init ] --END-- [ RunTime:0.002279s ]
INFO: [ app_begin ] --START--
INFO: Run Behavior\ReadHtmlCacheBehavior [ RunTime:0.003673s ]
INFO: [ app_begin ] --END-- [ RunTime:0.004504s ]
NOTIC: [8] A session had already been started - ignoring session_start() D:\wamp\wamp64\www\jiimadeeee\Application\Admin\Controller\BaseController.class.php 第 9 行.
SQL: SHOW COLUMNS FROM `made_privilege` [ RunTime:0.0020s ]
SQL: SHOW COLUMNS FROM `made_admin` [ RunTime:0.0052s ]
SQL: SELECT a.*,GROUP_CONCAT(c.role_name) role_name FROM made_admin a LEFT JOIN made_admin_role b ON a.id=b.admin_id
              LEFT JOIN made_role c ON b.role_id=c.id  GROUP BY a.id  [ RunTime:0.0048s ]
INFO: [ view_parse ] --START--
INFO: [ template_filter ] --START--
INFO: Run Behavior\ContentReplaceBehavior [ RunTime:0.000412s ]
INFO: [ template_filter ] --END-- [ RunTime:0.001077s ]
INFO: Run Behavior\ParseTemplateBehavior [ RunTime:0.038829s ]
INFO: [ view_parse ] --END-- [ RunTime:0.039631s ]
INFO: [ view_filter ] --START--
INFO: Run Behavior\WriteHtmlCacheBehavior [ RunTime:0.002711s ]
INFO: [ view_filter ] --END-- [ RunTime:0.003548s ]
INFO: [ app_end ] --START--
INFO: Run Behavior\ShowPageTraceBehavior [ RunTime:0.003652s ]
INFO: [ app_end ] --END-- [ RunTime:0.004390s ]

[ 2018-06-14T12:20:10+08:00 ] ::1 /jiimadeeee/index.php/Admin/Admin/lst.html
INFO: [ app_init ] --START--
INFO: Run Behavior\BuildLiteBehavior [ RunTime:0.000151s ]
INFO: [ app_init ] --END-- [ RunTime:0.002418s ]
INFO: [ app_begin ] --START--
INFO: Run Behavior\ReadHtmlCacheBehavior [ RunTime:0.003604s ]
INFO: [ app_begin ] --END-- [ RunTime:0.004437s ]
NOTIC: [8] A session had already been started - ignoring session_start() D:\wamp\wamp64\www\jiimadeeee\Application\Admin\Controller\BaseController.class.php 第 9 行.
SQL: SHOW COLUMNS FROM `made_privilege` [ RunTime:0.0023s ]
SQL: SHOW COLUMNS FROM `made_admin` [ RunTime:0.0020s ]
SQL: SELECT a.*,GROUP_CONCAT(c.role_name) role_name FROM made_admin a LEFT JOIN made_admin_role b ON a.id=b.admin_id
              LEFT JOIN made_role c ON b.role_id=c.id  GROUP BY a.id  [ RunTime:0.0014s ]
INFO: [ view_parse ] --START--
INFO: [ template_filter ] --START--
INFO: Run Behavior\ContentReplaceBehavior [ RunTime:0.000412s ]
INFO: [ template_filter ] --END-- [ RunTime:0.001060s ]
INFO: Run Behavior\ParseTemplateBehavior [ RunTime:0.040389s ]
INFO: [ view_parse ] --END-- [ RunTime:0.041108s ]
INFO: [ view_filter ] --START--
INFO: Run Behavior\WriteHtmlCacheBehavior [ RunTime:0.002845s ]
INFO: [ view_filter ] --END-- [ RunTime:0.003723s ]
INFO: [ app_end ] --START--
INFO: Run Behavior\ShowPageTraceBehavior [ RunTime:0.001993s ]
INFO: [ app_end ] --END-- [ RunTime:0.002682s ]

[ 2018-06-14T12:21:04+08:00 ] ::1 /jiimadeeee/index.php/Admin/Quote/userlst.html
INFO: [ app_init ] --START--
INFO: Run Behavior\BuildLiteBehavior [ RunTime:0.000163s ]
INFO: [ app_init ] --END-- [ RunTime:0.002794s ]
INFO: [ app_begin ] --START--
INFO: Run Behavior\ReadHtmlCacheBehavior [ RunTime:0.003862s ]
INFO: [ app_begin ] --END-- [ RunTime:0.004706s ]
NOTIC: [8] A session had already been started - ignoring session_start() D:\wamp\wamp64\www\jiimadeeee\Application\Admin\Controller\BaseController.class.php 第 9 行.
SQL: SHOW COLUMNS FROM `made_privilege` [ RunTime:0.0016s ]
SQL: SHOW COLUMNS FROM `made_quote` [ RunTime:0.0061s ]
SQL: SELECT COUNT(*) AS tp_count FROM `made_quote` WHERE `user_id` <> '0' LIMIT 1   [ RunTime:0.0014s ]
SQL: SELECT a.* FROM made_quote a WHERE `user_id` <> '0' LIMIT 0,20   [ RunTime:0.0009s ]
INFO: [ view_parse ] --START--
INFO: [ template_filter ] --START--
INFO: Run Behavior\ContentReplaceBehavior [ RunTime:0.000529s ]
INFO: [ template_filter ] --END-- [ RunTime:0.001221s ]
NOTIC: [8] Undefined variable: btn_url D:\wamp\wamp64\www\jiimadeeee\Application\Runtime\Cache\Admin\e9d874e8c3f402267c11d3dda67ffb5c.php 第 12 行.
NOTIC: [8] Undefined variable: btn_name D:\wamp\wamp64\www\jiimadeeee\Application\Runtime\Cache\Admin\e9d874e8c3f402267c11d3dda67ffb5c.php 第 12 行.
INFO: Run Behavior\ParseTemplateBehavior [ RunTime:0.043595s ]
INFO: [ view_parse ] --END-- [ RunTime:0.044445s ]
INFO: [ view_filter ] --START--
INFO: Run Behavior\WriteHtmlCacheBehavior [ RunTime:0.002811s ]
INFO: [ view_filter ] --END-- [ RunTime:0.003679s ]
INFO: [ app_end ] --START--
INFO: Run Behavior\ShowPageTraceBehavior [ RunTime:0.004286s ]
INFO: [ app_end ] --END-- [ RunTime:0.005099s ]

[ 2018-06-14T12:21:06+08:00 ] ::1 /jiimadeeee/index.php/Admin/Quote/adminlst.html
INFO: [ app_init ] --START--
INFO: Run Behavior\BuildLiteBehavior [ RunTime:0.000171s ]
INFO: [ app_init ] --END-- [ RunTime:0.003198s ]
INFO: [ app_begin ] --START--
INFO: Run Behavior\ReadHtmlCacheBehavior [ RunTime:0.003840s ]
INFO: [ app_begin ] --END-- [ RunTime:0.004731s ]
NOTIC: [8] A session had already been started - ignoring session_start() D:\wamp\wamp64\www\jiimadeeee\Application\Admin\Controller\BaseController.class.php 第 9 行.
SQL: SHOW COLUMNS FROM `made_privilege` [ RunTime:0.0023s ]
SQL: SHOW COLUMNS FROM `made_quote` [ RunTime:0.0062s ]
SQL: SELECT COUNT(*) AS tp_count FROM `made_quote` WHERE `admin_id` <> '0' LIMIT 1   [ RunTime:0.0010s ]
SQL: SELECT a.* FROM made_quote a WHERE `admin_id` <> '0' LIMIT 0,20   [ RunTime:0.0011s ]
INFO: [ view_parse ] --START--
INFO: [ template_filter ] --START--
INFO: Run Behavior\ContentReplaceBehavior [ RunTime:0.000136s ]
INFO: [ template_filter ] --END-- [ RunTime:0.000366s ]
NOTIC: [8] Undefined variable: btn_url D:\wamp\wamp64\www\jiimadeeee\Application\Runtime\Cache\Admin\91214015f2e0bd4ca2c946f6d36f40c3.php 第 12 行.
NOTIC: [8] Undefined variable: btn_name D:\wamp\wamp64\www\jiimadeeee\Application\Runtime\Cache\Admin\91214015f2e0bd4ca2c946f6d36f40c3.php 第 12 行.
INFO: Run Behavior\ParseTemplateBehavior [ RunTime:0.044952s ]
INFO: [ view_parse ] --END-- [ RunTime:0.045962s ]
INFO: [ view_filter ] --START--
INFO: Run Behavior\WriteHtmlCacheBehavior [ RunTime:0.002842s ]
INFO: [ view_filter ] --END-- [ RunTime:0.003679s ]
INFO: [ app_end ] --START--
INFO: Run Behavior\ShowPageTraceBehavior [ RunTime:0.003905s ]
INFO: [ app_end ] --END-- [ RunTime:0.004697s ]

[ 2018-06-14T12:21:08+08:00 ] ::1 /jiimadeeee/index.php/Admin/Quote/lst.html
INFO: [ app_init ] --START--
INFO: Run Behavior\BuildLiteBehavior [ RunTime:0.000160s ]
INFO: [ app_init ] --END-- [ RunTime:0.002802s ]
INFO: [ app_begin ] --START--
INFO: Run Behavior\ReadHtmlCacheBehavior [ RunTime:0.003834s ]
INFO: [ app_begin ] --END-- [ RunTime:0.004674s ]
NOTIC: [8] A session had already been started - ignoring session_start() D:\wamp\wamp64\www\jiimadeeee\Application\Admin\Controller\BaseController.class.php 第 9 行.
SQL: SHOW COLUMNS FROM `made_privilege` [ RunTime:0.0023s ]
SQL: SHOW COLUMNS FROM `made_quote` [ RunTime:0.0055s ]
SQL: SELECT COUNT(*) AS tp_count FROM `made_quote` WHERE `admin_id` = '1' LIMIT 1   [ RunTime:0.0008s ]
SQL: SELECT a.* FROM made_quote a WHERE `admin_id` = '1' LIMIT 0,20   [ RunTime:0.0009s ]
INFO: [ view_parse ] --START--
INFO: [ template_filter ] --START--
INFO: Run Behavior\ContentReplaceBehavior [ RunTime:0.000538s ]
INFO: [ template_filter ] --END-- [ RunTime:0.001188s ]
INFO: Run Behavior\ParseTemplateBehavior [ RunTime:0.044479s ]
INFO: [ view_parse ] --END-- [ RunTime:0.045304s ]
INFO: [ view_filter ] --START--
INFO: Run Behavior\WriteHtmlCacheBehavior [ RunTime:0.001427s ]
INFO: [ view_filter ] --END-- [ RunTime:0.002143s ]
INFO: [ app_end ] --START--
INFO: Run Behavior\ShowPageTraceBehavior [ RunTime:0.003853s ]
INFO: [ app_end ] --END-- [ RunTime:0.004642s ]

[ 2018-06-14T12:21:09+08:00 ] ::1 /jiimadeeee/index.php/Admin/Quote/userlst.html
INFO: [ app_init ] --START--
INFO: Run Behavior\BuildLiteBehavior [ RunTime:0.000155s ]
INFO: [ app_init ] --END-- [ RunTime:0.002814s ]
INFO: [ app_begin ] --START--
INFO: Run Behavior\ReadHtmlCacheBehavior [ RunTime:0.003712s ]
INFO: [ app_begin ] --END-- [ RunTime:0.004570s ]
NOTIC: [8] A session had already been started - ignoring session_start() D:\wamp\wamp64\www\jiimadeeee\Application\Admin\Controller\BaseController.class.php 第 9 行.
SQL: SHOW COLUMNS FROM `made_privilege` [ RunTime:0.0021s ]
SQL: SHOW COLUMNS FROM `made_quote` [ RunTime:0.0054s ]
SQL: SELECT COUNT(*) AS tp_count FROM `made_quote` WHERE `user_id` <> '0' LIMIT 1   [ RunTime:0.0007s ]
SQL: SELECT a.* FROM made_quote a WHERE `user_id` <> '0' LIMIT 0,20   [ RunTime:0.0010s ]
INFO: [ view_parse ] --START--
INFO: [ template_filter ] --START--
INFO: Run Behavior\ContentReplaceBehavior [ RunTime:0.000510s ]
INFO: [ template_filter ] --END-- [ RunTime:0.001182s ]
NOTIC: [8] Undefined variable: btn_url D:\wamp\wamp64\www\jiimadeeee\Application\Runtime\Cache\Admin\e9d874e8c3f402267c11d3dda67ffb5c.php 第 12 行.
NOTIC: [8] Undefined variable: btn_name D:\wamp\wamp64\www\jiimadeeee\Application\Runtime\Cache\Admin\e9d874e8c3f402267c11d3dda67ffb5c.php 第 12 行.
INFO: Run Behavior\ParseTemplateBehavior [ RunTime:0.042676s ]
INFO: [ view_parse ] --END-- [ RunTime:0.043594s ]
INFO: [ view_filter ] --START--
INFO: Run Behavior\WriteHtmlCacheBehavior [ RunTime:0.002749s ]
INFO: [ view_filter ] --END-- [ RunTime:0.003590s ]
INFO: [ app_end ] --START--
INFO: Run Behavior\ShowPageTraceBehavior [ RunTime:0.003694s ]
INFO: [ app_end ] --END-- [ RunTime:0.004442s ]

[ 2018-06-14T12:21:15+08:00 ] ::1 /jiimadeeee/index.php/Admin/Model/lst.html
INFO: [ app_init ] --START--
INFO: Run Behavior\BuildLiteBehavior [ RunTime:0.000160s ]
INFO: [ app_init ] --END-- [ RunTime:0.002868s ]
INFO: [ app_begin ] --START--
INFO: Run Behavior\ReadHtmlCacheBehavior [ RunTime:0.002991s ]
INFO: [ app_begin ] --END-- [ RunTime:0.003698s ]
NOTIC: [8] A session had already been started - ignoring session_start() D:\wamp\wamp64\www\jiimadeeee\Application\Admin\Controller\BaseController.class.php 第 9 行.
SQL: SHOW COLUMNS FROM `made_privilege` [ RunTime:0.0051s ]
SQL: SHOW COLUMNS FROM `made_model` [ RunTime:0.0049s ]
SQL: SELECT `id`,`model_name` FROM `made_model`  [ RunTime:0.0008s ]
INFO: [ view_parse ] --START--
INFO: [ template_filter ] --START--
INFO: Run Behavior\ContentReplaceBehavior [ RunTime:0.000410s ]
INFO: [ template_filter ] --END-- [ RunTime:0.001074s ]
INFO: Run Behavior\ParseTemplateBehavior [ RunTime:0.042126s ]
INFO: [ view_parse ] --END-- [ RunTime:0.042948s ]
INFO: [ view_filter ] --START--
INFO: Run Behavior\WriteHtmlCacheBehavior [ RunTime:0.002912s ]
INFO: [ view_filter ] --END-- [ RunTime:0.003808s ]
INFO: [ app_end ] --START--
INFO: Run Behavior\ShowPageTraceBehavior [ RunTime:0.003898s ]
INFO: [ app_end ] --END-- [ RunTime:0.004673s ]

