[ 2018-06-04T11:37:14+08:00 ] ::1 /jiimadeeee/index.php/admin/index/index
INFO: [ app_init ] --START--
INFO: Run Behavior\BuildLiteBehavior [ RunTime:0.000211s ]
INFO: [ app_init ] --END-- [ RunTime:0.003080s ]
INFO: [ app_begin ] --START--
INFO: Run Behavior\ReadHtmlCacheBehavior [ RunTime:0.004566s ]
INFO: [ app_begin ] --END-- [ RunTime:0.005690s ]
NOTIC: [8] A session had already been started - ignoring session_start() D:\wamp\wamp64\www\jiimadeeee\Application\Admin\Controller\BaseController.class.php 第 9 行.
INFO: [ view_parse ] --START--
INFO: [ template_filter ] --START--
INFO: Run Behavior\ContentReplaceBehavior [ RunTime:0.001615s ]
INFO: [ template_filter ] --END-- [ RunTime:0.002481s ]
INFO: Run Behavior\ParseTemplateBehavior [ RunTime:0.081023s ]
INFO: [ view_parse ] --END-- [ RunTime:0.081359s ]
INFO: [ view_filter ] --START--
INFO: Run Behavior\WriteHtmlCacheBehavior [ RunTime:0.002269s ]
INFO: [ view_filter ] --END-- [ RunTime:0.003381s ]

[ 2018-06-04T11:37:15+08:00 ] ::1 /jiimadeeee/index.php/Admin/Login/login.html
INFO: [ app_init ] --START--
INFO: Run Behavior\BuildLiteBehavior [ RunTime:0.000240s ]
INFO: [ app_init ] --END-- [ RunTime:0.003561s ]
INFO: [ app_begin ] --START--
INFO: Run Behavior\ReadHtmlCacheBehavior [ RunTime:0.003408s ]
INFO: [ app_begin ] --END-- [ RunTime:0.004288s ]
INFO: [ view_parse ] --START--
INFO: [ template_filter ] --START--
INFO: Run Behavior\ContentReplaceBehavior [ RunTime:0.000469s ]
INFO: [ template_filter ] --END-- [ RunTime:0.001183s ]
INFO: Run Behavior\ParseTemplateBehavior [ RunTime:0.041173s ]
INFO: [ view_parse ] --END-- [ RunTime:0.041918s ]
INFO: [ view_filter ] --START--
INFO: Run Behavior\WriteHtmlCacheBehavior [ RunTime:0.002211s ]
INFO: [ view_filter ] --END-- [ RunTime:0.002995s ]
INFO: [ app_end ] --START--
INFO: Run Behavior\ShowPageTraceBehavior [ RunTime:0.005402s ]
INFO: [ app_end ] --END-- [ RunTime:0.006164s ]

[ 2018-06-04T11:37:16+08:00 ] ::1 /jiimadeeee/index.php/Admin/Login/chkcode.html
INFO: [ app_init ] --START--
INFO: Run Behavior\BuildLiteBehavior [ RunTime:0.000334s ]
INFO: [ app_init ] --END-- [ RunTime:0.003512s ]
INFO: [ app_begin ] --START--
INFO: Run Behavior\ReadHtmlCacheBehavior [ RunTime:0.003497s ]
INFO: [ app_begin ] --END-- [ RunTime:0.004703s ]
NOTIC: [8] A session had already been started - ignoring session_start() D:\wamp\wamp64\www\jiimadeeee\Application\Admin\Controller\LoginController.class.php 第 29 行.
INFO: [ app_end ] --START--
INFO: Run Behavior\ShowPageTraceBehavior [ RunTime:0.004701s ]
INFO: [ app_end ] --END-- [ RunTime:0.006102s ]

[ 2018-06-04T11:37:28+08:00 ] ::1 /jiimadeeee/index.php/Admin/Login/login.html
INFO: [ app_init ] --START--
INFO: Run Behavior\BuildLiteBehavior [ RunTime:0.000244s ]
INFO: [ app_init ] --END-- [ RunTime:0.003843s ]
INFO: [ app_begin ] --START--
INFO: Run Behavior\ReadHtmlCacheBehavior [ RunTime:0.002205s ]
INFO: [ app_begin ] --END-- [ RunTime:0.003014s ]
SQL: SHOW COLUMNS FROM `made_admin` [ RunTime:0.0299s ]
NOTIC: [8] A session had already been started - ignoring session_start() D:\wamp\wamp64\www\jiimadeeee\Application\Admin\Model\AdminModel.class.php 第 36 行.
NOTIC: [8] Undefined index: auto D:\wamp\wamp64\www\jiimadeeee\ThinkPHP\Library\Think\Model.class.php 第 1128 行.
SQL: SELECT * FROM `made_admin` WHERE `username` = 'root' LIMIT 1   [ RunTime:0.0046s ]
NOTIC: [8] A session had already been started - ignoring session_start() D:\wamp\wamp64\www\jiimadeeee\Application\Admin\Model\AdminModel.class.php 第 54 行.
INFO: [ view_parse ] --START--
INFO: [ template_filter ] --START--
INFO: Run Behavior\ContentReplaceBehavior [ RunTime:0.000518s ]
INFO: [ template_filter ] --END-- [ RunTime:0.001401s ]
INFO: Run Behavior\ParseTemplateBehavior [ RunTime:0.037338s ]
INFO: [ view_parse ] --END-- [ RunTime:0.038179s ]
INFO: [ view_filter ] --START--
INFO: Run Behavior\WriteHtmlCacheBehavior [ RunTime:0.000995s ]
INFO: [ view_filter ] --END-- [ RunTime:0.001651s ]
INFO: [ view_parse ] --START--
INFO: [ template_filter ] --START--
INFO: Run Behavior\ContentReplaceBehavior [ RunTime:0.000378s ]
INFO: [ template_filter ] --END-- [ RunTime:-0.027852s ]
INFO: Run Behavior\ParseTemplateBehavior [ RunTime:0.023342s ]
INFO: [ view_parse ] --END-- [ RunTime:-0.003744s ]
INFO: [ view_filter ] --START--
INFO: Run Behavior\WriteHtmlCacheBehavior [ RunTime:0.000312s ]
INFO: [ view_filter ] --END-- [ RunTime:-0.026562s ]

[ 2018-06-04T11:37:30+08:00 ] ::1 /jiimadeeee/index.php/Admin/index/index.html
INFO: [ app_init ] --START--
INFO: Run Behavior\BuildLiteBehavior [ RunTime:0.000061s ]
INFO: [ app_init ] --END-- [ RunTime:0.002175s ]
INFO: [ app_begin ] --START--
INFO: Run Behavior\ReadHtmlCacheBehavior [ RunTime:0.003121s ]
INFO: [ app_begin ] --END-- [ RunTime:0.003949s ]
NOTIC: [8] A session had already been started - ignoring session_start() D:\wamp\wamp64\www\jiimadeeee\Application\Admin\Controller\BaseController.class.php 第 9 行.
INFO: [ view_parse ] --START--
INFO: [ template_filter ] --START--
INFO: Run Behavior\ContentReplaceBehavior [ RunTime:0.000067s ]
INFO: [ template_filter ] --END-- [ RunTime:0.000197s ]
INFO: Run Behavior\ParseTemplateBehavior [ RunTime:0.021669s ]
INFO: [ view_parse ] --END-- [ RunTime:0.022846s ]
INFO: [ view_filter ] --START--
INFO: Run Behavior\WriteHtmlCacheBehavior [ RunTime:0.002219s ]
INFO: [ view_filter ] --END-- [ RunTime:0.002943s ]
INFO: [ app_end ] --START--
INFO: Run Behavior\ShowPageTraceBehavior [ RunTime:0.003009s ]
INFO: [ app_end ] --END-- [ RunTime:0.003877s ]

[ 2018-06-04T11:37:30+08:00 ] ::1 /jiimadeeee/index.php/Admin/index/top.html
INFO: [ app_init ] --START--
INFO: Run Behavior\BuildLiteBehavior [ RunTime:0.000214s ]
INFO: [ app_init ] --END-- [ RunTime:0.002628s ]
INFO: [ app_begin ] --START--
INFO: Run Behavior\ReadHtmlCacheBehavior [ RunTime:0.002556s ]
INFO: [ app_begin ] --END-- [ RunTime:0.003452s ]
NOTIC: [8] A session had already been started - ignoring session_start() D:\wamp\wamp64\www\jiimadeeee\Application\Admin\Controller\BaseController.class.php 第 9 行.
INFO: [ view_parse ] --START--
INFO: [ template_filter ] --START--
INFO: Run Behavior\ContentReplaceBehavior [ RunTime:0.000412s ]
INFO: [ template_filter ] --END-- [ RunTime:0.001053s ]
INFO: Run Behavior\ParseTemplateBehavior [ RunTime:0.040844s ]
INFO: [ view_parse ] --END-- [ RunTime:0.041462s ]
INFO: [ view_filter ] --START--
INFO: Run Behavior\WriteHtmlCacheBehavior [ RunTime:0.003840s ]
INFO: [ view_filter ] --END-- [ RunTime:0.004590s ]
INFO: [ app_end ] --START--
INFO: Run Behavior\ShowPageTraceBehavior [ RunTime:0.005361s ]
INFO: [ app_end ] --END-- [ RunTime:0.006869s ]

[ 2018-06-04T11:37:30+08:00 ] ::1 /jiimadeeee/index.php/Admin/index/menu.html
INFO: [ app_init ] --START--
INFO: Run Behavior\BuildLiteBehavior [ RunTime:0.000065s ]
INFO: [ app_init ] --END-- [ RunTime:0.002681s ]
INFO: [ app_begin ] --START--
INFO: Run Behavior\ReadHtmlCacheBehavior [ RunTime:0.003050s ]
INFO: [ app_begin ] --END-- [ RunTime:0.003812s ]
NOTIC: [8] A session had already been started - ignoring session_start() D:\wamp\wamp64\www\jiimadeeee\Application\Admin\Controller\BaseController.class.php 第 9 行.
INFO: [ view_parse ] --START--
INFO: [ template_filter ] --START--
INFO: Run Behavior\ContentReplaceBehavior [ RunTime:0.001805s ]
INFO: [ template_filter ] --END-- [ RunTime:0.003264s ]
INFO: Run Behavior\ParseTemplateBehavior [ RunTime:0.069564s ]
INFO: [ view_parse ] --END-- [ RunTime:0.070026s ]
INFO: [ view_filter ] --START--
INFO: Run Behavior\WriteHtmlCacheBehavior [ RunTime:0.003416s ]
INFO: [ view_filter ] --END-- [ RunTime:0.004569s ]
INFO: [ app_end ] --START--
INFO: Run Behavior\ShowPageTraceBehavior [ RunTime:0.004808s ]
INFO: [ app_end ] --END-- [ RunTime:0.005986s ]

[ 2018-06-04T11:37:30+08:00 ] ::1 /jiimadeeee/index.php/Admin/index/main.html
INFO: [ app_init ] --START--
INFO: Run Behavior\BuildLiteBehavior [ RunTime:0.000273s ]
INFO: [ app_init ] --END-- [ RunTime:0.003755s ]
INFO: [ app_begin ] --START--
INFO: Run Behavior\ReadHtmlCacheBehavior [ RunTime:0.004809s ]
INFO: [ app_begin ] --END-- [ RunTime:0.006124s ]
NOTIC: [8] A session had already been started - ignoring session_start() D:\wamp\wamp64\www\jiimadeeee\Application\Admin\Controller\BaseController.class.php 第 9 行.
INFO: [ view_parse ] --START--
INFO: [ template_filter ] --START--
INFO: Run Behavior\ContentReplaceBehavior [ RunTime:0.000645s ]
INFO: [ template_filter ] --END-- [ RunTime:0.001623s ]
INFO: Run Behavior\ParseTemplateBehavior [ RunTime:0.046687s ]
INFO: [ view_parse ] --END-- [ RunTime:0.047441s ]
INFO: [ view_filter ] --START--
INFO: Run Behavior\WriteHtmlCacheBehavior [ RunTime:0.003505s ]
INFO: [ view_filter ] --END-- [ RunTime:0.004908s ]
INFO: [ app_end ] --START--
INFO: Run Behavior\ShowPageTraceBehavior [ RunTime:0.004222s ]
INFO: [ app_end ] --END-- [ RunTime:0.005602s ]

[ 2018-06-04T11:37:35+08:00 ] ::1 /jiimadeeee/index.php/Admin/Model/lst.html
INFO: [ app_init ] --START--
INFO: Run Behavior\BuildLiteBehavior [ RunTime:0.000183s ]
INFO: [ app_init ] --END-- [ RunTime:0.003023s ]
INFO: [ app_begin ] --START--
INFO: Run Behavior\ReadHtmlCacheBehavior [ RunTime:0.002694s ]
INFO: [ app_begin ] --END-- [ RunTime:0.003527s ]
NOTIC: [8] A session had already been started - ignoring session_start() D:\wamp\wamp64\www\jiimadeeee\Application\Admin\Controller\BaseController.class.php 第 9 行.
SQL: SHOW COLUMNS FROM `made_model` [ RunTime:0.0098s ]
SQL: SELECT `id`,`model_name` FROM `made_model`  [ RunTime:0.0009s ]
INFO: [ view_parse ] --START--
INFO: [ template_filter ] --START--
INFO: Run Behavior\ContentReplaceBehavior [ RunTime:0.000430s ]
INFO: [ template_filter ] --END-- [ RunTime:0.001088s ]
INFO: Run Behavior\ParseTemplateBehavior [ RunTime:0.043800s ]
INFO: [ view_parse ] --END-- [ RunTime:0.044485s ]
INFO: [ view_filter ] --START--
INFO: Run Behavior\WriteHtmlCacheBehavior [ RunTime:0.002359s ]
INFO: [ view_filter ] --END-- [ RunTime:0.003178s ]
INFO: [ app_end ] --START--
INFO: Run Behavior\ShowPageTraceBehavior [ RunTime:0.003341s ]
INFO: [ app_end ] --END-- [ RunTime:0.004140s ]

[ 2018-06-04T11:37:37+08:00 ] ::1 /jiimadeeee/index.php/Admin/Model/add.html
INFO: [ app_init ] --START--
INFO: Run Behavior\BuildLiteBehavior [ RunTime:0.000119s ]
INFO: [ app_init ] --END-- [ RunTime:0.001606s ]
INFO: [ app_begin ] --START--
INFO: Run Behavior\ReadHtmlCacheBehavior [ RunTime:0.002503s ]
INFO: [ app_begin ] --END-- [ RunTime:0.003300s ]
NOTIC: [8] A session had already been started - ignoring session_start() D:\wamp\wamp64\www\jiimadeeee\Application\Admin\Controller\BaseController.class.php 第 9 行.
SQL: SHOW COLUMNS FROM `made_model` [ RunTime:0.0039s ]
SQL: SHOW COLUMNS FROM `made_category` [ RunTime:0.0084s ]
SQL: SELECT * FROM `made_category` ORDER BY order_id asc  [ RunTime:0.0013s ]
INFO: [ view_parse ] --START--
INFO: [ template_filter ] --START--
INFO: Run Behavior\ContentReplaceBehavior [ RunTime:0.000798s ]
INFO: [ template_filter ] --END-- [ RunTime:0.001455s ]
INFO: Run Behavior\ParseTemplateBehavior [ RunTime:0.042652s ]
INFO: [ view_parse ] --END-- [ RunTime:0.043739s ]
INFO: [ view_filter ] --START--
INFO: Run Behavior\WriteHtmlCacheBehavior [ RunTime:0.002558s ]
INFO: [ view_filter ] --END-- [ RunTime:0.003733s ]
INFO: [ app_end ] --START--
INFO: Run Behavior\ShowPageTraceBehavior [ RunTime:0.003940s ]
INFO: [ app_end ] --END-- [ RunTime:0.005026s ]

[ 2018-06-04T11:37:48+08:00 ] ::1 /jiimadeeee/index.php/Admin/Model/add.html
INFO: [ app_init ] --START--
INFO: Run Behavior\BuildLiteBehavior [ RunTime:0.000193s ]
INFO: [ app_init ] --END-- [ RunTime:0.002997s ]
INFO: [ app_begin ] --START--
INFO: Run Behavior\ReadHtmlCacheBehavior [ RunTime:0.001326s ]
INFO: [ app_begin ] --END-- [ RunTime:0.002005s ]
NOTIC: [8] A session had already been started - ignoring session_start() D:\wamp\wamp64\www\jiimadeeee\Application\Admin\Controller\BaseController.class.php 第 9 行.
SQL: SHOW COLUMNS FROM `made_model` [ RunTime:0.0026s ]
SQL: SHOW COLUMNS FROM `made_category` [ RunTime:0.0062s ]
NOTIC: [8] Undefined index: validate D:\wamp\wamp64\www\jiimadeeee\ThinkPHP\Library\Think\Model.class.php 第 1185 行.
NOTIC: [8] Undefined index: auto D:\wamp\wamp64\www\jiimadeeee\ThinkPHP\Library\Think\Model.class.php 第 1128 行.
NOTIC: [2] Invalid argument supplied for foreach() D:\wamp\wamp64\www\jiimadeeee\Application\Admin\Model\ModelModel.class.php 第 30 行.
NOTIC: [2] Invalid argument supplied for foreach() D:\wamp\wamp64\www\jiimadeeee\Application\Admin\Model\ModelModel.class.php 第 42 行.
SQL: INSERT INTO `made_model` (`model_name`,`material`,`parameter`,`formula`,`ext`) VALUES ('sef','[]','[\"df\"]','{\"sfd\":[\"df\",\"df\",\"df\"]}','[]') [ RunTime:0.0062s ]
INFO: [ view_parse ] --START--
INFO: [ template_filter ] --START--
INFO: Run Behavior\ContentReplaceBehavior [ RunTime:0.000390s ]
INFO: [ template_filter ] --END-- [ RunTime:0.001084s ]
INFO: Run Behavior\ParseTemplateBehavior [ RunTime:0.032692s ]
INFO: [ view_parse ] --END-- [ RunTime:0.033594s ]
INFO: [ view_filter ] --START--
INFO: Run Behavior\WriteHtmlCacheBehavior [ RunTime:0.002104s ]
INFO: [ view_filter ] --END-- [ RunTime:0.002835s ]
INFO: [ view_parse ] --START--
INFO: [ template_filter ] --START--
INFO: Run Behavior\ContentReplaceBehavior [ RunTime:0.000329s ]
INFO: [ template_filter ] --END-- [ RunTime:-0.022596s ]
INFO: Run Behavior\ParseTemplateBehavior [ RunTime:0.017363s ]
INFO: [ view_parse ] --END-- [ RunTime:-0.004895s ]
INFO: [ view_filter ] --START--
INFO: Run Behavior\WriteHtmlCacheBehavior [ RunTime:0.000200s ]
INFO: [ view_filter ] --END-- [ RunTime:-0.020206s ]

[ 2018-06-04T11:37:49+08:00 ] ::1 /jiimadeeee/index.php/Admin/Model/lst.html
INFO: [ app_init ] --START--
INFO: Run Behavior\BuildLiteBehavior [ RunTime:0.000131s ]
INFO: [ app_init ] --END-- [ RunTime:0.001681s ]
INFO: [ app_begin ] --START--
INFO: Run Behavior\ReadHtmlCacheBehavior [ RunTime:0.002652s ]
INFO: [ app_begin ] --END-- [ RunTime:0.003592s ]
NOTIC: [8] A session had already been started - ignoring session_start() D:\wamp\wamp64\www\jiimadeeee\Application\Admin\Controller\BaseController.class.php 第 9 行.
SQL: SHOW COLUMNS FROM `made_model` [ RunTime:0.0078s ]
SQL: SELECT `id`,`model_name` FROM `made_model`  [ RunTime:0.0011s ]
INFO: [ view_parse ] --START--
INFO: [ template_filter ] --START--
INFO: Run Behavior\ContentReplaceBehavior [ RunTime:0.000367s ]
INFO: [ template_filter ] --END-- [ RunTime:0.000948s ]
INFO: Run Behavior\ParseTemplateBehavior [ RunTime:0.047795s ]
INFO: [ view_parse ] --END-- [ RunTime:0.048573s ]
INFO: [ view_filter ] --START--
INFO: Run Behavior\WriteHtmlCacheBehavior [ RunTime:0.002390s ]
INFO: [ view_filter ] --END-- [ RunTime:0.003362s ]
INFO: [ app_end ] --START--
INFO: Run Behavior\ShowPageTraceBehavior [ RunTime:0.003875s ]
INFO: [ app_end ] --END-- [ RunTime:0.004719s ]

[ 2018-06-04T11:37:54+08:00 ] ::1 /jiimadeeee/index.php/Admin/Model/delete/id/6.html
INFO: [ app_init ] --START--
INFO: Run Behavior\BuildLiteBehavior [ RunTime:0.000139s ]
INFO: [ app_init ] --END-- [ RunTime:0.002267s ]
INFO: [ app_begin ] --START--
INFO: Run Behavior\ReadHtmlCacheBehavior [ RunTime:0.002448s ]
INFO: [ app_begin ] --END-- [ RunTime:0.003228s ]
NOTIC: [8] A session had already been started - ignoring session_start() D:\wamp\wamp64\www\jiimadeeee\Application\Admin\Controller\BaseController.class.php 第 9 行.
SQL: SHOW COLUMNS FROM `made_model` [ RunTime:0.0075s ]
SQL: DELETE FROM `made_model` WHERE `id` = 6 [ RunTime:0.0072s ]
INFO: [ view_parse ] --START--
INFO: [ template_filter ] --START--
INFO: Run Behavior\ContentReplaceBehavior [ RunTime:0.000108s ]
INFO: [ template_filter ] --END-- [ RunTime:0.000271s ]
INFO: Run Behavior\ParseTemplateBehavior [ RunTime:0.013855s ]
INFO: [ view_parse ] --END-- [ RunTime:0.014799s ]
INFO: [ view_filter ] --START--
INFO: Run Behavior\WriteHtmlCacheBehavior [ RunTime:0.001905s ]
INFO: [ view_filter ] --END-- [ RunTime:0.002469s ]
INFO: [ view_parse ] --START--
INFO: [ template_filter ] --START--
INFO: Run Behavior\ContentReplaceBehavior [ RunTime:0.000338s ]
INFO: [ template_filter ] --END-- [ RunTime:-0.019769s ]
INFO: Run Behavior\ParseTemplateBehavior [ RunTime:0.024020s ]
INFO: [ view_parse ] --END-- [ RunTime:-0.004245s ]
INFO: [ view_filter ] --START--
INFO: Run Behavior\WriteHtmlCacheBehavior [ RunTime:0.000240s ]
INFO: [ view_filter ] --END-- [ RunTime:-0.026923s ]

[ 2018-06-04T11:37:55+08:00 ] ::1 /jiimadeeee/index.php/Admin/Model/lst.html
INFO: [ app_init ] --START--
INFO: Run Behavior\BuildLiteBehavior [ RunTime:0.000271s ]
INFO: [ app_init ] --END-- [ RunTime:0.003154s ]
INFO: [ app_begin ] --START--
INFO: Run Behavior\ReadHtmlCacheBehavior [ RunTime:0.003053s ]
INFO: [ app_begin ] --END-- [ RunTime:0.004830s ]
NOTIC: [8] A session had already been started - ignoring session_start() D:\wamp\wamp64\www\jiimadeeee\Application\Admin\Controller\BaseController.class.php 第 9 行.
SQL: SHOW COLUMNS FROM `made_model` [ RunTime:0.0065s ]
SQL: SELECT `id`,`model_name` FROM `made_model`  [ RunTime:0.0009s ]
INFO: [ view_parse ] --START--
INFO: [ template_filter ] --START--
INFO: Run Behavior\ContentReplaceBehavior [ RunTime:0.000411s ]
INFO: [ template_filter ] --END-- [ RunTime:0.001049s ]
INFO: Run Behavior\ParseTemplateBehavior [ RunTime:0.044384s ]
INFO: [ view_parse ] --END-- [ RunTime:0.045276s ]
INFO: [ view_filter ] --START--
INFO: Run Behavior\WriteHtmlCacheBehavior [ RunTime:0.002656s ]
INFO: [ view_filter ] --END-- [ RunTime:0.003584s ]
INFO: [ app_end ] --START--
INFO: Run Behavior\ShowPageTraceBehavior [ RunTime:0.003163s ]
INFO: [ app_end ] --END-- [ RunTime:0.003961s ]

[ 2018-06-04T13:23:32+08:00 ] 127.0.0.1 /jiimadeeee/index.php/Admin/Quote/lst.html
INFO: [ app_init ] --START--
INFO: Run Behavior\BuildLiteBehavior [ RunTime:0.000178s ]
INFO: [ app_init ] --END-- [ RunTime:0.003225s ]
INFO: [ app_begin ] --START--
INFO: Run Behavior\ReadHtmlCacheBehavior [ RunTime:0.004643s ]
INFO: [ app_begin ] --END-- [ RunTime:0.005351s ]
NOTIC: [8] A session had already been started - ignoring session_start() D:\wamp\wamp64\www\jiimadeeee\Application\Admin\Controller\BaseController.class.php 第 9 行.
SQL: SHOW COLUMNS FROM `made_quote` [ RunTime:0.0078s ]
NOTIC: [2] Missing argument 1 for Admin\Model\QuoteModel::search(), called in D:\wamp\wamp64\www\jiimadeeee\Application\Admin\Controller\QuoteController.class.php on line 13 and defined D:\wamp\wamp64\www\jiimadeeee\Application\Admin\Model\QuoteModel.class.php 第 22 行.
SQL: SELECT COUNT(*) AS tp_count FROM `made_quote` LIMIT 1   [ RunTime:0.0007s ]
NOTIC: [8] Undefined variable: perpage D:\wamp\wamp64\www\jiimadeeee\Application\Admin\Model\QuoteModel.class.php 第 39 行.
NOTIC: [2] Division by zero D:\wamp\wamp64\www\jiimadeeee\ThinkPHP\Library\Think\Page.class.php 第 84 行.
SQL: SELECT a.* FROM made_quote a  [ RunTime:0.0014s ]
INFO: [ view_parse ] --START--
INFO: [ template_filter ] --START--
INFO: Run Behavior\ContentReplaceBehavior [ RunTime:0.000450s ]
INFO: [ template_filter ] --END-- [ RunTime:0.001185s ]
INFO: Run Behavior\ParseTemplateBehavior [ RunTime:0.049696s ]
INFO: [ view_parse ] --END-- [ RunTime:0.050391s ]
INFO: [ view_filter ] --START--
INFO: Run Behavior\WriteHtmlCacheBehavior [ RunTime:0.002482s ]
INFO: [ view_filter ] --END-- [ RunTime:0.003220s ]
INFO: [ app_end ] --START--
INFO: Run Behavior\ShowPageTraceBehavior [ RunTime:0.003768s ]
INFO: [ app_end ] --END-- [ RunTime:0.004557s ]

[ 2018-06-04T13:23:36+08:00 ] 127.0.0.1 /jiimadeeee/index.php/Admin/Quote/detail/id/20180522154224089586.html
INFO: [ app_init ] --START--
INFO: Run Behavior\BuildLiteBehavior [ RunTime:0.000215s ]
INFO: [ app_init ] --END-- [ RunTime:0.003940s ]
INFO: [ app_begin ] --START--
INFO: Run Behavior\ReadHtmlCacheBehavior [ RunTime:0.003043s ]
INFO: [ app_begin ] --END-- [ RunTime:0.003391s ]
NOTIC: [8] A session had already been started - ignoring session_start() D:\wamp\wamp64\www\jiimadeeee\Application\Admin\Controller\BaseController.class.php 第 9 行.
SQL: SHOW COLUMNS FROM `made_quote` [ RunTime:0.0078s ]
SQL: SELECT * FROM `made_quote` WHERE `id` = '20180522154224089586' LIMIT 1   [ RunTime:0.0008s ]
SQL: SHOW COLUMNS FROM `made_module` [ RunTime:0.0069s ]
SQL: SELECT a.*,b.formula FROM made_module a LEFT JOIN made_model b ON a.model_id = b.id  WHERE a.quote_id = '20180522154224089586' ORDER BY a.sort_id asc  [ RunTime:0.0067s ]
INFO: [ view_parse ] --START--
INFO: [ template_filter ] --START--
INFO: Run Behavior\ContentReplaceBehavior [ RunTime:0.001543s ]
INFO: [ template_filter ] --END-- [ RunTime:0.002608s ]
NOTIC: [8] Undefined index: module D:\wamp\wamp64\www\jiimadeeee\Application\Runtime\Cache\Admin\3eb234c616c7cbdf8762b22fa6994749.php 第 134 行.
NOTIC: [2] Invalid argument supplied for foreach() D:\wamp\wamp64\www\jiimadeeee\Application\Runtime\Cache\Admin\3eb234c616c7cbdf8762b22fa6994749.php 第 134 行.
NOTIC: [8] Undefined index: module D:\wamp\wamp64\www\jiimadeeee\Application\Runtime\Cache\Admin\3eb234c616c7cbdf8762b22fa6994749.php 第 208 行.
NOTIC: [2] Invalid argument supplied for foreach() D:\wamp\wamp64\www\jiimadeeee\Application\Runtime\Cache\Admin\3eb234c616c7cbdf8762b22fa6994749.php 第 208 行.
NOTIC: [8] Undefined index: module D:\wamp\wamp64\www\jiimadeeee\Application\Runtime\Cache\Admin\3eb234c616c7cbdf8762b22fa6994749.php 第 282 行.
NOTIC: [2] Invalid argument supplied for foreach() D:\wamp\wamp64\www\jiimadeeee\Application\Runtime\Cache\Admin\3eb234c616c7cbdf8762b22fa6994749.php 第 282 行.
INFO: Run Behavior\ParseTemplateBehavior [ RunTime:0.098802s ]
INFO: [ view_parse ] --END-- [ RunTime:0.099836s ]
INFO: [ view_filter ] --START--
INFO: Run Behavior\WriteHtmlCacheBehavior [ RunTime:0.003810s ]
INFO: [ view_filter ] --END-- [ RunTime:0.005098s ]
INFO: [ app_end ] --START--
INFO: Run Behavior\ShowPageTraceBehavior [ RunTime:0.002522s ]
INFO: [ app_end ] --END-- [ RunTime:0.003286s ]

[ 2018-06-04T13:23:38+08:00 ] 127.0.0.1 /jiimadeeee/index.php/Admin/Quote/lst.html
INFO: [ app_init ] --START--
INFO: Run Behavior\BuildLiteBehavior [ RunTime:0.000200s ]
INFO: [ app_init ] --END-- [ RunTime:0.005001s ]
INFO: [ app_begin ] --START--
INFO: Run Behavior\ReadHtmlCacheBehavior [ RunTime:0.003998s ]
INFO: [ app_begin ] --END-- [ RunTime:0.004890s ]
NOTIC: [8] A session had already been started - ignoring session_start() D:\wamp\wamp64\www\jiimadeeee\Application\Admin\Controller\BaseController.class.php 第 9 行.
SQL: SHOW COLUMNS FROM `made_quote` [ RunTime:0.0028s ]
NOTIC: [2] Missing argument 1 for Admin\Model\QuoteModel::search(), called in D:\wamp\wamp64\www\jiimadeeee\Application\Admin\Controller\QuoteController.class.php on line 13 and defined D:\wamp\wamp64\www\jiimadeeee\Application\Admin\Model\QuoteModel.class.php 第 22 行.
SQL: SELECT COUNT(*) AS tp_count FROM `made_quote` LIMIT 1   [ RunTime:0.0009s ]
NOTIC: [8] Undefined variable: perpage D:\wamp\wamp64\www\jiimadeeee\Application\Admin\Model\QuoteModel.class.php 第 39 行.
NOTIC: [2] Division by zero D:\wamp\wamp64\www\jiimadeeee\ThinkPHP\Library\Think\Page.class.php 第 84 行.
SQL: SELECT a.* FROM made_quote a  [ RunTime:0.0010s ]
INFO: [ view_parse ] --START--
INFO: [ template_filter ] --START--
INFO: Run Behavior\ContentReplaceBehavior [ RunTime:0.000452s ]
INFO: [ template_filter ] --END-- [ RunTime:0.001313s ]
INFO: Run Behavior\ParseTemplateBehavior [ RunTime:0.044927s ]
INFO: [ view_parse ] --END-- [ RunTime:0.045809s ]
INFO: [ view_filter ] --START--
INFO: Run Behavior\WriteHtmlCacheBehavior [ RunTime:0.002816s ]
INFO: [ view_filter ] --END-- [ RunTime:0.003708s ]
INFO: [ app_end ] --START--
INFO: Run Behavior\ShowPageTraceBehavior [ RunTime:0.004246s ]
INFO: [ app_end ] --END-- [ RunTime:0.005099s ]

[ 2018-06-04T13:23:39+08:00 ] 127.0.0.1 /jiimadeeee/index.php/Admin/Quote/detail/id/20180530170511205737.html
INFO: [ app_init ] --START--
INFO: Run Behavior\BuildLiteBehavior [ RunTime:0.000161s ]
INFO: [ app_init ] --END-- [ RunTime:0.003526s ]
INFO: [ app_begin ] --START--
INFO: Run Behavior\ReadHtmlCacheBehavior [ RunTime:0.003418s ]
INFO: [ app_begin ] --END-- [ RunTime:0.004233s ]
NOTIC: [8] A session had already been started - ignoring session_start() D:\wamp\wamp64\www\jiimadeeee\Application\Admin\Controller\BaseController.class.php 第 9 行.
SQL: SHOW COLUMNS FROM `made_quote` [ RunTime:0.0063s ]
SQL: SELECT * FROM `made_quote` WHERE `id` = '20180530170511205737' LIMIT 1   [ RunTime:0.0011s ]
SQL: SHOW COLUMNS FROM `made_module` [ RunTime:0.0059s ]
SQL: SELECT a.*,b.formula FROM made_module a LEFT JOIN made_model b ON a.model_id = b.id  WHERE a.quote_id = '20180530170511205737' ORDER BY a.sort_id asc  [ RunTime:0.0072s ]
SQL: SHOW COLUMNS FROM `made_goods` [ RunTime:0.0053s ]
SQL: SELECT a.goods_name,max(b.goods_price) as price FROM made_goods a LEFT JOIN made_goods_number b ON a.id=b.goods_id  WHERE a.id = '5' GROUP BY b.goods_id LIMIT 1   [ RunTime:0.0068s ]
SQL: SELECT a.goods_name,max(b.goods_price) as price FROM made_goods a LEFT JOIN made_goods_number b ON a.id=b.goods_id  WHERE a.id = '7' GROUP BY b.goods_id LIMIT 1   [ RunTime:0.0020s ]
NOTIC: [8] Undefined offset: 200 D:\wamp\wamp64\www\jiimadeeee\Application\Admin\Model\ModuleModel.class.php 第 153 行.
SQL: SELECT a.goods_name,max(b.goods_price) as price FROM made_goods a LEFT JOIN made_goods_number b ON a.id=b.goods_id  WHERE a.id = '5' GROUP BY b.goods_id LIMIT 1   [ RunTime:0.0015s ]
SQL: SELECT a.goods_name,max(b.goods_price) as price FROM made_goods a LEFT JOIN made_goods_number b ON a.id=b.goods_id  WHERE a.id = '7' GROUP BY b.goods_id LIMIT 1   [ RunTime:0.0016s ]
NOTIC: [8] Undefined offset: 200 D:\wamp\wamp64\www\jiimadeeee\Application\Admin\Model\ModuleModel.class.php 第 153 行.
SQL: SELECT a.goods_name,max(b.goods_price) as price FROM made_goods a LEFT JOIN made_goods_number b ON a.id=b.goods_id  WHERE a.id = '5' GROUP BY b.goods_id LIMIT 1   [ RunTime:0.0012s ]
SQL: SELECT a.goods_name,max(b.goods_price) as price FROM made_goods a LEFT JOIN made_goods_number b ON a.id=b.goods_id  WHERE a.id = '7' GROUP BY b.goods_id LIMIT 1   [ RunTime:0.0015s ]
INFO: [ view_parse ] --START--
INFO: [ template_filter ] --START--
INFO: Run Behavior\ContentReplaceBehavior [ RunTime:0.001227s ]
INFO: [ template_filter ] --END-- [ RunTime:0.002141s ]
NOTIC: [8] Undefined variable: num D:\wamp\wamp64\www\jiimadeeee\Application\Runtime\Cache\Admin\3eb234c616c7cbdf8762b22fa6994749.php 第 129 行.
NOTIC: [2] Division by zero D:\wamp\wamp64\www\jiimadeeee\Application\Runtime\Cache\Admin\3eb234c616c7cbdf8762b22fa6994749.php 第 129 行.
NOTIC: [8] Undefined variable: num D:\wamp\wamp64\www\jiimadeeee\Application\Runtime\Cache\Admin\3eb234c616c7cbdf8762b22fa6994749.php 第 130 行.
NOTIC: [2] Division by zero D:\wamp\wamp64\www\jiimadeeee\Application\Runtime\Cache\Admin\3eb234c616c7cbdf8762b22fa6994749.php 第 130 行.
NOTIC: [8] Undefined variable: num D:\wamp\wamp64\www\jiimadeeee\Application\Runtime\Cache\Admin\3eb234c616c7cbdf8762b22fa6994749.php 第 129 行.
NOTIC: [2] Division by zero D:\wamp\wamp64\www\jiimadeeee\Application\Runtime\Cache\Admin\3eb234c616c7cbdf8762b22fa6994749.php 第 129 行.
NOTIC: [8] Undefined variable: num D:\wamp\wamp64\www\jiimadeeee\Application\Runtime\Cache\Admin\3eb234c616c7cbdf8762b22fa6994749.php 第 130 行.
NOTIC: [2] Division by zero D:\wamp\wamp64\www\jiimadeeee\Application\Runtime\Cache\Admin\3eb234c616c7cbdf8762b22fa6994749.php 第 130 行.
NOTIC: [8] Undefined variable: num D:\wamp\wamp64\www\jiimadeeee\Application\Runtime\Cache\Admin\3eb234c616c7cbdf8762b22fa6994749.php 第 129 行.
NOTIC: [2] Division by zero D:\wamp\wamp64\www\jiimadeeee\Application\Runtime\Cache\Admin\3eb234c616c7cbdf8762b22fa6994749.php 第 129 行.
NOTIC: [8] Undefined variable: num D:\wamp\wamp64\www\jiimadeeee\Application\Runtime\Cache\Admin\3eb234c616c7cbdf8762b22fa6994749.php 第 130 行.
NOTIC: [2] Division by zero D:\wamp\wamp64\www\jiimadeeee\Application\Runtime\Cache\Admin\3eb234c616c7cbdf8762b22fa6994749.php 第 130 行.
NOTIC: [8] Undefined index: module D:\wamp\wamp64\www\jiimadeeee\Application\Runtime\Cache\Admin\3eb234c616c7cbdf8762b22fa6994749.php 第 282 行.
NOTIC: [2] Invalid argument supplied for foreach() D:\wamp\wamp64\www\jiimadeeee\Application\Runtime\Cache\Admin\3eb234c616c7cbdf8762b22fa6994749.php 第 282 行.
INFO: Run Behavior\ParseTemplateBehavior [ RunTime:0.100008s ]
INFO: [ view_parse ] --END-- [ RunTime:0.101029s ]
INFO: [ view_filter ] --START--
INFO: Run Behavior\WriteHtmlCacheBehavior [ RunTime:0.001559s ]
INFO: [ view_filter ] --END-- [ RunTime:0.002497s ]
INFO: [ app_end ] --START--
INFO: Run Behavior\ShowPageTraceBehavior [ RunTime:0.004264s ]
INFO: [ app_end ] --END-- [ RunTime:0.005091s ]

[ 2018-06-04T13:23:41+08:00 ] 127.0.0.1 /jiimadeeee/index.php/Admin/Quote/lst.html
INFO: [ app_init ] --START--
INFO: Run Behavior\BuildLiteBehavior [ RunTime:0.000048s ]
INFO: [ app_init ] --END-- [ RunTime:0.002491s ]
INFO: [ app_begin ] --START--
INFO: Run Behavior\ReadHtmlCacheBehavior [ RunTime:0.004336s ]
INFO: [ app_begin ] --END-- [ RunTime:0.005391s ]
NOTIC: [8] A session had already been started - ignoring session_start() D:\wamp\wamp64\www\jiimadeeee\Application\Admin\Controller\BaseController.class.php 第 9 行.
SQL: SHOW COLUMNS FROM `made_quote` [ RunTime:0.0046s ]
NOTIC: [2] Missing argument 1 for Admin\Model\QuoteModel::search(), called in D:\wamp\wamp64\www\jiimadeeee\Application\Admin\Controller\QuoteController.class.php on line 13 and defined D:\wamp\wamp64\www\jiimadeeee\Application\Admin\Model\QuoteModel.class.php 第 22 行.
SQL: SELECT COUNT(*) AS tp_count FROM `made_quote` LIMIT 1   [ RunTime:0.0008s ]
NOTIC: [8] Undefined variable: perpage D:\wamp\wamp64\www\jiimadeeee\Application\Admin\Model\QuoteModel.class.php 第 39 行.
NOTIC: [2] Division by zero D:\wamp\wamp64\www\jiimadeeee\ThinkPHP\Library\Think\Page.class.php 第 84 行.
SQL: SELECT a.* FROM made_quote a  [ RunTime:0.0010s ]
INFO: [ view_parse ] --START--
INFO: [ template_filter ] --START--
INFO: Run Behavior\ContentReplaceBehavior [ RunTime:0.000426s ]
INFO: [ template_filter ] --END-- [ RunTime:0.001064s ]
INFO: Run Behavior\ParseTemplateBehavior [ RunTime:0.044755s ]
INFO: [ view_parse ] --END-- [ RunTime:0.045509s ]
INFO: [ view_filter ] --START--
INFO: Run Behavior\WriteHtmlCacheBehavior [ RunTime:0.003186s ]
INFO: [ view_filter ] --END-- [ RunTime:0.004008s ]
INFO: [ app_end ] --START--
INFO: Run Behavior\ShowPageTraceBehavior [ RunTime:0.004356s ]
INFO: [ app_end ] --END-- [ RunTime:0.005395s ]

[ 2018-06-04T15:03:07+08:00 ] 127.0.0.1 /jiimadeeee/index.php/Admin/Model/lst.html
INFO: [ app_init ] --START--
INFO: Run Behavior\BuildLiteBehavior [ RunTime:0.000190s ]
INFO: [ app_init ] --END-- [ RunTime:0.003729s ]
INFO: [ app_begin ] --START--
INFO: Run Behavior\ReadHtmlCacheBehavior [ RunTime:0.005684s ]
INFO: [ app_begin ] --END-- [ RunTime:0.006701s ]
NOTIC: [8] A session had already been started - ignoring session_start() D:\wamp\wamp64\www\jiimadeeee\Application\Admin\Controller\BaseController.class.php 第 9 行.
SQL: SHOW COLUMNS FROM `made_model` [ RunTime:0.0018s ]
SQL: SELECT `id`,`model_name` FROM `made_model`  [ RunTime:0.0009s ]
INFO: [ view_parse ] --START--
INFO: [ template_filter ] --START--
INFO: Run Behavior\ContentReplaceBehavior [ RunTime:0.000415s ]
INFO: [ template_filter ] --END-- [ RunTime:0.001021s ]
INFO: Run Behavior\ParseTemplateBehavior [ RunTime:0.055429s ]
INFO: [ view_parse ] --END-- [ RunTime:0.056171s ]
INFO: [ view_filter ] --START--
INFO: Run Behavior\WriteHtmlCacheBehavior [ RunTime:0.002535s ]
INFO: [ view_filter ] --END-- [ RunTime:0.003261s ]
INFO: [ app_end ] --START--
INFO: Run Behavior\ShowPageTraceBehavior [ RunTime:0.003782s ]
INFO: [ app_end ] --END-- [ RunTime:0.004545s ]

[ 2018-06-04T15:03:09+08:00 ] 127.0.0.1 /jiimadeeee/index.php/Admin/Model/edit/id/1.html
INFO: [ app_init ] --START--
INFO: Run Behavior\BuildLiteBehavior [ RunTime:0.000160s ]
INFO: [ app_init ] --END-- [ RunTime:0.002632s ]
INFO: [ app_begin ] --START--
INFO: Run Behavior\ReadHtmlCacheBehavior [ RunTime:0.001606s ]
INFO: [ app_begin ] --END-- [ RunTime:0.002373s ]
NOTIC: [8] A session had already been started - ignoring session_start() D:\wamp\wamp64\www\jiimadeeee\Application\Admin\Controller\BaseController.class.php 第 9 行.
SQL: SHOW COLUMNS FROM `made_model` [ RunTime:0.0013s ]
SQL: SHOW COLUMNS FROM `made_category` [ RunTime:0.0066s ]
SQL: SELECT * FROM `made_model` WHERE `id` = 1 LIMIT 1   [ RunTime:0.0010s ]
SQL: SELECT * FROM `made_category` ORDER BY order_id asc  [ RunTime:0.0014s ]
INFO: [ view_parse ] --START--
INFO: [ template_filter ] --START--
INFO: Run Behavior\ContentReplaceBehavior [ RunTime:0.001007s ]
INFO: [ template_filter ] --END-- [ RunTime:0.001553s ]
NOTIC: [2] Invalid argument supplied for foreach() D:\wamp\wamp64\www\jiimadeeee\Application\Runtime\Cache\Admin\4bc4913b407324fb4d494724d5710d65.php 第 137 行.
INFO: Run Behavior\ParseTemplateBehavior [ RunTime:0.073645s ]
INFO: [ view_parse ] --END-- [ RunTime:0.074775s ]
INFO: [ view_filter ] --START--
INFO: Run Behavior\WriteHtmlCacheBehavior [ RunTime:0.003349s ]
INFO: [ view_filter ] --END-- [ RunTime:0.004346s ]
INFO: [ app_end ] --START--
INFO: Run Behavior\ShowPageTraceBehavior [ RunTime:0.005185s ]
INFO: [ app_end ] --END-- [ RunTime:0.006399s ]

[ 2018-06-04T15:03:34+08:00 ] 127.0.0.1 /jiimadeeee/index.php/Admin/Model/edit/id/1.html
INFO: [ app_init ] --START--
INFO: Run Behavior\BuildLiteBehavior [ RunTime:0.000133s ]
INFO: [ app_init ] --END-- [ RunTime:0.002046s ]
INFO: [ app_begin ] --START--
INFO: Run Behavior\ReadHtmlCacheBehavior [ RunTime:0.002551s ]
INFO: [ app_begin ] --END-- [ RunTime:0.003580s ]
NOTIC: [8] A session had already been started - ignoring session_start() D:\wamp\wamp64\www\jiimadeeee\Application\Admin\Controller\BaseController.class.php 第 9 行.
SQL: SHOW COLUMNS FROM `made_model` [ RunTime:0.0023s ]
SQL: SHOW COLUMNS FROM `made_category` [ RunTime:0.0029s ]
SQL: SELECT * FROM `made_model` WHERE `id` = 1 LIMIT 1   [ RunTime:0.0010s ]
NOTIC: [8] Undefined index: validate D:\wamp\wamp64\www\jiimadeeee\ThinkPHP\Library\Think\Model.class.php 第 1185 行.
NOTIC: [8] Undefined index: auto D:\wamp\wamp64\www\jiimadeeee\ThinkPHP\Library\Think\Model.class.php 第 1128 行.
NOTIC: [2] Invalid argument supplied for foreach() D:\wamp\wamp64\www\jiimadeeee\Application\Admin\Model\ModelModel.class.php 第 94 行.
SQL: UPDATE `made_model` SET `model_name`='通用I型',`material`='{\"p1\":{\"\\u67dc\\u4f53\":\"3,8\"},\"p3\":{\"fh\":\"8,1,3\"},\"p4\":{\"sd\":\"3\"},\"p5\":{\"sfd\":\"3\"}}',`parameter`='[\"w\",\"d\",\"h\"]',`formula`='{\"\\u67dc\\u4f53\":[\"return $w*$h*3.5;\",\"$p1\",\"\\u33a1\"],\"\\u67dc\\u9762\":[\"return $w*$h;\",\"$p2\",\"\\u33a1\"],\"\\u5b89\\u88c5\\u8d39\":[\"return 1;\",\"200\",\"\\u4e2a\"]}',`ext`='[]' WHERE `id` = 1 [ RunTime:0.0069s ]
INFO: [ view_parse ] --START--
INFO: [ template_filter ] --START--
INFO: Run Behavior\ContentReplaceBehavior [ RunTime:0.000417s ]
INFO: [ template_filter ] --END-- [ RunTime:0.001146s ]
INFO: Run Behavior\ParseTemplateBehavior [ RunTime:0.036410s ]
INFO: [ view_parse ] --END-- [ RunTime:0.037322s ]
INFO: [ view_filter ] --START--
INFO: Run Behavior\WriteHtmlCacheBehavior [ RunTime:0.002256s ]
INFO: [ view_filter ] --END-- [ RunTime:0.003094s ]
INFO: [ view_parse ] --START--
INFO: [ template_filter ] --START--
INFO: Run Behavior\ContentReplaceBehavior [ RunTime:0.000523s ]
INFO: [ template_filter ] --END-- [ RunTime:-0.023804s ]
INFO: Run Behavior\ParseTemplateBehavior [ RunTime:0.019512s ]
INFO: [ view_parse ] --END-- [ RunTime:-0.005235s ]
INFO: [ view_filter ] --START--
INFO: Run Behavior\WriteHtmlCacheBehavior [ RunTime:0.000158s ]
INFO: [ view_filter ] --END-- [ RunTime:-0.022522s ]

[ 2018-06-04T15:03:35+08:00 ] 127.0.0.1 /jiimadeeee/index.php/Admin/Model/lst.html
INFO: [ app_init ] --START--
INFO: Run Behavior\BuildLiteBehavior [ RunTime:0.000194s ]
INFO: [ app_init ] --END-- [ RunTime:0.003389s ]
INFO: [ app_begin ] --START--
INFO: Run Behavior\ReadHtmlCacheBehavior [ RunTime:0.002099s ]
INFO: [ app_begin ] --END-- [ RunTime:0.002822s ]
NOTIC: [8] A session had already been started - ignoring session_start() D:\wamp\wamp64\www\jiimadeeee\Application\Admin\Controller\BaseController.class.php 第 9 行.
SQL: SHOW COLUMNS FROM `made_model` [ RunTime:0.0025s ]
SQL: SELECT `id`,`model_name` FROM `made_model`  [ RunTime:0.0009s ]
INFO: [ view_parse ] --START--
INFO: [ template_filter ] --START--
INFO: Run Behavior\ContentReplaceBehavior [ RunTime:0.000128s ]
INFO: [ template_filter ] --END-- [ RunTime:0.000352s ]
INFO: Run Behavior\ParseTemplateBehavior [ RunTime:0.051167s ]
INFO: [ view_parse ] --END-- [ RunTime:0.051907s ]
INFO: [ view_filter ] --START--
INFO: Run Behavior\WriteHtmlCacheBehavior [ RunTime:0.002099s ]
INFO: [ view_filter ] --END-- [ RunTime:0.002825s ]
INFO: [ app_end ] --START--
INFO: Run Behavior\ShowPageTraceBehavior [ RunTime:0.003290s ]
INFO: [ app_end ] --END-- [ RunTime:0.004092s ]

[ 2018-06-04T15:03:37+08:00 ] 127.0.0.1 /jiimadeeee/index.php/Admin/Model/edit/id/1.html
INFO: [ app_init ] --START--
INFO: Run Behavior\BuildLiteBehavior [ RunTime:0.000173s ]
INFO: [ app_init ] --END-- [ RunTime:0.002888s ]
INFO: [ app_begin ] --START--
INFO: Run Behavior\ReadHtmlCacheBehavior [ RunTime:0.003403s ]
INFO: [ app_begin ] --END-- [ RunTime:0.004403s ]
NOTIC: [8] A session had already been started - ignoring session_start() D:\wamp\wamp64\www\jiimadeeee\Application\Admin\Controller\BaseController.class.php 第 9 行.
SQL: SHOW COLUMNS FROM `made_model` [ RunTime:0.0026s ]
SQL: SHOW COLUMNS FROM `made_category` [ RunTime:0.0046s ]
SQL: SELECT * FROM `made_model` WHERE `id` = 1 LIMIT 1   [ RunTime:0.0009s ]
SQL: SELECT * FROM `made_category` ORDER BY order_id asc  [ RunTime:0.0015s ]
INFO: [ view_parse ] --START--
INFO: [ template_filter ] --START--
INFO: Run Behavior\ContentReplaceBehavior [ RunTime:0.000822s ]
INFO: [ template_filter ] --END-- [ RunTime:0.001673s ]
INFO: Run Behavior\ParseTemplateBehavior [ RunTime:0.052724s ]
INFO: [ view_parse ] --END-- [ RunTime:0.053420s ]
INFO: [ view_filter ] --START--
INFO: Run Behavior\WriteHtmlCacheBehavior [ RunTime:0.003222s ]
INFO: [ view_filter ] --END-- [ RunTime:0.004327s ]
INFO: [ app_end ] --START--
INFO: Run Behavior\ShowPageTraceBehavior [ RunTime:0.004354s ]
INFO: [ app_end ] --END-- [ RunTime:0.006163s ]

[ 2018-06-04T15:04:31+08:00 ] 127.0.0.1 /jiimadeeee/index.php/Admin/Model/edit/id/1.html
INFO: [ app_init ] --START--
INFO: Run Behavior\BuildLiteBehavior [ RunTime:0.000159s ]
INFO: [ app_init ] --END-- [ RunTime:0.002724s ]
INFO: [ app_begin ] --START--
INFO: Run Behavior\ReadHtmlCacheBehavior [ RunTime:0.002540s ]
INFO: [ app_begin ] --END-- [ RunTime:0.003420s ]
NOTIC: [8] A session had already been started - ignoring session_start() D:\wamp\wamp64\www\jiimadeeee\Application\Admin\Controller\BaseController.class.php 第 9 行.
SQL: SHOW COLUMNS FROM `made_model` [ RunTime:0.0025s ]
SQL: SHOW COLUMNS FROM `made_category` [ RunTime:0.0074s ]
SQL: SELECT * FROM `made_model` WHERE `id` = 1 LIMIT 1   [ RunTime:0.0012s ]
NOTIC: [8] Undefined index: validate D:\wamp\wamp64\www\jiimadeeee\ThinkPHP\Library\Think\Model.class.php 第 1185 行.
NOTIC: [8] Undefined index: auto D:\wamp\wamp64\www\jiimadeeee\ThinkPHP\Library\Think\Model.class.php 第 1128 行.

[ 2018-06-04T15:04:49+08:00 ] 127.0.0.1 /jiimadeeee/index.php/Admin/Model/edit/id/1.html
INFO: [ app_init ] --START--
INFO: Run Behavior\BuildLiteBehavior [ RunTime:0.000106s ]
INFO: [ app_init ] --END-- [ RunTime:0.001470s ]
INFO: [ app_begin ] --START--
INFO: Run Behavior\ReadHtmlCacheBehavior [ RunTime:0.003852s ]
INFO: [ app_begin ] --END-- [ RunTime:0.004950s ]
NOTIC: [8] A session had already been started - ignoring session_start() D:\wamp\wamp64\www\jiimadeeee\Application\Admin\Controller\BaseController.class.php 第 9 行.
SQL: SHOW COLUMNS FROM `made_model` [ RunTime:0.0020s ]
SQL: SHOW COLUMNS FROM `made_category` [ RunTime:0.0082s ]
SQL: SELECT * FROM `made_model` WHERE `id` = 1 LIMIT 1   [ RunTime:0.0010s ]
SQL: SELECT * FROM `made_category` ORDER BY order_id asc  [ RunTime:0.0015s ]
INFO: [ view_parse ] --START--
INFO: [ template_filter ] --START--
INFO: Run Behavior\ContentReplaceBehavior [ RunTime:0.000580s ]
INFO: [ template_filter ] --END-- [ RunTime:0.001053s ]
INFO: Run Behavior\ParseTemplateBehavior [ RunTime:0.075470s ]
INFO: [ view_parse ] --END-- [ RunTime:0.075986s ]
INFO: [ view_filter ] --START--
INFO: Run Behavior\WriteHtmlCacheBehavior [ RunTime:0.003127s ]
INFO: [ view_filter ] --END-- [ RunTime:0.004266s ]
INFO: [ app_end ] --START--
INFO: Run Behavior\ShowPageTraceBehavior [ RunTime:0.005086s ]
INFO: [ app_end ] --END-- [ RunTime:0.005794s ]

[ 2018-06-04T15:05:36+08:00 ] 127.0.0.1 /jiimadeeee/index.php/Admin/Model/lst.html
INFO: [ app_init ] --START--
INFO: Run Behavior\BuildLiteBehavior [ RunTime:0.000344s ]
INFO: [ app_init ] --END-- [ RunTime:0.004423s ]
INFO: [ app_begin ] --START--
INFO: Run Behavior\ReadHtmlCacheBehavior [ RunTime:0.003184s ]
INFO: [ app_begin ] --END-- [ RunTime:0.004062s ]
NOTIC: [8] A session had already been started - ignoring session_start() D:\wamp\wamp64\www\jiimadeeee\Application\Admin\Controller\BaseController.class.php 第 9 行.
SQL: SHOW COLUMNS FROM `made_model` [ RunTime:0.0025s ]
SQL: SELECT `id`,`model_name` FROM `made_model`  [ RunTime:0.0008s ]
INFO: [ view_parse ] --START--
INFO: [ template_filter ] --START--
INFO: Run Behavior\ContentReplaceBehavior [ RunTime:0.000414s ]
INFO: [ template_filter ] --END-- [ RunTime:0.001071s ]
INFO: Run Behavior\ParseTemplateBehavior [ RunTime:0.047948s ]
INFO: [ view_parse ] --END-- [ RunTime:0.048754s ]
INFO: [ view_filter ] --START--
INFO: Run Behavior\WriteHtmlCacheBehavior [ RunTime:0.002256s ]
INFO: [ view_filter ] --END-- [ RunTime:0.003085s ]
INFO: [ app_end ] --START--
INFO: Run Behavior\ShowPageTraceBehavior [ RunTime:0.003583s ]
INFO: [ app_end ] --END-- [ RunTime:0.004436s ]

[ 2018-06-04T15:05:38+08:00 ] 127.0.0.1 /jiimadeeee/index.php/Admin/Model/edit/id/1.html
INFO: [ app_init ] --START--
INFO: Run Behavior\BuildLiteBehavior [ RunTime:0.000189s ]
INFO: [ app_init ] --END-- [ RunTime:0.003046s ]
INFO: [ app_begin ] --START--
INFO: Run Behavior\ReadHtmlCacheBehavior [ RunTime:0.002079s ]
INFO: [ app_begin ] --END-- [ RunTime:0.002767s ]
NOTIC: [8] A session had already been started - ignoring session_start() D:\wamp\wamp64\www\jiimadeeee\Application\Admin\Controller\BaseController.class.php 第 9 行.
SQL: SHOW COLUMNS FROM `made_model` [ RunTime:0.0025s ]
SQL: SHOW COLUMNS FROM `made_category` [ RunTime:0.0077s ]
SQL: SELECT * FROM `made_model` WHERE `id` = 1 LIMIT 1   [ RunTime:0.0012s ]
SQL: SELECT * FROM `made_category` ORDER BY order_id asc  [ RunTime:0.0011s ]
INFO: [ view_parse ] --START--
INFO: [ template_filter ] --START--
INFO: Run Behavior\ContentReplaceBehavior [ RunTime:0.001718s ]
INFO: [ template_filter ] --END-- [ RunTime:0.002773s ]
INFO: Run Behavior\ParseTemplateBehavior [ RunTime:0.082856s ]
INFO: [ view_parse ] --END-- [ RunTime:0.083782s ]
INFO: [ view_filter ] --START--
INFO: Run Behavior\WriteHtmlCacheBehavior [ RunTime:0.002324s ]
INFO: [ view_filter ] --END-- [ RunTime:0.003074s ]
INFO: [ app_end ] --START--
INFO: Run Behavior\ShowPageTraceBehavior [ RunTime:0.004678s ]
INFO: [ app_end ] --END-- [ RunTime:0.006092s ]

[ 2018-06-04T15:06:13+08:00 ] 127.0.0.1 /jiimadeeee/index.php/Admin/Model/lst.html
INFO: [ app_init ] --START--
INFO: Run Behavior\BuildLiteBehavior [ RunTime:0.000154s ]
INFO: [ app_init ] --END-- [ RunTime:0.002724s ]
INFO: [ app_begin ] --START--
INFO: Run Behavior\ReadHtmlCacheBehavior [ RunTime:0.001754s ]
INFO: [ app_begin ] --END-- [ RunTime:0.002563s ]
NOTIC: [8] A session had already been started - ignoring session_start() D:\wamp\wamp64\www\jiimadeeee\Application\Admin\Controller\BaseController.class.php 第 9 行.
SQL: SHOW COLUMNS FROM `made_model` [ RunTime:0.0023s ]
SQL: SELECT `id`,`model_name` FROM `made_model`  [ RunTime:0.0007s ]
INFO: [ view_parse ] --START--
INFO: [ template_filter ] --START--
INFO: Run Behavior\ContentReplaceBehavior [ RunTime:0.000083s ]
INFO: [ template_filter ] --END-- [ RunTime:0.000224s ]
INFO: Run Behavior\ParseTemplateBehavior [ RunTime:0.032396s ]
INFO: [ view_parse ] --END-- [ RunTime:0.033185s ]
INFO: [ view_filter ] --START--
INFO: Run Behavior\WriteHtmlCacheBehavior [ RunTime:0.002728s ]
INFO: [ view_filter ] --END-- [ RunTime:0.003760s ]
INFO: [ app_end ] --START--
INFO: Run Behavior\ShowPageTraceBehavior [ RunTime:0.002258s ]
INFO: [ app_end ] --END-- [ RunTime:0.002727s ]

[ 2018-06-04T15:06:15+08:00 ] 127.0.0.1 /jiimadeeee/index.php/Admin/Model/edit/id/3.html
INFO: [ app_init ] --START--
INFO: Run Behavior\BuildLiteBehavior [ RunTime:0.000318s ]
INFO: [ app_init ] --END-- [ RunTime:0.003894s ]
INFO: [ app_begin ] --START--
INFO: Run Behavior\ReadHtmlCacheBehavior [ RunTime:0.003135s ]
INFO: [ app_begin ] --END-- [ RunTime:0.003967s ]
NOTIC: [8] A session had already been started - ignoring session_start() D:\wamp\wamp64\www\jiimadeeee\Application\Admin\Controller\BaseController.class.php 第 9 行.
SQL: SHOW COLUMNS FROM `made_model` [ RunTime:0.0020s ]
SQL: SHOW COLUMNS FROM `made_category` [ RunTime:0.0061s ]
SQL: SELECT * FROM `made_model` WHERE `id` = 3 LIMIT 1   [ RunTime:0.0012s ]
SQL: SELECT * FROM `made_category` ORDER BY order_id asc  [ RunTime:0.0016s ]
INFO: [ view_parse ] --START--
INFO: [ template_filter ] --START--
INFO: Run Behavior\ContentReplaceBehavior [ RunTime:0.001597s ]
INFO: [ template_filter ] --END-- [ RunTime:0.002185s ]
NOTIC: [2] Invalid argument supplied for foreach() D:\wamp\wamp64\www\jiimadeeee\Application\Runtime\Cache\Admin\4bc4913b407324fb4d494724d5710d65.php 第 137 行.
INFO: Run Behavior\ParseTemplateBehavior [ RunTime:0.070276s ]
INFO: [ view_parse ] --END-- [ RunTime:0.071038s ]
INFO: [ view_filter ] --START--
INFO: Run Behavior\WriteHtmlCacheBehavior [ RunTime:0.002386s ]
INFO: [ view_filter ] --END-- [ RunTime:0.003200s ]
INFO: [ app_end ] --START--
INFO: Run Behavior\ShowPageTraceBehavior [ RunTime:0.002327s ]
INFO: [ app_end ] --END-- [ RunTime:0.002743s ]

[ 2018-06-04T15:06:38+08:00 ] 127.0.0.1 /jiimadeeee/index.php/Admin/Model/edit/id/3.html
INFO: [ app_init ] --START--
INFO: Run Behavior\BuildLiteBehavior [ RunTime:0.000209s ]
INFO: [ app_init ] --END-- [ RunTime:0.003073s ]
INFO: [ app_begin ] --START--
INFO: Run Behavior\ReadHtmlCacheBehavior [ RunTime:0.002858s ]
INFO: [ app_begin ] --END-- [ RunTime:0.003825s ]
NOTIC: [8] A session had already been started - ignoring session_start() D:\wamp\wamp64\www\jiimadeeee\Application\Admin\Controller\BaseController.class.php 第 9 行.
SQL: SHOW COLUMNS FROM `made_model` [ RunTime:0.0027s ]
SQL: SHOW COLUMNS FROM `made_category` [ RunTime:0.0083s ]
SQL: SELECT * FROM `made_model` WHERE `id` = 3 LIMIT 1   [ RunTime:0.0012s ]
NOTIC: [8] Undefined index: validate D:\wamp\wamp64\www\jiimadeeee\ThinkPHP\Library\Think\Model.class.php 第 1185 行.
NOTIC: [8] Undefined index: auto D:\wamp\wamp64\www\jiimadeeee\ThinkPHP\Library\Think\Model.class.php 第 1128 行.

[ 2018-06-04T15:06:47+08:00 ] 127.0.0.1 /jiimadeeee/index.php/Admin/Model/edit/id/3.html
INFO: [ app_init ] --START--
INFO: Run Behavior\BuildLiteBehavior [ RunTime:0.000190s ]
INFO: [ app_init ] --END-- [ RunTime:0.004023s ]
INFO: [ app_begin ] --START--
INFO: Run Behavior\ReadHtmlCacheBehavior [ RunTime:0.004757s ]
INFO: [ app_begin ] --END-- [ RunTime:0.005425s ]
NOTIC: [8] A session had already been started - ignoring session_start() D:\wamp\wamp64\www\jiimadeeee\Application\Admin\Controller\BaseController.class.php 第 9 行.
SQL: SHOW COLUMNS FROM `made_model` [ RunTime:0.0024s ]
SQL: SHOW COLUMNS FROM `made_category` [ RunTime:0.0072s ]
SQL: SELECT * FROM `made_model` WHERE `id` = 3 LIMIT 1   [ RunTime:0.0008s ]
SQL: SELECT * FROM `made_category` ORDER BY order_id asc  [ RunTime:0.0014s ]
INFO: [ view_parse ] --START--
INFO: [ template_filter ] --START--
INFO: Run Behavior\ContentReplaceBehavior [ RunTime:0.001064s ]
INFO: [ template_filter ] --END-- [ RunTime:0.001708s ]
NOTIC: [2] Invalid argument supplied for foreach() D:\wamp\wamp64\www\jiimadeeee\Application\Runtime\Cache\Admin\4bc4913b407324fb4d494724d5710d65.php 第 137 行.
INFO: Run Behavior\ParseTemplateBehavior [ RunTime:0.074498s ]
INFO: [ view_parse ] --END-- [ RunTime:0.075547s ]
INFO: [ view_filter ] --START--
INFO: Run Behavior\WriteHtmlCacheBehavior [ RunTime:0.002912s ]
INFO: [ view_filter ] --END-- [ RunTime:0.004041s ]
INFO: [ app_end ] --START--
INFO: Run Behavior\ShowPageTraceBehavior [ RunTime:0.003294s ]
INFO: [ app_end ] --END-- [ RunTime:0.004216s ]

[ 2018-06-04T15:06:54+08:00 ] 127.0.0.1 /jiimadeeee/index.php/Admin/Model/edit/id/3.html
INFO: [ app_init ] --START--
INFO: Run Behavior\BuildLiteBehavior [ RunTime:0.000260s ]
INFO: [ app_init ] --END-- [ RunTime:0.004391s ]
INFO: [ app_begin ] --START--
INFO: Run Behavior\ReadHtmlCacheBehavior [ RunTime:0.002503s ]
INFO: [ app_begin ] --END-- [ RunTime:0.003272s ]
NOTIC: [8] A session had already been started - ignoring session_start() D:\wamp\wamp64\www\jiimadeeee\Application\Admin\Controller\BaseController.class.php 第 9 行.
SQL: SHOW COLUMNS FROM `made_model` [ RunTime:0.0026s ]
SQL: SHOW COLUMNS FROM `made_category` [ RunTime:0.0071s ]
SQL: SELECT * FROM `made_model` WHERE `id` = 3 LIMIT 1   [ RunTime:0.0012s ]
NOTIC: [8] Undefined index: validate D:\wamp\wamp64\www\jiimadeeee\ThinkPHP\Library\Think\Model.class.php 第 1185 行.
NOTIC: [8] Undefined index: auto D:\wamp\wamp64\www\jiimadeeee\ThinkPHP\Library\Think\Model.class.php 第 1128 行.
NOTIC: [2] Invalid argument supplied for foreach() D:\wamp\wamp64\www\jiimadeeee\Application\Admin\Model\ModelModel.class.php 第 94 行.
SQL: UPDATE `made_model` SET `model_name`='通用L型',`material`='{\"p1\":{\"\\u67dc\\u4f53\":\"3,8\"},\"p3\":{\"dsf\":\"8,1\"}}',`parameter`='[\"w1\",\"d1\",\"h1\",\"w2\",\"d2\",\"h2\"]',`formula`='{\"\\u67dc\\u4f53\":[\"return $w1*$h1*3.5+$w1*($h2-$d2)*3.5;\",\"$p1\",\"\\u33a1\"],\"\\u67dc\\u9762\":[\"return $w1*$h1+$w1*($h2-$d2);\",\"$p2\",\"\\u33a1\"]}',`ext`='[]' WHERE `id` = 3 [ RunTime:0.0053s ]
INFO: [ view_parse ] --START--
INFO: [ template_filter ] --START--
INFO: Run Behavior\ContentReplaceBehavior [ RunTime:0.000541s ]
INFO: [ template_filter ] --END-- [ RunTime:0.001495s ]
INFO: Run Behavior\ParseTemplateBehavior [ RunTime:0.039160s ]
INFO: [ view_parse ] --END-- [ RunTime:0.039962s ]
INFO: [ view_filter ] --START--
INFO: Run Behavior\WriteHtmlCacheBehavior [ RunTime:0.002219s ]
INFO: [ view_filter ] --END-- [ RunTime:0.002994s ]
INFO: [ view_parse ] --START--
INFO: [ template_filter ] --START--
INFO: Run Behavior\ContentReplaceBehavior [ RunTime:0.000395s ]
INFO: [ template_filter ] --END-- [ RunTime:-0.029134s ]
INFO: Run Behavior\ParseTemplateBehavior [ RunTime:0.022838s ]
INFO: [ view_parse ] --END-- [ RunTime:-0.005146s ]
INFO: [ view_filter ] --START--
INFO: Run Behavior\WriteHtmlCacheBehavior [ RunTime:0.000347s ]
INFO: [ view_filter ] --END-- [ RunTime:-0.025916s ]

[ 2018-06-04T15:06:56+08:00 ] 127.0.0.1 /jiimadeeee/index.php/Admin/Model/lst.html
INFO: [ app_init ] --START--
INFO: Run Behavior\BuildLiteBehavior [ RunTime:0.000295s ]
INFO: [ app_init ] --END-- [ RunTime:0.004145s ]
INFO: [ app_begin ] --START--
INFO: Run Behavior\ReadHtmlCacheBehavior [ RunTime:0.003523s ]
INFO: [ app_begin ] --END-- [ RunTime:0.004871s ]
NOTIC: [8] A session had already been started - ignoring session_start() D:\wamp\wamp64\www\jiimadeeee\Application\Admin\Controller\BaseController.class.php 第 9 行.
SQL: SHOW COLUMNS FROM `made_model` [ RunTime:0.0021s ]
SQL: SELECT `id`,`model_name` FROM `made_model`  [ RunTime:0.0008s ]
INFO: [ view_parse ] --START--
INFO: [ template_filter ] --START--
INFO: Run Behavior\ContentReplaceBehavior [ RunTime:0.000440s ]
INFO: [ template_filter ] --END-- [ RunTime:0.001190s ]
INFO: Run Behavior\ParseTemplateBehavior [ RunTime:0.043388s ]
INFO: [ view_parse ] --END-- [ RunTime:0.043791s ]
INFO: [ view_filter ] --START--
INFO: Run Behavior\WriteHtmlCacheBehavior [ RunTime:0.002479s ]
INFO: [ view_filter ] --END-- [ RunTime:0.003534s ]
INFO: [ app_end ] --START--
INFO: Run Behavior\ShowPageTraceBehavior [ RunTime:0.003824s ]
INFO: [ app_end ] --END-- [ RunTime:0.004732s ]

[ 2018-06-04T15:06:57+08:00 ] 127.0.0.1 /jiimadeeee/index.php/Admin/Model/edit/id/3.html
INFO: [ app_init ] --START--
INFO: Run Behavior\BuildLiteBehavior [ RunTime:0.000195s ]
INFO: [ app_init ] --END-- [ RunTime:0.002845s ]
INFO: [ app_begin ] --START--
INFO: Run Behavior\ReadHtmlCacheBehavior [ RunTime:0.002753s ]
INFO: [ app_begin ] --END-- [ RunTime:0.004093s ]
NOTIC: [8] A session had already been started - ignoring session_start() D:\wamp\wamp64\www\jiimadeeee\Application\Admin\Controller\BaseController.class.php 第 9 行.
SQL: SHOW COLUMNS FROM `made_model` [ RunTime:0.0024s ]
SQL: SHOW COLUMNS FROM `made_category` [ RunTime:0.0026s ]
SQL: SELECT * FROM `made_model` WHERE `id` = 3 LIMIT 1   [ RunTime:0.0015s ]
SQL: SELECT * FROM `made_category` ORDER BY order_id asc  [ RunTime:0.0017s ]
INFO: [ view_parse ] --START--
INFO: [ template_filter ] --START--
INFO: Run Behavior\ContentReplaceBehavior [ RunTime:0.000157s ]
INFO: [ template_filter ] --END-- [ RunTime:0.000318s ]
INFO: Run Behavior\ParseTemplateBehavior [ RunTime:0.061346s ]
INFO: [ view_parse ] --END-- [ RunTime:0.061926s ]
INFO: [ view_filter ] --START--
INFO: Run Behavior\WriteHtmlCacheBehavior [ RunTime:0.004252s ]
INFO: [ view_filter ] --END-- [ RunTime:0.004577s ]
INFO: [ app_end ] --START--
INFO: Run Behavior\ShowPageTraceBehavior [ RunTime:0.004741s ]
INFO: [ app_end ] --END-- [ RunTime:0.005327s ]

[ 2018-06-04T15:07:05+08:00 ] 127.0.0.1 /jiimadeeee/index.php/Admin/Model/lst.html
INFO: [ app_init ] --START--
INFO: Run Behavior\BuildLiteBehavior [ RunTime:0.000178s ]
INFO: [ app_init ] --END-- [ RunTime:0.002995s ]
INFO: [ app_begin ] --START--
INFO: Run Behavior\ReadHtmlCacheBehavior [ RunTime:0.002921s ]
INFO: [ app_begin ] --END-- [ RunTime:0.003834s ]
NOTIC: [8] A session had already been started - ignoring session_start() D:\wamp\wamp64\www\jiimadeeee\Application\Admin\Controller\BaseController.class.php 第 9 行.
SQL: SHOW COLUMNS FROM `made_model` [ RunTime:0.0023s ]
SQL: SELECT `id`,`model_name` FROM `made_model`  [ RunTime:0.0009s ]
INFO: [ view_parse ] --START--
INFO: [ template_filter ] --START--
INFO: Run Behavior\ContentReplaceBehavior [ RunTime:0.000445s ]
INFO: [ template_filter ] --END-- [ RunTime:0.001169s ]
INFO: Run Behavior\ParseTemplateBehavior [ RunTime:0.047425s ]
INFO: [ view_parse ] --END-- [ RunTime:0.048140s ]
INFO: [ view_filter ] --START--
INFO: Run Behavior\WriteHtmlCacheBehavior [ RunTime:0.001197s ]
INFO: [ view_filter ] --END-- [ RunTime:0.001655s ]
INFO: [ app_end ] --START--
INFO: Run Behavior\ShowPageTraceBehavior [ RunTime:0.003943s ]
INFO: [ app_end ] --END-- [ RunTime:0.004754s ]

[ 2018-06-04T15:07:08+08:00 ] 127.0.0.1 /jiimadeeee/index.php/Admin/Model/edit/id/3.html
INFO: [ app_init ] --START--
INFO: Run Behavior\BuildLiteBehavior [ RunTime:0.000164s ]
INFO: [ app_init ] --END-- [ RunTime:0.002811s ]
INFO: [ app_begin ] --START--
INFO: Run Behavior\ReadHtmlCacheBehavior [ RunTime:0.003052s ]
INFO: [ app_begin ] --END-- [ RunTime:0.004115s ]
NOTIC: [8] A session had already been started - ignoring session_start() D:\wamp\wamp64\www\jiimadeeee\Application\Admin\Controller\BaseController.class.php 第 9 行.
SQL: SHOW COLUMNS FROM `made_model` [ RunTime:0.0035s ]
SQL: SHOW COLUMNS FROM `made_category` [ RunTime:0.0030s ]
SQL: SELECT * FROM `made_model` WHERE `id` = 3 LIMIT 1   [ RunTime:0.0015s ]
SQL: SELECT * FROM `made_category` ORDER BY order_id asc  [ RunTime:0.0016s ]
INFO: [ view_parse ] --START--
INFO: [ template_filter ] --START--
INFO: Run Behavior\ContentReplaceBehavior [ RunTime:0.000300s ]
INFO: [ template_filter ] --END-- [ RunTime:0.000745s ]
INFO: Run Behavior\ParseTemplateBehavior [ RunTime:0.071680s ]
INFO: [ view_parse ] --END-- [ RunTime:0.071897s ]
INFO: [ view_filter ] --START--
INFO: Run Behavior\WriteHtmlCacheBehavior [ RunTime:0.001755s ]
INFO: [ view_filter ] --END-- [ RunTime:0.002358s ]
INFO: [ app_end ] --START--
INFO: Run Behavior\ShowPageTraceBehavior [ RunTime:0.005146s ]
INFO: [ app_end ] --END-- [ RunTime:0.006781s ]

[ 2018-06-04T15:07:20+08:00 ] 127.0.0.1 /jiimadeeee/index.php/Admin/Model/lst.html
INFO: [ app_init ] --START--
INFO: Run Behavior\BuildLiteBehavior [ RunTime:0.000141s ]
INFO: [ app_init ] --END-- [ RunTime:0.002539s ]
INFO: [ app_begin ] --START--
INFO: Run Behavior\ReadHtmlCacheBehavior [ RunTime:0.002676s ]
INFO: [ app_begin ] --END-- [ RunTime:0.003577s ]
NOTIC: [8] A session had already been started - ignoring session_start() D:\wamp\wamp64\www\jiimadeeee\Application\Admin\Controller\BaseController.class.php 第 9 行.
SQL: SHOW COLUMNS FROM `made_model` [ RunTime:0.0021s ]
SQL: SELECT `id`,`model_name` FROM `made_model`  [ RunTime:0.0007s ]
INFO: [ view_parse ] --START--
INFO: [ template_filter ] --START--
INFO: Run Behavior\ContentReplaceBehavior [ RunTime:0.000431s ]
INFO: [ template_filter ] --END-- [ RunTime:0.001121s ]
INFO: Run Behavior\ParseTemplateBehavior [ RunTime:0.045991s ]
INFO: [ view_parse ] --END-- [ RunTime:0.046820s ]
INFO: [ view_filter ] --START--
INFO: Run Behavior\WriteHtmlCacheBehavior [ RunTime:0.002704s ]
INFO: [ view_filter ] --END-- [ RunTime:0.003535s ]
INFO: [ app_end ] --START--
INFO: Run Behavior\ShowPageTraceBehavior [ RunTime:0.003524s ]
INFO: [ app_end ] --END-- [ RunTime:0.004328s ]

[ 2018-06-04T15:07:23+08:00 ] 127.0.0.1 /jiimadeeee/index.php/Admin/Model/add.html
INFO: [ app_init ] --START--
INFO: Run Behavior\BuildLiteBehavior [ RunTime:0.000166s ]
INFO: [ app_init ] --END-- [ RunTime:0.002695s ]
INFO: [ app_begin ] --START--
INFO: Run Behavior\ReadHtmlCacheBehavior [ RunTime:0.003184s ]
INFO: [ app_begin ] --END-- [ RunTime:0.004148s ]
NOTIC: [8] A session had already been started - ignoring session_start() D:\wamp\wamp64\www\jiimadeeee\Application\Admin\Controller\BaseController.class.php 第 9 行.
SQL: SHOW COLUMNS FROM `made_model` [ RunTime:0.0022s ]
SQL: SHOW COLUMNS FROM `made_category` [ RunTime:0.0024s ]
SQL: SELECT * FROM `made_category` ORDER BY order_id asc  [ RunTime:0.0012s ]
INFO: [ view_parse ] --START--
INFO: [ template_filter ] --START--
INFO: Run Behavior\ContentReplaceBehavior [ RunTime:0.001188s ]
INFO: [ template_filter ] --END-- [ RunTime:0.002188s ]
INFO: Run Behavior\ParseTemplateBehavior [ RunTime:0.044424s ]
INFO: [ view_parse ] --END-- [ RunTime:0.045363s ]
INFO: [ view_filter ] --START--
INFO: Run Behavior\WriteHtmlCacheBehavior [ RunTime:0.003330s ]
INFO: [ view_filter ] --END-- [ RunTime:0.004320s ]
INFO: [ app_end ] --START--
INFO: Run Behavior\ShowPageTraceBehavior [ RunTime:0.004279s ]
INFO: [ app_end ] --END-- [ RunTime:0.005658s ]

[ 2018-06-04T17:41:43+08:00 ] 127.0.0.1 /jiimadeeee/index.php/Admin/Furniture/lst.html
INFO: [ app_init ] --START--
INFO: Run Behavior\BuildLiteBehavior [ RunTime:0.000169s ]
INFO: [ app_init ] --END-- [ RunTime:0.003404s ]
INFO: [ app_begin ] --START--
INFO: Run Behavior\ReadHtmlCacheBehavior [ RunTime:0.003673s ]
INFO: [ app_begin ] --END-- [ RunTime:0.004653s ]
NOTIC: [8] A session had already been started - ignoring session_start() D:\wamp\wamp64\www\jiimadeeee\Application\Admin\Controller\BaseController.class.php 第 9 行.
SQL: SHOW COLUMNS FROM `made_furniture` [ RunTime:0.0070s ]
SQL: SELECT `id`,`fur_name` FROM `made_furniture` WHERE `cate_id` = '1' ORDER BY sort_id asc  [ RunTime:0.0011s ]
SQL: SELECT `id`,`fur_name` FROM `made_furniture` WHERE `cate_id` = '2' ORDER BY sort_id asc  [ RunTime:0.0011s ]
SQL: SELECT `id`,`fur_name` FROM `made_furniture` WHERE `cate_id` = '3' ORDER BY sort_id asc  [ RunTime:0.0009s ]
INFO: [ view_parse ] --START--
INFO: [ template_filter ] --START--
INFO: Run Behavior\ContentReplaceBehavior [ RunTime:0.000376s ]
INFO: [ template_filter ] --END-- [ RunTime:0.000852s ]
INFO: Run Behavior\ParseTemplateBehavior [ RunTime:0.062381s ]
INFO: [ view_parse ] --END-- [ RunTime:0.063249s ]
INFO: [ view_filter ] --START--
INFO: Run Behavior\WriteHtmlCacheBehavior [ RunTime:0.001306s ]
INFO: [ view_filter ] --END-- [ RunTime:0.001944s ]
INFO: [ app_end ] --START--
INFO: Run Behavior\ShowPageTraceBehavior [ RunTime:0.003298s ]
INFO: [ app_end ] --END-- [ RunTime:0.004007s ]

[ 2018-06-04T17:41:47+08:00 ] 127.0.0.1 /jiimadeeee/index.php/Admin/Furniture/edit/id/1.html
INFO: [ app_init ] --START--
INFO: Run Behavior\BuildLiteBehavior [ RunTime:0.000211s ]
INFO: [ app_init ] --END-- [ RunTime:0.003514s ]
INFO: [ app_begin ] --START--
INFO: Run Behavior\ReadHtmlCacheBehavior [ RunTime:0.004716s ]
INFO: [ app_begin ] --END-- [ RunTime:0.005106s ]
NOTIC: [8] A session had already been started - ignoring session_start() D:\wamp\wamp64\www\jiimadeeee\Application\Admin\Controller\BaseController.class.php 第 9 行.
SQL: SHOW COLUMNS FROM `made_furniture` [ RunTime:0.0082s ]
SQL: SELECT * FROM `made_furniture` WHERE `id` = 1 LIMIT 1   [ RunTime:0.0012s ]
INFO: [ view_parse ] --START--
INFO: [ template_filter ] --START--
INFO: Run Behavior\ContentReplaceBehavior [ RunTime:0.000848s ]
INFO: [ template_filter ] --END-- [ RunTime:0.001570s ]
INFO: Run Behavior\ParseTemplateBehavior [ RunTime:0.063952s ]
INFO: [ view_parse ] --END-- [ RunTime:0.065110s ]
INFO: [ view_filter ] --START--
INFO: Run Behavior\WriteHtmlCacheBehavior [ RunTime:0.001529s ]
INFO: [ view_filter ] --END-- [ RunTime:0.002357s ]
INFO: [ app_end ] --START--
INFO: Run Behavior\ShowPageTraceBehavior [ RunTime:0.005162s ]
INFO: [ app_end ] --END-- [ RunTime:0.006303s ]

