[ 2018-05-31T09:15:58+08:00 ] ::1 /jiimadeeee/index.php/admin/index/index
INFO: [ app_init ] --START--
INFO: Run Behavior\BuildLiteBehavior [ RunTime:0.000192s ]
INFO: [ app_init ] --END-- [ RunTime:0.003375s ]
INFO: [ app_begin ] --START--
INFO: Run Behavior\ReadHtmlCacheBehavior [ RunTime:0.003609s ]
INFO: [ app_begin ] --END-- [ RunTime:0.004133s ]
NOTIC: [8] A session had already been started - ignoring session_start() D:\wamp\wamp64\www\jiimadeeee\Application\Admin\Controller\BaseController.class.php 第 9 行.
INFO: [ view_parse ] --START--
INFO: [ template_filter ] --START--
INFO: Run Behavior\ContentReplaceBehavior [ RunTime:0.000819s ]
INFO: [ template_filter ] --END-- [ RunTime:0.002429s ]
INFO: Run Behavior\ParseTemplateBehavior [ RunTime:0.048170s ]
INFO: [ view_parse ] --END-- [ RunTime:0.049501s ]
INFO: [ view_filter ] --START--
INFO: Run Behavior\WriteHtmlCacheBehavior [ RunTime:0.005387s ]
INFO: [ view_filter ] --END-- [ RunTime:0.006227s ]

[ 2018-05-31T09:16:02+08:00 ] ::1 /jiimadeeee/index.php/Admin/Login/login.html
INFO: [ app_init ] --START--
INFO: Run Behavior\BuildLiteBehavior [ RunTime:0.000171s ]
INFO: [ app_init ] --END-- [ RunTime:0.002905s ]
INFO: [ app_begin ] --START--
INFO: Run Behavior\ReadHtmlCacheBehavior [ RunTime:0.005064s ]
INFO: [ app_begin ] --END-- [ RunTime:0.006404s ]
INFO: [ view_parse ] --START--
INFO: [ template_filter ] --START--
INFO: Run Behavior\ContentReplaceBehavior [ RunTime:0.000987s ]
INFO: [ template_filter ] --END-- [ RunTime:0.002314s ]
INFO: Run Behavior\ParseTemplateBehavior [ RunTime:0.046980s ]
INFO: [ view_parse ] --END-- [ RunTime:0.047523s ]
INFO: [ view_filter ] --START--
INFO: Run Behavior\WriteHtmlCacheBehavior [ RunTime:0.002088s ]
INFO: [ view_filter ] --END-- [ RunTime:0.002456s ]
INFO: [ app_end ] --START--
INFO: Run Behavior\ShowPageTraceBehavior [ RunTime:0.005284s ]
INFO: [ app_end ] --END-- [ RunTime:0.006691s ]

[ 2018-05-31T09:16:02+08:00 ] ::1 /jiimadeeee/index.php/Admin/Login/chkcode.html
INFO: [ app_init ] --START--
INFO: Run Behavior\BuildLiteBehavior [ RunTime:0.000145s ]
INFO: [ app_init ] --END-- [ RunTime:0.001683s ]
INFO: [ app_begin ] --START--
INFO: Run Behavior\ReadHtmlCacheBehavior [ RunTime:0.004769s ]
INFO: [ app_begin ] --END-- [ RunTime:0.005745s ]
NOTIC: [8] A session had already been started - ignoring session_start() D:\wamp\wamp64\www\jiimadeeee\Application\Admin\Controller\LoginController.class.php 第 29 行.
INFO: [ app_end ] --START--
INFO: Run Behavior\ShowPageTraceBehavior [ RunTime:0.005115s ]
INFO: [ app_end ] --END-- [ RunTime:0.006612s ]

[ 2018-05-31T09:45:33+08:00 ] ::1 /jiimadeeee/index.php/Admin/Login/login.html
INFO: [ app_init ] --START--
INFO: Run Behavior\BuildLiteBehavior [ RunTime:0.000048s ]
INFO: [ app_init ] --END-- [ RunTime:0.003192s ]
INFO: [ app_begin ] --START--
INFO: Run Behavior\ReadHtmlCacheBehavior [ RunTime:0.002383s ]
INFO: [ app_begin ] --END-- [ RunTime:0.002865s ]
SQL: SHOW COLUMNS FROM `made_admin` [ RunTime:0.0086s ]
NOTIC: [8] A session had already been started - ignoring session_start() D:\wamp\wamp64\www\jiimadeeee\Application\Admin\Model\AdminModel.class.php 第 36 行.
NOTIC: [8] Undefined index: auto D:\wamp\wamp64\www\jiimadeeee\ThinkPHP\Library\Think\Model.class.php 第 1128 行.
SQL: SELECT * FROM `made_admin` WHERE `username` = 'root' LIMIT 1   [ RunTime:0.0008s ]
NOTIC: [8] A session had already been started - ignoring session_start() D:\wamp\wamp64\www\jiimadeeee\Application\Admin\Model\AdminModel.class.php 第 54 行.
INFO: [ view_parse ] --START--
INFO: [ template_filter ] --START--
INFO: Run Behavior\ContentReplaceBehavior [ RunTime:0.000405s ]
INFO: [ template_filter ] --END-- [ RunTime:0.001179s ]
INFO: Run Behavior\ParseTemplateBehavior [ RunTime:0.042254s ]
INFO: [ view_parse ] --END-- [ RunTime:0.043085s ]
INFO: [ view_filter ] --START--
INFO: Run Behavior\WriteHtmlCacheBehavior [ RunTime:0.003026s ]
INFO: [ view_filter ] --END-- [ RunTime:0.003888s ]
INFO: [ view_parse ] --START--
INFO: [ template_filter ] --START--
INFO: Run Behavior\ContentReplaceBehavior [ RunTime:0.000955s ]
INFO: [ template_filter ] --END-- [ RunTime:-0.033370s ]
INFO: Run Behavior\ParseTemplateBehavior [ RunTime:0.030460s ]
INFO: [ view_parse ] --END-- [ RunTime:-0.008312s ]
INFO: [ view_filter ] --START--
INFO: Run Behavior\WriteHtmlCacheBehavior [ RunTime:0.000347s ]
INFO: [ view_filter ] --END-- [ RunTime:-0.036321s ]

[ 2018-05-31T09:45:35+08:00 ] ::1 /jiimadeeee/index.php/Admin/index/index.html
INFO: [ app_init ] --START--
INFO: Run Behavior\BuildLiteBehavior [ RunTime:0.000224s ]
INFO: [ app_init ] --END-- [ RunTime:0.004781s ]
INFO: [ app_begin ] --START--
INFO: Run Behavior\ReadHtmlCacheBehavior [ RunTime:0.004797s ]
INFO: [ app_begin ] --END-- [ RunTime:0.006037s ]
NOTIC: [8] A session had already been started - ignoring session_start() D:\wamp\wamp64\www\jiimadeeee\Application\Admin\Controller\BaseController.class.php 第 9 行.
INFO: [ view_parse ] --START--
INFO: [ template_filter ] --START--
INFO: Run Behavior\ContentReplaceBehavior [ RunTime:0.000323s ]
INFO: [ template_filter ] --END-- [ RunTime:0.002061s ]
INFO: Run Behavior\ParseTemplateBehavior [ RunTime:0.047801s ]
INFO: [ view_parse ] --END-- [ RunTime:0.048945s ]
INFO: [ view_filter ] --START--
INFO: Run Behavior\WriteHtmlCacheBehavior [ RunTime:0.002733s ]
INFO: [ view_filter ] --END-- [ RunTime:0.003445s ]
INFO: [ app_end ] --START--
INFO: Run Behavior\ShowPageTraceBehavior [ RunTime:0.002610s ]
INFO: [ app_end ] --END-- [ RunTime:0.002970s ]

[ 2018-05-31T09:45:35+08:00 ] ::1 /jiimadeeee/index.php/Admin/index/top.html
INFO: [ app_init ] --START--
INFO: Run Behavior\BuildLiteBehavior [ RunTime:0.000062s ]
INFO: [ app_init ] --END-- [ RunTime:0.001184s ]
INFO: [ app_begin ] --START--
INFO: Run Behavior\ReadHtmlCacheBehavior [ RunTime:0.003974s ]
INFO: [ app_begin ] --END-- [ RunTime:0.004614s ]
NOTIC: [8] A session had already been started - ignoring session_start() D:\wamp\wamp64\www\jiimadeeee\Application\Admin\Controller\BaseController.class.php 第 9 行.
INFO: [ view_parse ] --START--
INFO: [ template_filter ] --START--
INFO: Run Behavior\ContentReplaceBehavior [ RunTime:0.000462s ]
INFO: [ template_filter ] --END-- [ RunTime:0.001140s ]
INFO: Run Behavior\ParseTemplateBehavior [ RunTime:0.043938s ]
INFO: [ view_parse ] --END-- [ RunTime:0.044555s ]
INFO: [ view_filter ] --START--
INFO: Run Behavior\WriteHtmlCacheBehavior [ RunTime:0.002553s ]
INFO: [ view_filter ] --END-- [ RunTime:0.003413s ]
INFO: [ app_end ] --START--
INFO: Run Behavior\ShowPageTraceBehavior [ RunTime:0.002979s ]
INFO: [ app_end ] --END-- [ RunTime:0.003619s ]

[ 2018-05-31T09:45:35+08:00 ] ::1 /jiimadeeee/index.php/Admin/index/menu.html
INFO: [ app_init ] --START--
INFO: Run Behavior\BuildLiteBehavior [ RunTime:0.000045s ]
INFO: [ app_init ] --END-- [ RunTime:0.000787s ]
INFO: [ app_begin ] --START--
INFO: Run Behavior\ReadHtmlCacheBehavior [ RunTime:0.001093s ]
INFO: [ app_begin ] --END-- [ RunTime:0.001341s ]
NOTIC: [8] A session had already been started - ignoring session_start() D:\wamp\wamp64\www\jiimadeeee\Application\Admin\Controller\BaseController.class.php 第 9 行.
INFO: [ view_parse ] --START--
INFO: [ template_filter ] --START--
INFO: Run Behavior\ContentReplaceBehavior [ RunTime:0.000216s ]
INFO: [ template_filter ] --END-- [ RunTime:0.000433s ]
INFO: Run Behavior\ParseTemplateBehavior [ RunTime:0.040031s ]
INFO: [ view_parse ] --END-- [ RunTime:0.040502s ]
INFO: [ view_filter ] --START--
INFO: Run Behavior\WriteHtmlCacheBehavior [ RunTime:0.002943s ]
INFO: [ view_filter ] --END-- [ RunTime:0.003372s ]
INFO: [ app_end ] --START--
INFO: Run Behavior\ShowPageTraceBehavior [ RunTime:0.001805s ]
INFO: [ app_end ] --END-- [ RunTime:0.003511s ]

[ 2018-05-31T09:45:35+08:00 ] ::1 /jiimadeeee/index.php/Admin/index/main.html
INFO: [ app_init ] --START--
INFO: Run Behavior\BuildLiteBehavior [ RunTime:0.000071s ]
INFO: [ app_init ] --END-- [ RunTime:0.001193s ]
INFO: [ app_begin ] --START--
INFO: Run Behavior\ReadHtmlCacheBehavior [ RunTime:0.002986s ]
INFO: [ app_begin ] --END-- [ RunTime:0.004875s ]
NOTIC: [8] A session had already been started - ignoring session_start() D:\wamp\wamp64\www\jiimadeeee\Application\Admin\Controller\BaseController.class.php 第 9 行.
INFO: [ view_parse ] --START--
INFO: [ template_filter ] --START--
INFO: Run Behavior\ContentReplaceBehavior [ RunTime:0.000434s ]
INFO: [ template_filter ] --END-- [ RunTime:0.000980s ]
INFO: Run Behavior\ParseTemplateBehavior [ RunTime:0.050922s ]
INFO: [ view_parse ] --END-- [ RunTime:0.051189s ]
INFO: [ view_filter ] --START--
INFO: Run Behavior\WriteHtmlCacheBehavior [ RunTime:0.002121s ]
INFO: [ view_filter ] --END-- [ RunTime:0.002337s ]
INFO: [ app_end ] --START--
INFO: Run Behavior\ShowPageTraceBehavior [ RunTime:0.001307s ]
INFO: [ app_end ] --END-- [ RunTime:0.001539s ]

[ 2018-05-31T09:45:37+08:00 ] ::1 /jiimadeeee/index.php/Admin/Quote/lst.html
INFO: [ app_init ] --START--
INFO: Run Behavior\BuildLiteBehavior [ RunTime:0.000207s ]
INFO: [ app_init ] --END-- [ RunTime:0.003748s ]
INFO: [ app_begin ] --START--
INFO: Run Behavior\ReadHtmlCacheBehavior [ RunTime:0.003987s ]
INFO: [ app_begin ] --END-- [ RunTime:0.004940s ]
NOTIC: [8] A session had already been started - ignoring session_start() D:\wamp\wamp64\www\jiimadeeee\Application\Admin\Controller\BaseController.class.php 第 9 行.
SQL: SHOW COLUMNS FROM `made_quote` [ RunTime:0.0026s ]
NOTIC: [2] Missing argument 1 for Admin\Model\QuoteModel::search(), called in D:\wamp\wamp64\www\jiimadeeee\Application\Admin\Controller\QuoteController.class.php on line 13 and defined D:\wamp\wamp64\www\jiimadeeee\Application\Admin\Model\QuoteModel.class.php 第 22 行.
SQL: SELECT COUNT(*) AS tp_count FROM `made_quote` LIMIT 1   [ RunTime:0.0010s ]
NOTIC: [8] Undefined variable: perpage D:\wamp\wamp64\www\jiimadeeee\Application\Admin\Model\QuoteModel.class.php 第 39 行.
NOTIC: [2] Division by zero D:\wamp\wamp64\www\jiimadeeee\ThinkPHP\Library\Think\Page.class.php 第 84 行.
SQL: SELECT a.* FROM made_quote a  [ RunTime:0.0014s ]
INFO: [ view_parse ] --START--
INFO: [ template_filter ] --START--
INFO: Run Behavior\ContentReplaceBehavior [ RunTime:0.001075s ]
INFO: [ template_filter ] --END-- [ RunTime:0.002125s ]
INFO: Run Behavior\ParseTemplateBehavior [ RunTime:0.057047s ]
INFO: [ view_parse ] --END-- [ RunTime:0.057955s ]
INFO: [ view_filter ] --START--
INFO: Run Behavior\WriteHtmlCacheBehavior [ RunTime:0.003378s ]
INFO: [ view_filter ] --END-- [ RunTime:0.004578s ]
INFO: [ app_end ] --START--
INFO: Run Behavior\ShowPageTraceBehavior [ RunTime:0.004526s ]
INFO: [ app_end ] --END-- [ RunTime:0.005849s ]

[ 2018-05-31T09:45:39+08:00 ] ::1 /jiimadeeee/index.php/Admin/Quote/detail/id/20180522154224089586.html
INFO: [ app_init ] --START--
INFO: Run Behavior\BuildLiteBehavior [ RunTime:0.000152s ]
INFO: [ app_init ] --END-- [ RunTime:0.002533s ]
INFO: [ app_begin ] --START--
INFO: Run Behavior\ReadHtmlCacheBehavior [ RunTime:0.004179s ]
INFO: [ app_begin ] --END-- [ RunTime:0.005191s ]
NOTIC: [8] A session had already been started - ignoring session_start() D:\wamp\wamp64\www\jiimadeeee\Application\Admin\Controller\BaseController.class.php 第 9 行.
SQL: SHOW COLUMNS FROM `made_quote` [ RunTime:0.0023s ]
SQL: SELECT * FROM `made_quote` WHERE `id` = '20180522154224089586' LIMIT 1   [ RunTime:0.0012s ]
SQL: SHOW COLUMNS FROM `made_module` [ RunTime:0.0028s ]
SQL: SELECT a.*,b.formula FROM made_module a LEFT JOIN made_model b ON a.model_id = b.id  WHERE a.quote_id = '20180522154224089586' ORDER BY a.sort_id asc  [ RunTime:0.0056s ]
INFO: [ view_parse ] --START--
INFO: [ template_filter ] --START--
INFO: Run Behavior\ContentReplaceBehavior [ RunTime:0.001267s ]
INFO: [ template_filter ] --END-- [ RunTime:0.001955s ]
NOTIC: [8] Undefined index: module D:\wamp\wamp64\www\jiimadeeee\Application\Runtime\Cache\Admin\3eb234c616c7cbdf8762b22fa6994749.php 第 134 行.
NOTIC: [2] Invalid argument supplied for foreach() D:\wamp\wamp64\www\jiimadeeee\Application\Runtime\Cache\Admin\3eb234c616c7cbdf8762b22fa6994749.php 第 134 行.
NOTIC: [8] Undefined index: module D:\wamp\wamp64\www\jiimadeeee\Application\Runtime\Cache\Admin\3eb234c616c7cbdf8762b22fa6994749.php 第 208 行.
NOTIC: [2] Invalid argument supplied for foreach() D:\wamp\wamp64\www\jiimadeeee\Application\Runtime\Cache\Admin\3eb234c616c7cbdf8762b22fa6994749.php 第 208 行.
NOTIC: [8] Undefined index: module D:\wamp\wamp64\www\jiimadeeee\Application\Runtime\Cache\Admin\3eb234c616c7cbdf8762b22fa6994749.php 第 282 行.
NOTIC: [2] Invalid argument supplied for foreach() D:\wamp\wamp64\www\jiimadeeee\Application\Runtime\Cache\Admin\3eb234c616c7cbdf8762b22fa6994749.php 第 282 行.
INFO: Run Behavior\ParseTemplateBehavior [ RunTime:0.094680s ]
INFO: [ view_parse ] --END-- [ RunTime:0.095533s ]
INFO: [ view_filter ] --START--
INFO: Run Behavior\WriteHtmlCacheBehavior [ RunTime:0.002829s ]
INFO: [ view_filter ] --END-- [ RunTime:0.003679s ]
INFO: [ app_end ] --START--
INFO: Run Behavior\ShowPageTraceBehavior [ RunTime:0.003922s ]
INFO: [ app_end ] --END-- [ RunTime:0.004789s ]

[ 2018-05-31T09:45:41+08:00 ] ::1 /jiimadeeee/index.php/Admin/Quote/chooseFurniture/id/20180522154224089586.html
INFO: [ app_init ] --START--
INFO: Run Behavior\BuildLiteBehavior [ RunTime:0.000155s ]
INFO: [ app_init ] --END-- [ RunTime:0.002708s ]
INFO: [ app_begin ] --START--
INFO: Run Behavior\ReadHtmlCacheBehavior [ RunTime:0.004515s ]
INFO: [ app_begin ] --END-- [ RunTime:0.005475s ]
NOTIC: [8] A session had already been started - ignoring session_start() D:\wamp\wamp64\www\jiimadeeee\Application\Admin\Controller\BaseController.class.php 第 9 行.
SQL: SHOW COLUMNS FROM `made_furniture` [ RunTime:0.0028s ]
SQL: SELECT `id`,`fur_name`,`img_src` FROM `made_furniture` ORDER BY sort_id desc  [ RunTime:0.0012s ]
INFO: [ view_parse ] --START--
INFO: [ template_filter ] --START--
INFO: Run Behavior\ContentReplaceBehavior [ RunTime:0.000092s ]
INFO: [ template_filter ] --END-- [ RunTime:0.000237s ]
NOTIC: [8] Undefined index: model_name D:\wamp\wamp64\www\jiimadeeee\Application\Runtime\Cache\Admin\a040ff70c7464c3e879b4a5643263946.php 第 54 行.
NOTIC: [8] Undefined index: model_name D:\wamp\wamp64\www\jiimadeeee\Application\Runtime\Cache\Admin\a040ff70c7464c3e879b4a5643263946.php 第 54 行.
INFO: Run Behavior\ParseTemplateBehavior [ RunTime:0.032382s ]
INFO: [ view_parse ] --END-- [ RunTime:0.033458s ]
INFO: [ view_filter ] --START--
INFO: Run Behavior\WriteHtmlCacheBehavior [ RunTime:0.002924s ]
INFO: [ view_filter ] --END-- [ RunTime:0.003232s ]
INFO: [ app_end ] --START--
INFO: Run Behavior\ShowPageTraceBehavior [ RunTime:0.004258s ]
INFO: [ app_end ] --END-- [ RunTime:0.005150s ]

[ 2018-05-31T09:45:42+08:00 ] ::1 /jiimadeeee/index.php/Admin/Quote/addModule/id/1/quoteId/20180522154224089586.html
INFO: [ app_init ] --START--
INFO: Run Behavior\BuildLiteBehavior [ RunTime:0.000230s ]
INFO: [ app_init ] --END-- [ RunTime:0.003943s ]
INFO: [ app_begin ] --START--
INFO: Run Behavior\ReadHtmlCacheBehavior [ RunTime:0.003391s ]
INFO: [ app_begin ] --END-- [ RunTime:0.004221s ]
NOTIC: [8] A session had already been started - ignoring session_start() D:\wamp\wamp64\www\jiimadeeee\Application\Admin\Controller\BaseController.class.php 第 9 行.
SQL: SHOW COLUMNS FROM `made_furniture` [ RunTime:0.0016s ]
SQL: SELECT * FROM `made_furniture` WHERE `id` = 1 LIMIT 1   [ RunTime:0.0012s ]
INFO: [ view_parse ] --START--
INFO: [ template_filter ] --START--
INFO: Run Behavior\ContentReplaceBehavior [ RunTime:0.000120s ]
INFO: [ template_filter ] --END-- [ RunTime:0.000251s ]
NOTIC: [8] Undefined variable: gatherattr D:\wamp\wamp64\www\jiimadeeee\Application\Runtime\Cache\Admin\3ac3b7524beedf12cb27698bd1472710.php 第 151 行.
INFO: Run Behavior\ParseTemplateBehavior [ RunTime:0.041680s ]
INFO: [ view_parse ] --END-- [ RunTime:0.042406s ]
INFO: [ view_filter ] --START--
INFO: Run Behavior\WriteHtmlCacheBehavior [ RunTime:0.002653s ]
INFO: [ view_filter ] --END-- [ RunTime:0.003149s ]
INFO: [ app_end ] --START--
INFO: Run Behavior\ShowPageTraceBehavior [ RunTime:0.003688s ]
INFO: [ app_end ] --END-- [ RunTime:0.004358s ]

[ 2018-05-31T09:45:44+08:00 ] ::1 /jiimadeeee/index.php/Admin/Quote/ajaxGetModel?attr=1%2C0%2C&furId=1
INFO: [ app_init ] --START--
INFO: Run Behavior\BuildLiteBehavior [ RunTime:0.000188s ]
INFO: [ app_init ] --END-- [ RunTime:0.003716s ]
INFO: [ app_begin ] --START--
INFO: Run Behavior\ReadHtmlCacheBehavior [ RunTime:0.005881s ]
INFO: [ app_begin ] --END-- [ RunTime:0.007052s ]
NOTIC: [8] A session had already been started - ignoring session_start() D:\wamp\wamp64\www\jiimadeeee\Application\Admin\Controller\BaseController.class.php 第 9 行.
SQL: SHOW COLUMNS FROM `made_furniture_quote` [ RunTime:0.0026s ]
SQL: SHOW COLUMNS FROM `made_goods` [ RunTime:0.0026s ]
SQL: SELECT a.id,a.img_src,b.material,b.parameter,b.ext FROM made_furniture_quote a LEFT JOIN made_model b ON a.model_id = b.id  WHERE `fur_id` = '1' AND `fur_attr_id` = '1,0'  [ RunTime:0.0016s ]
SQL: SELECT `id`,`goods_name` FROM `made_goods` WHERE `cat_id` IN ('3','8') AND `is_quote` = '1'  [ RunTime:0.0010s ]
SQL: SELECT `id`,`goods_name` FROM `made_goods` WHERE `cat_id` IN ('8','1') AND `is_quote` = '1'  [ RunTime:0.0011s ]
INFO: [ app_end ] --START--
INFO: Run Behavior\ShowPageTraceBehavior [ RunTime:0.003848s ]
INFO: [ app_end ] --END-- [ RunTime:0.004539s ]

[ 2018-05-31T09:46:04+08:00 ] ::1 /jiimadeeee/index.php/Admin/Quote/addModule/id/1/quoteId/20180522154224089586.html
INFO: [ app_init ] --START--
INFO: Run Behavior\BuildLiteBehavior [ RunTime:0.000283s ]
INFO: [ app_init ] --END-- [ RunTime:0.004141s ]
INFO: [ app_begin ] --START--
INFO: Run Behavior\ReadHtmlCacheBehavior [ RunTime:0.003096s ]
INFO: [ app_begin ] --END-- [ RunTime:0.003914s ]
NOTIC: [8] A session had already been started - ignoring session_start() D:\wamp\wamp64\www\jiimadeeee\Application\Admin\Controller\BaseController.class.php 第 9 行.
SQL: SHOW COLUMNS FROM `made_furniture` [ RunTime:0.0022s ]
SQL: SELECT * FROM `made_furniture` WHERE `id` = 1 LIMIT 1   [ RunTime:0.0014s ]
SQL: SHOW COLUMNS FROM `made_furniture_quote` [ RunTime:0.0026s ]
SQL: SELECT `model_id` FROM `made_furniture_quote` WHERE `id` = 6 LIMIT 1   [ RunTime:0.0009s ]
SQL: SHOW COLUMNS FROM `made_model` [ RunTime:0.0021s ]
SQL: SELECT * FROM `made_model` WHERE `id` = 4 LIMIT 1   [ RunTime:0.0011s ]
SQL: SHOW COLUMNS FROM `made_module` [ RunTime:0.0016s ]
NOTIC: [8] Undefined index: validate D:\wamp\wamp64\www\jiimadeeee\ThinkPHP\Library\Think\Model.class.php 第 1185 行.
NOTIC: [8] Undefined index: auto D:\wamp\wamp64\www\jiimadeeee\ThinkPHP\Library\Think\Model.class.php 第 1128 行.
SQL: SELECT max(sort_id) as num FROM `made_module` WHERE `quote_id` = '20180522154224089586' AND `cate_id` = '1' GROUP BY quote_id  [ RunTime:0.0011s ]
SQL: INSERT INTO `made_module` (`space`,`agio`,`model_id`,`fur_name`,`cate_id`,`quote_id`,`material`,`parameter`,`ext`,`sort_id`) VALUES ('主卧','1','4','衣柜','1','20180522154224089586','{\"p1\":\"5\",\"p2\":\"6\"}','{\"w\":\"1\",\"d\":\"0.6\",\"h\":\"1.2\"}','{\"q\":\"300\",\"da\":\"20\",\"qa\":\"10\"}','1') [ RunTime:0.0048s ]
SQL: SHOW COLUMNS FROM `made_quote` [ RunTime:0.0023s ]
SQL: UPDATE `made_quote` SET `update_time`='1527731164' WHERE `id` = '20180522154224089586' [ RunTime:0.0049s ]
INFO: [ view_parse ] --START--
INFO: [ template_filter ] --START--
INFO: Run Behavior\ContentReplaceBehavior [ RunTime:0.000303s ]
INFO: [ template_filter ] --END-- [ RunTime:0.000712s ]
INFO: Run Behavior\ParseTemplateBehavior [ RunTime:0.042758s ]
INFO: [ view_parse ] --END-- [ RunTime:0.043352s ]
INFO: [ view_filter ] --START--
INFO: Run Behavior\WriteHtmlCacheBehavior [ RunTime:0.004144s ]
INFO: [ view_filter ] --END-- [ RunTime:0.005087s ]
INFO: [ view_parse ] --START--
INFO: [ template_filter ] --START--
INFO: Run Behavior\ContentReplaceBehavior [ RunTime:0.000260s ]
INFO: [ template_filter ] --END-- [ RunTime:-0.028629s ]
INFO: Run Behavior\ParseTemplateBehavior [ RunTime:0.019727s ]
INFO: [ view_parse ] --END-- [ RunTime:-0.007440s ]
INFO: [ view_filter ] --START--
INFO: Run Behavior\WriteHtmlCacheBehavior [ RunTime:0.000199s ]
INFO: [ view_filter ] --END-- [ RunTime:-0.023156s ]

[ 2018-05-31T09:46:05+08:00 ] ::1 /jiimadeeee/index.php/Admin/Quote/detail/id/20180522154224089586.html
INFO: [ app_init ] --START--
INFO: Run Behavior\BuildLiteBehavior [ RunTime:0.000143s ]
INFO: [ app_init ] --END-- [ RunTime:0.002730s ]
INFO: [ app_begin ] --START--
INFO: Run Behavior\ReadHtmlCacheBehavior [ RunTime:0.005274s ]
INFO: [ app_begin ] --END-- [ RunTime:0.007183s ]
NOTIC: [8] A session had already been started - ignoring session_start() D:\wamp\wamp64\www\jiimadeeee\Application\Admin\Controller\BaseController.class.php 第 9 行.
SQL: SHOW COLUMNS FROM `made_quote` [ RunTime:0.0025s ]
SQL: SELECT * FROM `made_quote` WHERE `id` = '20180522154224089586' LIMIT 1   [ RunTime:0.0013s ]
SQL: SHOW COLUMNS FROM `made_module` [ RunTime:0.0024s ]
SQL: SELECT a.*,b.formula FROM made_module a LEFT JOIN made_model b ON a.model_id = b.id  WHERE a.quote_id = '20180522154224089586' ORDER BY a.sort_id asc  [ RunTime:0.0059s ]
SQL: SHOW COLUMNS FROM `made_goods` [ RunTime:0.0015s ]
SQL: SELECT a.goods_name,max(b.goods_price) as price FROM made_goods a LEFT JOIN made_goods_number b ON a.id=b.goods_id  WHERE a.id = '5' GROUP BY b.goods_id LIMIT 1   [ RunTime:0.0018s ]
SQL: SELECT a.goods_name,max(b.goods_price) as price FROM made_goods a LEFT JOIN made_goods_number b ON a.id=b.goods_id  WHERE a.id = '6' GROUP BY b.goods_id LIMIT 1   [ RunTime:0.0012s ]
INFO: [ view_parse ] --START--
INFO: [ template_filter ] --START--
INFO: Run Behavior\ContentReplaceBehavior [ RunTime:0.002239s ]
INFO: [ template_filter ] --END-- [ RunTime:0.003222s ]
NOTIC: [8] Undefined variable: num D:\wamp\wamp64\www\jiimadeeee\Application\Runtime\Cache\Admin\3eb234c616c7cbdf8762b22fa6994749.php 第 129 行.
NOTIC: [2] Division by zero D:\wamp\wamp64\www\jiimadeeee\Application\Runtime\Cache\Admin\3eb234c616c7cbdf8762b22fa6994749.php 第 129 行.
NOTIC: [8] Undefined variable: num D:\wamp\wamp64\www\jiimadeeee\Application\Runtime\Cache\Admin\3eb234c616c7cbdf8762b22fa6994749.php 第 130 行.
NOTIC: [2] Division by zero D:\wamp\wamp64\www\jiimadeeee\Application\Runtime\Cache\Admin\3eb234c616c7cbdf8762b22fa6994749.php 第 130 行.
NOTIC: [8] Undefined variable: num D:\wamp\wamp64\www\jiimadeeee\Application\Runtime\Cache\Admin\3eb234c616c7cbdf8762b22fa6994749.php 第 129 行.
NOTIC: [2] Division by zero D:\wamp\wamp64\www\jiimadeeee\Application\Runtime\Cache\Admin\3eb234c616c7cbdf8762b22fa6994749.php 第 129 行.
NOTIC: [8] Undefined variable: num D:\wamp\wamp64\www\jiimadeeee\Application\Runtime\Cache\Admin\3eb234c616c7cbdf8762b22fa6994749.php 第 130 行.
NOTIC: [2] Division by zero D:\wamp\wamp64\www\jiimadeeee\Application\Runtime\Cache\Admin\3eb234c616c7cbdf8762b22fa6994749.php 第 130 行.
NOTIC: [8] Undefined index: module D:\wamp\wamp64\www\jiimadeeee\Application\Runtime\Cache\Admin\3eb234c616c7cbdf8762b22fa6994749.php 第 208 行.
NOTIC: [2] Invalid argument supplied for foreach() D:\wamp\wamp64\www\jiimadeeee\Application\Runtime\Cache\Admin\3eb234c616c7cbdf8762b22fa6994749.php 第 208 行.
NOTIC: [8] Undefined index: module D:\wamp\wamp64\www\jiimadeeee\Application\Runtime\Cache\Admin\3eb234c616c7cbdf8762b22fa6994749.php 第 282 行.
NOTIC: [2] Invalid argument supplied for foreach() D:\wamp\wamp64\www\jiimadeeee\Application\Runtime\Cache\Admin\3eb234c616c7cbdf8762b22fa6994749.php 第 282 行.
INFO: Run Behavior\ParseTemplateBehavior [ RunTime:0.107148s ]
INFO: [ view_parse ] --END-- [ RunTime:0.108119s ]
INFO: [ view_filter ] --START--
INFO: Run Behavior\WriteHtmlCacheBehavior [ RunTime:0.003824s ]
INFO: [ view_filter ] --END-- [ RunTime:0.005025s ]
INFO: [ app_end ] --START--
INFO: Run Behavior\ShowPageTraceBehavior [ RunTime:0.004388s ]
INFO: [ app_end ] --END-- [ RunTime:0.005555s ]

[ 2018-05-31T09:46:05+08:00 ] ::1 /jiimadeeee/index.php/Admin/Quote/detail/id/20180522154224089586.html
INFO: [ app_init ] --START--
INFO: Run Behavior\BuildLiteBehavior [ RunTime:0.000177s ]
INFO: [ app_init ] --END-- [ RunTime:0.003275s ]
INFO: [ app_begin ] --START--
INFO: Run Behavior\ReadHtmlCacheBehavior [ RunTime:0.002779s ]
INFO: [ app_begin ] --END-- [ RunTime:0.003252s ]
NOTIC: [8] A session had already been started - ignoring session_start() D:\wamp\wamp64\www\jiimadeeee\Application\Admin\Controller\BaseController.class.php 第 9 行.
SQL: SHOW COLUMNS FROM `made_quote` [ RunTime:0.0026s ]
SQL: SELECT * FROM `made_quote` WHERE `id` = '20180522154224089586' LIMIT 1   [ RunTime:0.0013s ]
SQL: SHOW COLUMNS FROM `made_module` [ RunTime:0.0082s ]
SQL: SELECT a.*,b.formula FROM made_module a LEFT JOIN made_model b ON a.model_id = b.id  WHERE a.quote_id = '20180522154224089586' ORDER BY a.sort_id asc  [ RunTime:0.0014s ]
SQL: SHOW COLUMNS FROM `made_goods` [ RunTime:0.0028s ]
SQL: SELECT a.goods_name,max(b.goods_price) as price FROM made_goods a LEFT JOIN made_goods_number b ON a.id=b.goods_id  WHERE a.id = '5' GROUP BY b.goods_id LIMIT 1   [ RunTime:0.0014s ]
SQL: SELECT a.goods_name,max(b.goods_price) as price FROM made_goods a LEFT JOIN made_goods_number b ON a.id=b.goods_id  WHERE a.id = '6' GROUP BY b.goods_id LIMIT 1   [ RunTime:0.0017s ]
INFO: [ view_parse ] --START--
INFO: [ template_filter ] --START--
INFO: Run Behavior\ContentReplaceBehavior [ RunTime:0.001506s ]
INFO: [ template_filter ] --END-- [ RunTime:0.002361s ]
NOTIC: [8] Undefined variable: num D:\wamp\wamp64\www\jiimadeeee\Application\Runtime\Cache\Admin\3eb234c616c7cbdf8762b22fa6994749.php 第 129 行.
NOTIC: [2] Division by zero D:\wamp\wamp64\www\jiimadeeee\Application\Runtime\Cache\Admin\3eb234c616c7cbdf8762b22fa6994749.php 第 129 行.
NOTIC: [8] Undefined variable: num D:\wamp\wamp64\www\jiimadeeee\Application\Runtime\Cache\Admin\3eb234c616c7cbdf8762b22fa6994749.php 第 130 行.
NOTIC: [2] Division by zero D:\wamp\wamp64\www\jiimadeeee\Application\Runtime\Cache\Admin\3eb234c616c7cbdf8762b22fa6994749.php 第 130 行.
NOTIC: [8] Undefined variable: num D:\wamp\wamp64\www\jiimadeeee\Application\Runtime\Cache\Admin\3eb234c616c7cbdf8762b22fa6994749.php 第 129 行.
NOTIC: [2] Division by zero D:\wamp\wamp64\www\jiimadeeee\Application\Runtime\Cache\Admin\3eb234c616c7cbdf8762b22fa6994749.php 第 129 行.
NOTIC: [8] Undefined variable: num D:\wamp\wamp64\www\jiimadeeee\Application\Runtime\Cache\Admin\3eb234c616c7cbdf8762b22fa6994749.php 第 130 行.
NOTIC: [2] Division by zero D:\wamp\wamp64\www\jiimadeeee\Application\Runtime\Cache\Admin\3eb234c616c7cbdf8762b22fa6994749.php 第 130 行.
NOTIC: [8] Undefined index: module D:\wamp\wamp64\www\jiimadeeee\Application\Runtime\Cache\Admin\3eb234c616c7cbdf8762b22fa6994749.php 第 208 行.
NOTIC: [2] Invalid argument supplied for foreach() D:\wamp\wamp64\www\jiimadeeee\Application\Runtime\Cache\Admin\3eb234c616c7cbdf8762b22fa6994749.php 第 208 行.
NOTIC: [8] Undefined index: module D:\wamp\wamp64\www\jiimadeeee\Application\Runtime\Cache\Admin\3eb234c616c7cbdf8762b22fa6994749.php 第 282 行.
NOTIC: [2] Invalid argument supplied for foreach() D:\wamp\wamp64\www\jiimadeeee\Application\Runtime\Cache\Admin\3eb234c616c7cbdf8762b22fa6994749.php 第 282 行.
INFO: Run Behavior\ParseTemplateBehavior [ RunTime:0.100616s ]
INFO: [ view_parse ] --END-- [ RunTime:0.101454s ]
INFO: [ view_filter ] --START--
INFO: Run Behavior\WriteHtmlCacheBehavior [ RunTime:0.002566s ]
INFO: [ view_filter ] --END-- [ RunTime:0.003402s ]
INFO: [ app_end ] --START--
INFO: Run Behavior\ShowPageTraceBehavior [ RunTime:0.005203s ]
INFO: [ app_end ] --END-- [ RunTime:0.006649s ]

[ 2018-05-31T09:46:10+08:00 ] ::1 /jiimadeeee/index.php/Admin/Quote/chooseFurniture/id/20180522154224089586.html
INFO: [ app_init ] --START--
INFO: Run Behavior\BuildLiteBehavior [ RunTime:0.000139s ]
INFO: [ app_init ] --END-- [ RunTime:0.002399s ]
INFO: [ app_begin ] --START--
INFO: Run Behavior\ReadHtmlCacheBehavior [ RunTime:0.005009s ]
INFO: [ app_begin ] --END-- [ RunTime:0.005830s ]
NOTIC: [8] A session had already been started - ignoring session_start() D:\wamp\wamp64\www\jiimadeeee\Application\Admin\Controller\BaseController.class.php 第 9 行.
SQL: SHOW COLUMNS FROM `made_furniture` [ RunTime:0.0020s ]
SQL: SELECT `id`,`fur_name`,`img_src` FROM `made_furniture` ORDER BY sort_id desc  [ RunTime:0.0009s ]
INFO: [ view_parse ] --START--
INFO: [ template_filter ] --START--
INFO: Run Behavior\ContentReplaceBehavior [ RunTime:0.000135s ]
INFO: [ template_filter ] --END-- [ RunTime:0.000415s ]
NOTIC: [8] Undefined index: model_name D:\wamp\wamp64\www\jiimadeeee\Application\Runtime\Cache\Admin\a040ff70c7464c3e879b4a5643263946.php 第 54 行.
NOTIC: [8] Undefined index: model_name D:\wamp\wamp64\www\jiimadeeee\Application\Runtime\Cache\Admin\a040ff70c7464c3e879b4a5643263946.php 第 54 行.
INFO: Run Behavior\ParseTemplateBehavior [ RunTime:0.053239s ]
INFO: [ view_parse ] --END-- [ RunTime:0.054043s ]
INFO: [ view_filter ] --START--
INFO: Run Behavior\WriteHtmlCacheBehavior [ RunTime:0.002686s ]
INFO: [ view_filter ] --END-- [ RunTime:0.003579s ]
INFO: [ app_end ] --START--
INFO: Run Behavior\ShowPageTraceBehavior [ RunTime:0.006030s ]
INFO: [ app_end ] --END-- [ RunTime:0.007139s ]

[ 2018-05-31T09:46:11+08:00 ] ::1 /jiimadeeee/index.php/Admin/Quote/addModule/id/1/quoteId/20180522154224089586.html
INFO: [ app_init ] --START--
INFO: Run Behavior\BuildLiteBehavior [ RunTime:0.000048s ]
INFO: [ app_init ] --END-- [ RunTime:0.000691s ]
INFO: [ app_begin ] --START--
INFO: Run Behavior\ReadHtmlCacheBehavior [ RunTime:0.000987s ]
INFO: [ app_begin ] --END-- [ RunTime:0.001190s ]
NOTIC: [8] A session had already been started - ignoring session_start() D:\wamp\wamp64\www\jiimadeeee\Application\Admin\Controller\BaseController.class.php 第 9 行.
SQL: SHOW COLUMNS FROM `made_furniture` [ RunTime:0.0071s ]
SQL: SELECT * FROM `made_furniture` WHERE `id` = 1 LIMIT 1   [ RunTime:0.0012s ]
INFO: [ view_parse ] --START--
INFO: [ template_filter ] --START--
INFO: Run Behavior\ContentReplaceBehavior [ RunTime:0.000257s ]
INFO: [ template_filter ] --END-- [ RunTime:0.000661s ]
NOTIC: [8] Undefined variable: gatherattr D:\wamp\wamp64\www\jiimadeeee\Application\Runtime\Cache\Admin\3ac3b7524beedf12cb27698bd1472710.php 第 151 行.
INFO: Run Behavior\ParseTemplateBehavior [ RunTime:0.058158s ]
INFO: [ view_parse ] --END-- [ RunTime:0.058934s ]
INFO: [ view_filter ] --START--
INFO: Run Behavior\WriteHtmlCacheBehavior [ RunTime:0.003967s ]
INFO: [ view_filter ] --END-- [ RunTime:0.005206s ]
INFO: [ app_end ] --START--
INFO: Run Behavior\ShowPageTraceBehavior [ RunTime:0.002610s ]
INFO: [ app_end ] --END-- [ RunTime:0.003473s ]

[ 2018-05-31T09:46:14+08:00 ] ::1 /jiimadeeee/index.php/Admin/Quote/ajaxGetModel?attr=1%2C0%2C&furId=1
INFO: [ app_init ] --START--
INFO: Run Behavior\BuildLiteBehavior [ RunTime:0.000164s ]
INFO: [ app_init ] --END-- [ RunTime:0.004523s ]
INFO: [ app_begin ] --START--
INFO: Run Behavior\ReadHtmlCacheBehavior [ RunTime:0.004127s ]
INFO: [ app_begin ] --END-- [ RunTime:0.005031s ]
NOTIC: [8] A session had already been started - ignoring session_start() D:\wamp\wamp64\www\jiimadeeee\Application\Admin\Controller\BaseController.class.php 第 9 行.
SQL: SHOW COLUMNS FROM `made_furniture_quote` [ RunTime:0.0026s ]
SQL: SHOW COLUMNS FROM `made_goods` [ RunTime:0.0029s ]
SQL: SELECT a.id,a.img_src,b.material,b.parameter,b.ext FROM made_furniture_quote a LEFT JOIN made_model b ON a.model_id = b.id  WHERE `fur_id` = '1' AND `fur_attr_id` = '1,0'  [ RunTime:0.0013s ]
SQL: SELECT `id`,`goods_name` FROM `made_goods` WHERE `cat_id` IN ('3','8') AND `is_quote` = '1'  [ RunTime:0.0014s ]
SQL: SELECT `id`,`goods_name` FROM `made_goods` WHERE `cat_id` IN ('8','1') AND `is_quote` = '1'  [ RunTime:0.0016s ]
INFO: [ app_end ] --START--
INFO: Run Behavior\ShowPageTraceBehavior [ RunTime:0.004126s ]
INFO: [ app_end ] --END-- [ RunTime:0.004991s ]

[ 2018-05-31T09:46:16+08:00 ] ::1 /jiimadeeee/index.php/Admin/Quote/ajaxGetModel?attr=1%2C1%2C&furId=1
INFO: [ app_init ] --START--
INFO: Run Behavior\BuildLiteBehavior [ RunTime:0.000190s ]
INFO: [ app_init ] --END-- [ RunTime:0.003901s ]
INFO: [ app_begin ] --START--
INFO: Run Behavior\ReadHtmlCacheBehavior [ RunTime:0.003016s ]
INFO: [ app_begin ] --END-- [ RunTime:0.003491s ]
NOTIC: [8] A session had already been started - ignoring session_start() D:\wamp\wamp64\www\jiimadeeee\Application\Admin\Controller\BaseController.class.php 第 9 行.
SQL: SHOW COLUMNS FROM `made_furniture_quote` [ RunTime:0.0023s ]
SQL: SHOW COLUMNS FROM `made_goods` [ RunTime:0.0025s ]
SQL: SELECT a.id,a.img_src,b.material,b.parameter,b.ext FROM made_furniture_quote a LEFT JOIN made_model b ON a.model_id = b.id  WHERE `fur_id` = '1' AND `fur_attr_id` = '1,1'  [ RunTime:0.0014s ]
SQL: SELECT `id`,`goods_name` FROM `made_goods` WHERE `cat_id` IN ('3','8') AND `is_quote` = '1'  [ RunTime:0.0010s ]
SQL: SELECT `id`,`goods_name` FROM `made_goods` WHERE `cat_id` IN ('8','1') AND `is_quote` = '1'  [ RunTime:0.0011s ]
INFO: [ app_end ] --START--
INFO: Run Behavior\ShowPageTraceBehavior [ RunTime:0.003871s ]
INFO: [ app_end ] --END-- [ RunTime:0.004588s ]

[ 2018-05-31T09:46:18+08:00 ] ::1 /jiimadeeee/index.php/Admin/Quote/ajaxGetModel?attr=0%2C1%2C&furId=1
INFO: [ app_init ] --START--
INFO: Run Behavior\BuildLiteBehavior [ RunTime:0.000043s ]
INFO: [ app_init ] --END-- [ RunTime:0.001710s ]
INFO: [ app_begin ] --START--
INFO: Run Behavior\ReadHtmlCacheBehavior [ RunTime:0.002349s ]
INFO: [ app_begin ] --END-- [ RunTime:0.003213s ]
NOTIC: [8] A session had already been started - ignoring session_start() D:\wamp\wamp64\www\jiimadeeee\Application\Admin\Controller\BaseController.class.php 第 9 行.
SQL: SHOW COLUMNS FROM `made_furniture_quote` [ RunTime:0.0013s ]
SQL: SHOW COLUMNS FROM `made_goods` [ RunTime:0.0025s ]
SQL: SELECT a.id,a.img_src,b.material,b.parameter,b.ext FROM made_furniture_quote a LEFT JOIN made_model b ON a.model_id = b.id  WHERE `fur_id` = '1' AND `fur_attr_id` = '0,1'  [ RunTime:0.0014s ]
SQL: SELECT `id`,`goods_name` FROM `made_goods` WHERE `cat_id` IN ('8','3') AND `is_quote` = '1'  [ RunTime:0.0010s ]
SQL: SELECT `id`,`goods_name` FROM `made_goods` WHERE `cat_id` IN ('8','1') AND `is_quote` = '1'  [ RunTime:0.0010s ]
INFO: [ app_end ] --START--
INFO: Run Behavior\ShowPageTraceBehavior [ RunTime:0.003915s ]
INFO: [ app_end ] --END-- [ RunTime:0.004584s ]

[ 2018-05-31T09:46:19+08:00 ] ::1 /jiimadeeee/index.php/Admin/Quote/ajaxGetModel?attr=0%2C0%2C&furId=1
INFO: [ app_init ] --START--
INFO: Run Behavior\BuildLiteBehavior [ RunTime:0.000162s ]
INFO: [ app_init ] --END-- [ RunTime:0.003046s ]
INFO: [ app_begin ] --START--
INFO: Run Behavior\ReadHtmlCacheBehavior [ RunTime:0.001974s ]
INFO: [ app_begin ] --END-- [ RunTime:0.002379s ]
NOTIC: [8] A session had already been started - ignoring session_start() D:\wamp\wamp64\www\jiimadeeee\Application\Admin\Controller\BaseController.class.php 第 9 行.
SQL: SHOW COLUMNS FROM `made_furniture_quote` [ RunTime:0.0051s ]
SQL: SHOW COLUMNS FROM `made_goods` [ RunTime:0.0052s ]
SQL: SELECT a.id,a.img_src,b.material,b.parameter,b.ext FROM made_furniture_quote a LEFT JOIN made_model b ON a.model_id = b.id  WHERE `fur_id` = '1' AND `fur_attr_id` = '0,0'  [ RunTime:0.0063s ]
SQL: SELECT `id`,`goods_name` FROM `made_goods` WHERE `cat_id` IN ('3','8') AND `is_quote` = '1'  [ RunTime:0.0017s ]
SQL: SELECT `id`,`goods_name` FROM `made_goods` WHERE `cat_id` IN ('8','1') AND `is_quote` = '1'  [ RunTime:0.0018s ]
INFO: [ app_end ] --START--
INFO: Run Behavior\ShowPageTraceBehavior [ RunTime:0.004667s ]
INFO: [ app_end ] --END-- [ RunTime:0.005245s ]

[ 2018-05-31T09:46:32+08:00 ] ::1 /jiimadeeee/index.php/Admin/Quote/addModule/id/1/quoteId/20180522154224089586.html
INFO: [ app_init ] --START--
INFO: Run Behavior\BuildLiteBehavior [ RunTime:0.000199s ]
INFO: [ app_init ] --END-- [ RunTime:0.003081s ]
INFO: [ app_begin ] --START--
INFO: Run Behavior\ReadHtmlCacheBehavior [ RunTime:0.002929s ]
INFO: [ app_begin ] --END-- [ RunTime:0.003721s ]
NOTIC: [8] A session had already been started - ignoring session_start() D:\wamp\wamp64\www\jiimadeeee\Application\Admin\Controller\BaseController.class.php 第 9 行.
SQL: SHOW COLUMNS FROM `made_furniture` [ RunTime:0.0026s ]
SQL: SELECT * FROM `made_furniture` WHERE `id` = 1 LIMIT 1   [ RunTime:0.0012s ]
SQL: SHOW COLUMNS FROM `made_furniture_quote` [ RunTime:0.0015s ]
SQL: SELECT `model_id` FROM `made_furniture_quote` WHERE `id` = 3 LIMIT 1   [ RunTime:0.0009s ]
SQL: SHOW COLUMNS FROM `made_model` [ RunTime:0.0031s ]
SQL: SELECT * FROM `made_model` WHERE `id` = 1 LIMIT 1   [ RunTime:0.0008s ]
NOTIC: [2] Invalid argument supplied for foreach() D:\wamp\wamp64\www\jiimadeeee\Application\Admin\Controller\QuoteController.class.php 第 167 行.
SQL: SHOW COLUMNS FROM `made_module` [ RunTime:0.0020s ]
NOTIC: [8] Undefined index: validate D:\wamp\wamp64\www\jiimadeeee\ThinkPHP\Library\Think\Model.class.php 第 1185 行.
NOTIC: [8] Undefined index: auto D:\wamp\wamp64\www\jiimadeeee\ThinkPHP\Library\Think\Model.class.php 第 1128 行.
SQL: SELECT max(sort_id) as num FROM `made_module` WHERE `quote_id` = '20180522154224089586' AND `cate_id` = '1' GROUP BY quote_id  [ RunTime:0.0012s ]
SQL: INSERT INTO `made_module` (`space`,`agio`,`model_id`,`fur_name`,`cate_id`,`quote_id`,`material`,`parameter`,`ext`,`sort_id`) VALUES ('卧室1','1','1','衣柜','1','20180522154224089586','{\"p1\":\"5\",\"p2\":\"7\"}','{\"w\":\"1\",\"d\":\"0.6\",\"h\":\"1.2\"}','[]','2') [ RunTime:0.0050s ]
SQL: SHOW COLUMNS FROM `made_quote` [ RunTime:0.0028s ]
SQL: UPDATE `made_quote` SET `update_time`='1527731192' WHERE `id` = '20180522154224089586' [ RunTime:0.0061s ]
INFO: [ view_parse ] --START--
INFO: [ template_filter ] --START--
INFO: Run Behavior\ContentReplaceBehavior [ RunTime:0.000420s ]
INFO: [ template_filter ] --END-- [ RunTime:0.001271s ]
INFO: Run Behavior\ParseTemplateBehavior [ RunTime:0.042354s ]
INFO: [ view_parse ] --END-- [ RunTime:0.043470s ]
INFO: [ view_filter ] --START--
INFO: Run Behavior\WriteHtmlCacheBehavior [ RunTime:0.003309s ]
INFO: [ view_filter ] --END-- [ RunTime:0.004566s ]
INFO: [ view_parse ] --START--
INFO: [ template_filter ] --START--
INFO: Run Behavior\ContentReplaceBehavior [ RunTime:0.000388s ]
INFO: [ template_filter ] --END-- [ RunTime:-0.030702s ]
INFO: Run Behavior\ParseTemplateBehavior [ RunTime:0.020418s ]
INFO: [ view_parse ] --END-- [ RunTime:-0.007364s ]
INFO: [ view_filter ] --START--
INFO: Run Behavior\WriteHtmlCacheBehavior [ RunTime:0.000165s ]
INFO: [ view_filter ] --END-- [ RunTime:-0.023980s ]

[ 2018-05-31T09:46:34+08:00 ] ::1 /jiimadeeee/index.php/Admin/Quote/detail/id/20180522154224089586.html
INFO: [ app_init ] --START--
INFO: Run Behavior\BuildLiteBehavior [ RunTime:0.000197s ]
INFO: [ app_init ] --END-- [ RunTime:0.003069s ]
INFO: [ app_begin ] --START--
INFO: Run Behavior\ReadHtmlCacheBehavior [ RunTime:0.004089s ]
INFO: [ app_begin ] --END-- [ RunTime:0.005055s ]
NOTIC: [8] A session had already been started - ignoring session_start() D:\wamp\wamp64\www\jiimadeeee\Application\Admin\Controller\BaseController.class.php 第 9 行.
SQL: SHOW COLUMNS FROM `made_quote` [ RunTime:0.0023s ]
SQL: SELECT * FROM `made_quote` WHERE `id` = '20180522154224089586' LIMIT 1   [ RunTime:0.0012s ]
SQL: SHOW COLUMNS FROM `made_module` [ RunTime:0.0031s ]
SQL: SELECT a.*,b.formula FROM made_module a LEFT JOIN made_model b ON a.model_id = b.id  WHERE a.quote_id = '20180522154224089586' ORDER BY a.sort_id asc  [ RunTime:0.0068s ]
SQL: SHOW COLUMNS FROM `made_goods` [ RunTime:0.0023s ]
SQL: SELECT a.goods_name,max(b.goods_price) as price FROM made_goods a LEFT JOIN made_goods_number b ON a.id=b.goods_id  WHERE a.id = '5' GROUP BY b.goods_id LIMIT 1   [ RunTime:0.0018s ]
SQL: SELECT a.goods_name,max(b.goods_price) as price FROM made_goods a LEFT JOIN made_goods_number b ON a.id=b.goods_id  WHERE a.id = '6' GROUP BY b.goods_id LIMIT 1   [ RunTime:0.0017s ]
SQL: SELECT a.goods_name,max(b.goods_price) as price FROM made_goods a LEFT JOIN made_goods_number b ON a.id=b.goods_id  WHERE a.id = '5' GROUP BY b.goods_id LIMIT 1   [ RunTime:0.0020s ]
SQL: SELECT a.goods_name,max(b.goods_price) as price FROM made_goods a LEFT JOIN made_goods_number b ON a.id=b.goods_id  WHERE a.id = '7' GROUP BY b.goods_id LIMIT 1   [ RunTime:0.0016s ]
NOTIC: [8] Undefined offset: 200 D:\wamp\wamp64\www\jiimadeeee\Application\Admin\Model\ModuleModel.class.php 第 150 行.
INFO: [ view_parse ] --START--
INFO: [ template_filter ] --START--
INFO: Run Behavior\ContentReplaceBehavior [ RunTime:0.001151s ]
INFO: [ template_filter ] --END-- [ RunTime:0.001825s ]
NOTIC: [8] Undefined variable: num D:\wamp\wamp64\www\jiimadeeee\Application\Runtime\Cache\Admin\3eb234c616c7cbdf8762b22fa6994749.php 第 129 行.
NOTIC: [2] Division by zero D:\wamp\wamp64\www\jiimadeeee\Application\Runtime\Cache\Admin\3eb234c616c7cbdf8762b22fa6994749.php 第 129 行.
NOTIC: [8] Undefined variable: num D:\wamp\wamp64\www\jiimadeeee\Application\Runtime\Cache\Admin\3eb234c616c7cbdf8762b22fa6994749.php 第 130 行.
NOTIC: [2] Division by zero D:\wamp\wamp64\www\jiimadeeee\Application\Runtime\Cache\Admin\3eb234c616c7cbdf8762b22fa6994749.php 第 130 行.
NOTIC: [8] Undefined variable: num D:\wamp\wamp64\www\jiimadeeee\Application\Runtime\Cache\Admin\3eb234c616c7cbdf8762b22fa6994749.php 第 129 行.
NOTIC: [2] Division by zero D:\wamp\wamp64\www\jiimadeeee\Application\Runtime\Cache\Admin\3eb234c616c7cbdf8762b22fa6994749.php 第 129 行.
NOTIC: [8] Undefined variable: num D:\wamp\wamp64\www\jiimadeeee\Application\Runtime\Cache\Admin\3eb234c616c7cbdf8762b22fa6994749.php 第 130 行.
NOTIC: [2] Division by zero D:\wamp\wamp64\www\jiimadeeee\Application\Runtime\Cache\Admin\3eb234c616c7cbdf8762b22fa6994749.php 第 130 行.
NOTIC: [8] Undefined variable: num D:\wamp\wamp64\www\jiimadeeee\Application\Runtime\Cache\Admin\3eb234c616c7cbdf8762b22fa6994749.php 第 129 行.
NOTIC: [2] Division by zero D:\wamp\wamp64\www\jiimadeeee\Application\Runtime\Cache\Admin\3eb234c616c7cbdf8762b22fa6994749.php 第 129 行.
NOTIC: [8] Undefined variable: num D:\wamp\wamp64\www\jiimadeeee\Application\Runtime\Cache\Admin\3eb234c616c7cbdf8762b22fa6994749.php 第 130 行.
NOTIC: [2] Division by zero D:\wamp\wamp64\www\jiimadeeee\Application\Runtime\Cache\Admin\3eb234c616c7cbdf8762b22fa6994749.php 第 130 行.
NOTIC: [8] Undefined index: module D:\wamp\wamp64\www\jiimadeeee\Application\Runtime\Cache\Admin\3eb234c616c7cbdf8762b22fa6994749.php 第 208 行.
NOTIC: [2] Invalid argument supplied for foreach() D:\wamp\wamp64\www\jiimadeeee\Application\Runtime\Cache\Admin\3eb234c616c7cbdf8762b22fa6994749.php 第 208 行.
NOTIC: [8] Undefined index: module D:\wamp\wamp64\www\jiimadeeee\Application\Runtime\Cache\Admin\3eb234c616c7cbdf8762b22fa6994749.php 第 282 行.
NOTIC: [2] Invalid argument supplied for foreach() D:\wamp\wamp64\www\jiimadeeee\Application\Runtime\Cache\Admin\3eb234c616c7cbdf8762b22fa6994749.php 第 282 行.
INFO: Run Behavior\ParseTemplateBehavior [ RunTime:0.092682s ]
INFO: [ view_parse ] --END-- [ RunTime:0.093408s ]
INFO: [ view_filter ] --START--
INFO: Run Behavior\WriteHtmlCacheBehavior [ RunTime:0.001313s ]
INFO: [ view_filter ] --END-- [ RunTime:0.001988s ]
INFO: [ app_end ] --START--
INFO: Run Behavior\ShowPageTraceBehavior [ RunTime:0.005674s ]
INFO: [ app_end ] --END-- [ RunTime:0.006568s ]

[ 2018-05-31T09:46:34+08:00 ] ::1 /jiimadeeee/index.php/Admin/Quote/detail/id/20180522154224089586.html
INFO: [ app_init ] --START--
INFO: Run Behavior\BuildLiteBehavior [ RunTime:0.000237s ]
INFO: [ app_init ] --END-- [ RunTime:0.004328s ]
INFO: [ app_begin ] --START--
INFO: Run Behavior\ReadHtmlCacheBehavior [ RunTime:0.005263s ]
INFO: [ app_begin ] --END-- [ RunTime:0.006814s ]
NOTIC: [8] A session had already been started - ignoring session_start() D:\wamp\wamp64\www\jiimadeeee\Application\Admin\Controller\BaseController.class.php 第 9 行.
SQL: SHOW COLUMNS FROM `made_quote` [ RunTime:0.0030s ]
SQL: SELECT * FROM `made_quote` WHERE `id` = '20180522154224089586' LIMIT 1   [ RunTime:0.0011s ]
SQL: SHOW COLUMNS FROM `made_module` [ RunTime:0.0022s ]
SQL: SELECT a.*,b.formula FROM made_module a LEFT JOIN made_model b ON a.model_id = b.id  WHERE a.quote_id = '20180522154224089586' ORDER BY a.sort_id asc  [ RunTime:0.0016s ]
SQL: SHOW COLUMNS FROM `made_goods` [ RunTime:0.0026s ]
SQL: SELECT a.goods_name,max(b.goods_price) as price FROM made_goods a LEFT JOIN made_goods_number b ON a.id=b.goods_id  WHERE a.id = '5' GROUP BY b.goods_id LIMIT 1   [ RunTime:0.0015s ]
SQL: SELECT a.goods_name,max(b.goods_price) as price FROM made_goods a LEFT JOIN made_goods_number b ON a.id=b.goods_id  WHERE a.id = '6' GROUP BY b.goods_id LIMIT 1   [ RunTime:0.0019s ]
SQL: SELECT a.goods_name,max(b.goods_price) as price FROM made_goods a LEFT JOIN made_goods_number b ON a.id=b.goods_id  WHERE a.id = '5' GROUP BY b.goods_id LIMIT 1   [ RunTime:0.0020s ]
SQL: SELECT a.goods_name,max(b.goods_price) as price FROM made_goods a LEFT JOIN made_goods_number b ON a.id=b.goods_id  WHERE a.id = '7' GROUP BY b.goods_id LIMIT 1   [ RunTime:0.0015s ]
NOTIC: [8] Undefined offset: 200 D:\wamp\wamp64\www\jiimadeeee\Application\Admin\Model\ModuleModel.class.php 第 150 行.
INFO: [ view_parse ] --START--
INFO: [ template_filter ] --START--
INFO: Run Behavior\ContentReplaceBehavior [ RunTime:0.001619s ]
INFO: [ template_filter ] --END-- [ RunTime:0.002449s ]
NOTIC: [8] Undefined variable: num D:\wamp\wamp64\www\jiimadeeee\Application\Runtime\Cache\Admin\3eb234c616c7cbdf8762b22fa6994749.php 第 129 行.
NOTIC: [2] Division by zero D:\wamp\wamp64\www\jiimadeeee\Application\Runtime\Cache\Admin\3eb234c616c7cbdf8762b22fa6994749.php 第 129 行.
NOTIC: [8] Undefined variable: num D:\wamp\wamp64\www\jiimadeeee\Application\Runtime\Cache\Admin\3eb234c616c7cbdf8762b22fa6994749.php 第 130 行.
NOTIC: [2] Division by zero D:\wamp\wamp64\www\jiimadeeee\Application\Runtime\Cache\Admin\3eb234c616c7cbdf8762b22fa6994749.php 第 130 行.
NOTIC: [8] Undefined variable: num D:\wamp\wamp64\www\jiimadeeee\Application\Runtime\Cache\Admin\3eb234c616c7cbdf8762b22fa6994749.php 第 129 行.
NOTIC: [2] Division by zero D:\wamp\wamp64\www\jiimadeeee\Application\Runtime\Cache\Admin\3eb234c616c7cbdf8762b22fa6994749.php 第 129 行.
NOTIC: [8] Undefined variable: num D:\wamp\wamp64\www\jiimadeeee\Application\Runtime\Cache\Admin\3eb234c616c7cbdf8762b22fa6994749.php 第 130 行.
NOTIC: [2] Division by zero D:\wamp\wamp64\www\jiimadeeee\Application\Runtime\Cache\Admin\3eb234c616c7cbdf8762b22fa6994749.php 第 130 行.
NOTIC: [8] Undefined variable: num D:\wamp\wamp64\www\jiimadeeee\Application\Runtime\Cache\Admin\3eb234c616c7cbdf8762b22fa6994749.php 第 129 行.
NOTIC: [2] Division by zero D:\wamp\wamp64\www\jiimadeeee\Application\Runtime\Cache\Admin\3eb234c616c7cbdf8762b22fa6994749.php 第 129 行.
NOTIC: [8] Undefined variable: num D:\wamp\wamp64\www\jiimadeeee\Application\Runtime\Cache\Admin\3eb234c616c7cbdf8762b22fa6994749.php 第 130 行.
NOTIC: [2] Division by zero D:\wamp\wamp64\www\jiimadeeee\Application\Runtime\Cache\Admin\3eb234c616c7cbdf8762b22fa6994749.php 第 130 行.
NOTIC: [8] Undefined index: module D:\wamp\wamp64\www\jiimadeeee\Application\Runtime\Cache\Admin\3eb234c616c7cbdf8762b22fa6994749.php 第 208 行.
NOTIC: [2] Invalid argument supplied for foreach() D:\wamp\wamp64\www\jiimadeeee\Application\Runtime\Cache\Admin\3eb234c616c7cbdf8762b22fa6994749.php 第 208 行.
NOTIC: [8] Undefined index: module D:\wamp\wamp64\www\jiimadeeee\Application\Runtime\Cache\Admin\3eb234c616c7cbdf8762b22fa6994749.php 第 282 行.
NOTIC: [2] Invalid argument supplied for foreach() D:\wamp\wamp64\www\jiimadeeee\Application\Runtime\Cache\Admin\3eb234c616c7cbdf8762b22fa6994749.php 第 282 行.
INFO: Run Behavior\ParseTemplateBehavior [ RunTime:0.112909s ]
INFO: [ view_parse ] --END-- [ RunTime:0.113975s ]
INFO: [ view_filter ] --START--
INFO: Run Behavior\WriteHtmlCacheBehavior [ RunTime:0.002807s ]
INFO: [ view_filter ] --END-- [ RunTime:0.003220s ]
INFO: [ app_end ] --START--
INFO: Run Behavior\ShowPageTraceBehavior [ RunTime:0.002508s ]
INFO: [ app_end ] --END-- [ RunTime:0.002917s ]

[ 2018-05-31T13:28:37+08:00 ] ::1 /jiimadeeee/index.php/admin/index/index
INFO: [ app_init ] --START--
INFO: Run Behavior\BuildLiteBehavior [ RunTime:0.000025s ]
INFO: [ app_init ] --END-- [ RunTime:0.000513s ]
INFO: [ app_begin ] --START--
INFO: Run Behavior\ReadHtmlCacheBehavior [ RunTime:0.000741s ]
INFO: [ app_begin ] --END-- [ RunTime:0.000870s ]
NOTIC: [8] A session had already been started - ignoring session_start() D:\wamp\wamp64\www\jiimadeeee\Application\Admin\Controller\BaseController.class.php 第 9 行.
INFO: [ view_parse ] --START--
INFO: [ template_filter ] --START--
INFO: Run Behavior\ContentReplaceBehavior [ RunTime:0.000066s ]
INFO: [ template_filter ] --END-- [ RunTime:0.000185s ]
INFO: Run Behavior\ParseTemplateBehavior [ RunTime:0.009558s ]
INFO: [ view_parse ] --END-- [ RunTime:0.009708s ]
INFO: [ view_filter ] --START--
INFO: Run Behavior\WriteHtmlCacheBehavior [ RunTime:0.000912s ]
INFO: [ view_filter ] --END-- [ RunTime:0.001039s ]

[ 2018-05-31T13:28:40+08:00 ] ::1 /jiimadeeee/index.php/Admin/Login/login.html
INFO: [ app_init ] --START--
INFO: Run Behavior\BuildLiteBehavior [ RunTime:0.000048s ]
INFO: [ app_init ] --END-- [ RunTime:0.000990s ]
INFO: [ app_begin ] --START--
INFO: Run Behavior\ReadHtmlCacheBehavior [ RunTime:0.001331s ]
INFO: [ app_begin ] --END-- [ RunTime:0.001575s ]
INFO: [ view_parse ] --START--
INFO: [ template_filter ] --START--
INFO: Run Behavior\ContentReplaceBehavior [ RunTime:0.000074s ]
INFO: [ template_filter ] --END-- [ RunTime:0.000195s ]
INFO: Run Behavior\ParseTemplateBehavior [ RunTime:0.010482s ]
INFO: [ view_parse ] --END-- [ RunTime:0.010675s ]
INFO: [ view_filter ] --START--
INFO: Run Behavior\WriteHtmlCacheBehavior [ RunTime:0.000545s ]
INFO: [ view_filter ] --END-- [ RunTime:0.000669s ]
INFO: [ app_end ] --START--
INFO: Run Behavior\ShowPageTraceBehavior [ RunTime:0.000695s ]
INFO: [ app_end ] --END-- [ RunTime:0.000802s ]

[ 2018-05-31T13:28:40+08:00 ] ::1 /jiimadeeee/index.php/Admin/Login/chkcode.html
INFO: [ app_init ] --START--
INFO: Run Behavior\BuildLiteBehavior [ RunTime:0.000023s ]
INFO: [ app_init ] --END-- [ RunTime:0.000476s ]
INFO: [ app_begin ] --START--
INFO: Run Behavior\ReadHtmlCacheBehavior [ RunTime:0.000673s ]
INFO: [ app_begin ] --END-- [ RunTime:0.000784s ]
NOTIC: [8] A session had already been started - ignoring session_start() D:\wamp\wamp64\www\jiimadeeee\Application\Admin\Controller\LoginController.class.php 第 29 行.
INFO: [ app_end ] --START--
INFO: Run Behavior\ShowPageTraceBehavior [ RunTime:0.000775s ]
INFO: [ app_end ] --END-- [ RunTime:0.000905s ]

[ 2018-05-31T13:28:49+08:00 ] ::1 /jiimadeeee/index.php/Admin/Login/login.html
INFO: [ app_init ] --START--
INFO: Run Behavior\BuildLiteBehavior [ RunTime:0.000028s ]
INFO: [ app_init ] --END-- [ RunTime:0.000549s ]
INFO: [ app_begin ] --START--
INFO: Run Behavior\ReadHtmlCacheBehavior [ RunTime:0.000555s ]
INFO: [ app_begin ] --END-- [ RunTime:0.000675s ]
SQL: SHOW COLUMNS FROM `made_admin` [ RunTime:0.0013s ]
NOTIC: [8] A session had already been started - ignoring session_start() D:\wamp\wamp64\www\jiimadeeee\Application\Admin\Model\AdminModel.class.php 第 36 行.
NOTIC: [8] Undefined index: auto D:\wamp\wamp64\www\jiimadeeee\ThinkPHP\Library\Think\Model.class.php 第 1128 行.
SQL: SELECT * FROM `made_admin` WHERE `username` = 'root' LIMIT 1   [ RunTime:0.0004s ]
NOTIC: [8] A session had already been started - ignoring session_start() D:\wamp\wamp64\www\jiimadeeee\Application\Admin\Model\AdminModel.class.php 第 54 行.
INFO: [ view_parse ] --START--
INFO: [ template_filter ] --START--
INFO: Run Behavior\ContentReplaceBehavior [ RunTime:0.000066s ]
INFO: [ template_filter ] --END-- [ RunTime:0.000180s ]
INFO: Run Behavior\ParseTemplateBehavior [ RunTime:0.007210s ]
INFO: [ view_parse ] --END-- [ RunTime:0.007385s ]
INFO: [ view_filter ] --START--
INFO: Run Behavior\WriteHtmlCacheBehavior [ RunTime:0.000460s ]
INFO: [ view_filter ] --END-- [ RunTime:0.000606s ]
INFO: [ view_parse ] --START--
INFO: [ template_filter ] --START--
INFO: Run Behavior\ContentReplaceBehavior [ RunTime:0.000053s ]
INFO: [ template_filter ] --END-- [ RunTime:-0.004324s ]
INFO: Run Behavior\ParseTemplateBehavior [ RunTime:0.002888s ]
INFO: [ view_parse ] --END-- [ RunTime:-0.001097s ]
INFO: [ view_filter ] --START--
INFO: Run Behavior\WriteHtmlCacheBehavior [ RunTime:0.000031s ]
INFO: [ view_filter ] --END-- [ RunTime:-0.003507s ]

[ 2018-05-31T13:28:50+08:00 ] ::1 /jiimadeeee/index.php/Admin/index/index.html
INFO: [ app_init ] --START--
INFO: Run Behavior\BuildLiteBehavior [ RunTime:0.000048s ]
INFO: [ app_init ] --END-- [ RunTime:0.001145s ]
INFO: [ app_begin ] --START--
INFO: Run Behavior\ReadHtmlCacheBehavior [ RunTime:0.000936s ]
INFO: [ app_begin ] --END-- [ RunTime:0.001176s ]
NOTIC: [8] A session had already been started - ignoring session_start() D:\wamp\wamp64\www\jiimadeeee\Application\Admin\Controller\BaseController.class.php 第 9 行.
INFO: [ view_parse ] --START--
INFO: [ template_filter ] --START--
INFO: Run Behavior\ContentReplaceBehavior [ RunTime:0.000133s ]
INFO: [ template_filter ] --END-- [ RunTime:0.000476s ]
INFO: Run Behavior\ParseTemplateBehavior [ RunTime:0.013150s ]
INFO: [ view_parse ] --END-- [ RunTime:0.013393s ]
INFO: [ view_filter ] --START--
INFO: Run Behavior\WriteHtmlCacheBehavior [ RunTime:0.000801s ]
INFO: [ view_filter ] --END-- [ RunTime:0.001032s ]
INFO: [ app_end ] --START--
INFO: Run Behavior\ShowPageTraceBehavior [ RunTime:0.001461s ]
INFO: [ app_end ] --END-- [ RunTime:0.001719s ]

[ 2018-05-31T13:28:50+08:00 ] ::1 /jiimadeeee/index.php/Admin/index/top.html
INFO: [ app_init ] --START--
INFO: Run Behavior\BuildLiteBehavior [ RunTime:0.000056s ]
INFO: [ app_init ] --END-- [ RunTime:0.001109s ]
INFO: [ app_begin ] --START--
INFO: Run Behavior\ReadHtmlCacheBehavior [ RunTime:0.001124s ]
INFO: [ app_begin ] --END-- [ RunTime:0.001419s ]
NOTIC: [8] A session had already been started - ignoring session_start() D:\wamp\wamp64\www\jiimadeeee\Application\Admin\Controller\BaseController.class.php 第 9 行.
INFO: [ view_parse ] --START--
INFO: [ template_filter ] --START--
INFO: Run Behavior\ContentReplaceBehavior [ RunTime:0.000083s ]
INFO: [ template_filter ] --END-- [ RunTime:0.000232s ]
INFO: Run Behavior\ParseTemplateBehavior [ RunTime:0.010451s ]
INFO: [ view_parse ] --END-- [ RunTime:0.010657s ]
INFO: [ view_filter ] --START--
INFO: Run Behavior\WriteHtmlCacheBehavior [ RunTime:0.000420s ]
INFO: [ view_filter ] --END-- [ RunTime:0.000526s ]
INFO: [ app_end ] --START--
INFO: Run Behavior\ShowPageTraceBehavior [ RunTime:0.000565s ]
INFO: [ app_end ] --END-- [ RunTime:0.000672s ]

[ 2018-05-31T13:28:50+08:00 ] ::1 /jiimadeeee/index.php/Admin/index/menu.html
INFO: [ app_init ] --START--
INFO: Run Behavior\BuildLiteBehavior [ RunTime:0.000026s ]
INFO: [ app_init ] --END-- [ RunTime:0.000569s ]
INFO: [ app_begin ] --START--
INFO: Run Behavior\ReadHtmlCacheBehavior [ RunTime:0.000723s ]
INFO: [ app_begin ] --END-- [ RunTime:0.000867s ]
NOTIC: [8] A session had already been started - ignoring session_start() D:\wamp\wamp64\www\jiimadeeee\Application\Admin\Controller\BaseController.class.php 第 9 行.
INFO: [ view_parse ] --START--
INFO: [ template_filter ] --START--
INFO: Run Behavior\ContentReplaceBehavior [ RunTime:0.000135s ]
INFO: [ template_filter ] --END-- [ RunTime:0.000272s ]
INFO: Run Behavior\ParseTemplateBehavior [ RunTime:0.019391s ]
INFO: [ view_parse ] --END-- [ RunTime:0.019567s ]
INFO: [ view_filter ] --START--
INFO: Run Behavior\WriteHtmlCacheBehavior [ RunTime:0.000593s ]
INFO: [ view_filter ] --END-- [ RunTime:0.000741s ]
INFO: [ app_end ] --START--
INFO: Run Behavior\ShowPageTraceBehavior [ RunTime:0.000700s ]
INFO: [ app_end ] --END-- [ RunTime:0.000815s ]

[ 2018-05-31T13:28:50+08:00 ] ::1 /jiimadeeee/index.php/Admin/index/main.html
INFO: [ app_init ] --START--
INFO: Run Behavior\BuildLiteBehavior [ RunTime:0.000030s ]
INFO: [ app_init ] --END-- [ RunTime:0.000669s ]
INFO: [ app_begin ] --START--
INFO: Run Behavior\ReadHtmlCacheBehavior [ RunTime:0.000823s ]
INFO: [ app_begin ] --END-- [ RunTime:0.000976s ]
NOTIC: [8] A session had already been started - ignoring session_start() D:\wamp\wamp64\www\jiimadeeee\Application\Admin\Controller\BaseController.class.php 第 9 行.
INFO: [ view_parse ] --START--
INFO: [ template_filter ] --START--
INFO: Run Behavior\ContentReplaceBehavior [ RunTime:0.000107s ]
INFO: [ template_filter ] --END-- [ RunTime:0.000264s ]
INFO: Run Behavior\ParseTemplateBehavior [ RunTime:0.009486s ]
INFO: [ view_parse ] --END-- [ RunTime:0.009676s ]
INFO: [ view_filter ] --START--
INFO: Run Behavior\WriteHtmlCacheBehavior [ RunTime:0.000608s ]
INFO: [ view_filter ] --END-- [ RunTime:0.000758s ]
INFO: [ app_end ] --START--
INFO: Run Behavior\ShowPageTraceBehavior [ RunTime:0.000771s ]
INFO: [ app_end ] --END-- [ RunTime:0.000894s ]

[ 2018-05-31T13:28:53+08:00 ] ::1 /jiimadeeee/index.php/Admin/Quote/lst.html
INFO: [ app_init ] --START--
INFO: Run Behavior\BuildLiteBehavior [ RunTime:0.000022s ]
INFO: [ app_init ] --END-- [ RunTime:0.000459s ]
INFO: [ app_begin ] --START--
INFO: Run Behavior\ReadHtmlCacheBehavior [ RunTime:0.000659s ]
INFO: [ app_begin ] --END-- [ RunTime:0.000781s ]
NOTIC: [8] A session had already been started - ignoring session_start() D:\wamp\wamp64\www\jiimadeeee\Application\Admin\Controller\BaseController.class.php 第 9 行.
SQL: SHOW COLUMNS FROM `made_quote` [ RunTime:0.0024s ]
NOTIC: [2] Missing argument 1 for Admin\Model\QuoteModel::search(), called in D:\wamp\wamp64\www\jiimadeeee\Application\Admin\Controller\QuoteController.class.php on line 13 and defined D:\wamp\wamp64\www\jiimadeeee\Application\Admin\Model\QuoteModel.class.php 第 22 行.
SQL: SELECT COUNT(*) AS tp_count FROM `made_quote` LIMIT 1   [ RunTime:0.0003s ]
NOTIC: [8] Undefined variable: perpage D:\wamp\wamp64\www\jiimadeeee\Application\Admin\Model\QuoteModel.class.php 第 39 行.
NOTIC: [2] Division by zero D:\wamp\wamp64\www\jiimadeeee\ThinkPHP\Library\Think\Page.class.php 第 84 行.
SQL: SELECT a.* FROM made_quote a  [ RunTime:0.0003s ]
INFO: [ view_parse ] --START--
INFO: [ template_filter ] --START--
INFO: Run Behavior\ContentReplaceBehavior [ RunTime:0.000089s ]
INFO: [ template_filter ] --END-- [ RunTime:0.000227s ]
INFO: Run Behavior\ParseTemplateBehavior [ RunTime:0.008764s ]
INFO: [ view_parse ] --END-- [ RunTime:0.008897s ]
INFO: [ view_filter ] --START--
INFO: Run Behavior\WriteHtmlCacheBehavior [ RunTime:0.000649s ]
INFO: [ view_filter ] --END-- [ RunTime:0.000773s ]
INFO: [ app_end ] --START--
INFO: Run Behavior\ShowPageTraceBehavior [ RunTime:0.000774s ]
INFO: [ app_end ] --END-- [ RunTime:0.000881s ]

[ 2018-05-31T13:28:55+08:00 ] ::1 /jiimadeeee/index.php/Admin/Quote/detail/id/20180522154224089586.html
INFO: [ app_init ] --START--
INFO: Run Behavior\BuildLiteBehavior [ RunTime:0.000031s ]
INFO: [ app_init ] --END-- [ RunTime:0.000480s ]
INFO: [ app_begin ] --START--
INFO: Run Behavior\ReadHtmlCacheBehavior [ RunTime:0.000682s ]
INFO: [ app_begin ] --END-- [ RunTime:0.000804s ]
NOTIC: [8] A session had already been started - ignoring session_start() D:\wamp\wamp64\www\jiimadeeee\Application\Admin\Controller\BaseController.class.php 第 9 行.
SQL: SHOW COLUMNS FROM `made_quote` [ RunTime:0.0012s ]
SQL: SELECT * FROM `made_quote` WHERE `id` = '20180522154224089586' LIMIT 1   [ RunTime:0.0002s ]
SQL: SHOW COLUMNS FROM `made_module` [ RunTime:0.0013s ]
SQL: SELECT a.*,b.formula FROM made_module a LEFT JOIN made_model b ON a.model_id = b.id  WHERE a.quote_id = '20180522154224089586' ORDER BY a.sort_id asc  [ RunTime:0.0013s ]
INFO: [ view_parse ] --START--
INFO: [ template_filter ] --START--
INFO: Run Behavior\ContentReplaceBehavior [ RunTime:0.000142s ]
INFO: [ template_filter ] --END-- [ RunTime:0.000271s ]
NOTIC: [8] Undefined index: module D:\wamp\wamp64\www\jiimadeeee\Application\Runtime\Cache\Admin\3eb234c616c7cbdf8762b22fa6994749.php 第 134 行.
NOTIC: [2] Invalid argument supplied for foreach() D:\wamp\wamp64\www\jiimadeeee\Application\Runtime\Cache\Admin\3eb234c616c7cbdf8762b22fa6994749.php 第 134 行.
NOTIC: [8] Undefined index: module D:\wamp\wamp64\www\jiimadeeee\Application\Runtime\Cache\Admin\3eb234c616c7cbdf8762b22fa6994749.php 第 208 行.
NOTIC: [2] Invalid argument supplied for foreach() D:\wamp\wamp64\www\jiimadeeee\Application\Runtime\Cache\Admin\3eb234c616c7cbdf8762b22fa6994749.php 第 208 行.
NOTIC: [8] Undefined index: module D:\wamp\wamp64\www\jiimadeeee\Application\Runtime\Cache\Admin\3eb234c616c7cbdf8762b22fa6994749.php 第 282 行.
NOTIC: [2] Invalid argument supplied for foreach() D:\wamp\wamp64\www\jiimadeeee\Application\Runtime\Cache\Admin\3eb234c616c7cbdf8762b22fa6994749.php 第 282 行.
INFO: Run Behavior\ParseTemplateBehavior [ RunTime:0.019880s ]
INFO: [ view_parse ] --END-- [ RunTime:0.020008s ]
INFO: [ view_filter ] --START--
INFO: Run Behavior\WriteHtmlCacheBehavior [ RunTime:0.000538s ]
INFO: [ view_filter ] --END-- [ RunTime:0.000674s ]
INFO: [ app_end ] --START--
INFO: Run Behavior\ShowPageTraceBehavior [ RunTime:0.000695s ]
INFO: [ app_end ] --END-- [ RunTime:0.000809s ]

[ 2018-05-31T13:28:58+08:00 ] ::1 /jiimadeeee/index.php/Admin/Quote/lst.html
INFO: [ app_init ] --START--
INFO: Run Behavior\BuildLiteBehavior [ RunTime:0.000024s ]
INFO: [ app_init ] --END-- [ RunTime:0.000489s ]
INFO: [ app_begin ] --START--
INFO: Run Behavior\ReadHtmlCacheBehavior [ RunTime:0.000734s ]
INFO: [ app_begin ] --END-- [ RunTime:0.000858s ]
NOTIC: [8] A session had already been started - ignoring session_start() D:\wamp\wamp64\www\jiimadeeee\Application\Admin\Controller\BaseController.class.php 第 9 行.
SQL: SHOW COLUMNS FROM `made_quote` [ RunTime:0.0013s ]
NOTIC: [2] Missing argument 1 for Admin\Model\QuoteModel::search(), called in D:\wamp\wamp64\www\jiimadeeee\Application\Admin\Controller\QuoteController.class.php on line 13 and defined D:\wamp\wamp64\www\jiimadeeee\Application\Admin\Model\QuoteModel.class.php 第 22 行.
SQL: SELECT COUNT(*) AS tp_count FROM `made_quote` LIMIT 1   [ RunTime:0.0002s ]
NOTIC: [8] Undefined variable: perpage D:\wamp\wamp64\www\jiimadeeee\Application\Admin\Model\QuoteModel.class.php 第 39 行.
NOTIC: [2] Division by zero D:\wamp\wamp64\www\jiimadeeee\ThinkPHP\Library\Think\Page.class.php 第 84 行.
SQL: SELECT a.* FROM made_quote a  [ RunTime:0.0002s ]
INFO: [ view_parse ] --START--
INFO: [ template_filter ] --START--
INFO: Run Behavior\ContentReplaceBehavior [ RunTime:0.000080s ]
INFO: [ template_filter ] --END-- [ RunTime:0.000206s ]
INFO: Run Behavior\ParseTemplateBehavior [ RunTime:0.008263s ]
INFO: [ view_parse ] --END-- [ RunTime:0.008377s ]
INFO: [ view_filter ] --START--
INFO: Run Behavior\WriteHtmlCacheBehavior [ RunTime:0.000497s ]
INFO: [ view_filter ] --END-- [ RunTime:0.000604s ]
INFO: [ app_end ] --START--
INFO: Run Behavior\ShowPageTraceBehavior [ RunTime:0.000677s ]
INFO: [ app_end ] --END-- [ RunTime:0.000782s ]

[ 2018-05-31T13:28:59+08:00 ] ::1 /jiimadeeee/index.php/Admin/Quote/detail/id/20180530170511205737.html
INFO: [ app_init ] --START--
INFO: Run Behavior\BuildLiteBehavior [ RunTime:0.000025s ]
INFO: [ app_init ] --END-- [ RunTime:0.000470s ]
INFO: [ app_begin ] --START--
INFO: Run Behavior\ReadHtmlCacheBehavior [ RunTime:0.000678s ]
INFO: [ app_begin ] --END-- [ RunTime:0.000799s ]
NOTIC: [8] A session had already been started - ignoring session_start() D:\wamp\wamp64\www\jiimadeeee\Application\Admin\Controller\BaseController.class.php 第 9 行.
SQL: SHOW COLUMNS FROM `made_quote` [ RunTime:0.0013s ]
SQL: SELECT * FROM `made_quote` WHERE `id` = '20180530170511205737' LIMIT 1   [ RunTime:0.0003s ]
SQL: SHOW COLUMNS FROM `made_module` [ RunTime:0.0024s ]
SQL: SELECT a.*,b.formula FROM made_module a LEFT JOIN made_model b ON a.model_id = b.id  WHERE a.quote_id = '20180530170511205737' ORDER BY a.sort_id asc  [ RunTime:0.0004s ]
INFO: [ view_parse ] --START--
INFO: [ template_filter ] --START--
INFO: Run Behavior\ContentReplaceBehavior [ RunTime:0.000130s ]
INFO: [ template_filter ] --END-- [ RunTime:0.000236s ]
NOTIC: [8] Undefined index: module D:\wamp\wamp64\www\jiimadeeee\Application\Runtime\Cache\Admin\3eb234c616c7cbdf8762b22fa6994749.php 第 134 行.
NOTIC: [2] Invalid argument supplied for foreach() D:\wamp\wamp64\www\jiimadeeee\Application\Runtime\Cache\Admin\3eb234c616c7cbdf8762b22fa6994749.php 第 134 行.
NOTIC: [8] Undefined index: module D:\wamp\wamp64\www\jiimadeeee\Application\Runtime\Cache\Admin\3eb234c616c7cbdf8762b22fa6994749.php 第 208 行.
NOTIC: [2] Invalid argument supplied for foreach() D:\wamp\wamp64\www\jiimadeeee\Application\Runtime\Cache\Admin\3eb234c616c7cbdf8762b22fa6994749.php 第 208 行.
NOTIC: [8] Undefined index: module D:\wamp\wamp64\www\jiimadeeee\Application\Runtime\Cache\Admin\3eb234c616c7cbdf8762b22fa6994749.php 第 282 行.
NOTIC: [2] Invalid argument supplied for foreach() D:\wamp\wamp64\www\jiimadeeee\Application\Runtime\Cache\Admin\3eb234c616c7cbdf8762b22fa6994749.php 第 282 行.
INFO: Run Behavior\ParseTemplateBehavior [ RunTime:0.016088s ]
INFO: [ view_parse ] --END-- [ RunTime:0.016220s ]
INFO: [ view_filter ] --START--
INFO: Run Behavior\WriteHtmlCacheBehavior [ RunTime:0.000546s ]
INFO: [ view_filter ] --END-- [ RunTime:0.000671s ]
INFO: [ app_end ] --START--
INFO: Run Behavior\ShowPageTraceBehavior [ RunTime:0.000682s ]
INFO: [ app_end ] --END-- [ RunTime:0.000793s ]

[ 2018-05-31T13:29:43+08:00 ] ::1 /jiimadeeee/index.php/Admin/Quote/lst.html
INFO: [ app_init ] --START--
INFO: Run Behavior\BuildLiteBehavior [ RunTime:0.000022s ]
INFO: [ app_init ] --END-- [ RunTime:0.000456s ]
INFO: [ app_begin ] --START--
INFO: Run Behavior\ReadHtmlCacheBehavior [ RunTime:0.000564s ]
INFO: [ app_begin ] --END-- [ RunTime:0.000680s ]
NOTIC: [8] A session had already been started - ignoring session_start() D:\wamp\wamp64\www\jiimadeeee\Application\Admin\Controller\BaseController.class.php 第 9 行.
SQL: SHOW COLUMNS FROM `made_quote` [ RunTime:0.0005s ]
NOTIC: [2] Missing argument 1 for Admin\Model\QuoteModel::search(), called in D:\wamp\wamp64\www\jiimadeeee\Application\Admin\Controller\QuoteController.class.php on line 13 and defined D:\wamp\wamp64\www\jiimadeeee\Application\Admin\Model\QuoteModel.class.php 第 22 行.
SQL: SELECT COUNT(*) AS tp_count FROM `made_quote` LIMIT 1   [ RunTime:0.0001s ]
NOTIC: [8] Undefined variable: perpage D:\wamp\wamp64\www\jiimadeeee\Application\Admin\Model\QuoteModel.class.php 第 39 行.
NOTIC: [2] Division by zero D:\wamp\wamp64\www\jiimadeeee\ThinkPHP\Library\Think\Page.class.php 第 84 行.
SQL: SELECT a.* FROM made_quote a  [ RunTime:0.0002s ]
INFO: [ view_parse ] --START--
INFO: [ template_filter ] --START--
INFO: Run Behavior\ContentReplaceBehavior [ RunTime:0.000083s ]
INFO: [ template_filter ] --END-- [ RunTime:0.000221s ]
INFO: Run Behavior\ParseTemplateBehavior [ RunTime:0.008280s ]
INFO: [ view_parse ] --END-- [ RunTime:0.008428s ]
INFO: [ view_filter ] --START--
INFO: Run Behavior\WriteHtmlCacheBehavior [ RunTime:0.000436s ]
INFO: [ view_filter ] --END-- [ RunTime:0.000562s ]
INFO: [ app_end ] --START--
INFO: Run Behavior\ShowPageTraceBehavior [ RunTime:0.000582s ]
INFO: [ app_end ] --END-- [ RunTime:0.000684s ]

[ 2018-05-31T13:29:44+08:00 ] ::1 /jiimadeeee/index.php/Admin/Quote/detail/id/20180530170511205737.html
INFO: [ app_init ] --START--
INFO: Run Behavior\BuildLiteBehavior [ RunTime:0.000024s ]
INFO: [ app_init ] --END-- [ RunTime:0.000466s ]
INFO: [ app_begin ] --START--
INFO: Run Behavior\ReadHtmlCacheBehavior [ RunTime:0.000577s ]
INFO: [ app_begin ] --END-- [ RunTime:0.000702s ]
NOTIC: [8] A session had already been started - ignoring session_start() D:\wamp\wamp64\www\jiimadeeee\Application\Admin\Controller\BaseController.class.php 第 9 行.
SQL: SHOW COLUMNS FROM `made_quote` [ RunTime:0.0005s ]
SQL: SELECT * FROM `made_quote` WHERE `id` = '20180530170511205737' LIMIT 1   [ RunTime:0.0002s ]
SQL: SHOW COLUMNS FROM `made_module` [ RunTime:0.0013s ]
SQL: SELECT a.*,b.formula FROM made_module a LEFT JOIN made_model b ON a.model_id = b.id  WHERE a.quote_id = '20180530170511205737' ORDER BY a.sort_id asc  [ RunTime:0.0011s ]
SQL: SHOW COLUMNS FROM `made_goods` [ RunTime:0.0007s ]
SQL: SELECT a.goods_name,max(b.goods_price) as price FROM made_goods a LEFT JOIN made_goods_number b ON a.id=b.goods_id  WHERE a.id = '5' GROUP BY b.goods_id LIMIT 1   [ RunTime:0.0004s ]
SQL: SELECT a.goods_name,max(b.goods_price) as price FROM made_goods a LEFT JOIN made_goods_number b ON a.id=b.goods_id  WHERE a.id = '7' GROUP BY b.goods_id LIMIT 1   [ RunTime:0.0002s ]
INFO: [ view_parse ] --START--
INFO: [ template_filter ] --START--
INFO: Run Behavior\ContentReplaceBehavior [ RunTime:0.000134s ]
INFO: [ template_filter ] --END-- [ RunTime:0.000244s ]
NOTIC: [8] Undefined variable: num D:\wamp\wamp64\www\jiimadeeee\Application\Runtime\Cache\Admin\3eb234c616c7cbdf8762b22fa6994749.php 第 129 行.
NOTIC: [2] Division by zero D:\wamp\wamp64\www\jiimadeeee\Application\Runtime\Cache\Admin\3eb234c616c7cbdf8762b22fa6994749.php 第 129 行.
NOTIC: [8] Undefined variable: num D:\wamp\wamp64\www\jiimadeeee\Application\Runtime\Cache\Admin\3eb234c616c7cbdf8762b22fa6994749.php 第 130 行.
NOTIC: [2] Division by zero D:\wamp\wamp64\www\jiimadeeee\Application\Runtime\Cache\Admin\3eb234c616c7cbdf8762b22fa6994749.php 第 130 行.
NOTIC: [8] Undefined variable: num D:\wamp\wamp64\www\jiimadeeee\Application\Runtime\Cache\Admin\3eb234c616c7cbdf8762b22fa6994749.php 第 129 行.
NOTIC: [2] Division by zero D:\wamp\wamp64\www\jiimadeeee\Application\Runtime\Cache\Admin\3eb234c616c7cbdf8762b22fa6994749.php 第 129 行.
NOTIC: [8] Undefined variable: num D:\wamp\wamp64\www\jiimadeeee\Application\Runtime\Cache\Admin\3eb234c616c7cbdf8762b22fa6994749.php 第 130 行.
NOTIC: [2] Division by zero D:\wamp\wamp64\www\jiimadeeee\Application\Runtime\Cache\Admin\3eb234c616c7cbdf8762b22fa6994749.php 第 130 行.
NOTIC: [8] Undefined index: module D:\wamp\wamp64\www\jiimadeeee\Application\Runtime\Cache\Admin\3eb234c616c7cbdf8762b22fa6994749.php 第 208 行.
NOTIC: [2] Invalid argument supplied for foreach() D:\wamp\wamp64\www\jiimadeeee\Application\Runtime\Cache\Admin\3eb234c616c7cbdf8762b22fa6994749.php 第 208 行.
NOTIC: [8] Undefined index: module D:\wamp\wamp64\www\jiimadeeee\Application\Runtime\Cache\Admin\3eb234c616c7cbdf8762b22fa6994749.php 第 282 行.
NOTIC: [2] Invalid argument supplied for foreach() D:\wamp\wamp64\www\jiimadeeee\Application\Runtime\Cache\Admin\3eb234c616c7cbdf8762b22fa6994749.php 第 282 行.
INFO: Run Behavior\ParseTemplateBehavior [ RunTime:0.015972s ]
INFO: [ view_parse ] --END-- [ RunTime:0.016101s ]
INFO: [ view_filter ] --START--
INFO: Run Behavior\WriteHtmlCacheBehavior [ RunTime:0.000481s ]
INFO: [ view_filter ] --END-- [ RunTime:0.000611s ]
INFO: [ app_end ] --START--
INFO: Run Behavior\ShowPageTraceBehavior [ RunTime:0.000591s ]
INFO: [ app_end ] --END-- [ RunTime:0.000698s ]

