[ 2018-05-23T14:44:36+08:00 ] ::1 /jiimadeeee/index.php/admin/index/index
INFO: [ app_init ] --START--
INFO: Run Behavior\BuildLiteBehavior [ RunTime:0.000136s ]
INFO: [ app_init ] --END-- [ RunTime:0.003836s ]
INFO: [ app_begin ] --START--
INFO: Run Behavior\ReadHtmlCacheBehavior [ RunTime:0.004795s ]
INFO: [ app_begin ] --END-- [ RunTime:0.005756s ]
NOTIC: [8] A session had already been started - ignoring session_start() D:\wamp\wamp64\www\jiimadeeee\Application\Admin\Controller\BaseController.class.php 第 9 行.
INFO: [ view_parse ] --START--
INFO: [ template_filter ] --START--
INFO: Run Behavior\ContentReplaceBehavior [ RunTime:0.002169s ]
INFO: [ template_filter ] --END-- [ RunTime:0.003180s ]
INFO: Run Behavior\ParseTemplateBehavior [ RunTime:0.045551s ]
INFO: [ view_parse ] --END-- [ RunTime:0.046319s ]
INFO: [ view_filter ] --START--
INFO: Run Behavior\WriteHtmlCacheBehavior [ RunTime:0.002727s ]
INFO: [ view_filter ] --END-- [ RunTime:0.003413s ]

[ 2018-05-23T14:44:39+08:00 ] ::1 /jiimadeeee/index.php/Admin/Login/login.html
INFO: [ app_init ] --START--
INFO: Run Behavior\BuildLiteBehavior [ RunTime:0.000049s ]
INFO: [ app_init ] --END-- [ RunTime:0.001499s ]
INFO: [ app_begin ] --START--
INFO: Run Behavior\ReadHtmlCacheBehavior [ RunTime:0.004816s ]
INFO: [ app_begin ] --END-- [ RunTime:0.005889s ]
INFO: [ view_parse ] --START--
INFO: [ template_filter ] --START--
INFO: Run Behavior\ContentReplaceBehavior [ RunTime:0.000520s ]
INFO: [ template_filter ] --END-- [ RunTime:0.001344s ]
INFO: Run Behavior\ParseTemplateBehavior [ RunTime:0.037195s ]
INFO: [ view_parse ] --END-- [ RunTime:0.037846s ]
INFO: [ view_filter ] --START--
INFO: Run Behavior\WriteHtmlCacheBehavior [ RunTime:0.002655s ]
INFO: [ view_filter ] --END-- [ RunTime:0.003459s ]
INFO: [ app_end ] --START--
INFO: Run Behavior\ShowPageTraceBehavior [ RunTime:0.004767s ]
INFO: [ app_end ] --END-- [ RunTime:0.005334s ]

[ 2018-05-23T14:44:39+08:00 ] ::1 /jiimadeeee/index.php/Admin/Login/chkcode.html
INFO: [ app_init ] --START--
INFO: Run Behavior\BuildLiteBehavior [ RunTime:0.000182s ]
INFO: [ app_init ] --END-- [ RunTime:0.003156s ]
INFO: [ app_begin ] --START--
INFO: Run Behavior\ReadHtmlCacheBehavior [ RunTime:0.003494s ]
INFO: [ app_begin ] --END-- [ RunTime:0.004675s ]
NOTIC: [8] A session had already been started - ignoring session_start() D:\wamp\wamp64\www\jiimadeeee\Application\Admin\Controller\LoginController.class.php 第 29 行.
INFO: [ app_end ] --START--
INFO: Run Behavior\ShowPageTraceBehavior [ RunTime:0.004421s ]
INFO: [ app_end ] --END-- [ RunTime:0.005285s ]

[ 2018-05-23T14:44:50+08:00 ] ::1 /jiimadeeee/index.php/Admin/Login/chkcode.html
INFO: [ app_init ] --START--
INFO: Run Behavior\BuildLiteBehavior [ RunTime:0.000130s ]
INFO: [ app_init ] --END-- [ RunTime:0.001773s ]
INFO: [ app_begin ] --START--
INFO: Run Behavior\ReadHtmlCacheBehavior [ RunTime:0.003589s ]
INFO: [ app_begin ] --END-- [ RunTime:0.004678s ]
NOTIC: [8] A session had already been started - ignoring session_start() D:\wamp\wamp64\www\jiimadeeee\Application\Admin\Controller\LoginController.class.php 第 29 行.
INFO: [ app_end ] --START--
INFO: Run Behavior\ShowPageTraceBehavior [ RunTime:0.005363s ]
INFO: [ app_end ] --END-- [ RunTime:0.006527s ]

[ 2018-05-23T14:44:58+08:00 ] ::1 /jiimadeeee/index.php/Admin/Login/login.html
INFO: [ app_init ] --START--
INFO: Run Behavior\BuildLiteBehavior [ RunTime:0.000181s ]
INFO: [ app_init ] --END-- [ RunTime:0.003232s ]
INFO: [ app_begin ] --START--
INFO: Run Behavior\ReadHtmlCacheBehavior [ RunTime:0.004892s ]
INFO: [ app_begin ] --END-- [ RunTime:0.006419s ]
SQL: SHOW COLUMNS FROM `made_admin` [ RunTime:0.0281s ]
NOTIC: [8] A session had already been started - ignoring session_start() D:\wamp\wamp64\www\jiimadeeee\Application\Admin\Model\AdminModel.class.php 第 36 行.
NOTIC: [8] Undefined index: auto D:\wamp\wamp64\www\jiimadeeee\ThinkPHP\Library\Think\Model.class.php 第 1128 行.
SQL: SELECT * FROM `made_admin` WHERE `username` = 'root' LIMIT 1   [ RunTime:0.0040s ]
NOTIC: [8] A session had already been started - ignoring session_start() D:\wamp\wamp64\www\jiimadeeee\Application\Admin\Model\AdminModel.class.php 第 54 行.
INFO: [ view_parse ] --START--
INFO: [ template_filter ] --START--
INFO: Run Behavior\ContentReplaceBehavior [ RunTime:0.000355s ]
INFO: [ template_filter ] --END-- [ RunTime:0.000991s ]
INFO: Run Behavior\ParseTemplateBehavior [ RunTime:0.078843s ]
INFO: [ view_parse ] --END-- [ RunTime:0.079386s ]
INFO: [ view_filter ] --START--
INFO: Run Behavior\WriteHtmlCacheBehavior [ RunTime:0.001895s ]
INFO: [ view_filter ] --END-- [ RunTime:0.002443s ]
INFO: [ view_parse ] --START--
INFO: [ template_filter ] --START--
INFO: Run Behavior\ContentReplaceBehavior [ RunTime:0.000888s ]
INFO: [ template_filter ] --END-- [ RunTime:-0.022302s ]
INFO: Run Behavior\ParseTemplateBehavior [ RunTime:0.019193s ]
INFO: [ view_parse ] --END-- [ RunTime:-0.004457s ]
INFO: [ view_filter ] --START--
INFO: Run Behavior\WriteHtmlCacheBehavior [ RunTime:0.000202s ]
INFO: [ view_filter ] --END-- [ RunTime:-0.022477s ]

[ 2018-05-23T14:44:59+08:00 ] ::1 /jiimadeeee/index.php/Admin/index/index.html
INFO: [ app_init ] --START--
INFO: Run Behavior\BuildLiteBehavior [ RunTime:0.000153s ]
INFO: [ app_init ] --END-- [ RunTime:0.003498s ]
INFO: [ app_begin ] --START--
INFO: Run Behavior\ReadHtmlCacheBehavior [ RunTime:0.003168s ]
INFO: [ app_begin ] --END-- [ RunTime:0.003896s ]
NOTIC: [8] A session had already been started - ignoring session_start() D:\wamp\wamp64\www\jiimadeeee\Application\Admin\Controller\BaseController.class.php 第 9 行.
INFO: [ view_parse ] --START--
INFO: [ template_filter ] --START--
INFO: Run Behavior\ContentReplaceBehavior [ RunTime:0.000403s ]
INFO: [ template_filter ] --END-- [ RunTime:0.001192s ]
INFO: Run Behavior\ParseTemplateBehavior [ RunTime:0.033413s ]
INFO: [ view_parse ] --END-- [ RunTime:0.034323s ]
INFO: [ view_filter ] --START--
INFO: Run Behavior\WriteHtmlCacheBehavior [ RunTime:0.003027s ]
INFO: [ view_filter ] --END-- [ RunTime:0.003871s ]
INFO: [ app_end ] --START--
INFO: Run Behavior\ShowPageTraceBehavior [ RunTime:0.004248s ]
INFO: [ app_end ] --END-- [ RunTime:0.005255s ]

[ 2018-05-23T14:44:59+08:00 ] ::1 /jiimadeeee/index.php/Admin/index/menu.html
INFO: [ app_init ] --START--
INFO: Run Behavior\BuildLiteBehavior [ RunTime:0.000107s ]
INFO: [ app_init ] --END-- [ RunTime:0.001832s ]
INFO: [ app_begin ] --START--
INFO: Run Behavior\ReadHtmlCacheBehavior [ RunTime:0.003920s ]
INFO: [ app_begin ] --END-- [ RunTime:0.004700s ]
NOTIC: [8] A session had already been started - ignoring session_start() D:\wamp\wamp64\www\jiimadeeee\Application\Admin\Controller\BaseController.class.php 第 9 行.
INFO: [ view_parse ] --START--
INFO: [ template_filter ] --START--
INFO: Run Behavior\ContentReplaceBehavior [ RunTime:0.001604s ]
INFO: [ template_filter ] --END-- [ RunTime:0.002615s ]
INFO: Run Behavior\ParseTemplateBehavior [ RunTime:0.065628s ]
INFO: [ view_parse ] --END-- [ RunTime:0.066762s ]
INFO: [ view_filter ] --START--
INFO: Run Behavior\WriteHtmlCacheBehavior [ RunTime:0.001283s ]
INFO: [ view_filter ] --END-- [ RunTime:0.001811s ]
INFO: [ app_end ] --START--
INFO: Run Behavior\ShowPageTraceBehavior [ RunTime:0.004649s ]
INFO: [ app_end ] --END-- [ RunTime:0.005519s ]

[ 2018-05-23T14:44:59+08:00 ] ::1 /jiimadeeee/index.php/Admin/index/top.html
INFO: [ app_init ] --START--
INFO: Run Behavior\BuildLiteBehavior [ RunTime:0.000227s ]
INFO: [ app_init ] --END-- [ RunTime:0.004961s ]
INFO: [ app_begin ] --START--
INFO: Run Behavior\ReadHtmlCacheBehavior [ RunTime:0.005025s ]
INFO: [ app_begin ] --END-- [ RunTime:0.006524s ]
NOTIC: [8] A session had already been started - ignoring session_start() D:\wamp\wamp64\www\jiimadeeee\Application\Admin\Controller\BaseController.class.php 第 9 行.
INFO: [ view_parse ] --START--
INFO: [ template_filter ] --START--
INFO: Run Behavior\ContentReplaceBehavior [ RunTime:0.000093s ]
INFO: [ template_filter ] --END-- [ RunTime:0.000260s ]
INFO: Run Behavior\ParseTemplateBehavior [ RunTime:0.040015s ]
INFO: [ view_parse ] --END-- [ RunTime:0.040958s ]
INFO: [ view_filter ] --START--
INFO: Run Behavior\WriteHtmlCacheBehavior [ RunTime:0.002316s ]
INFO: [ view_filter ] --END-- [ RunTime:0.003092s ]
INFO: [ app_end ] --START--
INFO: Run Behavior\ShowPageTraceBehavior [ RunTime:0.004985s ]
INFO: [ app_end ] --END-- [ RunTime:0.006018s ]

[ 2018-05-23T14:44:59+08:00 ] ::1 /jiimadeeee/index.php/Admin/index/main.html
INFO: [ app_init ] --START--
INFO: Run Behavior\BuildLiteBehavior [ RunTime:0.000238s ]
INFO: [ app_init ] --END-- [ RunTime:0.003882s ]
INFO: [ app_begin ] --START--
INFO: Run Behavior\ReadHtmlCacheBehavior [ RunTime:0.004308s ]
INFO: [ app_begin ] --END-- [ RunTime:0.005921s ]
NOTIC: [8] A session had already been started - ignoring session_start() D:\wamp\wamp64\www\jiimadeeee\Application\Admin\Controller\BaseController.class.php 第 9 行.
INFO: [ view_parse ] --START--
INFO: [ template_filter ] --START--
INFO: Run Behavior\ContentReplaceBehavior [ RunTime:0.000971s ]
INFO: [ template_filter ] --END-- [ RunTime:0.001773s ]
INFO: Run Behavior\ParseTemplateBehavior [ RunTime:0.036299s ]
INFO: [ view_parse ] --END-- [ RunTime:0.036869s ]
INFO: [ view_filter ] --START--
INFO: Run Behavior\WriteHtmlCacheBehavior [ RunTime:0.002688s ]
INFO: [ view_filter ] --END-- [ RunTime:0.003564s ]
INFO: [ app_end ] --START--
INFO: Run Behavior\ShowPageTraceBehavior [ RunTime:0.002144s ]
INFO: [ app_end ] --END-- [ RunTime:0.002557s ]

[ 2018-05-23T14:45:01+08:00 ] ::1 /jiimadeeee/index.php/Admin/Furniture/lst.html
INFO: [ app_init ] --START--
INFO: Run Behavior\BuildLiteBehavior [ RunTime:0.000163s ]
INFO: [ app_init ] --END-- [ RunTime:0.002661s ]
INFO: [ app_begin ] --START--
INFO: Run Behavior\ReadHtmlCacheBehavior [ RunTime:0.002528s ]
INFO: [ app_begin ] --END-- [ RunTime:0.003428s ]
NOTIC: [8] A session had already been started - ignoring session_start() D:\wamp\wamp64\www\jiimadeeee\Application\Admin\Controller\BaseController.class.php 第 9 行.
SQL: SHOW COLUMNS FROM `made_furniture` [ RunTime:0.0095s ]
SQL: SELECT `id`,`fur_name` FROM `made_furniture` WHERE `cate_id` = '1' ORDER BY sort_id asc  [ RunTime:0.0014s ]
SQL: SELECT `id`,`fur_name` FROM `made_furniture` WHERE `cate_id` = '2' ORDER BY sort_id asc  [ RunTime:0.0010s ]
SQL: SELECT `id`,`fur_name` FROM `made_furniture` WHERE `cate_id` = '3' ORDER BY sort_id asc  [ RunTime:0.0008s ]
INFO: [ view_parse ] --START--
INFO: [ template_filter ] --START--
INFO: Run Behavior\ContentReplaceBehavior [ RunTime:0.000445s ]
INFO: [ template_filter ] --END-- [ RunTime:0.001117s ]
NOTIC: [8] Undefined variable: data D:\wamp\wamp64\www\jiimadeeee\Application\Runtime\Cache\Admin\bc3aa5ba5d153fdbef92213ec841b114.php 第 48 行.
NOTIC: [2] Invalid argument supplied for foreach() D:\wamp\wamp64\www\jiimadeeee\Application\Runtime\Cache\Admin\bc3aa5ba5d153fdbef92213ec841b114.php 第 48 行.
INFO: Run Behavior\ParseTemplateBehavior [ RunTime:0.039751s ]
INFO: [ view_parse ] --END-- [ RunTime:0.040653s ]
INFO: [ view_filter ] --START--
INFO: Run Behavior\WriteHtmlCacheBehavior [ RunTime:0.002538s ]
INFO: [ view_filter ] --END-- [ RunTime:0.003339s ]
INFO: [ app_end ] --START--
INFO: Run Behavior\ShowPageTraceBehavior [ RunTime:0.003218s ]
INFO: [ app_end ] --END-- [ RunTime:0.003971s ]

[ 2018-05-23T14:45:03+08:00 ] ::1 /jiimadeeee/index.php/Admin/Furniture/furniture_quote/id/1.html
INFO: [ app_init ] --START--
INFO: Run Behavior\BuildLiteBehavior [ RunTime:0.000172s ]
INFO: [ app_init ] --END-- [ RunTime:0.002696s ]
INFO: [ app_begin ] --START--
INFO: Run Behavior\ReadHtmlCacheBehavior [ RunTime:0.002686s ]
INFO: [ app_begin ] --END-- [ RunTime:0.003602s ]
NOTIC: [8] A session had already been started - ignoring session_start() D:\wamp\wamp64\www\jiimadeeee\Application\Admin\Controller\BaseController.class.php 第 9 行.
SQL: SHOW COLUMNS FROM `made_furniture` [ RunTime:0.0059s ]
SQL: SHOW COLUMNS FROM `made_model` [ RunTime:0.0105s ]
SQL: SHOW COLUMNS FROM `made_furniture_quote` [ RunTime:0.0068s ]
SQL: SELECT `id`,`model_name` FROM `made_model`  [ RunTime:0.0007s ]
SQL: SELECT `attribute` FROM `made_furniture` WHERE `id` = 1 LIMIT 1   [ RunTime:0.0008s ]
SQL: SELECT * FROM `made_furniture_quote` WHERE `fur_id` = '1'  [ RunTime:0.0016s ]
INFO: [ view_parse ] --START--
INFO: [ template_filter ] --START--
INFO: Run Behavior\ContentReplaceBehavior [ RunTime:0.000899s ]
INFO: [ template_filter ] --END-- [ RunTime:0.001709s ]
INFO: Run Behavior\ParseTemplateBehavior [ RunTime:0.048810s ]
INFO: [ view_parse ] --END-- [ RunTime:0.049693s ]
INFO: [ view_filter ] --START--
INFO: Run Behavior\WriteHtmlCacheBehavior [ RunTime:0.002280s ]
INFO: [ view_filter ] --END-- [ RunTime:0.003130s ]
INFO: [ app_end ] --START--
INFO: Run Behavior\ShowPageTraceBehavior [ RunTime:0.004192s ]
INFO: [ app_end ] --END-- [ RunTime:0.005252s ]

[ 2018-05-23T14:45:05+08:00 ] ::1 /jiimadeeee/index.php/Admin/Furniture/lst.html
INFO: [ app_init ] --START--
INFO: Run Behavior\BuildLiteBehavior [ RunTime:0.000142s ]
INFO: [ app_init ] --END-- [ RunTime:0.002705s ]
INFO: [ app_begin ] --START--
INFO: Run Behavior\ReadHtmlCacheBehavior [ RunTime:0.002425s ]
INFO: [ app_begin ] --END-- [ RunTime:0.003170s ]
NOTIC: [8] A session had already been started - ignoring session_start() D:\wamp\wamp64\www\jiimadeeee\Application\Admin\Controller\BaseController.class.php 第 9 行.
SQL: SHOW COLUMNS FROM `made_furniture` [ RunTime:0.0075s ]
SQL: SELECT `id`,`fur_name` FROM `made_furniture` WHERE `cate_id` = '1' ORDER BY sort_id asc  [ RunTime:0.0012s ]
SQL: SELECT `id`,`fur_name` FROM `made_furniture` WHERE `cate_id` = '2' ORDER BY sort_id asc  [ RunTime:0.0011s ]
SQL: SELECT `id`,`fur_name` FROM `made_furniture` WHERE `cate_id` = '3' ORDER BY sort_id asc  [ RunTime:0.0014s ]
INFO: [ view_parse ] --START--
INFO: [ template_filter ] --START--
INFO: Run Behavior\ContentReplaceBehavior [ RunTime:0.000675s ]
INFO: [ template_filter ] --END-- [ RunTime:0.001558s ]
NOTIC: [8] Undefined variable: data D:\wamp\wamp64\www\jiimadeeee\Application\Runtime\Cache\Admin\bc3aa5ba5d153fdbef92213ec841b114.php 第 48 行.
NOTIC: [2] Invalid argument supplied for foreach() D:\wamp\wamp64\www\jiimadeeee\Application\Runtime\Cache\Admin\bc3aa5ba5d153fdbef92213ec841b114.php 第 48 行.
INFO: Run Behavior\ParseTemplateBehavior [ RunTime:0.031871s ]
INFO: [ view_parse ] --END-- [ RunTime:0.032766s ]
INFO: [ view_filter ] --START--
INFO: Run Behavior\WriteHtmlCacheBehavior [ RunTime:0.002672s ]
INFO: [ view_filter ] --END-- [ RunTime:0.003639s ]
INFO: [ app_end ] --START--
INFO: Run Behavior\ShowPageTraceBehavior [ RunTime:0.003604s ]
INFO: [ app_end ] --END-- [ RunTime:0.004466s ]

[ 2018-05-23T14:45:06+08:00 ] ::1 /jiimadeeee/index.php/Admin/Furniture/edit/id/1.html
INFO: [ app_init ] --START--
INFO: Run Behavior\BuildLiteBehavior [ RunTime:0.000177s ]
INFO: [ app_init ] --END-- [ RunTime:0.002908s ]
INFO: [ app_begin ] --START--
INFO: Run Behavior\ReadHtmlCacheBehavior [ RunTime:0.002297s ]
INFO: [ app_begin ] --END-- [ RunTime:0.003031s ]
NOTIC: [8] A session had already been started - ignoring session_start() D:\wamp\wamp64\www\jiimadeeee\Application\Admin\Controller\BaseController.class.php 第 9 行.
SQL: SHOW COLUMNS FROM `made_furniture` [ RunTime:0.0057s ]
SQL: SELECT * FROM `made_furniture` WHERE `id` = 1 LIMIT 1   [ RunTime:0.0012s ]
INFO: [ view_parse ] --START--
INFO: [ template_filter ] --START--
INFO: Run Behavior\ContentReplaceBehavior [ RunTime:0.000878s ]
INFO: [ template_filter ] --END-- [ RunTime:0.001551s ]
INFO: Run Behavior\ParseTemplateBehavior [ RunTime:0.039799s ]
INFO: [ view_parse ] --END-- [ RunTime:0.040672s ]
INFO: [ view_filter ] --START--
INFO: Run Behavior\WriteHtmlCacheBehavior [ RunTime:0.002008s ]
INFO: [ view_filter ] --END-- [ RunTime:0.002813s ]
INFO: [ app_end ] --START--
INFO: Run Behavior\ShowPageTraceBehavior [ RunTime:0.003239s ]
INFO: [ app_end ] --END-- [ RunTime:0.004053s ]

[ 2018-05-23T16:16:09+08:00 ] 127.0.0.1 /jiimadeeee/index.php/Admin/Model/lst.html
INFO: [ app_init ] --START--
INFO: Run Behavior\BuildLiteBehavior [ RunTime:0.000214s ]
INFO: [ app_init ] --END-- [ RunTime:0.003351s ]
INFO: [ app_begin ] --START--
INFO: Run Behavior\ReadHtmlCacheBehavior [ RunTime:0.003751s ]
INFO: [ app_begin ] --END-- [ RunTime:0.004504s ]
NOTIC: [8] A session had already been started - ignoring session_start() D:\wamp\wamp64\www\jiimadeeee\Application\Admin\Controller\BaseController.class.php 第 9 行.
SQL: SHOW COLUMNS FROM `made_model` [ RunTime:0.0058s ]
SQL: SELECT `id`,`model_name` FROM `made_model`  [ RunTime:0.0007s ]
INFO: [ view_parse ] --START--
INFO: [ template_filter ] --START--
INFO: Run Behavior\ContentReplaceBehavior [ RunTime:0.000378s ]
INFO: [ template_filter ] --END-- [ RunTime:0.000952s ]
INFO: Run Behavior\ParseTemplateBehavior [ RunTime:0.035312s ]
INFO: [ view_parse ] --END-- [ RunTime:0.036141s ]
INFO: [ view_filter ] --START--
INFO: Run Behavior\WriteHtmlCacheBehavior [ RunTime:0.002412s ]
INFO: [ view_filter ] --END-- [ RunTime:0.003359s ]
INFO: [ app_end ] --START--
INFO: Run Behavior\ShowPageTraceBehavior [ RunTime:0.003747s ]
INFO: [ app_end ] --END-- [ RunTime:0.004524s ]

[ 2018-05-23T16:16:19+08:00 ] 127.0.0.1 /jiimadeeee/index.php/Admin/Furniture/lst.html
INFO: [ app_init ] --START--
INFO: Run Behavior\BuildLiteBehavior [ RunTime:0.000173s ]
INFO: [ app_init ] --END-- [ RunTime:0.002698s ]
INFO: [ app_begin ] --START--
INFO: Run Behavior\ReadHtmlCacheBehavior [ RunTime:0.003148s ]
INFO: [ app_begin ] --END-- [ RunTime:0.004326s ]
NOTIC: [8] A session had already been started - ignoring session_start() D:\wamp\wamp64\www\jiimadeeee\Application\Admin\Controller\BaseController.class.php 第 9 行.
SQL: SHOW COLUMNS FROM `made_furniture` [ RunTime:0.0057s ]
SQL: SELECT `id`,`fur_name` FROM `made_furniture` WHERE `cate_id` = '1' ORDER BY sort_id asc  [ RunTime:0.0010s ]
SQL: SELECT `id`,`fur_name` FROM `made_furniture` WHERE `cate_id` = '2' ORDER BY sort_id asc  [ RunTime:0.0008s ]
SQL: SELECT `id`,`fur_name` FROM `made_furniture` WHERE `cate_id` = '3' ORDER BY sort_id asc  [ RunTime:0.0007s ]
INFO: [ view_parse ] --START--
INFO: [ template_filter ] --START--
INFO: Run Behavior\ContentReplaceBehavior [ RunTime:0.000451s ]
INFO: [ template_filter ] --END-- [ RunTime:0.001113s ]
NOTIC: [8] Undefined variable: data D:\wamp\wamp64\www\jiimadeeee\Application\Runtime\Cache\Admin\bc3aa5ba5d153fdbef92213ec841b114.php 第 48 行.
NOTIC: [2] Invalid argument supplied for foreach() D:\wamp\wamp64\www\jiimadeeee\Application\Runtime\Cache\Admin\bc3aa5ba5d153fdbef92213ec841b114.php 第 48 行.
INFO: Run Behavior\ParseTemplateBehavior [ RunTime:0.041586s ]
INFO: [ view_parse ] --END-- [ RunTime:0.042537s ]
INFO: [ view_filter ] --START--
INFO: Run Behavior\WriteHtmlCacheBehavior [ RunTime:0.001000s ]
INFO: [ view_filter ] --END-- [ RunTime:0.001465s ]
INFO: [ app_end ] --START--
INFO: Run Behavior\ShowPageTraceBehavior [ RunTime:0.002801s ]
INFO: [ app_end ] --END-- [ RunTime:0.003550s ]

[ 2018-05-23T16:16:20+08:00 ] 127.0.0.1 /jiimadeeee/index.php/Admin/Furniture/edit/id/1.html
INFO: [ app_init ] --START--
INFO: Run Behavior\BuildLiteBehavior [ RunTime:0.000168s ]
INFO: [ app_init ] --END-- [ RunTime:0.002759s ]
INFO: [ app_begin ] --START--
INFO: Run Behavior\ReadHtmlCacheBehavior [ RunTime:0.001668s ]
INFO: [ app_begin ] --END-- [ RunTime:0.002098s ]
NOTIC: [8] A session had already been started - ignoring session_start() D:\wamp\wamp64\www\jiimadeeee\Application\Admin\Controller\BaseController.class.php 第 9 行.
SQL: SHOW COLUMNS FROM `made_furniture` [ RunTime:0.0062s ]
SQL: SELECT * FROM `made_furniture` WHERE `id` = 1 LIMIT 1   [ RunTime:0.0009s ]
INFO: [ view_parse ] --START--
INFO: [ template_filter ] --START--
INFO: Run Behavior\ContentReplaceBehavior [ RunTime:0.000701s ]
INFO: [ template_filter ] --END-- [ RunTime:0.001386s ]
INFO: Run Behavior\ParseTemplateBehavior [ RunTime:0.039918s ]
INFO: [ view_parse ] --END-- [ RunTime:0.040810s ]
INFO: [ view_filter ] --START--
INFO: Run Behavior\WriteHtmlCacheBehavior [ RunTime:0.002020s ]
INFO: [ view_filter ] --END-- [ RunTime:0.002817s ]
INFO: [ app_end ] --START--
INFO: Run Behavior\ShowPageTraceBehavior [ RunTime:0.003839s ]
INFO: [ app_end ] --END-- [ RunTime:0.004714s ]

[ 2018-05-23T16:16:31+08:00 ] 127.0.0.1 /jiimadeeee/index.php/Admin/Furniture/lst.html
INFO: [ app_init ] --START--
INFO: Run Behavior\BuildLiteBehavior [ RunTime:0.000369s ]
INFO: [ app_init ] --END-- [ RunTime:0.003264s ]
INFO: [ app_begin ] --START--
INFO: Run Behavior\ReadHtmlCacheBehavior [ RunTime:0.004038s ]
INFO: [ app_begin ] --END-- [ RunTime:0.005112s ]
NOTIC: [8] A session had already been started - ignoring session_start() D:\wamp\wamp64\www\jiimadeeee\Application\Admin\Controller\BaseController.class.php 第 9 行.
SQL: SHOW COLUMNS FROM `made_furniture` [ RunTime:0.0022s ]
SQL: SELECT `id`,`fur_name` FROM `made_furniture` WHERE `cate_id` = '1' ORDER BY sort_id asc  [ RunTime:0.0010s ]
SQL: SELECT `id`,`fur_name` FROM `made_furniture` WHERE `cate_id` = '2' ORDER BY sort_id asc  [ RunTime:0.0009s ]
SQL: SELECT `id`,`fur_name` FROM `made_furniture` WHERE `cate_id` = '3' ORDER BY sort_id asc  [ RunTime:0.0012s ]
INFO: [ view_parse ] --START--
INFO: [ template_filter ] --START--
INFO: Run Behavior\ContentReplaceBehavior [ RunTime:0.000479s ]
INFO: [ template_filter ] --END-- [ RunTime:0.001161s ]
NOTIC: [8] Undefined variable: data D:\wamp\wamp64\www\jiimadeeee\Application\Runtime\Cache\Admin\bc3aa5ba5d153fdbef92213ec841b114.php 第 48 行.
NOTIC: [2] Invalid argument supplied for foreach() D:\wamp\wamp64\www\jiimadeeee\Application\Runtime\Cache\Admin\bc3aa5ba5d153fdbef92213ec841b114.php 第 48 行.
INFO: Run Behavior\ParseTemplateBehavior [ RunTime:0.043476s ]
INFO: [ view_parse ] --END-- [ RunTime:0.044488s ]
INFO: [ view_filter ] --START--
INFO: Run Behavior\WriteHtmlCacheBehavior [ RunTime:0.002886s ]
INFO: [ view_filter ] --END-- [ RunTime:0.003789s ]
INFO: [ app_end ] --START--
INFO: Run Behavior\ShowPageTraceBehavior [ RunTime:0.003620s ]
INFO: [ app_end ] --END-- [ RunTime:0.004435s ]

[ 2018-05-23T16:16:32+08:00 ] 127.0.0.1 /jiimadeeee/index.php/Admin/Furniture/furniture_quote/id/1.html
INFO: [ app_init ] --START--
INFO: Run Behavior\BuildLiteBehavior [ RunTime:0.000175s ]
INFO: [ app_init ] --END-- [ RunTime:0.002845s ]
INFO: [ app_begin ] --START--
INFO: Run Behavior\ReadHtmlCacheBehavior [ RunTime:0.002576s ]
INFO: [ app_begin ] --END-- [ RunTime:0.003400s ]
NOTIC: [8] A session had already been started - ignoring session_start() D:\wamp\wamp64\www\jiimadeeee\Application\Admin\Controller\BaseController.class.php 第 9 行.
SQL: SHOW COLUMNS FROM `made_furniture` [ RunTime:0.0059s ]
SQL: SHOW COLUMNS FROM `made_model` [ RunTime:0.0055s ]
SQL: SHOW COLUMNS FROM `made_furniture_quote` [ RunTime:0.0059s ]
SQL: SELECT `id`,`model_name` FROM `made_model`  [ RunTime:0.0008s ]
SQL: SELECT `attribute` FROM `made_furniture` WHERE `id` = 1 LIMIT 1   [ RunTime:0.0007s ]
SQL: SELECT * FROM `made_furniture_quote` WHERE `fur_id` = '1'  [ RunTime:0.0010s ]
INFO: [ view_parse ] --START--
INFO: [ template_filter ] --START--
INFO: Run Behavior\ContentReplaceBehavior [ RunTime:0.000621s ]
INFO: [ template_filter ] --END-- [ RunTime:0.001040s ]
INFO: Run Behavior\ParseTemplateBehavior [ RunTime:0.045356s ]
INFO: [ view_parse ] --END-- [ RunTime:0.046393s ]
INFO: [ view_filter ] --START--
INFO: Run Behavior\WriteHtmlCacheBehavior [ RunTime:0.002149s ]
INFO: [ view_filter ] --END-- [ RunTime:0.003088s ]
INFO: [ app_end ] --START--
INFO: Run Behavior\ShowPageTraceBehavior [ RunTime:0.002998s ]
INFO: [ app_end ] --END-- [ RunTime:0.003464s ]

[ 2018-05-23T16:16:48+08:00 ] 127.0.0.1 /jiimadeeee/index.php/Admin/Model/lst.html
INFO: [ app_init ] --START--
INFO: Run Behavior\BuildLiteBehavior [ RunTime:0.000217s ]
INFO: [ app_init ] --END-- [ RunTime:0.003359s ]
INFO: [ app_begin ] --START--
INFO: Run Behavior\ReadHtmlCacheBehavior [ RunTime:0.002745s ]
INFO: [ app_begin ] --END-- [ RunTime:0.003497s ]
NOTIC: [8] A session had already been started - ignoring session_start() D:\wamp\wamp64\www\jiimadeeee\Application\Admin\Controller\BaseController.class.php 第 9 行.
SQL: SHOW COLUMNS FROM `made_model` [ RunTime:0.0052s ]
SQL: SELECT `id`,`model_name` FROM `made_model`  [ RunTime:0.0010s ]
INFO: [ view_parse ] --START--
INFO: [ template_filter ] --START--
INFO: Run Behavior\ContentReplaceBehavior [ RunTime:0.000431s ]
INFO: [ template_filter ] --END-- [ RunTime:0.001086s ]
INFO: Run Behavior\ParseTemplateBehavior [ RunTime:0.034418s ]
INFO: [ view_parse ] --END-- [ RunTime:0.035282s ]
INFO: [ view_filter ] --START--
INFO: Run Behavior\WriteHtmlCacheBehavior [ RunTime:0.002006s ]
INFO: [ view_filter ] --END-- [ RunTime:0.002793s ]
INFO: [ app_end ] --START--
INFO: Run Behavior\ShowPageTraceBehavior [ RunTime:0.003167s ]
INFO: [ app_end ] --END-- [ RunTime:0.003918s ]

[ 2018-05-23T16:16:51+08:00 ] 127.0.0.1 /jiimadeeee/index.php/Admin/Model/edit/id/1.html
INFO: [ app_init ] --START--
INFO: Run Behavior\BuildLiteBehavior [ RunTime:0.000150s ]
INFO: [ app_init ] --END-- [ RunTime:0.002490s ]
INFO: [ app_begin ] --START--
INFO: Run Behavior\ReadHtmlCacheBehavior [ RunTime:0.002454s ]
INFO: [ app_begin ] --END-- [ RunTime:0.003247s ]
NOTIC: [8] A session had already been started - ignoring session_start() D:\wamp\wamp64\www\jiimadeeee\Application\Admin\Controller\BaseController.class.php 第 9 行.
SQL: SHOW COLUMNS FROM `made_model` [ RunTime:0.0051s ]
SQL: SHOW COLUMNS FROM `made_category` [ RunTime:0.0063s ]
SQL: SELECT * FROM `made_model` WHERE `id` = 1 LIMIT 1   [ RunTime:0.0008s ]
SQL: SELECT * FROM `made_category` ORDER BY order_id asc  [ RunTime:0.0011s ]
INFO: [ view_parse ] --START--
INFO: [ template_filter ] --START--
INFO: Run Behavior\ContentReplaceBehavior [ RunTime:0.001192s ]
INFO: [ template_filter ] --END-- [ RunTime:0.002105s ]
INFO: Run Behavior\ParseTemplateBehavior [ RunTime:0.048587s ]
INFO: [ view_parse ] --END-- [ RunTime:0.049598s ]
INFO: [ view_filter ] --START--
INFO: Run Behavior\WriteHtmlCacheBehavior [ RunTime:0.002098s ]
INFO: [ view_filter ] --END-- [ RunTime:0.002941s ]
INFO: [ app_end ] --START--
INFO: Run Behavior\ShowPageTraceBehavior [ RunTime:0.004822s ]
INFO: [ app_end ] --END-- [ RunTime:0.006432s ]

[ 2018-05-23T16:16:53+08:00 ] 127.0.0.1 /jiimadeeee/index.php/Admin/Model/lst.html
INFO: [ app_init ] --START--
INFO: Run Behavior\BuildLiteBehavior [ RunTime:0.000148s ]
INFO: [ app_init ] --END-- [ RunTime:0.002584s ]
INFO: [ app_begin ] --START--
INFO: Run Behavior\ReadHtmlCacheBehavior [ RunTime:0.002523s ]
INFO: [ app_begin ] --END-- [ RunTime:0.003259s ]
NOTIC: [8] A session had already been started - ignoring session_start() D:\wamp\wamp64\www\jiimadeeee\Application\Admin\Controller\BaseController.class.php 第 9 行.
SQL: SHOW COLUMNS FROM `made_model` [ RunTime:0.0051s ]
SQL: SELECT `id`,`model_name` FROM `made_model`  [ RunTime:0.0007s ]
INFO: [ view_parse ] --START--
INFO: [ template_filter ] --START--
INFO: Run Behavior\ContentReplaceBehavior [ RunTime:0.000517s ]
INFO: [ template_filter ] --END-- [ RunTime:0.001500s ]
INFO: Run Behavior\ParseTemplateBehavior [ RunTime:0.036977s ]
INFO: [ view_parse ] --END-- [ RunTime:0.037769s ]
INFO: [ view_filter ] --START--
INFO: Run Behavior\WriteHtmlCacheBehavior [ RunTime:0.001964s ]
INFO: [ view_filter ] --END-- [ RunTime:0.002757s ]
INFO: [ app_end ] --START--
INFO: Run Behavior\ShowPageTraceBehavior [ RunTime:0.003897s ]
INFO: [ app_end ] --END-- [ RunTime:0.004737s ]

[ 2018-05-23T16:16:57+08:00 ] 127.0.0.1 /jiimadeeee/index.php/Admin/Model/lst.html
INFO: [ app_init ] --START--
INFO: Run Behavior\BuildLiteBehavior [ RunTime:0.000172s ]
INFO: [ app_init ] --END-- [ RunTime:0.002960s ]
INFO: [ app_begin ] --START--
INFO: Run Behavior\ReadHtmlCacheBehavior [ RunTime:0.002112s ]
INFO: [ app_begin ] --END-- [ RunTime:0.002551s ]
NOTIC: [8] A session had already been started - ignoring session_start() D:\wamp\wamp64\www\jiimadeeee\Application\Admin\Controller\BaseController.class.php 第 9 行.
SQL: SHOW COLUMNS FROM `made_model` [ RunTime:0.0079s ]
SQL: SELECT `id`,`model_name` FROM `made_model`  [ RunTime:0.0006s ]
INFO: [ view_parse ] --START--
INFO: [ template_filter ] --START--
INFO: Run Behavior\ContentReplaceBehavior [ RunTime:0.000408s ]
INFO: [ template_filter ] --END-- [ RunTime:0.001026s ]
INFO: Run Behavior\ParseTemplateBehavior [ RunTime:0.040130s ]
INFO: [ view_parse ] --END-- [ RunTime:0.040821s ]
INFO: [ view_filter ] --START--
INFO: Run Behavior\WriteHtmlCacheBehavior [ RunTime:0.002658s ]
INFO: [ view_filter ] --END-- [ RunTime:0.003521s ]
INFO: [ app_end ] --START--
INFO: Run Behavior\ShowPageTraceBehavior [ RunTime:0.003976s ]
INFO: [ app_end ] --END-- [ RunTime:0.005140s ]

[ 2018-05-23T16:16:59+08:00 ] 127.0.0.1 /jiimadeeee/index.php/Admin/Model/edit/id/1.html
INFO: [ app_init ] --START--
INFO: Run Behavior\BuildLiteBehavior [ RunTime:0.000165s ]
INFO: [ app_init ] --END-- [ RunTime:0.002688s ]
INFO: [ app_begin ] --START--
INFO: Run Behavior\ReadHtmlCacheBehavior [ RunTime:0.001286s ]
INFO: [ app_begin ] --END-- [ RunTime:0.001855s ]
NOTIC: [8] A session had already been started - ignoring session_start() D:\wamp\wamp64\www\jiimadeeee\Application\Admin\Controller\BaseController.class.php 第 9 行.
SQL: SHOW COLUMNS FROM `made_model` [ RunTime:0.0078s ]
SQL: SHOW COLUMNS FROM `made_category` [ RunTime:0.0028s ]
SQL: SELECT * FROM `made_model` WHERE `id` = 1 LIMIT 1   [ RunTime:0.0008s ]
SQL: SELECT * FROM `made_category` ORDER BY order_id asc  [ RunTime:0.0018s ]
INFO: [ view_parse ] --START--
INFO: [ template_filter ] --START--
INFO: Run Behavior\ContentReplaceBehavior [ RunTime:0.000881s ]
INFO: [ template_filter ] --END-- [ RunTime:0.001718s ]
INFO: Run Behavior\ParseTemplateBehavior [ RunTime:0.057310s ]
INFO: [ view_parse ] --END-- [ RunTime:0.058312s ]
INFO: [ view_filter ] --START--
INFO: Run Behavior\WriteHtmlCacheBehavior [ RunTime:0.002611s ]
INFO: [ view_filter ] --END-- [ RunTime:0.003080s ]
INFO: [ app_end ] --START--
INFO: Run Behavior\ShowPageTraceBehavior [ RunTime:0.002580s ]
INFO: [ app_end ] --END-- [ RunTime:0.003371s ]

[ 2018-05-23T16:17:16+08:00 ] 127.0.0.1 /jiimadeeee/index.php/Admin/Furniture/lst.html
INFO: [ app_init ] --START--
INFO: Run Behavior\BuildLiteBehavior [ RunTime:0.000099s ]
INFO: [ app_init ] --END-- [ RunTime:0.001281s ]
INFO: [ app_begin ] --START--
INFO: Run Behavior\ReadHtmlCacheBehavior [ RunTime:0.003160s ]
INFO: [ app_begin ] --END-- [ RunTime:0.004005s ]
NOTIC: [8] A session had already been started - ignoring session_start() D:\wamp\wamp64\www\jiimadeeee\Application\Admin\Controller\BaseController.class.php 第 9 行.
SQL: SHOW COLUMNS FROM `made_furniture` [ RunTime:0.0054s ]
SQL: SELECT `id`,`fur_name` FROM `made_furniture` WHERE `cate_id` = '1' ORDER BY sort_id asc  [ RunTime:0.0011s ]
SQL: SELECT `id`,`fur_name` FROM `made_furniture` WHERE `cate_id` = '2' ORDER BY sort_id asc  [ RunTime:0.0009s ]
SQL: SELECT `id`,`fur_name` FROM `made_furniture` WHERE `cate_id` = '3' ORDER BY sort_id asc  [ RunTime:0.0008s ]
INFO: [ view_parse ] --START--
INFO: [ template_filter ] --START--
INFO: Run Behavior\ContentReplaceBehavior [ RunTime:0.000138s ]
INFO: [ template_filter ] --END-- [ RunTime:0.000403s ]
NOTIC: [8] Undefined variable: data D:\wamp\wamp64\www\jiimadeeee\Application\Runtime\Cache\Admin\bc3aa5ba5d153fdbef92213ec841b114.php 第 48 行.
NOTIC: [2] Invalid argument supplied for foreach() D:\wamp\wamp64\www\jiimadeeee\Application\Runtime\Cache\Admin\bc3aa5ba5d153fdbef92213ec841b114.php 第 48 行.
INFO: Run Behavior\ParseTemplateBehavior [ RunTime:0.037918s ]
INFO: [ view_parse ] --END-- [ RunTime:0.038628s ]
INFO: [ view_filter ] --START--
INFO: Run Behavior\WriteHtmlCacheBehavior [ RunTime:0.002165s ]
INFO: [ view_filter ] --END-- [ RunTime:0.003081s ]
INFO: [ app_end ] --START--
INFO: Run Behavior\ShowPageTraceBehavior [ RunTime:0.004504s ]
INFO: [ app_end ] --END-- [ RunTime:0.005430s ]

[ 2018-05-23T16:17:19+08:00 ] 127.0.0.1 /jiimadeeee/index.php/Admin/Furniture/furniture_quote/id/1.html
INFO: [ app_init ] --START--
INFO: Run Behavior\BuildLiteBehavior [ RunTime:0.000170s ]
INFO: [ app_init ] --END-- [ RunTime:0.002816s ]
INFO: [ app_begin ] --START--
INFO: Run Behavior\ReadHtmlCacheBehavior [ RunTime:0.002124s ]
INFO: [ app_begin ] --END-- [ RunTime:0.002653s ]
NOTIC: [8] A session had already been started - ignoring session_start() D:\wamp\wamp64\www\jiimadeeee\Application\Admin\Controller\BaseController.class.php 第 9 行.
SQL: SHOW COLUMNS FROM `made_furniture` [ RunTime:0.0087s ]
SQL: SHOW COLUMNS FROM `made_model` [ RunTime:0.0068s ]
SQL: SHOW COLUMNS FROM `made_furniture_quote` [ RunTime:0.0049s ]
SQL: SELECT `id`,`model_name` FROM `made_model`  [ RunTime:0.0007s ]
SQL: SELECT `attribute` FROM `made_furniture` WHERE `id` = 1 LIMIT 1   [ RunTime:0.0009s ]
SQL: SELECT * FROM `made_furniture_quote` WHERE `fur_id` = '1'  [ RunTime:0.0012s ]
INFO: [ view_parse ] --START--
INFO: [ template_filter ] --START--
INFO: Run Behavior\ContentReplaceBehavior [ RunTime:0.000219s ]
INFO: [ template_filter ] --END-- [ RunTime:0.000603s ]
INFO: Run Behavior\ParseTemplateBehavior [ RunTime:0.051824s ]
INFO: [ view_parse ] --END-- [ RunTime:0.053168s ]
INFO: [ view_filter ] --START--
INFO: Run Behavior\WriteHtmlCacheBehavior [ RunTime:0.002532s ]
INFO: [ view_filter ] --END-- [ RunTime:0.003473s ]
INFO: [ app_end ] --START--
INFO: Run Behavior\ShowPageTraceBehavior [ RunTime:0.002618s ]
INFO: [ app_end ] --END-- [ RunTime:0.003074s ]

[ 2018-05-23T16:17:50+08:00 ] 127.0.0.1 /jiimadeeee/index.php/Admin/Furniture/furniture_quote/id/1.html
INFO: [ app_init ] --START--
INFO: Run Behavior\BuildLiteBehavior [ RunTime:0.000042s ]
INFO: [ app_init ] --END-- [ RunTime:0.001720s ]
INFO: [ app_begin ] --START--
INFO: Run Behavior\ReadHtmlCacheBehavior [ RunTime:0.002503s ]
INFO: [ app_begin ] --END-- [ RunTime:0.003270s ]
NOTIC: [8] A session had already been started - ignoring session_start() D:\wamp\wamp64\www\jiimadeeee\Application\Admin\Controller\BaseController.class.php 第 9 行.
SQL: SHOW COLUMNS FROM `made_furniture` [ RunTime:0.0022s ]
SQL: SHOW COLUMNS FROM `made_model` [ RunTime:0.0065s ]
SQL: SHOW COLUMNS FROM `made_furniture_quote` [ RunTime:0.0061s ]
SQL: SELECT `id`,`model_name` FROM `made_model`  [ RunTime:0.0008s ]
SQL: SELECT `attribute` FROM `made_furniture` WHERE `id` = 1 LIMIT 1   [ RunTime:0.0007s ]
SQL: SELECT * FROM `made_furniture_quote` WHERE `fur_id` = '1'  [ RunTime:0.0009s ]
SQL: INSERT INTO `made_furniture_quote` (`fur_id`,`model_id`,`fur_attr_id`,`img_src`) VALUES ('1','1','0,0','http://p5koaz6je.bkt.clouddn.com/jiimade/view/images/furnitureModel/2018/05/23/7598?') [ RunTime:0.0037s ]
SQL: INSERT INTO `made_furniture_quote` (`fur_id`,`model_id`,`fur_attr_id`,`img_src`) VALUES ('1','2','1,1','http://p5koaz6je.bkt.clouddn.com/jiimade/view/images/furnitureModel/2018/05/23/22351?') [ RunTime:0.0026s ]
INFO: [ view_parse ] --START--
INFO: [ template_filter ] --START--
INFO: Run Behavior\ContentReplaceBehavior [ RunTime:0.000504s ]
INFO: [ template_filter ] --END-- [ RunTime:0.001385s ]
INFO: Run Behavior\ParseTemplateBehavior [ RunTime:0.029134s ]
INFO: [ view_parse ] --END-- [ RunTime:0.030006s ]
INFO: [ view_filter ] --START--
INFO: Run Behavior\WriteHtmlCacheBehavior [ RunTime:0.002092s ]
INFO: [ view_filter ] --END-- [ RunTime:0.002917s ]
INFO: [ view_parse ] --START--
INFO: [ template_filter ] --START--
INFO: Run Behavior\ContentReplaceBehavior [ RunTime:0.000647s ]
INFO: [ template_filter ] --END-- [ RunTime:-0.024859s ]
INFO: Run Behavior\ParseTemplateBehavior [ RunTime:0.028558s ]
INFO: [ view_parse ] --END-- [ RunTime:-0.004496s ]
INFO: [ view_filter ] --START--
INFO: Run Behavior\WriteHtmlCacheBehavior [ RunTime:0.000169s ]
INFO: [ view_filter ] --END-- [ RunTime:-0.030710s ]
INFO: [ app_end ] --START--
INFO: Run Behavior\ShowPageTraceBehavior [ RunTime:0.004034s ]
INFO: [ app_end ] --END-- [ RunTime:0.004812s ]

[ 2018-05-23T16:17:52+08:00 ] 127.0.0.1 /jiimadeeee/index.php/Admin/Furniture/furniture_quote/id/1.html
INFO: [ app_init ] --START--
INFO: Run Behavior\BuildLiteBehavior [ RunTime:0.000269s ]
INFO: [ app_init ] --END-- [ RunTime:0.003087s ]
INFO: [ app_begin ] --START--
INFO: Run Behavior\ReadHtmlCacheBehavior [ RunTime:0.002418s ]
INFO: [ app_begin ] --END-- [ RunTime:0.002819s ]
NOTIC: [8] A session had already been started - ignoring session_start() D:\wamp\wamp64\www\jiimadeeee\Application\Admin\Controller\BaseController.class.php 第 9 行.
SQL: SHOW COLUMNS FROM `made_furniture` [ RunTime:0.0028s ]
SQL: SHOW COLUMNS FROM `made_model` [ RunTime:0.0019s ]
SQL: SHOW COLUMNS FROM `made_furniture_quote` [ RunTime:0.0025s ]
SQL: SELECT `id`,`model_name` FROM `made_model`  [ RunTime:0.0009s ]
SQL: SELECT `attribute` FROM `made_furniture` WHERE `id` = 1 LIMIT 1   [ RunTime:0.0013s ]
SQL: SELECT * FROM `made_furniture_quote` WHERE `fur_id` = '1'  [ RunTime:0.0011s ]
INFO: [ view_parse ] --START--
INFO: [ template_filter ] --START--
INFO: Run Behavior\ContentReplaceBehavior [ RunTime:0.001007s ]
INFO: [ template_filter ] --END-- [ RunTime:0.001576s ]
INFO: Run Behavior\ParseTemplateBehavior [ RunTime:0.053809s ]
INFO: [ view_parse ] --END-- [ RunTime:0.054401s ]
INFO: [ view_filter ] --START--
INFO: Run Behavior\WriteHtmlCacheBehavior [ RunTime:0.001783s ]
INFO: [ view_filter ] --END-- [ RunTime:0.002373s ]
INFO: [ app_end ] --START--
INFO: Run Behavior\ShowPageTraceBehavior [ RunTime:0.004095s ]
INFO: [ app_end ] --END-- [ RunTime:0.004893s ]

[ 2018-05-23T16:17:54+08:00 ] 127.0.0.1 /jiimadeeee/index.php/Admin/Quote/lst.html
INFO: [ app_init ] --START--
INFO: Run Behavior\BuildLiteBehavior [ RunTime:0.000166s ]
INFO: [ app_init ] --END-- [ RunTime:0.003144s ]
INFO: [ app_begin ] --START--
INFO: Run Behavior\ReadHtmlCacheBehavior [ RunTime:0.001731s ]
INFO: [ app_begin ] --END-- [ RunTime:0.002497s ]
NOTIC: [8] A session had already been started - ignoring session_start() D:\wamp\wamp64\www\jiimadeeee\Application\Admin\Controller\BaseController.class.php 第 9 行.
SQL: SHOW COLUMNS FROM `made_quote` [ RunTime:0.0069s ]
NOTIC: [2] Missing argument 1 for Admin\Model\QuoteModel::search(), called in D:\wamp\wamp64\www\jiimadeeee\Application\Admin\Controller\QuoteController.class.php on line 13 and defined D:\wamp\wamp64\www\jiimadeeee\Application\Admin\Model\QuoteModel.class.php 第 22 行.
SQL: SELECT COUNT(*) AS tp_count FROM `made_quote` LIMIT 1   [ RunTime:0.0057s ]
NOTIC: [8] Undefined variable: perpage D:\wamp\wamp64\www\jiimadeeee\Application\Admin\Model\QuoteModel.class.php 第 39 行.
NOTIC: [2] Division by zero D:\wamp\wamp64\www\jiimadeeee\ThinkPHP\Library\Think\Page.class.php 第 84 行.
SQL: SELECT a.* FROM made_quote a  [ RunTime:0.0013s ]
INFO: [ view_parse ] --START--
INFO: [ template_filter ] --START--
INFO: Run Behavior\ContentReplaceBehavior [ RunTime:0.000508s ]
INFO: [ template_filter ] --END-- [ RunTime:0.001182s ]
INFO: Run Behavior\ParseTemplateBehavior [ RunTime:0.037671s ]
INFO: [ view_parse ] --END-- [ RunTime:0.038427s ]
INFO: [ view_filter ] --START--
INFO: Run Behavior\WriteHtmlCacheBehavior [ RunTime:0.002313s ]
INFO: [ view_filter ] --END-- [ RunTime:0.003155s ]
INFO: [ app_end ] --START--
INFO: Run Behavior\ShowPageTraceBehavior [ RunTime:0.003784s ]
INFO: [ app_end ] --END-- [ RunTime:0.004669s ]

[ 2018-05-23T16:17:55+08:00 ] 127.0.0.1 /jiimadeeee/index.php/Admin/Quote/detail/id/20180522154224089586.html
INFO: [ app_init ] --START--
INFO: Run Behavior\BuildLiteBehavior [ RunTime:0.000142s ]
INFO: [ app_init ] --END-- [ RunTime:0.001807s ]
INFO: [ app_begin ] --START--
INFO: Run Behavior\ReadHtmlCacheBehavior [ RunTime:0.003568s ]
INFO: [ app_begin ] --END-- [ RunTime:0.004487s ]
NOTIC: [8] A session had already been started - ignoring session_start() D:\wamp\wamp64\www\jiimadeeee\Application\Admin\Controller\BaseController.class.php 第 9 行.
SQL: SHOW COLUMNS FROM `made_quote` [ RunTime:0.0055s ]
SQL: SELECT * FROM `made_quote` WHERE `id` = '20180522154224089586' LIMIT 1   [ RunTime:0.0009s ]
SQL: SHOW COLUMNS FROM `made_module` [ RunTime:0.0079s ]
SQL: SELECT a.*,b.formula FROM made_module a LEFT JOIN made_model b ON a.model_id = b.id  WHERE a.quote_id = '20180522154224089586'  [ RunTime:0.0072s ]
SQL: SHOW COLUMNS FROM `made_goods` [ RunTime:0.0090s ]
SQL: SELECT a.goods_name,max(b.goods_price) as price FROM made_goods a LEFT JOIN made_goods_number b ON a.id=b.goods_id  WHERE a.id = '5' GROUP BY b.goods_id LIMIT 1   [ RunTime:0.0079s ]
SQL: SELECT a.goods_name,max(b.goods_price) as price FROM made_goods a LEFT JOIN made_goods_number b ON a.id=b.goods_id  WHERE a.id = '7' GROUP BY b.goods_id LIMIT 1   [ RunTime:0.0017s ]
NOTIC: [8] Undefined offset: 200 D:\wamp\wamp64\www\jiimadeeee\Application\Admin\Model\ModuleModel.class.php 第 144 行.
SQL: SELECT a.goods_name,max(b.goods_price) as price FROM made_goods a LEFT JOIN made_goods_number b ON a.id=b.goods_id  WHERE a.id = '5' GROUP BY b.goods_id LIMIT 1   [ RunTime:0.0014s ]
SQL: SELECT a.goods_name,max(b.goods_price) as price FROM made_goods a LEFT JOIN made_goods_number b ON a.id=b.goods_id  WHERE a.id = '6' GROUP BY b.goods_id LIMIT 1   [ RunTime:0.0009s ]
INFO: [ view_parse ] --START--
INFO: [ template_filter ] --START--
INFO: Run Behavior\ContentReplaceBehavior [ RunTime:0.001134s ]
INFO: [ template_filter ] --END-- [ RunTime:0.001792s ]
NOTIC: [8] Undefined variable: num D:\wamp\wamp64\www\jiimadeeee\Application\Runtime\Cache\Admin\3eb234c616c7cbdf8762b22fa6994749.php 第 129 行.
NOTIC: [2] Division by zero D:\wamp\wamp64\www\jiimadeeee\Application\Runtime\Cache\Admin\3eb234c616c7cbdf8762b22fa6994749.php 第 129 行.
NOTIC: [8] Undefined variable: num D:\wamp\wamp64\www\jiimadeeee\Application\Runtime\Cache\Admin\3eb234c616c7cbdf8762b22fa6994749.php 第 130 行.
NOTIC: [2] Division by zero D:\wamp\wamp64\www\jiimadeeee\Application\Runtime\Cache\Admin\3eb234c616c7cbdf8762b22fa6994749.php 第 130 行.
NOTIC: [8] Undefined variable: num D:\wamp\wamp64\www\jiimadeeee\Application\Runtime\Cache\Admin\3eb234c616c7cbdf8762b22fa6994749.php 第 129 行.
NOTIC: [2] Division by zero D:\wamp\wamp64\www\jiimadeeee\Application\Runtime\Cache\Admin\3eb234c616c7cbdf8762b22fa6994749.php 第 129 行.
NOTIC: [8] Undefined variable: num D:\wamp\wamp64\www\jiimadeeee\Application\Runtime\Cache\Admin\3eb234c616c7cbdf8762b22fa6994749.php 第 130 行.
NOTIC: [2] Division by zero D:\wamp\wamp64\www\jiimadeeee\Application\Runtime\Cache\Admin\3eb234c616c7cbdf8762b22fa6994749.php 第 130 行.
NOTIC: [8] Undefined variable: num D:\wamp\wamp64\www\jiimadeeee\Application\Runtime\Cache\Admin\3eb234c616c7cbdf8762b22fa6994749.php 第 129 行.
NOTIC: [2] Division by zero D:\wamp\wamp64\www\jiimadeeee\Application\Runtime\Cache\Admin\3eb234c616c7cbdf8762b22fa6994749.php 第 129 行.
NOTIC: [8] Undefined variable: num D:\wamp\wamp64\www\jiimadeeee\Application\Runtime\Cache\Admin\3eb234c616c7cbdf8762b22fa6994749.php 第 130 行.
NOTIC: [2] Division by zero D:\wamp\wamp64\www\jiimadeeee\Application\Runtime\Cache\Admin\3eb234c616c7cbdf8762b22fa6994749.php 第 130 行.
NOTIC: [8] Undefined index: module D:\wamp\wamp64\www\jiimadeeee\Application\Runtime\Cache\Admin\3eb234c616c7cbdf8762b22fa6994749.php 第 208 行.
NOTIC: [2] Invalid argument supplied for foreach() D:\wamp\wamp64\www\jiimadeeee\Application\Runtime\Cache\Admin\3eb234c616c7cbdf8762b22fa6994749.php 第 208 行.
NOTIC: [8] Undefined index: module D:\wamp\wamp64\www\jiimadeeee\Application\Runtime\Cache\Admin\3eb234c616c7cbdf8762b22fa6994749.php 第 282 行.
NOTIC: [2] Invalid argument supplied for foreach() D:\wamp\wamp64\www\jiimadeeee\Application\Runtime\Cache\Admin\3eb234c616c7cbdf8762b22fa6994749.php 第 282 行.
INFO: Run Behavior\ParseTemplateBehavior [ RunTime:0.090111s ]
INFO: [ view_parse ] --END-- [ RunTime:0.090852s ]
INFO: [ view_filter ] --START--
INFO: Run Behavior\WriteHtmlCacheBehavior [ RunTime:0.002342s ]
INFO: [ view_filter ] --END-- [ RunTime:0.003195s ]
INFO: [ app_end ] --START--
INFO: Run Behavior\ShowPageTraceBehavior [ RunTime:0.004733s ]
INFO: [ app_end ] --END-- [ RunTime:0.005868s ]

[ 2018-05-23T16:17:57+08:00 ] 127.0.0.1 /jiimadeeee/index.php/Admin/Quote/chooseFurniture/id/20180522154224089586.html
INFO: [ app_init ] --START--
INFO: Run Behavior\BuildLiteBehavior [ RunTime:0.000177s ]
INFO: [ app_init ] --END-- [ RunTime:0.002922s ]
INFO: [ app_begin ] --START--
INFO: Run Behavior\ReadHtmlCacheBehavior [ RunTime:0.003565s ]
INFO: [ app_begin ] --END-- [ RunTime:0.004404s ]
NOTIC: [8] A session had already been started - ignoring session_start() D:\wamp\wamp64\www\jiimadeeee\Application\Admin\Controller\BaseController.class.php 第 9 行.
SQL: SHOW COLUMNS FROM `made_furniture` [ RunTime:0.0058s ]
SQL: SELECT `id`,`fur_name`,`img_src` FROM `made_furniture` ORDER BY sort_id asc  [ RunTime:0.0013s ]
INFO: [ view_parse ] --START--
INFO: [ template_filter ] --START--
INFO: Run Behavior\ContentReplaceBehavior [ RunTime:0.000470s ]
INFO: [ template_filter ] --END-- [ RunTime:0.001199s ]
NOTIC: [8] Undefined index: model_name D:\wamp\wamp64\www\jiimadeeee\Application\Runtime\Cache\Admin\a040ff70c7464c3e879b4a5643263946.php 第 54 行.
INFO: Run Behavior\ParseTemplateBehavior [ RunTime:0.035009s ]
INFO: [ view_parse ] --END-- [ RunTime:0.035865s ]
INFO: [ view_filter ] --START--
INFO: Run Behavior\WriteHtmlCacheBehavior [ RunTime:0.002450s ]
INFO: [ view_filter ] --END-- [ RunTime:0.003386s ]
INFO: [ app_end ] --START--
INFO: Run Behavior\ShowPageTraceBehavior [ RunTime:0.003494s ]
INFO: [ app_end ] --END-- [ RunTime:0.004356s ]

[ 2018-05-23T16:18:00+08:00 ] 127.0.0.1 /jiimadeeee/index.php/Admin/Quote/addModule/id/1/quoteId/20180522154224089586.html
INFO: [ app_init ] --START--
INFO: Run Behavior\BuildLiteBehavior [ RunTime:0.000152s ]
INFO: [ app_init ] --END-- [ RunTime:0.002951s ]
INFO: [ app_begin ] --START--
INFO: Run Behavior\ReadHtmlCacheBehavior [ RunTime:0.004559s ]
INFO: [ app_begin ] --END-- [ RunTime:0.005481s ]
NOTIC: [8] A session had already been started - ignoring session_start() D:\wamp\wamp64\www\jiimadeeee\Application\Admin\Controller\BaseController.class.php 第 9 行.
SQL: SHOW COLUMNS FROM `made_furniture` [ RunTime:0.0024s ]
SQL: SELECT * FROM `made_furniture` WHERE `id` = 1 LIMIT 1   [ RunTime:0.0011s ]
INFO: [ view_parse ] --START--
INFO: [ template_filter ] --START--
INFO: Run Behavior\ContentReplaceBehavior [ RunTime:0.000919s ]
INFO: [ template_filter ] --END-- [ RunTime:0.001686s ]
NOTIC: [8] Undefined variable: gatherattr D:\wamp\wamp64\www\jiimadeeee\Application\Runtime\Cache\Admin\3ac3b7524beedf12cb27698bd1472710.php 第 128 行.
INFO: Run Behavior\ParseTemplateBehavior [ RunTime:0.046015s ]
INFO: [ view_parse ] --END-- [ RunTime:0.046705s ]
INFO: [ view_filter ] --START--
INFO: Run Behavior\WriteHtmlCacheBehavior [ RunTime:0.001154s ]
INFO: [ view_filter ] --END-- [ RunTime:0.001740s ]
INFO: [ app_end ] --START--
INFO: Run Behavior\ShowPageTraceBehavior [ RunTime:0.002991s ]
INFO: [ app_end ] --END-- [ RunTime:0.003728s ]

[ 2018-05-23T16:18:04+08:00 ] 127.0.0.1 /jiimadeeee/index.php/Admin/Quote/ajaxGetModel?attr=0%2C1%2C&furId=1
INFO: [ app_init ] --START--
INFO: Run Behavior\BuildLiteBehavior [ RunTime:0.000202s ]
INFO: [ app_init ] --END-- [ RunTime:0.002890s ]
INFO: [ app_begin ] --START--
INFO: Run Behavior\ReadHtmlCacheBehavior [ RunTime:0.003015s ]
INFO: [ app_begin ] --END-- [ RunTime:0.003633s ]
NOTIC: [8] A session had already been started - ignoring session_start() D:\wamp\wamp64\www\jiimadeeee\Application\Admin\Controller\BaseController.class.php 第 9 行.
SQL: SHOW COLUMNS FROM `made_furniture_quote` [ RunTime:0.0041s ]
SQL: SHOW COLUMNS FROM `made_goods` [ RunTime:0.0063s ]
SQL: SELECT a.id,a.img_src,b.material,b.parameter FROM made_furniture_quote a LEFT JOIN made_model b ON a.model_id = b.id  WHERE `fur_id` = '1' AND `fur_attr_id` = '0,1'  [ RunTime:0.0034s ]
INFO: [ app_end ] --START--
INFO: Run Behavior\ShowPageTraceBehavior [ RunTime:0.003338s ]
INFO: [ app_end ] --END-- [ RunTime:0.003936s ]

[ 2018-05-23T16:18:09+08:00 ] 127.0.0.1 /jiimadeeee/index.php/Admin/Quote/ajaxGetModel?attr=0%2C0%2C&furId=1
INFO: [ app_init ] --START--
INFO: Run Behavior\BuildLiteBehavior [ RunTime:0.000156s ]
INFO: [ app_init ] --END-- [ RunTime:0.002672s ]
INFO: [ app_begin ] --START--
INFO: Run Behavior\ReadHtmlCacheBehavior [ RunTime:0.004533s ]
INFO: [ app_begin ] --END-- [ RunTime:0.005319s ]
NOTIC: [8] A session had already been started - ignoring session_start() D:\wamp\wamp64\www\jiimadeeee\Application\Admin\Controller\BaseController.class.php 第 9 行.
SQL: SHOW COLUMNS FROM `made_furniture_quote` [ RunTime:0.0041s ]
SQL: SHOW COLUMNS FROM `made_goods` [ RunTime:0.0057s ]
SQL: SELECT a.id,a.img_src,b.material,b.parameter FROM made_furniture_quote a LEFT JOIN made_model b ON a.model_id = b.id  WHERE `fur_id` = '1' AND `fur_attr_id` = '0,0'  [ RunTime:0.0051s ]
SQL: SELECT `id`,`goods_name` FROM `made_goods` WHERE `cat_id` IN ('3','8') AND `is_quote` = '1'  [ RunTime:0.0009s ]
SQL: SELECT `id`,`goods_name` FROM `made_goods` WHERE `cat_id` IN ('8','1') AND `is_quote` = '1'  [ RunTime:0.0008s ]
INFO: [ app_end ] --START--
INFO: Run Behavior\ShowPageTraceBehavior [ RunTime:0.003472s ]
INFO: [ app_end ] --END-- [ RunTime:0.004160s ]

[ 2018-05-23T16:18:19+08:00 ] 127.0.0.1 /jiimadeeee/index.php/Admin/Quote/ajaxGetModel?attr=1%2C0%2C&furId=1
INFO: [ app_init ] --START--
INFO: Run Behavior\BuildLiteBehavior [ RunTime:0.000226s ]
INFO: [ app_init ] --END-- [ RunTime:0.003786s ]
INFO: [ app_begin ] --START--
INFO: Run Behavior\ReadHtmlCacheBehavior [ RunTime:0.005133s ]
INFO: [ app_begin ] --END-- [ RunTime:0.005941s ]
NOTIC: [8] A session had already been started - ignoring session_start() D:\wamp\wamp64\www\jiimadeeee\Application\Admin\Controller\BaseController.class.php 第 9 行.
SQL: SHOW COLUMNS FROM `made_furniture_quote` [ RunTime:0.0028s ]
SQL: SHOW COLUMNS FROM `made_goods` [ RunTime:0.0089s ]
SQL: SELECT a.id,a.img_src,b.material,b.parameter FROM made_furniture_quote a LEFT JOIN made_model b ON a.model_id = b.id  WHERE `fur_id` = '1' AND `fur_attr_id` = '1,0'  [ RunTime:0.0017s ]
INFO: [ app_end ] --START--
INFO: Run Behavior\ShowPageTraceBehavior [ RunTime:0.004561s ]
INFO: [ app_end ] --END-- [ RunTime:0.005350s ]

[ 2018-05-23T16:18:23+08:00 ] 127.0.0.1 /jiimadeeee/index.php/Admin/Quote/ajaxGetModel?attr=1%2C1%2C&furId=1
INFO: [ app_init ] --START--
INFO: Run Behavior\BuildLiteBehavior [ RunTime:0.000180s ]
INFO: [ app_init ] --END-- [ RunTime:0.003223s ]
INFO: [ app_begin ] --START--
INFO: Run Behavior\ReadHtmlCacheBehavior [ RunTime:0.003395s ]
INFO: [ app_begin ] --END-- [ RunTime:0.004153s ]
NOTIC: [8] A session had already been started - ignoring session_start() D:\wamp\wamp64\www\jiimadeeee\Application\Admin\Controller\BaseController.class.php 第 9 行.
SQL: SHOW COLUMNS FROM `made_furniture_quote` [ RunTime:0.0047s ]
SQL: SHOW COLUMNS FROM `made_goods` [ RunTime:0.0021s ]
SQL: SELECT a.id,a.img_src,b.material,b.parameter FROM made_furniture_quote a LEFT JOIN made_model b ON a.model_id = b.id  WHERE `fur_id` = '1' AND `fur_attr_id` = '1,1'  [ RunTime:0.0012s ]
SQL: SELECT `id`,`goods_name` FROM `made_goods` WHERE `cat_id` IN ('8','3') AND `is_quote` = '1'  [ RunTime:0.0010s ]
SQL: SELECT `id`,`goods_name` FROM `made_goods` WHERE `cat_id` IN ('8','1') AND `is_quote` = '1'  [ RunTime:0.0007s ]
INFO: [ app_end ] --START--
INFO: Run Behavior\ShowPageTraceBehavior [ RunTime:0.002719s ]
INFO: [ app_end ] --END-- [ RunTime:0.003248s ]

[ 2018-05-23T16:18:55+08:00 ] 127.0.0.1 /jiimadeeee/index.php/Admin/Quote/addModule/id/1/quoteId/20180522154224089586.html
INFO: [ app_init ] --START--
INFO: Run Behavior\BuildLiteBehavior [ RunTime:0.000271s ]
INFO: [ app_init ] --END-- [ RunTime:0.004248s ]
INFO: [ app_begin ] --START--
INFO: Run Behavior\ReadHtmlCacheBehavior [ RunTime:0.003945s ]
INFO: [ app_begin ] --END-- [ RunTime:0.005320s ]
NOTIC: [8] A session had already been started - ignoring session_start() D:\wamp\wamp64\www\jiimadeeee\Application\Admin\Controller\BaseController.class.php 第 9 行.
SQL: SHOW COLUMNS FROM `made_furniture` [ RunTime:0.0076s ]
SQL: SELECT * FROM `made_furniture` WHERE `id` = 1 LIMIT 1   [ RunTime:0.0014s ]
SQL: SHOW COLUMNS FROM `made_furniture_quote` [ RunTime:0.0076s ]
SQL: SELECT `model_id` FROM `made_furniture_quote` WHERE `id` = 2 LIMIT 1   [ RunTime:0.0008s ]
SQL: SHOW COLUMNS FROM `made_model` [ RunTime:0.0023s ]
SQL: SELECT * FROM `made_model` WHERE `id` = 2 LIMIT 1   [ RunTime:0.0011s ]
SQL: SHOW COLUMNS FROM `made_module` [ RunTime:0.0063s ]
NOTIC: [8] Undefined index: validate D:\wamp\wamp64\www\jiimadeeee\ThinkPHP\Library\Think\Model.class.php 第 1185 行.
NOTIC: [8] Undefined index: auto D:\wamp\wamp64\www\jiimadeeee\ThinkPHP\Library\Think\Model.class.php 第 1128 行.
SQL: SELECT max(sort_id) as num FROM `made_module` WHERE `quote_id` = '20180522154224089586' AND `cate_id` = '1' GROUP BY quote_id  [ RunTime:0.0014s ]
SQL: INSERT INTO `made_module` (`open`,`space`,`agio`,`model_id`,`fur_name`,`cate_id`,`quote_id`,`material`,`parameter`,`sort_id`) VALUES ('0','卧室1','1','2','衣柜','1','20180522154224089586','{\"p1\":\"5\",\"p2\":\"7\"}','{\"w1\":\"1.3\",\"d1\":\"0.4\",\"h1\":\"1.8\",\"w2\":\"1.2\",\"d2\":\"0.4\",\"h2\":\"1.3\"}','3') [ RunTime:0.0033s ]
SQL: SHOW COLUMNS FROM `made_quote` [ RunTime:0.0072s ]
SQL: UPDATE `made_quote` SET `update_time`='1527063535' WHERE `id` = '20180522154224089586' [ RunTime:0.0033s ]
INFO: [ view_parse ] --START--
INFO: [ template_filter ] --START--
INFO: Run Behavior\ContentReplaceBehavior [ RunTime:0.000543s ]
INFO: [ template_filter ] --END-- [ RunTime:0.001420s ]
INFO: Run Behavior\ParseTemplateBehavior [ RunTime:0.037390s ]
INFO: [ view_parse ] --END-- [ RunTime:0.038473s ]
INFO: [ view_filter ] --START--
INFO: Run Behavior\WriteHtmlCacheBehavior [ RunTime:0.003084s ]
INFO: [ view_filter ] --END-- [ RunTime:0.004445s ]
INFO: [ view_parse ] --START--
INFO: [ template_filter ] --START--
INFO: Run Behavior\ContentReplaceBehavior [ RunTime:0.000332s ]
INFO: [ template_filter ] --END-- [ RunTime:-0.024675s ]
INFO: Run Behavior\ParseTemplateBehavior [ RunTime:0.017009s ]
INFO: [ view_parse ] --END-- [ RunTime:-0.007844s ]
INFO: [ view_filter ] --START--
INFO: Run Behavior\WriteHtmlCacheBehavior [ RunTime:0.000174s ]
INFO: [ view_filter ] --END-- [ RunTime:-0.021321s ]

[ 2018-05-23T16:18:56+08:00 ] 127.0.0.1 /jiimadeeee/index.php/Admin/Quote/detail/id/20180522154224089586.html
INFO: [ app_init ] --START--
INFO: Run Behavior\BuildLiteBehavior [ RunTime:0.000155s ]
INFO: [ app_init ] --END-- [ RunTime:0.002684s ]
INFO: [ app_begin ] --START--
INFO: Run Behavior\ReadHtmlCacheBehavior [ RunTime:0.004768s ]
INFO: [ app_begin ] --END-- [ RunTime:0.006039s ]
NOTIC: [8] A session had already been started - ignoring session_start() D:\wamp\wamp64\www\jiimadeeee\Application\Admin\Controller\BaseController.class.php 第 9 行.
SQL: SHOW COLUMNS FROM `made_quote` [ RunTime:0.0066s ]
SQL: SELECT * FROM `made_quote` WHERE `id` = '20180522154224089586' LIMIT 1   [ RunTime:0.0010s ]
SQL: SHOW COLUMNS FROM `made_module` [ RunTime:0.0061s ]
SQL: SELECT a.*,b.formula FROM made_module a LEFT JOIN made_model b ON a.model_id = b.id  WHERE a.quote_id = '20180522154224089586'  [ RunTime:0.0019s ]
SQL: SHOW COLUMNS FROM `made_goods` [ RunTime:0.0047s ]
SQL: SELECT a.goods_name,max(b.goods_price) as price FROM made_goods a LEFT JOIN made_goods_number b ON a.id=b.goods_id  WHERE a.id = '5' GROUP BY b.goods_id LIMIT 1   [ RunTime:0.0059s ]
SQL: SELECT a.goods_name,max(b.goods_price) as price FROM made_goods a LEFT JOIN made_goods_number b ON a.id=b.goods_id  WHERE a.id = '7' GROUP BY b.goods_id LIMIT 1   [ RunTime:0.0014s ]
NOTIC: [8] Undefined offset: 200 D:\wamp\wamp64\www\jiimadeeee\Application\Admin\Model\ModuleModel.class.php 第 144 行.
SQL: SELECT a.goods_name,max(b.goods_price) as price FROM made_goods a LEFT JOIN made_goods_number b ON a.id=b.goods_id  WHERE a.id = '5' GROUP BY b.goods_id LIMIT 1   [ RunTime:0.0014s ]
SQL: SELECT a.goods_name,max(b.goods_price) as price FROM made_goods a LEFT JOIN made_goods_number b ON a.id=b.goods_id  WHERE a.id = '6' GROUP BY b.goods_id LIMIT 1   [ RunTime:0.0011s ]
SQL: SELECT a.goods_name,max(b.goods_price) as price FROM made_goods a LEFT JOIN made_goods_number b ON a.id=b.goods_id  WHERE a.id = '5' GROUP BY b.goods_id LIMIT 1   [ RunTime:0.0013s ]
SQL: SELECT a.goods_name,max(b.goods_price) as price FROM made_goods a LEFT JOIN made_goods_number b ON a.id=b.goods_id  WHERE a.id = '7' GROUP BY b.goods_id LIMIT 1   [ RunTime:0.0013s ]
INFO: [ view_parse ] --START--
INFO: [ template_filter ] --START--
INFO: Run Behavior\ContentReplaceBehavior [ RunTime:0.001064s ]
INFO: [ template_filter ] --END-- [ RunTime:0.001700s ]
NOTIC: [8] Undefined variable: num D:\wamp\wamp64\www\jiimadeeee\Application\Runtime\Cache\Admin\3eb234c616c7cbdf8762b22fa6994749.php 第 129 行.
NOTIC: [2] Division by zero D:\wamp\wamp64\www\jiimadeeee\Application\Runtime\Cache\Admin\3eb234c616c7cbdf8762b22fa6994749.php 第 129 行.
NOTIC: [8] Undefined variable: num D:\wamp\wamp64\www\jiimadeeee\Application\Runtime\Cache\Admin\3eb234c616c7cbdf8762b22fa6994749.php 第 130 行.
NOTIC: [2] Division by zero D:\wamp\wamp64\www\jiimadeeee\Application\Runtime\Cache\Admin\3eb234c616c7cbdf8762b22fa6994749.php 第 130 行.
NOTIC: [8] Undefined variable: num D:\wamp\wamp64\www\jiimadeeee\Application\Runtime\Cache\Admin\3eb234c616c7cbdf8762b22fa6994749.php 第 129 行.
NOTIC: [2] Division by zero D:\wamp\wamp64\www\jiimadeeee\Application\Runtime\Cache\Admin\3eb234c616c7cbdf8762b22fa6994749.php 第 129 行.
NOTIC: [8] Undefined variable: num D:\wamp\wamp64\www\jiimadeeee\Application\Runtime\Cache\Admin\3eb234c616c7cbdf8762b22fa6994749.php 第 130 行.
NOTIC: [2] Division by zero D:\wamp\wamp64\www\jiimadeeee\Application\Runtime\Cache\Admin\3eb234c616c7cbdf8762b22fa6994749.php 第 130 行.
NOTIC: [8] Undefined variable: num D:\wamp\wamp64\www\jiimadeeee\Application\Runtime\Cache\Admin\3eb234c616c7cbdf8762b22fa6994749.php 第 129 行.
NOTIC: [2] Division by zero D:\wamp\wamp64\www\jiimadeeee\Application\Runtime\Cache\Admin\3eb234c616c7cbdf8762b22fa6994749.php 第 129 行.
NOTIC: [8] Undefined variable: num D:\wamp\wamp64\www\jiimadeeee\Application\Runtime\Cache\Admin\3eb234c616c7cbdf8762b22fa6994749.php 第 130 行.
NOTIC: [2] Division by zero D:\wamp\wamp64\www\jiimadeeee\Application\Runtime\Cache\Admin\3eb234c616c7cbdf8762b22fa6994749.php 第 130 行.
NOTIC: [8] Undefined index: module D:\wamp\wamp64\www\jiimadeeee\Application\Runtime\Cache\Admin\3eb234c616c7cbdf8762b22fa6994749.php 第 208 行.
NOTIC: [2] Invalid argument supplied for foreach() D:\wamp\wamp64\www\jiimadeeee\Application\Runtime\Cache\Admin\3eb234c616c7cbdf8762b22fa6994749.php 第 208 行.
NOTIC: [8] Undefined index: module D:\wamp\wamp64\www\jiimadeeee\Application\Runtime\Cache\Admin\3eb234c616c7cbdf8762b22fa6994749.php 第 282 行.
NOTIC: [2] Invalid argument supplied for foreach() D:\wamp\wamp64\www\jiimadeeee\Application\Runtime\Cache\Admin\3eb234c616c7cbdf8762b22fa6994749.php 第 282 行.
INFO: Run Behavior\ParseTemplateBehavior [ RunTime:0.082271s ]
INFO: [ view_parse ] --END-- [ RunTime:0.082884s ]
INFO: [ view_filter ] --START--
INFO: Run Behavior\WriteHtmlCacheBehavior [ RunTime:0.002457s ]
INFO: [ view_filter ] --END-- [ RunTime:0.002862s ]
INFO: [ app_end ] --START--
INFO: Run Behavior\ShowPageTraceBehavior [ RunTime:0.004181s ]
INFO: [ app_end ] --END-- [ RunTime:0.005196s ]

[ 2018-05-23T16:18:56+08:00 ] 127.0.0.1 /jiimadeeee/index.php/Admin/Quote/detail/id/20180522154224089586.html
INFO: [ app_init ] --START--
INFO: Run Behavior\BuildLiteBehavior [ RunTime:0.000146s ]
INFO: [ app_init ] --END-- [ RunTime:0.002421s ]
INFO: [ app_begin ] --START--
INFO: Run Behavior\ReadHtmlCacheBehavior [ RunTime:0.005183s ]
INFO: [ app_begin ] --END-- [ RunTime:0.006574s ]
NOTIC: [8] A session had already been started - ignoring session_start() D:\wamp\wamp64\www\jiimadeeee\Application\Admin\Controller\BaseController.class.php 第 9 行.
SQL: SHOW COLUMNS FROM `made_quote` [ RunTime:0.0064s ]
SQL: SELECT * FROM `made_quote` WHERE `id` = '20180522154224089586' LIMIT 1   [ RunTime:0.0009s ]
SQL: SHOW COLUMNS FROM `made_module` [ RunTime:0.0077s ]
SQL: SELECT a.*,b.formula FROM made_module a LEFT JOIN made_model b ON a.model_id = b.id  WHERE a.quote_id = '20180522154224089586'  [ RunTime:0.0015s ]
SQL: SHOW COLUMNS FROM `made_goods` [ RunTime:0.0070s ]
SQL: SELECT a.goods_name,max(b.goods_price) as price FROM made_goods a LEFT JOIN made_goods_number b ON a.id=b.goods_id  WHERE a.id = '5' GROUP BY b.goods_id LIMIT 1   [ RunTime:0.0065s ]
SQL: SELECT a.goods_name,max(b.goods_price) as price FROM made_goods a LEFT JOIN made_goods_number b ON a.id=b.goods_id  WHERE a.id = '7' GROUP BY b.goods_id LIMIT 1   [ RunTime:0.0012s ]
NOTIC: [8] Undefined offset: 200 D:\wamp\wamp64\www\jiimadeeee\Application\Admin\Model\ModuleModel.class.php 第 144 行.
SQL: SELECT a.goods_name,max(b.goods_price) as price FROM made_goods a LEFT JOIN made_goods_number b ON a.id=b.goods_id  WHERE a.id = '5' GROUP BY b.goods_id LIMIT 1   [ RunTime:0.0009s ]
SQL: SELECT a.goods_name,max(b.goods_price) as price FROM made_goods a LEFT JOIN made_goods_number b ON a.id=b.goods_id  WHERE a.id = '6' GROUP BY b.goods_id LIMIT 1   [ RunTime:0.0019s ]
SQL: SELECT a.goods_name,max(b.goods_price) as price FROM made_goods a LEFT JOIN made_goods_number b ON a.id=b.goods_id  WHERE a.id = '5' GROUP BY b.goods_id LIMIT 1   [ RunTime:0.0019s ]
SQL: SELECT a.goods_name,max(b.goods_price) as price FROM made_goods a LEFT JOIN made_goods_number b ON a.id=b.goods_id  WHERE a.id = '7' GROUP BY b.goods_id LIMIT 1   [ RunTime:0.0016s ]
INFO: [ view_parse ] --START--
INFO: [ template_filter ] --START--
INFO: Run Behavior\ContentReplaceBehavior [ RunTime:0.001116s ]
INFO: [ template_filter ] --END-- [ RunTime:0.001759s ]
NOTIC: [8] Undefined variable: num D:\wamp\wamp64\www\jiimadeeee\Application\Runtime\Cache\Admin\3eb234c616c7cbdf8762b22fa6994749.php 第 129 行.
NOTIC: [2] Division by zero D:\wamp\wamp64\www\jiimadeeee\Application\Runtime\Cache\Admin\3eb234c616c7cbdf8762b22fa6994749.php 第 129 行.
NOTIC: [8] Undefined variable: num D:\wamp\wamp64\www\jiimadeeee\Application\Runtime\Cache\Admin\3eb234c616c7cbdf8762b22fa6994749.php 第 130 行.
NOTIC: [2] Division by zero D:\wamp\wamp64\www\jiimadeeee\Application\Runtime\Cache\Admin\3eb234c616c7cbdf8762b22fa6994749.php 第 130 行.
NOTIC: [8] Undefined variable: num D:\wamp\wamp64\www\jiimadeeee\Application\Runtime\Cache\Admin\3eb234c616c7cbdf8762b22fa6994749.php 第 129 行.
NOTIC: [2] Division by zero D:\wamp\wamp64\www\jiimadeeee\Application\Runtime\Cache\Admin\3eb234c616c7cbdf8762b22fa6994749.php 第 129 行.
NOTIC: [8] Undefined variable: num D:\wamp\wamp64\www\jiimadeeee\Application\Runtime\Cache\Admin\3eb234c616c7cbdf8762b22fa6994749.php 第 130 行.
NOTIC: [2] Division by zero D:\wamp\wamp64\www\jiimadeeee\Application\Runtime\Cache\Admin\3eb234c616c7cbdf8762b22fa6994749.php 第 130 行.
NOTIC: [8] Undefined variable: num D:\wamp\wamp64\www\jiimadeeee\Application\Runtime\Cache\Admin\3eb234c616c7cbdf8762b22fa6994749.php 第 129 行.
NOTIC: [2] Division by zero D:\wamp\wamp64\www\jiimadeeee\Application\Runtime\Cache\Admin\3eb234c616c7cbdf8762b22fa6994749.php 第 129 行.
NOTIC: [8] Undefined variable: num D:\wamp\wamp64\www\jiimadeeee\Application\Runtime\Cache\Admin\3eb234c616c7cbdf8762b22fa6994749.php 第 130 行.
NOTIC: [2] Division by zero D:\wamp\wamp64\www\jiimadeeee\Application\Runtime\Cache\Admin\3eb234c616c7cbdf8762b22fa6994749.php 第 130 行.
NOTIC: [8] Undefined index: module D:\wamp\wamp64\www\jiimadeeee\Application\Runtime\Cache\Admin\3eb234c616c7cbdf8762b22fa6994749.php 第 208 行.
NOTIC: [2] Invalid argument supplied for foreach() D:\wamp\wamp64\www\jiimadeeee\Application\Runtime\Cache\Admin\3eb234c616c7cbdf8762b22fa6994749.php 第 208 行.
NOTIC: [8] Undefined index: module D:\wamp\wamp64\www\jiimadeeee\Application\Runtime\Cache\Admin\3eb234c616c7cbdf8762b22fa6994749.php 第 282 行.
NOTIC: [2] Invalid argument supplied for foreach() D:\wamp\wamp64\www\jiimadeeee\Application\Runtime\Cache\Admin\3eb234c616c7cbdf8762b22fa6994749.php 第 282 行.
INFO: Run Behavior\ParseTemplateBehavior [ RunTime:0.089260s ]
INFO: [ view_parse ] --END-- [ RunTime:0.089730s ]
INFO: [ view_filter ] --START--
INFO: Run Behavior\WriteHtmlCacheBehavior [ RunTime:0.002998s ]
INFO: [ view_filter ] --END-- [ RunTime:0.003494s ]
INFO: [ app_end ] --START--
INFO: Run Behavior\ShowPageTraceBehavior [ RunTime:0.002723s ]
INFO: [ app_end ] --END-- [ RunTime:0.003389s ]

[ 2018-05-23T16:19:08+08:00 ] 127.0.0.1 /jiimadeeee/index.php/Admin/Quote/lst.html
INFO: [ app_init ] --START--
INFO: Run Behavior\BuildLiteBehavior [ RunTime:0.000176s ]
INFO: [ app_init ] --END-- [ RunTime:0.003276s ]
INFO: [ app_begin ] --START--
INFO: Run Behavior\ReadHtmlCacheBehavior [ RunTime:0.003320s ]
INFO: [ app_begin ] --END-- [ RunTime:0.004172s ]
NOTIC: [8] A session had already been started - ignoring session_start() D:\wamp\wamp64\www\jiimadeeee\Application\Admin\Controller\BaseController.class.php 第 9 行.
SQL: SHOW COLUMNS FROM `made_quote` [ RunTime:0.0050s ]
NOTIC: [2] Missing argument 1 for Admin\Model\QuoteModel::search(), called in D:\wamp\wamp64\www\jiimadeeee\Application\Admin\Controller\QuoteController.class.php on line 13 and defined D:\wamp\wamp64\www\jiimadeeee\Application\Admin\Model\QuoteModel.class.php 第 22 行.
SQL: SELECT COUNT(*) AS tp_count FROM `made_quote` LIMIT 1   [ RunTime:0.0006s ]
NOTIC: [8] Undefined variable: perpage D:\wamp\wamp64\www\jiimadeeee\Application\Admin\Model\QuoteModel.class.php 第 39 行.
NOTIC: [2] Division by zero D:\wamp\wamp64\www\jiimadeeee\ThinkPHP\Library\Think\Page.class.php 第 84 行.
SQL: SELECT a.* FROM made_quote a  [ RunTime:0.0008s ]
INFO: [ view_parse ] --START--
INFO: [ template_filter ] --START--
INFO: Run Behavior\ContentReplaceBehavior [ RunTime:0.000458s ]
INFO: [ template_filter ] --END-- [ RunTime:0.001156s ]
INFO: Run Behavior\ParseTemplateBehavior [ RunTime:0.048082s ]
INFO: [ view_parse ] --END-- [ RunTime:0.049001s ]
INFO: [ view_filter ] --START--
INFO: Run Behavior\WriteHtmlCacheBehavior [ RunTime:0.003376s ]
INFO: [ view_filter ] --END-- [ RunTime:0.004501s ]
INFO: [ app_end ] --START--
INFO: Run Behavior\ShowPageTraceBehavior [ RunTime:0.003438s ]
INFO: [ app_end ] --END-- [ RunTime:0.004626s ]

[ 2018-05-23T16:19:10+08:00 ] 127.0.0.1 /jiimadeeee/index.php/Admin/Quote/detail/id/20180522154224089586.html
INFO: [ app_init ] --START--
INFO: Run Behavior\BuildLiteBehavior [ RunTime:0.000287s ]
INFO: [ app_init ] --END-- [ RunTime:0.004502s ]
INFO: [ app_begin ] --START--
INFO: Run Behavior\ReadHtmlCacheBehavior [ RunTime:0.003104s ]
INFO: [ app_begin ] --END-- [ RunTime:0.004064s ]
NOTIC: [8] A session had already been started - ignoring session_start() D:\wamp\wamp64\www\jiimadeeee\Application\Admin\Controller\BaseController.class.php 第 9 行.
SQL: SHOW COLUMNS FROM `made_quote` [ RunTime:0.0086s ]
SQL: SELECT * FROM `made_quote` WHERE `id` = '20180522154224089586' LIMIT 1   [ RunTime:0.0011s ]
SQL: SHOW COLUMNS FROM `made_module` [ RunTime:0.0076s ]
SQL: SELECT a.*,b.formula FROM made_module a LEFT JOIN made_model b ON a.model_id = b.id  WHERE a.quote_id = '20180522154224089586'  [ RunTime:0.0062s ]
SQL: SHOW COLUMNS FROM `made_goods` [ RunTime:0.0038s ]
SQL: SELECT a.goods_name,max(b.goods_price) as price FROM made_goods a LEFT JOIN made_goods_number b ON a.id=b.goods_id  WHERE a.id = '5' GROUP BY b.goods_id LIMIT 1   [ RunTime:0.0057s ]
SQL: SELECT a.goods_name,max(b.goods_price) as price FROM made_goods a LEFT JOIN made_goods_number b ON a.id=b.goods_id  WHERE a.id = '7' GROUP BY b.goods_id LIMIT 1   [ RunTime:0.0014s ]
NOTIC: [8] Undefined offset: 200 D:\wamp\wamp64\www\jiimadeeee\Application\Admin\Model\ModuleModel.class.php 第 144 行.
SQL: SELECT a.goods_name,max(b.goods_price) as price FROM made_goods a LEFT JOIN made_goods_number b ON a.id=b.goods_id  WHERE a.id = '5' GROUP BY b.goods_id LIMIT 1   [ RunTime:0.0025s ]
SQL: SELECT a.goods_name,max(b.goods_price) as price FROM made_goods a LEFT JOIN made_goods_number b ON a.id=b.goods_id  WHERE a.id = '6' GROUP BY b.goods_id LIMIT 1   [ RunTime:0.0023s ]
SQL: SELECT a.goods_name,max(b.goods_price) as price FROM made_goods a LEFT JOIN made_goods_number b ON a.id=b.goods_id  WHERE a.id = '5' GROUP BY b.goods_id LIMIT 1   [ RunTime:0.0015s ]
SQL: SELECT a.goods_name,max(b.goods_price) as price FROM made_goods a LEFT JOIN made_goods_number b ON a.id=b.goods_id  WHERE a.id = '7' GROUP BY b.goods_id LIMIT 1   [ RunTime:0.0018s ]
INFO: [ view_parse ] --START--
INFO: [ template_filter ] --START--
INFO: Run Behavior\ContentReplaceBehavior [ RunTime:0.001104s ]
INFO: [ template_filter ] --END-- [ RunTime:0.001702s ]
NOTIC: [8] Undefined variable: num D:\wamp\wamp64\www\jiimadeeee\Application\Runtime\Cache\Admin\3eb234c616c7cbdf8762b22fa6994749.php 第 129 行.
NOTIC: [2] Division by zero D:\wamp\wamp64\www\jiimadeeee\Application\Runtime\Cache\Admin\3eb234c616c7cbdf8762b22fa6994749.php 第 129 行.
NOTIC: [8] Undefined variable: num D:\wamp\wamp64\www\jiimadeeee\Application\Runtime\Cache\Admin\3eb234c616c7cbdf8762b22fa6994749.php 第 130 行.
NOTIC: [2] Division by zero D:\wamp\wamp64\www\jiimadeeee\Application\Runtime\Cache\Admin\3eb234c616c7cbdf8762b22fa6994749.php 第 130 行.
NOTIC: [8] Undefined variable: num D:\wamp\wamp64\www\jiimadeeee\Application\Runtime\Cache\Admin\3eb234c616c7cbdf8762b22fa6994749.php 第 129 行.
NOTIC: [2] Division by zero D:\wamp\wamp64\www\jiimadeeee\Application\Runtime\Cache\Admin\3eb234c616c7cbdf8762b22fa6994749.php 第 129 行.
NOTIC: [8] Undefined variable: num D:\wamp\wamp64\www\jiimadeeee\Application\Runtime\Cache\Admin\3eb234c616c7cbdf8762b22fa6994749.php 第 130 行.
NOTIC: [2] Division by zero D:\wamp\wamp64\www\jiimadeeee\Application\Runtime\Cache\Admin\3eb234c616c7cbdf8762b22fa6994749.php 第 130 行.
NOTIC: [8] Undefined variable: num D:\wamp\wamp64\www\jiimadeeee\Application\Runtime\Cache\Admin\3eb234c616c7cbdf8762b22fa6994749.php 第 129 行.
NOTIC: [2] Division by zero D:\wamp\wamp64\www\jiimadeeee\Application\Runtime\Cache\Admin\3eb234c616c7cbdf8762b22fa6994749.php 第 129 行.
NOTIC: [8] Undefined variable: num D:\wamp\wamp64\www\jiimadeeee\Application\Runtime\Cache\Admin\3eb234c616c7cbdf8762b22fa6994749.php 第 130 行.
NOTIC: [2] Division by zero D:\wamp\wamp64\www\jiimadeeee\Application\Runtime\Cache\Admin\3eb234c616c7cbdf8762b22fa6994749.php 第 130 行.
NOTIC: [8] Undefined index: module D:\wamp\wamp64\www\jiimadeeee\Application\Runtime\Cache\Admin\3eb234c616c7cbdf8762b22fa6994749.php 第 208 行.
NOTIC: [2] Invalid argument supplied for foreach() D:\wamp\wamp64\www\jiimadeeee\Application\Runtime\Cache\Admin\3eb234c616c7cbdf8762b22fa6994749.php 第 208 行.
NOTIC: [8] Undefined index: module D:\wamp\wamp64\www\jiimadeeee\Application\Runtime\Cache\Admin\3eb234c616c7cbdf8762b22fa6994749.php 第 282 行.
NOTIC: [2] Invalid argument supplied for foreach() D:\wamp\wamp64\www\jiimadeeee\Application\Runtime\Cache\Admin\3eb234c616c7cbdf8762b22fa6994749.php 第 282 行.
INFO: Run Behavior\ParseTemplateBehavior [ RunTime:0.095056s ]
INFO: [ view_parse ] --END-- [ RunTime:0.095848s ]
INFO: [ view_filter ] --START--
INFO: Run Behavior\WriteHtmlCacheBehavior [ RunTime:0.002128s ]
INFO: [ view_filter ] --END-- [ RunTime:0.002828s ]
INFO: [ app_end ] --START--
INFO: Run Behavior\ShowPageTraceBehavior [ RunTime:0.002695s ]
INFO: [ app_end ] --END-- [ RunTime:0.003331s ]

[ 2018-05-23T16:19:12+08:00 ] 127.0.0.1 /jiimadeeee/index.php/Admin/Quote/chooseFurniture/id/20180522154224089586.html
INFO: [ app_init ] --START--
INFO: Run Behavior\BuildLiteBehavior [ RunTime:0.000154s ]
INFO: [ app_init ] --END-- [ RunTime:0.002768s ]
INFO: [ app_begin ] --START--
INFO: Run Behavior\ReadHtmlCacheBehavior [ RunTime:0.001739s ]
INFO: [ app_begin ] --END-- [ RunTime:0.002571s ]
NOTIC: [8] A session had already been started - ignoring session_start() D:\wamp\wamp64\www\jiimadeeee\Application\Admin\Controller\BaseController.class.php 第 9 行.
SQL: SHOW COLUMNS FROM `made_furniture` [ RunTime:0.0022s ]
SQL: SELECT `id`,`fur_name`,`img_src` FROM `made_furniture` ORDER BY sort_id asc  [ RunTime:0.0007s ]
INFO: [ view_parse ] --START--
INFO: [ template_filter ] --START--
INFO: Run Behavior\ContentReplaceBehavior [ RunTime:0.000436s ]
INFO: [ template_filter ] --END-- [ RunTime:0.001123s ]
NOTIC: [8] Undefined index: model_name D:\wamp\wamp64\www\jiimadeeee\Application\Runtime\Cache\Admin\a040ff70c7464c3e879b4a5643263946.php 第 54 行.
INFO: Run Behavior\ParseTemplateBehavior [ RunTime:0.036551s ]
INFO: [ view_parse ] --END-- [ RunTime:0.037365s ]
INFO: [ view_filter ] --START--
INFO: Run Behavior\WriteHtmlCacheBehavior [ RunTime:0.002450s ]
INFO: [ view_filter ] --END-- [ RunTime:0.003311s ]
INFO: [ app_end ] --START--
INFO: Run Behavior\ShowPageTraceBehavior [ RunTime:0.002200s ]
INFO: [ app_end ] --END-- [ RunTime:0.002656s ]

[ 2018-05-23T16:19:13+08:00 ] 127.0.0.1 /jiimadeeee/index.php/Admin/Quote/addModule/id/1/quoteId/20180522154224089586.html
INFO: [ app_init ] --START--
INFO: Run Behavior\BuildLiteBehavior [ RunTime:0.000173s ]
INFO: [ app_init ] --END-- [ RunTime:0.003323s ]
INFO: [ app_begin ] --START--
INFO: Run Behavior\ReadHtmlCacheBehavior [ RunTime:0.002894s ]
INFO: [ app_begin ] --END-- [ RunTime:0.003413s ]
NOTIC: [8] A session had already been started - ignoring session_start() D:\wamp\wamp64\www\jiimadeeee\Application\Admin\Controller\BaseController.class.php 第 9 行.
SQL: SHOW COLUMNS FROM `made_furniture` [ RunTime:0.0020s ]
SQL: SELECT * FROM `made_furniture` WHERE `id` = 1 LIMIT 1   [ RunTime:0.0009s ]
INFO: [ view_parse ] --START--
INFO: [ template_filter ] --START--
INFO: Run Behavior\ContentReplaceBehavior [ RunTime:0.000757s ]
INFO: [ template_filter ] --END-- [ RunTime:0.001423s ]
NOTIC: [8] Undefined variable: gatherattr D:\wamp\wamp64\www\jiimadeeee\Application\Runtime\Cache\Admin\3ac3b7524beedf12cb27698bd1472710.php 第 128 行.
INFO: Run Behavior\ParseTemplateBehavior [ RunTime:0.043339s ]
INFO: [ view_parse ] --END-- [ RunTime:0.044151s ]
INFO: [ view_filter ] --START--
INFO: Run Behavior\WriteHtmlCacheBehavior [ RunTime:0.002281s ]
INFO: [ view_filter ] --END-- [ RunTime:0.003065s ]
INFO: [ app_end ] --START--
INFO: Run Behavior\ShowPageTraceBehavior [ RunTime:0.004597s ]
INFO: [ app_end ] --END-- [ RunTime:0.005724s ]

[ 2018-05-23T16:19:16+08:00 ] 127.0.0.1 /jiimadeeee/index.php/Admin/Quote/ajaxGetModel?attr=1%2C1%2C&furId=1
INFO: [ app_init ] --START--
INFO: Run Behavior\BuildLiteBehavior [ RunTime:0.000173s ]
INFO: [ app_init ] --END-- [ RunTime:0.003903s ]
INFO: [ app_begin ] --START--
INFO: Run Behavior\ReadHtmlCacheBehavior [ RunTime:0.003453s ]
INFO: [ app_begin ] --END-- [ RunTime:0.004254s ]
NOTIC: [8] A session had already been started - ignoring session_start() D:\wamp\wamp64\www\jiimadeeee\Application\Admin\Controller\BaseController.class.php 第 9 行.
SQL: SHOW COLUMNS FROM `made_furniture_quote` [ RunTime:0.0019s ]
SQL: SHOW COLUMNS FROM `made_goods` [ RunTime:0.0049s ]
SQL: SELECT a.id,a.img_src,b.material,b.parameter FROM made_furniture_quote a LEFT JOIN made_model b ON a.model_id = b.id  WHERE `fur_id` = '1' AND `fur_attr_id` = '1,1'  [ RunTime:0.0011s ]
SQL: SELECT `id`,`goods_name` FROM `made_goods` WHERE `cat_id` IN ('8','3') AND `is_quote` = '1'  [ RunTime:0.0012s ]
SQL: SELECT `id`,`goods_name` FROM `made_goods` WHERE `cat_id` IN ('8','1') AND `is_quote` = '1'  [ RunTime:0.0013s ]
INFO: [ app_end ] --START--
INFO: Run Behavior\ShowPageTraceBehavior [ RunTime:0.003107s ]
INFO: [ app_end ] --END-- [ RunTime:0.003848s ]

[ 2018-05-23T16:19:34+08:00 ] 127.0.0.1 /jiimadeeee/index.php/Admin/Goods/lst.html
INFO: [ app_init ] --START--
INFO: Run Behavior\BuildLiteBehavior [ RunTime:0.000226s ]
INFO: [ app_init ] --END-- [ RunTime:0.003192s ]
INFO: [ app_begin ] --START--
INFO: Run Behavior\ReadHtmlCacheBehavior [ RunTime:0.003532s ]
INFO: [ app_begin ] --END-- [ RunTime:0.004523s ]
NOTIC: [8] A session had already been started - ignoring session_start() D:\wamp\wamp64\www\jiimadeeee\Application\Admin\Controller\BaseController.class.php 第 9 行.
SQL: SHOW COLUMNS FROM `made_goods` [ RunTime:0.0067s ]
SQL: SELECT COUNT(*) AS tp_count FROM `made_goods` LIMIT 1   [ RunTime:0.0006s ]
SQL: SELECT a.*,c.name as cat_name FROM made_goods a LEFT JOIN made_category c ON a.cat_id=c.id  ORDER BY order_id asc LIMIT 0,15   [ RunTime:0.0054s ]
INFO: [ view_parse ] --START--
INFO: [ template_filter ] --START--
INFO: Run Behavior\ContentReplaceBehavior [ RunTime:0.000155s ]
INFO: [ template_filter ] --END-- [ RunTime:0.000535s ]
NOTIC: [8] Undefined variable: cat_list D:\wamp\wamp64\www\jiimadeeee\Application\Runtime\Cache\Admin\12cf6a5c74297688873998de0720405d.php 第 26 行.
INFO: Run Behavior\ParseTemplateBehavior [ RunTime:0.061118s ]
INFO: [ view_parse ] --END-- [ RunTime:0.062045s ]
INFO: [ view_filter ] --START--
INFO: Run Behavior\WriteHtmlCacheBehavior [ RunTime:0.002411s ]
INFO: [ view_filter ] --END-- [ RunTime:0.003340s ]
INFO: [ app_end ] --START--
INFO: Run Behavior\ShowPageTraceBehavior [ RunTime:0.003423s ]
INFO: [ app_end ] --END-- [ RunTime:0.004254s ]

[ 2018-05-23T16:19:37+08:00 ] 127.0.0.1 /jiimadeeee/index.php/Admin/Goods/goods_number/id/5.html
INFO: [ app_init ] --START--
INFO: Run Behavior\BuildLiteBehavior [ RunTime:0.000193s ]
INFO: [ app_init ] --END-- [ RunTime:0.002902s ]
INFO: [ app_begin ] --START--
INFO: Run Behavior\ReadHtmlCacheBehavior [ RunTime:0.003217s ]
INFO: [ app_begin ] --END-- [ RunTime:0.004213s ]
NOTIC: [8] A session had already been started - ignoring session_start() D:\wamp\wamp64\www\jiimadeeee\Application\Admin\Controller\BaseController.class.php 第 9 行.
SQL: SHOW COLUMNS FROM `made_goods_number` [ RunTime:0.0022s ]
SQL: SHOW COLUMNS FROM `made_goods_attr` [ RunTime:0.0070s ]
SQL: SELECT a.*,b.attr_name,b.attr_type,b.attr_option_values,b.type_id FROM made_goods_attr a LEFT JOIN made_attribute b ON a.attr_id=b.id  WHERE a.goods_id = '5' AND b.attr_type IN (2,3)  [ RunTime:0.0078s ]
SQL: SHOW COLUMNS FROM `made_color` [ RunTime:0.0067s ]
SQL: SELECT `color_name` FROM `made_color` WHERE `id` = 4 LIMIT 1   [ RunTime:0.0007s ]
SQL: SELECT `color_name` FROM `made_color` WHERE `id` = 5 LIMIT 1   [ RunTime:0.0007s ]
SQL: SELECT `color_name` FROM `made_color` WHERE `id` = 4 LIMIT 1   [ RunTime:0.0006s ]
SQL: SELECT `color_name` FROM `made_color` WHERE `id` = 5 LIMIT 1   [ RunTime:0.0007s ]
SQL: SELECT `color_name` FROM `made_color` WHERE `id` = 4 LIMIT 1   [ RunTime:0.0006s ]
SQL: SELECT `color_name` FROM `made_color` WHERE `id` = 5 LIMIT 1   [ RunTime:0.0007s ]
SQL: SELECT `color_name` FROM `made_color` WHERE `id` = 4 LIMIT 1   [ RunTime:0.0007s ]
SQL: SELECT `color_name` FROM `made_color` WHERE `id` = 5 LIMIT 1   [ RunTime:0.0007s ]
SQL: SELECT `color_name` FROM `made_color` WHERE `id` = 4 LIMIT 1   [ RunTime:0.0006s ]
SQL: SELECT * FROM `made_goods_number` WHERE `goods_id` = '5'  [ RunTime:0.0008s ]
INFO: [ view_parse ] --START--
INFO: [ template_filter ] --START--
INFO: Run Behavior\ContentReplaceBehavior [ RunTime:0.000782s ]
INFO: [ template_filter ] --END-- [ RunTime:0.001510s ]
NOTIC: [8] Undefined variable: gaData D:\wamp\wamp64\www\jiimadeeee\Application\Runtime\Cache\Admin\2748f9ade8e602b7f92c24038866ded6.php 第 22 行.
NOTIC: [2] Invalid argument supplied for foreach() D:\wamp\wamp64\www\jiimadeeee\Application\Runtime\Cache\Admin\2748f9ade8e602b7f92c24038866ded6.php 第 22 行.
NOTIC: [8] Undefined variable: gaData D:\wamp\wamp64\www\jiimadeeee\Application\Runtime\Cache\Admin\2748f9ade8e602b7f92c24038866ded6.php 第 22 行.
NOTIC: [2] Invalid argument supplied for foreach() D:\wamp\wamp64\www\jiimadeeee\Application\Runtime\Cache\Admin\2748f9ade8e602b7f92c24038866ded6.php 第 22 行.
INFO: Run Behavior\ParseTemplateBehavior [ RunTime:0.061324s ]
INFO: [ view_parse ] --END-- [ RunTime:0.062181s ]
INFO: [ view_filter ] --START--
INFO: Run Behavior\WriteHtmlCacheBehavior [ RunTime:0.002233s ]
INFO: [ view_filter ] --END-- [ RunTime:0.003155s ]
INFO: [ app_end ] --START--
INFO: Run Behavior\ShowPageTraceBehavior [ RunTime:0.004310s ]
INFO: [ app_end ] --END-- [ RunTime:0.005335s ]

