[ 2018-07-31T09:44:47+08:00 ] ::1 /jiimadeeee/index.php/admin/index/index
INFO: [ app_init ] --START--
INFO: Run Behavior\BuildLiteBehavior [ RunTime:0.000062s ]
INFO: [ app_init ] --END-- [ RunTime:0.002688s ]
INFO: [ app_begin ] --START--
INFO: Run Behavior\ReadHtmlCacheBehavior [ RunTime:0.002804s ]
INFO: [ app_begin ] --END-- [ RunTime:0.003350s ]
NOTIC: [8] A session had already been started - ignoring session_start() D:\wamp\wamp64\www\jiimadeeee\Application\Admin\Controller\BaseController.class.php 第 9 行.
INFO: [ view_parse ] --START--
INFO: [ template_filter ] --START--
INFO: Run Behavior\ContentReplaceBehavior [ RunTime:0.001199s ]
INFO: [ template_filter ] --END-- [ RunTime:0.002202s ]
INFO: Run Behavior\ParseTemplateBehavior [ RunTime:0.043758s ]
INFO: [ view_parse ] --END-- [ RunTime:0.044001s ]
INFO: [ view_filter ] --START--
INFO: Run Behavior\WriteHtmlCacheBehavior [ RunTime:0.001057s ]
INFO: [ view_filter ] --END-- [ RunTime:0.002882s ]

[ 2018-07-31T09:44:50+08:00 ] ::1 /jiimadeeee/index.php/Admin/Login/login.html
INFO: [ app_init ] --START--
INFO: Run Behavior\BuildLiteBehavior [ RunTime:0.000113s ]
INFO: [ app_init ] --END-- [ RunTime:0.002449s ]
INFO: [ app_begin ] --START--
INFO: Run Behavior\ReadHtmlCacheBehavior [ RunTime:0.006076s ]
INFO: [ app_begin ] --END-- [ RunTime:0.007243s ]
INFO: [ view_parse ] --START--
INFO: [ template_filter ] --START--
INFO: Run Behavior\ContentReplaceBehavior [ RunTime:0.000554s ]
INFO: [ template_filter ] --END-- [ RunTime:0.001353s ]
INFO: Run Behavior\ParseTemplateBehavior [ RunTime:0.035427s ]
INFO: [ view_parse ] --END-- [ RunTime:0.036086s ]
INFO: [ view_filter ] --START--
INFO: Run Behavior\WriteHtmlCacheBehavior [ RunTime:0.002757s ]
INFO: [ view_filter ] --END-- [ RunTime:0.003733s ]
INFO: [ app_end ] --START--
INFO: Run Behavior\ShowPageTraceBehavior [ RunTime:0.004812s ]
INFO: [ app_end ] --END-- [ RunTime:0.005920s ]

[ 2018-07-31T09:44:50+08:00 ] ::1 /jiimadeeee/index.php/Admin/Login/chkcode.html
INFO: [ app_init ] --START--
INFO: Run Behavior\BuildLiteBehavior [ RunTime:0.000241s ]
INFO: [ app_init ] --END-- [ RunTime:0.002468s ]
INFO: [ app_begin ] --START--
INFO: Run Behavior\ReadHtmlCacheBehavior [ RunTime:0.005467s ]
INFO: [ app_begin ] --END-- [ RunTime:0.006956s ]
NOTIC: [8] A session had already been started - ignoring session_start() D:\wamp\wamp64\www\jiimadeeee\Application\Admin\Controller\LoginController.class.php 第 29 行.
INFO: [ app_end ] --START--
INFO: Run Behavior\ShowPageTraceBehavior [ RunTime:0.003559s ]
INFO: [ app_end ] --END-- [ RunTime:0.004476s ]

