[ 2018-06-01T10:03:14+08:00 ] ::1 /jiimadeeee/index.php/admin/index/index
INFO: [ app_init ] --START--
INFO: Run Behavior\BuildLiteBehavior [ RunTime:0.000027s ]
INFO: [ app_init ] --END-- [ RunTime:0.000511s ]
INFO: [ app_begin ] --START--
INFO: Run Behavior\ReadHtmlCacheBehavior [ RunTime:0.000699s ]
INFO: [ app_begin ] --END-- [ RunTime:0.000815s ]
NOTIC: [8] A session had already been started - ignoring session_start() D:\wamp\wamp64\www\jiimadeeee\Application\Admin\Controller\BaseController.class.php 第 9 行.
INFO: [ view_parse ] --START--
INFO: [ template_filter ] --START--
INFO: Run Behavior\ContentReplaceBehavior [ RunTime:0.000070s ]
INFO: [ template_filter ] --END-- [ RunTime:0.000193s ]
INFO: Run Behavior\ParseTemplateBehavior [ RunTime:0.010564s ]
INFO: [ view_parse ] --END-- [ RunTime:0.010696s ]
INFO: [ view_filter ] --START--
INFO: Run Behavior\WriteHtmlCacheBehavior [ RunTime:0.000679s ]
INFO: [ view_filter ] --END-- [ RunTime:0.000792s ]

[ 2018-06-01T10:03:16+08:00 ] ::1 /jiimadeeee/index.php/Admin/Login/login.html
INFO: [ app_init ] --START--
INFO: Run Behavior\BuildLiteBehavior [ RunTime:0.000024s ]
INFO: [ app_init ] --END-- [ RunTime:0.000465s ]
INFO: [ app_begin ] --START--
INFO: Run Behavior\ReadHtmlCacheBehavior [ RunTime:0.000679s ]
INFO: [ app_begin ] --END-- [ RunTime:0.000814s ]
INFO: [ view_parse ] --START--
INFO: [ template_filter ] --START--
INFO: Run Behavior\ContentReplaceBehavior [ RunTime:0.000069s ]
INFO: [ template_filter ] --END-- [ RunTime:0.000187s ]
INFO: Run Behavior\ParseTemplateBehavior [ RunTime:0.008470s ]
INFO: [ view_parse ] --END-- [ RunTime:0.008599s ]
INFO: [ view_filter ] --START--
INFO: Run Behavior\WriteHtmlCacheBehavior [ RunTime:0.000509s ]
INFO: [ view_filter ] --END-- [ RunTime:0.000616s ]
INFO: [ app_end ] --START--
INFO: Run Behavior\ShowPageTraceBehavior [ RunTime:0.000631s ]
INFO: [ app_end ] --END-- [ RunTime:0.000738s ]

[ 2018-06-01T10:03:16+08:00 ] ::1 /jiimadeeee/index.php/Admin/Login/chkcode.html
INFO: [ app_init ] --START--
INFO: Run Behavior\BuildLiteBehavior [ RunTime:0.000028s ]
INFO: [ app_init ] --END-- [ RunTime:0.000547s ]
INFO: [ app_begin ] --START--
INFO: Run Behavior\ReadHtmlCacheBehavior [ RunTime:0.000734s ]
INFO: [ app_begin ] --END-- [ RunTime:0.000870s ]
NOTIC: [8] A session had already been started - ignoring session_start() D:\wamp\wamp64\www\jiimadeeee\Application\Admin\Controller\LoginController.class.php 第 29 行.
INFO: [ app_end ] --START--
INFO: Run Behavior\ShowPageTraceBehavior [ RunTime:0.000732s ]
INFO: [ app_end ] --END-- [ RunTime:0.000866s ]

[ 2018-06-01T10:03:24+08:00 ] ::1 /jiimadeeee/index.php/Admin/Login/login.html
INFO: [ app_init ] --START--
INFO: Run Behavior\BuildLiteBehavior [ RunTime:0.000023s ]
INFO: [ app_init ] --END-- [ RunTime:0.000438s ]
INFO: [ app_begin ] --START--
INFO: Run Behavior\ReadHtmlCacheBehavior [ RunTime:0.000605s ]
INFO: [ app_begin ] --END-- [ RunTime:0.000739s ]
SQL: SHOW COLUMNS FROM `made_admin` [ RunTime:0.0014s ]
NOTIC: [8] A session had already been started - ignoring session_start() D:\wamp\wamp64\www\jiimadeeee\Application\Admin\Model\AdminModel.class.php 第 36 行.
NOTIC: [8] Undefined index: auto D:\wamp\wamp64\www\jiimadeeee\ThinkPHP\Library\Think\Model.class.php 第 1128 行.
SQL: SELECT * FROM `made_admin` WHERE `username` = 'root' LIMIT 1   [ RunTime:0.0003s ]
NOTIC: [8] A session had already been started - ignoring session_start() D:\wamp\wamp64\www\jiimadeeee\Application\Admin\Model\AdminModel.class.php 第 54 行.
INFO: [ view_parse ] --START--
INFO: [ template_filter ] --START--
INFO: Run Behavior\ContentReplaceBehavior [ RunTime:0.000064s ]
INFO: [ template_filter ] --END-- [ RunTime:0.000178s ]
INFO: Run Behavior\ParseTemplateBehavior [ RunTime:0.007940s ]
INFO: [ view_parse ] --END-- [ RunTime:0.008071s ]
INFO: [ view_filter ] --START--
INFO: Run Behavior\WriteHtmlCacheBehavior [ RunTime:0.000478s ]
INFO: [ view_filter ] --END-- [ RunTime:0.000600s ]
INFO: [ view_parse ] --START--
INFO: [ template_filter ] --START--
INFO: Run Behavior\ContentReplaceBehavior [ RunTime:0.000058s ]
INFO: [ template_filter ] --END-- [ RunTime:-0.005209s ]
INFO: Run Behavior\ParseTemplateBehavior [ RunTime:0.004076s ]
INFO: [ view_parse ] --END-- [ RunTime:-0.001000s ]
INFO: [ view_filter ] --START--
INFO: Run Behavior\WriteHtmlCacheBehavior [ RunTime:0.000029s ]
INFO: [ view_filter ] --END-- [ RunTime:-0.004603s ]

[ 2018-06-01T10:03:25+08:00 ] ::1 /jiimadeeee/index.php/Admin/index/index.html
INFO: [ app_init ] --START--
INFO: Run Behavior\BuildLiteBehavior [ RunTime:0.000046s ]
INFO: [ app_init ] --END-- [ RunTime:0.000931s ]
INFO: [ app_begin ] --START--
INFO: Run Behavior\ReadHtmlCacheBehavior [ RunTime:0.001359s ]
INFO: [ app_begin ] --END-- [ RunTime:0.001612s ]
NOTIC: [8] A session had already been started - ignoring session_start() D:\wamp\wamp64\www\jiimadeeee\Application\Admin\Controller\BaseController.class.php 第 9 行.
INFO: [ view_parse ] --START--
INFO: [ template_filter ] --START--
INFO: Run Behavior\ContentReplaceBehavior [ RunTime:0.000062s ]
INFO: [ template_filter ] --END-- [ RunTime:0.000177s ]
INFO: Run Behavior\ParseTemplateBehavior [ RunTime:0.008070s ]
INFO: [ view_parse ] --END-- [ RunTime:0.008215s ]
INFO: [ view_filter ] --START--
INFO: Run Behavior\WriteHtmlCacheBehavior [ RunTime:0.000467s ]
INFO: [ view_filter ] --END-- [ RunTime:0.000591s ]
INFO: [ app_end ] --START--
INFO: Run Behavior\ShowPageTraceBehavior [ RunTime:0.000618s ]
INFO: [ app_end ] --END-- [ RunTime:0.000728s ]

[ 2018-06-01T10:03:26+08:00 ] ::1 /jiimadeeee/index.php/Admin/index/menu.html
INFO: [ app_init ] --START--
INFO: Run Behavior\BuildLiteBehavior [ RunTime:0.000024s ]
INFO: [ app_init ] --END-- [ RunTime:0.000497s ]
INFO: [ app_begin ] --START--
INFO: Run Behavior\ReadHtmlCacheBehavior [ RunTime:0.000708s ]
INFO: [ app_begin ] --END-- [ RunTime:0.000830s ]
NOTIC: [8] A session had already been started - ignoring session_start() D:\wamp\wamp64\www\jiimadeeee\Application\Admin\Controller\BaseController.class.php 第 9 行.
INFO: [ view_parse ] --START--
INFO: [ template_filter ] --START--
INFO: Run Behavior\ContentReplaceBehavior [ RunTime:0.000167s ]
INFO: [ template_filter ] --END-- [ RunTime:0.000328s ]
INFO: Run Behavior\ParseTemplateBehavior [ RunTime:0.014053s ]
INFO: [ view_parse ] --END-- [ RunTime:0.014184s ]
INFO: [ view_filter ] --START--
INFO: Run Behavior\WriteHtmlCacheBehavior [ RunTime:0.000598s ]
INFO: [ view_filter ] --END-- [ RunTime:0.000715s ]
INFO: [ app_end ] --START--
INFO: Run Behavior\ShowPageTraceBehavior [ RunTime:0.000711s ]
INFO: [ app_end ] --END-- [ RunTime:0.000824s ]

[ 2018-06-01T10:03:26+08:00 ] ::1 /jiimadeeee/index.php/Admin/index/top.html
INFO: [ app_init ] --START--
INFO: Run Behavior\BuildLiteBehavior [ RunTime:0.000027s ]
INFO: [ app_init ] --END-- [ RunTime:0.000515s ]
INFO: [ app_begin ] --START--
INFO: Run Behavior\ReadHtmlCacheBehavior [ RunTime:0.000621s ]
INFO: [ app_begin ] --END-- [ RunTime:0.000746s ]
NOTIC: [8] A session had already been started - ignoring session_start() D:\wamp\wamp64\www\jiimadeeee\Application\Admin\Controller\BaseController.class.php 第 9 行.
INFO: [ view_parse ] --START--
INFO: [ template_filter ] --START--
INFO: Run Behavior\ContentReplaceBehavior [ RunTime:0.000096s ]
INFO: [ template_filter ] --END-- [ RunTime:0.000244s ]
INFO: Run Behavior\ParseTemplateBehavior [ RunTime:0.010651s ]
INFO: [ view_parse ] --END-- [ RunTime:0.010840s ]
INFO: [ view_filter ] --START--
INFO: Run Behavior\WriteHtmlCacheBehavior [ RunTime:0.000543s ]
INFO: [ view_filter ] --END-- [ RunTime:0.000669s ]
INFO: [ app_end ] --START--
INFO: Run Behavior\ShowPageTraceBehavior [ RunTime:0.000656s ]
INFO: [ app_end ] --END-- [ RunTime:0.000766s ]

[ 2018-06-01T10:03:26+08:00 ] ::1 /jiimadeeee/index.php/Admin/index/main.html
INFO: [ app_init ] --START--
INFO: Run Behavior\BuildLiteBehavior [ RunTime:0.000024s ]
INFO: [ app_init ] --END-- [ RunTime:0.000498s ]
INFO: [ app_begin ] --START--
INFO: Run Behavior\ReadHtmlCacheBehavior [ RunTime:0.000751s ]
INFO: [ app_begin ] --END-- [ RunTime:0.000920s ]
NOTIC: [8] A session had already been started - ignoring session_start() D:\wamp\wamp64\www\jiimadeeee\Application\Admin\Controller\BaseController.class.php 第 9 行.
INFO: [ view_parse ] --START--
INFO: [ template_filter ] --START--
INFO: Run Behavior\ContentReplaceBehavior [ RunTime:0.000082s ]
INFO: [ template_filter ] --END-- [ RunTime:0.000211s ]
INFO: Run Behavior\ParseTemplateBehavior [ RunTime:0.017219s ]
INFO: [ view_parse ] --END-- [ RunTime:0.017388s ]
INFO: [ view_filter ] --START--
INFO: Run Behavior\WriteHtmlCacheBehavior [ RunTime:0.000652s ]
INFO: [ view_filter ] --END-- [ RunTime:0.000807s ]
INFO: [ app_end ] --START--
INFO: Run Behavior\ShowPageTraceBehavior [ RunTime:0.000941s ]
INFO: [ app_end ] --END-- [ RunTime:0.001087s ]

[ 2018-06-01T10:03:28+08:00 ] ::1 /jiimadeeee/index.php/Admin/Furniture/lst.html
INFO: [ app_init ] --START--
INFO: Run Behavior\BuildLiteBehavior [ RunTime:0.000023s ]
INFO: [ app_init ] --END-- [ RunTime:0.000476s ]
INFO: [ app_begin ] --START--
INFO: Run Behavior\ReadHtmlCacheBehavior [ RunTime:0.000702s ]
INFO: [ app_begin ] --END-- [ RunTime:0.000840s ]
NOTIC: [8] A session had already been started - ignoring session_start() D:\wamp\wamp64\www\jiimadeeee\Application\Admin\Controller\BaseController.class.php 第 9 行.
SQL: SHOW COLUMNS FROM `made_furniture` [ RunTime:0.0005s ]
SQL: SELECT `id`,`fur_name` FROM `made_furniture` WHERE `cate_id` = '1' ORDER BY sort_id asc  [ RunTime:0.0002s ]
SQL: SELECT `id`,`fur_name` FROM `made_furniture` WHERE `cate_id` = '2' ORDER BY sort_id asc  [ RunTime:0.0001s ]
SQL: SELECT `id`,`fur_name` FROM `made_furniture` WHERE `cate_id` = '3' ORDER BY sort_id asc  [ RunTime:0.0001s ]
INFO: [ view_parse ] --START--
INFO: [ template_filter ] --START--
INFO: Run Behavior\ContentReplaceBehavior [ RunTime:0.000075s ]
INFO: [ template_filter ] --END-- [ RunTime:0.000183s ]
NOTIC: [8] Undefined variable: data D:\wamp\wamp64\www\jiimadeeee\Application\Runtime\Cache\Admin\bc3aa5ba5d153fdbef92213ec841b114.php 第 48 行.
NOTIC: [2] Invalid argument supplied for foreach() D:\wamp\wamp64\www\jiimadeeee\Application\Runtime\Cache\Admin\bc3aa5ba5d153fdbef92213ec841b114.php 第 48 行.
INFO: Run Behavior\ParseTemplateBehavior [ RunTime:0.013363s ]
INFO: [ view_parse ] --END-- [ RunTime:0.013506s ]
INFO: [ view_filter ] --START--
INFO: Run Behavior\WriteHtmlCacheBehavior [ RunTime:0.000465s ]
INFO: [ view_filter ] --END-- [ RunTime:0.000598s ]
INFO: [ app_end ] --START--
INFO: Run Behavior\ShowPageTraceBehavior [ RunTime:0.000641s ]
INFO: [ app_end ] --END-- [ RunTime:0.000770s ]

[ 2018-06-01T10:03:30+08:00 ] ::1 /jiimadeeee/index.php/Admin/Furniture/add.html
INFO: [ app_init ] --START--
INFO: Run Behavior\BuildLiteBehavior [ RunTime:0.000024s ]
INFO: [ app_init ] --END-- [ RunTime:0.000464s ]
INFO: [ app_begin ] --START--
INFO: Run Behavior\ReadHtmlCacheBehavior [ RunTime:0.000608s ]
INFO: [ app_begin ] --END-- [ RunTime:0.000730s ]
NOTIC: [8] A session had already been started - ignoring session_start() D:\wamp\wamp64\www\jiimadeeee\Application\Admin\Controller\BaseController.class.php 第 9 行.
SQL: SHOW COLUMNS FROM `made_furniture` [ RunTime:0.0008s ]
INFO: [ view_parse ] --START--
INFO: [ template_filter ] --START--
INFO: Run Behavior\ContentReplaceBehavior [ RunTime:0.000097s ]
INFO: [ template_filter ] --END-- [ RunTime:0.000215s ]
INFO: Run Behavior\ParseTemplateBehavior [ RunTime:0.008940s ]
INFO: [ view_parse ] --END-- [ RunTime:0.009077s ]
INFO: [ view_filter ] --START--
INFO: Run Behavior\WriteHtmlCacheBehavior [ RunTime:0.000461s ]
INFO: [ view_filter ] --END-- [ RunTime:0.000567s ]
INFO: [ app_end ] --START--
INFO: Run Behavior\ShowPageTraceBehavior [ RunTime:0.000613s ]
INFO: [ app_end ] --END-- [ RunTime:0.000721s ]

[ 2018-06-01T10:04:00+08:00 ] ::1 /jiimadeeee/index.php/Admin/Furniture/add.html
INFO: [ app_init ] --START--
INFO: Run Behavior\BuildLiteBehavior [ RunTime:0.000023s ]
INFO: [ app_init ] --END-- [ RunTime:0.000466s ]
INFO: [ app_begin ] --START--
INFO: Run Behavior\ReadHtmlCacheBehavior [ RunTime:0.000615s ]
INFO: [ app_begin ] --END-- [ RunTime:0.000733s ]
NOTIC: [8] A session had already been started - ignoring session_start() D:\wamp\wamp64\www\jiimadeeee\Application\Admin\Controller\BaseController.class.php 第 9 行.
SQL: SHOW COLUMNS FROM `made_furniture` [ RunTime:0.0008s ]
NOTIC: [8] Undefined index: validate D:\wamp\wamp64\www\jiimadeeee\ThinkPHP\Library\Think\Model.class.php 第 1185 行.
NOTIC: [8] Undefined index: auto D:\wamp\wamp64\www\jiimadeeee\ThinkPHP\Library\Think\Model.class.php 第 1128 行.
NOTIC: [2] Invalid argument supplied for foreach() D:\wamp\wamp64\www\jiimadeeee\Application\Admin\Model\FurnitureModel.class.php 第 21 行.
SQL: INSERT INTO `made_furniture` (`fur_name`,`cate_id`,`sort_id`,`is_index`,`attribute`,`img_src`) VALUES ('门板','2','100','1','[]','http://p5koaz6je.bkt.clouddn.com/jiimade/view/images/furniture/2018/06/01/6656?') [ RunTime:0.0023s ]
INFO: [ view_parse ] --START--
INFO: [ template_filter ] --START--
INFO: Run Behavior\ContentReplaceBehavior [ RunTime:0.000132s ]
INFO: [ template_filter ] --END-- [ RunTime:0.000372s ]
INFO: Run Behavior\ParseTemplateBehavior [ RunTime:0.014499s ]
INFO: [ view_parse ] --END-- [ RunTime:0.014742s ]
INFO: [ view_filter ] --START--
INFO: Run Behavior\WriteHtmlCacheBehavior [ RunTime:0.000885s ]
INFO: [ view_filter ] --END-- [ RunTime:0.001101s ]
INFO: [ view_parse ] --START--
INFO: [ template_filter ] --START--
INFO: Run Behavior\ContentReplaceBehavior [ RunTime:0.000066s ]
INFO: [ template_filter ] --END-- [ RunTime:-0.008252s ]
INFO: Run Behavior\ParseTemplateBehavior [ RunTime:0.004663s ]
INFO: [ view_parse ] --END-- [ RunTime:-0.001886s ]
INFO: [ view_filter ] --START--
INFO: Run Behavior\WriteHtmlCacheBehavior [ RunTime:0.000032s ]
INFO: [ view_filter ] --END-- [ RunTime:-0.005569s ]

[ 2018-06-01T10:04:01+08:00 ] ::1 /jiimadeeee/index.php/Admin/Furniture/lst.html
INFO: [ app_init ] --START--
INFO: Run Behavior\BuildLiteBehavior [ RunTime:0.000027s ]
INFO: [ app_init ] --END-- [ RunTime:0.000589s ]
INFO: [ app_begin ] --START--
INFO: Run Behavior\ReadHtmlCacheBehavior [ RunTime:0.000734s ]
INFO: [ app_begin ] --END-- [ RunTime:0.000877s ]
NOTIC: [8] A session had already been started - ignoring session_start() D:\wamp\wamp64\www\jiimadeeee\Application\Admin\Controller\BaseController.class.php 第 9 行.
SQL: SHOW COLUMNS FROM `made_furniture` [ RunTime:0.0008s ]
SQL: SELECT `id`,`fur_name` FROM `made_furniture` WHERE `cate_id` = '1' ORDER BY sort_id asc  [ RunTime:0.0004s ]
SQL: SELECT `id`,`fur_name` FROM `made_furniture` WHERE `cate_id` = '2' ORDER BY sort_id asc  [ RunTime:0.0003s ]
SQL: SELECT `id`,`fur_name` FROM `made_furniture` WHERE `cate_id` = '3' ORDER BY sort_id asc  [ RunTime:0.0002s ]
INFO: [ view_parse ] --START--
INFO: [ template_filter ] --START--
INFO: Run Behavior\ContentReplaceBehavior [ RunTime:0.000081s ]
INFO: [ template_filter ] --END-- [ RunTime:0.000204s ]
NOTIC: [8] Undefined variable: data D:\wamp\wamp64\www\jiimadeeee\Application\Runtime\Cache\Admin\bc3aa5ba5d153fdbef92213ec841b114.php 第 48 行.
NOTIC: [2] Invalid argument supplied for foreach() D:\wamp\wamp64\www\jiimadeeee\Application\Runtime\Cache\Admin\bc3aa5ba5d153fdbef92213ec841b114.php 第 48 行.
INFO: Run Behavior\ParseTemplateBehavior [ RunTime:0.010084s ]
INFO: [ view_parse ] --END-- [ RunTime:0.010222s ]
INFO: [ view_filter ] --START--
INFO: Run Behavior\WriteHtmlCacheBehavior [ RunTime:0.000462s ]
INFO: [ view_filter ] --END-- [ RunTime:0.000583s ]
INFO: [ app_end ] --START--
INFO: Run Behavior\ShowPageTraceBehavior [ RunTime:0.000628s ]
INFO: [ app_end ] --END-- [ RunTime:0.000736s ]

[ 2018-06-01T10:06:39+08:00 ] ::1 /jiimadeeee/index.php/Admin/Furniture/lst.html
INFO: [ app_init ] --START--
INFO: Run Behavior\BuildLiteBehavior [ RunTime:0.000024s ]
INFO: [ app_init ] --END-- [ RunTime:0.000472s ]
INFO: [ app_begin ] --START--
INFO: Run Behavior\ReadHtmlCacheBehavior [ RunTime:0.000747s ]
INFO: [ app_begin ] --END-- [ RunTime:0.000881s ]
NOTIC: [8] A session had already been started - ignoring session_start() D:\wamp\wamp64\www\jiimadeeee\Application\Admin\Controller\BaseController.class.php 第 9 行.
SQL: SHOW COLUMNS FROM `made_furniture` [ RunTime:0.0005s ]
SQL: SELECT `id`,`fur_name` FROM `made_furniture` WHERE `cate_id` = '1' ORDER BY sort_id asc  [ RunTime:0.0002s ]
SQL: SELECT `id`,`fur_name` FROM `made_furniture` WHERE `cate_id` = '2' ORDER BY sort_id asc  [ RunTime:0.0001s ]
SQL: SELECT `id`,`fur_name` FROM `made_furniture` WHERE `cate_id` = '3' ORDER BY sort_id asc  [ RunTime:0.0001s ]
INFO: [ view_parse ] --START--
INFO: [ template_filter ] --START--
INFO: Run Behavior\ContentReplaceBehavior [ RunTime:0.000188s ]
INFO: [ template_filter ] --END-- [ RunTime:0.000477s ]
INFO: Run Behavior\ParseTemplateBehavior [ RunTime:0.018374s ]
INFO: [ view_parse ] --END-- [ RunTime:0.018612s ]
INFO: [ view_filter ] --START--
INFO: Run Behavior\WriteHtmlCacheBehavior [ RunTime:0.001001s ]
INFO: [ view_filter ] --END-- [ RunTime:0.001286s ]
INFO: [ app_end ] --START--
INFO: Run Behavior\ShowPageTraceBehavior [ RunTime:0.001276s ]
INFO: [ app_end ] --END-- [ RunTime:0.001523s ]

[ 2018-06-01T10:06:43+08:00 ] ::1 /jiimadeeee/index.php/Admin/Furniture/furniture_quote/id/3.html
INFO: [ app_init ] --START--
INFO: Run Behavior\BuildLiteBehavior [ RunTime:0.000027s ]
INFO: [ app_init ] --END-- [ RunTime:0.000478s ]
INFO: [ app_begin ] --START--
INFO: Run Behavior\ReadHtmlCacheBehavior [ RunTime:0.000615s ]
INFO: [ app_begin ] --END-- [ RunTime:0.000746s ]
NOTIC: [8] A session had already been started - ignoring session_start() D:\wamp\wamp64\www\jiimadeeee\Application\Admin\Controller\BaseController.class.php 第 9 行.
SQL: SHOW COLUMNS FROM `made_furniture` [ RunTime:0.0015s ]
SQL: SHOW COLUMNS FROM `made_model` [ RunTime:0.0006s ]
SQL: SHOW COLUMNS FROM `made_furniture_quote` [ RunTime:0.0014s ]
SQL: SELECT `id`,`model_name` FROM `made_model`  [ RunTime:0.0003s ]
SQL: SELECT `attribute` FROM `made_furniture` WHERE `id` = 3 LIMIT 1   [ RunTime:0.0003s ]
SQL: SELECT * FROM `made_furniture_quote` WHERE `fur_id` = '3'  [ RunTime:0.0003s ]
INFO: [ view_parse ] --START--
INFO: [ template_filter ] --START--
INFO: Run Behavior\ContentReplaceBehavior [ RunTime:0.000110s ]
INFO: [ template_filter ] --END-- [ RunTime:0.000233s ]
INFO: Run Behavior\ParseTemplateBehavior [ RunTime:0.013542s ]
INFO: [ view_parse ] --END-- [ RunTime:0.013756s ]
INFO: [ view_filter ] --START--
INFO: Run Behavior\WriteHtmlCacheBehavior [ RunTime:0.000461s ]
INFO: [ view_filter ] --END-- [ RunTime:0.000586s ]
INFO: [ app_end ] --START--
INFO: Run Behavior\ShowPageTraceBehavior [ RunTime:0.000613s ]
INFO: [ app_end ] --END-- [ RunTime:0.000720s ]

[ 2018-06-01T10:06:58+08:00 ] ::1 /jiimadeeee/index.php/Admin/Furniture/furniture_quote/id/3.html
INFO: [ app_init ] --START--
INFO: Run Behavior\BuildLiteBehavior [ RunTime:0.000023s ]
INFO: [ app_init ] --END-- [ RunTime:0.000472s ]
INFO: [ app_begin ] --START--
INFO: Run Behavior\ReadHtmlCacheBehavior [ RunTime:0.000613s ]
INFO: [ app_begin ] --END-- [ RunTime:0.000740s ]
NOTIC: [8] A session had already been started - ignoring session_start() D:\wamp\wamp64\www\jiimadeeee\Application\Admin\Controller\BaseController.class.php 第 9 行.
SQL: SHOW COLUMNS FROM `made_furniture` [ RunTime:0.0005s ]
SQL: SHOW COLUMNS FROM `made_model` [ RunTime:0.0013s ]
SQL: SHOW COLUMNS FROM `made_furniture_quote` [ RunTime:0.0011s ]
SQL: SELECT `id`,`model_name` FROM `made_model`  [ RunTime:0.0002s ]
SQL: SELECT `attribute` FROM `made_furniture` WHERE `id` = 3 LIMIT 1   [ RunTime:0.0001s ]
SQL: SELECT * FROM `made_furniture_quote` WHERE `fur_id` = '3'  [ RunTime:0.0002s ]
SQL: INSERT INTO `made_furniture_quote` (`fur_id`,`model_id`,`fur_attr_id`,`img_src`) VALUES ('3','1','0','http://p5koaz6je.bkt.clouddn.com/jiimade/view/images/furnitureModel/2018/06/01/16510?') [ RunTime:0.0023s ]
INFO: [ view_parse ] --START--
INFO: [ template_filter ] --START--
INFO: Run Behavior\ContentReplaceBehavior [ RunTime:0.000128s ]
INFO: [ template_filter ] --END-- [ RunTime:0.000350s ]
INFO: Run Behavior\ParseTemplateBehavior [ RunTime:0.013287s ]
INFO: [ view_parse ] --END-- [ RunTime:0.013482s ]
INFO: [ view_filter ] --START--
INFO: Run Behavior\WriteHtmlCacheBehavior [ RunTime:0.000507s ]
INFO: [ view_filter ] --END-- [ RunTime:0.000637s ]
INFO: [ view_parse ] --START--
INFO: [ template_filter ] --START--
INFO: Run Behavior\ContentReplaceBehavior [ RunTime:0.000116s ]
INFO: [ template_filter ] --END-- [ RunTime:-0.006933s ]
INFO: Run Behavior\ParseTemplateBehavior [ RunTime:0.007424s ]
INFO: [ view_parse ] --END-- [ RunTime:-0.001390s ]
INFO: [ view_filter ] --START--
INFO: Run Behavior\WriteHtmlCacheBehavior [ RunTime:0.000036s ]
INFO: [ view_filter ] --END-- [ RunTime:-0.008310s ]
INFO: [ app_end ] --START--
INFO: Run Behavior\ShowPageTraceBehavior [ RunTime:0.000722s ]
INFO: [ app_end ] --END-- [ RunTime:0.000849s ]

[ 2018-06-01T10:06:59+08:00 ] ::1 /jiimadeeee/index.php/Admin/Furniture/furniture_quote/id/3.html
INFO: [ app_init ] --START--
INFO: Run Behavior\BuildLiteBehavior [ RunTime:0.000047s ]
INFO: [ app_init ] --END-- [ RunTime:0.000938s ]
INFO: [ app_begin ] --START--
INFO: Run Behavior\ReadHtmlCacheBehavior [ RunTime:0.001226s ]
INFO: [ app_begin ] --END-- [ RunTime:0.001497s ]
NOTIC: [8] A session had already been started - ignoring session_start() D:\wamp\wamp64\www\jiimadeeee\Application\Admin\Controller\BaseController.class.php 第 9 行.
SQL: SHOW COLUMNS FROM `made_furniture` [ RunTime:0.0008s ]
SQL: SHOW COLUMNS FROM `made_model` [ RunTime:0.0008s ]
SQL: SHOW COLUMNS FROM `made_furniture_quote` [ RunTime:0.0022s ]
SQL: SELECT `id`,`model_name` FROM `made_model`  [ RunTime:0.0002s ]
SQL: SELECT `attribute` FROM `made_furniture` WHERE `id` = 3 LIMIT 1   [ RunTime:0.0002s ]
SQL: SELECT * FROM `made_furniture_quote` WHERE `fur_id` = '3'  [ RunTime:0.0003s ]
INFO: [ view_parse ] --START--
INFO: [ template_filter ] --START--
INFO: Run Behavior\ContentReplaceBehavior [ RunTime:0.000097s ]
INFO: [ template_filter ] --END-- [ RunTime:0.000207s ]
INFO: Run Behavior\ParseTemplateBehavior [ RunTime:0.011151s ]
INFO: [ view_parse ] --END-- [ RunTime:0.011406s ]
INFO: [ view_filter ] --START--
INFO: Run Behavior\WriteHtmlCacheBehavior [ RunTime:0.000982s ]
INFO: [ view_filter ] --END-- [ RunTime:0.001197s ]
INFO: [ app_end ] --START--
INFO: Run Behavior\ShowPageTraceBehavior [ RunTime:0.000703s ]
INFO: [ app_end ] --END-- [ RunTime:0.000813s ]

[ 2018-06-01T10:07:25+08:00 ] ::1 /jiimadeeee/index.php/Admin/Quote/lst.html
INFO: [ app_init ] --START--
INFO: Run Behavior\BuildLiteBehavior [ RunTime:0.000021s ]
INFO: [ app_init ] --END-- [ RunTime:0.000434s ]
INFO: [ app_begin ] --START--
INFO: Run Behavior\ReadHtmlCacheBehavior [ RunTime:0.000645s ]
INFO: [ app_begin ] --END-- [ RunTime:0.000797s ]
NOTIC: [8] A session had already been started - ignoring session_start() D:\wamp\wamp64\www\jiimadeeee\Application\Admin\Controller\BaseController.class.php 第 9 行.
SQL: SHOW COLUMNS FROM `made_quote` [ RunTime:0.0005s ]
NOTIC: [2] Missing argument 1 for Admin\Model\QuoteModel::search(), called in D:\wamp\wamp64\www\jiimadeeee\Application\Admin\Controller\QuoteController.class.php on line 13 and defined D:\wamp\wamp64\www\jiimadeeee\Application\Admin\Model\QuoteModel.class.php 第 22 行.
SQL: SELECT COUNT(*) AS tp_count FROM `made_quote` LIMIT 1   [ RunTime:0.0001s ]
NOTIC: [8] Undefined variable: perpage D:\wamp\wamp64\www\jiimadeeee\Application\Admin\Model\QuoteModel.class.php 第 39 行.
NOTIC: [2] Division by zero D:\wamp\wamp64\www\jiimadeeee\ThinkPHP\Library\Think\Page.class.php 第 84 行.
SQL: SELECT a.* FROM made_quote a  [ RunTime:0.0002s ]
INFO: [ view_parse ] --START--
INFO: [ template_filter ] --START--
INFO: Run Behavior\ContentReplaceBehavior [ RunTime:0.000080s ]
INFO: [ template_filter ] --END-- [ RunTime:0.000207s ]
INFO: Run Behavior\ParseTemplateBehavior [ RunTime:0.009199s ]
INFO: [ view_parse ] --END-- [ RunTime:0.009337s ]
INFO: [ view_filter ] --START--
INFO: Run Behavior\WriteHtmlCacheBehavior [ RunTime:0.000468s ]
INFO: [ view_filter ] --END-- [ RunTime:0.000602s ]
INFO: [ app_end ] --START--
INFO: Run Behavior\ShowPageTraceBehavior [ RunTime:0.000619s ]
INFO: [ app_end ] --END-- [ RunTime:0.000736s ]

[ 2018-06-01T10:07:26+08:00 ] ::1 /jiimadeeee/index.php/Admin/Quote/add.html
INFO: [ app_init ] --START--
INFO: Run Behavior\BuildLiteBehavior [ RunTime:0.000022s ]
INFO: [ app_init ] --END-- [ RunTime:0.000431s ]
INFO: [ app_begin ] --START--
INFO: Run Behavior\ReadHtmlCacheBehavior [ RunTime:0.000613s ]
INFO: [ app_begin ] --END-- [ RunTime:0.000748s ]
NOTIC: [8] A session had already been started - ignoring session_start() D:\wamp\wamp64\www\jiimadeeee\Application\Admin\Controller\BaseController.class.php 第 9 行.
SQL: SHOW COLUMNS FROM `made_quote` [ RunTime:0.0005s ]
INFO: [ view_parse ] --START--
INFO: [ template_filter ] --START--
INFO: Run Behavior\ContentReplaceBehavior [ RunTime:0.000091s ]
INFO: [ template_filter ] --END-- [ RunTime:0.000216s ]
NOTIC: [8] Undefined variable: catData D:\wamp\wamp64\www\jiimadeeee\Application\Runtime\Cache\Admin\f84922e4e721ddc2c4484d38d7994ee1.php 第 91 行.
INFO: Run Behavior\ParseTemplateBehavior [ RunTime:0.008467s ]
INFO: [ view_parse ] --END-- [ RunTime:0.008601s ]
INFO: [ view_filter ] --START--
INFO: Run Behavior\WriteHtmlCacheBehavior [ RunTime:0.000477s ]
INFO: [ view_filter ] --END-- [ RunTime:0.000611s ]
INFO: [ app_end ] --START--
INFO: Run Behavior\ShowPageTraceBehavior [ RunTime:0.000640s ]
INFO: [ app_end ] --END-- [ RunTime:0.000747s ]

[ 2018-06-01T10:07:28+08:00 ] ::1 /jiimadeeee/index.php/Admin/Quote/lst.html
INFO: [ app_init ] --START--
INFO: Run Behavior\BuildLiteBehavior [ RunTime:0.000024s ]
INFO: [ app_init ] --END-- [ RunTime:0.000470s ]
INFO: [ app_begin ] --START--
INFO: Run Behavior\ReadHtmlCacheBehavior [ RunTime:0.000648s ]
INFO: [ app_begin ] --END-- [ RunTime:0.000782s ]
NOTIC: [8] A session had already been started - ignoring session_start() D:\wamp\wamp64\www\jiimadeeee\Application\Admin\Controller\BaseController.class.php 第 9 行.
SQL: SHOW COLUMNS FROM `made_quote` [ RunTime:0.0004s ]
NOTIC: [2] Missing argument 1 for Admin\Model\QuoteModel::search(), called in D:\wamp\wamp64\www\jiimadeeee\Application\Admin\Controller\QuoteController.class.php on line 13 and defined D:\wamp\wamp64\www\jiimadeeee\Application\Admin\Model\QuoteModel.class.php 第 22 行.
SQL: SELECT COUNT(*) AS tp_count FROM `made_quote` LIMIT 1   [ RunTime:0.0001s ]
NOTIC: [8] Undefined variable: perpage D:\wamp\wamp64\www\jiimadeeee\Application\Admin\Model\QuoteModel.class.php 第 39 行.
NOTIC: [2] Division by zero D:\wamp\wamp64\www\jiimadeeee\ThinkPHP\Library\Think\Page.class.php 第 84 行.
SQL: SELECT a.* FROM made_quote a  [ RunTime:0.0003s ]
INFO: [ view_parse ] --START--
INFO: [ template_filter ] --START--
INFO: Run Behavior\ContentReplaceBehavior [ RunTime:0.000079s ]
INFO: [ template_filter ] --END-- [ RunTime:0.000197s ]
INFO: Run Behavior\ParseTemplateBehavior [ RunTime:0.009384s ]
INFO: [ view_parse ] --END-- [ RunTime:0.009517s ]
INFO: [ view_filter ] --START--
INFO: Run Behavior\WriteHtmlCacheBehavior [ RunTime:0.000457s ]
INFO: [ view_filter ] --END-- [ RunTime:0.000582s ]
INFO: [ app_end ] --START--
INFO: Run Behavior\ShowPageTraceBehavior [ RunTime:0.000600s ]
INFO: [ app_end ] --END-- [ RunTime:0.000708s ]

[ 2018-06-01T10:07:29+08:00 ] ::1 /jiimadeeee/index.php/Admin/Quote/detail/id/20180522154224089586.html
INFO: [ app_init ] --START--
INFO: Run Behavior\BuildLiteBehavior [ RunTime:0.000023s ]
INFO: [ app_init ] --END-- [ RunTime:0.000463s ]
INFO: [ app_begin ] --START--
INFO: Run Behavior\ReadHtmlCacheBehavior [ RunTime:0.000627s ]
INFO: [ app_begin ] --END-- [ RunTime:0.000769s ]
NOTIC: [8] A session had already been started - ignoring session_start() D:\wamp\wamp64\www\jiimadeeee\Application\Admin\Controller\BaseController.class.php 第 9 行.
SQL: SHOW COLUMNS FROM `made_quote` [ RunTime:0.0005s ]
SQL: SELECT * FROM `made_quote` WHERE `id` = '20180522154224089586' LIMIT 1   [ RunTime:0.0002s ]
SQL: SHOW COLUMNS FROM `made_module` [ RunTime:0.0005s ]
SQL: SELECT a.*,b.formula FROM made_module a LEFT JOIN made_model b ON a.model_id = b.id  WHERE a.quote_id = '20180522154224089586' ORDER BY a.sort_id asc  [ RunTime:0.0003s ]
INFO: [ view_parse ] --START--
INFO: [ template_filter ] --START--
INFO: Run Behavior\ContentReplaceBehavior [ RunTime:0.000125s ]
INFO: [ template_filter ] --END-- [ RunTime:0.000236s ]
NOTIC: [8] Undefined index: module D:\wamp\wamp64\www\jiimadeeee\Application\Runtime\Cache\Admin\3eb234c616c7cbdf8762b22fa6994749.php 第 134 行.
NOTIC: [2] Invalid argument supplied for foreach() D:\wamp\wamp64\www\jiimadeeee\Application\Runtime\Cache\Admin\3eb234c616c7cbdf8762b22fa6994749.php 第 134 行.
NOTIC: [8] Undefined index: module D:\wamp\wamp64\www\jiimadeeee\Application\Runtime\Cache\Admin\3eb234c616c7cbdf8762b22fa6994749.php 第 208 行.
NOTIC: [2] Invalid argument supplied for foreach() D:\wamp\wamp64\www\jiimadeeee\Application\Runtime\Cache\Admin\3eb234c616c7cbdf8762b22fa6994749.php 第 208 行.
NOTIC: [8] Undefined index: module D:\wamp\wamp64\www\jiimadeeee\Application\Runtime\Cache\Admin\3eb234c616c7cbdf8762b22fa6994749.php 第 282 行.
NOTIC: [2] Invalid argument supplied for foreach() D:\wamp\wamp64\www\jiimadeeee\Application\Runtime\Cache\Admin\3eb234c616c7cbdf8762b22fa6994749.php 第 282 行.
INFO: Run Behavior\ParseTemplateBehavior [ RunTime:0.016887s ]
INFO: [ view_parse ] --END-- [ RunTime:0.017019s ]
INFO: [ view_filter ] --START--
INFO: Run Behavior\WriteHtmlCacheBehavior [ RunTime:0.000464s ]
INFO: [ view_filter ] --END-- [ RunTime:0.000588s ]
INFO: [ app_end ] --START--
INFO: Run Behavior\ShowPageTraceBehavior [ RunTime:0.000658s ]
INFO: [ app_end ] --END-- [ RunTime:0.000763s ]

[ 2018-06-01T10:07:31+08:00 ] ::1 /jiimadeeee/index.php/Admin/Quote/chooseFurniture/id/20180522154224089586.html
INFO: [ app_init ] --START--
INFO: Run Behavior\BuildLiteBehavior [ RunTime:0.000023s ]
INFO: [ app_init ] --END-- [ RunTime:0.000465s ]
INFO: [ app_begin ] --START--
INFO: Run Behavior\ReadHtmlCacheBehavior [ RunTime:0.000683s ]
INFO: [ app_begin ] --END-- [ RunTime:0.000814s ]
NOTIC: [8] A session had already been started - ignoring session_start() D:\wamp\wamp64\www\jiimadeeee\Application\Admin\Controller\BaseController.class.php 第 9 行.
SQL: SHOW COLUMNS FROM `made_furniture` [ RunTime:0.0005s ]
SQL: SELECT `id`,`fur_name`,`img_src` FROM `made_furniture` ORDER BY sort_id desc  [ RunTime:0.0003s ]
INFO: [ view_parse ] --START--
INFO: [ template_filter ] --START--
INFO: Run Behavior\ContentReplaceBehavior [ RunTime:0.000070s ]
INFO: [ template_filter ] --END-- [ RunTime:0.000179s ]
NOTIC: [8] Undefined index: model_name D:\wamp\wamp64\www\jiimadeeee\Application\Runtime\Cache\Admin\a040ff70c7464c3e879b4a5643263946.php 第 54 行.
NOTIC: [8] Undefined index: model_name D:\wamp\wamp64\www\jiimadeeee\Application\Runtime\Cache\Admin\a040ff70c7464c3e879b4a5643263946.php 第 54 行.
NOTIC: [8] Undefined index: model_name D:\wamp\wamp64\www\jiimadeeee\Application\Runtime\Cache\Admin\a040ff70c7464c3e879b4a5643263946.php 第 54 行.
INFO: Run Behavior\ParseTemplateBehavior [ RunTime:0.009049s ]
INFO: [ view_parse ] --END-- [ RunTime:0.009192s ]
INFO: [ view_filter ] --START--
INFO: Run Behavior\WriteHtmlCacheBehavior [ RunTime:0.000484s ]
INFO: [ view_filter ] --END-- [ RunTime:0.000619s ]
INFO: [ app_end ] --START--
INFO: Run Behavior\ShowPageTraceBehavior [ RunTime:0.000707s ]
INFO: [ app_end ] --END-- [ RunTime:0.000813s ]

[ 2018-06-01T10:07:32+08:00 ] ::1 /jiimadeeee/index.php/Admin/Quote/addModule/id/3/quoteId/20180522154224089586.html
INFO: [ app_init ] --START--
INFO: Run Behavior\BuildLiteBehavior [ RunTime:0.000022s ]
INFO: [ app_init ] --END-- [ RunTime:0.000449s ]
INFO: [ app_begin ] --START--
INFO: Run Behavior\ReadHtmlCacheBehavior [ RunTime:0.000617s ]
INFO: [ app_begin ] --END-- [ RunTime:0.000792s ]
NOTIC: [8] A session had already been started - ignoring session_start() D:\wamp\wamp64\www\jiimadeeee\Application\Admin\Controller\BaseController.class.php 第 9 行.
SQL: SHOW COLUMNS FROM `made_furniture` [ RunTime:0.0005s ]
SQL: SELECT * FROM `made_furniture` WHERE `id` = 3 LIMIT 1   [ RunTime:0.0002s ]
INFO: [ view_parse ] --START--
INFO: [ template_filter ] --START--
INFO: Run Behavior\ContentReplaceBehavior [ RunTime:0.000101s ]
INFO: [ template_filter ] --END-- [ RunTime:0.000212s ]
INFO: Run Behavior\ParseTemplateBehavior [ RunTime:0.010235s ]
INFO: [ view_parse ] --END-- [ RunTime:0.010375s ]
INFO: [ view_filter ] --START--
INFO: Run Behavior\WriteHtmlCacheBehavior [ RunTime:0.000464s ]
INFO: [ view_filter ] --END-- [ RunTime:0.000589s ]
INFO: [ app_end ] --START--
INFO: Run Behavior\ShowPageTraceBehavior [ RunTime:0.000666s ]
INFO: [ app_end ] --END-- [ RunTime:0.000776s ]

[ 2018-06-01T10:07:32+08:00 ] ::1 /jiimadeeee/index.php/Admin/Quote/ajaxGetModel?attr=0&furId=3
INFO: [ app_init ] --START--
INFO: Run Behavior\BuildLiteBehavior [ RunTime:0.000022s ]
INFO: [ app_init ] --END-- [ RunTime:0.000436s ]
INFO: [ app_begin ] --START--
INFO: Run Behavior\ReadHtmlCacheBehavior [ RunTime:0.000696s ]
INFO: [ app_begin ] --END-- [ RunTime:0.000814s ]
NOTIC: [8] A session had already been started - ignoring session_start() D:\wamp\wamp64\www\jiimadeeee\Application\Admin\Controller\BaseController.class.php 第 9 行.
SQL: SHOW COLUMNS FROM `made_furniture_quote` [ RunTime:0.0014s ]
SQL: SHOW COLUMNS FROM `made_goods` [ RunTime:0.0004s ]
SQL: SELECT a.id,a.img_src,b.material,b.parameter,b.ext FROM made_furniture_quote a LEFT JOIN made_model b ON a.model_id = b.id  WHERE `fur_id` = '3' AND `fur_attr_id` = '0'  [ RunTime:0.0003s ]
SQL: SELECT `id`,`goods_name` FROM `made_goods` WHERE `cat_id` IN ('3','8') AND `is_quote` = '1'  [ RunTime:0.0002s ]
SQL: SELECT `id`,`goods_name` FROM `made_goods` WHERE `cat_id` IN ('8','1') AND `is_quote` = '1'  [ RunTime:0.0002s ]
INFO: [ app_end ] --START--
INFO: Run Behavior\ShowPageTraceBehavior [ RunTime:0.000702s ]
INFO: [ app_end ] --END-- [ RunTime:0.000795s ]

[ 2018-06-01T13:52:12+08:00 ] ::1 /jiimadeeee/index.php/admin/index/index
INFO: [ app_init ] --START--
INFO: Run Behavior\BuildLiteBehavior [ RunTime:0.000185s ]
INFO: [ app_init ] --END-- [ RunTime:0.003398s ]
INFO: [ app_begin ] --START--
INFO: Run Behavior\ReadHtmlCacheBehavior [ RunTime:0.004039s ]
INFO: [ app_begin ] --END-- [ RunTime:0.005257s ]
NOTIC: [8] A session had already been started - ignoring session_start() D:\wamp\wamp64\www\jiimadeeee\Application\Admin\Controller\BaseController.class.php 第 9 行.
INFO: [ view_parse ] --START--
INFO: [ template_filter ] --START--
INFO: Run Behavior\ContentReplaceBehavior [ RunTime:0.000511s ]
INFO: [ template_filter ] --END-- [ RunTime:0.001460s ]
INFO: Run Behavior\ParseTemplateBehavior [ RunTime:0.050856s ]
INFO: [ view_parse ] --END-- [ RunTime:0.052000s ]
INFO: [ view_filter ] --START--
INFO: Run Behavior\WriteHtmlCacheBehavior [ RunTime:0.002349s ]
INFO: [ view_filter ] --END-- [ RunTime:0.003076s ]

[ 2018-06-01T13:52:13+08:00 ] ::1 /jiimadeeee/index.php/Admin/Login/login.html
INFO: [ app_init ] --START--
INFO: Run Behavior\BuildLiteBehavior [ RunTime:0.000142s ]
INFO: [ app_init ] --END-- [ RunTime:0.002661s ]
INFO: [ app_begin ] --START--
INFO: Run Behavior\ReadHtmlCacheBehavior [ RunTime:0.003533s ]
INFO: [ app_begin ] --END-- [ RunTime:0.004635s ]
INFO: [ view_parse ] --START--
INFO: [ template_filter ] --START--
INFO: Run Behavior\ContentReplaceBehavior [ RunTime:0.000498s ]
INFO: [ template_filter ] --END-- [ RunTime:0.001241s ]
INFO: Run Behavior\ParseTemplateBehavior [ RunTime:0.051493s ]
INFO: [ view_parse ] --END-- [ RunTime:0.052973s ]
INFO: [ view_filter ] --START--
INFO: Run Behavior\WriteHtmlCacheBehavior [ RunTime:0.003049s ]
INFO: [ view_filter ] --END-- [ RunTime:0.004011s ]
INFO: [ app_end ] --START--
INFO: Run Behavior\ShowPageTraceBehavior [ RunTime:0.003112s ]
INFO: [ app_end ] --END-- [ RunTime:0.003930s ]

[ 2018-06-01T13:52:14+08:00 ] ::1 /jiimadeeee/index.php/Admin/Login/chkcode.html
INFO: [ app_init ] --START--
INFO: Run Behavior\BuildLiteBehavior [ RunTime:0.000235s ]
INFO: [ app_init ] --END-- [ RunTime:0.003032s ]
INFO: [ app_begin ] --START--
INFO: Run Behavior\ReadHtmlCacheBehavior [ RunTime:0.004776s ]
INFO: [ app_begin ] --END-- [ RunTime:0.006380s ]
NOTIC: [8] A session had already been started - ignoring session_start() D:\wamp\wamp64\www\jiimadeeee\Application\Admin\Controller\LoginController.class.php 第 29 行.
INFO: [ app_end ] --START--
INFO: Run Behavior\ShowPageTraceBehavior [ RunTime:0.002890s ]
INFO: [ app_end ] --END-- [ RunTime:0.003592s ]

[ 2018-06-01T13:52:24+08:00 ] ::1 /jiimadeeee/index.php/Admin/Login/login.html
INFO: [ app_init ] --START--
INFO: Run Behavior\BuildLiteBehavior [ RunTime:0.000056s ]
INFO: [ app_init ] --END-- [ RunTime:0.001843s ]
INFO: [ app_begin ] --START--
INFO: Run Behavior\ReadHtmlCacheBehavior [ RunTime:0.004904s ]
INFO: [ app_begin ] --END-- [ RunTime:0.005974s ]
SQL: SHOW COLUMNS FROM `made_admin` [ RunTime:0.0074s ]
NOTIC: [8] A session had already been started - ignoring session_start() D:\wamp\wamp64\www\jiimadeeee\Application\Admin\Model\AdminModel.class.php 第 36 行.
NOTIC: [8] Undefined index: auto D:\wamp\wamp64\www\jiimadeeee\ThinkPHP\Library\Think\Model.class.php 第 1128 行.
SQL: SELECT * FROM `made_admin` WHERE `username` = 'root' LIMIT 1   [ RunTime:0.0008s ]
INFO: [ view_parse ] --START--
INFO: [ template_filter ] --START--
INFO: Run Behavior\ContentReplaceBehavior [ RunTime:0.000298s ]
INFO: [ template_filter ] --END-- [ RunTime:0.000715s ]
INFO: Run Behavior\ParseTemplateBehavior [ RunTime:0.039534s ]
INFO: [ view_parse ] --END-- [ RunTime:0.040408s ]
INFO: [ view_filter ] --START--
INFO: Run Behavior\WriteHtmlCacheBehavior [ RunTime:0.003357s ]
INFO: [ view_filter ] --END-- [ RunTime:0.004484s ]

[ 2018-06-01T13:52:27+08:00 ] ::1 /jiimadeeee/index.php/Admin/Login/login.html
INFO: [ app_init ] --START--
INFO: Run Behavior\BuildLiteBehavior [ RunTime:0.000176s ]
INFO: [ app_init ] --END-- [ RunTime:0.003799s ]
INFO: [ app_begin ] --START--
INFO: Run Behavior\ReadHtmlCacheBehavior [ RunTime:0.003614s ]
INFO: [ app_begin ] --END-- [ RunTime:0.004467s ]
INFO: [ view_parse ] --START--
INFO: [ template_filter ] --START--
INFO: Run Behavior\ContentReplaceBehavior [ RunTime:0.000430s ]
INFO: [ template_filter ] --END-- [ RunTime:0.001147s ]
INFO: Run Behavior\ParseTemplateBehavior [ RunTime:0.049380s ]
INFO: [ view_parse ] --END-- [ RunTime:0.050145s ]
INFO: [ view_filter ] --START--
INFO: Run Behavior\WriteHtmlCacheBehavior [ RunTime:0.003807s ]
INFO: [ view_filter ] --END-- [ RunTime:0.004797s ]
INFO: [ app_end ] --START--
INFO: Run Behavior\ShowPageTraceBehavior [ RunTime:0.002590s ]
INFO: [ app_end ] --END-- [ RunTime:0.003303s ]

[ 2018-06-01T13:52:41+08:00 ] ::1 /jiimadeeee/index.php/Admin/Login/chkcode.html
INFO: [ app_init ] --START--
INFO: Run Behavior\BuildLiteBehavior [ RunTime:0.000139s ]
INFO: [ app_init ] --END-- [ RunTime:0.003193s ]
INFO: [ app_begin ] --START--
INFO: Run Behavior\ReadHtmlCacheBehavior [ RunTime:0.002898s ]
INFO: [ app_begin ] --END-- [ RunTime:0.003406s ]
NOTIC: [8] A session had already been started - ignoring session_start() D:\wamp\wamp64\www\jiimadeeee\Application\Admin\Controller\LoginController.class.php 第 29 行.
INFO: [ app_end ] --START--
INFO: Run Behavior\ShowPageTraceBehavior [ RunTime:0.004851s ]
INFO: [ app_end ] --END-- [ RunTime:0.006122s ]

[ 2018-06-01T13:52:42+08:00 ] ::1 /jiimadeeee/index.php/Admin/Login/chkcode.html
INFO: [ app_init ] --START--
INFO: Run Behavior\BuildLiteBehavior [ RunTime:0.000047s ]
INFO: [ app_init ] --END-- [ RunTime:0.004668s ]
INFO: [ app_begin ] --START--
INFO: Run Behavior\ReadHtmlCacheBehavior [ RunTime:0.006436s ]
INFO: [ app_begin ] --END-- [ RunTime:0.007809s ]
NOTIC: [8] A session had already been started - ignoring session_start() D:\wamp\wamp64\www\jiimadeeee\Application\Admin\Controller\LoginController.class.php 第 29 行.
INFO: [ app_end ] --START--
INFO: Run Behavior\ShowPageTraceBehavior [ RunTime:0.004213s ]
INFO: [ app_end ] --END-- [ RunTime:0.005233s ]

[ 2018-06-01T13:52:45+08:00 ] ::1 /jiimadeeee/index.php/Admin/Login/login.html
INFO: [ app_init ] --START--
INFO: Run Behavior\BuildLiteBehavior [ RunTime:0.000205s ]
INFO: [ app_init ] --END-- [ RunTime:0.004252s ]
INFO: [ app_begin ] --START--
INFO: Run Behavior\ReadHtmlCacheBehavior [ RunTime:0.003198s ]
INFO: [ app_begin ] --END-- [ RunTime:0.003966s ]
SQL: SHOW COLUMNS FROM `made_admin` [ RunTime:0.0042s ]
NOTIC: [8] A session had already been started - ignoring session_start() D:\wamp\wamp64\www\jiimadeeee\Application\Admin\Model\AdminModel.class.php 第 36 行.
NOTIC: [8] Undefined index: auto D:\wamp\wamp64\www\jiimadeeee\ThinkPHP\Library\Think\Model.class.php 第 1128 行.
SQL: SELECT * FROM `made_admin` WHERE `username` = 'root' LIMIT 1   [ RunTime:0.0009s ]
NOTIC: [8] A session had already been started - ignoring session_start() D:\wamp\wamp64\www\jiimadeeee\Application\Admin\Model\AdminModel.class.php 第 54 行.
INFO: [ view_parse ] --START--
INFO: [ template_filter ] --START--
INFO: Run Behavior\ContentReplaceBehavior [ RunTime:0.000565s ]
INFO: [ template_filter ] --END-- [ RunTime:0.001573s ]
INFO: Run Behavior\ParseTemplateBehavior [ RunTime:0.042990s ]
INFO: [ view_parse ] --END-- [ RunTime:0.044070s ]
INFO: [ view_filter ] --START--
INFO: Run Behavior\WriteHtmlCacheBehavior [ RunTime:0.002870s ]
INFO: [ view_filter ] --END-- [ RunTime:0.003810s ]
INFO: [ view_parse ] --START--
INFO: [ template_filter ] --START--
INFO: Run Behavior\ContentReplaceBehavior [ RunTime:0.000715s ]
INFO: [ template_filter ] --END-- [ RunTime:-0.027983s ]
INFO: Run Behavior\ParseTemplateBehavior [ RunTime:0.022338s ]
INFO: [ view_parse ] --END-- [ RunTime:-0.006532s ]
INFO: [ view_filter ] --START--
INFO: Run Behavior\WriteHtmlCacheBehavior [ RunTime:0.000172s ]
INFO: [ view_filter ] --END-- [ RunTime:-0.025902s ]

[ 2018-06-01T13:52:47+08:00 ] ::1 /jiimadeeee/index.php/Admin/index/index.html
INFO: [ app_init ] --START--
INFO: Run Behavior\BuildLiteBehavior [ RunTime:0.000115s ]
INFO: [ app_init ] --END-- [ RunTime:0.001409s ]
INFO: [ app_begin ] --START--
INFO: Run Behavior\ReadHtmlCacheBehavior [ RunTime:0.005827s ]
INFO: [ app_begin ] --END-- [ RunTime:0.007061s ]
NOTIC: [8] A session had already been started - ignoring session_start() D:\wamp\wamp64\www\jiimadeeee\Application\Admin\Controller\BaseController.class.php 第 9 行.
INFO: [ view_parse ] --START--
INFO: [ template_filter ] --START--
INFO: Run Behavior\ContentReplaceBehavior [ RunTime:0.000073s ]
INFO: [ template_filter ] --END-- [ RunTime:0.000210s ]
INFO: Run Behavior\ParseTemplateBehavior [ RunTime:0.025725s ]
INFO: [ view_parse ] --END-- [ RunTime:0.026810s ]
INFO: [ view_filter ] --START--
INFO: Run Behavior\WriteHtmlCacheBehavior [ RunTime:0.003110s ]
INFO: [ view_filter ] --END-- [ RunTime:0.003849s ]
INFO: [ app_end ] --START--
INFO: Run Behavior\ShowPageTraceBehavior [ RunTime:0.007196s ]
INFO: [ app_end ] --END-- [ RunTime:0.008653s ]

[ 2018-06-01T13:52:47+08:00 ] ::1 /jiimadeeee/index.php/Admin/index/menu.html
INFO: [ app_init ] --START--
INFO: Run Behavior\BuildLiteBehavior [ RunTime:0.000041s ]
INFO: [ app_init ] --END-- [ RunTime:0.000841s ]
INFO: [ app_begin ] --START--
INFO: Run Behavior\ReadHtmlCacheBehavior [ RunTime:0.004134s ]
INFO: [ app_begin ] --END-- [ RunTime:0.005143s ]
NOTIC: [8] A session had already been started - ignoring session_start() D:\wamp\wamp64\www\jiimadeeee\Application\Admin\Controller\BaseController.class.php 第 9 行.
INFO: [ view_parse ] --START--
INFO: [ template_filter ] --START--
INFO: Run Behavior\ContentReplaceBehavior [ RunTime:0.000266s ]
INFO: [ template_filter ] --END-- [ RunTime:0.000426s ]
INFO: Run Behavior\ParseTemplateBehavior [ RunTime:0.017136s ]
INFO: [ view_parse ] --END-- [ RunTime:0.017321s ]
INFO: [ view_filter ] --START--
INFO: Run Behavior\WriteHtmlCacheBehavior [ RunTime:0.003176s ]
INFO: [ view_filter ] --END-- [ RunTime:0.004559s ]
INFO: [ app_end ] --START--
INFO: Run Behavior\ShowPageTraceBehavior [ RunTime:0.002650s ]
INFO: [ app_end ] --END-- [ RunTime:0.002901s ]

[ 2018-06-01T13:52:47+08:00 ] ::1 /jiimadeeee/index.php/Admin/index/top.html
INFO: [ app_init ] --START--
INFO: Run Behavior\BuildLiteBehavior [ RunTime:0.000050s ]
INFO: [ app_init ] --END-- [ RunTime:0.001583s ]
INFO: [ app_begin ] --START--
INFO: Run Behavior\ReadHtmlCacheBehavior [ RunTime:0.001498s ]
INFO: [ app_begin ] --END-- [ RunTime:0.001737s ]
NOTIC: [8] A session had already been started - ignoring session_start() D:\wamp\wamp64\www\jiimadeeee\Application\Admin\Controller\BaseController.class.php 第 9 行.
INFO: [ view_parse ] --START--
INFO: [ template_filter ] --START--
INFO: Run Behavior\ContentReplaceBehavior [ RunTime:0.000570s ]
INFO: [ template_filter ] --END-- [ RunTime:0.002269s ]
INFO: Run Behavior\ParseTemplateBehavior [ RunTime:0.050252s ]
INFO: [ view_parse ] --END-- [ RunTime:0.051442s ]
INFO: [ view_filter ] --START--
INFO: Run Behavior\WriteHtmlCacheBehavior [ RunTime:0.004839s ]
INFO: [ view_filter ] --END-- [ RunTime:0.005741s ]
INFO: [ app_end ] --START--
INFO: Run Behavior\ShowPageTraceBehavior [ RunTime:0.005985s ]
INFO: [ app_end ] --END-- [ RunTime:0.007552s ]

[ 2018-06-01T13:52:47+08:00 ] ::1 /jiimadeeee/index.php/Admin/index/main.html
INFO: [ app_init ] --START--
INFO: Run Behavior\BuildLiteBehavior [ RunTime:0.000327s ]
INFO: [ app_init ] --END-- [ RunTime:0.003664s ]
INFO: [ app_begin ] --START--
INFO: Run Behavior\ReadHtmlCacheBehavior [ RunTime:0.007028s ]
INFO: [ app_begin ] --END-- [ RunTime:0.007961s ]
NOTIC: [8] A session had already been started - ignoring session_start() D:\wamp\wamp64\www\jiimadeeee\Application\Admin\Controller\BaseController.class.php 第 9 行.
INFO: [ view_parse ] --START--
INFO: [ template_filter ] --START--
INFO: Run Behavior\ContentReplaceBehavior [ RunTime:0.001122s ]
INFO: [ template_filter ] --END-- [ RunTime:0.002683s ]
INFO: Run Behavior\ParseTemplateBehavior [ RunTime:0.057180s ]
INFO: [ view_parse ] --END-- [ RunTime:0.059170s ]
INFO: [ view_filter ] --START--
INFO: Run Behavior\WriteHtmlCacheBehavior [ RunTime:0.002669s ]
INFO: [ view_filter ] --END-- [ RunTime:0.003130s ]
INFO: [ app_end ] --START--
INFO: Run Behavior\ShowPageTraceBehavior [ RunTime:0.004682s ]
INFO: [ app_end ] --END-- [ RunTime:0.005515s ]

[ 2018-06-01T13:52:50+08:00 ] ::1 /jiimadeeee/index.php/Admin/Quote/lst.html
INFO: [ app_init ] --START--
INFO: Run Behavior\BuildLiteBehavior [ RunTime:0.000193s ]
INFO: [ app_init ] --END-- [ RunTime:0.004189s ]
INFO: [ app_begin ] --START--
INFO: Run Behavior\ReadHtmlCacheBehavior [ RunTime:0.004177s ]
INFO: [ app_begin ] --END-- [ RunTime:0.005023s ]
NOTIC: [8] A session had already been started - ignoring session_start() D:\wamp\wamp64\www\jiimadeeee\Application\Admin\Controller\BaseController.class.php 第 9 行.
SQL: SHOW COLUMNS FROM `made_quote` [ RunTime:0.0022s ]
NOTIC: [2] Missing argument 1 for Admin\Model\QuoteModel::search(), called in D:\wamp\wamp64\www\jiimadeeee\Application\Admin\Controller\QuoteController.class.php on line 13 and defined D:\wamp\wamp64\www\jiimadeeee\Application\Admin\Model\QuoteModel.class.php 第 22 行.
SQL: SELECT COUNT(*) AS tp_count FROM `made_quote` LIMIT 1   [ RunTime:0.0008s ]
NOTIC: [8] Undefined variable: perpage D:\wamp\wamp64\www\jiimadeeee\Application\Admin\Model\QuoteModel.class.php 第 39 行.
NOTIC: [2] Division by zero D:\wamp\wamp64\www\jiimadeeee\ThinkPHP\Library\Think\Page.class.php 第 84 行.
SQL: SELECT a.* FROM made_quote a  [ RunTime:0.0010s ]
INFO: [ view_parse ] --START--
INFO: [ template_filter ] --START--
INFO: Run Behavior\ContentReplaceBehavior [ RunTime:0.000445s ]
INFO: [ template_filter ] --END-- [ RunTime:0.001116s ]
INFO: Run Behavior\ParseTemplateBehavior [ RunTime:0.053629s ]
INFO: [ view_parse ] --END-- [ RunTime:0.054556s ]
INFO: [ view_filter ] --START--
INFO: Run Behavior\WriteHtmlCacheBehavior [ RunTime:0.003372s ]
INFO: [ view_filter ] --END-- [ RunTime:0.004620s ]
INFO: [ app_end ] --START--
INFO: Run Behavior\ShowPageTraceBehavior [ RunTime:0.004127s ]
INFO: [ app_end ] --END-- [ RunTime:0.005140s ]

[ 2018-06-01T13:53:13+08:00 ] ::1 /jiimadeeee/index.php/Admin/Quote/detail/id/20180530170511205737.html
INFO: [ app_init ] --START--
INFO: Run Behavior\BuildLiteBehavior [ RunTime:0.000152s ]
INFO: [ app_init ] --END-- [ RunTime:0.002742s ]
INFO: [ app_begin ] --START--
INFO: Run Behavior\ReadHtmlCacheBehavior [ RunTime:0.003714s ]
INFO: [ app_begin ] --END-- [ RunTime:0.004593s ]
NOTIC: [8] A session had already been started - ignoring session_start() D:\wamp\wamp64\www\jiimadeeee\Application\Admin\Controller\BaseController.class.php 第 9 行.
SQL: SHOW COLUMNS FROM `made_quote` [ RunTime:0.0023s ]
SQL: SELECT * FROM `made_quote` WHERE `id` = '20180530170511205737' LIMIT 1   [ RunTime:0.0010s ]
SQL: SHOW COLUMNS FROM `made_module` [ RunTime:0.0066s ]
SQL: SELECT a.*,b.formula FROM made_module a LEFT JOIN made_model b ON a.model_id = b.id  WHERE a.quote_id = '20180530170511205737' ORDER BY a.sort_id asc  [ RunTime:0.0022s ]
SQL: SHOW COLUMNS FROM `made_goods` [ RunTime:0.0026s ]
SQL: SELECT a.goods_name,max(b.goods_price) as price FROM made_goods a LEFT JOIN made_goods_number b ON a.id=b.goods_id  WHERE a.id = '5' GROUP BY b.goods_id LIMIT 1   [ RunTime:0.0016s ]
SQL: SELECT a.goods_name,max(b.goods_price) as price FROM made_goods a LEFT JOIN made_goods_number b ON a.id=b.goods_id  WHERE a.id = '7' GROUP BY b.goods_id LIMIT 1   [ RunTime:0.0015s ]
NOTIC: [8] Undefined offset: 200 D:\wamp\wamp64\www\jiimadeeee\Application\Admin\Model\ModuleModel.class.php 第 153 行.
SQL: SELECT a.goods_name,max(b.goods_price) as price FROM made_goods a LEFT JOIN made_goods_number b ON a.id=b.goods_id  WHERE a.id = '5' GROUP BY b.goods_id LIMIT 1   [ RunTime:0.0014s ]
SQL: SELECT a.goods_name,max(b.goods_price) as price FROM made_goods a LEFT JOIN made_goods_number b ON a.id=b.goods_id  WHERE a.id = '7' GROUP BY b.goods_id LIMIT 1   [ RunTime:0.0017s ]
NOTIC: [8] Undefined offset: 200 D:\wamp\wamp64\www\jiimadeeee\Application\Admin\Model\ModuleModel.class.php 第 153 行.
INFO: [ view_parse ] --START--
INFO: [ template_filter ] --START--
INFO: Run Behavior\ContentReplaceBehavior [ RunTime:0.001139s ]
INFO: [ template_filter ] --END-- [ RunTime:0.001828s ]
NOTIC: [8] Undefined variable: num D:\wamp\wamp64\www\jiimadeeee\Application\Runtime\Cache\Admin\3eb234c616c7cbdf8762b22fa6994749.php 第 129 行.
NOTIC: [2] Division by zero D:\wamp\wamp64\www\jiimadeeee\Application\Runtime\Cache\Admin\3eb234c616c7cbdf8762b22fa6994749.php 第 129 行.
NOTIC: [8] Undefined variable: num D:\wamp\wamp64\www\jiimadeeee\Application\Runtime\Cache\Admin\3eb234c616c7cbdf8762b22fa6994749.php 第 130 行.
NOTIC: [2] Division by zero D:\wamp\wamp64\www\jiimadeeee\Application\Runtime\Cache\Admin\3eb234c616c7cbdf8762b22fa6994749.php 第 130 行.
NOTIC: [8] Undefined variable: num D:\wamp\wamp64\www\jiimadeeee\Application\Runtime\Cache\Admin\3eb234c616c7cbdf8762b22fa6994749.php 第 129 行.
NOTIC: [2] Division by zero D:\wamp\wamp64\www\jiimadeeee\Application\Runtime\Cache\Admin\3eb234c616c7cbdf8762b22fa6994749.php 第 129 行.
NOTIC: [8] Undefined variable: num D:\wamp\wamp64\www\jiimadeeee\Application\Runtime\Cache\Admin\3eb234c616c7cbdf8762b22fa6994749.php 第 130 行.
NOTIC: [2] Division by zero D:\wamp\wamp64\www\jiimadeeee\Application\Runtime\Cache\Admin\3eb234c616c7cbdf8762b22fa6994749.php 第 130 行.
NOTIC: [8] Undefined variable: num D:\wamp\wamp64\www\jiimadeeee\Application\Runtime\Cache\Admin\3eb234c616c7cbdf8762b22fa6994749.php 第 129 行.
NOTIC: [2] Division by zero D:\wamp\wamp64\www\jiimadeeee\Application\Runtime\Cache\Admin\3eb234c616c7cbdf8762b22fa6994749.php 第 129 行.
NOTIC: [8] Undefined variable: num D:\wamp\wamp64\www\jiimadeeee\Application\Runtime\Cache\Admin\3eb234c616c7cbdf8762b22fa6994749.php 第 130 行.
NOTIC: [2] Division by zero D:\wamp\wamp64\www\jiimadeeee\Application\Runtime\Cache\Admin\3eb234c616c7cbdf8762b22fa6994749.php 第 130 行.
NOTIC: [8] Undefined index: module D:\wamp\wamp64\www\jiimadeeee\Application\Runtime\Cache\Admin\3eb234c616c7cbdf8762b22fa6994749.php 第 282 行.
NOTIC: [2] Invalid argument supplied for foreach() D:\wamp\wamp64\www\jiimadeeee\Application\Runtime\Cache\Admin\3eb234c616c7cbdf8762b22fa6994749.php 第 282 行.
INFO: Run Behavior\ParseTemplateBehavior [ RunTime:0.095262s ]
INFO: [ view_parse ] --END-- [ RunTime:0.096286s ]
INFO: [ view_filter ] --START--
INFO: Run Behavior\WriteHtmlCacheBehavior [ RunTime:0.002099s ]
INFO: [ view_filter ] --END-- [ RunTime:0.002870s ]
INFO: [ app_end ] --START--
INFO: Run Behavior\ShowPageTraceBehavior [ RunTime:0.003855s ]
INFO: [ app_end ] --END-- [ RunTime:0.004615s ]

[ 2018-06-01T13:53:30+08:00 ] ::1 /jiimadeeee/index.php/Admin/Quote/chooseFurniture/id/20180530170511205737.html
INFO: [ app_init ] --START--
INFO: Run Behavior\BuildLiteBehavior [ RunTime:0.000216s ]
INFO: [ app_init ] --END-- [ RunTime:0.003548s ]
INFO: [ app_begin ] --START--
INFO: Run Behavior\ReadHtmlCacheBehavior [ RunTime:0.003673s ]
INFO: [ app_begin ] --END-- [ RunTime:0.004557s ]
NOTIC: [8] A session had already been started - ignoring session_start() D:\wamp\wamp64\www\jiimadeeee\Application\Admin\Controller\BaseController.class.php 第 9 行.
SQL: SHOW COLUMNS FROM `made_furniture` [ RunTime:0.0025s ]
SQL: SELECT `id`,`fur_name`,`img_src` FROM `made_furniture` ORDER BY sort_id desc  [ RunTime:0.0009s ]
INFO: [ view_parse ] --START--
INFO: [ template_filter ] --START--
INFO: Run Behavior\ContentReplaceBehavior [ RunTime:0.000456s ]
INFO: [ template_filter ] --END-- [ RunTime:0.001127s ]
NOTIC: [8] Undefined index: model_name D:\wamp\wamp64\www\jiimadeeee\Application\Runtime\Cache\Admin\a040ff70c7464c3e879b4a5643263946.php 第 54 行.
NOTIC: [8] Undefined index: model_name D:\wamp\wamp64\www\jiimadeeee\Application\Runtime\Cache\Admin\a040ff70c7464c3e879b4a5643263946.php 第 54 行.
NOTIC: [8] Undefined index: model_name D:\wamp\wamp64\www\jiimadeeee\Application\Runtime\Cache\Admin\a040ff70c7464c3e879b4a5643263946.php 第 54 行.
INFO: Run Behavior\ParseTemplateBehavior [ RunTime:0.047140s ]
INFO: [ view_parse ] --END-- [ RunTime:0.047869s ]
INFO: [ view_filter ] --START--
INFO: Run Behavior\WriteHtmlCacheBehavior [ RunTime:0.002606s ]
INFO: [ view_filter ] --END-- [ RunTime:0.003367s ]
INFO: [ app_end ] --START--
INFO: Run Behavior\ShowPageTraceBehavior [ RunTime:0.003764s ]
INFO: [ app_end ] --END-- [ RunTime:0.004523s ]

[ 2018-06-01T13:53:32+08:00 ] ::1 /jiimadeeee/index.php/Admin/Quote/detail/id/20180530170511205737.html
INFO: [ app_init ] --START--
INFO: Run Behavior\BuildLiteBehavior [ RunTime:0.000156s ]
INFO: [ app_init ] --END-- [ RunTime:0.002854s ]
INFO: [ app_begin ] --START--
INFO: Run Behavior\ReadHtmlCacheBehavior [ RunTime:0.004440s ]
INFO: [ app_begin ] --END-- [ RunTime:0.005431s ]
NOTIC: [8] A session had already been started - ignoring session_start() D:\wamp\wamp64\www\jiimadeeee\Application\Admin\Controller\BaseController.class.php 第 9 行.
SQL: SHOW COLUMNS FROM `made_quote` [ RunTime:0.0022s ]
SQL: SELECT * FROM `made_quote` WHERE `id` = '20180530170511205737' LIMIT 1   [ RunTime:0.0013s ]
SQL: SHOW COLUMNS FROM `made_module` [ RunTime:0.0023s ]
SQL: SELECT a.*,b.formula FROM made_module a LEFT JOIN made_model b ON a.model_id = b.id  WHERE a.quote_id = '20180530170511205737' ORDER BY a.sort_id asc  [ RunTime:0.0014s ]
SQL: SHOW COLUMNS FROM `made_goods` [ RunTime:0.0024s ]
SQL: SELECT a.goods_name,max(b.goods_price) as price FROM made_goods a LEFT JOIN made_goods_number b ON a.id=b.goods_id  WHERE a.id = '5' GROUP BY b.goods_id LIMIT 1   [ RunTime:0.0023s ]
SQL: SELECT a.goods_name,max(b.goods_price) as price FROM made_goods a LEFT JOIN made_goods_number b ON a.id=b.goods_id  WHERE a.id = '7' GROUP BY b.goods_id LIMIT 1   [ RunTime:0.0028s ]
NOTIC: [8] Undefined offset: 200 D:\wamp\wamp64\www\jiimadeeee\Application\Admin\Model\ModuleModel.class.php 第 153 行.
SQL: SELECT a.goods_name,max(b.goods_price) as price FROM made_goods a LEFT JOIN made_goods_number b ON a.id=b.goods_id  WHERE a.id = '5' GROUP BY b.goods_id LIMIT 1   [ RunTime:0.0018s ]
SQL: SELECT a.goods_name,max(b.goods_price) as price FROM made_goods a LEFT JOIN made_goods_number b ON a.id=b.goods_id  WHERE a.id = '7' GROUP BY b.goods_id LIMIT 1   [ RunTime:0.0012s ]
NOTIC: [8] Undefined offset: 200 D:\wamp\wamp64\www\jiimadeeee\Application\Admin\Model\ModuleModel.class.php 第 153 行.
INFO: [ view_parse ] --START--
INFO: [ template_filter ] --START--
INFO: Run Behavior\ContentReplaceBehavior [ RunTime:0.002197s ]
INFO: [ template_filter ] --END-- [ RunTime:0.003654s ]
NOTIC: [8] Undefined variable: num D:\wamp\wamp64\www\jiimadeeee\Application\Runtime\Cache\Admin\3eb234c616c7cbdf8762b22fa6994749.php 第 129 行.
NOTIC: [2] Division by zero D:\wamp\wamp64\www\jiimadeeee\Application\Runtime\Cache\Admin\3eb234c616c7cbdf8762b22fa6994749.php 第 129 行.
NOTIC: [8] Undefined variable: num D:\wamp\wamp64\www\jiimadeeee\Application\Runtime\Cache\Admin\3eb234c616c7cbdf8762b22fa6994749.php 第 130 行.
NOTIC: [2] Division by zero D:\wamp\wamp64\www\jiimadeeee\Application\Runtime\Cache\Admin\3eb234c616c7cbdf8762b22fa6994749.php 第 130 行.
NOTIC: [8] Undefined variable: num D:\wamp\wamp64\www\jiimadeeee\Application\Runtime\Cache\Admin\3eb234c616c7cbdf8762b22fa6994749.php 第 129 行.
NOTIC: [2] Division by zero D:\wamp\wamp64\www\jiimadeeee\Application\Runtime\Cache\Admin\3eb234c616c7cbdf8762b22fa6994749.php 第 129 行.
NOTIC: [8] Undefined variable: num D:\wamp\wamp64\www\jiimadeeee\Application\Runtime\Cache\Admin\3eb234c616c7cbdf8762b22fa6994749.php 第 130 行.
NOTIC: [2] Division by zero D:\wamp\wamp64\www\jiimadeeee\Application\Runtime\Cache\Admin\3eb234c616c7cbdf8762b22fa6994749.php 第 130 行.
NOTIC: [8] Undefined variable: num D:\wamp\wamp64\www\jiimadeeee\Application\Runtime\Cache\Admin\3eb234c616c7cbdf8762b22fa6994749.php 第 129 行.
NOTIC: [2] Division by zero D:\wamp\wamp64\www\jiimadeeee\Application\Runtime\Cache\Admin\3eb234c616c7cbdf8762b22fa6994749.php 第 129 行.
NOTIC: [8] Undefined variable: num D:\wamp\wamp64\www\jiimadeeee\Application\Runtime\Cache\Admin\3eb234c616c7cbdf8762b22fa6994749.php 第 130 行.
NOTIC: [2] Division by zero D:\wamp\wamp64\www\jiimadeeee\Application\Runtime\Cache\Admin\3eb234c616c7cbdf8762b22fa6994749.php 第 130 行.
NOTIC: [8] Undefined index: module D:\wamp\wamp64\www\jiimadeeee\Application\Runtime\Cache\Admin\3eb234c616c7cbdf8762b22fa6994749.php 第 282 行.
NOTIC: [2] Invalid argument supplied for foreach() D:\wamp\wamp64\www\jiimadeeee\Application\Runtime\Cache\Admin\3eb234c616c7cbdf8762b22fa6994749.php 第 282 行.
INFO: Run Behavior\ParseTemplateBehavior [ RunTime:0.112686s ]
INFO: [ view_parse ] --END-- [ RunTime:0.113585s ]
INFO: [ view_filter ] --START--
INFO: Run Behavior\WriteHtmlCacheBehavior [ RunTime:0.001926s ]
INFO: [ view_filter ] --END-- [ RunTime:0.002300s ]
INFO: [ app_end ] --START--
INFO: Run Behavior\ShowPageTraceBehavior [ RunTime:0.001026s ]
INFO: [ app_end ] --END-- [ RunTime:0.001158s ]

[ 2018-06-01T13:53:35+08:00 ] ::1 /jiimadeeee/index.php/Admin/Quote/lst.html
INFO: [ app_init ] --START--
INFO: Run Behavior\BuildLiteBehavior [ RunTime:0.000162s ]
INFO: [ app_init ] --END-- [ RunTime:0.003125s ]
INFO: [ app_begin ] --START--
INFO: Run Behavior\ReadHtmlCacheBehavior [ RunTime:0.006223s ]
INFO: [ app_begin ] --END-- [ RunTime:0.007419s ]
NOTIC: [8] A session had already been started - ignoring session_start() D:\wamp\wamp64\www\jiimadeeee\Application\Admin\Controller\BaseController.class.php 第 9 行.
SQL: SHOW COLUMNS FROM `made_quote` [ RunTime:0.0018s ]
NOTIC: [2] Missing argument 1 for Admin\Model\QuoteModel::search(), called in D:\wamp\wamp64\www\jiimadeeee\Application\Admin\Controller\QuoteController.class.php on line 13 and defined D:\wamp\wamp64\www\jiimadeeee\Application\Admin\Model\QuoteModel.class.php 第 22 行.
SQL: SELECT COUNT(*) AS tp_count FROM `made_quote` LIMIT 1   [ RunTime:0.0012s ]
NOTIC: [8] Undefined variable: perpage D:\wamp\wamp64\www\jiimadeeee\Application\Admin\Model\QuoteModel.class.php 第 39 行.
NOTIC: [2] Division by zero D:\wamp\wamp64\www\jiimadeeee\ThinkPHP\Library\Think\Page.class.php 第 84 行.
SQL: SELECT a.* FROM made_quote a  [ RunTime:0.0006s ]
INFO: [ view_parse ] --START--
INFO: [ template_filter ] --START--
INFO: Run Behavior\ContentReplaceBehavior [ RunTime:0.000928s ]
INFO: [ template_filter ] --END-- [ RunTime:0.002055s ]
INFO: Run Behavior\ParseTemplateBehavior [ RunTime:0.044373s ]
INFO: [ view_parse ] --END-- [ RunTime:0.045099s ]
INFO: [ view_filter ] --START--
INFO: Run Behavior\WriteHtmlCacheBehavior [ RunTime:0.004384s ]
INFO: [ view_filter ] --END-- [ RunTime:0.005496s ]
INFO: [ app_end ] --START--
INFO: Run Behavior\ShowPageTraceBehavior [ RunTime:0.003436s ]
INFO: [ app_end ] --END-- [ RunTime:0.004267s ]

[ 2018-06-01T13:53:37+08:00 ] ::1 /jiimadeeee/index.php/Admin/Quote/detail/id/20180601130012634938.html
INFO: [ app_init ] --START--
INFO: Run Behavior\BuildLiteBehavior [ RunTime:0.000159s ]
INFO: [ app_init ] --END-- [ RunTime:0.002830s ]
INFO: [ app_begin ] --START--
INFO: Run Behavior\ReadHtmlCacheBehavior [ RunTime:0.003818s ]
INFO: [ app_begin ] --END-- [ RunTime:0.005075s ]
NOTIC: [8] A session had already been started - ignoring session_start() D:\wamp\wamp64\www\jiimadeeee\Application\Admin\Controller\BaseController.class.php 第 9 行.
SQL: SHOW COLUMNS FROM `made_quote` [ RunTime:0.0017s ]
SQL: SELECT * FROM `made_quote` WHERE `id` = '20180601130012634938' LIMIT 1   [ RunTime:0.0011s ]
SQL: SHOW COLUMNS FROM `made_module` [ RunTime:0.0029s ]
SQL: SELECT a.*,b.formula FROM made_module a LEFT JOIN made_model b ON a.model_id = b.id  WHERE a.quote_id = '20180601130012634938' ORDER BY a.sort_id asc  [ RunTime:0.0015s ]
SQL: SHOW COLUMNS FROM `made_goods` [ RunTime:0.0027s ]
SQL: SELECT a.goods_name,max(b.goods_price) as price FROM made_goods a LEFT JOIN made_goods_number b ON a.id=b.goods_id  WHERE a.id = '5' GROUP BY b.goods_id LIMIT 1   [ RunTime:0.0017s ]
SQL: SELECT a.goods_name,max(b.goods_price) as price FROM made_goods a LEFT JOIN made_goods_number b ON a.id=b.goods_id  WHERE a.id = '6' GROUP BY b.goods_id LIMIT 1   [ RunTime:0.0017s ]
NOTIC: [8] Undefined offset: 200 D:\wamp\wamp64\www\jiimadeeee\Application\Admin\Model\ModuleModel.class.php 第 153 行.
INFO: [ view_parse ] --START--
INFO: [ template_filter ] --START--
INFO: Run Behavior\ContentReplaceBehavior [ RunTime:0.001316s ]
INFO: [ template_filter ] --END-- [ RunTime:0.002198s ]
NOTIC: [8] Undefined variable: num D:\wamp\wamp64\www\jiimadeeee\Application\Runtime\Cache\Admin\3eb234c616c7cbdf8762b22fa6994749.php 第 129 行.
NOTIC: [2] Division by zero D:\wamp\wamp64\www\jiimadeeee\Application\Runtime\Cache\Admin\3eb234c616c7cbdf8762b22fa6994749.php 第 129 行.
NOTIC: [8] Undefined variable: num D:\wamp\wamp64\www\jiimadeeee\Application\Runtime\Cache\Admin\3eb234c616c7cbdf8762b22fa6994749.php 第 130 行.
NOTIC: [2] Division by zero D:\wamp\wamp64\www\jiimadeeee\Application\Runtime\Cache\Admin\3eb234c616c7cbdf8762b22fa6994749.php 第 130 行.
NOTIC: [8] Undefined variable: num D:\wamp\wamp64\www\jiimadeeee\Application\Runtime\Cache\Admin\3eb234c616c7cbdf8762b22fa6994749.php 第 129 行.
NOTIC: [2] Division by zero D:\wamp\wamp64\www\jiimadeeee\Application\Runtime\Cache\Admin\3eb234c616c7cbdf8762b22fa6994749.php 第 129 行.
NOTIC: [8] Undefined variable: num D:\wamp\wamp64\www\jiimadeeee\Application\Runtime\Cache\Admin\3eb234c616c7cbdf8762b22fa6994749.php 第 130 行.
NOTIC: [2] Division by zero D:\wamp\wamp64\www\jiimadeeee\Application\Runtime\Cache\Admin\3eb234c616c7cbdf8762b22fa6994749.php 第 130 行.
NOTIC: [8] Undefined variable: num D:\wamp\wamp64\www\jiimadeeee\Application\Runtime\Cache\Admin\3eb234c616c7cbdf8762b22fa6994749.php 第 129 行.
NOTIC: [2] Division by zero D:\wamp\wamp64\www\jiimadeeee\Application\Runtime\Cache\Admin\3eb234c616c7cbdf8762b22fa6994749.php 第 129 行.
NOTIC: [8] Undefined variable: num D:\wamp\wamp64\www\jiimadeeee\Application\Runtime\Cache\Admin\3eb234c616c7cbdf8762b22fa6994749.php 第 130 行.
NOTIC: [2] Division by zero D:\wamp\wamp64\www\jiimadeeee\Application\Runtime\Cache\Admin\3eb234c616c7cbdf8762b22fa6994749.php 第 130 行.
NOTIC: [8] Undefined index: module D:\wamp\wamp64\www\jiimadeeee\Application\Runtime\Cache\Admin\3eb234c616c7cbdf8762b22fa6994749.php 第 208 行.
NOTIC: [2] Invalid argument supplied for foreach() D:\wamp\wamp64\www\jiimadeeee\Application\Runtime\Cache\Admin\3eb234c616c7cbdf8762b22fa6994749.php 第 208 行.
NOTIC: [8] Undefined index: module D:\wamp\wamp64\www\jiimadeeee\Application\Runtime\Cache\Admin\3eb234c616c7cbdf8762b22fa6994749.php 第 282 行.
NOTIC: [2] Invalid argument supplied for foreach() D:\wamp\wamp64\www\jiimadeeee\Application\Runtime\Cache\Admin\3eb234c616c7cbdf8762b22fa6994749.php 第 282 行.
INFO: Run Behavior\ParseTemplateBehavior [ RunTime:0.098011s ]
INFO: [ view_parse ] --END-- [ RunTime:0.098469s ]
INFO: [ view_filter ] --START--
INFO: Run Behavior\WriteHtmlCacheBehavior [ RunTime:0.002577s ]
INFO: [ view_filter ] --END-- [ RunTime:0.003302s ]
INFO: [ app_end ] --START--
INFO: Run Behavior\ShowPageTraceBehavior [ RunTime:0.004350s ]
INFO: [ app_end ] --END-- [ RunTime:0.005361s ]

