[ 2018-07-10T10:10:29+08:00 ] ::1 /jiimadeeee/index.php/admin/index/index
INFO: [ app_init ] --START--
INFO: Run Behavior\BuildLiteBehavior [ RunTime:0.000299s ]
INFO: [ app_init ] --END-- [ RunTime:0.003730s ]
INFO: [ app_begin ] --START--
INFO: Run Behavior\ReadHtmlCacheBehavior [ RunTime:0.004029s ]
INFO: [ app_begin ] --END-- [ RunTime:0.005113s ]
NOTIC: [8] A session had already been started - ignoring session_start() D:\wamp\wamp64\www\jiimadeeee\Application\Admin\Controller\BaseController.class.php 第 9 行.
INFO: [ view_parse ] --START--
INFO: [ template_filter ] --START--
INFO: Run Behavior\ContentReplaceBehavior [ RunTime:0.000173s ]
INFO: [ template_filter ] --END-- [ RunTime:0.001463s ]
INFO: Run Behavior\ParseTemplateBehavior [ RunTime:0.087516s ]
INFO: [ view_parse ] --END-- [ RunTime:0.088643s ]
INFO: [ view_filter ] --START--
INFO: Run Behavior\WriteHtmlCacheBehavior [ RunTime:0.002861s ]
INFO: [ view_filter ] --END-- [ RunTime:0.003699s ]

[ 2018-07-10T10:10:31+08:00 ] ::1 /jiimadeeee/index.php/Admin/Login/login.html
INFO: [ app_init ] --START--
INFO: Run Behavior\BuildLiteBehavior [ RunTime:0.000052s ]
INFO: [ app_init ] --END-- [ RunTime:0.000554s ]
INFO: [ app_begin ] --START--
INFO: Run Behavior\ReadHtmlCacheBehavior [ RunTime:0.000862s ]
INFO: [ app_begin ] --END-- [ RunTime:0.001082s ]
INFO: [ view_parse ] --START--
INFO: [ template_filter ] --START--
INFO: Run Behavior\ContentReplaceBehavior [ RunTime:0.000425s ]
INFO: [ template_filter ] --END-- [ RunTime:0.001110s ]
INFO: Run Behavior\ParseTemplateBehavior [ RunTime:0.042611s ]
INFO: [ view_parse ] --END-- [ RunTime:0.043543s ]
INFO: [ view_filter ] --START--
INFO: Run Behavior\WriteHtmlCacheBehavior [ RunTime:0.003292s ]
INFO: [ view_filter ] --END-- [ RunTime:0.004582s ]
INFO: [ app_end ] --START--
INFO: Run Behavior\ShowPageTraceBehavior [ RunTime:0.003641s ]
INFO: [ app_end ] --END-- [ RunTime:0.004464s ]

[ 2018-07-10T10:10:31+08:00 ] ::1 /jiimadeeee/index.php/Admin/Login/chkcode.html
INFO: [ app_init ] --START--
INFO: Run Behavior\BuildLiteBehavior [ RunTime:0.000025s ]
INFO: [ app_init ] --END-- [ RunTime:0.000478s ]
INFO: [ app_begin ] --START--
INFO: Run Behavior\ReadHtmlCacheBehavior [ RunTime:0.000877s ]
INFO: [ app_begin ] --END-- [ RunTime:0.001054s ]
NOTIC: [8] A session had already been started - ignoring session_start() D:\wamp\wamp64\www\jiimadeeee\Application\Admin\Controller\LoginController.class.php 第 29 行.
INFO: [ app_end ] --START--
INFO: Run Behavior\ShowPageTraceBehavior [ RunTime:0.004396s ]
INFO: [ app_end ] --END-- [ RunTime:0.005168s ]

[ 2018-07-10T10:10:38+08:00 ] ::1 /jiimadeeee/index.php/Admin/Login/login.html
INFO: [ app_init ] --START--
INFO: Run Behavior\BuildLiteBehavior [ RunTime:0.000182s ]
INFO: [ app_init ] --END-- [ RunTime:0.002865s ]
INFO: [ app_begin ] --START--
INFO: Run Behavior\ReadHtmlCacheBehavior [ RunTime:0.002109s ]
INFO: [ app_begin ] --END-- [ RunTime:0.002770s ]
SQL: SHOW COLUMNS FROM `made_admin` [ RunTime:0.0078s ]
NOTIC: [8] Undefined index: auto D:\wamp\wamp64\www\jiimadeeee\ThinkPHP\Library\Think\Model.class.php 第 1128 行.
SQL: SELECT * FROM `made_admin` WHERE `username` = 'root' LIMIT 1   [ RunTime:0.0007s ]
INFO: [ view_parse ] --START--
INFO: [ template_filter ] --START--
INFO: Run Behavior\ContentReplaceBehavior [ RunTime:0.000389s ]
INFO: [ template_filter ] --END-- [ RunTime:0.001066s ]
INFO: Run Behavior\ParseTemplateBehavior [ RunTime:0.036844s ]
INFO: [ view_parse ] --END-- [ RunTime:0.037865s ]
INFO: [ view_filter ] --START--
INFO: Run Behavior\WriteHtmlCacheBehavior [ RunTime:0.002319s ]
INFO: [ view_filter ] --END-- [ RunTime:0.003155s ]
INFO: [ view_parse ] --START--
INFO: [ template_filter ] --START--
INFO: Run Behavior\ContentReplaceBehavior [ RunTime:0.000136s ]
INFO: [ template_filter ] --END-- [ RunTime:-0.024102s ]
INFO: Run Behavior\ParseTemplateBehavior [ RunTime:0.019758s ]
INFO: [ view_parse ] --END-- [ RunTime:-0.005495s ]
INFO: [ view_filter ] --START--
INFO: Run Behavior\WriteHtmlCacheBehavior [ RunTime:0.000178s ]
INFO: [ view_filter ] --END-- [ RunTime:-0.022969s ]

[ 2018-07-10T10:10:39+08:00 ] ::1 /jiimadeeee/index.php/Admin/index/index.html
INFO: [ app_init ] --START--
INFO: Run Behavior\BuildLiteBehavior [ RunTime:0.000164s ]
INFO: [ app_init ] --END-- [ RunTime:0.002598s ]
INFO: [ app_begin ] --START--
INFO: Run Behavior\ReadHtmlCacheBehavior [ RunTime:0.004241s ]
INFO: [ app_begin ] --END-- [ RunTime:0.005535s ]
NOTIC: [8] A session had already been started - ignoring session_start() D:\wamp\wamp64\www\jiimadeeee\Application\Admin\Controller\BaseController.class.php 第 9 行.
INFO: [ view_parse ] --START--
INFO: [ template_filter ] --START--
INFO: Run Behavior\ContentReplaceBehavior [ RunTime:0.000388s ]
INFO: [ template_filter ] --END-- [ RunTime:0.001132s ]
INFO: Run Behavior\ParseTemplateBehavior [ RunTime:0.036221s ]
INFO: [ view_parse ] --END-- [ RunTime:0.036744s ]
INFO: [ view_filter ] --START--
INFO: Run Behavior\WriteHtmlCacheBehavior [ RunTime:0.002413s ]
INFO: [ view_filter ] --END-- [ RunTime:0.003140s ]
INFO: [ app_end ] --START--
INFO: Run Behavior\ShowPageTraceBehavior [ RunTime:0.003392s ]
INFO: [ app_end ] --END-- [ RunTime:0.004114s ]

[ 2018-07-10T10:10:40+08:00 ] ::1 /jiimadeeee/index.php/Admin/index/top.html
INFO: [ app_init ] --START--
INFO: Run Behavior\BuildLiteBehavior [ RunTime:0.000288s ]
INFO: [ app_init ] --END-- [ RunTime:0.003031s ]
INFO: [ app_begin ] --START--
INFO: Run Behavior\ReadHtmlCacheBehavior [ RunTime:0.001297s ]
INFO: [ app_begin ] --END-- [ RunTime:0.001775s ]
NOTIC: [8] A session had already been started - ignoring session_start() D:\wamp\wamp64\www\jiimadeeee\Application\Admin\Controller\BaseController.class.php 第 9 行.
INFO: [ view_parse ] --START--
INFO: [ template_filter ] --START--
INFO: Run Behavior\ContentReplaceBehavior [ RunTime:0.000490s ]
INFO: [ template_filter ] --END-- [ RunTime:0.001173s ]
INFO: Run Behavior\ParseTemplateBehavior [ RunTime:0.047750s ]
INFO: [ view_parse ] --END-- [ RunTime:0.048203s ]
INFO: [ view_filter ] --START--
INFO: Run Behavior\WriteHtmlCacheBehavior [ RunTime:0.001659s ]
INFO: [ view_filter ] --END-- [ RunTime:0.002141s ]
INFO: [ app_end ] --START--
INFO: Run Behavior\ShowPageTraceBehavior [ RunTime:0.003098s ]
INFO: [ app_end ] --END-- [ RunTime:0.003839s ]

[ 2018-07-10T10:10:40+08:00 ] ::1 /jiimadeeee/index.php/Admin/index/menu.html
INFO: [ app_init ] --START--
INFO: Run Behavior\BuildLiteBehavior [ RunTime:0.000237s ]
INFO: [ app_init ] --END-- [ RunTime:0.003899s ]
INFO: [ app_begin ] --START--
INFO: Run Behavior\ReadHtmlCacheBehavior [ RunTime:0.000814s ]
INFO: [ app_begin ] --END-- [ RunTime:0.000975s ]
NOTIC: [8] A session had already been started - ignoring session_start() D:\wamp\wamp64\www\jiimadeeee\Application\Admin\Controller\BaseController.class.php 第 9 行.
INFO: [ view_parse ] --START--
INFO: [ template_filter ] --START--
INFO: Run Behavior\ContentReplaceBehavior [ RunTime:0.000128s ]
INFO: [ template_filter ] --END-- [ RunTime:0.000262s ]
SQL: SHOW COLUMNS FROM `made_privilege` [ RunTime:0.0041s ]
SQL: SELECT * FROM `made_privilege`  [ RunTime:0.0020s ]
INFO: Run Behavior\ParseTemplateBehavior [ RunTime:0.081150s ]
INFO: [ view_parse ] --END-- [ RunTime:0.081649s ]
INFO: [ view_filter ] --START--
INFO: Run Behavior\WriteHtmlCacheBehavior [ RunTime:0.000664s ]
INFO: [ view_filter ] --END-- [ RunTime:0.000775s ]
INFO: [ app_end ] --START--
INFO: Run Behavior\ShowPageTraceBehavior [ RunTime:0.000852s ]
INFO: [ app_end ] --END-- [ RunTime:0.001017s ]

[ 2018-07-10T10:10:40+08:00 ] ::1 /jiimadeeee/index.php/Admin/index/main.html
INFO: [ app_init ] --START--
INFO: Run Behavior\BuildLiteBehavior [ RunTime:0.000240s ]
INFO: [ app_init ] --END-- [ RunTime:0.002536s ]
INFO: [ app_begin ] --START--
INFO: Run Behavior\ReadHtmlCacheBehavior [ RunTime:0.003912s ]
INFO: [ app_begin ] --END-- [ RunTime:0.005344s ]
NOTIC: [8] A session had already been started - ignoring session_start() D:\wamp\wamp64\www\jiimadeeee\Application\Admin\Controller\BaseController.class.php 第 9 行.
INFO: [ view_parse ] --START--
INFO: [ template_filter ] --START--
INFO: Run Behavior\ContentReplaceBehavior [ RunTime:0.000415s ]
INFO: [ template_filter ] --END-- [ RunTime:0.001186s ]
INFO: Run Behavior\ParseTemplateBehavior [ RunTime:0.043259s ]
INFO: [ view_parse ] --END-- [ RunTime:0.044598s ]
INFO: [ view_filter ] --START--
INFO: Run Behavior\WriteHtmlCacheBehavior [ RunTime:0.002631s ]
INFO: [ view_filter ] --END-- [ RunTime:0.003467s ]
INFO: [ app_end ] --START--
INFO: Run Behavior\ShowPageTraceBehavior [ RunTime:0.004648s ]
INFO: [ app_end ] --END-- [ RunTime:0.005896s ]

[ 2018-07-10T10:10:43+08:00 ] ::1 /jiimadeeee/index.php/Admin/Model/lst.html
INFO: [ app_init ] --START--
INFO: Run Behavior\BuildLiteBehavior [ RunTime:0.000205s ]
INFO: [ app_init ] --END-- [ RunTime:0.002875s ]
INFO: [ app_begin ] --START--
INFO: Run Behavior\ReadHtmlCacheBehavior [ RunTime:0.004433s ]
INFO: [ app_begin ] --END-- [ RunTime:0.005695s ]
NOTIC: [8] A session had already been started - ignoring session_start() D:\wamp\wamp64\www\jiimadeeee\Application\Admin\Controller\BaseController.class.php 第 9 行.
SQL: SHOW COLUMNS FROM `made_privilege` [ RunTime:0.0065s ]
SQL: SHOW COLUMNS FROM `made_model` [ RunTime:0.0081s ]
SQL: SELECT `id`,`model_name` FROM `made_model`  [ RunTime:0.0008s ]
INFO: [ view_parse ] --START--
INFO: [ template_filter ] --START--
INFO: Run Behavior\ContentReplaceBehavior [ RunTime:0.000080s ]
INFO: [ template_filter ] --END-- [ RunTime:0.000213s ]
INFO: Run Behavior\ParseTemplateBehavior [ RunTime:0.028551s ]
INFO: [ view_parse ] --END-- [ RunTime:0.028947s ]
INFO: [ view_filter ] --START--
INFO: Run Behavior\WriteHtmlCacheBehavior [ RunTime:0.000638s ]
INFO: [ view_filter ] --END-- [ RunTime:0.000820s ]
INFO: [ app_end ] --START--
INFO: Run Behavior\ShowPageTraceBehavior [ RunTime:0.000797s ]
INFO: [ app_end ] --END-- [ RunTime:0.000956s ]

[ 2018-07-10T10:10:45+08:00 ] ::1 /jiimadeeee/index.php/Admin/Model/edit/id/1.html
INFO: [ app_init ] --START--
INFO: Run Behavior\BuildLiteBehavior [ RunTime:0.000169s ]
INFO: [ app_init ] --END-- [ RunTime:0.002853s ]
INFO: [ app_begin ] --START--
INFO: Run Behavior\ReadHtmlCacheBehavior [ RunTime:0.003428s ]
INFO: [ app_begin ] --END-- [ RunTime:0.004397s ]
NOTIC: [8] A session had already been started - ignoring session_start() D:\wamp\wamp64\www\jiimadeeee\Application\Admin\Controller\BaseController.class.php 第 9 行.
SQL: SHOW COLUMNS FROM `made_privilege` [ RunTime:0.0059s ]
SQL: SHOW COLUMNS FROM `made_model` [ RunTime:0.0060s ]
SQL: SHOW COLUMNS FROM `made_category` [ RunTime:0.0081s ]
SQL: SELECT * FROM `made_model` WHERE `id` = 1 LIMIT 1   [ RunTime:0.0010s ]
SQL: SELECT * FROM `made_category` ORDER BY order_id asc  [ RunTime:0.0019s ]
INFO: [ view_parse ] --START--
INFO: [ template_filter ] --START--
INFO: Run Behavior\ContentReplaceBehavior [ RunTime:0.000273s ]
INFO: [ template_filter ] --END-- [ RunTime:0.000585s ]
INFO: Run Behavior\ParseTemplateBehavior [ RunTime:0.070667s ]
INFO: [ view_parse ] --END-- [ RunTime:0.071493s ]
INFO: [ view_filter ] --START--
INFO: Run Behavior\WriteHtmlCacheBehavior [ RunTime:0.002481s ]
INFO: [ view_filter ] --END-- [ RunTime:0.003314s ]
INFO: [ app_end ] --START--
INFO: Run Behavior\ShowPageTraceBehavior [ RunTime:0.005112s ]
INFO: [ app_end ] --END-- [ RunTime:0.006360s ]

[ 2018-07-10T15:55:23+08:00 ] ::1 /jiimadeeee/index.php/Admin/Quote/userlst.html
INFO: [ app_init ] --START--
INFO: Run Behavior\BuildLiteBehavior [ RunTime:0.000112s ]
INFO: [ app_init ] --END-- [ RunTime:0.001311s ]
INFO: [ app_begin ] --START--
INFO: Run Behavior\ReadHtmlCacheBehavior [ RunTime:0.003383s ]
INFO: [ app_begin ] --END-- [ RunTime:0.004270s ]
NOTIC: [8] A session had already been started - ignoring session_start() D:\wamp\wamp64\www\jiimadeeee\Application\Admin\Controller\BaseController.class.php 第 9 行.
INFO: [ view_parse ] --START--
INFO: [ template_filter ] --START--
INFO: Run Behavior\ContentReplaceBehavior [ RunTime:0.000106s ]
INFO: [ template_filter ] --END-- [ RunTime:0.000301s ]
INFO: Run Behavior\ParseTemplateBehavior [ RunTime:0.040358s ]
INFO: [ view_parse ] --END-- [ RunTime:0.041003s ]
INFO: [ view_filter ] --START--
INFO: Run Behavior\WriteHtmlCacheBehavior [ RunTime:0.001850s ]
INFO: [ view_filter ] --END-- [ RunTime:0.002759s ]

[ 2018-07-10T15:55:26+08:00 ] ::1 /jiimadeeee/index.php/Admin/Login/login.html
INFO: [ app_init ] --START--
INFO: Run Behavior\BuildLiteBehavior [ RunTime:0.000192s ]
INFO: [ app_init ] --END-- [ RunTime:0.002780s ]
INFO: [ app_begin ] --START--
INFO: Run Behavior\ReadHtmlCacheBehavior [ RunTime:0.002915s ]
INFO: [ app_begin ] --END-- [ RunTime:0.003640s ]
INFO: [ view_parse ] --START--
INFO: [ template_filter ] --START--
INFO: Run Behavior\ContentReplaceBehavior [ RunTime:0.000408s ]
INFO: [ template_filter ] --END-- [ RunTime:0.001076s ]
INFO: Run Behavior\ParseTemplateBehavior [ RunTime:0.037674s ]
INFO: [ view_parse ] --END-- [ RunTime:0.038494s ]
INFO: [ view_filter ] --START--
INFO: Run Behavior\WriteHtmlCacheBehavior [ RunTime:0.000922s ]
INFO: [ view_filter ] --END-- [ RunTime:0.001606s ]
INFO: [ app_end ] --START--
INFO: Run Behavior\ShowPageTraceBehavior [ RunTime:0.002624s ]
INFO: [ app_end ] --END-- [ RunTime:0.003263s ]

[ 2018-07-10T15:55:27+08:00 ] ::1 /jiimadeeee/index.php/Admin/Login/chkcode.html
INFO: [ app_init ] --START--
INFO: Run Behavior\BuildLiteBehavior [ RunTime:0.000028s ]
INFO: [ app_init ] --END-- [ RunTime:0.000481s ]
INFO: [ app_begin ] --START--
INFO: Run Behavior\ReadHtmlCacheBehavior [ RunTime:0.000570s ]
INFO: [ app_begin ] --END-- [ RunTime:0.000693s ]
NOTIC: [8] A session had already been started - ignoring session_start() D:\wamp\wamp64\www\jiimadeeee\Application\Admin\Controller\LoginController.class.php 第 29 行.
INFO: [ app_end ] --START--
INFO: Run Behavior\ShowPageTraceBehavior [ RunTime:0.001004s ]
INFO: [ app_end ] --END-- [ RunTime:0.001158s ]

[ 2018-07-10T15:55:36+08:00 ] ::1 /jiimadeeee/index.php/Admin/Login/login.html
INFO: [ app_init ] --START--
INFO: Run Behavior\BuildLiteBehavior [ RunTime:0.000154s ]
INFO: [ app_init ] --END-- [ RunTime:0.002095s ]
INFO: [ app_begin ] --START--
INFO: Run Behavior\ReadHtmlCacheBehavior [ RunTime:0.003091s ]
INFO: [ app_begin ] --END-- [ RunTime:0.004093s ]
SQL: SHOW COLUMNS FROM `made_admin` [ RunTime:0.0060s ]
NOTIC: [8] Undefined index: auto D:\wamp\wamp64\www\jiimadeeee\ThinkPHP\Library\Think\Model.class.php 第 1128 行.
SQL: SELECT * FROM `made_admin` WHERE `username` = 'root' LIMIT 1   [ RunTime:0.0009s ]
INFO: [ view_parse ] --START--
INFO: [ template_filter ] --START--
INFO: Run Behavior\ContentReplaceBehavior [ RunTime:0.000385s ]
INFO: [ template_filter ] --END-- [ RunTime:0.001087s ]
INFO: Run Behavior\ParseTemplateBehavior [ RunTime:0.033517s ]
INFO: [ view_parse ] --END-- [ RunTime:0.034441s ]
INFO: [ view_filter ] --START--
INFO: Run Behavior\WriteHtmlCacheBehavior [ RunTime:0.001785s ]
INFO: [ view_filter ] --END-- [ RunTime:0.002778s ]
INFO: [ view_parse ] --START--
INFO: [ template_filter ] --START--
INFO: Run Behavior\ContentReplaceBehavior [ RunTime:0.000685s ]
INFO: [ template_filter ] --END-- [ RunTime:-0.023042s ]
INFO: Run Behavior\ParseTemplateBehavior [ RunTime:0.019999s ]
INFO: [ view_parse ] --END-- [ RunTime:-0.005059s ]
INFO: [ view_filter ] --START--
INFO: Run Behavior\WriteHtmlCacheBehavior [ RunTime:0.000177s ]
INFO: [ view_filter ] --END-- [ RunTime:-0.023138s ]

[ 2018-07-10T15:55:37+08:00 ] ::1 /jiimadeeee/index.php/Admin/index/index.html
INFO: [ app_init ] --START--
INFO: Run Behavior\BuildLiteBehavior [ RunTime:0.000175s ]
INFO: [ app_init ] --END-- [ RunTime:0.002496s ]
INFO: [ app_begin ] --START--
INFO: Run Behavior\ReadHtmlCacheBehavior [ RunTime:0.003602s ]
INFO: [ app_begin ] --END-- [ RunTime:0.004423s ]
NOTIC: [8] A session had already been started - ignoring session_start() D:\wamp\wamp64\www\jiimadeeee\Application\Admin\Controller\BaseController.class.php 第 9 行.
INFO: [ view_parse ] --START--
INFO: [ template_filter ] --START--
INFO: Run Behavior\ContentReplaceBehavior [ RunTime:0.000293s ]
INFO: [ template_filter ] --END-- [ RunTime:0.000870s ]
INFO: Run Behavior\ParseTemplateBehavior [ RunTime:0.032927s ]
INFO: [ view_parse ] --END-- [ RunTime:0.033857s ]
INFO: [ view_filter ] --START--
INFO: Run Behavior\WriteHtmlCacheBehavior [ RunTime:0.002123s ]
INFO: [ view_filter ] --END-- [ RunTime:0.003126s ]
INFO: [ app_end ] --START--
INFO: Run Behavior\ShowPageTraceBehavior [ RunTime:0.003014s ]
INFO: [ app_end ] --END-- [ RunTime:0.003839s ]

[ 2018-07-10T15:55:38+08:00 ] ::1 /jiimadeeee/index.php/Admin/index/top.html
INFO: [ app_init ] --START--
INFO: Run Behavior\BuildLiteBehavior [ RunTime:0.000090s ]
INFO: [ app_init ] --END-- [ RunTime:0.000725s ]
INFO: [ app_begin ] --START--
INFO: Run Behavior\ReadHtmlCacheBehavior [ RunTime:0.000682s ]
INFO: [ app_begin ] --END-- [ RunTime:0.000896s ]
NOTIC: [8] A session had already been started - ignoring session_start() D:\wamp\wamp64\www\jiimadeeee\Application\Admin\Controller\BaseController.class.php 第 9 行.
INFO: [ view_parse ] --START--
INFO: [ template_filter ] --START--
INFO: Run Behavior\ContentReplaceBehavior [ RunTime:0.000090s ]
INFO: [ template_filter ] --END-- [ RunTime:0.000219s ]
INFO: Run Behavior\ParseTemplateBehavior [ RunTime:0.012301s ]
INFO: [ view_parse ] --END-- [ RunTime:0.012467s ]
INFO: [ view_filter ] --START--
INFO: Run Behavior\WriteHtmlCacheBehavior [ RunTime:0.000392s ]
INFO: [ view_filter ] --END-- [ RunTime:0.000530s ]
INFO: [ app_end ] --START--
INFO: Run Behavior\ShowPageTraceBehavior [ RunTime:0.000519s ]
INFO: [ app_end ] --END-- [ RunTime:0.000632s ]

[ 2018-07-10T15:55:38+08:00 ] ::1 /jiimadeeee/index.php/Admin/index/main.html
INFO: [ app_init ] --START--
INFO: Run Behavior\BuildLiteBehavior [ RunTime:0.000043s ]
INFO: [ app_init ] --END-- [ RunTime:0.000629s ]
INFO: [ app_begin ] --START--
INFO: Run Behavior\ReadHtmlCacheBehavior [ RunTime:0.000916s ]
INFO: [ app_begin ] --END-- [ RunTime:0.001153s ]
NOTIC: [8] A session had already been started - ignoring session_start() D:\wamp\wamp64\www\jiimadeeee\Application\Admin\Controller\BaseController.class.php 第 9 行.
INFO: [ view_parse ] --START--
INFO: [ template_filter ] --START--
INFO: Run Behavior\ContentReplaceBehavior [ RunTime:0.000322s ]
INFO: [ template_filter ] --END-- [ RunTime:0.000992s ]
INFO: Run Behavior\ParseTemplateBehavior [ RunTime:0.075981s ]
INFO: [ view_parse ] --END-- [ RunTime:0.076787s ]
INFO: [ view_filter ] --START--
INFO: Run Behavior\WriteHtmlCacheBehavior [ RunTime:0.002028s ]
INFO: [ view_filter ] --END-- [ RunTime:0.002961s ]
INFO: [ app_end ] --START--
INFO: Run Behavior\ShowPageTraceBehavior [ RunTime:0.002361s ]
INFO: [ app_end ] --END-- [ RunTime:0.002852s ]

[ 2018-07-10T15:55:38+08:00 ] ::1 /jiimadeeee/index.php/Admin/index/index.html
INFO: [ app_init ] --START--
INFO: Run Behavior\BuildLiteBehavior [ RunTime:0.000029s ]
INFO: [ app_init ] --END-- [ RunTime:0.000899s ]
INFO: [ app_begin ] --START--
INFO: Run Behavior\ReadHtmlCacheBehavior [ RunTime:0.000873s ]
INFO: [ app_begin ] --END-- [ RunTime:0.001127s ]
NOTIC: [8] A session had already been started - ignoring session_start() D:\wamp\wamp64\www\jiimadeeee\Application\Admin\Controller\BaseController.class.php 第 9 行.
INFO: [ view_parse ] --START--
INFO: [ template_filter ] --START--
INFO: Run Behavior\ContentReplaceBehavior [ RunTime:0.000563s ]
INFO: [ template_filter ] --END-- [ RunTime:0.001866s ]
INFO: Run Behavior\ParseTemplateBehavior [ RunTime:0.038965s ]
INFO: [ view_parse ] --END-- [ RunTime:0.039531s ]
INFO: [ view_filter ] --START--
INFO: Run Behavior\WriteHtmlCacheBehavior [ RunTime:0.001900s ]
INFO: [ view_filter ] --END-- [ RunTime:0.002618s ]
INFO: [ app_end ] --START--
INFO: Run Behavior\ShowPageTraceBehavior [ RunTime:0.003650s ]
INFO: [ app_end ] --END-- [ RunTime:0.004479s ]

[ 2018-07-10T15:55:38+08:00 ] ::1 /jiimadeeee/index.php/Admin/index/menu.html
INFO: [ app_init ] --START--
INFO: Run Behavior\BuildLiteBehavior [ RunTime:0.000240s ]
INFO: [ app_init ] --END-- [ RunTime:0.003864s ]
INFO: [ app_begin ] --START--
INFO: Run Behavior\ReadHtmlCacheBehavior [ RunTime:0.004327s ]
INFO: [ app_begin ] --END-- [ RunTime:0.005631s ]
NOTIC: [8] A session had already been started - ignoring session_start() D:\wamp\wamp64\www\jiimadeeee\Application\Admin\Controller\BaseController.class.php 第 9 行.
INFO: [ view_parse ] --START--
INFO: [ template_filter ] --START--
INFO: Run Behavior\ContentReplaceBehavior [ RunTime:0.001267s ]
INFO: [ template_filter ] --END-- [ RunTime:0.002367s ]
SQL: SHOW COLUMNS FROM `made_privilege` [ RunTime:0.0047s ]
SQL: SELECT * FROM `made_privilege`  [ RunTime:0.0008s ]
INFO: Run Behavior\ParseTemplateBehavior [ RunTime:0.100562s ]
INFO: [ view_parse ] --END-- [ RunTime:0.101261s ]
INFO: [ view_filter ] --START--
INFO: Run Behavior\WriteHtmlCacheBehavior [ RunTime:0.000504s ]
INFO: [ view_filter ] --END-- [ RunTime:0.000630s ]
INFO: [ app_end ] --START--
INFO: Run Behavior\ShowPageTraceBehavior [ RunTime:0.000682s ]
INFO: [ app_end ] --END-- [ RunTime:0.000823s ]

[ 2018-07-10T15:55:38+08:00 ] ::1 /jiimadeeee/index.php/Admin/index/top.html
INFO: [ app_init ] --START--
INFO: Run Behavior\BuildLiteBehavior [ RunTime:0.000044s ]
INFO: [ app_init ] --END-- [ RunTime:0.000750s ]
INFO: [ app_begin ] --START--
INFO: Run Behavior\ReadHtmlCacheBehavior [ RunTime:0.000988s ]
INFO: [ app_begin ] --END-- [ RunTime:0.001228s ]
NOTIC: [8] A session had already been started - ignoring session_start() D:\wamp\wamp64\www\jiimadeeee\Application\Admin\Controller\BaseController.class.php 第 9 行.
INFO: [ view_parse ] --START--
INFO: [ template_filter ] --START--
INFO: Run Behavior\ContentReplaceBehavior [ RunTime:0.000529s ]
INFO: [ template_filter ] --END-- [ RunTime:0.001246s ]
INFO: Run Behavior\ParseTemplateBehavior [ RunTime:0.048090s ]
INFO: [ view_parse ] --END-- [ RunTime:0.048710s ]
INFO: [ view_filter ] --START--
INFO: Run Behavior\WriteHtmlCacheBehavior [ RunTime:0.002451s ]
INFO: [ view_filter ] --END-- [ RunTime:0.003358s ]
INFO: [ app_end ] --START--
INFO: Run Behavior\ShowPageTraceBehavior [ RunTime:0.003962s ]
INFO: [ app_end ] --END-- [ RunTime:0.004474s ]

[ 2018-07-10T15:55:38+08:00 ] ::1 /jiimadeeee/index.php/Admin/index/menu.html
INFO: [ app_init ] --START--
INFO: Run Behavior\BuildLiteBehavior [ RunTime:0.000152s ]
INFO: [ app_init ] --END-- [ RunTime:0.002388s ]
INFO: [ app_begin ] --START--
INFO: Run Behavior\ReadHtmlCacheBehavior [ RunTime:0.000793s ]
INFO: [ app_begin ] --END-- [ RunTime:0.001000s ]
NOTIC: [8] A session had already been started - ignoring session_start() D:\wamp\wamp64\www\jiimadeeee\Application\Admin\Controller\BaseController.class.php 第 9 行.
INFO: [ view_parse ] --START--
INFO: [ template_filter ] --START--
INFO: Run Behavior\ContentReplaceBehavior [ RunTime:0.000246s ]
INFO: [ template_filter ] --END-- [ RunTime:0.000639s ]
SQL: SHOW COLUMNS FROM `made_privilege` [ RunTime:0.0056s ]
SQL: SELECT * FROM `made_privilege`  [ RunTime:0.0022s ]
INFO: Run Behavior\ParseTemplateBehavior [ RunTime:0.122654s ]
INFO: [ view_parse ] --END-- [ RunTime:0.123215s ]
INFO: [ view_filter ] --START--
INFO: Run Behavior\WriteHtmlCacheBehavior [ RunTime:0.002535s ]
INFO: [ view_filter ] --END-- [ RunTime:0.003808s ]
INFO: [ app_end ] --START--
INFO: Run Behavior\ShowPageTraceBehavior [ RunTime:0.002066s ]
INFO: [ app_end ] --END-- [ RunTime:0.002866s ]

[ 2018-07-10T15:55:38+08:00 ] ::1 /jiimadeeee/index.php/Admin/index/main.html
INFO: [ app_init ] --START--
INFO: Run Behavior\BuildLiteBehavior [ RunTime:0.000197s ]
INFO: [ app_init ] --END-- [ RunTime:0.002619s ]
INFO: [ app_begin ] --START--
INFO: Run Behavior\ReadHtmlCacheBehavior [ RunTime:0.003520s ]
INFO: [ app_begin ] --END-- [ RunTime:0.004474s ]
NOTIC: [8] A session had already been started - ignoring session_start() D:\wamp\wamp64\www\jiimadeeee\Application\Admin\Controller\BaseController.class.php 第 9 行.
INFO: [ view_parse ] --START--
INFO: [ template_filter ] --START--
INFO: Run Behavior\ContentReplaceBehavior [ RunTime:0.000074s ]
INFO: [ template_filter ] --END-- [ RunTime:0.000207s ]
INFO: Run Behavior\ParseTemplateBehavior [ RunTime:0.019951s ]
INFO: [ view_parse ] --END-- [ RunTime:0.020833s ]
INFO: [ view_filter ] --START--
INFO: Run Behavior\WriteHtmlCacheBehavior [ RunTime:0.000435s ]
INFO: [ view_filter ] --END-- [ RunTime:0.000551s ]
INFO: [ app_end ] --START--
INFO: Run Behavior\ShowPageTraceBehavior [ RunTime:0.004618s ]
INFO: [ app_end ] --END-- [ RunTime:0.005142s ]

