[ 2018-05-04T09:22:24+08:00 ] ::1 /jiimadeeee/index.php/admin/index/index
INFO: [ app_init ] --START--
INFO: Run Behavior\BuildLiteBehavior [ RunTime:0.000024s ]
INFO: [ app_init ] --END-- [ RunTime:0.000472s ]
INFO: [ app_begin ] --START--
INFO: Run Behavior\ReadHtmlCacheBehavior [ RunTime:0.000649s ]
INFO: [ app_begin ] --END-- [ RunTime:0.000775s ]
NOTIC: [8] A session had already been started - ignoring session_start() D:\wamp\wamp64\www\jiimadeeee\Application\Admin\Controller\BaseController.class.php 第 9 行.
INFO: [ view_parse ] --START--
INFO: [ template_filter ] --START--
INFO: Run Behavior\ContentReplaceBehavior [ RunTime:0.000863s ]
INFO: [ template_filter ] --END-- [ RunTime:0.001005s ]
INFO: Run Behavior\ParseTemplateBehavior [ RunTime:0.018953s ]
INFO: [ view_parse ] --END-- [ RunTime:0.019117s ]
INFO: [ view_filter ] --START--
INFO: Run Behavior\WriteHtmlCacheBehavior [ RunTime:0.000882s ]
INFO: [ view_filter ] --END-- [ RunTime:0.001028s ]

[ 2018-05-04T09:22:26+08:00 ] ::1 /jiimadeeee/index.php/Admin/Login/login.html
INFO: [ app_init ] --START--
INFO: Run Behavior\BuildLiteBehavior [ RunTime:0.000023s ]
INFO: [ app_init ] --END-- [ RunTime:0.000476s ]
INFO: [ app_begin ] --START--
INFO: Run Behavior\ReadHtmlCacheBehavior [ RunTime:0.000595s ]
INFO: [ app_begin ] --END-- [ RunTime:0.000708s ]
INFO: [ view_parse ] --START--
INFO: [ template_filter ] --START--
INFO: Run Behavior\ContentReplaceBehavior [ RunTime:0.000092s ]
INFO: [ template_filter ] --END-- [ RunTime:0.000226s ]
INFO: Run Behavior\ParseTemplateBehavior [ RunTime:0.007470s ]
INFO: [ view_parse ] --END-- [ RunTime:0.007623s ]
INFO: [ view_filter ] --START--
INFO: Run Behavior\WriteHtmlCacheBehavior [ RunTime:0.000475s ]
INFO: [ view_filter ] --END-- [ RunTime:0.000613s ]
INFO: [ app_end ] --START--
INFO: Run Behavior\ShowPageTraceBehavior [ RunTime:0.000527s ]
INFO: [ app_end ] --END-- [ RunTime:0.000637s ]

[ 2018-05-04T09:22:26+08:00 ] ::1 /jiimadeeee/index.php/Admin/Login/chkcode.html
INFO: [ app_init ] --START--
INFO: Run Behavior\BuildLiteBehavior [ RunTime:0.000024s ]
INFO: [ app_init ] --END-- [ RunTime:0.000478s ]
INFO: [ app_begin ] --START--
INFO: Run Behavior\ReadHtmlCacheBehavior [ RunTime:0.000647s ]
INFO: [ app_begin ] --END-- [ RunTime:0.000770s ]
NOTIC: [8] A session had already been started - ignoring session_start() D:\wamp\wamp64\www\jiimadeeee\Application\Admin\Controller\LoginController.class.php 第 29 行.
INFO: [ app_end ] --START--
INFO: Run Behavior\ShowPageTraceBehavior [ RunTime:0.000607s ]
INFO: [ app_end ] --END-- [ RunTime:0.000739s ]

[ 2018-05-04T09:22:43+08:00 ] ::1 /jiimadeeee/index.php/Admin/Login/login.html
INFO: [ app_init ] --START--
INFO: Run Behavior\BuildLiteBehavior [ RunTime:0.000026s ]
INFO: [ app_init ] --END-- [ RunTime:0.000493s ]
INFO: [ app_begin ] --START--
INFO: Run Behavior\ReadHtmlCacheBehavior [ RunTime:0.000610s ]
INFO: [ app_begin ] --END-- [ RunTime:0.000723s ]
SQL: SHOW COLUMNS FROM `made_admin` [ RunTime:0.0039s ]
NOTIC: [8] A session had already been started - ignoring session_start() D:\wamp\wamp64\www\jiimadeeee\Application\Admin\Model\AdminModel.class.php 第 36 行.
NOTIC: [8] Undefined index: auto D:\wamp\wamp64\www\jiimadeeee\ThinkPHP\Library\Think\Model.class.php 第 1128 行.
SQL: SELECT * FROM `made_admin` WHERE `username` = 'root' LIMIT 1   [ RunTime:0.0003s ]
NOTIC: [8] A session had already been started - ignoring session_start() D:\wamp\wamp64\www\jiimadeeee\Application\Admin\Model\AdminModel.class.php 第 54 行.
INFO: [ view_parse ] --START--
INFO: [ template_filter ] --START--
INFO: Run Behavior\ContentReplaceBehavior [ RunTime:0.000066s ]
INFO: [ template_filter ] --END-- [ RunTime:0.000179s ]
INFO: Run Behavior\ParseTemplateBehavior [ RunTime:0.006593s ]
INFO: [ view_parse ] --END-- [ RunTime:0.006729s ]
INFO: [ view_filter ] --START--
INFO: Run Behavior\WriteHtmlCacheBehavior [ RunTime:0.000441s ]
INFO: [ view_filter ] --END-- [ RunTime:0.000566s ]
INFO: [ view_parse ] --START--
INFO: [ template_filter ] --START--
INFO: Run Behavior\ContentReplaceBehavior [ RunTime:0.000059s ]
INFO: [ template_filter ] --END-- [ RunTime:-0.004028s ]
INFO: Run Behavior\ParseTemplateBehavior [ RunTime:0.002978s ]
INFO: [ view_parse ] --END-- [ RunTime:-0.000962s ]
INFO: [ view_filter ] --START--
INFO: Run Behavior\WriteHtmlCacheBehavior [ RunTime:0.000036s ]
INFO: [ view_filter ] --END-- [ RunTime:-0.003496s ]

[ 2018-05-04T09:22:44+08:00 ] ::1 /jiimadeeee/index.php/Admin/index/index.html
INFO: [ app_init ] --START--
INFO: Run Behavior\BuildLiteBehavior [ RunTime:0.000050s ]
INFO: [ app_init ] --END-- [ RunTime:0.001002s ]
INFO: [ app_begin ] --START--
INFO: Run Behavior\ReadHtmlCacheBehavior [ RunTime:0.001210s ]
INFO: [ app_begin ] --END-- [ RunTime:0.001449s ]
NOTIC: [8] A session had already been started - ignoring session_start() D:\wamp\wamp64\www\jiimadeeee\Application\Admin\Controller\BaseController.class.php 第 9 行.
INFO: [ view_parse ] --START--
INFO: [ template_filter ] --START--
INFO: Run Behavior\ContentReplaceBehavior [ RunTime:0.000071s ]
INFO: [ template_filter ] --END-- [ RunTime:0.000211s ]
INFO: Run Behavior\ParseTemplateBehavior [ RunTime:0.010630s ]
INFO: [ view_parse ] --END-- [ RunTime:0.010858s ]
INFO: [ view_filter ] --START--
INFO: Run Behavior\WriteHtmlCacheBehavior [ RunTime:0.000523s ]
INFO: [ view_filter ] --END-- [ RunTime:0.000665s ]
INFO: [ app_end ] --START--
INFO: Run Behavior\ShowPageTraceBehavior [ RunTime:0.000701s ]
INFO: [ app_end ] --END-- [ RunTime:0.000826s ]

[ 2018-05-04T09:22:44+08:00 ] ::1 /jiimadeeee/index.php/Admin/index/top.html
INFO: [ app_init ] --START--
INFO: Run Behavior\BuildLiteBehavior [ RunTime:0.000029s ]
INFO: [ app_init ] --END-- [ RunTime:0.000713s ]
INFO: [ app_begin ] --START--
INFO: Run Behavior\ReadHtmlCacheBehavior [ RunTime:0.000721s ]
INFO: [ app_begin ] --END-- [ RunTime:0.000853s ]
NOTIC: [8] A session had already been started - ignoring session_start() D:\wamp\wamp64\www\jiimadeeee\Application\Admin\Controller\BaseController.class.php 第 9 行.
INFO: [ view_parse ] --START--
INFO: [ template_filter ] --START--
INFO: Run Behavior\ContentReplaceBehavior [ RunTime:0.000087s ]
INFO: [ template_filter ] --END-- [ RunTime:0.000228s ]
INFO: Run Behavior\ParseTemplateBehavior [ RunTime:0.008512s ]
INFO: [ view_parse ] --END-- [ RunTime:0.008670s ]
INFO: [ view_filter ] --START--
INFO: Run Behavior\WriteHtmlCacheBehavior [ RunTime:0.000525s ]
INFO: [ view_filter ] --END-- [ RunTime:0.000670s ]
INFO: [ app_end ] --START--
INFO: Run Behavior\ShowPageTraceBehavior [ RunTime:0.000631s ]
INFO: [ app_end ] --END-- [ RunTime:0.000755s ]

[ 2018-05-04T09:22:44+08:00 ] ::1 /jiimadeeee/index.php/Admin/index/menu.html
INFO: [ app_init ] --START--
INFO: Run Behavior\BuildLiteBehavior [ RunTime:0.000031s ]
INFO: [ app_init ] --END-- [ RunTime:0.000592s ]
INFO: [ app_begin ] --START--
INFO: Run Behavior\ReadHtmlCacheBehavior [ RunTime:0.000754s ]
INFO: [ app_begin ] --END-- [ RunTime:0.000900s ]
NOTIC: [8] A session had already been started - ignoring session_start() D:\wamp\wamp64\www\jiimadeeee\Application\Admin\Controller\BaseController.class.php 第 9 行.
INFO: [ view_parse ] --START--
INFO: [ template_filter ] --START--
INFO: Run Behavior\ContentReplaceBehavior [ RunTime:0.000149s ]
INFO: [ template_filter ] --END-- [ RunTime:0.000303s ]
INFO: Run Behavior\ParseTemplateBehavior [ RunTime:0.020305s ]
INFO: [ view_parse ] --END-- [ RunTime:0.020439s ]
INFO: [ view_filter ] --START--
INFO: Run Behavior\WriteHtmlCacheBehavior [ RunTime:0.000491s ]
INFO: [ view_filter ] --END-- [ RunTime:0.000602s ]
INFO: [ app_end ] --START--
INFO: Run Behavior\ShowPageTraceBehavior [ RunTime:0.000757s ]
INFO: [ app_end ] --END-- [ RunTime:0.000882s ]

[ 2018-05-04T09:22:44+08:00 ] ::1 /jiimadeeee/index.php/Admin/index/main.html
INFO: [ app_init ] --START--
INFO: Run Behavior\BuildLiteBehavior [ RunTime:0.000027s ]
INFO: [ app_init ] --END-- [ RunTime:0.000594s ]
INFO: [ app_begin ] --START--
INFO: Run Behavior\ReadHtmlCacheBehavior [ RunTime:0.000722s ]
INFO: [ app_begin ] --END-- [ RunTime:0.000880s ]
NOTIC: [8] A session had already been started - ignoring session_start() D:\wamp\wamp64\www\jiimadeeee\Application\Admin\Controller\BaseController.class.php 第 9 行.
INFO: [ view_parse ] --START--
INFO: [ template_filter ] --START--
INFO: Run Behavior\ContentReplaceBehavior [ RunTime:0.000098s ]
INFO: [ template_filter ] --END-- [ RunTime:0.000243s ]
INFO: Run Behavior\ParseTemplateBehavior [ RunTime:0.017014s ]
INFO: [ view_parse ] --END-- [ RunTime:0.017162s ]
INFO: [ view_filter ] --START--
INFO: Run Behavior\WriteHtmlCacheBehavior [ RunTime:0.000456s ]
INFO: [ view_filter ] --END-- [ RunTime:0.000564s ]
INFO: [ app_end ] --START--
INFO: Run Behavior\ShowPageTraceBehavior [ RunTime:0.000664s ]
INFO: [ app_end ] --END-- [ RunTime:0.000798s ]

[ 2018-05-04T09:23:20+08:00 ] ::1 /jiimadeeee/index.php/Admin/Goods/lst.html
INFO: [ app_init ] --START--
INFO: Run Behavior\BuildLiteBehavior [ RunTime:0.000023s ]
INFO: [ app_init ] --END-- [ RunTime:0.000470s ]
INFO: [ app_begin ] --START--
INFO: Run Behavior\ReadHtmlCacheBehavior [ RunTime:0.000621s ]
INFO: [ app_begin ] --END-- [ RunTime:0.000732s ]
NOTIC: [8] A session had already been started - ignoring session_start() D:\wamp\wamp64\www\jiimadeeee\Application\Admin\Controller\BaseController.class.php 第 9 行.
SQL: SHOW COLUMNS FROM `made_goods` [ RunTime:0.0005s ]
SQL: SELECT COUNT(*) AS tp_count FROM `made_goods` LIMIT 1   [ RunTime:0.0004s ]
SQL: SELECT a.*,c.name as cat_name FROM made_goods a LEFT JOIN made_category c ON a.cat_id=c.id  ORDER BY order_id asc LIMIT 0,15   [ RunTime:0.0004s ]
INFO: [ view_parse ] --START--
INFO: [ template_filter ] --START--
INFO: Run Behavior\ContentReplaceBehavior [ RunTime:0.000098s ]
INFO: [ template_filter ] --END-- [ RunTime:0.000244s ]
NOTIC: [8] Undefined variable: cat_list D:\wamp\wamp64\www\jiimadeeee\Application\Runtime\Cache\Admin\12cf6a5c74297688873998de0720405d.php 第 26 行.
INFO: Run Behavior\ParseTemplateBehavior [ RunTime:0.014522s ]
INFO: [ view_parse ] --END-- [ RunTime:0.014658s ]
INFO: [ view_filter ] --START--
INFO: Run Behavior\WriteHtmlCacheBehavior [ RunTime:0.000504s ]
INFO: [ view_filter ] --END-- [ RunTime:0.000633s ]
INFO: [ app_end ] --START--
INFO: Run Behavior\ShowPageTraceBehavior [ RunTime:0.000606s ]
INFO: [ app_end ] --END-- [ RunTime:0.000714s ]

[ 2018-05-04T09:23:28+08:00 ] ::1 /jiimadeeee/index.php/Admin/Goods/edit/id/6.html
INFO: [ app_init ] --START--
INFO: Run Behavior\BuildLiteBehavior [ RunTime:0.000024s ]
INFO: [ app_init ] --END-- [ RunTime:0.000505s ]
INFO: [ app_begin ] --START--
INFO: Run Behavior\ReadHtmlCacheBehavior [ RunTime:0.000605s ]
INFO: [ app_begin ] --END-- [ RunTime:0.000718s ]
NOTIC: [8] A session had already been started - ignoring session_start() D:\wamp\wamp64\www\jiimadeeee\Application\Admin\Controller\BaseController.class.php 第 9 行.
SQL: SHOW COLUMNS FROM `made_goods` [ RunTime:0.0005s ]
SQL: SELECT * FROM `made_goods` WHERE `id` = 6 LIMIT 1   [ RunTime:0.0002s ]
SQL: SHOW COLUMNS FROM `made_goods_desc` [ RunTime:0.0012s ]
SQL: SELECT * FROM `made_goods_desc` WHERE `goods_id` = '6'  [ RunTime:0.0002s ]
SQL: SHOW COLUMNS FROM `made_goods_img` [ RunTime:0.0013s ]
SQL: SELECT * FROM `made_goods_img` WHERE `goods_id` = '6'  [ RunTime:0.0003s ]
SQL: SHOW COLUMNS FROM `made_category` [ RunTime:0.0005s ]
SQL: SELECT * FROM `made_category` ORDER BY order_id asc  [ RunTime:0.0003s ]
SQL: SHOW COLUMNS FROM `made_goods_cat` [ RunTime:0.0025s ]
SQL: SELECT * FROM `made_goods_cat` WHERE `goods_id` = '6'  [ RunTime:0.0022s ]
SQL: SHOW COLUMNS FROM `made_attribute` [ RunTime:0.0012s ]
SQL: SELECT a.id attr_id,a.attr_name,a.attr_type,a.attr_option_values,b.id,b.attr_value FROM made_attribute a LEFT JOIN made_goods_attr b ON a.id=b.attr_id AND b.goods_id=6  WHERE a.type_id = '0'  [ RunTime:0.0011s ]
INFO: [ view_parse ] --START--
INFO: [ template_filter ] --START--
INFO: Run Behavior\ContentReplaceBehavior [ RunTime:0.000317s ]
INFO: [ template_filter ] --END-- [ RunTime:0.000470s ]
SQL: SHOW COLUMNS FROM `made_type` [ RunTime:0.0036s ]
SQL: SELECT `id`,`type_name` FROM `made_type`  [ RunTime:0.0002s ]
INFO: Run Behavior\ParseTemplateBehavior [ RunTime:0.043441s ]
INFO: [ view_parse ] --END-- [ RunTime:0.043577s ]
INFO: [ view_filter ] --START--
INFO: Run Behavior\WriteHtmlCacheBehavior [ RunTime:0.000593s ]
INFO: [ view_filter ] --END-- [ RunTime:0.000728s ]
INFO: [ app_end ] --START--
INFO: Run Behavior\ShowPageTraceBehavior [ RunTime:0.000646s ]
INFO: [ app_end ] --END-- [ RunTime:0.000756s ]

[ 2018-05-04T09:23:29+08:00 ] ::1 /jiimadeeee/index.php/Admin/Goods/lst.html
INFO: [ app_init ] --START--
INFO: Run Behavior\BuildLiteBehavior [ RunTime:0.000023s ]
INFO: [ app_init ] --END-- [ RunTime:0.000466s ]
INFO: [ app_begin ] --START--
INFO: Run Behavior\ReadHtmlCacheBehavior [ RunTime:0.000606s ]
INFO: [ app_begin ] --END-- [ RunTime:0.000717s ]
NOTIC: [8] A session had already been started - ignoring session_start() D:\wamp\wamp64\www\jiimadeeee\Application\Admin\Controller\BaseController.class.php 第 9 行.
SQL: SHOW COLUMNS FROM `made_goods` [ RunTime:0.0006s ]
SQL: SELECT COUNT(*) AS tp_count FROM `made_goods` LIMIT 1   [ RunTime:0.0002s ]
SQL: SELECT a.*,c.name as cat_name FROM made_goods a LEFT JOIN made_category c ON a.cat_id=c.id  ORDER BY order_id asc LIMIT 0,15   [ RunTime:0.0006s ]
INFO: [ view_parse ] --START--
INFO: [ template_filter ] --START--
INFO: Run Behavior\ContentReplaceBehavior [ RunTime:0.000091s ]
INFO: [ template_filter ] --END-- [ RunTime:0.000206s ]
NOTIC: [8] Undefined variable: cat_list D:\wamp\wamp64\www\jiimadeeee\Application\Runtime\Cache\Admin\12cf6a5c74297688873998de0720405d.php 第 26 行.
INFO: Run Behavior\ParseTemplateBehavior [ RunTime:0.011434s ]
INFO: [ view_parse ] --END-- [ RunTime:0.011548s ]
INFO: [ view_filter ] --START--
INFO: Run Behavior\WriteHtmlCacheBehavior [ RunTime:0.000470s ]
INFO: [ view_filter ] --END-- [ RunTime:0.000574s ]
INFO: [ app_end ] --START--
INFO: Run Behavior\ShowPageTraceBehavior [ RunTime:0.000645s ]
INFO: [ app_end ] --END-- [ RunTime:0.000769s ]

[ 2018-05-04T09:23:31+08:00 ] ::1 /jiimadeeee/index.php/Admin/Goods/goods_number/id/6.html
INFO: [ app_init ] --START--
INFO: Run Behavior\BuildLiteBehavior [ RunTime:0.000023s ]
INFO: [ app_init ] --END-- [ RunTime:0.000465s ]
INFO: [ app_begin ] --START--
INFO: Run Behavior\ReadHtmlCacheBehavior [ RunTime:0.000627s ]
INFO: [ app_begin ] --END-- [ RunTime:0.000738s ]
NOTIC: [8] A session had already been started - ignoring session_start() D:\wamp\wamp64\www\jiimadeeee\Application\Admin\Controller\BaseController.class.php 第 9 行.
SQL: SHOW COLUMNS FROM `made_goods_number` [ RunTime:0.0005s ]
SQL: SHOW COLUMNS FROM `made_goods_attr` [ RunTime:0.0014s ]
SQL: SELECT a.*,b.attr_name,b.attr_type,b.attr_option_values,b.type_id FROM made_goods_attr a LEFT JOIN made_attribute b ON a.attr_id=b.id  WHERE a.goods_id = '6' AND b.attr_type IN (2,3)  [ RunTime:0.0013s ]
SQL: SHOW COLUMNS FROM `made_color` [ RunTime:0.0013s ]
SQL: SELECT * FROM `made_goods_number` WHERE `goods_id` = '6'  [ RunTime:0.0003s ]
NOTIC: [8] Undefined variable: glData D:\wamp\wamp64\www\jiimadeeee\Application\Admin\Controller\GoodsController.class.php 第 312 行.
INFO: [ view_parse ] --START--
INFO: [ template_filter ] --START--
INFO: Run Behavior\ContentReplaceBehavior [ RunTime:0.000115s ]
INFO: [ template_filter ] --END-- [ RunTime:0.000232s ]
NOTIC: [8] Undefined variable: gaData D:\wamp\wamp64\www\jiimadeeee\Application\Runtime\Cache\Admin\2748f9ade8e602b7f92c24038866ded6.php 第 22 行.
NOTIC: [2] Invalid argument supplied for foreach() D:\wamp\wamp64\www\jiimadeeee\Application\Runtime\Cache\Admin\2748f9ade8e602b7f92c24038866ded6.php 第 22 行.
NOTIC: [8] Undefined variable: gaData D:\wamp\wamp64\www\jiimadeeee\Application\Runtime\Cache\Admin\2748f9ade8e602b7f92c24038866ded6.php 第 22 行.
NOTIC: [2] Invalid argument supplied for foreach() D:\wamp\wamp64\www\jiimadeeee\Application\Runtime\Cache\Admin\2748f9ade8e602b7f92c24038866ded6.php 第 22 行.
NOTIC: [2] Invalid argument supplied for foreach() D:\wamp\wamp64\www\jiimadeeee\Application\Runtime\Cache\Admin\2748f9ade8e602b7f92c24038866ded6.php 第 26 行.
NOTIC: [2] Invalid argument supplied for foreach() D:\wamp\wamp64\www\jiimadeeee\Application\Runtime\Cache\Admin\2748f9ade8e602b7f92c24038866ded6.php 第 45 行.
NOTIC: [2] Invalid argument supplied for foreach() D:\wamp\wamp64\www\jiimadeeee\Application\Runtime\Cache\Admin\2748f9ade8e602b7f92c24038866ded6.php 第 71 行.
INFO: Run Behavior\ParseTemplateBehavior [ RunTime:0.010294s ]
INFO: [ view_parse ] --END-- [ RunTime:0.010405s ]
INFO: [ view_filter ] --START--
INFO: Run Behavior\WriteHtmlCacheBehavior [ RunTime:0.000432s ]
INFO: [ view_filter ] --END-- [ RunTime:0.000536s ]
INFO: [ app_end ] --START--
INFO: Run Behavior\ShowPageTraceBehavior [ RunTime:0.000588s ]
INFO: [ app_end ] --END-- [ RunTime:0.000695s ]

[ 2018-05-04T09:23:34+08:00 ] ::1 /jiimadeeee/index.php/Admin/Goods/goods_number/id/6.html
INFO: [ app_init ] --START--
INFO: Run Behavior\BuildLiteBehavior [ RunTime:0.000024s ]
INFO: [ app_init ] --END-- [ RunTime:0.000465s ]
INFO: [ app_begin ] --START--
INFO: Run Behavior\ReadHtmlCacheBehavior [ RunTime:0.000592s ]
INFO: [ app_begin ] --END-- [ RunTime:0.000711s ]
NOTIC: [8] A session had already been started - ignoring session_start() D:\wamp\wamp64\www\jiimadeeee\Application\Admin\Controller\BaseController.class.php 第 9 行.
SQL: SHOW COLUMNS FROM `made_goods_number` [ RunTime:0.0005s ]
SQL: SHOW COLUMNS FROM `made_goods_attr` [ RunTime:0.0013s ]
SQL: SELECT a.*,b.attr_name,b.attr_type,b.attr_option_values,b.type_id FROM made_goods_attr a LEFT JOIN made_attribute b ON a.attr_id=b.id  WHERE a.goods_id = '6' AND b.attr_type IN (2,3)  [ RunTime:0.0011s ]
SQL: SHOW COLUMNS FROM `made_color` [ RunTime:0.0013s ]
SQL: UPDATE `made_goods_number` SET `goods_id`='6',`goods_attr_id`='0',`goods_number`='15',`goods_price`='-10',`discount_price`='0' WHERE `id` = 23 [ RunTime:0.0010s ]
SQL: SELECT * FROM `made_goods_number` WHERE `goods_id` = '6'  [ RunTime:0.0002s ]
NOTIC: [8] Undefined variable: glData D:\wamp\wamp64\www\jiimadeeee\Application\Admin\Controller\GoodsController.class.php 第 312 行.
INFO: [ view_parse ] --START--
INFO: [ template_filter ] --START--
INFO: Run Behavior\ContentReplaceBehavior [ RunTime:0.000103s ]
INFO: [ template_filter ] --END-- [ RunTime:0.000210s ]
NOTIC: [8] Undefined variable: gaData D:\wamp\wamp64\www\jiimadeeee\Application\Runtime\Cache\Admin\2748f9ade8e602b7f92c24038866ded6.php 第 22 行.
NOTIC: [2] Invalid argument supplied for foreach() D:\wamp\wamp64\www\jiimadeeee\Application\Runtime\Cache\Admin\2748f9ade8e602b7f92c24038866ded6.php 第 22 行.
NOTIC: [8] Undefined variable: gaData D:\wamp\wamp64\www\jiimadeeee\Application\Runtime\Cache\Admin\2748f9ade8e602b7f92c24038866ded6.php 第 22 行.
NOTIC: [2] Invalid argument supplied for foreach() D:\wamp\wamp64\www\jiimadeeee\Application\Runtime\Cache\Admin\2748f9ade8e602b7f92c24038866ded6.php 第 22 行.
NOTIC: [2] Invalid argument supplied for foreach() D:\wamp\wamp64\www\jiimadeeee\Application\Runtime\Cache\Admin\2748f9ade8e602b7f92c24038866ded6.php 第 26 行.
NOTIC: [2] Invalid argument supplied for foreach() D:\wamp\wamp64\www\jiimadeeee\Application\Runtime\Cache\Admin\2748f9ade8e602b7f92c24038866ded6.php 第 45 行.
NOTIC: [2] Invalid argument supplied for foreach() D:\wamp\wamp64\www\jiimadeeee\Application\Runtime\Cache\Admin\2748f9ade8e602b7f92c24038866ded6.php 第 71 行.
INFO: Run Behavior\ParseTemplateBehavior [ RunTime:0.009701s ]
INFO: [ view_parse ] --END-- [ RunTime:0.009817s ]
INFO: [ view_filter ] --START--
INFO: Run Behavior\WriteHtmlCacheBehavior [ RunTime:0.000466s ]
INFO: [ view_filter ] --END-- [ RunTime:0.000574s ]
INFO: [ app_end ] --START--
INFO: Run Behavior\ShowPageTraceBehavior [ RunTime:0.000562s ]
INFO: [ app_end ] --END-- [ RunTime:0.000661s ]

[ 2018-05-04T09:23:40+08:00 ] ::1 /jiimadeeee/index.php/Admin/Goods/lst.html
INFO: [ app_init ] --START--
INFO: Run Behavior\BuildLiteBehavior [ RunTime:0.000023s ]
INFO: [ app_init ] --END-- [ RunTime:0.000466s ]
INFO: [ app_begin ] --START--
INFO: Run Behavior\ReadHtmlCacheBehavior [ RunTime:0.000595s ]
INFO: [ app_begin ] --END-- [ RunTime:0.000708s ]
NOTIC: [8] A session had already been started - ignoring session_start() D:\wamp\wamp64\www\jiimadeeee\Application\Admin\Controller\BaseController.class.php 第 9 行.
SQL: SHOW COLUMNS FROM `made_goods` [ RunTime:0.0007s ]
SQL: SELECT COUNT(*) AS tp_count FROM `made_goods` LIMIT 1   [ RunTime:0.0004s ]
SQL: SELECT a.*,c.name as cat_name FROM made_goods a LEFT JOIN made_category c ON a.cat_id=c.id  ORDER BY order_id asc LIMIT 0,15   [ RunTime:0.0007s ]
INFO: [ view_parse ] --START--
INFO: [ template_filter ] --START--
INFO: Run Behavior\ContentReplaceBehavior [ RunTime:0.000089s ]
INFO: [ template_filter ] --END-- [ RunTime:0.000204s ]
NOTIC: [8] Undefined variable: cat_list D:\wamp\wamp64\www\jiimadeeee\Application\Runtime\Cache\Admin\12cf6a5c74297688873998de0720405d.php 第 26 行.
INFO: Run Behavior\ParseTemplateBehavior [ RunTime:0.011618s ]
INFO: [ view_parse ] --END-- [ RunTime:0.011728s ]
INFO: [ view_filter ] --START--
INFO: Run Behavior\WriteHtmlCacheBehavior [ RunTime:0.000448s ]
INFO: [ view_filter ] --END-- [ RunTime:0.000549s ]
INFO: [ app_end ] --START--
INFO: Run Behavior\ShowPageTraceBehavior [ RunTime:0.000608s ]
INFO: [ app_end ] --END-- [ RunTime:0.000717s ]

[ 2018-05-04T09:26:39+08:00 ] ::1 /jiimadeeee/index.php/Admin/Goods/edit/id/6.html
INFO: [ app_init ] --START--
INFO: Run Behavior\BuildLiteBehavior [ RunTime:0.000023s ]
INFO: [ app_init ] --END-- [ RunTime:0.000444s ]
INFO: [ app_begin ] --START--
INFO: Run Behavior\ReadHtmlCacheBehavior [ RunTime:0.000648s ]
INFO: [ app_begin ] --END-- [ RunTime:0.000762s ]
NOTIC: [8] A session had already been started - ignoring session_start() D:\wamp\wamp64\www\jiimadeeee\Application\Admin\Controller\BaseController.class.php 第 9 行.
SQL: SHOW COLUMNS FROM `made_goods` [ RunTime:0.0007s ]
SQL: SELECT * FROM `made_goods` WHERE `id` = 6 LIMIT 1   [ RunTime:0.0005s ]
SQL: SHOW COLUMNS FROM `made_goods_desc` [ RunTime:0.0013s ]
SQL: SELECT * FROM `made_goods_desc` WHERE `goods_id` = '6'  [ RunTime:0.0004s ]
SQL: SHOW COLUMNS FROM `made_goods_img` [ RunTime:0.0013s ]
SQL: SELECT * FROM `made_goods_img` WHERE `goods_id` = '6'  [ RunTime:0.0003s ]
SQL: SHOW COLUMNS FROM `made_category` [ RunTime:0.0009s ]
SQL: SELECT * FROM `made_category` ORDER BY order_id asc  [ RunTime:0.0004s ]
SQL: SHOW COLUMNS FROM `made_goods_cat` [ RunTime:0.0021s ]
SQL: SELECT * FROM `made_goods_cat` WHERE `goods_id` = '6'  [ RunTime:0.0002s ]
SQL: SHOW COLUMNS FROM `made_attribute` [ RunTime:0.0008s ]
SQL: SELECT a.id attr_id,a.attr_name,a.attr_type,a.attr_option_values,b.id,b.attr_value FROM made_attribute a LEFT JOIN made_goods_attr b ON a.id=b.attr_id AND b.goods_id=6  WHERE a.type_id = '0'  [ RunTime:0.0004s ]
INFO: [ view_parse ] --START--
INFO: [ template_filter ] --START--
INFO: Run Behavior\ContentReplaceBehavior [ RunTime:0.000237s ]
INFO: [ template_filter ] --END-- [ RunTime:0.000358s ]
SQL: SHOW COLUMNS FROM `made_type` [ RunTime:0.0014s ]
SQL: SELECT `id`,`type_name` FROM `made_type`  [ RunTime:0.0002s ]
INFO: Run Behavior\ParseTemplateBehavior [ RunTime:0.026914s ]
INFO: [ view_parse ] --END-- [ RunTime:0.027045s ]
INFO: [ view_filter ] --START--
INFO: Run Behavior\WriteHtmlCacheBehavior [ RunTime:0.000576s ]
INFO: [ view_filter ] --END-- [ RunTime:0.000705s ]
INFO: [ app_end ] --START--
INFO: Run Behavior\ShowPageTraceBehavior [ RunTime:0.000642s ]
INFO: [ app_end ] --END-- [ RunTime:0.000750s ]

[ 2018-05-04T09:26:43+08:00 ] ::1 /jiimadeeee/index.php/Admin/Goods/edit
INFO: [ app_init ] --START--
INFO: Run Behavior\BuildLiteBehavior [ RunTime:0.000022s ]
INFO: [ app_init ] --END-- [ RunTime:0.000474s ]
INFO: [ app_begin ] --START--
INFO: Run Behavior\ReadHtmlCacheBehavior [ RunTime:0.000596s ]
INFO: [ app_begin ] --END-- [ RunTime:0.000728s ]
NOTIC: [8] A session had already been started - ignoring session_start() D:\wamp\wamp64\www\jiimadeeee\Application\Admin\Controller\BaseController.class.php 第 9 行.
SQL: SHOW COLUMNS FROM `made_goods` [ RunTime:0.0009s ]
SQL: SELECT * FROM `made_goods` WHERE `id` = 0 LIMIT 1   [ RunTime:0.0003s ]
NOTIC: [8] Undefined index: validate D:\wamp\wamp64\www\jiimadeeee\ThinkPHP\Library\Think\Model.class.php 第 1185 行.
NOTIC: [8] Undefined index: auto D:\wamp\wamp64\www\jiimadeeee\ThinkPHP\Library\Think\Model.class.php 第 1128 行.
NOTIC: [8] Undefined index: is_new D:\wamp\wamp64\www\jiimadeeee\Application\Admin\Model\GoodsModel.class.php 第 114 行.
NOTIC: [8] Undefined index: is_hot D:\wamp\wamp64\www\jiimadeeee\Application\Admin\Model\GoodsModel.class.php 第 117 行.
SQL: SHOW COLUMNS FROM `made_goods_attr` [ RunTime:0.0015s ]
SQL: SELECT `type_id` FROM `made_goods` WHERE `id` = 6 LIMIT 1   [ RunTime:0.0004s ]
SQL: DELETE FROM `made_goods_attr` WHERE `goods_id` = 6 [ RunTime:0.0003s ]
NOTIC: [2] Invalid argument supplied for foreach() D:\wamp\wamp64\www\jiimadeeee\Application\Admin\Model\GoodsModel.class.php 第 175 行.
SQL: SHOW COLUMNS FROM `made_goods_cat` [ RunTime:0.0023s ]
SQL: DELETE FROM `made_goods_cat` WHERE `goods_id` = 6 [ RunTime:0.0002s ]
SQL: UPDATE `made_goods` SET `goods_name`='是的氛围',`cat_id`='1',`is_on_sale`='1',`tag`='的说法是',`sort_id`='100',`type_id`='0',`is_new`='0',`is_hot`='0' WHERE `id` = 6 [ RunTime:0.0018s ]
SQL: SHOW COLUMNS FROM `made_goods_desc` [ RunTime:0.0024s ]
SQL: SHOW COLUMNS FROM `made_goods_img` [ RunTime:0.0025s ]
INFO: [ view_parse ] --START--
INFO: [ template_filter ] --START--
INFO: Run Behavior\ContentReplaceBehavior [ RunTime:0.000064s ]
INFO: [ template_filter ] --END-- [ RunTime:0.000177s ]
INFO: Run Behavior\ParseTemplateBehavior [ RunTime:0.007928s ]
INFO: [ view_parse ] --END-- [ RunTime:0.008077s ]
INFO: [ view_filter ] --START--
INFO: Run Behavior\WriteHtmlCacheBehavior [ RunTime:0.000621s ]
INFO: [ view_filter ] --END-- [ RunTime:0.000769s ]
INFO: [ view_parse ] --START--
INFO: [ template_filter ] --START--
INFO: Run Behavior\ContentReplaceBehavior [ RunTime:0.000056s ]
INFO: [ template_filter ] --END-- [ RunTime:-0.005517s ]
INFO: Run Behavior\ParseTemplateBehavior [ RunTime:0.003930s ]
INFO: [ view_parse ] --END-- [ RunTime:-0.001248s ]
INFO: [ view_filter ] --START--
INFO: Run Behavior\WriteHtmlCacheBehavior [ RunTime:0.000037s ]
INFO: [ view_filter ] --END-- [ RunTime:-0.004531s ]

[ 2018-05-04T09:26:44+08:00 ] ::1 /jiimadeeee/index.php/Admin/Goods/lst.html
INFO: [ app_init ] --START--
INFO: Run Behavior\BuildLiteBehavior [ RunTime:0.000047s ]
INFO: [ app_init ] --END-- [ RunTime:0.000920s ]
INFO: [ app_begin ] --START--
INFO: Run Behavior\ReadHtmlCacheBehavior [ RunTime:0.001192s ]
INFO: [ app_begin ] --END-- [ RunTime:0.001424s ]
NOTIC: [8] A session had already been started - ignoring session_start() D:\wamp\wamp64\www\jiimadeeee\Application\Admin\Controller\BaseController.class.php 第 9 行.
SQL: SHOW COLUMNS FROM `made_goods` [ RunTime:0.0009s ]
SQL: SELECT COUNT(*) AS tp_count FROM `made_goods` LIMIT 1   [ RunTime:0.0002s ]
SQL: SELECT a.*,c.name as cat_name FROM made_goods a LEFT JOIN made_category c ON a.cat_id=c.id  ORDER BY order_id asc LIMIT 0,15   [ RunTime:0.0006s ]
INFO: [ view_parse ] --START--
INFO: [ template_filter ] --START--
INFO: Run Behavior\ContentReplaceBehavior [ RunTime:0.000093s ]
INFO: [ template_filter ] --END-- [ RunTime:0.000207s ]
NOTIC: [8] Undefined variable: cat_list D:\wamp\wamp64\www\jiimadeeee\Application\Runtime\Cache\Admin\12cf6a5c74297688873998de0720405d.php 第 26 行.
INFO: Run Behavior\ParseTemplateBehavior [ RunTime:0.012497s ]
INFO: [ view_parse ] --END-- [ RunTime:0.012651s ]
INFO: [ view_filter ] --START--
INFO: Run Behavior\WriteHtmlCacheBehavior [ RunTime:0.000485s ]
INFO: [ view_filter ] --END-- [ RunTime:0.000615s ]
INFO: [ app_end ] --START--
INFO: Run Behavior\ShowPageTraceBehavior [ RunTime:0.000636s ]
INFO: [ app_end ] --END-- [ RunTime:0.000743s ]

