[ 2018-06-15T08:50:27+08:00 ] ::1 /jiimadeeee/index.php/admin/index/index
INFO: [ app_init ] --START--
INFO: Run Behavior\BuildLiteBehavior [ RunTime:0.000054s ]
INFO: [ app_init ] --END-- [ RunTime:0.002326s ]
INFO: [ app_begin ] --START--
INFO: Run Behavior\ReadHtmlCacheBehavior [ RunTime:0.007939s ]
INFO: [ app_begin ] --END-- [ RunTime:0.008777s ]
NOTIC: [8] A session had already been started - ignoring session_start() D:\wamp\wamp64\www\jiimadeeee\Application\Admin\Controller\BaseController.class.php 第 9 行.
INFO: [ view_parse ] --START--
INFO: [ template_filter ] --START--
INFO: Run Behavior\ContentReplaceBehavior [ RunTime:0.002045s ]
INFO: [ template_filter ] --END-- [ RunTime:0.002913s ]
INFO: Run Behavior\ParseTemplateBehavior [ RunTime:0.043003s ]
INFO: [ view_parse ] --END-- [ RunTime:0.043288s ]
INFO: [ view_filter ] --START--
INFO: Run Behavior\WriteHtmlCacheBehavior [ RunTime:0.001584s ]
INFO: [ view_filter ] --END-- [ RunTime:0.001938s ]

[ 2018-06-15T08:50:31+08:00 ] ::1 /jiimadeeee/index.php/Admin/Login/login.html
INFO: [ app_init ] --START--
INFO: Run Behavior\BuildLiteBehavior [ RunTime:0.000033s ]
INFO: [ app_init ] --END-- [ RunTime:0.000998s ]
INFO: [ app_begin ] --START--
INFO: Run Behavior\ReadHtmlCacheBehavior [ RunTime:0.000921s ]
INFO: [ app_begin ] --END-- [ RunTime:0.001118s ]
INFO: [ view_parse ] --START--
INFO: [ template_filter ] --START--
INFO: Run Behavior\ContentReplaceBehavior [ RunTime:0.000083s ]
INFO: [ template_filter ] --END-- [ RunTime:0.000223s ]
INFO: Run Behavior\ParseTemplateBehavior [ RunTime:0.026114s ]
INFO: [ view_parse ] --END-- [ RunTime:0.026997s ]
INFO: [ view_filter ] --START--
INFO: Run Behavior\WriteHtmlCacheBehavior [ RunTime:0.001612s ]
INFO: [ view_filter ] --END-- [ RunTime:0.002823s ]
INFO: [ app_end ] --START--
INFO: Run Behavior\ShowPageTraceBehavior [ RunTime:0.006652s ]
INFO: [ app_end ] --END-- [ RunTime:0.007675s ]

[ 2018-06-15T08:50:31+08:00 ] ::1 /jiimadeeee/index.php/Admin/Login/chkcode.html
INFO: [ app_init ] --START--
INFO: Run Behavior\BuildLiteBehavior [ RunTime:0.000076s ]
INFO: [ app_init ] --END-- [ RunTime:0.002219s ]
INFO: [ app_begin ] --START--
INFO: Run Behavior\ReadHtmlCacheBehavior [ RunTime:0.001472s ]
INFO: [ app_begin ] --END-- [ RunTime:0.001747s ]
NOTIC: [8] A session had already been started - ignoring session_start() D:\wamp\wamp64\www\jiimadeeee\Application\Admin\Controller\LoginController.class.php 第 29 行.
INFO: [ app_end ] --START--
INFO: Run Behavior\ShowPageTraceBehavior [ RunTime:0.001499s ]
INFO: [ app_end ] --END-- [ RunTime:0.001773s ]

[ 2018-06-15T08:50:47+08:00 ] ::1 /jiimadeeee/index.php/Admin/Login/chkcode.html
INFO: [ app_init ] --START--
INFO: Run Behavior\BuildLiteBehavior [ RunTime:0.000047s ]
INFO: [ app_init ] --END-- [ RunTime:0.000977s ]
INFO: [ app_begin ] --START--
INFO: Run Behavior\ReadHtmlCacheBehavior [ RunTime:0.001193s ]
INFO: [ app_begin ] --END-- [ RunTime:0.001471s ]
NOTIC: [8] A session had already been started - ignoring session_start() D:\wamp\wamp64\www\jiimadeeee\Application\Admin\Controller\LoginController.class.php 第 29 行.
INFO: [ app_end ] --START--
INFO: Run Behavior\ShowPageTraceBehavior [ RunTime:0.014977s ]
INFO: [ app_end ] --END-- [ RunTime:0.015272s ]

[ 2018-06-15T08:50:51+08:00 ] ::1 /jiimadeeee/index.php/Admin/Login/login.html
INFO: [ app_init ] --START--
INFO: Run Behavior\BuildLiteBehavior [ RunTime:0.000059s ]
INFO: [ app_init ] --END-- [ RunTime:0.002871s ]
INFO: [ app_begin ] --START--
INFO: Run Behavior\ReadHtmlCacheBehavior [ RunTime:0.003778s ]
INFO: [ app_begin ] --END-- [ RunTime:0.004466s ]
SQL: SHOW COLUMNS FROM `made_admin` [ RunTime:0.0288s ]
NOTIC: [8] Undefined index: auto D:\wamp\wamp64\www\jiimadeeee\ThinkPHP\Library\Think\Model.class.php 第 1128 行.
SQL: SELECT * FROM `made_admin` WHERE `username` = 'root' LIMIT 1   [ RunTime:0.0048s ]
INFO: [ view_parse ] --START--
INFO: [ template_filter ] --START--
INFO: Run Behavior\ContentReplaceBehavior [ RunTime:0.000453s ]
INFO: [ template_filter ] --END-- [ RunTime:0.001196s ]
INFO: Run Behavior\ParseTemplateBehavior [ RunTime:0.051615s ]
INFO: [ view_parse ] --END-- [ RunTime:0.051992s ]
INFO: [ view_filter ] --START--
INFO: Run Behavior\WriteHtmlCacheBehavior [ RunTime:0.001045s ]
INFO: [ view_filter ] --END-- [ RunTime:0.001267s ]
INFO: [ view_parse ] --START--
INFO: [ template_filter ] --START--
INFO: Run Behavior\ContentReplaceBehavior [ RunTime:0.000214s ]
INFO: [ template_filter ] --END-- [ RunTime:-0.023405s ]
INFO: Run Behavior\ParseTemplateBehavior [ RunTime:0.021083s ]
INFO: [ view_parse ] --END-- [ RunTime:-0.001934s ]
INFO: [ view_filter ] --START--
INFO: Run Behavior\WriteHtmlCacheBehavior [ RunTime:0.000848s ]
INFO: [ view_filter ] --END-- [ RunTime:-0.022447s ]

[ 2018-06-15T08:50:52+08:00 ] ::1 /jiimadeeee/index.php/Admin/index/index.html
INFO: [ app_init ] --START--
INFO: Run Behavior\BuildLiteBehavior [ RunTime:0.000233s ]
INFO: [ app_init ] --END-- [ RunTime:0.003709s ]
INFO: [ app_begin ] --START--
INFO: Run Behavior\ReadHtmlCacheBehavior [ RunTime:0.005096s ]
INFO: [ app_begin ] --END-- [ RunTime:0.005326s ]
NOTIC: [8] A session had already been started - ignoring session_start() D:\wamp\wamp64\www\jiimadeeee\Application\Admin\Controller\BaseController.class.php 第 9 行.
INFO: [ view_parse ] --START--
INFO: [ template_filter ] --START--
INFO: Run Behavior\ContentReplaceBehavior [ RunTime:0.000718s ]
INFO: [ template_filter ] --END-- [ RunTime:0.002153s ]
INFO: Run Behavior\ParseTemplateBehavior [ RunTime:0.051039s ]
INFO: [ view_parse ] --END-- [ RunTime:0.052536s ]
INFO: [ view_filter ] --START--
INFO: Run Behavior\WriteHtmlCacheBehavior [ RunTime:0.003728s ]
INFO: [ view_filter ] --END-- [ RunTime:0.005598s ]
INFO: [ app_end ] --START--
INFO: Run Behavior\ShowPageTraceBehavior [ RunTime:0.002422s ]
INFO: [ app_end ] --END-- [ RunTime:0.003721s ]

[ 2018-06-15T08:50:53+08:00 ] ::1 /jiimadeeee/index.php/Admin/index/top.html
INFO: [ app_init ] --START--
INFO: Run Behavior\BuildLiteBehavior [ RunTime:0.000038s ]
INFO: [ app_init ] --END-- [ RunTime:0.000748s ]
INFO: [ app_begin ] --START--
INFO: Run Behavior\ReadHtmlCacheBehavior [ RunTime:0.003057s ]
INFO: [ app_begin ] --END-- [ RunTime:0.003823s ]
NOTIC: [8] A session had already been started - ignoring session_start() D:\wamp\wamp64\www\jiimadeeee\Application\Admin\Controller\BaseController.class.php 第 9 行.
INFO: [ view_parse ] --START--
INFO: [ template_filter ] --START--
INFO: Run Behavior\ContentReplaceBehavior [ RunTime:0.000149s ]
INFO: [ template_filter ] --END-- [ RunTime:0.000381s ]
INFO: Run Behavior\ParseTemplateBehavior [ RunTime:0.015129s ]
INFO: [ view_parse ] --END-- [ RunTime:0.015316s ]
INFO: [ view_filter ] --START--
INFO: Run Behavior\WriteHtmlCacheBehavior [ RunTime:0.000551s ]
INFO: [ view_filter ] --END-- [ RunTime:0.000705s ]
INFO: [ app_end ] --START--
INFO: Run Behavior\ShowPageTraceBehavior [ RunTime:0.000627s ]
INFO: [ app_end ] --END-- [ RunTime:0.000788s ]

[ 2018-06-15T08:50:53+08:00 ] ::1 /jiimadeeee/index.php/Admin/index/menu.html
INFO: [ app_init ] --START--
INFO: Run Behavior\BuildLiteBehavior [ RunTime:0.000049s ]
INFO: [ app_init ] --END-- [ RunTime:0.000925s ]
INFO: [ app_begin ] --START--
INFO: Run Behavior\ReadHtmlCacheBehavior [ RunTime:0.000909s ]
INFO: [ app_begin ] --END-- [ RunTime:0.001117s ]
NOTIC: [8] A session had already been started - ignoring session_start() D:\wamp\wamp64\www\jiimadeeee\Application\Admin\Controller\BaseController.class.php 第 9 行.
INFO: [ view_parse ] --START--
INFO: [ template_filter ] --START--
INFO: Run Behavior\ContentReplaceBehavior [ RunTime:0.000308s ]
INFO: [ template_filter ] --END-- [ RunTime:0.000502s ]
SQL: SHOW COLUMNS FROM `made_privilege` [ RunTime:0.0062s ]
SQL: SELECT * FROM `made_privilege`  [ RunTime:0.0009s ]
INFO: Run Behavior\ParseTemplateBehavior [ RunTime:0.059215s ]
INFO: [ view_parse ] --END-- [ RunTime:0.059441s ]
INFO: [ view_filter ] --START--
INFO: Run Behavior\WriteHtmlCacheBehavior [ RunTime:0.000798s ]
INFO: [ view_filter ] --END-- [ RunTime:0.000994s ]
INFO: [ app_end ] --START--
INFO: Run Behavior\ShowPageTraceBehavior [ RunTime:0.001185s ]
INFO: [ app_end ] --END-- [ RunTime:0.001590s ]

[ 2018-06-15T08:50:53+08:00 ] ::1 /jiimadeeee/index.php/Admin/index/main.html
INFO: [ app_init ] --START--
INFO: Run Behavior\BuildLiteBehavior [ RunTime:0.000048s ]
INFO: [ app_init ] --END-- [ RunTime:0.000919s ]
INFO: [ app_begin ] --START--
INFO: Run Behavior\ReadHtmlCacheBehavior [ RunTime:0.006035s ]
INFO: [ app_begin ] --END-- [ RunTime:0.007708s ]
NOTIC: [8] A session had already been started - ignoring session_start() D:\wamp\wamp64\www\jiimadeeee\Application\Admin\Controller\BaseController.class.php 第 9 行.
INFO: [ view_parse ] --START--
INFO: [ template_filter ] --START--
INFO: Run Behavior\ContentReplaceBehavior [ RunTime:0.000121s ]
INFO: [ template_filter ] --END-- [ RunTime:0.000350s ]
INFO: Run Behavior\ParseTemplateBehavior [ RunTime:0.039893s ]
INFO: [ view_parse ] --END-- [ RunTime:0.041837s ]
INFO: [ view_filter ] --START--
INFO: Run Behavior\WriteHtmlCacheBehavior [ RunTime:0.004816s ]
INFO: [ view_filter ] --END-- [ RunTime:0.005942s ]
INFO: [ app_end ] --START--
INFO: Run Behavior\ShowPageTraceBehavior [ RunTime:0.003849s ]
INFO: [ app_end ] --END-- [ RunTime:0.004643s ]

[ 2018-06-15T08:50:57+08:00 ] ::1 /jiimadeeee/index.php/Admin/Carousel/lst.html
INFO: [ app_init ] --START--
INFO: Run Behavior\BuildLiteBehavior [ RunTime:0.000194s ]
INFO: [ app_init ] --END-- [ RunTime:0.002690s ]
INFO: [ app_begin ] --START--
INFO: Run Behavior\ReadHtmlCacheBehavior [ RunTime:0.002679s ]
INFO: [ app_begin ] --END-- [ RunTime:0.003622s ]
NOTIC: [8] A session had already been started - ignoring session_start() D:\wamp\wamp64\www\jiimadeeee\Application\Admin\Controller\BaseController.class.php 第 9 行.
SQL: SHOW COLUMNS FROM `made_privilege` [ RunTime:0.0064s ]
SQL: SHOW COLUMNS FROM `made_carousel` [ RunTime:0.0105s ]
SQL: SELECT * FROM `made_carousel`  [ RunTime:0.0012s ]
INFO: [ view_parse ] --START--
INFO: [ template_filter ] --START--
INFO: Run Behavior\ContentReplaceBehavior [ RunTime:0.000430s ]
INFO: [ template_filter ] --END-- [ RunTime:0.001053s ]
NOTIC: [8] Undefined index: page D:\wamp\wamp64\www\jiimadeeee\Application\Runtime\Cache\Admin\bd3db642d342703a83cfdee4299f1d0e.php 第 46 行.
INFO: Run Behavior\ParseTemplateBehavior [ RunTime:0.051063s ]
INFO: [ view_parse ] --END-- [ RunTime:0.051842s ]
INFO: [ view_filter ] --START--
INFO: Run Behavior\WriteHtmlCacheBehavior [ RunTime:0.002326s ]
INFO: [ view_filter ] --END-- [ RunTime:0.003343s ]
INFO: [ app_end ] --START--
INFO: Run Behavior\ShowPageTraceBehavior [ RunTime:0.003755s ]
INFO: [ app_end ] --END-- [ RunTime:0.004638s ]

[ 2018-06-15T09:37:20+08:00 ] ::1 /jiimadeeee/index.php/Admin/Furniture/lst.html
INFO: [ app_init ] --START--
INFO: Run Behavior\BuildLiteBehavior [ RunTime:0.000174s ]
INFO: [ app_init ] --END-- [ RunTime:0.002659s ]
INFO: [ app_begin ] --START--
INFO: Run Behavior\ReadHtmlCacheBehavior [ RunTime:0.003389s ]
INFO: [ app_begin ] --END-- [ RunTime:0.004391s ]
NOTIC: [8] A session had already been started - ignoring session_start() D:\wamp\wamp64\www\jiimadeeee\Application\Admin\Controller\BaseController.class.php 第 9 行.
SQL: SHOW COLUMNS FROM `made_privilege` [ RunTime:0.0061s ]
SQL: SHOW COLUMNS FROM `made_furniture` [ RunTime:0.0113s ]
SQL: SELECT `id`,`fur_name` FROM `made_furniture` WHERE `cate_id` = '1' ORDER BY sort_id asc  [ RunTime:0.0015s ]
SQL: SELECT `id`,`fur_name` FROM `made_furniture` WHERE `cate_id` = '2' ORDER BY sort_id asc  [ RunTime:0.0009s ]
SQL: SELECT `id`,`fur_name` FROM `made_furniture` WHERE `cate_id` = '3' ORDER BY sort_id asc  [ RunTime:0.0009s ]
INFO: [ view_parse ] --START--
INFO: [ template_filter ] --START--
INFO: Run Behavior\ContentReplaceBehavior [ RunTime:0.000471s ]
INFO: [ template_filter ] --END-- [ RunTime:0.001090s ]
INFO: Run Behavior\ParseTemplateBehavior [ RunTime:0.055655s ]
INFO: [ view_parse ] --END-- [ RunTime:0.056205s ]
INFO: [ view_filter ] --START--
INFO: Run Behavior\WriteHtmlCacheBehavior [ RunTime:0.002819s ]
INFO: [ view_filter ] --END-- [ RunTime:0.003635s ]
INFO: [ app_end ] --START--
INFO: Run Behavior\ShowPageTraceBehavior [ RunTime:0.003814s ]
INFO: [ app_end ] --END-- [ RunTime:0.004562s ]

[ 2018-06-15T09:37:21+08:00 ] ::1 /jiimadeeee/index.php/Admin/Furniture/furniture_quote/id/1.html
INFO: [ app_init ] --START--
INFO: Run Behavior\BuildLiteBehavior [ RunTime:0.000165s ]
INFO: [ app_init ] --END-- [ RunTime:0.002749s ]
INFO: [ app_begin ] --START--
INFO: Run Behavior\ReadHtmlCacheBehavior [ RunTime:0.001190s ]
INFO: [ app_begin ] --END-- [ RunTime:0.001844s ]
NOTIC: [8] A session had already been started - ignoring session_start() D:\wamp\wamp64\www\jiimadeeee\Application\Admin\Controller\BaseController.class.php 第 9 行.
SQL: SHOW COLUMNS FROM `made_privilege` [ RunTime:0.0037s ]
SQL: SHOW COLUMNS FROM `made_furniture` [ RunTime:0.0058s ]
SQL: SHOW COLUMNS FROM `made_model` [ RunTime:0.0087s ]
SQL: SHOW COLUMNS FROM `made_furniture_quote` [ RunTime:0.0073s ]
SQL: SELECT `id`,`model_name` FROM `made_model`  [ RunTime:0.0006s ]
SQL: SELECT `attribute` FROM `made_furniture` WHERE `id` = 1 LIMIT 1   [ RunTime:0.0008s ]
SQL: SELECT * FROM `made_furniture_quote` WHERE `fur_id` = '1'  [ RunTime:0.0018s ]
INFO: [ view_parse ] --START--
INFO: [ template_filter ] --START--
INFO: Run Behavior\ContentReplaceBehavior [ RunTime:0.000690s ]
INFO: [ template_filter ] --END-- [ RunTime:0.001359s ]
INFO: Run Behavior\ParseTemplateBehavior [ RunTime:0.050792s ]
INFO: [ view_parse ] --END-- [ RunTime:0.051533s ]
INFO: [ view_filter ] --START--
INFO: Run Behavior\WriteHtmlCacheBehavior [ RunTime:0.002174s ]
INFO: [ view_filter ] --END-- [ RunTime:0.003075s ]
INFO: [ app_end ] --START--
INFO: Run Behavior\ShowPageTraceBehavior [ RunTime:0.003007s ]
INFO: [ app_end ] --END-- [ RunTime:0.003744s ]

[ 2018-06-15T09:37:29+08:00 ] ::1 /jiimadeeee/index.php/Admin/Furniture/furniture_quote/id/1.html
INFO: [ app_init ] --START--
INFO: Run Behavior\BuildLiteBehavior [ RunTime:0.000158s ]
INFO: [ app_init ] --END-- [ RunTime:0.002411s ]
INFO: [ app_begin ] --START--
INFO: Run Behavior\ReadHtmlCacheBehavior [ RunTime:0.002260s ]
INFO: [ app_begin ] --END-- [ RunTime:0.003056s ]
NOTIC: [8] A session had already been started - ignoring session_start() D:\wamp\wamp64\www\jiimadeeee\Application\Admin\Controller\BaseController.class.php 第 9 行.
SQL: SHOW COLUMNS FROM `made_privilege` [ RunTime:0.0052s ]
SQL: SHOW COLUMNS FROM `made_furniture` [ RunTime:0.0057s ]
SQL: SHOW COLUMNS FROM `made_model` [ RunTime:0.0042s ]
SQL: SHOW COLUMNS FROM `made_furniture_quote` [ RunTime:0.0056s ]
SQL: SELECT `id`,`model_name` FROM `made_model`  [ RunTime:0.0008s ]
SQL: SELECT `attribute` FROM `made_furniture` WHERE `id` = 1 LIMIT 1   [ RunTime:0.0008s ]
SQL: SELECT * FROM `made_furniture_quote` WHERE `fur_id` = '1'  [ RunTime:0.0010s ]
NOTIC: [8] Undefined variable: gnModel D:\wamp\wamp64\www\jiimadeeee\Application\Admin\Controller\FurnitureController.class.php 第 139 行.

[ 2018-06-15T09:40:00+08:00 ] ::1 /jiimadeeee/index.php/Admin/Quote/adminlst.html
INFO: [ app_init ] --START--
INFO: Run Behavior\BuildLiteBehavior [ RunTime:0.000149s ]
INFO: [ app_init ] --END-- [ RunTime:0.002468s ]
INFO: [ app_begin ] --START--
INFO: Run Behavior\ReadHtmlCacheBehavior [ RunTime:0.003044s ]
INFO: [ app_begin ] --END-- [ RunTime:0.003905s ]
NOTIC: [8] A session had already been started - ignoring session_start() D:\wamp\wamp64\www\jiimadeeee\Application\Admin\Controller\BaseController.class.php 第 9 行.
SQL: SHOW COLUMNS FROM `made_privilege` [ RunTime:0.0060s ]
SQL: SHOW COLUMNS FROM `made_quote` [ RunTime:0.0085s ]
SQL: SELECT COUNT(*) AS tp_count FROM `made_quote` WHERE `admin_id` <> '0' LIMIT 1   [ RunTime:0.0033s ]
SQL: SELECT a.* FROM made_quote a WHERE `admin_id` <> '0' LIMIT 0,20   [ RunTime:0.0014s ]
INFO: [ view_parse ] --START--
INFO: [ template_filter ] --START--
INFO: Run Behavior\ContentReplaceBehavior [ RunTime:0.000493s ]
INFO: [ template_filter ] --END-- [ RunTime:0.001121s ]
NOTIC: [8] Undefined variable: btn_url D:\wamp\wamp64\www\jiimadeeee\Application\Runtime\Cache\Admin\91214015f2e0bd4ca2c946f6d36f40c3.php 第 12 行.
NOTIC: [8] Undefined variable: btn_name D:\wamp\wamp64\www\jiimadeeee\Application\Runtime\Cache\Admin\91214015f2e0bd4ca2c946f6d36f40c3.php 第 12 行.
INFO: Run Behavior\ParseTemplateBehavior [ RunTime:0.045317s ]
INFO: [ view_parse ] --END-- [ RunTime:0.046093s ]
INFO: [ view_filter ] --START--
INFO: Run Behavior\WriteHtmlCacheBehavior [ RunTime:0.002156s ]
INFO: [ view_filter ] --END-- [ RunTime:0.002801s ]
INFO: [ app_end ] --START--
INFO: Run Behavior\ShowPageTraceBehavior [ RunTime:0.003070s ]
INFO: [ app_end ] --END-- [ RunTime:0.003812s ]

[ 2018-06-15T09:40:01+08:00 ] ::1 /jiimadeeee/index.php/Admin/Furniture/lst.html
INFO: [ app_init ] --START--
INFO: Run Behavior\BuildLiteBehavior [ RunTime:0.000173s ]
INFO: [ app_init ] --END-- [ RunTime:0.002842s ]
INFO: [ app_begin ] --START--
INFO: Run Behavior\ReadHtmlCacheBehavior [ RunTime:0.001432s ]
INFO: [ app_begin ] --END-- [ RunTime:0.002106s ]
NOTIC: [8] A session had already been started - ignoring session_start() D:\wamp\wamp64\www\jiimadeeee\Application\Admin\Controller\BaseController.class.php 第 9 行.
SQL: SHOW COLUMNS FROM `made_privilege` [ RunTime:0.0051s ]
SQL: SHOW COLUMNS FROM `made_furniture` [ RunTime:0.0055s ]
SQL: SELECT `id`,`fur_name` FROM `made_furniture` WHERE `cate_id` = '1' ORDER BY sort_id asc  [ RunTime:0.0012s ]
SQL: SELECT `id`,`fur_name` FROM `made_furniture` WHERE `cate_id` = '2' ORDER BY sort_id asc  [ RunTime:0.0011s ]
SQL: SELECT `id`,`fur_name` FROM `made_furniture` WHERE `cate_id` = '3' ORDER BY sort_id asc  [ RunTime:0.0010s ]
INFO: [ view_parse ] --START--
INFO: [ template_filter ] --START--
INFO: Run Behavior\ContentReplaceBehavior [ RunTime:0.000584s ]
INFO: [ template_filter ] --END-- [ RunTime:0.001484s ]
INFO: Run Behavior\ParseTemplateBehavior [ RunTime:0.055426s ]
INFO: [ view_parse ] --END-- [ RunTime:0.055847s ]
INFO: [ view_filter ] --START--
INFO: Run Behavior\WriteHtmlCacheBehavior [ RunTime:0.002077s ]
INFO: [ view_filter ] --END-- [ RunTime:0.002684s ]
INFO: [ app_end ] --START--
INFO: Run Behavior\ShowPageTraceBehavior [ RunTime:0.002918s ]
INFO: [ app_end ] --END-- [ RunTime:0.003815s ]

[ 2018-06-15T09:40:03+08:00 ] ::1 /jiimadeeee/index.php/Admin/Furniture/furniture_quote/id/1.html
INFO: [ app_init ] --START--
INFO: Run Behavior\BuildLiteBehavior [ RunTime:0.000041s ]
INFO: [ app_init ] --END-- [ RunTime:0.002059s ]
INFO: [ app_begin ] --START--
INFO: Run Behavior\ReadHtmlCacheBehavior [ RunTime:0.002300s ]
INFO: [ app_begin ] --END-- [ RunTime:0.003071s ]
NOTIC: [8] A session had already been started - ignoring session_start() D:\wamp\wamp64\www\jiimadeeee\Application\Admin\Controller\BaseController.class.php 第 9 行.
SQL: SHOW COLUMNS FROM `made_privilege` [ RunTime:0.0056s ]
SQL: SHOW COLUMNS FROM `made_furniture` [ RunTime:0.0063s ]
SQL: SHOW COLUMNS FROM `made_model` [ RunTime:0.0055s ]
SQL: SHOW COLUMNS FROM `made_furniture_quote` [ RunTime:0.0069s ]
SQL: SELECT `id`,`model_name` FROM `made_model`  [ RunTime:0.0008s ]
SQL: SELECT `attribute` FROM `made_furniture` WHERE `id` = 1 LIMIT 1   [ RunTime:0.0009s ]
SQL: SELECT * FROM `made_furniture_quote` WHERE `fur_id` = '1'  [ RunTime:0.0013s ]
INFO: [ view_parse ] --START--
INFO: [ template_filter ] --START--
INFO: Run Behavior\ContentReplaceBehavior [ RunTime:0.000685s ]
INFO: [ template_filter ] --END-- [ RunTime:0.001315s ]
INFO: Run Behavior\ParseTemplateBehavior [ RunTime:0.048954s ]
INFO: [ view_parse ] --END-- [ RunTime:0.049683s ]
INFO: [ view_filter ] --START--
INFO: Run Behavior\WriteHtmlCacheBehavior [ RunTime:0.002439s ]
INFO: [ view_filter ] --END-- [ RunTime:0.003254s ]
INFO: [ app_end ] --START--
INFO: Run Behavior\ShowPageTraceBehavior [ RunTime:0.001949s ]
INFO: [ app_end ] --END-- [ RunTime:0.002552s ]

[ 2018-06-15T09:40:11+08:00 ] ::1 /jiimadeeee/index.php/Admin/Furniture/furniture_quote/id/1.html
INFO: [ app_init ] --START--
INFO: Run Behavior\BuildLiteBehavior [ RunTime:0.000166s ]
INFO: [ app_init ] --END-- [ RunTime:0.002696s ]
INFO: [ app_begin ] --START--
INFO: Run Behavior\ReadHtmlCacheBehavior [ RunTime:0.002316s ]
INFO: [ app_begin ] --END-- [ RunTime:0.002814s ]
NOTIC: [8] A session had already been started - ignoring session_start() D:\wamp\wamp64\www\jiimadeeee\Application\Admin\Controller\BaseController.class.php 第 9 行.
SQL: SHOW COLUMNS FROM `made_privilege` [ RunTime:0.0057s ]
SQL: SHOW COLUMNS FROM `made_furniture` [ RunTime:0.0038s ]
SQL: SHOW COLUMNS FROM `made_model` [ RunTime:0.0055s ]
SQL: SHOW COLUMNS FROM `made_furniture_quote` [ RunTime:0.0058s ]
SQL: SELECT `id`,`model_name` FROM `made_model`  [ RunTime:0.0011s ]
SQL: SELECT `attribute` FROM `made_furniture` WHERE `id` = 1 LIMIT 1   [ RunTime:0.0013s ]
SQL: SELECT * FROM `made_furniture_quote` WHERE `fur_id` = '1'  [ RunTime:0.0016s ]
SQL: SELECT `img_src` FROM `made_furniture_quote` WHERE `id` = 10 LIMIT 1   [ RunTime:0.0007s ]
SQL: UPDATE `made_furniture_quote` SET `fur_id`='1',`model_id`='1',`fur_attr_id`='0,0',`img_src`='http://p5koaz6je.bkt.clouddn.com/jiimade/view/images/furnitureModel/2018/06/15/29476?' WHERE `id` = 10 [ RunTime:0.0067s ]
INFO: [ view_parse ] --START--
INFO: [ template_filter ] --START--
INFO: Run Behavior\ContentReplaceBehavior [ RunTime:0.000354s ]
INFO: [ template_filter ] --END-- [ RunTime:0.000965s ]
INFO: Run Behavior\ParseTemplateBehavior [ RunTime:0.033774s ]
INFO: [ view_parse ] --END-- [ RunTime:0.034669s ]
INFO: [ view_filter ] --START--
INFO: Run Behavior\WriteHtmlCacheBehavior [ RunTime:0.001984s ]
INFO: [ view_filter ] --END-- [ RunTime:0.002449s ]
INFO: [ view_parse ] --START--
INFO: [ template_filter ] --START--
INFO: Run Behavior\ContentReplaceBehavior [ RunTime:0.000649s ]
INFO: [ template_filter ] --END-- [ RunTime:-0.031137s ]
INFO: Run Behavior\ParseTemplateBehavior [ RunTime:0.034476s ]
INFO: [ view_parse ] --END-- [ RunTime:-0.004624s ]
INFO: [ view_filter ] --START--
INFO: Run Behavior\WriteHtmlCacheBehavior [ RunTime:0.000350s ]
INFO: [ view_filter ] --END-- [ RunTime:-0.037601s ]
INFO: [ app_end ] --START--
INFO: Run Behavior\ShowPageTraceBehavior [ RunTime:0.004173s ]
INFO: [ app_end ] --END-- [ RunTime:0.005499s ]

[ 2018-06-15T09:40:12+08:00 ] ::1 /jiimadeeee/index.php/Admin/Furniture/furniture_quote/id/1.html
INFO: [ app_init ] --START--
INFO: Run Behavior\BuildLiteBehavior [ RunTime:0.000181s ]
INFO: [ app_init ] --END-- [ RunTime:0.002768s ]
INFO: [ app_begin ] --START--
INFO: Run Behavior\ReadHtmlCacheBehavior [ RunTime:0.001587s ]
INFO: [ app_begin ] --END-- [ RunTime:0.002256s ]
NOTIC: [8] A session had already been started - ignoring session_start() D:\wamp\wamp64\www\jiimadeeee\Application\Admin\Controller\BaseController.class.php 第 9 行.
SQL: SHOW COLUMNS FROM `made_privilege` [ RunTime:0.0062s ]
SQL: SHOW COLUMNS FROM `made_furniture` [ RunTime:0.0056s ]
SQL: SHOW COLUMNS FROM `made_model` [ RunTime:0.0064s ]
SQL: SHOW COLUMNS FROM `made_furniture_quote` [ RunTime:0.0053s ]
SQL: SELECT `id`,`model_name` FROM `made_model`  [ RunTime:0.0007s ]
SQL: SELECT `attribute` FROM `made_furniture` WHERE `id` = 1 LIMIT 1   [ RunTime:0.0007s ]
SQL: SELECT * FROM `made_furniture_quote` WHERE `fur_id` = '1'  [ RunTime:0.0009s ]
INFO: [ view_parse ] --START--
INFO: [ template_filter ] --START--
INFO: Run Behavior\ContentReplaceBehavior [ RunTime:0.000691s ]
INFO: [ template_filter ] --END-- [ RunTime:0.001333s ]
INFO: Run Behavior\ParseTemplateBehavior [ RunTime:0.053736s ]
INFO: [ view_parse ] --END-- [ RunTime:0.054440s ]
INFO: [ view_filter ] --START--
INFO: Run Behavior\WriteHtmlCacheBehavior [ RunTime:0.001894s ]
INFO: [ view_filter ] --END-- [ RunTime:0.002569s ]
INFO: [ app_end ] --START--
INFO: Run Behavior\ShowPageTraceBehavior [ RunTime:0.003112s ]
INFO: [ app_end ] --END-- [ RunTime:0.003863s ]

